[2024-06-25T12:41:02.981+0000] {taskinstance.py:1103} INFO - Dependencies all met for dep_context=non-requeueable deps ti=<TaskInstance: challenge_dag.extract_task manual__2024-06-25T12:40:59.280607+00:00 [queued]>
[2024-06-25T12:41:02.986+0000] {taskinstance.py:1103} INFO - Dependencies all met for dep_context=requeueable deps ti=<TaskInstance: challenge_dag.extract_task manual__2024-06-25T12:40:59.280607+00:00 [queued]>
[2024-06-25T12:41:02.986+0000] {taskinstance.py:1308} INFO - Starting attempt 1 of 1
[2024-06-25T12:41:03.024+0000] {taskinstance.py:1327} INFO - Executing <Task(BashOperator): extract_task> on 2024-06-25 12:40:59.280607+00:00
[2024-06-25T12:41:03.029+0000] {standard_task_runner.py:57} INFO - Started process 46939 to run task
[2024-06-25T12:41:03.032+0000] {standard_task_runner.py:84} INFO - Running: ['airflow', 'tasks', 'run', 'challenge_dag', 'extract_task', 'manual__2024-06-25T12:40:59.280607+00:00', '--job-id', '20', '--raw', '--subdir', 'DAGS_FOLDER/challange_dag.py', '--cfg-path', '/tmp/tmpeyo56qr4']
[2024-06-25T12:41:03.033+0000] {standard_task_runner.py:85} INFO - Job 20: Subtask extract_task
[2024-06-25T12:41:03.093+0000] {task_command.py:410} INFO - Running <TaskInstance: challenge_dag.extract_task manual__2024-06-25T12:40:59.280607+00:00 [running]> on host codespaces-e400ad
[2024-06-25T12:41:03.187+0000] {taskinstance.py:1545} INFO - Exporting env vars: AIRFLOW_CTX_DAG_OWNER='airflow' AIRFLOW_CTX_DAG_ID='challenge_dag' AIRFLOW_CTX_TASK_ID='extract_task' AIRFLOW_CTX_EXECUTION_DATE='2024-06-25T12:40:59.280607+00:00' AIRFLOW_CTX_TRY_NUMBER='1' AIRFLOW_CTX_DAG_RUN_ID='manual__2024-06-25T12:40:59.280607+00:00'
[2024-06-25T12:41:03.189+0000] {subprocess.py:63} INFO - Tmp dir root location: /tmp
[2024-06-25T12:41:03.189+0000] {subprocess.py:75} INFO - Running command: ['/usr/bin/bash', '-c', 'wget -c https://raw.githubusercontent.com/LinkedInLearning/hands-on-introduction-data-engineering-4395021/main/data/constituents.csv -O /workspaces/hands-on-introduction-data-engineering-4395021/lab/challenge/challenge-extract-data.csv']
[2024-06-25T12:41:03.198+0000] {subprocess.py:86} INFO - Output:
[2024-06-25T12:41:03.201+0000] {subprocess.py:93} INFO - --2024-06-25 12:41:03--  https://raw.githubusercontent.com/LinkedInLearning/hands-on-introduction-data-engineering-4395021/main/data/constituents.csv
[2024-06-25T12:41:03.205+0000] {subprocess.py:93} INFO - Resolving raw.githubusercontent.com (raw.githubusercontent.com)... 185.199.110.133, 185.199.109.133, 185.199.111.133, ...
[2024-06-25T12:41:03.210+0000] {subprocess.py:93} INFO - Connecting to raw.githubusercontent.com (raw.githubusercontent.com)|185.199.110.133|:443... connected.
[2024-06-25T12:41:03.293+0000] {subprocess.py:93} INFO - HTTP request sent, awaiting response... 200 OK
[2024-06-25T12:41:03.295+0000] {subprocess.py:93} INFO - Length: 18676 (18K) [text/plain]
[2024-06-25T12:41:03.296+0000] {subprocess.py:93} INFO - Saving to: ‘/workspaces/hands-on-introduction-data-engineering-4395021/lab/challenge/challenge-extract-data.csv’
[2024-06-25T12:41:03.296+0000] {subprocess.py:93} INFO - 
[2024-06-25T12:41:03.296+0000] {subprocess.py:93} INFO -      0K .......... ........                                   100% 8.55M=0.002s
[2024-06-25T12:41:03.296+0000] {subprocess.py:93} INFO - 
[2024-06-25T12:41:03.296+0000] {subprocess.py:93} INFO - 2024-06-25 12:41:03 (8.55 MB/s) - ‘/workspaces/hands-on-introduction-data-engineering-4395021/lab/challenge/challenge-extract-data.csv’ saved [18676/18676]
[2024-06-25T12:41:03.296+0000] {subprocess.py:93} INFO - 
[2024-06-25T12:41:03.297+0000] {subprocess.py:97} INFO - Command exited with return code 0
[2024-06-25T12:41:03.333+0000] {taskinstance.py:1345} INFO - Marking task as SUCCESS. dag_id=challenge_dag, task_id=extract_task, execution_date=20240625T124059, start_date=20240625T124102, end_date=20240625T124103
[2024-06-25T12:41:03.407+0000] {local_task_job_runner.py:225} INFO - Task exited with return code 0
[2024-06-25T12:41:03.423+0000] {taskinstance.py:2653} INFO - 1 downstream tasks scheduled from follow-on schedule check
