[2024-06-25T12:16:41.487+0000] {processor.py:157} INFO - Started process (PID=36124) to work on /workspaces/hands-on-introduction-data-engineering-4395021/airflow/dags/load_dag.py
[2024-06-25T12:16:41.488+0000] {processor.py:826} INFO - Processing file /workspaces/hands-on-introduction-data-engineering-4395021/airflow/dags/load_dag.py for tasks to queue
[2024-06-25T12:16:41.488+0000] {logging_mixin.py:150} INFO - [2024-06-25T12:16:41.488+0000] {dagbag.py:541} INFO - Filling up the DagBag from /workspaces/hands-on-introduction-data-engineering-4395021/airflow/dags/load_dag.py
[2024-06-25T12:16:41.494+0000] {processor.py:836} INFO - DAG(s) dict_keys(['load_dag']) retrieved from /workspaces/hands-on-introduction-data-engineering-4395021/airflow/dags/load_dag.py
[2024-06-25T12:16:41.626+0000] {logging_mixin.py:150} INFO - [2024-06-25T12:16:41.626+0000] {manager.py:504} INFO - Created Permission View: can edit on DAG:load_dag
[2024-06-25T12:16:41.660+0000] {logging_mixin.py:150} INFO - [2024-06-25T12:16:41.660+0000] {manager.py:504} INFO - Created Permission View: can delete on DAG:load_dag
[2024-06-25T12:16:41.699+0000] {logging_mixin.py:150} INFO - [2024-06-25T12:16:41.699+0000] {manager.py:504} INFO - Created Permission View: can read on DAG:load_dag
[2024-06-25T12:16:41.710+0000] {logging_mixin.py:150} INFO - [2024-06-25T12:16:41.709+0000] {dag.py:2742} INFO - Sync 1 DAGs
[2024-06-25T12:16:41.717+0000] {logging_mixin.py:150} INFO - [2024-06-25T12:16:41.717+0000] {dag.py:2763} INFO - Creating ORM DAG for load_dag
[2024-06-25T12:16:41.724+0000] {logging_mixin.py:150} INFO - [2024-06-25T12:16:41.724+0000] {dag.py:3504} INFO - Setting next_dagrun for load_dag to None, run_after=None
[2024-06-25T12:16:41.763+0000] {processor.py:179} INFO - Processing /workspaces/hands-on-introduction-data-engineering-4395021/airflow/dags/load_dag.py took 0.278 seconds
[2024-06-25T12:17:18.610+0000] {processor.py:157} INFO - Started process (PID=36386) to work on /workspaces/hands-on-introduction-data-engineering-4395021/airflow/dags/load_dag.py
[2024-06-25T12:17:18.611+0000] {processor.py:826} INFO - Processing file /workspaces/hands-on-introduction-data-engineering-4395021/airflow/dags/load_dag.py for tasks to queue
[2024-06-25T12:17:18.611+0000] {logging_mixin.py:150} INFO - [2024-06-25T12:17:18.611+0000] {dagbag.py:541} INFO - Filling up the DagBag from /workspaces/hands-on-introduction-data-engineering-4395021/airflow/dags/load_dag.py
[2024-06-25T12:17:18.616+0000] {processor.py:836} INFO - DAG(s) dict_keys(['load_dag']) retrieved from /workspaces/hands-on-introduction-data-engineering-4395021/airflow/dags/load_dag.py
[2024-06-25T12:17:18.627+0000] {logging_mixin.py:150} INFO - [2024-06-25T12:17:18.627+0000] {dag.py:2742} INFO - Sync 1 DAGs
[2024-06-25T12:17:18.642+0000] {logging_mixin.py:150} INFO - [2024-06-25T12:17:18.642+0000] {dag.py:3504} INFO - Setting next_dagrun for load_dag to None, run_after=None
[2024-06-25T12:17:18.686+0000] {processor.py:179} INFO - Processing /workspaces/hands-on-introduction-data-engineering-4395021/airflow/dags/load_dag.py took 0.079 seconds
[2024-06-25T12:18:05.224+0000] {processor.py:157} INFO - Started process (PID=36738) to work on /workspaces/hands-on-introduction-data-engineering-4395021/airflow/dags/load_dag.py
[2024-06-25T12:18:05.225+0000] {processor.py:826} INFO - Processing file /workspaces/hands-on-introduction-data-engineering-4395021/airflow/dags/load_dag.py for tasks to queue
[2024-06-25T12:18:05.227+0000] {logging_mixin.py:150} INFO - [2024-06-25T12:18:05.226+0000] {dagbag.py:541} INFO - Filling up the DagBag from /workspaces/hands-on-introduction-data-engineering-4395021/airflow/dags/load_dag.py
[2024-06-25T12:18:05.232+0000] {processor.py:836} INFO - DAG(s) dict_keys(['load_dag']) retrieved from /workspaces/hands-on-introduction-data-engineering-4395021/airflow/dags/load_dag.py
[2024-06-25T12:18:05.243+0000] {logging_mixin.py:150} INFO - [2024-06-25T12:18:05.243+0000] {dag.py:2742} INFO - Sync 1 DAGs
[2024-06-25T12:18:05.258+0000] {logging_mixin.py:150} INFO - [2024-06-25T12:18:05.258+0000] {dag.py:3504} INFO - Setting next_dagrun for load_dag to None, run_after=None
[2024-06-25T12:18:05.297+0000] {processor.py:179} INFO - Processing /workspaces/hands-on-introduction-data-engineering-4395021/airflow/dags/load_dag.py took 0.075 seconds
[2024-06-25T12:18:45.951+0000] {processor.py:157} INFO - Started process (PID=37040) to work on /workspaces/hands-on-introduction-data-engineering-4395021/airflow/dags/load_dag.py
[2024-06-25T12:18:45.952+0000] {processor.py:826} INFO - Processing file /workspaces/hands-on-introduction-data-engineering-4395021/airflow/dags/load_dag.py for tasks to queue
[2024-06-25T12:18:45.953+0000] {logging_mixin.py:150} INFO - [2024-06-25T12:18:45.953+0000] {dagbag.py:541} INFO - Filling up the DagBag from /workspaces/hands-on-introduction-data-engineering-4395021/airflow/dags/load_dag.py
[2024-06-25T12:18:45.957+0000] {processor.py:836} INFO - DAG(s) dict_keys(['load_dag']) retrieved from /workspaces/hands-on-introduction-data-engineering-4395021/airflow/dags/load_dag.py
[2024-06-25T12:18:45.967+0000] {logging_mixin.py:150} INFO - [2024-06-25T12:18:45.967+0000] {dag.py:2742} INFO - Sync 1 DAGs
[2024-06-25T12:18:45.982+0000] {logging_mixin.py:150} INFO - [2024-06-25T12:18:45.982+0000] {dag.py:3504} INFO - Setting next_dagrun for load_dag to None, run_after=None
[2024-06-25T12:18:46.023+0000] {processor.py:179} INFO - Processing /workspaces/hands-on-introduction-data-engineering-4395021/airflow/dags/load_dag.py took 0.074 seconds
[2024-06-25T12:19:27.330+0000] {processor.py:157} INFO - Started process (PID=37359) to work on /workspaces/hands-on-introduction-data-engineering-4395021/airflow/dags/load_dag.py
[2024-06-25T12:19:27.331+0000] {processor.py:826} INFO - Processing file /workspaces/hands-on-introduction-data-engineering-4395021/airflow/dags/load_dag.py for tasks to queue
[2024-06-25T12:19:27.332+0000] {logging_mixin.py:150} INFO - [2024-06-25T12:19:27.332+0000] {dagbag.py:541} INFO - Filling up the DagBag from /workspaces/hands-on-introduction-data-engineering-4395021/airflow/dags/load_dag.py
[2024-06-25T12:19:27.337+0000] {processor.py:836} INFO - DAG(s) dict_keys(['load_dag']) retrieved from /workspaces/hands-on-introduction-data-engineering-4395021/airflow/dags/load_dag.py
[2024-06-25T12:19:27.347+0000] {logging_mixin.py:150} INFO - [2024-06-25T12:19:27.347+0000] {dag.py:2742} INFO - Sync 1 DAGs
[2024-06-25T12:19:27.363+0000] {logging_mixin.py:150} INFO - [2024-06-25T12:19:27.363+0000] {dag.py:3504} INFO - Setting next_dagrun for load_dag to None, run_after=None
[2024-06-25T12:19:27.405+0000] {processor.py:179} INFO - Processing /workspaces/hands-on-introduction-data-engineering-4395021/airflow/dags/load_dag.py took 0.077 seconds
[2024-06-25T12:20:08.500+0000] {processor.py:157} INFO - Started process (PID=37671) to work on /workspaces/hands-on-introduction-data-engineering-4395021/airflow/dags/load_dag.py
[2024-06-25T12:20:08.501+0000] {processor.py:826} INFO - Processing file /workspaces/hands-on-introduction-data-engineering-4395021/airflow/dags/load_dag.py for tasks to queue
[2024-06-25T12:20:08.502+0000] {logging_mixin.py:150} INFO - [2024-06-25T12:20:08.502+0000] {dagbag.py:541} INFO - Filling up the DagBag from /workspaces/hands-on-introduction-data-engineering-4395021/airflow/dags/load_dag.py
[2024-06-25T12:20:08.507+0000] {processor.py:836} INFO - DAG(s) dict_keys(['load_dag']) retrieved from /workspaces/hands-on-introduction-data-engineering-4395021/airflow/dags/load_dag.py
[2024-06-25T12:20:08.518+0000] {logging_mixin.py:150} INFO - [2024-06-25T12:20:08.518+0000] {dag.py:2742} INFO - Sync 1 DAGs
[2024-06-25T12:20:08.533+0000] {logging_mixin.py:150} INFO - [2024-06-25T12:20:08.533+0000] {dag.py:3504} INFO - Setting next_dagrun for load_dag to None, run_after=None
[2024-06-25T12:20:08.574+0000] {processor.py:179} INFO - Processing /workspaces/hands-on-introduction-data-engineering-4395021/airflow/dags/load_dag.py took 0.076 seconds
[2024-06-25T12:20:54.401+0000] {processor.py:157} INFO - Started process (PID=38021) to work on /workspaces/hands-on-introduction-data-engineering-4395021/airflow/dags/load_dag.py
[2024-06-25T12:20:54.402+0000] {processor.py:826} INFO - Processing file /workspaces/hands-on-introduction-data-engineering-4395021/airflow/dags/load_dag.py for tasks to queue
[2024-06-25T12:20:54.403+0000] {logging_mixin.py:150} INFO - [2024-06-25T12:20:54.402+0000] {dagbag.py:541} INFO - Filling up the DagBag from /workspaces/hands-on-introduction-data-engineering-4395021/airflow/dags/load_dag.py
[2024-06-25T12:20:54.407+0000] {processor.py:836} INFO - DAG(s) dict_keys(['load_dag']) retrieved from /workspaces/hands-on-introduction-data-engineering-4395021/airflow/dags/load_dag.py
[2024-06-25T12:20:54.417+0000] {logging_mixin.py:150} INFO - [2024-06-25T12:20:54.417+0000] {dag.py:2742} INFO - Sync 1 DAGs
[2024-06-25T12:20:54.433+0000] {logging_mixin.py:150} INFO - [2024-06-25T12:20:54.433+0000] {dag.py:3504} INFO - Setting next_dagrun for load_dag to None, run_after=None
[2024-06-25T12:20:54.478+0000] {processor.py:179} INFO - Processing /workspaces/hands-on-introduction-data-engineering-4395021/airflow/dags/load_dag.py took 0.079 seconds
[2024-06-25T12:21:37.733+0000] {processor.py:157} INFO - Started process (PID=38343) to work on /workspaces/hands-on-introduction-data-engineering-4395021/airflow/dags/load_dag.py
[2024-06-25T12:21:37.734+0000] {processor.py:826} INFO - Processing file /workspaces/hands-on-introduction-data-engineering-4395021/airflow/dags/load_dag.py for tasks to queue
[2024-06-25T12:21:37.735+0000] {logging_mixin.py:150} INFO - [2024-06-25T12:21:37.735+0000] {dagbag.py:541} INFO - Filling up the DagBag from /workspaces/hands-on-introduction-data-engineering-4395021/airflow/dags/load_dag.py
[2024-06-25T12:21:37.739+0000] {processor.py:836} INFO - DAG(s) dict_keys(['load_dag']) retrieved from /workspaces/hands-on-introduction-data-engineering-4395021/airflow/dags/load_dag.py
[2024-06-25T12:21:37.750+0000] {logging_mixin.py:150} INFO - [2024-06-25T12:21:37.750+0000] {dag.py:2742} INFO - Sync 1 DAGs
[2024-06-25T12:21:37.765+0000] {logging_mixin.py:150} INFO - [2024-06-25T12:21:37.765+0000] {dag.py:3504} INFO - Setting next_dagrun for load_dag to None, run_after=None
[2024-06-25T12:21:37.805+0000] {processor.py:179} INFO - Processing /workspaces/hands-on-introduction-data-engineering-4395021/airflow/dags/load_dag.py took 0.074 seconds
[2024-06-25T12:22:18.631+0000] {processor.py:157} INFO - Started process (PID=38654) to work on /workspaces/hands-on-introduction-data-engineering-4395021/airflow/dags/load_dag.py
[2024-06-25T12:22:18.632+0000] {processor.py:826} INFO - Processing file /workspaces/hands-on-introduction-data-engineering-4395021/airflow/dags/load_dag.py for tasks to queue
[2024-06-25T12:22:18.633+0000] {logging_mixin.py:150} INFO - [2024-06-25T12:22:18.633+0000] {dagbag.py:541} INFO - Filling up the DagBag from /workspaces/hands-on-introduction-data-engineering-4395021/airflow/dags/load_dag.py
[2024-06-25T12:22:18.638+0000] {processor.py:836} INFO - DAG(s) dict_keys(['load_dag']) retrieved from /workspaces/hands-on-introduction-data-engineering-4395021/airflow/dags/load_dag.py
[2024-06-25T12:22:18.648+0000] {logging_mixin.py:150} INFO - [2024-06-25T12:22:18.648+0000] {dag.py:2742} INFO - Sync 1 DAGs
[2024-06-25T12:22:18.663+0000] {logging_mixin.py:150} INFO - [2024-06-25T12:22:18.663+0000] {dag.py:3504} INFO - Setting next_dagrun for load_dag to None, run_after=None
[2024-06-25T12:22:18.702+0000] {processor.py:179} INFO - Processing /workspaces/hands-on-introduction-data-engineering-4395021/airflow/dags/load_dag.py took 0.073 seconds
[2024-06-25T12:23:03.450+0000] {processor.py:157} INFO - Started process (PID=38970) to work on /workspaces/hands-on-introduction-data-engineering-4395021/airflow/dags/load_dag.py
[2024-06-25T12:23:03.451+0000] {processor.py:826} INFO - Processing file /workspaces/hands-on-introduction-data-engineering-4395021/airflow/dags/load_dag.py for tasks to queue
[2024-06-25T12:23:03.452+0000] {logging_mixin.py:150} INFO - [2024-06-25T12:23:03.452+0000] {dagbag.py:541} INFO - Filling up the DagBag from /workspaces/hands-on-introduction-data-engineering-4395021/airflow/dags/load_dag.py
[2024-06-25T12:23:03.457+0000] {processor.py:836} INFO - DAG(s) dict_keys(['load_dag']) retrieved from /workspaces/hands-on-introduction-data-engineering-4395021/airflow/dags/load_dag.py
[2024-06-25T12:23:03.467+0000] {logging_mixin.py:150} INFO - [2024-06-25T12:23:03.467+0000] {dag.py:2742} INFO - Sync 1 DAGs
[2024-06-25T12:23:03.483+0000] {logging_mixin.py:150} INFO - [2024-06-25T12:23:03.482+0000] {dag.py:3504} INFO - Setting next_dagrun for load_dag to None, run_after=None
[2024-06-25T12:23:03.526+0000] {processor.py:179} INFO - Processing /workspaces/hands-on-introduction-data-engineering-4395021/airflow/dags/load_dag.py took 0.078 seconds
[2024-06-25T12:23:52.625+0000] {processor.py:157} INFO - Started process (PID=39342) to work on /workspaces/hands-on-introduction-data-engineering-4395021/airflow/dags/load_dag.py
[2024-06-25T12:23:52.626+0000] {processor.py:826} INFO - Processing file /workspaces/hands-on-introduction-data-engineering-4395021/airflow/dags/load_dag.py for tasks to queue
[2024-06-25T12:23:52.627+0000] {logging_mixin.py:150} INFO - [2024-06-25T12:23:52.626+0000] {dagbag.py:541} INFO - Filling up the DagBag from /workspaces/hands-on-introduction-data-engineering-4395021/airflow/dags/load_dag.py
[2024-06-25T12:23:52.631+0000] {processor.py:836} INFO - DAG(s) dict_keys(['load_dag']) retrieved from /workspaces/hands-on-introduction-data-engineering-4395021/airflow/dags/load_dag.py
[2024-06-25T12:23:52.642+0000] {logging_mixin.py:150} INFO - [2024-06-25T12:23:52.642+0000] {dag.py:2742} INFO - Sync 1 DAGs
[2024-06-25T12:23:52.657+0000] {logging_mixin.py:150} INFO - [2024-06-25T12:23:52.657+0000] {dag.py:3504} INFO - Setting next_dagrun for load_dag to None, run_after=None
[2024-06-25T12:23:52.695+0000] {processor.py:179} INFO - Processing /workspaces/hands-on-introduction-data-engineering-4395021/airflow/dags/load_dag.py took 0.073 seconds
[2024-06-25T12:24:40.324+0000] {processor.py:157} INFO - Started process (PID=39710) to work on /workspaces/hands-on-introduction-data-engineering-4395021/airflow/dags/load_dag.py
[2024-06-25T12:24:40.324+0000] {processor.py:826} INFO - Processing file /workspaces/hands-on-introduction-data-engineering-4395021/airflow/dags/load_dag.py for tasks to queue
[2024-06-25T12:24:40.325+0000] {logging_mixin.py:150} INFO - [2024-06-25T12:24:40.325+0000] {dagbag.py:541} INFO - Filling up the DagBag from /workspaces/hands-on-introduction-data-engineering-4395021/airflow/dags/load_dag.py
[2024-06-25T12:24:40.330+0000] {processor.py:836} INFO - DAG(s) dict_keys(['load_dag']) retrieved from /workspaces/hands-on-introduction-data-engineering-4395021/airflow/dags/load_dag.py
[2024-06-25T12:24:40.340+0000] {logging_mixin.py:150} INFO - [2024-06-25T12:24:40.340+0000] {dag.py:2742} INFO - Sync 1 DAGs
[2024-06-25T12:24:40.354+0000] {logging_mixin.py:150} INFO - [2024-06-25T12:24:40.354+0000] {dag.py:3504} INFO - Setting next_dagrun for load_dag to None, run_after=None
[2024-06-25T12:24:40.396+0000] {processor.py:179} INFO - Processing /workspaces/hands-on-introduction-data-engineering-4395021/airflow/dags/load_dag.py took 0.075 seconds
[2024-06-25T12:25:23.523+0000] {processor.py:157} INFO - Started process (PID=40029) to work on /workspaces/hands-on-introduction-data-engineering-4395021/airflow/dags/load_dag.py
[2024-06-25T12:25:23.524+0000] {processor.py:826} INFO - Processing file /workspaces/hands-on-introduction-data-engineering-4395021/airflow/dags/load_dag.py for tasks to queue
[2024-06-25T12:25:23.525+0000] {logging_mixin.py:150} INFO - [2024-06-25T12:25:23.525+0000] {dagbag.py:541} INFO - Filling up the DagBag from /workspaces/hands-on-introduction-data-engineering-4395021/airflow/dags/load_dag.py
[2024-06-25T12:25:23.529+0000] {processor.py:836} INFO - DAG(s) dict_keys(['load_dag']) retrieved from /workspaces/hands-on-introduction-data-engineering-4395021/airflow/dags/load_dag.py
[2024-06-25T12:25:23.540+0000] {logging_mixin.py:150} INFO - [2024-06-25T12:25:23.540+0000] {dag.py:2742} INFO - Sync 1 DAGs
[2024-06-25T12:25:23.555+0000] {logging_mixin.py:150} INFO - [2024-06-25T12:25:23.555+0000] {dag.py:3504} INFO - Setting next_dagrun for load_dag to None, run_after=None
[2024-06-25T12:25:23.599+0000] {processor.py:179} INFO - Processing /workspaces/hands-on-introduction-data-engineering-4395021/airflow/dags/load_dag.py took 0.078 seconds
[2024-06-25T12:26:06.244+0000] {processor.py:157} INFO - Started process (PID=40352) to work on /workspaces/hands-on-introduction-data-engineering-4395021/airflow/dags/load_dag.py
[2024-06-25T12:26:06.245+0000] {processor.py:826} INFO - Processing file /workspaces/hands-on-introduction-data-engineering-4395021/airflow/dags/load_dag.py for tasks to queue
[2024-06-25T12:26:06.245+0000] {logging_mixin.py:150} INFO - [2024-06-25T12:26:06.245+0000] {dagbag.py:541} INFO - Filling up the DagBag from /workspaces/hands-on-introduction-data-engineering-4395021/airflow/dags/load_dag.py
[2024-06-25T12:26:06.250+0000] {processor.py:836} INFO - DAG(s) dict_keys(['load_dag']) retrieved from /workspaces/hands-on-introduction-data-engineering-4395021/airflow/dags/load_dag.py
[2024-06-25T12:26:06.261+0000] {logging_mixin.py:150} INFO - [2024-06-25T12:26:06.260+0000] {dag.py:2742} INFO - Sync 1 DAGs
[2024-06-25T12:26:06.276+0000] {logging_mixin.py:150} INFO - [2024-06-25T12:26:06.276+0000] {dag.py:3504} INFO - Setting next_dagrun for load_dag to None, run_after=None
[2024-06-25T12:26:06.318+0000] {processor.py:179} INFO - Processing /workspaces/hands-on-introduction-data-engineering-4395021/airflow/dags/load_dag.py took 0.077 seconds
[2024-06-25T12:26:50.008+0000] {processor.py:157} INFO - Started process (PID=40678) to work on /workspaces/hands-on-introduction-data-engineering-4395021/airflow/dags/load_dag.py
[2024-06-25T12:26:50.009+0000] {processor.py:826} INFO - Processing file /workspaces/hands-on-introduction-data-engineering-4395021/airflow/dags/load_dag.py for tasks to queue
[2024-06-25T12:26:50.010+0000] {logging_mixin.py:150} INFO - [2024-06-25T12:26:50.009+0000] {dagbag.py:541} INFO - Filling up the DagBag from /workspaces/hands-on-introduction-data-engineering-4395021/airflow/dags/load_dag.py
[2024-06-25T12:26:50.014+0000] {processor.py:836} INFO - DAG(s) dict_keys(['load_dag']) retrieved from /workspaces/hands-on-introduction-data-engineering-4395021/airflow/dags/load_dag.py
[2024-06-25T12:26:50.024+0000] {logging_mixin.py:150} INFO - [2024-06-25T12:26:50.024+0000] {dag.py:2742} INFO - Sync 1 DAGs
[2024-06-25T12:26:50.039+0000] {logging_mixin.py:150} INFO - [2024-06-25T12:26:50.039+0000] {dag.py:3504} INFO - Setting next_dagrun for load_dag to None, run_after=None
[2024-06-25T12:26:50.086+0000] {processor.py:179} INFO - Processing /workspaces/hands-on-introduction-data-engineering-4395021/airflow/dags/load_dag.py took 0.080 seconds
[2024-06-25T12:27:48.351+0000] {processor.py:157} INFO - Started process (PID=41078) to work on /workspaces/hands-on-introduction-data-engineering-4395021/airflow/dags/load_dag.py
[2024-06-25T12:27:48.352+0000] {processor.py:826} INFO - Processing file /workspaces/hands-on-introduction-data-engineering-4395021/airflow/dags/load_dag.py for tasks to queue
[2024-06-25T12:27:48.353+0000] {logging_mixin.py:150} INFO - [2024-06-25T12:27:48.352+0000] {dagbag.py:541} INFO - Filling up the DagBag from /workspaces/hands-on-introduction-data-engineering-4395021/airflow/dags/load_dag.py
[2024-06-25T12:27:48.357+0000] {processor.py:836} INFO - DAG(s) dict_keys(['load_dag']) retrieved from /workspaces/hands-on-introduction-data-engineering-4395021/airflow/dags/load_dag.py
[2024-06-25T12:27:48.368+0000] {logging_mixin.py:150} INFO - [2024-06-25T12:27:48.368+0000] {dag.py:2742} INFO - Sync 1 DAGs
[2024-06-25T12:27:48.383+0000] {logging_mixin.py:150} INFO - [2024-06-25T12:27:48.382+0000] {dag.py:3504} INFO - Setting next_dagrun for load_dag to None, run_after=None
[2024-06-25T12:27:48.430+0000] {processor.py:179} INFO - Processing /workspaces/hands-on-introduction-data-engineering-4395021/airflow/dags/load_dag.py took 0.081 seconds
[2024-06-25T12:28:41.161+0000] {processor.py:157} INFO - Started process (PID=41484) to work on /workspaces/hands-on-introduction-data-engineering-4395021/airflow/dags/load_dag.py
[2024-06-25T12:28:41.161+0000] {processor.py:826} INFO - Processing file /workspaces/hands-on-introduction-data-engineering-4395021/airflow/dags/load_dag.py for tasks to queue
[2024-06-25T12:28:41.162+0000] {logging_mixin.py:150} INFO - [2024-06-25T12:28:41.162+0000] {dagbag.py:541} INFO - Filling up the DagBag from /workspaces/hands-on-introduction-data-engineering-4395021/airflow/dags/load_dag.py
[2024-06-25T12:28:41.167+0000] {processor.py:836} INFO - DAG(s) dict_keys(['load_dag']) retrieved from /workspaces/hands-on-introduction-data-engineering-4395021/airflow/dags/load_dag.py
[2024-06-25T12:28:41.177+0000] {logging_mixin.py:150} INFO - [2024-06-25T12:28:41.177+0000] {dag.py:2742} INFO - Sync 1 DAGs
[2024-06-25T12:28:41.193+0000] {logging_mixin.py:150} INFO - [2024-06-25T12:28:41.193+0000] {dag.py:3504} INFO - Setting next_dagrun for load_dag to None, run_after=None
[2024-06-25T12:28:41.231+0000] {processor.py:179} INFO - Processing /workspaces/hands-on-introduction-data-engineering-4395021/airflow/dags/load_dag.py took 0.072 seconds
[2024-06-25T12:29:27.750+0000] {processor.py:157} INFO - Started process (PID=41840) to work on /workspaces/hands-on-introduction-data-engineering-4395021/airflow/dags/load_dag.py
[2024-06-25T12:29:27.751+0000] {processor.py:826} INFO - Processing file /workspaces/hands-on-introduction-data-engineering-4395021/airflow/dags/load_dag.py for tasks to queue
[2024-06-25T12:29:27.752+0000] {logging_mixin.py:150} INFO - [2024-06-25T12:29:27.751+0000] {dagbag.py:541} INFO - Filling up the DagBag from /workspaces/hands-on-introduction-data-engineering-4395021/airflow/dags/load_dag.py
[2024-06-25T12:29:27.756+0000] {processor.py:836} INFO - DAG(s) dict_keys(['load_dag']) retrieved from /workspaces/hands-on-introduction-data-engineering-4395021/airflow/dags/load_dag.py
[2024-06-25T12:29:27.766+0000] {logging_mixin.py:150} INFO - [2024-06-25T12:29:27.766+0000] {dag.py:2742} INFO - Sync 1 DAGs
[2024-06-25T12:29:27.781+0000] {logging_mixin.py:150} INFO - [2024-06-25T12:29:27.781+0000] {dag.py:3504} INFO - Setting next_dagrun for load_dag to None, run_after=None
[2024-06-25T12:29:27.821+0000] {processor.py:179} INFO - Processing /workspaces/hands-on-introduction-data-engineering-4395021/airflow/dags/load_dag.py took 0.074 seconds
[2024-06-25T12:30:12.024+0000] {processor.py:157} INFO - Started process (PID=42166) to work on /workspaces/hands-on-introduction-data-engineering-4395021/airflow/dags/load_dag.py
[2024-06-25T12:30:12.025+0000] {processor.py:826} INFO - Processing file /workspaces/hands-on-introduction-data-engineering-4395021/airflow/dags/load_dag.py for tasks to queue
[2024-06-25T12:30:12.025+0000] {logging_mixin.py:150} INFO - [2024-06-25T12:30:12.025+0000] {dagbag.py:541} INFO - Filling up the DagBag from /workspaces/hands-on-introduction-data-engineering-4395021/airflow/dags/load_dag.py
[2024-06-25T12:30:12.030+0000] {processor.py:836} INFO - DAG(s) dict_keys(['load_dag']) retrieved from /workspaces/hands-on-introduction-data-engineering-4395021/airflow/dags/load_dag.py
[2024-06-25T12:30:12.040+0000] {logging_mixin.py:150} INFO - [2024-06-25T12:30:12.040+0000] {dag.py:2742} INFO - Sync 1 DAGs
[2024-06-25T12:30:12.055+0000] {logging_mixin.py:150} INFO - [2024-06-25T12:30:12.055+0000] {dag.py:3504} INFO - Setting next_dagrun for load_dag to None, run_after=None
[2024-06-25T12:30:12.093+0000] {processor.py:179} INFO - Processing /workspaces/hands-on-introduction-data-engineering-4395021/airflow/dags/load_dag.py took 0.071 seconds
[2024-06-25T12:30:58.777+0000] {processor.py:157} INFO - Started process (PID=42502) to work on /workspaces/hands-on-introduction-data-engineering-4395021/airflow/dags/load_dag.py
[2024-06-25T12:30:58.778+0000] {processor.py:826} INFO - Processing file /workspaces/hands-on-introduction-data-engineering-4395021/airflow/dags/load_dag.py for tasks to queue
[2024-06-25T12:30:58.779+0000] {logging_mixin.py:150} INFO - [2024-06-25T12:30:58.779+0000] {dagbag.py:541} INFO - Filling up the DagBag from /workspaces/hands-on-introduction-data-engineering-4395021/airflow/dags/load_dag.py
[2024-06-25T12:30:58.784+0000] {processor.py:836} INFO - DAG(s) dict_keys(['load_dag']) retrieved from /workspaces/hands-on-introduction-data-engineering-4395021/airflow/dags/load_dag.py
[2024-06-25T12:30:58.794+0000] {logging_mixin.py:150} INFO - [2024-06-25T12:30:58.794+0000] {dag.py:2742} INFO - Sync 1 DAGs
[2024-06-25T12:30:58.809+0000] {logging_mixin.py:150} INFO - [2024-06-25T12:30:58.809+0000] {dag.py:3504} INFO - Setting next_dagrun for load_dag to None, run_after=None
[2024-06-25T12:30:58.852+0000] {processor.py:179} INFO - Processing /workspaces/hands-on-introduction-data-engineering-4395021/airflow/dags/load_dag.py took 0.077 seconds
[2024-06-25T12:31:43.079+0000] {processor.py:157} INFO - Started process (PID=42811) to work on /workspaces/hands-on-introduction-data-engineering-4395021/airflow/dags/load_dag.py
[2024-06-25T12:31:43.080+0000] {processor.py:826} INFO - Processing file /workspaces/hands-on-introduction-data-engineering-4395021/airflow/dags/load_dag.py for tasks to queue
[2024-06-25T12:31:43.081+0000] {logging_mixin.py:150} INFO - [2024-06-25T12:31:43.081+0000] {dagbag.py:541} INFO - Filling up the DagBag from /workspaces/hands-on-introduction-data-engineering-4395021/airflow/dags/load_dag.py
[2024-06-25T12:31:43.086+0000] {processor.py:836} INFO - DAG(s) dict_keys(['load_dag']) retrieved from /workspaces/hands-on-introduction-data-engineering-4395021/airflow/dags/load_dag.py
[2024-06-25T12:31:43.096+0000] {logging_mixin.py:150} INFO - [2024-06-25T12:31:43.096+0000] {dag.py:2742} INFO - Sync 1 DAGs
[2024-06-25T12:31:43.112+0000] {logging_mixin.py:150} INFO - [2024-06-25T12:31:43.112+0000] {dag.py:3504} INFO - Setting next_dagrun for load_dag to None, run_after=None
[2024-06-25T12:31:43.154+0000] {processor.py:179} INFO - Processing /workspaces/hands-on-introduction-data-engineering-4395021/airflow/dags/load_dag.py took 0.077 seconds
[2024-06-25T12:32:24.691+0000] {processor.py:157} INFO - Started process (PID=43130) to work on /workspaces/hands-on-introduction-data-engineering-4395021/airflow/dags/load_dag.py
[2024-06-25T12:32:24.691+0000] {processor.py:826} INFO - Processing file /workspaces/hands-on-introduction-data-engineering-4395021/airflow/dags/load_dag.py for tasks to queue
[2024-06-25T12:32:24.692+0000] {logging_mixin.py:150} INFO - [2024-06-25T12:32:24.692+0000] {dagbag.py:541} INFO - Filling up the DagBag from /workspaces/hands-on-introduction-data-engineering-4395021/airflow/dags/load_dag.py
[2024-06-25T12:32:24.697+0000] {processor.py:836} INFO - DAG(s) dict_keys(['load_dag']) retrieved from /workspaces/hands-on-introduction-data-engineering-4395021/airflow/dags/load_dag.py
[2024-06-25T12:32:24.707+0000] {logging_mixin.py:150} INFO - [2024-06-25T12:32:24.707+0000] {dag.py:2742} INFO - Sync 1 DAGs
[2024-06-25T12:32:24.723+0000] {logging_mixin.py:150} INFO - [2024-06-25T12:32:24.723+0000] {dag.py:3504} INFO - Setting next_dagrun for load_dag to None, run_after=None
[2024-06-25T12:32:24.768+0000] {processor.py:179} INFO - Processing /workspaces/hands-on-introduction-data-engineering-4395021/airflow/dags/load_dag.py took 0.080 seconds
[2024-06-25T12:33:10.217+0000] {processor.py:157} INFO - Started process (PID=43489) to work on /workspaces/hands-on-introduction-data-engineering-4395021/airflow/dags/load_dag.py
[2024-06-25T12:33:10.218+0000] {processor.py:826} INFO - Processing file /workspaces/hands-on-introduction-data-engineering-4395021/airflow/dags/load_dag.py for tasks to queue
[2024-06-25T12:33:10.219+0000] {logging_mixin.py:150} INFO - [2024-06-25T12:33:10.218+0000] {dagbag.py:541} INFO - Filling up the DagBag from /workspaces/hands-on-introduction-data-engineering-4395021/airflow/dags/load_dag.py
[2024-06-25T12:33:10.223+0000] {processor.py:836} INFO - DAG(s) dict_keys(['load_dag']) retrieved from /workspaces/hands-on-introduction-data-engineering-4395021/airflow/dags/load_dag.py
[2024-06-25T12:33:10.234+0000] {logging_mixin.py:150} INFO - [2024-06-25T12:33:10.234+0000] {dag.py:2742} INFO - Sync 1 DAGs
[2024-06-25T12:33:10.249+0000] {logging_mixin.py:150} INFO - [2024-06-25T12:33:10.249+0000] {dag.py:3504} INFO - Setting next_dagrun for load_dag to None, run_after=None
[2024-06-25T12:33:10.289+0000] {processor.py:179} INFO - Processing /workspaces/hands-on-introduction-data-engineering-4395021/airflow/dags/load_dag.py took 0.075 seconds
[2024-06-25T12:33:52.984+0000] {processor.py:157} INFO - Started process (PID=43812) to work on /workspaces/hands-on-introduction-data-engineering-4395021/airflow/dags/load_dag.py
[2024-06-25T12:33:52.985+0000] {processor.py:826} INFO - Processing file /workspaces/hands-on-introduction-data-engineering-4395021/airflow/dags/load_dag.py for tasks to queue
[2024-06-25T12:33:52.986+0000] {logging_mixin.py:150} INFO - [2024-06-25T12:33:52.985+0000] {dagbag.py:541} INFO - Filling up the DagBag from /workspaces/hands-on-introduction-data-engineering-4395021/airflow/dags/load_dag.py
[2024-06-25T12:33:52.990+0000] {processor.py:836} INFO - DAG(s) dict_keys(['load_dag']) retrieved from /workspaces/hands-on-introduction-data-engineering-4395021/airflow/dags/load_dag.py
[2024-06-25T12:33:53.001+0000] {logging_mixin.py:150} INFO - [2024-06-25T12:33:53.000+0000] {dag.py:2742} INFO - Sync 1 DAGs
[2024-06-25T12:33:53.016+0000] {logging_mixin.py:150} INFO - [2024-06-25T12:33:53.016+0000] {dag.py:3504} INFO - Setting next_dagrun for load_dag to None, run_after=None
[2024-06-25T12:33:53.068+0000] {processor.py:179} INFO - Processing /workspaces/hands-on-introduction-data-engineering-4395021/airflow/dags/load_dag.py took 0.087 seconds
[2024-06-25T12:34:33.359+0000] {processor.py:157} INFO - Started process (PID=44093) to work on /workspaces/hands-on-introduction-data-engineering-4395021/airflow/dags/load_dag.py
[2024-06-25T12:34:33.360+0000] {processor.py:826} INFO - Processing file /workspaces/hands-on-introduction-data-engineering-4395021/airflow/dags/load_dag.py for tasks to queue
[2024-06-25T12:34:33.361+0000] {logging_mixin.py:150} INFO - [2024-06-25T12:34:33.361+0000] {dagbag.py:541} INFO - Filling up the DagBag from /workspaces/hands-on-introduction-data-engineering-4395021/airflow/dags/load_dag.py
[2024-06-25T12:34:33.366+0000] {processor.py:836} INFO - DAG(s) dict_keys(['load_dag']) retrieved from /workspaces/hands-on-introduction-data-engineering-4395021/airflow/dags/load_dag.py
[2024-06-25T12:34:33.376+0000] {logging_mixin.py:150} INFO - [2024-06-25T12:34:33.376+0000] {dag.py:2742} INFO - Sync 1 DAGs
[2024-06-25T12:34:33.392+0000] {logging_mixin.py:150} INFO - [2024-06-25T12:34:33.392+0000] {dag.py:3504} INFO - Setting next_dagrun for load_dag to None, run_after=None
[2024-06-25T12:34:33.449+0000] {processor.py:179} INFO - Processing /workspaces/hands-on-introduction-data-engineering-4395021/airflow/dags/load_dag.py took 0.092 seconds
[2024-06-25T12:35:16.377+0000] {processor.py:157} INFO - Started process (PID=44400) to work on /workspaces/hands-on-introduction-data-engineering-4395021/airflow/dags/load_dag.py
[2024-06-25T12:35:16.378+0000] {processor.py:826} INFO - Processing file /workspaces/hands-on-introduction-data-engineering-4395021/airflow/dags/load_dag.py for tasks to queue
[2024-06-25T12:35:16.379+0000] {logging_mixin.py:150} INFO - [2024-06-25T12:35:16.378+0000] {dagbag.py:541} INFO - Filling up the DagBag from /workspaces/hands-on-introduction-data-engineering-4395021/airflow/dags/load_dag.py
[2024-06-25T12:35:16.383+0000] {processor.py:836} INFO - DAG(s) dict_keys(['load_dag']) retrieved from /workspaces/hands-on-introduction-data-engineering-4395021/airflow/dags/load_dag.py
[2024-06-25T12:35:16.394+0000] {logging_mixin.py:150} INFO - [2024-06-25T12:35:16.394+0000] {dag.py:2742} INFO - Sync 1 DAGs
[2024-06-25T12:35:16.410+0000] {logging_mixin.py:150} INFO - [2024-06-25T12:35:16.409+0000] {dag.py:3504} INFO - Setting next_dagrun for load_dag to None, run_after=None
[2024-06-25T12:35:16.462+0000] {processor.py:179} INFO - Processing /workspaces/hands-on-introduction-data-engineering-4395021/airflow/dags/load_dag.py took 0.088 seconds
[2024-06-25T12:36:03.922+0000] {processor.py:157} INFO - Started process (PID=44763) to work on /workspaces/hands-on-introduction-data-engineering-4395021/airflow/dags/load_dag.py
[2024-06-25T12:36:03.923+0000] {processor.py:826} INFO - Processing file /workspaces/hands-on-introduction-data-engineering-4395021/airflow/dags/load_dag.py for tasks to queue
[2024-06-25T12:36:03.924+0000] {logging_mixin.py:150} INFO - [2024-06-25T12:36:03.923+0000] {dagbag.py:541} INFO - Filling up the DagBag from /workspaces/hands-on-introduction-data-engineering-4395021/airflow/dags/load_dag.py
[2024-06-25T12:36:03.928+0000] {processor.py:836} INFO - DAG(s) dict_keys(['load_dag']) retrieved from /workspaces/hands-on-introduction-data-engineering-4395021/airflow/dags/load_dag.py
[2024-06-25T12:36:03.938+0000] {logging_mixin.py:150} INFO - [2024-06-25T12:36:03.938+0000] {dag.py:2742} INFO - Sync 1 DAGs
[2024-06-25T12:36:03.953+0000] {logging_mixin.py:150} INFO - [2024-06-25T12:36:03.953+0000] {dag.py:3504} INFO - Setting next_dagrun for load_dag to None, run_after=None
[2024-06-25T12:36:03.996+0000] {processor.py:179} INFO - Processing /workspaces/hands-on-introduction-data-engineering-4395021/airflow/dags/load_dag.py took 0.077 seconds
[2024-06-25T12:36:54.336+0000] {processor.py:157} INFO - Started process (PID=45135) to work on /workspaces/hands-on-introduction-data-engineering-4395021/airflow/dags/load_dag.py
[2024-06-25T12:36:54.337+0000] {processor.py:826} INFO - Processing file /workspaces/hands-on-introduction-data-engineering-4395021/airflow/dags/load_dag.py for tasks to queue
[2024-06-25T12:36:54.337+0000] {logging_mixin.py:150} INFO - [2024-06-25T12:36:54.337+0000] {dagbag.py:541} INFO - Filling up the DagBag from /workspaces/hands-on-introduction-data-engineering-4395021/airflow/dags/load_dag.py
[2024-06-25T12:36:54.342+0000] {processor.py:836} INFO - DAG(s) dict_keys(['load_dag']) retrieved from /workspaces/hands-on-introduction-data-engineering-4395021/airflow/dags/load_dag.py
[2024-06-25T12:36:54.352+0000] {logging_mixin.py:150} INFO - [2024-06-25T12:36:54.352+0000] {dag.py:2742} INFO - Sync 1 DAGs
[2024-06-25T12:36:54.367+0000] {logging_mixin.py:150} INFO - [2024-06-25T12:36:54.367+0000] {dag.py:3504} INFO - Setting next_dagrun for load_dag to None, run_after=None
[2024-06-25T12:36:54.404+0000] {processor.py:179} INFO - Processing /workspaces/hands-on-introduction-data-engineering-4395021/airflow/dags/load_dag.py took 0.071 seconds
[2024-06-25T12:37:52.622+0000] {processor.py:157} INFO - Started process (PID=45542) to work on /workspaces/hands-on-introduction-data-engineering-4395021/airflow/dags/load_dag.py
[2024-06-25T12:37:52.623+0000] {processor.py:826} INFO - Processing file /workspaces/hands-on-introduction-data-engineering-4395021/airflow/dags/load_dag.py for tasks to queue
[2024-06-25T12:37:52.624+0000] {logging_mixin.py:150} INFO - [2024-06-25T12:37:52.624+0000] {dagbag.py:541} INFO - Filling up the DagBag from /workspaces/hands-on-introduction-data-engineering-4395021/airflow/dags/load_dag.py
[2024-06-25T12:37:52.630+0000] {processor.py:836} INFO - DAG(s) dict_keys(['load_dag']) retrieved from /workspaces/hands-on-introduction-data-engineering-4395021/airflow/dags/load_dag.py
[2024-06-25T12:37:52.640+0000] {logging_mixin.py:150} INFO - [2024-06-25T12:37:52.640+0000] {dag.py:2742} INFO - Sync 1 DAGs
[2024-06-25T12:37:52.656+0000] {logging_mixin.py:150} INFO - [2024-06-25T12:37:52.655+0000] {dag.py:3504} INFO - Setting next_dagrun for load_dag to None, run_after=None
[2024-06-25T12:37:52.694+0000] {processor.py:179} INFO - Processing /workspaces/hands-on-introduction-data-engineering-4395021/airflow/dags/load_dag.py took 0.074 seconds
[2024-06-25T12:38:43.207+0000] {processor.py:157} INFO - Started process (PID=45911) to work on /workspaces/hands-on-introduction-data-engineering-4395021/airflow/dags/load_dag.py
[2024-06-25T12:38:43.207+0000] {processor.py:826} INFO - Processing file /workspaces/hands-on-introduction-data-engineering-4395021/airflow/dags/load_dag.py for tasks to queue
[2024-06-25T12:38:43.208+0000] {logging_mixin.py:150} INFO - [2024-06-25T12:38:43.208+0000] {dagbag.py:541} INFO - Filling up the DagBag from /workspaces/hands-on-introduction-data-engineering-4395021/airflow/dags/load_dag.py
[2024-06-25T12:38:43.213+0000] {processor.py:836} INFO - DAG(s) dict_keys(['load_dag']) retrieved from /workspaces/hands-on-introduction-data-engineering-4395021/airflow/dags/load_dag.py
[2024-06-25T12:38:43.223+0000] {logging_mixin.py:150} INFO - [2024-06-25T12:38:43.223+0000] {dag.py:2742} INFO - Sync 1 DAGs
[2024-06-25T12:38:43.238+0000] {logging_mixin.py:150} INFO - [2024-06-25T12:38:43.238+0000] {dag.py:3504} INFO - Setting next_dagrun for load_dag to None, run_after=None
[2024-06-25T12:38:43.276+0000] {processor.py:179} INFO - Processing /workspaces/hands-on-introduction-data-engineering-4395021/airflow/dags/load_dag.py took 0.071 seconds
[2024-06-25T12:39:31.552+0000] {processor.py:157} INFO - Started process (PID=46263) to work on /workspaces/hands-on-introduction-data-engineering-4395021/airflow/dags/load_dag.py
[2024-06-25T12:39:31.552+0000] {processor.py:826} INFO - Processing file /workspaces/hands-on-introduction-data-engineering-4395021/airflow/dags/load_dag.py for tasks to queue
[2024-06-25T12:39:31.553+0000] {logging_mixin.py:150} INFO - [2024-06-25T12:39:31.553+0000] {dagbag.py:541} INFO - Filling up the DagBag from /workspaces/hands-on-introduction-data-engineering-4395021/airflow/dags/load_dag.py
[2024-06-25T12:39:31.558+0000] {processor.py:836} INFO - DAG(s) dict_keys(['load_dag']) retrieved from /workspaces/hands-on-introduction-data-engineering-4395021/airflow/dags/load_dag.py
[2024-06-25T12:39:31.569+0000] {logging_mixin.py:150} INFO - [2024-06-25T12:39:31.568+0000] {dag.py:2742} INFO - Sync 1 DAGs
[2024-06-25T12:39:31.584+0000] {logging_mixin.py:150} INFO - [2024-06-25T12:39:31.583+0000] {dag.py:3504} INFO - Setting next_dagrun for load_dag to None, run_after=None
[2024-06-25T12:39:31.621+0000] {processor.py:179} INFO - Processing /workspaces/hands-on-introduction-data-engineering-4395021/airflow/dags/load_dag.py took 0.072 seconds
[2024-06-25T12:40:20.159+0000] {processor.py:157} INFO - Started process (PID=46628) to work on /workspaces/hands-on-introduction-data-engineering-4395021/airflow/dags/load_dag.py
[2024-06-25T12:40:20.160+0000] {processor.py:826} INFO - Processing file /workspaces/hands-on-introduction-data-engineering-4395021/airflow/dags/load_dag.py for tasks to queue
[2024-06-25T12:40:20.161+0000] {logging_mixin.py:150} INFO - [2024-06-25T12:40:20.161+0000] {dagbag.py:541} INFO - Filling up the DagBag from /workspaces/hands-on-introduction-data-engineering-4395021/airflow/dags/load_dag.py
[2024-06-25T12:40:20.165+0000] {processor.py:836} INFO - DAG(s) dict_keys(['load_dag']) retrieved from /workspaces/hands-on-introduction-data-engineering-4395021/airflow/dags/load_dag.py
[2024-06-25T12:40:20.177+0000] {logging_mixin.py:150} INFO - [2024-06-25T12:40:20.177+0000] {dag.py:2742} INFO - Sync 1 DAGs
[2024-06-25T12:40:20.193+0000] {logging_mixin.py:150} INFO - [2024-06-25T12:40:20.193+0000] {dag.py:3504} INFO - Setting next_dagrun for load_dag to None, run_after=None
[2024-06-25T12:40:20.233+0000] {processor.py:179} INFO - Processing /workspaces/hands-on-introduction-data-engineering-4395021/airflow/dags/load_dag.py took 0.075 seconds
[2024-06-25T12:41:19.478+0000] {processor.py:157} INFO - Started process (PID=47063) to work on /workspaces/hands-on-introduction-data-engineering-4395021/airflow/dags/load_dag.py
[2024-06-25T12:41:19.479+0000] {processor.py:826} INFO - Processing file /workspaces/hands-on-introduction-data-engineering-4395021/airflow/dags/load_dag.py for tasks to queue
[2024-06-25T12:41:19.479+0000] {logging_mixin.py:150} INFO - [2024-06-25T12:41:19.479+0000] {dagbag.py:541} INFO - Filling up the DagBag from /workspaces/hands-on-introduction-data-engineering-4395021/airflow/dags/load_dag.py
[2024-06-25T12:41:19.484+0000] {processor.py:836} INFO - DAG(s) dict_keys(['load_dag']) retrieved from /workspaces/hands-on-introduction-data-engineering-4395021/airflow/dags/load_dag.py
[2024-06-25T12:41:19.495+0000] {logging_mixin.py:150} INFO - [2024-06-25T12:41:19.495+0000] {dag.py:2742} INFO - Sync 1 DAGs
[2024-06-25T12:41:19.510+0000] {logging_mixin.py:150} INFO - [2024-06-25T12:41:19.510+0000] {dag.py:3504} INFO - Setting next_dagrun for load_dag to None, run_after=None
[2024-06-25T12:41:19.552+0000] {processor.py:179} INFO - Processing /workspaces/hands-on-introduction-data-engineering-4395021/airflow/dags/load_dag.py took 0.077 seconds
[2024-06-25T12:42:10.102+0000] {processor.py:157} INFO - Started process (PID=47444) to work on /workspaces/hands-on-introduction-data-engineering-4395021/airflow/dags/load_dag.py
[2024-06-25T12:42:10.103+0000] {processor.py:826} INFO - Processing file /workspaces/hands-on-introduction-data-engineering-4395021/airflow/dags/load_dag.py for tasks to queue
[2024-06-25T12:42:10.104+0000] {logging_mixin.py:150} INFO - [2024-06-25T12:42:10.104+0000] {dagbag.py:541} INFO - Filling up the DagBag from /workspaces/hands-on-introduction-data-engineering-4395021/airflow/dags/load_dag.py
[2024-06-25T12:42:10.110+0000] {processor.py:836} INFO - DAG(s) dict_keys(['load_dag']) retrieved from /workspaces/hands-on-introduction-data-engineering-4395021/airflow/dags/load_dag.py
[2024-06-25T12:42:10.123+0000] {logging_mixin.py:150} INFO - [2024-06-25T12:42:10.123+0000] {dag.py:2742} INFO - Sync 1 DAGs
[2024-06-25T12:42:10.139+0000] {logging_mixin.py:150} INFO - [2024-06-25T12:42:10.139+0000] {dag.py:3504} INFO - Setting next_dagrun for load_dag to None, run_after=None
[2024-06-25T12:42:10.177+0000] {processor.py:179} INFO - Processing /workspaces/hands-on-introduction-data-engineering-4395021/airflow/dags/load_dag.py took 0.077 seconds
[2024-06-25T12:42:56.724+0000] {processor.py:157} INFO - Started process (PID=47803) to work on /workspaces/hands-on-introduction-data-engineering-4395021/airflow/dags/load_dag.py
[2024-06-25T12:42:56.725+0000] {processor.py:826} INFO - Processing file /workspaces/hands-on-introduction-data-engineering-4395021/airflow/dags/load_dag.py for tasks to queue
[2024-06-25T12:42:56.726+0000] {logging_mixin.py:150} INFO - [2024-06-25T12:42:56.726+0000] {dagbag.py:541} INFO - Filling up the DagBag from /workspaces/hands-on-introduction-data-engineering-4395021/airflow/dags/load_dag.py
[2024-06-25T12:42:56.730+0000] {processor.py:836} INFO - DAG(s) dict_keys(['load_dag']) retrieved from /workspaces/hands-on-introduction-data-engineering-4395021/airflow/dags/load_dag.py
[2024-06-25T12:42:56.740+0000] {logging_mixin.py:150} INFO - [2024-06-25T12:42:56.740+0000] {dag.py:2742} INFO - Sync 1 DAGs
[2024-06-25T12:42:56.755+0000] {logging_mixin.py:150} INFO - [2024-06-25T12:42:56.755+0000] {dag.py:3504} INFO - Setting next_dagrun for load_dag to None, run_after=None
[2024-06-25T12:42:56.793+0000] {processor.py:179} INFO - Processing /workspaces/hands-on-introduction-data-engineering-4395021/airflow/dags/load_dag.py took 0.070 seconds
[2024-06-25T12:43:45.169+0000] {processor.py:157} INFO - Started process (PID=48154) to work on /workspaces/hands-on-introduction-data-engineering-4395021/airflow/dags/load_dag.py
[2024-06-25T12:43:45.170+0000] {processor.py:826} INFO - Processing file /workspaces/hands-on-introduction-data-engineering-4395021/airflow/dags/load_dag.py for tasks to queue
[2024-06-25T12:43:45.171+0000] {logging_mixin.py:150} INFO - [2024-06-25T12:43:45.171+0000] {dagbag.py:541} INFO - Filling up the DagBag from /workspaces/hands-on-introduction-data-engineering-4395021/airflow/dags/load_dag.py
[2024-06-25T12:43:45.176+0000] {processor.py:836} INFO - DAG(s) dict_keys(['load_dag']) retrieved from /workspaces/hands-on-introduction-data-engineering-4395021/airflow/dags/load_dag.py
[2024-06-25T12:43:45.187+0000] {logging_mixin.py:150} INFO - [2024-06-25T12:43:45.186+0000] {dag.py:2742} INFO - Sync 1 DAGs
[2024-06-25T12:43:45.202+0000] {logging_mixin.py:150} INFO - [2024-06-25T12:43:45.201+0000] {dag.py:3504} INFO - Setting next_dagrun for load_dag to None, run_after=None
[2024-06-25T12:43:45.239+0000] {processor.py:179} INFO - Processing /workspaces/hands-on-introduction-data-engineering-4395021/airflow/dags/load_dag.py took 0.072 seconds
[2024-06-25T12:44:35.902+0000] {processor.py:157} INFO - Started process (PID=48538) to work on /workspaces/hands-on-introduction-data-engineering-4395021/airflow/dags/load_dag.py
[2024-06-25T12:44:35.903+0000] {processor.py:826} INFO - Processing file /workspaces/hands-on-introduction-data-engineering-4395021/airflow/dags/load_dag.py for tasks to queue
[2024-06-25T12:44:35.903+0000] {logging_mixin.py:150} INFO - [2024-06-25T12:44:35.903+0000] {dagbag.py:541} INFO - Filling up the DagBag from /workspaces/hands-on-introduction-data-engineering-4395021/airflow/dags/load_dag.py
[2024-06-25T12:44:35.908+0000] {processor.py:836} INFO - DAG(s) dict_keys(['load_dag']) retrieved from /workspaces/hands-on-introduction-data-engineering-4395021/airflow/dags/load_dag.py
[2024-06-25T12:44:35.919+0000] {logging_mixin.py:150} INFO - [2024-06-25T12:44:35.918+0000] {dag.py:2742} INFO - Sync 1 DAGs
[2024-06-25T12:44:35.934+0000] {logging_mixin.py:150} INFO - [2024-06-25T12:44:35.933+0000] {dag.py:3504} INFO - Setting next_dagrun for load_dag to None, run_after=None
[2024-06-25T12:44:35.974+0000] {processor.py:179} INFO - Processing /workspaces/hands-on-introduction-data-engineering-4395021/airflow/dags/load_dag.py took 0.074 seconds
[2024-06-25T12:45:26.883+0000] {processor.py:157} INFO - Started process (PID=48928) to work on /workspaces/hands-on-introduction-data-engineering-4395021/airflow/dags/load_dag.py
[2024-06-25T12:45:26.884+0000] {processor.py:826} INFO - Processing file /workspaces/hands-on-introduction-data-engineering-4395021/airflow/dags/load_dag.py for tasks to queue
[2024-06-25T12:45:26.885+0000] {logging_mixin.py:150} INFO - [2024-06-25T12:45:26.884+0000] {dagbag.py:541} INFO - Filling up the DagBag from /workspaces/hands-on-introduction-data-engineering-4395021/airflow/dags/load_dag.py
[2024-06-25T12:45:26.889+0000] {processor.py:836} INFO - DAG(s) dict_keys(['load_dag']) retrieved from /workspaces/hands-on-introduction-data-engineering-4395021/airflow/dags/load_dag.py
[2024-06-25T12:45:26.900+0000] {logging_mixin.py:150} INFO - [2024-06-25T12:45:26.899+0000] {dag.py:2742} INFO - Sync 1 DAGs
[2024-06-25T12:45:26.915+0000] {logging_mixin.py:150} INFO - [2024-06-25T12:45:26.915+0000] {dag.py:3504} INFO - Setting next_dagrun for load_dag to None, run_after=None
[2024-06-25T12:45:26.951+0000] {processor.py:179} INFO - Processing /workspaces/hands-on-introduction-data-engineering-4395021/airflow/dags/load_dag.py took 0.070 seconds
[2024-06-25T12:46:14.269+0000] {processor.py:157} INFO - Started process (PID=49300) to work on /workspaces/hands-on-introduction-data-engineering-4395021/airflow/dags/load_dag.py
[2024-06-25T12:46:14.270+0000] {processor.py:826} INFO - Processing file /workspaces/hands-on-introduction-data-engineering-4395021/airflow/dags/load_dag.py for tasks to queue
[2024-06-25T12:46:14.270+0000] {logging_mixin.py:150} INFO - [2024-06-25T12:46:14.270+0000] {dagbag.py:541} INFO - Filling up the DagBag from /workspaces/hands-on-introduction-data-engineering-4395021/airflow/dags/load_dag.py
[2024-06-25T12:46:14.276+0000] {processor.py:836} INFO - DAG(s) dict_keys(['load_dag']) retrieved from /workspaces/hands-on-introduction-data-engineering-4395021/airflow/dags/load_dag.py
[2024-06-25T12:46:14.286+0000] {logging_mixin.py:150} INFO - [2024-06-25T12:46:14.286+0000] {dag.py:2742} INFO - Sync 1 DAGs
[2024-06-25T12:46:14.301+0000] {logging_mixin.py:150} INFO - [2024-06-25T12:46:14.301+0000] {dag.py:3504} INFO - Setting next_dagrun for load_dag to None, run_after=None
[2024-06-25T12:46:14.339+0000] {processor.py:179} INFO - Processing /workspaces/hands-on-introduction-data-engineering-4395021/airflow/dags/load_dag.py took 0.072 seconds
[2024-06-25T12:47:02.331+0000] {processor.py:157} INFO - Started process (PID=49661) to work on /workspaces/hands-on-introduction-data-engineering-4395021/airflow/dags/load_dag.py
[2024-06-25T12:47:02.332+0000] {processor.py:826} INFO - Processing file /workspaces/hands-on-introduction-data-engineering-4395021/airflow/dags/load_dag.py for tasks to queue
[2024-06-25T12:47:02.333+0000] {logging_mixin.py:150} INFO - [2024-06-25T12:47:02.333+0000] {dagbag.py:541} INFO - Filling up the DagBag from /workspaces/hands-on-introduction-data-engineering-4395021/airflow/dags/load_dag.py
[2024-06-25T12:47:02.338+0000] {processor.py:836} INFO - DAG(s) dict_keys(['load_dag']) retrieved from /workspaces/hands-on-introduction-data-engineering-4395021/airflow/dags/load_dag.py
[2024-06-25T12:47:02.349+0000] {logging_mixin.py:150} INFO - [2024-06-25T12:47:02.349+0000] {dag.py:2742} INFO - Sync 1 DAGs
[2024-06-25T12:47:02.366+0000] {logging_mixin.py:150} INFO - [2024-06-25T12:47:02.366+0000] {dag.py:3504} INFO - Setting next_dagrun for load_dag to None, run_after=None
[2024-06-25T12:47:02.415+0000] {processor.py:179} INFO - Processing /workspaces/hands-on-introduction-data-engineering-4395021/airflow/dags/load_dag.py took 0.086 seconds
[2024-06-25T12:47:55.629+0000] {processor.py:157} INFO - Started process (PID=50054) to work on /workspaces/hands-on-introduction-data-engineering-4395021/airflow/dags/load_dag.py
[2024-06-25T12:47:55.630+0000] {processor.py:826} INFO - Processing file /workspaces/hands-on-introduction-data-engineering-4395021/airflow/dags/load_dag.py for tasks to queue
[2024-06-25T12:47:55.631+0000] {logging_mixin.py:150} INFO - [2024-06-25T12:47:55.630+0000] {dagbag.py:541} INFO - Filling up the DagBag from /workspaces/hands-on-introduction-data-engineering-4395021/airflow/dags/load_dag.py
[2024-06-25T12:47:55.635+0000] {processor.py:836} INFO - DAG(s) dict_keys(['load_dag']) retrieved from /workspaces/hands-on-introduction-data-engineering-4395021/airflow/dags/load_dag.py
[2024-06-25T12:47:55.646+0000] {logging_mixin.py:150} INFO - [2024-06-25T12:47:55.646+0000] {dag.py:2742} INFO - Sync 1 DAGs
[2024-06-25T12:47:55.661+0000] {logging_mixin.py:150} INFO - [2024-06-25T12:47:55.661+0000] {dag.py:3504} INFO - Setting next_dagrun for load_dag to None, run_after=None
[2024-06-25T12:47:55.799+0000] {processor.py:179} INFO - Processing /workspaces/hands-on-introduction-data-engineering-4395021/airflow/dags/load_dag.py took 0.172 seconds
[2024-06-25T12:48:48.920+0000] {processor.py:157} INFO - Started process (PID=50452) to work on /workspaces/hands-on-introduction-data-engineering-4395021/airflow/dags/load_dag.py
[2024-06-25T12:48:48.921+0000] {processor.py:826} INFO - Processing file /workspaces/hands-on-introduction-data-engineering-4395021/airflow/dags/load_dag.py for tasks to queue
[2024-06-25T12:48:48.922+0000] {logging_mixin.py:150} INFO - [2024-06-25T12:48:48.921+0000] {dagbag.py:541} INFO - Filling up the DagBag from /workspaces/hands-on-introduction-data-engineering-4395021/airflow/dags/load_dag.py
[2024-06-25T12:48:48.927+0000] {processor.py:836} INFO - DAG(s) dict_keys(['load_dag']) retrieved from /workspaces/hands-on-introduction-data-engineering-4395021/airflow/dags/load_dag.py
[2024-06-25T12:48:48.937+0000] {logging_mixin.py:150} INFO - [2024-06-25T12:48:48.937+0000] {dag.py:2742} INFO - Sync 1 DAGs
[2024-06-25T12:48:48.954+0000] {logging_mixin.py:150} INFO - [2024-06-25T12:48:48.954+0000] {dag.py:3504} INFO - Setting next_dagrun for load_dag to None, run_after=None
[2024-06-25T12:48:48.992+0000] {processor.py:179} INFO - Processing /workspaces/hands-on-introduction-data-engineering-4395021/airflow/dags/load_dag.py took 0.074 seconds
[2024-06-25T12:49:38.384+0000] {processor.py:157} INFO - Started process (PID=50820) to work on /workspaces/hands-on-introduction-data-engineering-4395021/airflow/dags/load_dag.py
[2024-06-25T12:49:38.385+0000] {processor.py:826} INFO - Processing file /workspaces/hands-on-introduction-data-engineering-4395021/airflow/dags/load_dag.py for tasks to queue
[2024-06-25T12:49:38.386+0000] {logging_mixin.py:150} INFO - [2024-06-25T12:49:38.386+0000] {dagbag.py:541} INFO - Filling up the DagBag from /workspaces/hands-on-introduction-data-engineering-4395021/airflow/dags/load_dag.py
[2024-06-25T12:49:38.390+0000] {processor.py:836} INFO - DAG(s) dict_keys(['load_dag']) retrieved from /workspaces/hands-on-introduction-data-engineering-4395021/airflow/dags/load_dag.py
[2024-06-25T12:49:38.401+0000] {logging_mixin.py:150} INFO - [2024-06-25T12:49:38.401+0000] {dag.py:2742} INFO - Sync 1 DAGs
[2024-06-25T12:49:38.416+0000] {logging_mixin.py:150} INFO - [2024-06-25T12:49:38.416+0000] {dag.py:3504} INFO - Setting next_dagrun for load_dag to None, run_after=None
[2024-06-25T12:49:38.452+0000] {processor.py:179} INFO - Processing /workspaces/hands-on-introduction-data-engineering-4395021/airflow/dags/load_dag.py took 0.070 seconds
[2024-06-25T12:50:29.717+0000] {processor.py:157} INFO - Started process (PID=51217) to work on /workspaces/hands-on-introduction-data-engineering-4395021/airflow/dags/load_dag.py
[2024-06-25T12:50:29.718+0000] {processor.py:826} INFO - Processing file /workspaces/hands-on-introduction-data-engineering-4395021/airflow/dags/load_dag.py for tasks to queue
[2024-06-25T12:50:29.719+0000] {logging_mixin.py:150} INFO - [2024-06-25T12:50:29.719+0000] {dagbag.py:541} INFO - Filling up the DagBag from /workspaces/hands-on-introduction-data-engineering-4395021/airflow/dags/load_dag.py
[2024-06-25T12:50:29.723+0000] {processor.py:836} INFO - DAG(s) dict_keys(['load_dag']) retrieved from /workspaces/hands-on-introduction-data-engineering-4395021/airflow/dags/load_dag.py
[2024-06-25T12:50:29.734+0000] {logging_mixin.py:150} INFO - [2024-06-25T12:50:29.734+0000] {dag.py:2742} INFO - Sync 1 DAGs
[2024-06-25T12:50:29.749+0000] {logging_mixin.py:150} INFO - [2024-06-25T12:50:29.748+0000] {dag.py:3504} INFO - Setting next_dagrun for load_dag to None, run_after=None
[2024-06-25T12:50:29.794+0000] {processor.py:179} INFO - Processing /workspaces/hands-on-introduction-data-engineering-4395021/airflow/dags/load_dag.py took 0.079 seconds
[2024-06-25T12:51:21.792+0000] {processor.py:157} INFO - Started process (PID=51611) to work on /workspaces/hands-on-introduction-data-engineering-4395021/airflow/dags/load_dag.py
[2024-06-25T12:51:21.793+0000] {processor.py:826} INFO - Processing file /workspaces/hands-on-introduction-data-engineering-4395021/airflow/dags/load_dag.py for tasks to queue
[2024-06-25T12:51:21.794+0000] {logging_mixin.py:150} INFO - [2024-06-25T12:51:21.794+0000] {dagbag.py:541} INFO - Filling up the DagBag from /workspaces/hands-on-introduction-data-engineering-4395021/airflow/dags/load_dag.py
[2024-06-25T12:51:21.799+0000] {processor.py:836} INFO - DAG(s) dict_keys(['load_dag']) retrieved from /workspaces/hands-on-introduction-data-engineering-4395021/airflow/dags/load_dag.py
[2024-06-25T12:51:21.809+0000] {logging_mixin.py:150} INFO - [2024-06-25T12:51:21.809+0000] {dag.py:2742} INFO - Sync 1 DAGs
[2024-06-25T12:51:21.824+0000] {logging_mixin.py:150} INFO - [2024-06-25T12:51:21.824+0000] {dag.py:3504} INFO - Setting next_dagrun for load_dag to None, run_after=None
[2024-06-25T12:51:21.861+0000] {processor.py:179} INFO - Processing /workspaces/hands-on-introduction-data-engineering-4395021/airflow/dags/load_dag.py took 0.072 seconds
[2024-06-25T12:52:12.462+0000] {processor.py:157} INFO - Started process (PID=51995) to work on /workspaces/hands-on-introduction-data-engineering-4395021/airflow/dags/load_dag.py
[2024-06-25T12:52:12.463+0000] {processor.py:826} INFO - Processing file /workspaces/hands-on-introduction-data-engineering-4395021/airflow/dags/load_dag.py for tasks to queue
[2024-06-25T12:52:12.464+0000] {logging_mixin.py:150} INFO - [2024-06-25T12:52:12.464+0000] {dagbag.py:541} INFO - Filling up the DagBag from /workspaces/hands-on-introduction-data-engineering-4395021/airflow/dags/load_dag.py
[2024-06-25T12:52:12.469+0000] {processor.py:836} INFO - DAG(s) dict_keys(['load_dag']) retrieved from /workspaces/hands-on-introduction-data-engineering-4395021/airflow/dags/load_dag.py
[2024-06-25T12:52:12.479+0000] {logging_mixin.py:150} INFO - [2024-06-25T12:52:12.479+0000] {dag.py:2742} INFO - Sync 1 DAGs
[2024-06-25T12:52:12.494+0000] {logging_mixin.py:150} INFO - [2024-06-25T12:52:12.494+0000] {dag.py:3504} INFO - Setting next_dagrun for load_dag to None, run_after=None
[2024-06-25T12:52:12.532+0000] {processor.py:179} INFO - Processing /workspaces/hands-on-introduction-data-engineering-4395021/airflow/dags/load_dag.py took 0.072 seconds
[2024-06-25T12:53:01.186+0000] {processor.py:157} INFO - Started process (PID=52362) to work on /workspaces/hands-on-introduction-data-engineering-4395021/airflow/dags/load_dag.py
[2024-06-25T12:53:01.187+0000] {processor.py:826} INFO - Processing file /workspaces/hands-on-introduction-data-engineering-4395021/airflow/dags/load_dag.py for tasks to queue
[2024-06-25T12:53:01.188+0000] {logging_mixin.py:150} INFO - [2024-06-25T12:53:01.188+0000] {dagbag.py:541} INFO - Filling up the DagBag from /workspaces/hands-on-introduction-data-engineering-4395021/airflow/dags/load_dag.py
[2024-06-25T12:53:01.193+0000] {processor.py:836} INFO - DAG(s) dict_keys(['load_dag']) retrieved from /workspaces/hands-on-introduction-data-engineering-4395021/airflow/dags/load_dag.py
[2024-06-25T12:53:01.204+0000] {logging_mixin.py:150} INFO - [2024-06-25T12:53:01.204+0000] {dag.py:2742} INFO - Sync 1 DAGs
[2024-06-25T12:53:01.219+0000] {logging_mixin.py:150} INFO - [2024-06-25T12:53:01.219+0000] {dag.py:3504} INFO - Setting next_dagrun for load_dag to None, run_after=None
[2024-06-25T12:53:01.257+0000] {processor.py:179} INFO - Processing /workspaces/hands-on-introduction-data-engineering-4395021/airflow/dags/load_dag.py took 0.073 seconds
[2024-06-25T12:53:44.959+0000] {processor.py:157} INFO - Started process (PID=52693) to work on /workspaces/hands-on-introduction-data-engineering-4395021/airflow/dags/load_dag.py
[2024-06-25T12:53:44.960+0000] {processor.py:826} INFO - Processing file /workspaces/hands-on-introduction-data-engineering-4395021/airflow/dags/load_dag.py for tasks to queue
[2024-06-25T12:53:44.960+0000] {logging_mixin.py:150} INFO - [2024-06-25T12:53:44.960+0000] {dagbag.py:541} INFO - Filling up the DagBag from /workspaces/hands-on-introduction-data-engineering-4395021/airflow/dags/load_dag.py
[2024-06-25T12:53:44.965+0000] {processor.py:836} INFO - DAG(s) dict_keys(['load_dag']) retrieved from /workspaces/hands-on-introduction-data-engineering-4395021/airflow/dags/load_dag.py
[2024-06-25T12:53:44.976+0000] {logging_mixin.py:150} INFO - [2024-06-25T12:53:44.975+0000] {dag.py:2742} INFO - Sync 1 DAGs
[2024-06-25T12:53:44.991+0000] {logging_mixin.py:150} INFO - [2024-06-25T12:53:44.991+0000] {dag.py:3504} INFO - Setting next_dagrun for load_dag to None, run_after=None
[2024-06-25T12:53:45.034+0000] {processor.py:179} INFO - Processing /workspaces/hands-on-introduction-data-engineering-4395021/airflow/dags/load_dag.py took 0.078 seconds
[2024-06-25T12:54:36.800+0000] {processor.py:157} INFO - Started process (PID=53080) to work on /workspaces/hands-on-introduction-data-engineering-4395021/airflow/dags/load_dag.py
[2024-06-25T12:54:36.801+0000] {processor.py:826} INFO - Processing file /workspaces/hands-on-introduction-data-engineering-4395021/airflow/dags/load_dag.py for tasks to queue
[2024-06-25T12:54:36.801+0000] {logging_mixin.py:150} INFO - [2024-06-25T12:54:36.801+0000] {dagbag.py:541} INFO - Filling up the DagBag from /workspaces/hands-on-introduction-data-engineering-4395021/airflow/dags/load_dag.py
[2024-06-25T12:54:36.806+0000] {processor.py:836} INFO - DAG(s) dict_keys(['load_dag']) retrieved from /workspaces/hands-on-introduction-data-engineering-4395021/airflow/dags/load_dag.py
[2024-06-25T12:54:36.817+0000] {logging_mixin.py:150} INFO - [2024-06-25T12:54:36.817+0000] {dag.py:2742} INFO - Sync 1 DAGs
[2024-06-25T12:54:36.926+0000] {logging_mixin.py:150} INFO - [2024-06-25T12:54:36.926+0000] {dag.py:3504} INFO - Setting next_dagrun for load_dag to None, run_after=None
[2024-06-25T12:54:36.967+0000] {processor.py:179} INFO - Processing /workspaces/hands-on-introduction-data-engineering-4395021/airflow/dags/load_dag.py took 0.170 seconds
[2024-06-25T12:55:31.661+0000] {processor.py:157} INFO - Started process (PID=53504) to work on /workspaces/hands-on-introduction-data-engineering-4395021/airflow/dags/load_dag.py
[2024-06-25T12:55:31.662+0000] {processor.py:826} INFO - Processing file /workspaces/hands-on-introduction-data-engineering-4395021/airflow/dags/load_dag.py for tasks to queue
[2024-06-25T12:55:31.663+0000] {logging_mixin.py:150} INFO - [2024-06-25T12:55:31.662+0000] {dagbag.py:541} INFO - Filling up the DagBag from /workspaces/hands-on-introduction-data-engineering-4395021/airflow/dags/load_dag.py
[2024-06-25T12:55:31.667+0000] {processor.py:836} INFO - DAG(s) dict_keys(['load_dag']) retrieved from /workspaces/hands-on-introduction-data-engineering-4395021/airflow/dags/load_dag.py
[2024-06-25T12:55:31.678+0000] {logging_mixin.py:150} INFO - [2024-06-25T12:55:31.677+0000] {dag.py:2742} INFO - Sync 1 DAGs
[2024-06-25T12:55:31.692+0000] {logging_mixin.py:150} INFO - [2024-06-25T12:55:31.692+0000] {dag.py:3504} INFO - Setting next_dagrun for load_dag to None, run_after=None
[2024-06-25T12:55:31.738+0000] {processor.py:179} INFO - Processing /workspaces/hands-on-introduction-data-engineering-4395021/airflow/dags/load_dag.py took 0.079 seconds
[2024-06-25T12:56:24.103+0000] {processor.py:157} INFO - Started process (PID=53890) to work on /workspaces/hands-on-introduction-data-engineering-4395021/airflow/dags/load_dag.py
[2024-06-25T12:56:24.104+0000] {processor.py:826} INFO - Processing file /workspaces/hands-on-introduction-data-engineering-4395021/airflow/dags/load_dag.py for tasks to queue
[2024-06-25T12:56:24.105+0000] {logging_mixin.py:150} INFO - [2024-06-25T12:56:24.104+0000] {dagbag.py:541} INFO - Filling up the DagBag from /workspaces/hands-on-introduction-data-engineering-4395021/airflow/dags/load_dag.py
[2024-06-25T12:56:24.110+0000] {processor.py:836} INFO - DAG(s) dict_keys(['load_dag']) retrieved from /workspaces/hands-on-introduction-data-engineering-4395021/airflow/dags/load_dag.py
[2024-06-25T12:56:24.121+0000] {logging_mixin.py:150} INFO - [2024-06-25T12:56:24.121+0000] {dag.py:2742} INFO - Sync 1 DAGs
[2024-06-25T12:56:24.219+0000] {logging_mixin.py:150} INFO - [2024-06-25T12:56:24.219+0000] {dag.py:3504} INFO - Setting next_dagrun for load_dag to None, run_after=None
[2024-06-25T12:56:24.258+0000] {processor.py:179} INFO - Processing /workspaces/hands-on-introduction-data-engineering-4395021/airflow/dags/load_dag.py took 0.158 seconds
[2024-06-25T12:57:18.281+0000] {processor.py:157} INFO - Started process (PID=54294) to work on /workspaces/hands-on-introduction-data-engineering-4395021/airflow/dags/load_dag.py
[2024-06-25T12:57:18.282+0000] {processor.py:826} INFO - Processing file /workspaces/hands-on-introduction-data-engineering-4395021/airflow/dags/load_dag.py for tasks to queue
[2024-06-25T12:57:18.282+0000] {logging_mixin.py:150} INFO - [2024-06-25T12:57:18.282+0000] {dagbag.py:541} INFO - Filling up the DagBag from /workspaces/hands-on-introduction-data-engineering-4395021/airflow/dags/load_dag.py
[2024-06-25T12:57:18.287+0000] {processor.py:836} INFO - DAG(s) dict_keys(['load_dag']) retrieved from /workspaces/hands-on-introduction-data-engineering-4395021/airflow/dags/load_dag.py
[2024-06-25T12:57:18.298+0000] {logging_mixin.py:150} INFO - [2024-06-25T12:57:18.298+0000] {dag.py:2742} INFO - Sync 1 DAGs
[2024-06-25T12:57:18.315+0000] {logging_mixin.py:150} INFO - [2024-06-25T12:57:18.314+0000] {dag.py:3504} INFO - Setting next_dagrun for load_dag to None, run_after=None
[2024-06-25T12:57:18.447+0000] {processor.py:179} INFO - Processing /workspaces/hands-on-introduction-data-engineering-4395021/airflow/dags/load_dag.py took 0.168 seconds
[2024-06-25T12:58:10.063+0000] {processor.py:157} INFO - Started process (PID=54680) to work on /workspaces/hands-on-introduction-data-engineering-4395021/airflow/dags/load_dag.py
[2024-06-25T12:58:10.064+0000] {processor.py:826} INFO - Processing file /workspaces/hands-on-introduction-data-engineering-4395021/airflow/dags/load_dag.py for tasks to queue
[2024-06-25T12:58:10.064+0000] {logging_mixin.py:150} INFO - [2024-06-25T12:58:10.064+0000] {dagbag.py:541} INFO - Filling up the DagBag from /workspaces/hands-on-introduction-data-engineering-4395021/airflow/dags/load_dag.py
[2024-06-25T12:58:10.069+0000] {processor.py:836} INFO - DAG(s) dict_keys(['load_dag']) retrieved from /workspaces/hands-on-introduction-data-engineering-4395021/airflow/dags/load_dag.py
[2024-06-25T12:58:10.172+0000] {logging_mixin.py:150} INFO - [2024-06-25T12:58:10.172+0000] {dag.py:2742} INFO - Sync 1 DAGs
[2024-06-25T12:58:10.186+0000] {logging_mixin.py:150} INFO - [2024-06-25T12:58:10.186+0000] {dag.py:3504} INFO - Setting next_dagrun for load_dag to None, run_after=None
[2024-06-25T12:58:10.224+0000] {processor.py:179} INFO - Processing /workspaces/hands-on-introduction-data-engineering-4395021/airflow/dags/load_dag.py took 0.163 seconds
[2024-06-25T12:59:02.169+0000] {processor.py:157} INFO - Started process (PID=55072) to work on /workspaces/hands-on-introduction-data-engineering-4395021/airflow/dags/load_dag.py
[2024-06-25T12:59:02.170+0000] {processor.py:826} INFO - Processing file /workspaces/hands-on-introduction-data-engineering-4395021/airflow/dags/load_dag.py for tasks to queue
[2024-06-25T12:59:02.171+0000] {logging_mixin.py:150} INFO - [2024-06-25T12:59:02.171+0000] {dagbag.py:541} INFO - Filling up the DagBag from /workspaces/hands-on-introduction-data-engineering-4395021/airflow/dags/load_dag.py
[2024-06-25T12:59:02.176+0000] {processor.py:836} INFO - DAG(s) dict_keys(['load_dag']) retrieved from /workspaces/hands-on-introduction-data-engineering-4395021/airflow/dags/load_dag.py
[2024-06-25T12:59:02.186+0000] {logging_mixin.py:150} INFO - [2024-06-25T12:59:02.186+0000] {dag.py:2742} INFO - Sync 1 DAGs
[2024-06-25T12:59:02.201+0000] {logging_mixin.py:150} INFO - [2024-06-25T12:59:02.201+0000] {dag.py:3504} INFO - Setting next_dagrun for load_dag to None, run_after=None
[2024-06-25T12:59:02.339+0000] {processor.py:179} INFO - Processing /workspaces/hands-on-introduction-data-engineering-4395021/airflow/dags/load_dag.py took 0.172 seconds
