[2024-06-24T17:07:40.210+0000] {processor.py:157} INFO - Started process (PID=9305) to work on /workspaces/hands-on-introduction-data-engineering-4395021/airflow/dags/one_task_dag.py
[2024-06-24T17:07:40.211+0000] {processor.py:826} INFO - Processing file /workspaces/hands-on-introduction-data-engineering-4395021/airflow/dags/one_task_dag.py for tasks to queue
[2024-06-24T17:07:40.212+0000] {logging_mixin.py:150} INFO - [2024-06-24T17:07:40.211+0000] {dagbag.py:541} INFO - Filling up the DagBag from /workspaces/hands-on-introduction-data-engineering-4395021/airflow/dags/one_task_dag.py
[2024-06-24T17:07:40.220+0000] {processor.py:836} INFO - DAG(s) dict_keys(['one_task_dag']) retrieved from /workspaces/hands-on-introduction-data-engineering-4395021/airflow/dags/one_task_dag.py
[2024-06-24T17:07:40.374+0000] {logging_mixin.py:150} INFO - [2024-06-24T17:07:40.373+0000] {manager.py:504} INFO - Created Permission View: can edit on DAG:one_task_dag
[2024-06-24T17:07:40.407+0000] {logging_mixin.py:150} INFO - [2024-06-24T17:07:40.407+0000] {manager.py:504} INFO - Created Permission View: can delete on DAG:one_task_dag
[2024-06-24T17:07:40.441+0000] {logging_mixin.py:150} INFO - [2024-06-24T17:07:40.441+0000] {manager.py:504} INFO - Created Permission View: can read on DAG:one_task_dag
[2024-06-24T17:07:40.450+0000] {logging_mixin.py:150} INFO - [2024-06-24T17:07:40.450+0000] {dag.py:2742} INFO - Sync 1 DAGs
[2024-06-24T17:07:40.458+0000] {logging_mixin.py:150} INFO - [2024-06-24T17:07:40.458+0000] {dag.py:2763} INFO - Creating ORM DAG for one_task_dag
[2024-06-24T17:07:40.465+0000] {logging_mixin.py:150} INFO - [2024-06-24T17:07:40.465+0000] {dag.py:3504} INFO - Setting next_dagrun for one_task_dag to None, run_after=None
[2024-06-24T17:07:40.503+0000] {processor.py:179} INFO - Processing /workspaces/hands-on-introduction-data-engineering-4395021/airflow/dags/one_task_dag.py took 0.295 seconds
[2024-06-24T17:08:31.145+0000] {processor.py:157} INFO - Started process (PID=9678) to work on /workspaces/hands-on-introduction-data-engineering-4395021/airflow/dags/one_task_dag.py
[2024-06-24T17:08:31.146+0000] {processor.py:826} INFO - Processing file /workspaces/hands-on-introduction-data-engineering-4395021/airflow/dags/one_task_dag.py for tasks to queue
[2024-06-24T17:08:31.146+0000] {logging_mixin.py:150} INFO - [2024-06-24T17:08:31.146+0000] {dagbag.py:541} INFO - Filling up the DagBag from /workspaces/hands-on-introduction-data-engineering-4395021/airflow/dags/one_task_dag.py
[2024-06-24T17:08:31.151+0000] {processor.py:836} INFO - DAG(s) dict_keys(['one_task_dag']) retrieved from /workspaces/hands-on-introduction-data-engineering-4395021/airflow/dags/one_task_dag.py
[2024-06-24T17:08:31.164+0000] {logging_mixin.py:150} INFO - [2024-06-24T17:08:31.164+0000] {dag.py:2742} INFO - Sync 1 DAGs
[2024-06-24T17:08:31.179+0000] {logging_mixin.py:150} INFO - [2024-06-24T17:08:31.179+0000] {dag.py:3504} INFO - Setting next_dagrun for one_task_dag to None, run_after=None
[2024-06-24T17:08:31.232+0000] {processor.py:179} INFO - Processing /workspaces/hands-on-introduction-data-engineering-4395021/airflow/dags/one_task_dag.py took 0.090 seconds
[2024-06-24T17:09:07.494+0000] {processor.py:157} INFO - Started process (PID=9937) to work on /workspaces/hands-on-introduction-data-engineering-4395021/airflow/dags/one_task_dag.py
[2024-06-24T17:09:07.495+0000] {processor.py:826} INFO - Processing file /workspaces/hands-on-introduction-data-engineering-4395021/airflow/dags/one_task_dag.py for tasks to queue
[2024-06-24T17:09:07.496+0000] {logging_mixin.py:150} INFO - [2024-06-24T17:09:07.496+0000] {dagbag.py:541} INFO - Filling up the DagBag from /workspaces/hands-on-introduction-data-engineering-4395021/airflow/dags/one_task_dag.py
[2024-06-24T17:09:07.501+0000] {processor.py:836} INFO - DAG(s) dict_keys(['one_task_dag']) retrieved from /workspaces/hands-on-introduction-data-engineering-4395021/airflow/dags/one_task_dag.py
[2024-06-24T17:09:07.511+0000] {logging_mixin.py:150} INFO - [2024-06-24T17:09:07.511+0000] {dag.py:2742} INFO - Sync 1 DAGs
[2024-06-24T17:09:07.526+0000] {logging_mixin.py:150} INFO - [2024-06-24T17:09:07.526+0000] {dag.py:3504} INFO - Setting next_dagrun for one_task_dag to None, run_after=None
[2024-06-24T17:09:07.564+0000] {processor.py:179} INFO - Processing /workspaces/hands-on-introduction-data-engineering-4395021/airflow/dags/one_task_dag.py took 0.072 seconds
[2024-06-24T17:09:41.230+0000] {processor.py:157} INFO - Started process (PID=10171) to work on /workspaces/hands-on-introduction-data-engineering-4395021/airflow/dags/one_task_dag.py
[2024-06-24T17:09:41.231+0000] {processor.py:826} INFO - Processing file /workspaces/hands-on-introduction-data-engineering-4395021/airflow/dags/one_task_dag.py for tasks to queue
[2024-06-24T17:09:41.231+0000] {logging_mixin.py:150} INFO - [2024-06-24T17:09:41.231+0000] {dagbag.py:541} INFO - Filling up the DagBag from /workspaces/hands-on-introduction-data-engineering-4395021/airflow/dags/one_task_dag.py
[2024-06-24T17:09:41.236+0000] {processor.py:836} INFO - DAG(s) dict_keys(['one_task_dag']) retrieved from /workspaces/hands-on-introduction-data-engineering-4395021/airflow/dags/one_task_dag.py
[2024-06-24T17:09:41.245+0000] {logging_mixin.py:150} INFO - [2024-06-24T17:09:41.245+0000] {dag.py:2742} INFO - Sync 1 DAGs
[2024-06-24T17:09:41.260+0000] {logging_mixin.py:150} INFO - [2024-06-24T17:09:41.260+0000] {dag.py:3504} INFO - Setting next_dagrun for one_task_dag to None, run_after=None
[2024-06-24T17:09:41.303+0000] {processor.py:179} INFO - Processing /workspaces/hands-on-introduction-data-engineering-4395021/airflow/dags/one_task_dag.py took 0.075 seconds
[2024-06-24T17:10:20.393+0000] {processor.py:157} INFO - Started process (PID=10442) to work on /workspaces/hands-on-introduction-data-engineering-4395021/airflow/dags/one_task_dag.py
[2024-06-24T17:10:20.394+0000] {processor.py:826} INFO - Processing file /workspaces/hands-on-introduction-data-engineering-4395021/airflow/dags/one_task_dag.py for tasks to queue
[2024-06-24T17:10:20.395+0000] {logging_mixin.py:150} INFO - [2024-06-24T17:10:20.394+0000] {dagbag.py:541} INFO - Filling up the DagBag from /workspaces/hands-on-introduction-data-engineering-4395021/airflow/dags/one_task_dag.py
[2024-06-24T17:10:20.399+0000] {processor.py:836} INFO - DAG(s) dict_keys(['one_task_dag']) retrieved from /workspaces/hands-on-introduction-data-engineering-4395021/airflow/dags/one_task_dag.py
[2024-06-24T17:10:20.409+0000] {logging_mixin.py:150} INFO - [2024-06-24T17:10:20.409+0000] {dag.py:2742} INFO - Sync 1 DAGs
[2024-06-24T17:10:20.424+0000] {logging_mixin.py:150} INFO - [2024-06-24T17:10:20.424+0000] {dag.py:3504} INFO - Setting next_dagrun for one_task_dag to None, run_after=None
[2024-06-24T17:10:20.463+0000] {processor.py:179} INFO - Processing /workspaces/hands-on-introduction-data-engineering-4395021/airflow/dags/one_task_dag.py took 0.072 seconds
[2024-06-24T17:10:59.203+0000] {processor.py:157} INFO - Started process (PID=10743) to work on /workspaces/hands-on-introduction-data-engineering-4395021/airflow/dags/one_task_dag.py
[2024-06-24T17:10:59.204+0000] {processor.py:826} INFO - Processing file /workspaces/hands-on-introduction-data-engineering-4395021/airflow/dags/one_task_dag.py for tasks to queue
[2024-06-24T17:10:59.204+0000] {logging_mixin.py:150} INFO - [2024-06-24T17:10:59.204+0000] {dagbag.py:541} INFO - Filling up the DagBag from /workspaces/hands-on-introduction-data-engineering-4395021/airflow/dags/one_task_dag.py
[2024-06-24T17:10:59.209+0000] {processor.py:836} INFO - DAG(s) dict_keys(['one_task_dag']) retrieved from /workspaces/hands-on-introduction-data-engineering-4395021/airflow/dags/one_task_dag.py
[2024-06-24T17:10:59.220+0000] {logging_mixin.py:150} INFO - [2024-06-24T17:10:59.220+0000] {dag.py:2742} INFO - Sync 1 DAGs
[2024-06-24T17:10:59.236+0000] {logging_mixin.py:150} INFO - [2024-06-24T17:10:59.236+0000] {dag.py:3504} INFO - Setting next_dagrun for one_task_dag to None, run_after=None
[2024-06-24T17:10:59.275+0000] {processor.py:179} INFO - Processing /workspaces/hands-on-introduction-data-engineering-4395021/airflow/dags/one_task_dag.py took 0.074 seconds
[2024-06-24T17:11:34.162+0000] {processor.py:157} INFO - Started process (PID=11003) to work on /workspaces/hands-on-introduction-data-engineering-4395021/airflow/dags/one_task_dag.py
[2024-06-24T17:11:34.163+0000] {processor.py:826} INFO - Processing file /workspaces/hands-on-introduction-data-engineering-4395021/airflow/dags/one_task_dag.py for tasks to queue
[2024-06-24T17:11:34.164+0000] {logging_mixin.py:150} INFO - [2024-06-24T17:11:34.163+0000] {dagbag.py:541} INFO - Filling up the DagBag from /workspaces/hands-on-introduction-data-engineering-4395021/airflow/dags/one_task_dag.py
[2024-06-24T17:11:34.169+0000] {processor.py:836} INFO - DAG(s) dict_keys(['one_task_dag']) retrieved from /workspaces/hands-on-introduction-data-engineering-4395021/airflow/dags/one_task_dag.py
[2024-06-24T17:11:34.248+0000] {logging_mixin.py:150} INFO - [2024-06-24T17:11:34.248+0000] {dag.py:2742} INFO - Sync 1 DAGs
[2024-06-24T17:11:34.262+0000] {logging_mixin.py:150} INFO - [2024-06-24T17:11:34.262+0000] {dag.py:3504} INFO - Setting next_dagrun for one_task_dag to None, run_after=None
[2024-06-24T17:11:34.310+0000] {processor.py:179} INFO - Processing /workspaces/hands-on-introduction-data-engineering-4395021/airflow/dags/one_task_dag.py took 0.150 seconds
[2024-06-24T17:12:12.447+0000] {processor.py:157} INFO - Started process (PID=11295) to work on /workspaces/hands-on-introduction-data-engineering-4395021/airflow/dags/one_task_dag.py
[2024-06-24T17:12:12.448+0000] {processor.py:826} INFO - Processing file /workspaces/hands-on-introduction-data-engineering-4395021/airflow/dags/one_task_dag.py for tasks to queue
[2024-06-24T17:12:12.449+0000] {logging_mixin.py:150} INFO - [2024-06-24T17:12:12.449+0000] {dagbag.py:541} INFO - Filling up the DagBag from /workspaces/hands-on-introduction-data-engineering-4395021/airflow/dags/one_task_dag.py
[2024-06-24T17:12:12.456+0000] {processor.py:836} INFO - DAG(s) dict_keys(['one_task_dag']) retrieved from /workspaces/hands-on-introduction-data-engineering-4395021/airflow/dags/one_task_dag.py
[2024-06-24T17:12:12.472+0000] {logging_mixin.py:150} INFO - [2024-06-24T17:12:12.472+0000] {dag.py:2742} INFO - Sync 1 DAGs
[2024-06-24T17:12:12.495+0000] {logging_mixin.py:150} INFO - [2024-06-24T17:12:12.495+0000] {dag.py:3504} INFO - Setting next_dagrun for one_task_dag to None, run_after=None
[2024-06-24T17:12:12.545+0000] {processor.py:179} INFO - Processing /workspaces/hands-on-introduction-data-engineering-4395021/airflow/dags/one_task_dag.py took 0.100 seconds
[2024-06-24T17:12:49.858+0000] {processor.py:157} INFO - Started process (PID=11590) to work on /workspaces/hands-on-introduction-data-engineering-4395021/airflow/dags/one_task_dag.py
[2024-06-24T17:12:49.858+0000] {processor.py:826} INFO - Processing file /workspaces/hands-on-introduction-data-engineering-4395021/airflow/dags/one_task_dag.py for tasks to queue
[2024-06-24T17:12:49.859+0000] {logging_mixin.py:150} INFO - [2024-06-24T17:12:49.859+0000] {dagbag.py:541} INFO - Filling up the DagBag from /workspaces/hands-on-introduction-data-engineering-4395021/airflow/dags/one_task_dag.py
[2024-06-24T17:12:49.864+0000] {processor.py:836} INFO - DAG(s) dict_keys(['one_task_dag']) retrieved from /workspaces/hands-on-introduction-data-engineering-4395021/airflow/dags/one_task_dag.py
[2024-06-24T17:12:49.875+0000] {logging_mixin.py:150} INFO - [2024-06-24T17:12:49.874+0000] {dag.py:2742} INFO - Sync 1 DAGs
[2024-06-24T17:12:49.890+0000] {logging_mixin.py:150} INFO - [2024-06-24T17:12:49.890+0000] {dag.py:3504} INFO - Setting next_dagrun for one_task_dag to None, run_after=None
[2024-06-24T17:12:49.933+0000] {processor.py:179} INFO - Processing /workspaces/hands-on-introduction-data-engineering-4395021/airflow/dags/one_task_dag.py took 0.078 seconds
[2024-06-24T17:13:21.641+0000] {processor.py:157} INFO - Started process (PID=11839) to work on /workspaces/hands-on-introduction-data-engineering-4395021/airflow/dags/one_task_dag.py
[2024-06-24T17:13:21.642+0000] {processor.py:826} INFO - Processing file /workspaces/hands-on-introduction-data-engineering-4395021/airflow/dags/one_task_dag.py for tasks to queue
[2024-06-24T17:13:21.643+0000] {logging_mixin.py:150} INFO - [2024-06-24T17:13:21.642+0000] {dagbag.py:541} INFO - Filling up the DagBag from /workspaces/hands-on-introduction-data-engineering-4395021/airflow/dags/one_task_dag.py
[2024-06-24T17:13:21.647+0000] {processor.py:836} INFO - DAG(s) dict_keys(['one_task_dag']) retrieved from /workspaces/hands-on-introduction-data-engineering-4395021/airflow/dags/one_task_dag.py
[2024-06-24T17:13:21.658+0000] {logging_mixin.py:150} INFO - [2024-06-24T17:13:21.658+0000] {dag.py:2742} INFO - Sync 1 DAGs
[2024-06-24T17:13:21.673+0000] {logging_mixin.py:150} INFO - [2024-06-24T17:13:21.672+0000] {dag.py:3504} INFO - Setting next_dagrun for one_task_dag to None, run_after=None
[2024-06-24T17:13:21.713+0000] {processor.py:179} INFO - Processing /workspaces/hands-on-introduction-data-engineering-4395021/airflow/dags/one_task_dag.py took 0.074 seconds
[2024-06-24T17:14:05.978+0000] {processor.py:157} INFO - Started process (PID=12180) to work on /workspaces/hands-on-introduction-data-engineering-4395021/airflow/dags/one_task_dag.py
[2024-06-24T17:14:05.979+0000] {processor.py:826} INFO - Processing file /workspaces/hands-on-introduction-data-engineering-4395021/airflow/dags/one_task_dag.py for tasks to queue
[2024-06-24T17:14:05.980+0000] {logging_mixin.py:150} INFO - [2024-06-24T17:14:05.979+0000] {dagbag.py:541} INFO - Filling up the DagBag from /workspaces/hands-on-introduction-data-engineering-4395021/airflow/dags/one_task_dag.py
[2024-06-24T17:14:05.984+0000] {processor.py:836} INFO - DAG(s) dict_keys(['one_task_dag']) retrieved from /workspaces/hands-on-introduction-data-engineering-4395021/airflow/dags/one_task_dag.py
[2024-06-24T17:14:05.995+0000] {logging_mixin.py:150} INFO - [2024-06-24T17:14:05.995+0000] {dag.py:2742} INFO - Sync 1 DAGs
[2024-06-24T17:14:06.009+0000] {logging_mixin.py:150} INFO - [2024-06-24T17:14:06.009+0000] {dag.py:3504} INFO - Setting next_dagrun for one_task_dag to None, run_after=None
[2024-06-24T17:14:06.050+0000] {processor.py:179} INFO - Processing /workspaces/hands-on-introduction-data-engineering-4395021/airflow/dags/one_task_dag.py took 0.074 seconds
[2024-06-24T17:14:37.052+0000] {processor.py:157} INFO - Started process (PID=12421) to work on /workspaces/hands-on-introduction-data-engineering-4395021/airflow/dags/one_task_dag.py
[2024-06-24T17:14:37.053+0000] {processor.py:826} INFO - Processing file /workspaces/hands-on-introduction-data-engineering-4395021/airflow/dags/one_task_dag.py for tasks to queue
[2024-06-24T17:14:37.054+0000] {logging_mixin.py:150} INFO - [2024-06-24T17:14:37.053+0000] {dagbag.py:541} INFO - Filling up the DagBag from /workspaces/hands-on-introduction-data-engineering-4395021/airflow/dags/one_task_dag.py
[2024-06-24T17:14:37.058+0000] {processor.py:836} INFO - DAG(s) dict_keys(['one_task_dag']) retrieved from /workspaces/hands-on-introduction-data-engineering-4395021/airflow/dags/one_task_dag.py
[2024-06-24T17:14:37.069+0000] {logging_mixin.py:150} INFO - [2024-06-24T17:14:37.069+0000] {dag.py:2742} INFO - Sync 1 DAGs
[2024-06-24T17:14:37.083+0000] {logging_mixin.py:150} INFO - [2024-06-24T17:14:37.083+0000] {dag.py:3504} INFO - Setting next_dagrun for one_task_dag to None, run_after=None
[2024-06-24T17:14:37.127+0000] {processor.py:179} INFO - Processing /workspaces/hands-on-introduction-data-engineering-4395021/airflow/dags/one_task_dag.py took 0.077 seconds
[2024-06-24T17:15:08.071+0000] {processor.py:157} INFO - Started process (PID=12655) to work on /workspaces/hands-on-introduction-data-engineering-4395021/airflow/dags/one_task_dag.py
[2024-06-24T17:15:08.072+0000] {processor.py:826} INFO - Processing file /workspaces/hands-on-introduction-data-engineering-4395021/airflow/dags/one_task_dag.py for tasks to queue
[2024-06-24T17:15:08.073+0000] {logging_mixin.py:150} INFO - [2024-06-24T17:15:08.072+0000] {dagbag.py:541} INFO - Filling up the DagBag from /workspaces/hands-on-introduction-data-engineering-4395021/airflow/dags/one_task_dag.py
[2024-06-24T17:15:08.077+0000] {processor.py:836} INFO - DAG(s) dict_keys(['one_task_dag']) retrieved from /workspaces/hands-on-introduction-data-engineering-4395021/airflow/dags/one_task_dag.py
[2024-06-24T17:15:08.088+0000] {logging_mixin.py:150} INFO - [2024-06-24T17:15:08.087+0000] {dag.py:2742} INFO - Sync 1 DAGs
[2024-06-24T17:15:08.103+0000] {logging_mixin.py:150} INFO - [2024-06-24T17:15:08.103+0000] {dag.py:3504} INFO - Setting next_dagrun for one_task_dag to None, run_after=None
[2024-06-24T17:15:08.142+0000] {processor.py:179} INFO - Processing /workspaces/hands-on-introduction-data-engineering-4395021/airflow/dags/one_task_dag.py took 0.073 seconds
[2024-06-24T17:15:41.210+0000] {processor.py:157} INFO - Started process (PID=12913) to work on /workspaces/hands-on-introduction-data-engineering-4395021/airflow/dags/one_task_dag.py
[2024-06-24T17:15:41.210+0000] {processor.py:826} INFO - Processing file /workspaces/hands-on-introduction-data-engineering-4395021/airflow/dags/one_task_dag.py for tasks to queue
[2024-06-24T17:15:41.211+0000] {logging_mixin.py:150} INFO - [2024-06-24T17:15:41.211+0000] {dagbag.py:541} INFO - Filling up the DagBag from /workspaces/hands-on-introduction-data-engineering-4395021/airflow/dags/one_task_dag.py
[2024-06-24T17:15:41.216+0000] {processor.py:836} INFO - DAG(s) dict_keys(['one_task_dag']) retrieved from /workspaces/hands-on-introduction-data-engineering-4395021/airflow/dags/one_task_dag.py
[2024-06-24T17:15:41.227+0000] {logging_mixin.py:150} INFO - [2024-06-24T17:15:41.227+0000] {dag.py:2742} INFO - Sync 1 DAGs
[2024-06-24T17:15:41.242+0000] {logging_mixin.py:150} INFO - [2024-06-24T17:15:41.241+0000] {dag.py:3504} INFO - Setting next_dagrun for one_task_dag to None, run_after=None
[2024-06-24T17:15:41.282+0000] {processor.py:179} INFO - Processing /workspaces/hands-on-introduction-data-engineering-4395021/airflow/dags/one_task_dag.py took 0.074 seconds
[2024-06-24T17:16:14.324+0000] {processor.py:157} INFO - Started process (PID=13150) to work on /workspaces/hands-on-introduction-data-engineering-4395021/airflow/dags/one_task_dag.py
[2024-06-24T17:16:14.324+0000] {processor.py:826} INFO - Processing file /workspaces/hands-on-introduction-data-engineering-4395021/airflow/dags/one_task_dag.py for tasks to queue
[2024-06-24T17:16:14.325+0000] {logging_mixin.py:150} INFO - [2024-06-24T17:16:14.325+0000] {dagbag.py:541} INFO - Filling up the DagBag from /workspaces/hands-on-introduction-data-engineering-4395021/airflow/dags/one_task_dag.py
[2024-06-24T17:16:14.330+0000] {processor.py:836} INFO - DAG(s) dict_keys(['one_task_dag']) retrieved from /workspaces/hands-on-introduction-data-engineering-4395021/airflow/dags/one_task_dag.py
[2024-06-24T17:16:14.340+0000] {logging_mixin.py:150} INFO - [2024-06-24T17:16:14.340+0000] {dag.py:2742} INFO - Sync 1 DAGs
[2024-06-24T17:16:14.355+0000] {logging_mixin.py:150} INFO - [2024-06-24T17:16:14.355+0000] {dag.py:3504} INFO - Setting next_dagrun for one_task_dag to None, run_after=None
[2024-06-24T17:16:14.394+0000] {processor.py:179} INFO - Processing /workspaces/hands-on-introduction-data-engineering-4395021/airflow/dags/one_task_dag.py took 0.072 seconds
[2024-06-24T17:16:47.871+0000] {processor.py:157} INFO - Started process (PID=13407) to work on /workspaces/hands-on-introduction-data-engineering-4395021/airflow/dags/one_task_dag.py
[2024-06-24T17:16:47.872+0000] {processor.py:826} INFO - Processing file /workspaces/hands-on-introduction-data-engineering-4395021/airflow/dags/one_task_dag.py for tasks to queue
[2024-06-24T17:16:47.872+0000] {logging_mixin.py:150} INFO - [2024-06-24T17:16:47.872+0000] {dagbag.py:541} INFO - Filling up the DagBag from /workspaces/hands-on-introduction-data-engineering-4395021/airflow/dags/one_task_dag.py
[2024-06-24T17:16:47.877+0000] {processor.py:836} INFO - DAG(s) dict_keys(['one_task_dag']) retrieved from /workspaces/hands-on-introduction-data-engineering-4395021/airflow/dags/one_task_dag.py
[2024-06-24T17:16:47.887+0000] {logging_mixin.py:150} INFO - [2024-06-24T17:16:47.887+0000] {dag.py:2742} INFO - Sync 1 DAGs
[2024-06-24T17:16:47.901+0000] {logging_mixin.py:150} INFO - [2024-06-24T17:16:47.901+0000] {dag.py:3504} INFO - Setting next_dagrun for one_task_dag to None, run_after=None
[2024-06-24T17:16:47.942+0000] {processor.py:179} INFO - Processing /workspaces/hands-on-introduction-data-engineering-4395021/airflow/dags/one_task_dag.py took 0.073 seconds
[2024-06-24T17:17:22.130+0000] {processor.py:157} INFO - Started process (PID=13666) to work on /workspaces/hands-on-introduction-data-engineering-4395021/airflow/dags/one_task_dag.py
[2024-06-24T17:17:22.131+0000] {processor.py:826} INFO - Processing file /workspaces/hands-on-introduction-data-engineering-4395021/airflow/dags/one_task_dag.py for tasks to queue
[2024-06-24T17:17:22.132+0000] {logging_mixin.py:150} INFO - [2024-06-24T17:17:22.131+0000] {dagbag.py:541} INFO - Filling up the DagBag from /workspaces/hands-on-introduction-data-engineering-4395021/airflow/dags/one_task_dag.py
[2024-06-24T17:17:22.136+0000] {processor.py:836} INFO - DAG(s) dict_keys(['one_task_dag']) retrieved from /workspaces/hands-on-introduction-data-engineering-4395021/airflow/dags/one_task_dag.py
[2024-06-24T17:17:22.149+0000] {logging_mixin.py:150} INFO - [2024-06-24T17:17:22.149+0000] {dag.py:2742} INFO - Sync 1 DAGs
[2024-06-24T17:17:22.164+0000] {logging_mixin.py:150} INFO - [2024-06-24T17:17:22.163+0000] {dag.py:3504} INFO - Setting next_dagrun for one_task_dag to None, run_after=None
[2024-06-24T17:17:22.207+0000] {processor.py:179} INFO - Processing /workspaces/hands-on-introduction-data-engineering-4395021/airflow/dags/one_task_dag.py took 0.080 seconds
[2024-06-24T17:17:59.579+0000] {processor.py:157} INFO - Started process (PID=13918) to work on /workspaces/hands-on-introduction-data-engineering-4395021/airflow/dags/one_task_dag.py
[2024-06-24T17:17:59.580+0000] {processor.py:826} INFO - Processing file /workspaces/hands-on-introduction-data-engineering-4395021/airflow/dags/one_task_dag.py for tasks to queue
[2024-06-24T17:17:59.581+0000] {logging_mixin.py:150} INFO - [2024-06-24T17:17:59.580+0000] {dagbag.py:541} INFO - Filling up the DagBag from /workspaces/hands-on-introduction-data-engineering-4395021/airflow/dags/one_task_dag.py
[2024-06-24T17:17:59.585+0000] {processor.py:836} INFO - DAG(s) dict_keys(['one_task_dag']) retrieved from /workspaces/hands-on-introduction-data-engineering-4395021/airflow/dags/one_task_dag.py
[2024-06-24T17:17:59.596+0000] {logging_mixin.py:150} INFO - [2024-06-24T17:17:59.595+0000] {dag.py:2742} INFO - Sync 1 DAGs
[2024-06-24T17:17:59.611+0000] {logging_mixin.py:150} INFO - [2024-06-24T17:17:59.610+0000] {dag.py:3504} INFO - Setting next_dagrun for one_task_dag to None, run_after=None
[2024-06-24T17:17:59.654+0000] {processor.py:179} INFO - Processing /workspaces/hands-on-introduction-data-engineering-4395021/airflow/dags/one_task_dag.py took 0.077 seconds
[2024-06-24T17:18:52.010+0000] {processor.py:157} INFO - Started process (PID=14296) to work on /workspaces/hands-on-introduction-data-engineering-4395021/airflow/dags/one_task_dag.py
[2024-06-24T17:18:52.011+0000] {processor.py:826} INFO - Processing file /workspaces/hands-on-introduction-data-engineering-4395021/airflow/dags/one_task_dag.py for tasks to queue
[2024-06-24T17:18:52.011+0000] {logging_mixin.py:150} INFO - [2024-06-24T17:18:52.011+0000] {dagbag.py:541} INFO - Filling up the DagBag from /workspaces/hands-on-introduction-data-engineering-4395021/airflow/dags/one_task_dag.py
[2024-06-24T17:18:52.016+0000] {processor.py:836} INFO - DAG(s) dict_keys(['one_task_dag']) retrieved from /workspaces/hands-on-introduction-data-engineering-4395021/airflow/dags/one_task_dag.py
[2024-06-24T17:18:52.027+0000] {logging_mixin.py:150} INFO - [2024-06-24T17:18:52.027+0000] {dag.py:2742} INFO - Sync 1 DAGs
[2024-06-24T17:18:52.042+0000] {logging_mixin.py:150} INFO - [2024-06-24T17:18:52.042+0000] {dag.py:3504} INFO - Setting next_dagrun for one_task_dag to None, run_after=None
[2024-06-24T17:18:52.082+0000] {processor.py:179} INFO - Processing /workspaces/hands-on-introduction-data-engineering-4395021/airflow/dags/one_task_dag.py took 0.074 seconds
[2024-06-24T17:19:26.525+0000] {processor.py:157} INFO - Started process (PID=14576) to work on /workspaces/hands-on-introduction-data-engineering-4395021/airflow/dags/one_task_dag.py
[2024-06-24T17:19:26.526+0000] {processor.py:826} INFO - Processing file /workspaces/hands-on-introduction-data-engineering-4395021/airflow/dags/one_task_dag.py for tasks to queue
[2024-06-24T17:19:26.527+0000] {logging_mixin.py:150} INFO - [2024-06-24T17:19:26.526+0000] {dagbag.py:541} INFO - Filling up the DagBag from /workspaces/hands-on-introduction-data-engineering-4395021/airflow/dags/one_task_dag.py
[2024-06-24T17:19:26.531+0000] {processor.py:836} INFO - DAG(s) dict_keys(['one_task_dag']) retrieved from /workspaces/hands-on-introduction-data-engineering-4395021/airflow/dags/one_task_dag.py
[2024-06-24T17:19:26.541+0000] {logging_mixin.py:150} INFO - [2024-06-24T17:19:26.541+0000] {dag.py:2742} INFO - Sync 1 DAGs
[2024-06-24T17:19:26.556+0000] {logging_mixin.py:150} INFO - [2024-06-24T17:19:26.556+0000] {dag.py:3504} INFO - Setting next_dagrun for one_task_dag to None, run_after=None
[2024-06-24T17:19:26.596+0000] {processor.py:179} INFO - Processing /workspaces/hands-on-introduction-data-engineering-4395021/airflow/dags/one_task_dag.py took 0.073 seconds
[2024-06-24T17:20:04.414+0000] {processor.py:157} INFO - Started process (PID=14847) to work on /workspaces/hands-on-introduction-data-engineering-4395021/airflow/dags/one_task_dag.py
[2024-06-24T17:20:04.415+0000] {processor.py:826} INFO - Processing file /workspaces/hands-on-introduction-data-engineering-4395021/airflow/dags/one_task_dag.py for tasks to queue
[2024-06-24T17:20:04.415+0000] {logging_mixin.py:150} INFO - [2024-06-24T17:20:04.415+0000] {dagbag.py:541} INFO - Filling up the DagBag from /workspaces/hands-on-introduction-data-engineering-4395021/airflow/dags/one_task_dag.py
[2024-06-24T17:20:04.420+0000] {processor.py:836} INFO - DAG(s) dict_keys(['one_task_dag']) retrieved from /workspaces/hands-on-introduction-data-engineering-4395021/airflow/dags/one_task_dag.py
[2024-06-24T17:20:04.431+0000] {logging_mixin.py:150} INFO - [2024-06-24T17:20:04.431+0000] {dag.py:2742} INFO - Sync 1 DAGs
[2024-06-24T17:20:04.445+0000] {logging_mixin.py:150} INFO - [2024-06-24T17:20:04.445+0000] {dag.py:3504} INFO - Setting next_dagrun for one_task_dag to None, run_after=None
[2024-06-24T17:20:04.487+0000] {processor.py:179} INFO - Processing /workspaces/hands-on-introduction-data-engineering-4395021/airflow/dags/one_task_dag.py took 0.076 seconds
[2024-06-24T17:20:45.561+0000] {processor.py:157} INFO - Started process (PID=15147) to work on /workspaces/hands-on-introduction-data-engineering-4395021/airflow/dags/one_task_dag.py
[2024-06-24T17:20:45.562+0000] {processor.py:826} INFO - Processing file /workspaces/hands-on-introduction-data-engineering-4395021/airflow/dags/one_task_dag.py for tasks to queue
[2024-06-24T17:20:45.562+0000] {logging_mixin.py:150} INFO - [2024-06-24T17:20:45.562+0000] {dagbag.py:541} INFO - Filling up the DagBag from /workspaces/hands-on-introduction-data-engineering-4395021/airflow/dags/one_task_dag.py
[2024-06-24T17:20:45.567+0000] {processor.py:836} INFO - DAG(s) dict_keys(['one_task_dag']) retrieved from /workspaces/hands-on-introduction-data-engineering-4395021/airflow/dags/one_task_dag.py
[2024-06-24T17:20:45.577+0000] {logging_mixin.py:150} INFO - [2024-06-24T17:20:45.577+0000] {dag.py:2742} INFO - Sync 1 DAGs
[2024-06-24T17:20:45.596+0000] {logging_mixin.py:150} INFO - [2024-06-24T17:20:45.596+0000] {dag.py:3504} INFO - Setting next_dagrun for one_task_dag to None, run_after=None
[2024-06-24T17:20:45.639+0000] {processor.py:179} INFO - Processing /workspaces/hands-on-introduction-data-engineering-4395021/airflow/dags/one_task_dag.py took 0.080 seconds
[2024-06-24T17:21:22.978+0000] {processor.py:157} INFO - Started process (PID=15394) to work on /workspaces/hands-on-introduction-data-engineering-4395021/airflow/dags/one_task_dag.py
[2024-06-24T17:21:22.979+0000] {processor.py:826} INFO - Processing file /workspaces/hands-on-introduction-data-engineering-4395021/airflow/dags/one_task_dag.py for tasks to queue
[2024-06-24T17:21:22.980+0000] {logging_mixin.py:150} INFO - [2024-06-24T17:21:22.979+0000] {dagbag.py:541} INFO - Filling up the DagBag from /workspaces/hands-on-introduction-data-engineering-4395021/airflow/dags/one_task_dag.py
[2024-06-24T17:21:22.984+0000] {processor.py:836} INFO - DAG(s) dict_keys(['one_task_dag']) retrieved from /workspaces/hands-on-introduction-data-engineering-4395021/airflow/dags/one_task_dag.py
[2024-06-24T17:21:22.994+0000] {logging_mixin.py:150} INFO - [2024-06-24T17:21:22.994+0000] {dag.py:2742} INFO - Sync 1 DAGs
[2024-06-24T17:21:23.009+0000] {logging_mixin.py:150} INFO - [2024-06-24T17:21:23.009+0000] {dag.py:3504} INFO - Setting next_dagrun for one_task_dag to None, run_after=None
[2024-06-24T17:21:23.047+0000] {processor.py:179} INFO - Processing /workspaces/hands-on-introduction-data-engineering-4395021/airflow/dags/one_task_dag.py took 0.071 seconds
[2024-06-24T17:21:58.062+0000] {processor.py:157} INFO - Started process (PID=15646) to work on /workspaces/hands-on-introduction-data-engineering-4395021/airflow/dags/one_task_dag.py
[2024-06-24T17:21:58.062+0000] {processor.py:826} INFO - Processing file /workspaces/hands-on-introduction-data-engineering-4395021/airflow/dags/one_task_dag.py for tasks to queue
[2024-06-24T17:21:58.063+0000] {logging_mixin.py:150} INFO - [2024-06-24T17:21:58.063+0000] {dagbag.py:541} INFO - Filling up the DagBag from /workspaces/hands-on-introduction-data-engineering-4395021/airflow/dags/one_task_dag.py
[2024-06-24T17:21:58.068+0000] {processor.py:836} INFO - DAG(s) dict_keys(['one_task_dag']) retrieved from /workspaces/hands-on-introduction-data-engineering-4395021/airflow/dags/one_task_dag.py
[2024-06-24T17:21:58.078+0000] {logging_mixin.py:150} INFO - [2024-06-24T17:21:58.078+0000] {dag.py:2742} INFO - Sync 1 DAGs
[2024-06-24T17:21:58.092+0000] {logging_mixin.py:150} INFO - [2024-06-24T17:21:58.092+0000] {dag.py:3504} INFO - Setting next_dagrun for one_task_dag to None, run_after=None
[2024-06-24T17:21:58.131+0000] {processor.py:179} INFO - Processing /workspaces/hands-on-introduction-data-engineering-4395021/airflow/dags/one_task_dag.py took 0.071 seconds
[2024-06-24T17:22:30.305+0000] {processor.py:157} INFO - Started process (PID=15871) to work on /workspaces/hands-on-introduction-data-engineering-4395021/airflow/dags/one_task_dag.py
[2024-06-24T17:22:30.306+0000] {processor.py:826} INFO - Processing file /workspaces/hands-on-introduction-data-engineering-4395021/airflow/dags/one_task_dag.py for tasks to queue
[2024-06-24T17:22:30.306+0000] {logging_mixin.py:150} INFO - [2024-06-24T17:22:30.306+0000] {dagbag.py:541} INFO - Filling up the DagBag from /workspaces/hands-on-introduction-data-engineering-4395021/airflow/dags/one_task_dag.py
[2024-06-24T17:22:30.311+0000] {processor.py:836} INFO - DAG(s) dict_keys(['one_task_dag']) retrieved from /workspaces/hands-on-introduction-data-engineering-4395021/airflow/dags/one_task_dag.py
[2024-06-24T17:22:30.321+0000] {logging_mixin.py:150} INFO - [2024-06-24T17:22:30.321+0000] {dag.py:2742} INFO - Sync 1 DAGs
[2024-06-24T17:22:30.338+0000] {logging_mixin.py:150} INFO - [2024-06-24T17:22:30.338+0000] {dag.py:3504} INFO - Setting next_dagrun for one_task_dag to None, run_after=None
[2024-06-24T17:22:30.395+0000] {processor.py:179} INFO - Processing /workspaces/hands-on-introduction-data-engineering-4395021/airflow/dags/one_task_dag.py took 0.093 seconds
[2024-06-24T17:23:04.709+0000] {processor.py:157} INFO - Started process (PID=16102) to work on /workspaces/hands-on-introduction-data-engineering-4395021/airflow/dags/one_task_dag.py
[2024-06-24T17:23:04.710+0000] {processor.py:826} INFO - Processing file /workspaces/hands-on-introduction-data-engineering-4395021/airflow/dags/one_task_dag.py for tasks to queue
[2024-06-24T17:23:04.711+0000] {logging_mixin.py:150} INFO - [2024-06-24T17:23:04.710+0000] {dagbag.py:541} INFO - Filling up the DagBag from /workspaces/hands-on-introduction-data-engineering-4395021/airflow/dags/one_task_dag.py
[2024-06-24T17:23:04.717+0000] {processor.py:836} INFO - DAG(s) dict_keys(['one_task_dag']) retrieved from /workspaces/hands-on-introduction-data-engineering-4395021/airflow/dags/one_task_dag.py
[2024-06-24T17:23:04.729+0000] {logging_mixin.py:150} INFO - [2024-06-24T17:23:04.729+0000] {dag.py:2742} INFO - Sync 1 DAGs
[2024-06-24T17:23:04.744+0000] {logging_mixin.py:150} INFO - [2024-06-24T17:23:04.744+0000] {dag.py:3504} INFO - Setting next_dagrun for one_task_dag to None, run_after=None
[2024-06-24T17:23:04.783+0000] {processor.py:179} INFO - Processing /workspaces/hands-on-introduction-data-engineering-4395021/airflow/dags/one_task_dag.py took 0.077 seconds
[2024-06-24T17:23:41.226+0000] {processor.py:157} INFO - Started process (PID=16365) to work on /workspaces/hands-on-introduction-data-engineering-4395021/airflow/dags/one_task_dag.py
[2024-06-24T17:23:41.227+0000] {processor.py:826} INFO - Processing file /workspaces/hands-on-introduction-data-engineering-4395021/airflow/dags/one_task_dag.py for tasks to queue
[2024-06-24T17:23:41.228+0000] {logging_mixin.py:150} INFO - [2024-06-24T17:23:41.227+0000] {dagbag.py:541} INFO - Filling up the DagBag from /workspaces/hands-on-introduction-data-engineering-4395021/airflow/dags/one_task_dag.py
[2024-06-24T17:23:41.232+0000] {processor.py:836} INFO - DAG(s) dict_keys(['one_task_dag']) retrieved from /workspaces/hands-on-introduction-data-engineering-4395021/airflow/dags/one_task_dag.py
[2024-06-24T17:23:41.243+0000] {logging_mixin.py:150} INFO - [2024-06-24T17:23:41.243+0000] {dag.py:2742} INFO - Sync 1 DAGs
[2024-06-24T17:23:41.258+0000] {logging_mixin.py:150} INFO - [2024-06-24T17:23:41.258+0000] {dag.py:3504} INFO - Setting next_dagrun for one_task_dag to None, run_after=None
[2024-06-24T17:23:41.294+0000] {processor.py:179} INFO - Processing /workspaces/hands-on-introduction-data-engineering-4395021/airflow/dags/one_task_dag.py took 0.070 seconds
[2024-06-24T17:24:13.597+0000] {processor.py:157} INFO - Started process (PID=16589) to work on /workspaces/hands-on-introduction-data-engineering-4395021/airflow/dags/one_task_dag.py
[2024-06-24T17:24:13.598+0000] {processor.py:826} INFO - Processing file /workspaces/hands-on-introduction-data-engineering-4395021/airflow/dags/one_task_dag.py for tasks to queue
[2024-06-24T17:24:13.598+0000] {logging_mixin.py:150} INFO - [2024-06-24T17:24:13.598+0000] {dagbag.py:541} INFO - Filling up the DagBag from /workspaces/hands-on-introduction-data-engineering-4395021/airflow/dags/one_task_dag.py
[2024-06-24T17:24:13.603+0000] {processor.py:836} INFO - DAG(s) dict_keys(['one_task_dag']) retrieved from /workspaces/hands-on-introduction-data-engineering-4395021/airflow/dags/one_task_dag.py
[2024-06-24T17:24:13.614+0000] {logging_mixin.py:150} INFO - [2024-06-24T17:24:13.613+0000] {dag.py:2742} INFO - Sync 1 DAGs
[2024-06-24T17:24:13.628+0000] {logging_mixin.py:150} INFO - [2024-06-24T17:24:13.628+0000] {dag.py:3504} INFO - Setting next_dagrun for one_task_dag to None, run_after=None
[2024-06-24T17:24:13.666+0000] {processor.py:179} INFO - Processing /workspaces/hands-on-introduction-data-engineering-4395021/airflow/dags/one_task_dag.py took 0.072 seconds
[2024-06-24T17:24:50.703+0000] {processor.py:157} INFO - Started process (PID=16854) to work on /workspaces/hands-on-introduction-data-engineering-4395021/airflow/dags/one_task_dag.py
[2024-06-24T17:24:50.704+0000] {processor.py:826} INFO - Processing file /workspaces/hands-on-introduction-data-engineering-4395021/airflow/dags/one_task_dag.py for tasks to queue
[2024-06-24T17:24:50.705+0000] {logging_mixin.py:150} INFO - [2024-06-24T17:24:50.704+0000] {dagbag.py:541} INFO - Filling up the DagBag from /workspaces/hands-on-introduction-data-engineering-4395021/airflow/dags/one_task_dag.py
[2024-06-24T17:24:50.709+0000] {processor.py:836} INFO - DAG(s) dict_keys(['one_task_dag']) retrieved from /workspaces/hands-on-introduction-data-engineering-4395021/airflow/dags/one_task_dag.py
[2024-06-24T17:24:50.720+0000] {logging_mixin.py:150} INFO - [2024-06-24T17:24:50.720+0000] {dag.py:2742} INFO - Sync 1 DAGs
[2024-06-24T17:24:50.734+0000] {logging_mixin.py:150} INFO - [2024-06-24T17:24:50.734+0000] {dag.py:3504} INFO - Setting next_dagrun for one_task_dag to None, run_after=None
[2024-06-24T17:24:50.774+0000] {processor.py:179} INFO - Processing /workspaces/hands-on-introduction-data-engineering-4395021/airflow/dags/one_task_dag.py took 0.072 seconds
[2024-06-24T17:25:27.391+0000] {processor.py:157} INFO - Started process (PID=17099) to work on /workspaces/hands-on-introduction-data-engineering-4395021/airflow/dags/one_task_dag.py
[2024-06-24T17:25:27.392+0000] {processor.py:826} INFO - Processing file /workspaces/hands-on-introduction-data-engineering-4395021/airflow/dags/one_task_dag.py for tasks to queue
[2024-06-24T17:25:27.393+0000] {logging_mixin.py:150} INFO - [2024-06-24T17:25:27.392+0000] {dagbag.py:541} INFO - Filling up the DagBag from /workspaces/hands-on-introduction-data-engineering-4395021/airflow/dags/one_task_dag.py
[2024-06-24T17:25:27.397+0000] {processor.py:836} INFO - DAG(s) dict_keys(['one_task_dag']) retrieved from /workspaces/hands-on-introduction-data-engineering-4395021/airflow/dags/one_task_dag.py
[2024-06-24T17:25:27.407+0000] {logging_mixin.py:150} INFO - [2024-06-24T17:25:27.407+0000] {dag.py:2742} INFO - Sync 1 DAGs
[2024-06-24T17:25:27.421+0000] {logging_mixin.py:150} INFO - [2024-06-24T17:25:27.421+0000] {dag.py:3504} INFO - Setting next_dagrun for one_task_dag to None, run_after=None
[2024-06-24T17:25:27.459+0000] {processor.py:179} INFO - Processing /workspaces/hands-on-introduction-data-engineering-4395021/airflow/dags/one_task_dag.py took 0.070 seconds
[2024-06-24T17:25:59.915+0000] {processor.py:157} INFO - Started process (PID=17325) to work on /workspaces/hands-on-introduction-data-engineering-4395021/airflow/dags/one_task_dag.py
[2024-06-24T17:25:59.916+0000] {processor.py:826} INFO - Processing file /workspaces/hands-on-introduction-data-engineering-4395021/airflow/dags/one_task_dag.py for tasks to queue
[2024-06-24T17:25:59.917+0000] {logging_mixin.py:150} INFO - [2024-06-24T17:25:59.916+0000] {dagbag.py:541} INFO - Filling up the DagBag from /workspaces/hands-on-introduction-data-engineering-4395021/airflow/dags/one_task_dag.py
[2024-06-24T17:25:59.921+0000] {processor.py:836} INFO - DAG(s) dict_keys(['one_task_dag']) retrieved from /workspaces/hands-on-introduction-data-engineering-4395021/airflow/dags/one_task_dag.py
[2024-06-24T17:25:59.931+0000] {logging_mixin.py:150} INFO - [2024-06-24T17:25:59.931+0000] {dag.py:2742} INFO - Sync 1 DAGs
[2024-06-24T17:25:59.946+0000] {logging_mixin.py:150} INFO - [2024-06-24T17:25:59.946+0000] {dag.py:3504} INFO - Setting next_dagrun for one_task_dag to None, run_after=None
[2024-06-24T17:25:59.991+0000] {processor.py:179} INFO - Processing /workspaces/hands-on-introduction-data-engineering-4395021/airflow/dags/one_task_dag.py took 0.078 seconds
[2024-06-24T17:26:33.549+0000] {processor.py:157} INFO - Started process (PID=17571) to work on /workspaces/hands-on-introduction-data-engineering-4395021/airflow/dags/one_task_dag.py
[2024-06-24T17:26:33.550+0000] {processor.py:826} INFO - Processing file /workspaces/hands-on-introduction-data-engineering-4395021/airflow/dags/one_task_dag.py for tasks to queue
[2024-06-24T17:26:33.550+0000] {logging_mixin.py:150} INFO - [2024-06-24T17:26:33.550+0000] {dagbag.py:541} INFO - Filling up the DagBag from /workspaces/hands-on-introduction-data-engineering-4395021/airflow/dags/one_task_dag.py
[2024-06-24T17:26:33.555+0000] {processor.py:836} INFO - DAG(s) dict_keys(['one_task_dag']) retrieved from /workspaces/hands-on-introduction-data-engineering-4395021/airflow/dags/one_task_dag.py
[2024-06-24T17:26:33.565+0000] {logging_mixin.py:150} INFO - [2024-06-24T17:26:33.565+0000] {dag.py:2742} INFO - Sync 1 DAGs
[2024-06-24T17:26:33.579+0000] {logging_mixin.py:150} INFO - [2024-06-24T17:26:33.579+0000] {dag.py:3504} INFO - Setting next_dagrun for one_task_dag to None, run_after=None
[2024-06-24T17:26:33.618+0000] {processor.py:179} INFO - Processing /workspaces/hands-on-introduction-data-engineering-4395021/airflow/dags/one_task_dag.py took 0.071 seconds
[2024-06-24T17:27:04.736+0000] {processor.py:157} INFO - Started process (PID=17792) to work on /workspaces/hands-on-introduction-data-engineering-4395021/airflow/dags/one_task_dag.py
[2024-06-24T17:27:04.737+0000] {processor.py:826} INFO - Processing file /workspaces/hands-on-introduction-data-engineering-4395021/airflow/dags/one_task_dag.py for tasks to queue
[2024-06-24T17:27:04.738+0000] {logging_mixin.py:150} INFO - [2024-06-24T17:27:04.737+0000] {dagbag.py:541} INFO - Filling up the DagBag from /workspaces/hands-on-introduction-data-engineering-4395021/airflow/dags/one_task_dag.py
[2024-06-24T17:27:04.742+0000] {processor.py:836} INFO - DAG(s) dict_keys(['one_task_dag']) retrieved from /workspaces/hands-on-introduction-data-engineering-4395021/airflow/dags/one_task_dag.py
[2024-06-24T17:27:04.753+0000] {logging_mixin.py:150} INFO - [2024-06-24T17:27:04.753+0000] {dag.py:2742} INFO - Sync 1 DAGs
[2024-06-24T17:27:04.767+0000] {logging_mixin.py:150} INFO - [2024-06-24T17:27:04.767+0000] {dag.py:3504} INFO - Setting next_dagrun for one_task_dag to None, run_after=None
[2024-06-24T17:27:04.805+0000] {processor.py:179} INFO - Processing /workspaces/hands-on-introduction-data-engineering-4395021/airflow/dags/one_task_dag.py took 0.071 seconds
[2024-06-24T17:27:40.914+0000] {processor.py:157} INFO - Started process (PID=18034) to work on /workspaces/hands-on-introduction-data-engineering-4395021/airflow/dags/one_task_dag.py
[2024-06-24T17:27:40.914+0000] {processor.py:826} INFO - Processing file /workspaces/hands-on-introduction-data-engineering-4395021/airflow/dags/one_task_dag.py for tasks to queue
[2024-06-24T17:27:40.915+0000] {logging_mixin.py:150} INFO - [2024-06-24T17:27:40.915+0000] {dagbag.py:541} INFO - Filling up the DagBag from /workspaces/hands-on-introduction-data-engineering-4395021/airflow/dags/one_task_dag.py
[2024-06-24T17:27:40.919+0000] {processor.py:836} INFO - DAG(s) dict_keys(['one_task_dag']) retrieved from /workspaces/hands-on-introduction-data-engineering-4395021/airflow/dags/one_task_dag.py
[2024-06-24T17:27:40.930+0000] {logging_mixin.py:150} INFO - [2024-06-24T17:27:40.930+0000] {dag.py:2742} INFO - Sync 1 DAGs
[2024-06-24T17:27:40.945+0000] {logging_mixin.py:150} INFO - [2024-06-24T17:27:40.945+0000] {dag.py:3504} INFO - Setting next_dagrun for one_task_dag to None, run_after=None
[2024-06-24T17:27:40.982+0000] {processor.py:179} INFO - Processing /workspaces/hands-on-introduction-data-engineering-4395021/airflow/dags/one_task_dag.py took 0.070 seconds
[2024-06-24T17:28:15.829+0000] {processor.py:157} INFO - Started process (PID=18283) to work on /workspaces/hands-on-introduction-data-engineering-4395021/airflow/dags/one_task_dag.py
[2024-06-24T17:28:15.829+0000] {processor.py:826} INFO - Processing file /workspaces/hands-on-introduction-data-engineering-4395021/airflow/dags/one_task_dag.py for tasks to queue
[2024-06-24T17:28:15.830+0000] {logging_mixin.py:150} INFO - [2024-06-24T17:28:15.830+0000] {dagbag.py:541} INFO - Filling up the DagBag from /workspaces/hands-on-introduction-data-engineering-4395021/airflow/dags/one_task_dag.py
[2024-06-24T17:28:15.835+0000] {processor.py:836} INFO - DAG(s) dict_keys(['one_task_dag']) retrieved from /workspaces/hands-on-introduction-data-engineering-4395021/airflow/dags/one_task_dag.py
[2024-06-24T17:28:15.845+0000] {logging_mixin.py:150} INFO - [2024-06-24T17:28:15.845+0000] {dag.py:2742} INFO - Sync 1 DAGs
[2024-06-24T17:28:15.860+0000] {logging_mixin.py:150} INFO - [2024-06-24T17:28:15.860+0000] {dag.py:3504} INFO - Setting next_dagrun for one_task_dag to None, run_after=None
[2024-06-24T17:28:15.897+0000] {processor.py:179} INFO - Processing /workspaces/hands-on-introduction-data-engineering-4395021/airflow/dags/one_task_dag.py took 0.071 seconds
[2024-06-24T17:28:53.233+0000] {processor.py:157} INFO - Started process (PID=18532) to work on /workspaces/hands-on-introduction-data-engineering-4395021/airflow/dags/one_task_dag.py
[2024-06-24T17:28:53.233+0000] {processor.py:826} INFO - Processing file /workspaces/hands-on-introduction-data-engineering-4395021/airflow/dags/one_task_dag.py for tasks to queue
[2024-06-24T17:28:53.234+0000] {logging_mixin.py:150} INFO - [2024-06-24T17:28:53.234+0000] {dagbag.py:541} INFO - Filling up the DagBag from /workspaces/hands-on-introduction-data-engineering-4395021/airflow/dags/one_task_dag.py
[2024-06-24T17:28:53.239+0000] {processor.py:836} INFO - DAG(s) dict_keys(['one_task_dag']) retrieved from /workspaces/hands-on-introduction-data-engineering-4395021/airflow/dags/one_task_dag.py
[2024-06-24T17:28:53.249+0000] {logging_mixin.py:150} INFO - [2024-06-24T17:28:53.249+0000] {dag.py:2742} INFO - Sync 1 DAGs
[2024-06-24T17:28:53.264+0000] {logging_mixin.py:150} INFO - [2024-06-24T17:28:53.264+0000] {dag.py:3504} INFO - Setting next_dagrun for one_task_dag to None, run_after=None
[2024-06-24T17:28:53.304+0000] {processor.py:179} INFO - Processing /workspaces/hands-on-introduction-data-engineering-4395021/airflow/dags/one_task_dag.py took 0.074 seconds
[2024-06-24T17:29:27.706+0000] {processor.py:157} INFO - Started process (PID=18782) to work on /workspaces/hands-on-introduction-data-engineering-4395021/airflow/dags/one_task_dag.py
[2024-06-24T17:29:27.707+0000] {processor.py:826} INFO - Processing file /workspaces/hands-on-introduction-data-engineering-4395021/airflow/dags/one_task_dag.py for tasks to queue
[2024-06-24T17:29:27.707+0000] {logging_mixin.py:150} INFO - [2024-06-24T17:29:27.707+0000] {dagbag.py:541} INFO - Filling up the DagBag from /workspaces/hands-on-introduction-data-engineering-4395021/airflow/dags/one_task_dag.py
[2024-06-24T17:29:27.712+0000] {processor.py:836} INFO - DAG(s) dict_keys(['one_task_dag']) retrieved from /workspaces/hands-on-introduction-data-engineering-4395021/airflow/dags/one_task_dag.py
[2024-06-24T17:29:27.722+0000] {logging_mixin.py:150} INFO - [2024-06-24T17:29:27.722+0000] {dag.py:2742} INFO - Sync 1 DAGs
[2024-06-24T17:29:27.738+0000] {logging_mixin.py:150} INFO - [2024-06-24T17:29:27.738+0000] {dag.py:3504} INFO - Setting next_dagrun for one_task_dag to None, run_after=None
[2024-06-24T17:29:27.776+0000] {processor.py:179} INFO - Processing /workspaces/hands-on-introduction-data-engineering-4395021/airflow/dags/one_task_dag.py took 0.073 seconds
[2024-06-24T17:30:02.956+0000] {processor.py:157} INFO - Started process (PID=19018) to work on /workspaces/hands-on-introduction-data-engineering-4395021/airflow/dags/one_task_dag.py
[2024-06-24T17:30:02.957+0000] {processor.py:826} INFO - Processing file /workspaces/hands-on-introduction-data-engineering-4395021/airflow/dags/one_task_dag.py for tasks to queue
[2024-06-24T17:30:02.957+0000] {logging_mixin.py:150} INFO - [2024-06-24T17:30:02.957+0000] {dagbag.py:541} INFO - Filling up the DagBag from /workspaces/hands-on-introduction-data-engineering-4395021/airflow/dags/one_task_dag.py
[2024-06-24T17:30:02.962+0000] {processor.py:836} INFO - DAG(s) dict_keys(['one_task_dag']) retrieved from /workspaces/hands-on-introduction-data-engineering-4395021/airflow/dags/one_task_dag.py
[2024-06-24T17:30:02.972+0000] {logging_mixin.py:150} INFO - [2024-06-24T17:30:02.972+0000] {dag.py:2742} INFO - Sync 1 DAGs
[2024-06-24T17:30:02.986+0000] {logging_mixin.py:150} INFO - [2024-06-24T17:30:02.986+0000] {dag.py:3504} INFO - Setting next_dagrun for one_task_dag to None, run_after=None
[2024-06-24T17:30:03.028+0000] {processor.py:179} INFO - Processing /workspaces/hands-on-introduction-data-engineering-4395021/airflow/dags/one_task_dag.py took 0.074 seconds
[2024-06-24T17:30:38.003+0000] {processor.py:157} INFO - Started process (PID=19266) to work on /workspaces/hands-on-introduction-data-engineering-4395021/airflow/dags/one_task_dag.py
[2024-06-24T17:30:38.003+0000] {processor.py:826} INFO - Processing file /workspaces/hands-on-introduction-data-engineering-4395021/airflow/dags/one_task_dag.py for tasks to queue
[2024-06-24T17:30:38.004+0000] {logging_mixin.py:150} INFO - [2024-06-24T17:30:38.004+0000] {dagbag.py:541} INFO - Filling up the DagBag from /workspaces/hands-on-introduction-data-engineering-4395021/airflow/dags/one_task_dag.py
[2024-06-24T17:30:38.009+0000] {processor.py:836} INFO - DAG(s) dict_keys(['one_task_dag']) retrieved from /workspaces/hands-on-introduction-data-engineering-4395021/airflow/dags/one_task_dag.py
[2024-06-24T17:30:38.020+0000] {logging_mixin.py:150} INFO - [2024-06-24T17:30:38.019+0000] {dag.py:2742} INFO - Sync 1 DAGs
[2024-06-24T17:30:38.035+0000] {logging_mixin.py:150} INFO - [2024-06-24T17:30:38.034+0000] {dag.py:3504} INFO - Setting next_dagrun for one_task_dag to None, run_after=None
[2024-06-24T17:30:38.093+0000] {processor.py:179} INFO - Processing /workspaces/hands-on-introduction-data-engineering-4395021/airflow/dags/one_task_dag.py took 0.092 seconds
[2024-06-24T17:31:13.011+0000] {processor.py:157} INFO - Started process (PID=19505) to work on /workspaces/hands-on-introduction-data-engineering-4395021/airflow/dags/one_task_dag.py
[2024-06-24T17:31:13.012+0000] {processor.py:826} INFO - Processing file /workspaces/hands-on-introduction-data-engineering-4395021/airflow/dags/one_task_dag.py for tasks to queue
[2024-06-24T17:31:13.012+0000] {logging_mixin.py:150} INFO - [2024-06-24T17:31:13.012+0000] {dagbag.py:541} INFO - Filling up the DagBag from /workspaces/hands-on-introduction-data-engineering-4395021/airflow/dags/one_task_dag.py
[2024-06-24T17:31:13.017+0000] {processor.py:836} INFO - DAG(s) dict_keys(['one_task_dag']) retrieved from /workspaces/hands-on-introduction-data-engineering-4395021/airflow/dags/one_task_dag.py
[2024-06-24T17:31:13.028+0000] {logging_mixin.py:150} INFO - [2024-06-24T17:31:13.028+0000] {dag.py:2742} INFO - Sync 1 DAGs
[2024-06-24T17:31:13.048+0000] {logging_mixin.py:150} INFO - [2024-06-24T17:31:13.048+0000] {dag.py:3504} INFO - Setting next_dagrun for one_task_dag to None, run_after=None
[2024-06-24T17:31:13.086+0000] {processor.py:179} INFO - Processing /workspaces/hands-on-introduction-data-engineering-4395021/airflow/dags/one_task_dag.py took 0.077 seconds
