[2024-06-24T17:17:40.383+0000] {processor.py:157} INFO - Started process (PID=13782) to work on /workspaces/hands-on-introduction-data-engineering-4395021/airflow/dags/two_task_dag.py
[2024-06-24T17:17:40.383+0000] {processor.py:826} INFO - Processing file /workspaces/hands-on-introduction-data-engineering-4395021/airflow/dags/two_task_dag.py for tasks to queue
[2024-06-24T17:17:40.384+0000] {logging_mixin.py:150} INFO - [2024-06-24T17:17:40.384+0000] {dagbag.py:541} INFO - Filling up the DagBag from /workspaces/hands-on-introduction-data-engineering-4395021/airflow/dags/two_task_dag.py
[2024-06-24T17:17:40.392+0000] {processor.py:836} INFO - DAG(s) dict_keys(['two_task_dag']) retrieved from /workspaces/hands-on-introduction-data-engineering-4395021/airflow/dags/two_task_dag.py
[2024-06-24T17:17:40.521+0000] {logging_mixin.py:150} INFO - [2024-06-24T17:17:40.520+0000] {manager.py:504} INFO - Created Permission View: can edit on DAG:two_task_dag
[2024-06-24T17:17:40.552+0000] {logging_mixin.py:150} INFO - [2024-06-24T17:17:40.552+0000] {manager.py:504} INFO - Created Permission View: can delete on DAG:two_task_dag
[2024-06-24T17:17:40.583+0000] {logging_mixin.py:150} INFO - [2024-06-24T17:17:40.583+0000] {manager.py:504} INFO - Created Permission View: can read on DAG:two_task_dag
[2024-06-24T17:17:40.592+0000] {logging_mixin.py:150} INFO - [2024-06-24T17:17:40.592+0000] {dag.py:2742} INFO - Sync 1 DAGs
[2024-06-24T17:17:40.600+0000] {logging_mixin.py:150} INFO - [2024-06-24T17:17:40.600+0000] {dag.py:2763} INFO - Creating ORM DAG for two_task_dag
[2024-06-24T17:17:40.608+0000] {logging_mixin.py:150} INFO - [2024-06-24T17:17:40.608+0000] {dag.py:3504} INFO - Setting next_dagrun for two_task_dag to None, run_after=None
[2024-06-24T17:17:40.647+0000] {processor.py:179} INFO - Processing /workspaces/hands-on-introduction-data-engineering-4395021/airflow/dags/two_task_dag.py took 0.267 seconds
[2024-06-24T17:18:24.814+0000] {processor.py:157} INFO - Started process (PID=14102) to work on /workspaces/hands-on-introduction-data-engineering-4395021/airflow/dags/two_task_dag.py
[2024-06-24T17:18:24.814+0000] {processor.py:826} INFO - Processing file /workspaces/hands-on-introduction-data-engineering-4395021/airflow/dags/two_task_dag.py for tasks to queue
[2024-06-24T17:18:24.815+0000] {logging_mixin.py:150} INFO - [2024-06-24T17:18:24.815+0000] {dagbag.py:541} INFO - Filling up the DagBag from /workspaces/hands-on-introduction-data-engineering-4395021/airflow/dags/two_task_dag.py
[2024-06-24T17:18:24.820+0000] {processor.py:836} INFO - DAG(s) dict_keys(['two_task_dag']) retrieved from /workspaces/hands-on-introduction-data-engineering-4395021/airflow/dags/two_task_dag.py
[2024-06-24T17:18:24.831+0000] {logging_mixin.py:150} INFO - [2024-06-24T17:18:24.831+0000] {dag.py:2742} INFO - Sync 1 DAGs
[2024-06-24T17:18:24.846+0000] {logging_mixin.py:150} INFO - [2024-06-24T17:18:24.846+0000] {dag.py:3504} INFO - Setting next_dagrun for two_task_dag to None, run_after=None
[2024-06-24T17:18:24.906+0000] {processor.py:179} INFO - Processing /workspaces/hands-on-introduction-data-engineering-4395021/airflow/dags/two_task_dag.py took 0.095 seconds
[2024-06-24T17:19:08.716+0000] {processor.py:157} INFO - Started process (PID=14434) to work on /workspaces/hands-on-introduction-data-engineering-4395021/airflow/dags/two_task_dag.py
[2024-06-24T17:19:08.717+0000] {processor.py:826} INFO - Processing file /workspaces/hands-on-introduction-data-engineering-4395021/airflow/dags/two_task_dag.py for tasks to queue
[2024-06-24T17:19:08.718+0000] {logging_mixin.py:150} INFO - [2024-06-24T17:19:08.717+0000] {dagbag.py:541} INFO - Filling up the DagBag from /workspaces/hands-on-introduction-data-engineering-4395021/airflow/dags/two_task_dag.py
[2024-06-24T17:19:08.723+0000] {processor.py:836} INFO - DAG(s) dict_keys(['two_task_dag']) retrieved from /workspaces/hands-on-introduction-data-engineering-4395021/airflow/dags/two_task_dag.py
[2024-06-24T17:19:08.733+0000] {logging_mixin.py:150} INFO - [2024-06-24T17:19:08.733+0000] {dag.py:2742} INFO - Sync 1 DAGs
[2024-06-24T17:19:08.747+0000] {logging_mixin.py:150} INFO - [2024-06-24T17:19:08.747+0000] {dag.py:3504} INFO - Setting next_dagrun for two_task_dag to None, run_after=None
[2024-06-24T17:19:08.786+0000] {processor.py:179} INFO - Processing /workspaces/hands-on-introduction-data-engineering-4395021/airflow/dags/two_task_dag.py took 0.072 seconds
[2024-06-24T17:19:45.579+0000] {processor.py:157} INFO - Started process (PID=14728) to work on /workspaces/hands-on-introduction-data-engineering-4395021/airflow/dags/two_task_dag.py
[2024-06-24T17:19:45.580+0000] {processor.py:826} INFO - Processing file /workspaces/hands-on-introduction-data-engineering-4395021/airflow/dags/two_task_dag.py for tasks to queue
[2024-06-24T17:19:45.581+0000] {logging_mixin.py:150} INFO - [2024-06-24T17:19:45.580+0000] {dagbag.py:541} INFO - Filling up the DagBag from /workspaces/hands-on-introduction-data-engineering-4395021/airflow/dags/two_task_dag.py
[2024-06-24T17:19:45.585+0000] {processor.py:836} INFO - DAG(s) dict_keys(['two_task_dag']) retrieved from /workspaces/hands-on-introduction-data-engineering-4395021/airflow/dags/two_task_dag.py
[2024-06-24T17:19:45.596+0000] {logging_mixin.py:150} INFO - [2024-06-24T17:19:45.596+0000] {dag.py:2742} INFO - Sync 1 DAGs
[2024-06-24T17:19:45.612+0000] {logging_mixin.py:150} INFO - [2024-06-24T17:19:45.611+0000] {dag.py:3504} INFO - Setting next_dagrun for two_task_dag to None, run_after=None
[2024-06-24T17:19:45.650+0000] {processor.py:179} INFO - Processing /workspaces/hands-on-introduction-data-engineering-4395021/airflow/dags/two_task_dag.py took 0.073 seconds
[2024-06-24T17:20:24.865+0000] {processor.py:157} INFO - Started process (PID=14986) to work on /workspaces/hands-on-introduction-data-engineering-4395021/airflow/dags/two_task_dag.py
[2024-06-24T17:20:24.866+0000] {processor.py:826} INFO - Processing file /workspaces/hands-on-introduction-data-engineering-4395021/airflow/dags/two_task_dag.py for tasks to queue
[2024-06-24T17:20:24.866+0000] {logging_mixin.py:150} INFO - [2024-06-24T17:20:24.866+0000] {dagbag.py:541} INFO - Filling up the DagBag from /workspaces/hands-on-introduction-data-engineering-4395021/airflow/dags/two_task_dag.py
[2024-06-24T17:20:24.871+0000] {processor.py:836} INFO - DAG(s) dict_keys(['two_task_dag']) retrieved from /workspaces/hands-on-introduction-data-engineering-4395021/airflow/dags/two_task_dag.py
[2024-06-24T17:20:24.881+0000] {logging_mixin.py:150} INFO - [2024-06-24T17:20:24.881+0000] {dag.py:2742} INFO - Sync 1 DAGs
[2024-06-24T17:20:24.896+0000] {logging_mixin.py:150} INFO - [2024-06-24T17:20:24.896+0000] {dag.py:3504} INFO - Setting next_dagrun for two_task_dag to None, run_after=None
[2024-06-24T17:20:24.950+0000] {processor.py:179} INFO - Processing /workspaces/hands-on-introduction-data-engineering-4395021/airflow/dags/two_task_dag.py took 0.088 seconds
[2024-06-24T17:21:05.150+0000] {processor.py:157} INFO - Started process (PID=15261) to work on /workspaces/hands-on-introduction-data-engineering-4395021/airflow/dags/two_task_dag.py
[2024-06-24T17:21:05.151+0000] {processor.py:826} INFO - Processing file /workspaces/hands-on-introduction-data-engineering-4395021/airflow/dags/two_task_dag.py for tasks to queue
[2024-06-24T17:21:05.152+0000] {logging_mixin.py:150} INFO - [2024-06-24T17:21:05.151+0000] {dagbag.py:541} INFO - Filling up the DagBag from /workspaces/hands-on-introduction-data-engineering-4395021/airflow/dags/two_task_dag.py
[2024-06-24T17:21:05.159+0000] {processor.py:836} INFO - DAG(s) dict_keys(['two_task_dag']) retrieved from /workspaces/hands-on-introduction-data-engineering-4395021/airflow/dags/two_task_dag.py
[2024-06-24T17:21:05.174+0000] {logging_mixin.py:150} INFO - [2024-06-24T17:21:05.174+0000] {dag.py:2742} INFO - Sync 1 DAGs
[2024-06-24T17:21:05.192+0000] {logging_mixin.py:150} INFO - [2024-06-24T17:21:05.192+0000] {dag.py:3504} INFO - Setting next_dagrun for two_task_dag to None, run_after=None
[2024-06-24T17:21:05.232+0000] {processor.py:179} INFO - Processing /workspaces/hands-on-introduction-data-engineering-4395021/airflow/dags/two_task_dag.py took 0.086 seconds
[2024-06-24T17:21:41.089+0000] {processor.py:157} INFO - Started process (PID=15522) to work on /workspaces/hands-on-introduction-data-engineering-4395021/airflow/dags/two_task_dag.py
[2024-06-24T17:21:41.090+0000] {processor.py:826} INFO - Processing file /workspaces/hands-on-introduction-data-engineering-4395021/airflow/dags/two_task_dag.py for tasks to queue
[2024-06-24T17:21:41.091+0000] {logging_mixin.py:150} INFO - [2024-06-24T17:21:41.091+0000] {dagbag.py:541} INFO - Filling up the DagBag from /workspaces/hands-on-introduction-data-engineering-4395021/airflow/dags/two_task_dag.py
[2024-06-24T17:21:41.098+0000] {processor.py:836} INFO - DAG(s) dict_keys(['two_task_dag']) retrieved from /workspaces/hands-on-introduction-data-engineering-4395021/airflow/dags/two_task_dag.py
[2024-06-24T17:21:41.113+0000] {logging_mixin.py:150} INFO - [2024-06-24T17:21:41.112+0000] {dag.py:2742} INFO - Sync 1 DAGs
[2024-06-24T17:21:41.134+0000] {logging_mixin.py:150} INFO - [2024-06-24T17:21:41.134+0000] {dag.py:3504} INFO - Setting next_dagrun for two_task_dag to None, run_after=None
[2024-06-24T17:21:41.179+0000] {processor.py:179} INFO - Processing /workspaces/hands-on-introduction-data-engineering-4395021/airflow/dags/two_task_dag.py took 0.093 seconds
[2024-06-24T17:22:14.710+0000] {processor.py:157} INFO - Started process (PID=15757) to work on /workspaces/hands-on-introduction-data-engineering-4395021/airflow/dags/two_task_dag.py
[2024-06-24T17:22:14.710+0000] {processor.py:826} INFO - Processing file /workspaces/hands-on-introduction-data-engineering-4395021/airflow/dags/two_task_dag.py for tasks to queue
[2024-06-24T17:22:14.711+0000] {logging_mixin.py:150} INFO - [2024-06-24T17:22:14.711+0000] {dagbag.py:541} INFO - Filling up the DagBag from /workspaces/hands-on-introduction-data-engineering-4395021/airflow/dags/two_task_dag.py
[2024-06-24T17:22:14.716+0000] {processor.py:836} INFO - DAG(s) dict_keys(['two_task_dag']) retrieved from /workspaces/hands-on-introduction-data-engineering-4395021/airflow/dags/two_task_dag.py
[2024-06-24T17:22:14.733+0000] {logging_mixin.py:150} INFO - [2024-06-24T17:22:14.733+0000] {dag.py:2742} INFO - Sync 1 DAGs
[2024-06-24T17:22:14.748+0000] {logging_mixin.py:150} INFO - [2024-06-24T17:22:14.748+0000] {dag.py:3504} INFO - Setting next_dagrun for two_task_dag to None, run_after=None
[2024-06-24T17:22:14.796+0000] {processor.py:179} INFO - Processing /workspaces/hands-on-introduction-data-engineering-4395021/airflow/dags/two_task_dag.py took 0.089 seconds
[2024-06-24T17:22:47.034+0000] {processor.py:157} INFO - Started process (PID=15973) to work on /workspaces/hands-on-introduction-data-engineering-4395021/airflow/dags/two_task_dag.py
[2024-06-24T17:22:47.034+0000] {processor.py:826} INFO - Processing file /workspaces/hands-on-introduction-data-engineering-4395021/airflow/dags/two_task_dag.py for tasks to queue
[2024-06-24T17:22:47.035+0000] {logging_mixin.py:150} INFO - [2024-06-24T17:22:47.035+0000] {dagbag.py:541} INFO - Filling up the DagBag from /workspaces/hands-on-introduction-data-engineering-4395021/airflow/dags/two_task_dag.py
[2024-06-24T17:22:47.040+0000] {processor.py:836} INFO - DAG(s) dict_keys(['two_task_dag']) retrieved from /workspaces/hands-on-introduction-data-engineering-4395021/airflow/dags/two_task_dag.py
[2024-06-24T17:22:47.050+0000] {logging_mixin.py:150} INFO - [2024-06-24T17:22:47.050+0000] {dag.py:2742} INFO - Sync 1 DAGs
[2024-06-24T17:22:47.065+0000] {logging_mixin.py:150} INFO - [2024-06-24T17:22:47.065+0000] {dag.py:3504} INFO - Setting next_dagrun for two_task_dag to None, run_after=None
[2024-06-24T17:22:47.108+0000] {processor.py:179} INFO - Processing /workspaces/hands-on-introduction-data-engineering-4395021/airflow/dags/two_task_dag.py took 0.076 seconds
[2024-06-24T17:23:22.843+0000] {processor.py:157} INFO - Started process (PID=16237) to work on /workspaces/hands-on-introduction-data-engineering-4395021/airflow/dags/two_task_dag.py
[2024-06-24T17:23:22.844+0000] {processor.py:826} INFO - Processing file /workspaces/hands-on-introduction-data-engineering-4395021/airflow/dags/two_task_dag.py for tasks to queue
[2024-06-24T17:23:22.845+0000] {logging_mixin.py:150} INFO - [2024-06-24T17:23:22.844+0000] {dagbag.py:541} INFO - Filling up the DagBag from /workspaces/hands-on-introduction-data-engineering-4395021/airflow/dags/two_task_dag.py
[2024-06-24T17:23:22.849+0000] {processor.py:836} INFO - DAG(s) dict_keys(['two_task_dag']) retrieved from /workspaces/hands-on-introduction-data-engineering-4395021/airflow/dags/two_task_dag.py
[2024-06-24T17:23:22.860+0000] {logging_mixin.py:150} INFO - [2024-06-24T17:23:22.860+0000] {dag.py:2742} INFO - Sync 1 DAGs
[2024-06-24T17:23:22.875+0000] {logging_mixin.py:150} INFO - [2024-06-24T17:23:22.874+0000] {dag.py:3504} INFO - Setting next_dagrun for two_task_dag to None, run_after=None
[2024-06-24T17:23:22.916+0000] {processor.py:179} INFO - Processing /workspaces/hands-on-introduction-data-engineering-4395021/airflow/dags/two_task_dag.py took 0.075 seconds
[2024-06-24T17:23:56.934+0000] {processor.py:157} INFO - Started process (PID=16469) to work on /workspaces/hands-on-introduction-data-engineering-4395021/airflow/dags/two_task_dag.py
[2024-06-24T17:23:56.934+0000] {processor.py:826} INFO - Processing file /workspaces/hands-on-introduction-data-engineering-4395021/airflow/dags/two_task_dag.py for tasks to queue
[2024-06-24T17:23:56.935+0000] {logging_mixin.py:150} INFO - [2024-06-24T17:23:56.935+0000] {dagbag.py:541} INFO - Filling up the DagBag from /workspaces/hands-on-introduction-data-engineering-4395021/airflow/dags/two_task_dag.py
[2024-06-24T17:23:56.940+0000] {processor.py:836} INFO - DAG(s) dict_keys(['two_task_dag']) retrieved from /workspaces/hands-on-introduction-data-engineering-4395021/airflow/dags/two_task_dag.py
[2024-06-24T17:23:56.950+0000] {logging_mixin.py:150} INFO - [2024-06-24T17:23:56.950+0000] {dag.py:2742} INFO - Sync 1 DAGs
[2024-06-24T17:23:56.964+0000] {logging_mixin.py:150} INFO - [2024-06-24T17:23:56.964+0000] {dag.py:3504} INFO - Setting next_dagrun for two_task_dag to None, run_after=None
[2024-06-24T17:23:57.004+0000] {processor.py:179} INFO - Processing /workspaces/hands-on-introduction-data-engineering-4395021/airflow/dags/two_task_dag.py took 0.072 seconds
[2024-06-24T17:24:31.569+0000] {processor.py:157} INFO - Started process (PID=16717) to work on /workspaces/hands-on-introduction-data-engineering-4395021/airflow/dags/two_task_dag.py
[2024-06-24T17:24:31.570+0000] {processor.py:826} INFO - Processing file /workspaces/hands-on-introduction-data-engineering-4395021/airflow/dags/two_task_dag.py for tasks to queue
[2024-06-24T17:24:31.571+0000] {logging_mixin.py:150} INFO - [2024-06-24T17:24:31.570+0000] {dagbag.py:541} INFO - Filling up the DagBag from /workspaces/hands-on-introduction-data-engineering-4395021/airflow/dags/two_task_dag.py
[2024-06-24T17:24:31.575+0000] {processor.py:836} INFO - DAG(s) dict_keys(['two_task_dag']) retrieved from /workspaces/hands-on-introduction-data-engineering-4395021/airflow/dags/two_task_dag.py
[2024-06-24T17:24:31.591+0000] {logging_mixin.py:150} INFO - [2024-06-24T17:24:31.590+0000] {dag.py:2742} INFO - Sync 1 DAGs
[2024-06-24T17:24:31.617+0000] {logging_mixin.py:150} INFO - [2024-06-24T17:24:31.616+0000] {dag.py:3504} INFO - Setting next_dagrun for two_task_dag to None, run_after=None
[2024-06-24T17:24:31.671+0000] {processor.py:179} INFO - Processing /workspaces/hands-on-introduction-data-engineering-4395021/airflow/dags/two_task_dag.py took 0.104 seconds
[2024-06-24T17:25:09.490+0000] {processor.py:157} INFO - Started process (PID=16969) to work on /workspaces/hands-on-introduction-data-engineering-4395021/airflow/dags/two_task_dag.py
[2024-06-24T17:25:09.491+0000] {processor.py:826} INFO - Processing file /workspaces/hands-on-introduction-data-engineering-4395021/airflow/dags/two_task_dag.py for tasks to queue
[2024-06-24T17:25:09.492+0000] {logging_mixin.py:150} INFO - [2024-06-24T17:25:09.492+0000] {dagbag.py:541} INFO - Filling up the DagBag from /workspaces/hands-on-introduction-data-engineering-4395021/airflow/dags/two_task_dag.py
[2024-06-24T17:25:09.498+0000] {processor.py:836} INFO - DAG(s) dict_keys(['two_task_dag']) retrieved from /workspaces/hands-on-introduction-data-engineering-4395021/airflow/dags/two_task_dag.py
[2024-06-24T17:25:09.511+0000] {logging_mixin.py:150} INFO - [2024-06-24T17:25:09.511+0000] {dag.py:2742} INFO - Sync 1 DAGs
[2024-06-24T17:25:09.525+0000] {logging_mixin.py:150} INFO - [2024-06-24T17:25:09.525+0000] {dag.py:3504} INFO - Setting next_dagrun for two_task_dag to None, run_after=None
[2024-06-24T17:25:09.564+0000] {processor.py:179} INFO - Processing /workspaces/hands-on-introduction-data-engineering-4395021/airflow/dags/two_task_dag.py took 0.076 seconds
[2024-06-24T17:25:42.774+0000] {processor.py:157} INFO - Started process (PID=17217) to work on /workspaces/hands-on-introduction-data-engineering-4395021/airflow/dags/two_task_dag.py
[2024-06-24T17:25:42.774+0000] {processor.py:826} INFO - Processing file /workspaces/hands-on-introduction-data-engineering-4395021/airflow/dags/two_task_dag.py for tasks to queue
[2024-06-24T17:25:42.775+0000] {logging_mixin.py:150} INFO - [2024-06-24T17:25:42.775+0000] {dagbag.py:541} INFO - Filling up the DagBag from /workspaces/hands-on-introduction-data-engineering-4395021/airflow/dags/two_task_dag.py
[2024-06-24T17:25:42.779+0000] {processor.py:836} INFO - DAG(s) dict_keys(['two_task_dag']) retrieved from /workspaces/hands-on-introduction-data-engineering-4395021/airflow/dags/two_task_dag.py
[2024-06-24T17:25:42.790+0000] {logging_mixin.py:150} INFO - [2024-06-24T17:25:42.790+0000] {dag.py:2742} INFO - Sync 1 DAGs
[2024-06-24T17:25:42.804+0000] {logging_mixin.py:150} INFO - [2024-06-24T17:25:42.804+0000] {dag.py:3504} INFO - Setting next_dagrun for two_task_dag to None, run_after=None
[2024-06-24T17:25:42.856+0000] {processor.py:179} INFO - Processing /workspaces/hands-on-introduction-data-engineering-4395021/airflow/dags/two_task_dag.py took 0.084 seconds
[2024-06-24T17:26:16.903+0000] {processor.py:157} INFO - Started process (PID=17448) to work on /workspaces/hands-on-introduction-data-engineering-4395021/airflow/dags/two_task_dag.py
[2024-06-24T17:26:16.904+0000] {processor.py:826} INFO - Processing file /workspaces/hands-on-introduction-data-engineering-4395021/airflow/dags/two_task_dag.py for tasks to queue
[2024-06-24T17:26:16.905+0000] {logging_mixin.py:150} INFO - [2024-06-24T17:26:16.904+0000] {dagbag.py:541} INFO - Filling up the DagBag from /workspaces/hands-on-introduction-data-engineering-4395021/airflow/dags/two_task_dag.py
[2024-06-24T17:26:16.909+0000] {processor.py:836} INFO - DAG(s) dict_keys(['two_task_dag']) retrieved from /workspaces/hands-on-introduction-data-engineering-4395021/airflow/dags/two_task_dag.py
[2024-06-24T17:26:16.920+0000] {logging_mixin.py:150} INFO - [2024-06-24T17:26:16.920+0000] {dag.py:2742} INFO - Sync 1 DAGs
[2024-06-24T17:26:16.935+0000] {logging_mixin.py:150} INFO - [2024-06-24T17:26:16.935+0000] {dag.py:3504} INFO - Setting next_dagrun for two_task_dag to None, run_after=None
[2024-06-24T17:26:16.976+0000] {processor.py:179} INFO - Processing /workspaces/hands-on-introduction-data-engineering-4395021/airflow/dags/two_task_dag.py took 0.075 seconds
[2024-06-24T17:26:49.135+0000] {processor.py:157} INFO - Started process (PID=17674) to work on /workspaces/hands-on-introduction-data-engineering-4395021/airflow/dags/two_task_dag.py
[2024-06-24T17:26:49.135+0000] {processor.py:826} INFO - Processing file /workspaces/hands-on-introduction-data-engineering-4395021/airflow/dags/two_task_dag.py for tasks to queue
[2024-06-24T17:26:49.136+0000] {logging_mixin.py:150} INFO - [2024-06-24T17:26:49.136+0000] {dagbag.py:541} INFO - Filling up the DagBag from /workspaces/hands-on-introduction-data-engineering-4395021/airflow/dags/two_task_dag.py
[2024-06-24T17:26:49.141+0000] {processor.py:836} INFO - DAG(s) dict_keys(['two_task_dag']) retrieved from /workspaces/hands-on-introduction-data-engineering-4395021/airflow/dags/two_task_dag.py
[2024-06-24T17:26:49.151+0000] {logging_mixin.py:150} INFO - [2024-06-24T17:26:49.151+0000] {dag.py:2742} INFO - Sync 1 DAGs
[2024-06-24T17:26:49.165+0000] {logging_mixin.py:150} INFO - [2024-06-24T17:26:49.165+0000] {dag.py:3504} INFO - Setting next_dagrun for two_task_dag to None, run_after=None
[2024-06-24T17:26:49.206+0000] {processor.py:179} INFO - Processing /workspaces/hands-on-introduction-data-engineering-4395021/airflow/dags/two_task_dag.py took 0.073 seconds
[2024-06-24T17:27:22.504+0000] {processor.py:157} INFO - Started process (PID=17916) to work on /workspaces/hands-on-introduction-data-engineering-4395021/airflow/dags/two_task_dag.py
[2024-06-24T17:27:22.505+0000] {processor.py:826} INFO - Processing file /workspaces/hands-on-introduction-data-engineering-4395021/airflow/dags/two_task_dag.py for tasks to queue
[2024-06-24T17:27:22.506+0000] {logging_mixin.py:150} INFO - [2024-06-24T17:27:22.505+0000] {dagbag.py:541} INFO - Filling up the DagBag from /workspaces/hands-on-introduction-data-engineering-4395021/airflow/dags/two_task_dag.py
[2024-06-24T17:27:22.510+0000] {processor.py:836} INFO - DAG(s) dict_keys(['two_task_dag']) retrieved from /workspaces/hands-on-introduction-data-engineering-4395021/airflow/dags/two_task_dag.py
[2024-06-24T17:27:22.521+0000] {logging_mixin.py:150} INFO - [2024-06-24T17:27:22.520+0000] {dag.py:2742} INFO - Sync 1 DAGs
[2024-06-24T17:27:22.535+0000] {logging_mixin.py:150} INFO - [2024-06-24T17:27:22.535+0000] {dag.py:3504} INFO - Setting next_dagrun for two_task_dag to None, run_after=None
[2024-06-24T17:27:22.573+0000] {processor.py:179} INFO - Processing /workspaces/hands-on-introduction-data-engineering-4395021/airflow/dags/two_task_dag.py took 0.071 seconds
[2024-06-24T17:27:58.845+0000] {processor.py:157} INFO - Started process (PID=18161) to work on /workspaces/hands-on-introduction-data-engineering-4395021/airflow/dags/two_task_dag.py
[2024-06-24T17:27:58.846+0000] {processor.py:826} INFO - Processing file /workspaces/hands-on-introduction-data-engineering-4395021/airflow/dags/two_task_dag.py for tasks to queue
[2024-06-24T17:27:58.847+0000] {logging_mixin.py:150} INFO - [2024-06-24T17:27:58.847+0000] {dagbag.py:541} INFO - Filling up the DagBag from /workspaces/hands-on-introduction-data-engineering-4395021/airflow/dags/two_task_dag.py
[2024-06-24T17:27:58.851+0000] {processor.py:836} INFO - DAG(s) dict_keys(['two_task_dag']) retrieved from /workspaces/hands-on-introduction-data-engineering-4395021/airflow/dags/two_task_dag.py
[2024-06-24T17:27:58.862+0000] {logging_mixin.py:150} INFO - [2024-06-24T17:27:58.862+0000] {dag.py:2742} INFO - Sync 1 DAGs
[2024-06-24T17:27:58.876+0000] {logging_mixin.py:150} INFO - [2024-06-24T17:27:58.876+0000] {dag.py:3504} INFO - Setting next_dagrun for two_task_dag to None, run_after=None
[2024-06-24T17:27:58.928+0000] {processor.py:179} INFO - Processing /workspaces/hands-on-introduction-data-engineering-4395021/airflow/dags/two_task_dag.py took 0.085 seconds
[2024-06-24T17:28:34.858+0000] {processor.py:157} INFO - Started process (PID=18417) to work on /workspaces/hands-on-introduction-data-engineering-4395021/airflow/dags/two_task_dag.py
[2024-06-24T17:28:34.859+0000] {processor.py:826} INFO - Processing file /workspaces/hands-on-introduction-data-engineering-4395021/airflow/dags/two_task_dag.py for tasks to queue
[2024-06-24T17:28:34.859+0000] {logging_mixin.py:150} INFO - [2024-06-24T17:28:34.859+0000] {dagbag.py:541} INFO - Filling up the DagBag from /workspaces/hands-on-introduction-data-engineering-4395021/airflow/dags/two_task_dag.py
[2024-06-24T17:28:34.864+0000] {processor.py:836} INFO - DAG(s) dict_keys(['two_task_dag']) retrieved from /workspaces/hands-on-introduction-data-engineering-4395021/airflow/dags/two_task_dag.py
[2024-06-24T17:28:34.879+0000] {logging_mixin.py:150} INFO - [2024-06-24T17:28:34.879+0000] {dag.py:2742} INFO - Sync 1 DAGs
[2024-06-24T17:28:34.905+0000] {logging_mixin.py:150} INFO - [2024-06-24T17:28:34.905+0000] {dag.py:3504} INFO - Setting next_dagrun for two_task_dag to None, run_after=None
[2024-06-24T17:28:34.950+0000] {processor.py:179} INFO - Processing /workspaces/hands-on-introduction-data-engineering-4395021/airflow/dags/two_task_dag.py took 0.094 seconds
[2024-06-24T17:29:10.104+0000] {processor.py:157} INFO - Started process (PID=18653) to work on /workspaces/hands-on-introduction-data-engineering-4395021/airflow/dags/two_task_dag.py
[2024-06-24T17:29:10.105+0000] {processor.py:826} INFO - Processing file /workspaces/hands-on-introduction-data-engineering-4395021/airflow/dags/two_task_dag.py for tasks to queue
[2024-06-24T17:29:10.106+0000] {logging_mixin.py:150} INFO - [2024-06-24T17:29:10.106+0000] {dagbag.py:541} INFO - Filling up the DagBag from /workspaces/hands-on-introduction-data-engineering-4395021/airflow/dags/two_task_dag.py
[2024-06-24T17:29:10.110+0000] {processor.py:836} INFO - DAG(s) dict_keys(['two_task_dag']) retrieved from /workspaces/hands-on-introduction-data-engineering-4395021/airflow/dags/two_task_dag.py
[2024-06-24T17:29:10.121+0000] {logging_mixin.py:150} INFO - [2024-06-24T17:29:10.121+0000] {dag.py:2742} INFO - Sync 1 DAGs
[2024-06-24T17:29:10.145+0000] {logging_mixin.py:150} INFO - [2024-06-24T17:29:10.144+0000] {dag.py:3504} INFO - Setting next_dagrun for two_task_dag to None, run_after=None
[2024-06-24T17:29:10.192+0000] {processor.py:179} INFO - Processing /workspaces/hands-on-introduction-data-engineering-4395021/airflow/dags/two_task_dag.py took 0.090 seconds
[2024-06-24T17:29:44.705+0000] {processor.py:157} INFO - Started process (PID=18902) to work on /workspaces/hands-on-introduction-data-engineering-4395021/airflow/dags/two_task_dag.py
[2024-06-24T17:29:44.706+0000] {processor.py:826} INFO - Processing file /workspaces/hands-on-introduction-data-engineering-4395021/airflow/dags/two_task_dag.py for tasks to queue
[2024-06-24T17:29:44.706+0000] {logging_mixin.py:150} INFO - [2024-06-24T17:29:44.706+0000] {dagbag.py:541} INFO - Filling up the DagBag from /workspaces/hands-on-introduction-data-engineering-4395021/airflow/dags/two_task_dag.py
[2024-06-24T17:29:44.711+0000] {processor.py:836} INFO - DAG(s) dict_keys(['two_task_dag']) retrieved from /workspaces/hands-on-introduction-data-engineering-4395021/airflow/dags/two_task_dag.py
[2024-06-24T17:29:44.722+0000] {logging_mixin.py:150} INFO - [2024-06-24T17:29:44.722+0000] {dag.py:2742} INFO - Sync 1 DAGs
[2024-06-24T17:29:44.737+0000] {logging_mixin.py:150} INFO - [2024-06-24T17:29:44.736+0000] {dag.py:3504} INFO - Setting next_dagrun for two_task_dag to None, run_after=None
[2024-06-24T17:29:44.776+0000] {processor.py:179} INFO - Processing /workspaces/hands-on-introduction-data-engineering-4395021/airflow/dags/two_task_dag.py took 0.073 seconds
[2024-06-24T17:30:20.066+0000] {processor.py:157} INFO - Started process (PID=19139) to work on /workspaces/hands-on-introduction-data-engineering-4395021/airflow/dags/two_task_dag.py
[2024-06-24T17:30:20.067+0000] {processor.py:826} INFO - Processing file /workspaces/hands-on-introduction-data-engineering-4395021/airflow/dags/two_task_dag.py for tasks to queue
[2024-06-24T17:30:20.068+0000] {logging_mixin.py:150} INFO - [2024-06-24T17:30:20.067+0000] {dagbag.py:541} INFO - Filling up the DagBag from /workspaces/hands-on-introduction-data-engineering-4395021/airflow/dags/two_task_dag.py
[2024-06-24T17:30:20.072+0000] {processor.py:836} INFO - DAG(s) dict_keys(['two_task_dag']) retrieved from /workspaces/hands-on-introduction-data-engineering-4395021/airflow/dags/two_task_dag.py
[2024-06-24T17:30:20.083+0000] {logging_mixin.py:150} INFO - [2024-06-24T17:30:20.083+0000] {dag.py:2742} INFO - Sync 1 DAGs
[2024-06-24T17:30:20.097+0000] {logging_mixin.py:150} INFO - [2024-06-24T17:30:20.097+0000] {dag.py:3504} INFO - Setting next_dagrun for two_task_dag to None, run_after=None
[2024-06-24T17:30:20.138+0000] {processor.py:179} INFO - Processing /workspaces/hands-on-introduction-data-engineering-4395021/airflow/dags/two_task_dag.py took 0.074 seconds
[2024-06-24T17:30:56.038+0000] {processor.py:157} INFO - Started process (PID=19401) to work on /workspaces/hands-on-introduction-data-engineering-4395021/airflow/dags/two_task_dag.py
[2024-06-24T17:30:56.038+0000] {processor.py:826} INFO - Processing file /workspaces/hands-on-introduction-data-engineering-4395021/airflow/dags/two_task_dag.py for tasks to queue
[2024-06-24T17:30:56.039+0000] {logging_mixin.py:150} INFO - [2024-06-24T17:30:56.039+0000] {dagbag.py:541} INFO - Filling up the DagBag from /workspaces/hands-on-introduction-data-engineering-4395021/airflow/dags/two_task_dag.py
[2024-06-24T17:30:56.044+0000] {processor.py:836} INFO - DAG(s) dict_keys(['two_task_dag']) retrieved from /workspaces/hands-on-introduction-data-engineering-4395021/airflow/dags/two_task_dag.py
[2024-06-24T17:30:56.055+0000] {logging_mixin.py:150} INFO - [2024-06-24T17:30:56.055+0000] {dag.py:2742} INFO - Sync 1 DAGs
[2024-06-24T17:30:56.070+0000] {logging_mixin.py:150} INFO - [2024-06-24T17:30:56.070+0000] {dag.py:3504} INFO - Setting next_dagrun for two_task_dag to None, run_after=None
[2024-06-24T17:30:56.112+0000] {processor.py:179} INFO - Processing /workspaces/hands-on-introduction-data-engineering-4395021/airflow/dags/two_task_dag.py took 0.077 seconds
[2024-06-24T17:31:31.003+0000] {processor.py:157} INFO - Started process (PID=19645) to work on /workspaces/hands-on-introduction-data-engineering-4395021/airflow/dags/two_task_dag.py
[2024-06-24T17:31:31.004+0000] {processor.py:826} INFO - Processing file /workspaces/hands-on-introduction-data-engineering-4395021/airflow/dags/two_task_dag.py for tasks to queue
[2024-06-24T17:31:31.005+0000] {logging_mixin.py:150} INFO - [2024-06-24T17:31:31.004+0000] {dagbag.py:541} INFO - Filling up the DagBag from /workspaces/hands-on-introduction-data-engineering-4395021/airflow/dags/two_task_dag.py
[2024-06-24T17:31:31.009+0000] {processor.py:836} INFO - DAG(s) dict_keys(['two_task_dag']) retrieved from /workspaces/hands-on-introduction-data-engineering-4395021/airflow/dags/two_task_dag.py
[2024-06-24T17:31:31.021+0000] {logging_mixin.py:150} INFO - [2024-06-24T17:31:31.020+0000] {dag.py:2742} INFO - Sync 1 DAGs
[2024-06-24T17:31:31.035+0000] {logging_mixin.py:150} INFO - [2024-06-24T17:31:31.035+0000] {dag.py:3504} INFO - Setting next_dagrun for two_task_dag to None, run_after=None
[2024-06-24T17:31:31.083+0000] {processor.py:179} INFO - Processing /workspaces/hands-on-introduction-data-engineering-4395021/airflow/dags/two_task_dag.py took 0.082 seconds
