[2024-06-24T15:55:23.997+0000] {processor.py:157} INFO - Started process (PID=13895) to work on /usr/local/python/3.10.13/lib/python3.10/site-packages/airflow/example_dags/example_branch_operator.py
[2024-06-24T15:55:23.998+0000] {processor.py:826} INFO - Processing file /usr/local/python/3.10.13/lib/python3.10/site-packages/airflow/example_dags/example_branch_operator.py for tasks to queue
[2024-06-24T15:55:23.998+0000] {logging_mixin.py:150} INFO - [2024-06-24T15:55:23.998+0000] {dagbag.py:541} INFO - Filling up the DagBag from /usr/local/python/3.10.13/lib/python3.10/site-packages/airflow/example_dags/example_branch_operator.py
[2024-06-24T15:55:24.007+0000] {processor.py:836} INFO - DAG(s) dict_keys(['example_branch_operator']) retrieved from /usr/local/python/3.10.13/lib/python3.10/site-packages/airflow/example_dags/example_branch_operator.py
[2024-06-24T15:55:24.147+0000] {logging_mixin.py:150} INFO - [2024-06-24T15:55:24.146+0000] {manager.py:504} INFO - Created Permission View: can delete on DAG:example_branch_operator
[2024-06-24T15:55:24.179+0000] {logging_mixin.py:150} INFO - [2024-06-24T15:55:24.178+0000] {manager.py:504} INFO - Created Permission View: can read on DAG:example_branch_operator
[2024-06-24T15:55:24.211+0000] {logging_mixin.py:150} INFO - [2024-06-24T15:55:24.211+0000] {manager.py:504} INFO - Created Permission View: can edit on DAG:example_branch_operator
[2024-06-24T15:55:24.219+0000] {logging_mixin.py:150} INFO - [2024-06-24T15:55:24.219+0000] {dag.py:2742} INFO - Sync 1 DAGs
[2024-06-24T15:55:24.226+0000] {logging_mixin.py:150} INFO - [2024-06-24T15:55:24.226+0000] {dag.py:2763} INFO - Creating ORM DAG for example_branch_operator
[2024-06-24T15:55:24.234+0000] {logging_mixin.py:150} INFO - [2024-06-24T15:55:24.234+0000] {dag.py:3504} INFO - Setting next_dagrun for example_branch_operator to 2024-06-23T00:00:00+00:00, run_after=2024-06-24T00:00:00+00:00
[2024-06-24T15:55:24.284+0000] {processor.py:179} INFO - Processing /usr/local/python/3.10.13/lib/python3.10/site-packages/airflow/example_dags/example_branch_operator.py took 0.289 seconds
[2024-06-24T15:56:22.164+0000] {processor.py:157} INFO - Started process (PID=14314) to work on /usr/local/python/3.10.13/lib/python3.10/site-packages/airflow/example_dags/example_branch_operator.py
[2024-06-24T15:56:22.165+0000] {processor.py:826} INFO - Processing file /usr/local/python/3.10.13/lib/python3.10/site-packages/airflow/example_dags/example_branch_operator.py for tasks to queue
[2024-06-24T15:56:22.166+0000] {logging_mixin.py:150} INFO - [2024-06-24T15:56:22.165+0000] {dagbag.py:541} INFO - Filling up the DagBag from /usr/local/python/3.10.13/lib/python3.10/site-packages/airflow/example_dags/example_branch_operator.py
[2024-06-24T15:56:22.173+0000] {processor.py:836} INFO - DAG(s) dict_keys(['example_branch_operator']) retrieved from /usr/local/python/3.10.13/lib/python3.10/site-packages/airflow/example_dags/example_branch_operator.py
[2024-06-24T15:56:22.189+0000] {logging_mixin.py:150} INFO - [2024-06-24T15:56:22.188+0000] {dag.py:2742} INFO - Sync 1 DAGs
[2024-06-24T15:56:22.208+0000] {logging_mixin.py:150} INFO - [2024-06-24T15:56:22.208+0000] {dag.py:3504} INFO - Setting next_dagrun for example_branch_operator to 2024-06-23T00:00:00+00:00, run_after=2024-06-24T00:00:00+00:00
[2024-06-24T15:56:22.250+0000] {processor.py:179} INFO - Processing /usr/local/python/3.10.13/lib/python3.10/site-packages/airflow/example_dags/example_branch_operator.py took 0.088 seconds
[2024-06-24T16:02:09.138+0000] {processor.py:157} INFO - Started process (PID=16839) to work on /usr/local/python/3.10.13/lib/python3.10/site-packages/airflow/example_dags/example_branch_operator.py
[2024-06-24T16:02:09.139+0000] {processor.py:826} INFO - Processing file /usr/local/python/3.10.13/lib/python3.10/site-packages/airflow/example_dags/example_branch_operator.py for tasks to queue
[2024-06-24T16:02:09.140+0000] {logging_mixin.py:150} INFO - [2024-06-24T16:02:09.139+0000] {dagbag.py:541} INFO - Filling up the DagBag from /usr/local/python/3.10.13/lib/python3.10/site-packages/airflow/example_dags/example_branch_operator.py
[2024-06-24T16:02:09.147+0000] {processor.py:836} INFO - DAG(s) dict_keys(['example_branch_operator']) retrieved from /usr/local/python/3.10.13/lib/python3.10/site-packages/airflow/example_dags/example_branch_operator.py
[2024-06-24T16:02:09.162+0000] {logging_mixin.py:150} INFO - [2024-06-24T16:02:09.162+0000] {dag.py:2742} INFO - Sync 1 DAGs
[2024-06-24T16:02:09.180+0000] {logging_mixin.py:150} INFO - [2024-06-24T16:02:09.179+0000] {dag.py:3504} INFO - Setting next_dagrun for example_branch_operator to 2024-06-23T00:00:00+00:00, run_after=2024-06-24T00:00:00+00:00
[2024-06-24T16:02:09.220+0000] {processor.py:179} INFO - Processing /usr/local/python/3.10.13/lib/python3.10/site-packages/airflow/example_dags/example_branch_operator.py took 0.084 seconds
[2024-06-24T16:03:02.469+0000] {processor.py:157} INFO - Started process (PID=17248) to work on /usr/local/python/3.10.13/lib/python3.10/site-packages/airflow/example_dags/example_branch_operator.py
[2024-06-24T16:03:02.469+0000] {processor.py:826} INFO - Processing file /usr/local/python/3.10.13/lib/python3.10/site-packages/airflow/example_dags/example_branch_operator.py for tasks to queue
[2024-06-24T16:03:02.470+0000] {logging_mixin.py:150} INFO - [2024-06-24T16:03:02.470+0000] {dagbag.py:541} INFO - Filling up the DagBag from /usr/local/python/3.10.13/lib/python3.10/site-packages/airflow/example_dags/example_branch_operator.py
[2024-06-24T16:03:02.477+0000] {processor.py:836} INFO - DAG(s) dict_keys(['example_branch_operator']) retrieved from /usr/local/python/3.10.13/lib/python3.10/site-packages/airflow/example_dags/example_branch_operator.py
[2024-06-24T16:03:02.492+0000] {logging_mixin.py:150} INFO - [2024-06-24T16:03:02.492+0000] {dag.py:2742} INFO - Sync 1 DAGs
[2024-06-24T16:03:02.511+0000] {logging_mixin.py:150} INFO - [2024-06-24T16:03:02.510+0000] {dag.py:3504} INFO - Setting next_dagrun for example_branch_operator to 2024-06-23T00:00:00+00:00, run_after=2024-06-24T00:00:00+00:00
[2024-06-24T16:03:02.552+0000] {processor.py:179} INFO - Processing /usr/local/python/3.10.13/lib/python3.10/site-packages/airflow/example_dags/example_branch_operator.py took 0.086 seconds
[2024-06-24T16:03:49.724+0000] {processor.py:157} INFO - Started process (PID=17623) to work on /usr/local/python/3.10.13/lib/python3.10/site-packages/airflow/example_dags/example_branch_operator.py
[2024-06-24T16:03:49.725+0000] {processor.py:826} INFO - Processing file /usr/local/python/3.10.13/lib/python3.10/site-packages/airflow/example_dags/example_branch_operator.py for tasks to queue
[2024-06-24T16:03:49.726+0000] {logging_mixin.py:150} INFO - [2024-06-24T16:03:49.725+0000] {dagbag.py:541} INFO - Filling up the DagBag from /usr/local/python/3.10.13/lib/python3.10/site-packages/airflow/example_dags/example_branch_operator.py
[2024-06-24T16:03:49.733+0000] {processor.py:836} INFO - DAG(s) dict_keys(['example_branch_operator']) retrieved from /usr/local/python/3.10.13/lib/python3.10/site-packages/airflow/example_dags/example_branch_operator.py
[2024-06-24T16:03:49.747+0000] {logging_mixin.py:150} INFO - [2024-06-24T16:03:49.746+0000] {dag.py:2742} INFO - Sync 1 DAGs
[2024-06-24T16:03:49.763+0000] {logging_mixin.py:150} INFO - [2024-06-24T16:03:49.763+0000] {dag.py:3504} INFO - Setting next_dagrun for example_branch_operator to 2024-06-23T00:00:00+00:00, run_after=2024-06-24T00:00:00+00:00
[2024-06-24T16:03:49.806+0000] {processor.py:179} INFO - Processing /usr/local/python/3.10.13/lib/python3.10/site-packages/airflow/example_dags/example_branch_operator.py took 0.084 seconds
[2024-06-24T16:04:36.567+0000] {processor.py:157} INFO - Started process (PID=17988) to work on /usr/local/python/3.10.13/lib/python3.10/site-packages/airflow/example_dags/example_branch_operator.py
[2024-06-24T16:04:36.568+0000] {processor.py:826} INFO - Processing file /usr/local/python/3.10.13/lib/python3.10/site-packages/airflow/example_dags/example_branch_operator.py for tasks to queue
[2024-06-24T16:04:36.569+0000] {logging_mixin.py:150} INFO - [2024-06-24T16:04:36.568+0000] {dagbag.py:541} INFO - Filling up the DagBag from /usr/local/python/3.10.13/lib/python3.10/site-packages/airflow/example_dags/example_branch_operator.py
[2024-06-24T16:04:36.576+0000] {processor.py:836} INFO - DAG(s) dict_keys(['example_branch_operator']) retrieved from /usr/local/python/3.10.13/lib/python3.10/site-packages/airflow/example_dags/example_branch_operator.py
[2024-06-24T16:04:36.589+0000] {logging_mixin.py:150} INFO - [2024-06-24T16:04:36.589+0000] {dag.py:2742} INFO - Sync 1 DAGs
[2024-06-24T16:04:36.606+0000] {logging_mixin.py:150} INFO - [2024-06-24T16:04:36.606+0000] {dag.py:3504} INFO - Setting next_dagrun for example_branch_operator to 2024-06-23T00:00:00+00:00, run_after=2024-06-24T00:00:00+00:00
[2024-06-24T16:04:36.652+0000] {processor.py:179} INFO - Processing /usr/local/python/3.10.13/lib/python3.10/site-packages/airflow/example_dags/example_branch_operator.py took 0.087 seconds
[2024-06-24T16:05:26.305+0000] {processor.py:157} INFO - Started process (PID=18382) to work on /usr/local/python/3.10.13/lib/python3.10/site-packages/airflow/example_dags/example_branch_operator.py
[2024-06-24T16:05:26.305+0000] {processor.py:826} INFO - Processing file /usr/local/python/3.10.13/lib/python3.10/site-packages/airflow/example_dags/example_branch_operator.py for tasks to queue
[2024-06-24T16:05:26.306+0000] {logging_mixin.py:150} INFO - [2024-06-24T16:05:26.306+0000] {dagbag.py:541} INFO - Filling up the DagBag from /usr/local/python/3.10.13/lib/python3.10/site-packages/airflow/example_dags/example_branch_operator.py
[2024-06-24T16:05:26.313+0000] {processor.py:836} INFO - DAG(s) dict_keys(['example_branch_operator']) retrieved from /usr/local/python/3.10.13/lib/python3.10/site-packages/airflow/example_dags/example_branch_operator.py
[2024-06-24T16:05:26.328+0000] {logging_mixin.py:150} INFO - [2024-06-24T16:05:26.327+0000] {dag.py:2742} INFO - Sync 1 DAGs
[2024-06-24T16:05:26.347+0000] {logging_mixin.py:150} INFO - [2024-06-24T16:05:26.347+0000] {dag.py:3504} INFO - Setting next_dagrun for example_branch_operator to 2024-06-23T00:00:00+00:00, run_after=2024-06-24T00:00:00+00:00
[2024-06-24T16:05:26.388+0000] {processor.py:179} INFO - Processing /usr/local/python/3.10.13/lib/python3.10/site-packages/airflow/example_dags/example_branch_operator.py took 0.086 seconds
[2024-06-24T16:06:11.531+0000] {processor.py:157} INFO - Started process (PID=18728) to work on /usr/local/python/3.10.13/lib/python3.10/site-packages/airflow/example_dags/example_branch_operator.py
[2024-06-24T16:06:11.532+0000] {processor.py:826} INFO - Processing file /usr/local/python/3.10.13/lib/python3.10/site-packages/airflow/example_dags/example_branch_operator.py for tasks to queue
[2024-06-24T16:06:11.532+0000] {logging_mixin.py:150} INFO - [2024-06-24T16:06:11.532+0000] {dagbag.py:541} INFO - Filling up the DagBag from /usr/local/python/3.10.13/lib/python3.10/site-packages/airflow/example_dags/example_branch_operator.py
[2024-06-24T16:06:11.540+0000] {processor.py:836} INFO - DAG(s) dict_keys(['example_branch_operator']) retrieved from /usr/local/python/3.10.13/lib/python3.10/site-packages/airflow/example_dags/example_branch_operator.py
[2024-06-24T16:06:11.555+0000] {logging_mixin.py:150} INFO - [2024-06-24T16:06:11.555+0000] {dag.py:2742} INFO - Sync 1 DAGs
[2024-06-24T16:06:11.572+0000] {logging_mixin.py:150} INFO - [2024-06-24T16:06:11.572+0000] {dag.py:3504} INFO - Setting next_dagrun for example_branch_operator to 2024-06-23T00:00:00+00:00, run_after=2024-06-24T00:00:00+00:00
[2024-06-24T16:06:11.614+0000] {processor.py:179} INFO - Processing /usr/local/python/3.10.13/lib/python3.10/site-packages/airflow/example_dags/example_branch_operator.py took 0.085 seconds
[2024-06-24T16:06:59.045+0000] {processor.py:157} INFO - Started process (PID=19093) to work on /usr/local/python/3.10.13/lib/python3.10/site-packages/airflow/example_dags/example_branch_operator.py
[2024-06-24T16:06:59.045+0000] {processor.py:826} INFO - Processing file /usr/local/python/3.10.13/lib/python3.10/site-packages/airflow/example_dags/example_branch_operator.py for tasks to queue
[2024-06-24T16:06:59.046+0000] {logging_mixin.py:150} INFO - [2024-06-24T16:06:59.046+0000] {dagbag.py:541} INFO - Filling up the DagBag from /usr/local/python/3.10.13/lib/python3.10/site-packages/airflow/example_dags/example_branch_operator.py
[2024-06-24T16:06:59.053+0000] {processor.py:836} INFO - DAG(s) dict_keys(['example_branch_operator']) retrieved from /usr/local/python/3.10.13/lib/python3.10/site-packages/airflow/example_dags/example_branch_operator.py
[2024-06-24T16:06:59.068+0000] {logging_mixin.py:150} INFO - [2024-06-24T16:06:59.067+0000] {dag.py:2742} INFO - Sync 1 DAGs
[2024-06-24T16:06:59.085+0000] {logging_mixin.py:150} INFO - [2024-06-24T16:06:59.085+0000] {dag.py:3504} INFO - Setting next_dagrun for example_branch_operator to 2024-06-23T00:00:00+00:00, run_after=2024-06-24T00:00:00+00:00
[2024-06-24T16:06:59.125+0000] {processor.py:179} INFO - Processing /usr/local/python/3.10.13/lib/python3.10/site-packages/airflow/example_dags/example_branch_operator.py took 0.082 seconds
[2024-06-24T16:07:45.839+0000] {processor.py:157} INFO - Started process (PID=19445) to work on /usr/local/python/3.10.13/lib/python3.10/site-packages/airflow/example_dags/example_branch_operator.py
[2024-06-24T16:07:45.840+0000] {processor.py:826} INFO - Processing file /usr/local/python/3.10.13/lib/python3.10/site-packages/airflow/example_dags/example_branch_operator.py for tasks to queue
[2024-06-24T16:07:45.841+0000] {logging_mixin.py:150} INFO - [2024-06-24T16:07:45.840+0000] {dagbag.py:541} INFO - Filling up the DagBag from /usr/local/python/3.10.13/lib/python3.10/site-packages/airflow/example_dags/example_branch_operator.py
[2024-06-24T16:07:45.848+0000] {processor.py:836} INFO - DAG(s) dict_keys(['example_branch_operator']) retrieved from /usr/local/python/3.10.13/lib/python3.10/site-packages/airflow/example_dags/example_branch_operator.py
[2024-06-24T16:07:45.862+0000] {logging_mixin.py:150} INFO - [2024-06-24T16:07:45.861+0000] {dag.py:2742} INFO - Sync 1 DAGs
[2024-06-24T16:07:45.878+0000] {logging_mixin.py:150} INFO - [2024-06-24T16:07:45.878+0000] {dag.py:3504} INFO - Setting next_dagrun for example_branch_operator to 2024-06-23T00:00:00+00:00, run_after=2024-06-24T00:00:00+00:00
[2024-06-24T16:07:45.924+0000] {processor.py:179} INFO - Processing /usr/local/python/3.10.13/lib/python3.10/site-packages/airflow/example_dags/example_branch_operator.py took 0.087 seconds
[2024-06-24T16:08:35.876+0000] {processor.py:157} INFO - Started process (PID=19836) to work on /usr/local/python/3.10.13/lib/python3.10/site-packages/airflow/example_dags/example_branch_operator.py
[2024-06-24T16:08:35.877+0000] {processor.py:826} INFO - Processing file /usr/local/python/3.10.13/lib/python3.10/site-packages/airflow/example_dags/example_branch_operator.py for tasks to queue
[2024-06-24T16:08:35.878+0000] {logging_mixin.py:150} INFO - [2024-06-24T16:08:35.877+0000] {dagbag.py:541} INFO - Filling up the DagBag from /usr/local/python/3.10.13/lib/python3.10/site-packages/airflow/example_dags/example_branch_operator.py
[2024-06-24T16:08:35.885+0000] {processor.py:836} INFO - DAG(s) dict_keys(['example_branch_operator']) retrieved from /usr/local/python/3.10.13/lib/python3.10/site-packages/airflow/example_dags/example_branch_operator.py
[2024-06-24T16:08:35.898+0000] {logging_mixin.py:150} INFO - [2024-06-24T16:08:35.898+0000] {dag.py:2742} INFO - Sync 1 DAGs
[2024-06-24T16:08:35.915+0000] {logging_mixin.py:150} INFO - [2024-06-24T16:08:35.915+0000] {dag.py:3504} INFO - Setting next_dagrun for example_branch_operator to 2024-06-23T00:00:00+00:00, run_after=2024-06-24T00:00:00+00:00
[2024-06-24T16:08:35.962+0000] {processor.py:179} INFO - Processing /usr/local/python/3.10.13/lib/python3.10/site-packages/airflow/example_dags/example_branch_operator.py took 0.088 seconds
[2024-06-24T16:09:22.548+0000] {processor.py:157} INFO - Started process (PID=20175) to work on /usr/local/python/3.10.13/lib/python3.10/site-packages/airflow/example_dags/example_branch_operator.py
[2024-06-24T16:09:22.549+0000] {processor.py:826} INFO - Processing file /usr/local/python/3.10.13/lib/python3.10/site-packages/airflow/example_dags/example_branch_operator.py for tasks to queue
[2024-06-24T16:09:22.550+0000] {logging_mixin.py:150} INFO - [2024-06-24T16:09:22.550+0000] {dagbag.py:541} INFO - Filling up the DagBag from /usr/local/python/3.10.13/lib/python3.10/site-packages/airflow/example_dags/example_branch_operator.py
[2024-06-24T16:09:22.557+0000] {processor.py:836} INFO - DAG(s) dict_keys(['example_branch_operator']) retrieved from /usr/local/python/3.10.13/lib/python3.10/site-packages/airflow/example_dags/example_branch_operator.py
[2024-06-24T16:09:22.571+0000] {logging_mixin.py:150} INFO - [2024-06-24T16:09:22.570+0000] {dag.py:2742} INFO - Sync 1 DAGs
[2024-06-24T16:09:22.587+0000] {logging_mixin.py:150} INFO - [2024-06-24T16:09:22.586+0000] {dag.py:3504} INFO - Setting next_dagrun for example_branch_operator to 2024-06-23T00:00:00+00:00, run_after=2024-06-24T00:00:00+00:00
[2024-06-24T16:09:22.635+0000] {processor.py:179} INFO - Processing /usr/local/python/3.10.13/lib/python3.10/site-packages/airflow/example_dags/example_branch_operator.py took 0.089 seconds
[2024-06-24T16:10:09.175+0000] {processor.py:157} INFO - Started process (PID=20497) to work on /usr/local/python/3.10.13/lib/python3.10/site-packages/airflow/example_dags/example_branch_operator.py
[2024-06-24T16:10:09.176+0000] {processor.py:826} INFO - Processing file /usr/local/python/3.10.13/lib/python3.10/site-packages/airflow/example_dags/example_branch_operator.py for tasks to queue
[2024-06-24T16:10:09.177+0000] {logging_mixin.py:150} INFO - [2024-06-24T16:10:09.176+0000] {dagbag.py:541} INFO - Filling up the DagBag from /usr/local/python/3.10.13/lib/python3.10/site-packages/airflow/example_dags/example_branch_operator.py
[2024-06-24T16:10:09.184+0000] {processor.py:836} INFO - DAG(s) dict_keys(['example_branch_operator']) retrieved from /usr/local/python/3.10.13/lib/python3.10/site-packages/airflow/example_dags/example_branch_operator.py
[2024-06-24T16:10:09.198+0000] {logging_mixin.py:150} INFO - [2024-06-24T16:10:09.198+0000] {dag.py:2742} INFO - Sync 1 DAGs
[2024-06-24T16:10:09.215+0000] {logging_mixin.py:150} INFO - [2024-06-24T16:10:09.215+0000] {dag.py:3504} INFO - Setting next_dagrun for example_branch_operator to 2024-06-23T00:00:00+00:00, run_after=2024-06-24T00:00:00+00:00
[2024-06-24T16:10:09.265+0000] {processor.py:179} INFO - Processing /usr/local/python/3.10.13/lib/python3.10/site-packages/airflow/example_dags/example_branch_operator.py took 0.092 seconds
[2024-06-24T16:10:56.906+0000] {processor.py:157} INFO - Started process (PID=20832) to work on /usr/local/python/3.10.13/lib/python3.10/site-packages/airflow/example_dags/example_branch_operator.py
[2024-06-24T16:10:56.906+0000] {processor.py:826} INFO - Processing file /usr/local/python/3.10.13/lib/python3.10/site-packages/airflow/example_dags/example_branch_operator.py for tasks to queue
[2024-06-24T16:10:56.907+0000] {logging_mixin.py:150} INFO - [2024-06-24T16:10:56.907+0000] {dagbag.py:541} INFO - Filling up the DagBag from /usr/local/python/3.10.13/lib/python3.10/site-packages/airflow/example_dags/example_branch_operator.py
[2024-06-24T16:10:56.914+0000] {processor.py:836} INFO - DAG(s) dict_keys(['example_branch_operator']) retrieved from /usr/local/python/3.10.13/lib/python3.10/site-packages/airflow/example_dags/example_branch_operator.py
[2024-06-24T16:10:56.927+0000] {logging_mixin.py:150} INFO - [2024-06-24T16:10:56.927+0000] {dag.py:2742} INFO - Sync 1 DAGs
[2024-06-24T16:10:56.944+0000] {logging_mixin.py:150} INFO - [2024-06-24T16:10:56.944+0000] {dag.py:3504} INFO - Setting next_dagrun for example_branch_operator to 2024-06-23T00:00:00+00:00, run_after=2024-06-24T00:00:00+00:00
[2024-06-24T16:10:56.987+0000] {processor.py:179} INFO - Processing /usr/local/python/3.10.13/lib/python3.10/site-packages/airflow/example_dags/example_branch_operator.py took 0.083 seconds
[2024-06-24T16:11:45.994+0000] {processor.py:157} INFO - Started process (PID=21178) to work on /usr/local/python/3.10.13/lib/python3.10/site-packages/airflow/example_dags/example_branch_operator.py
[2024-06-24T16:11:45.995+0000] {processor.py:826} INFO - Processing file /usr/local/python/3.10.13/lib/python3.10/site-packages/airflow/example_dags/example_branch_operator.py for tasks to queue
[2024-06-24T16:11:45.996+0000] {logging_mixin.py:150} INFO - [2024-06-24T16:11:45.995+0000] {dagbag.py:541} INFO - Filling up the DagBag from /usr/local/python/3.10.13/lib/python3.10/site-packages/airflow/example_dags/example_branch_operator.py
[2024-06-24T16:11:46.004+0000] {processor.py:836} INFO - DAG(s) dict_keys(['example_branch_operator']) retrieved from /usr/local/python/3.10.13/lib/python3.10/site-packages/airflow/example_dags/example_branch_operator.py
[2024-06-24T16:11:46.018+0000] {logging_mixin.py:150} INFO - [2024-06-24T16:11:46.018+0000] {dag.py:2742} INFO - Sync 1 DAGs
[2024-06-24T16:11:46.035+0000] {logging_mixin.py:150} INFO - [2024-06-24T16:11:46.035+0000] {dag.py:3504} INFO - Setting next_dagrun for example_branch_operator to 2024-06-23T00:00:00+00:00, run_after=2024-06-24T00:00:00+00:00
[2024-06-24T16:11:46.076+0000] {processor.py:179} INFO - Processing /usr/local/python/3.10.13/lib/python3.10/site-packages/airflow/example_dags/example_branch_operator.py took 0.084 seconds
[2024-06-24T16:12:34.321+0000] {processor.py:157} INFO - Started process (PID=21509) to work on /usr/local/python/3.10.13/lib/python3.10/site-packages/airflow/example_dags/example_branch_operator.py
[2024-06-24T16:12:34.321+0000] {processor.py:826} INFO - Processing file /usr/local/python/3.10.13/lib/python3.10/site-packages/airflow/example_dags/example_branch_operator.py for tasks to queue
[2024-06-24T16:12:34.322+0000] {logging_mixin.py:150} INFO - [2024-06-24T16:12:34.322+0000] {dagbag.py:541} INFO - Filling up the DagBag from /usr/local/python/3.10.13/lib/python3.10/site-packages/airflow/example_dags/example_branch_operator.py
[2024-06-24T16:12:34.329+0000] {processor.py:836} INFO - DAG(s) dict_keys(['example_branch_operator']) retrieved from /usr/local/python/3.10.13/lib/python3.10/site-packages/airflow/example_dags/example_branch_operator.py
[2024-06-24T16:12:34.343+0000] {logging_mixin.py:150} INFO - [2024-06-24T16:12:34.343+0000] {dag.py:2742} INFO - Sync 1 DAGs
[2024-06-24T16:12:34.360+0000] {logging_mixin.py:150} INFO - [2024-06-24T16:12:34.360+0000] {dag.py:3504} INFO - Setting next_dagrun for example_branch_operator to 2024-06-23T00:00:00+00:00, run_after=2024-06-24T00:00:00+00:00
[2024-06-24T16:12:34.408+0000] {processor.py:179} INFO - Processing /usr/local/python/3.10.13/lib/python3.10/site-packages/airflow/example_dags/example_branch_operator.py took 0.090 seconds
[2024-06-24T16:13:23.185+0000] {processor.py:157} INFO - Started process (PID=21839) to work on /usr/local/python/3.10.13/lib/python3.10/site-packages/airflow/example_dags/example_branch_operator.py
[2024-06-24T16:13:23.186+0000] {processor.py:826} INFO - Processing file /usr/local/python/3.10.13/lib/python3.10/site-packages/airflow/example_dags/example_branch_operator.py for tasks to queue
[2024-06-24T16:13:23.186+0000] {logging_mixin.py:150} INFO - [2024-06-24T16:13:23.186+0000] {dagbag.py:541} INFO - Filling up the DagBag from /usr/local/python/3.10.13/lib/python3.10/site-packages/airflow/example_dags/example_branch_operator.py
[2024-06-24T16:13:23.196+0000] {processor.py:836} INFO - DAG(s) dict_keys(['example_branch_operator']) retrieved from /usr/local/python/3.10.13/lib/python3.10/site-packages/airflow/example_dags/example_branch_operator.py
[2024-06-24T16:13:23.217+0000] {logging_mixin.py:150} INFO - [2024-06-24T16:13:23.217+0000] {dag.py:2742} INFO - Sync 1 DAGs
[2024-06-24T16:13:23.243+0000] {logging_mixin.py:150} INFO - [2024-06-24T16:13:23.243+0000] {dag.py:3504} INFO - Setting next_dagrun for example_branch_operator to 2024-06-23T00:00:00+00:00, run_after=2024-06-24T00:00:00+00:00
[2024-06-24T16:13:23.293+0000] {processor.py:179} INFO - Processing /usr/local/python/3.10.13/lib/python3.10/site-packages/airflow/example_dags/example_branch_operator.py took 0.111 seconds
[2024-06-24T16:14:09.920+0000] {processor.py:157} INFO - Started process (PID=22168) to work on /usr/local/python/3.10.13/lib/python3.10/site-packages/airflow/example_dags/example_branch_operator.py
[2024-06-24T16:14:09.921+0000] {processor.py:826} INFO - Processing file /usr/local/python/3.10.13/lib/python3.10/site-packages/airflow/example_dags/example_branch_operator.py for tasks to queue
[2024-06-24T16:14:09.921+0000] {logging_mixin.py:150} INFO - [2024-06-24T16:14:09.921+0000] {dagbag.py:541} INFO - Filling up the DagBag from /usr/local/python/3.10.13/lib/python3.10/site-packages/airflow/example_dags/example_branch_operator.py
[2024-06-24T16:14:09.929+0000] {processor.py:836} INFO - DAG(s) dict_keys(['example_branch_operator']) retrieved from /usr/local/python/3.10.13/lib/python3.10/site-packages/airflow/example_dags/example_branch_operator.py
[2024-06-24T16:14:09.943+0000] {logging_mixin.py:150} INFO - [2024-06-24T16:14:09.943+0000] {dag.py:2742} INFO - Sync 1 DAGs
[2024-06-24T16:14:09.961+0000] {logging_mixin.py:150} INFO - [2024-06-24T16:14:09.961+0000] {dag.py:3504} INFO - Setting next_dagrun for example_branch_operator to 2024-06-23T00:00:00+00:00, run_after=2024-06-24T00:00:00+00:00
[2024-06-24T16:14:10.005+0000] {processor.py:179} INFO - Processing /usr/local/python/3.10.13/lib/python3.10/site-packages/airflow/example_dags/example_branch_operator.py took 0.087 seconds
[2024-06-24T16:14:55.445+0000] {processor.py:157} INFO - Started process (PID=22483) to work on /usr/local/python/3.10.13/lib/python3.10/site-packages/airflow/example_dags/example_branch_operator.py
[2024-06-24T16:14:55.446+0000] {processor.py:826} INFO - Processing file /usr/local/python/3.10.13/lib/python3.10/site-packages/airflow/example_dags/example_branch_operator.py for tasks to queue
[2024-06-24T16:14:55.446+0000] {logging_mixin.py:150} INFO - [2024-06-24T16:14:55.446+0000] {dagbag.py:541} INFO - Filling up the DagBag from /usr/local/python/3.10.13/lib/python3.10/site-packages/airflow/example_dags/example_branch_operator.py
[2024-06-24T16:14:55.455+0000] {processor.py:836} INFO - DAG(s) dict_keys(['example_branch_operator']) retrieved from /usr/local/python/3.10.13/lib/python3.10/site-packages/airflow/example_dags/example_branch_operator.py
[2024-06-24T16:14:55.476+0000] {logging_mixin.py:150} INFO - [2024-06-24T16:14:55.476+0000] {dag.py:2742} INFO - Sync 1 DAGs
[2024-06-24T16:14:55.503+0000] {logging_mixin.py:150} INFO - [2024-06-24T16:14:55.502+0000] {dag.py:3504} INFO - Setting next_dagrun for example_branch_operator to 2024-06-23T00:00:00+00:00, run_after=2024-06-24T00:00:00+00:00
[2024-06-24T16:14:55.548+0000] {processor.py:179} INFO - Processing /usr/local/python/3.10.13/lib/python3.10/site-packages/airflow/example_dags/example_branch_operator.py took 0.106 seconds
[2024-06-24T16:15:39.553+0000] {processor.py:157} INFO - Started process (PID=22797) to work on /usr/local/python/3.10.13/lib/python3.10/site-packages/airflow/example_dags/example_branch_operator.py
[2024-06-24T16:15:39.554+0000] {processor.py:826} INFO - Processing file /usr/local/python/3.10.13/lib/python3.10/site-packages/airflow/example_dags/example_branch_operator.py for tasks to queue
[2024-06-24T16:15:39.554+0000] {logging_mixin.py:150} INFO - [2024-06-24T16:15:39.554+0000] {dagbag.py:541} INFO - Filling up the DagBag from /usr/local/python/3.10.13/lib/python3.10/site-packages/airflow/example_dags/example_branch_operator.py
[2024-06-24T16:15:39.561+0000] {processor.py:836} INFO - DAG(s) dict_keys(['example_branch_operator']) retrieved from /usr/local/python/3.10.13/lib/python3.10/site-packages/airflow/example_dags/example_branch_operator.py
[2024-06-24T16:15:39.575+0000] {logging_mixin.py:150} INFO - [2024-06-24T16:15:39.575+0000] {dag.py:2742} INFO - Sync 1 DAGs
[2024-06-24T16:15:39.591+0000] {logging_mixin.py:150} INFO - [2024-06-24T16:15:39.591+0000] {dag.py:3504} INFO - Setting next_dagrun for example_branch_operator to 2024-06-23T00:00:00+00:00, run_after=2024-06-24T00:00:00+00:00
[2024-06-24T16:15:39.630+0000] {processor.py:179} INFO - Processing /usr/local/python/3.10.13/lib/python3.10/site-packages/airflow/example_dags/example_branch_operator.py took 0.079 seconds
[2024-06-24T16:16:25.641+0000] {processor.py:157} INFO - Started process (PID=23104) to work on /usr/local/python/3.10.13/lib/python3.10/site-packages/airflow/example_dags/example_branch_operator.py
[2024-06-24T16:16:25.641+0000] {processor.py:826} INFO - Processing file /usr/local/python/3.10.13/lib/python3.10/site-packages/airflow/example_dags/example_branch_operator.py for tasks to queue
[2024-06-24T16:16:25.642+0000] {logging_mixin.py:150} INFO - [2024-06-24T16:16:25.642+0000] {dagbag.py:541} INFO - Filling up the DagBag from /usr/local/python/3.10.13/lib/python3.10/site-packages/airflow/example_dags/example_branch_operator.py
[2024-06-24T16:16:25.649+0000] {processor.py:836} INFO - DAG(s) dict_keys(['example_branch_operator']) retrieved from /usr/local/python/3.10.13/lib/python3.10/site-packages/airflow/example_dags/example_branch_operator.py
[2024-06-24T16:16:25.663+0000] {logging_mixin.py:150} INFO - [2024-06-24T16:16:25.663+0000] {dag.py:2742} INFO - Sync 1 DAGs
[2024-06-24T16:16:25.680+0000] {logging_mixin.py:150} INFO - [2024-06-24T16:16:25.680+0000] {dag.py:3504} INFO - Setting next_dagrun for example_branch_operator to 2024-06-23T00:00:00+00:00, run_after=2024-06-24T00:00:00+00:00
[2024-06-24T16:16:25.721+0000] {processor.py:179} INFO - Processing /usr/local/python/3.10.13/lib/python3.10/site-packages/airflow/example_dags/example_branch_operator.py took 0.083 seconds
[2024-06-24T16:17:11.016+0000] {processor.py:157} INFO - Started process (PID=23433) to work on /usr/local/python/3.10.13/lib/python3.10/site-packages/airflow/example_dags/example_branch_operator.py
[2024-06-24T16:17:11.017+0000] {processor.py:826} INFO - Processing file /usr/local/python/3.10.13/lib/python3.10/site-packages/airflow/example_dags/example_branch_operator.py for tasks to queue
[2024-06-24T16:17:11.018+0000] {logging_mixin.py:150} INFO - [2024-06-24T16:17:11.017+0000] {dagbag.py:541} INFO - Filling up the DagBag from /usr/local/python/3.10.13/lib/python3.10/site-packages/airflow/example_dags/example_branch_operator.py
[2024-06-24T16:17:11.027+0000] {processor.py:836} INFO - DAG(s) dict_keys(['example_branch_operator']) retrieved from /usr/local/python/3.10.13/lib/python3.10/site-packages/airflow/example_dags/example_branch_operator.py
[2024-06-24T16:17:11.044+0000] {logging_mixin.py:150} INFO - [2024-06-24T16:17:11.044+0000] {dag.py:2742} INFO - Sync 1 DAGs
[2024-06-24T16:17:11.061+0000] {logging_mixin.py:150} INFO - [2024-06-24T16:17:11.061+0000] {dag.py:3504} INFO - Setting next_dagrun for example_branch_operator to 2024-06-23T00:00:00+00:00, run_after=2024-06-24T00:00:00+00:00
[2024-06-24T16:17:11.101+0000] {processor.py:179} INFO - Processing /usr/local/python/3.10.13/lib/python3.10/site-packages/airflow/example_dags/example_branch_operator.py took 0.087 seconds
[2024-06-24T16:17:57.556+0000] {processor.py:157} INFO - Started process (PID=23740) to work on /usr/local/python/3.10.13/lib/python3.10/site-packages/airflow/example_dags/example_branch_operator.py
[2024-06-24T16:17:57.557+0000] {processor.py:826} INFO - Processing file /usr/local/python/3.10.13/lib/python3.10/site-packages/airflow/example_dags/example_branch_operator.py for tasks to queue
[2024-06-24T16:17:57.558+0000] {logging_mixin.py:150} INFO - [2024-06-24T16:17:57.558+0000] {dagbag.py:541} INFO - Filling up the DagBag from /usr/local/python/3.10.13/lib/python3.10/site-packages/airflow/example_dags/example_branch_operator.py
[2024-06-24T16:17:57.565+0000] {processor.py:836} INFO - DAG(s) dict_keys(['example_branch_operator']) retrieved from /usr/local/python/3.10.13/lib/python3.10/site-packages/airflow/example_dags/example_branch_operator.py
[2024-06-24T16:17:57.579+0000] {logging_mixin.py:150} INFO - [2024-06-24T16:17:57.579+0000] {dag.py:2742} INFO - Sync 1 DAGs
[2024-06-24T16:17:57.596+0000] {logging_mixin.py:150} INFO - [2024-06-24T16:17:57.596+0000] {dag.py:3504} INFO - Setting next_dagrun for example_branch_operator to 2024-06-23T00:00:00+00:00, run_after=2024-06-24T00:00:00+00:00
[2024-06-24T16:17:57.634+0000] {processor.py:179} INFO - Processing /usr/local/python/3.10.13/lib/python3.10/site-packages/airflow/example_dags/example_branch_operator.py took 0.080 seconds
[2024-06-24T16:18:41.088+0000] {processor.py:157} INFO - Started process (PID=24056) to work on /usr/local/python/3.10.13/lib/python3.10/site-packages/airflow/example_dags/example_branch_operator.py
[2024-06-24T16:18:41.089+0000] {processor.py:826} INFO - Processing file /usr/local/python/3.10.13/lib/python3.10/site-packages/airflow/example_dags/example_branch_operator.py for tasks to queue
[2024-06-24T16:18:41.090+0000] {logging_mixin.py:150} INFO - [2024-06-24T16:18:41.089+0000] {dagbag.py:541} INFO - Filling up the DagBag from /usr/local/python/3.10.13/lib/python3.10/site-packages/airflow/example_dags/example_branch_operator.py
[2024-06-24T16:18:41.097+0000] {processor.py:836} INFO - DAG(s) dict_keys(['example_branch_operator']) retrieved from /usr/local/python/3.10.13/lib/python3.10/site-packages/airflow/example_dags/example_branch_operator.py
[2024-06-24T16:18:41.110+0000] {logging_mixin.py:150} INFO - [2024-06-24T16:18:41.110+0000] {dag.py:2742} INFO - Sync 1 DAGs
[2024-06-24T16:18:41.126+0000] {logging_mixin.py:150} INFO - [2024-06-24T16:18:41.126+0000] {dag.py:3504} INFO - Setting next_dagrun for example_branch_operator to 2024-06-23T00:00:00+00:00, run_after=2024-06-24T00:00:00+00:00
[2024-06-24T16:18:41.166+0000] {processor.py:179} INFO - Processing /usr/local/python/3.10.13/lib/python3.10/site-packages/airflow/example_dags/example_branch_operator.py took 0.080 seconds
[2024-06-24T16:19:29.390+0000] {processor.py:157} INFO - Started process (PID=24378) to work on /usr/local/python/3.10.13/lib/python3.10/site-packages/airflow/example_dags/example_branch_operator.py
[2024-06-24T16:19:29.391+0000] {processor.py:826} INFO - Processing file /usr/local/python/3.10.13/lib/python3.10/site-packages/airflow/example_dags/example_branch_operator.py for tasks to queue
[2024-06-24T16:19:29.391+0000] {logging_mixin.py:150} INFO - [2024-06-24T16:19:29.391+0000] {dagbag.py:541} INFO - Filling up the DagBag from /usr/local/python/3.10.13/lib/python3.10/site-packages/airflow/example_dags/example_branch_operator.py
[2024-06-24T16:19:29.398+0000] {processor.py:836} INFO - DAG(s) dict_keys(['example_branch_operator']) retrieved from /usr/local/python/3.10.13/lib/python3.10/site-packages/airflow/example_dags/example_branch_operator.py
[2024-06-24T16:19:29.412+0000] {logging_mixin.py:150} INFO - [2024-06-24T16:19:29.412+0000] {dag.py:2742} INFO - Sync 1 DAGs
[2024-06-24T16:19:29.429+0000] {logging_mixin.py:150} INFO - [2024-06-24T16:19:29.429+0000] {dag.py:3504} INFO - Setting next_dagrun for example_branch_operator to 2024-06-23T00:00:00+00:00, run_after=2024-06-24T00:00:00+00:00
[2024-06-24T16:19:29.469+0000] {processor.py:179} INFO - Processing /usr/local/python/3.10.13/lib/python3.10/site-packages/airflow/example_dags/example_branch_operator.py took 0.082 seconds
[2024-06-24T16:20:17.062+0000] {processor.py:157} INFO - Started process (PID=24710) to work on /usr/local/python/3.10.13/lib/python3.10/site-packages/airflow/example_dags/example_branch_operator.py
[2024-06-24T16:20:17.063+0000] {processor.py:826} INFO - Processing file /usr/local/python/3.10.13/lib/python3.10/site-packages/airflow/example_dags/example_branch_operator.py for tasks to queue
[2024-06-24T16:20:17.064+0000] {logging_mixin.py:150} INFO - [2024-06-24T16:20:17.063+0000] {dagbag.py:541} INFO - Filling up the DagBag from /usr/local/python/3.10.13/lib/python3.10/site-packages/airflow/example_dags/example_branch_operator.py
[2024-06-24T16:20:17.071+0000] {processor.py:836} INFO - DAG(s) dict_keys(['example_branch_operator']) retrieved from /usr/local/python/3.10.13/lib/python3.10/site-packages/airflow/example_dags/example_branch_operator.py
[2024-06-24T16:20:17.086+0000] {logging_mixin.py:150} INFO - [2024-06-24T16:20:17.086+0000] {dag.py:2742} INFO - Sync 1 DAGs
[2024-06-24T16:20:17.104+0000] {logging_mixin.py:150} INFO - [2024-06-24T16:20:17.104+0000] {dag.py:3504} INFO - Setting next_dagrun for example_branch_operator to 2024-06-23T00:00:00+00:00, run_after=2024-06-24T00:00:00+00:00
[2024-06-24T16:20:17.148+0000] {processor.py:179} INFO - Processing /usr/local/python/3.10.13/lib/python3.10/site-packages/airflow/example_dags/example_branch_operator.py took 0.088 seconds
[2024-06-24T16:21:02.016+0000] {processor.py:157} INFO - Started process (PID=25012) to work on /usr/local/python/3.10.13/lib/python3.10/site-packages/airflow/example_dags/example_branch_operator.py
[2024-06-24T16:21:02.017+0000] {processor.py:826} INFO - Processing file /usr/local/python/3.10.13/lib/python3.10/site-packages/airflow/example_dags/example_branch_operator.py for tasks to queue
[2024-06-24T16:21:02.017+0000] {logging_mixin.py:150} INFO - [2024-06-24T16:21:02.017+0000] {dagbag.py:541} INFO - Filling up the DagBag from /usr/local/python/3.10.13/lib/python3.10/site-packages/airflow/example_dags/example_branch_operator.py
[2024-06-24T16:21:02.024+0000] {processor.py:836} INFO - DAG(s) dict_keys(['example_branch_operator']) retrieved from /usr/local/python/3.10.13/lib/python3.10/site-packages/airflow/example_dags/example_branch_operator.py
[2024-06-24T16:21:02.038+0000] {logging_mixin.py:150} INFO - [2024-06-24T16:21:02.038+0000] {dag.py:2742} INFO - Sync 1 DAGs
[2024-06-24T16:21:02.054+0000] {logging_mixin.py:150} INFO - [2024-06-24T16:21:02.054+0000] {dag.py:3504} INFO - Setting next_dagrun for example_branch_operator to 2024-06-23T00:00:00+00:00, run_after=2024-06-24T00:00:00+00:00
[2024-06-24T16:21:02.100+0000] {processor.py:179} INFO - Processing /usr/local/python/3.10.13/lib/python3.10/site-packages/airflow/example_dags/example_branch_operator.py took 0.086 seconds
[2024-06-24T16:21:52.216+0000] {processor.py:157} INFO - Started process (PID=25371) to work on /usr/local/python/3.10.13/lib/python3.10/site-packages/airflow/example_dags/example_branch_operator.py
[2024-06-24T16:21:52.217+0000] {processor.py:826} INFO - Processing file /usr/local/python/3.10.13/lib/python3.10/site-packages/airflow/example_dags/example_branch_operator.py for tasks to queue
[2024-06-24T16:21:52.217+0000] {logging_mixin.py:150} INFO - [2024-06-24T16:21:52.217+0000] {dagbag.py:541} INFO - Filling up the DagBag from /usr/local/python/3.10.13/lib/python3.10/site-packages/airflow/example_dags/example_branch_operator.py
[2024-06-24T16:21:52.224+0000] {processor.py:836} INFO - DAG(s) dict_keys(['example_branch_operator']) retrieved from /usr/local/python/3.10.13/lib/python3.10/site-packages/airflow/example_dags/example_branch_operator.py
[2024-06-24T16:21:52.238+0000] {logging_mixin.py:150} INFO - [2024-06-24T16:21:52.238+0000] {dag.py:2742} INFO - Sync 1 DAGs
[2024-06-24T16:21:52.254+0000] {logging_mixin.py:150} INFO - [2024-06-24T16:21:52.254+0000] {dag.py:3504} INFO - Setting next_dagrun for example_branch_operator to 2024-06-23T00:00:00+00:00, run_after=2024-06-24T00:00:00+00:00
[2024-06-24T16:21:52.293+0000] {processor.py:179} INFO - Processing /usr/local/python/3.10.13/lib/python3.10/site-packages/airflow/example_dags/example_branch_operator.py took 0.080 seconds
[2024-06-24T16:22:41.710+0000] {processor.py:157} INFO - Started process (PID=25714) to work on /usr/local/python/3.10.13/lib/python3.10/site-packages/airflow/example_dags/example_branch_operator.py
[2024-06-24T16:22:41.711+0000] {processor.py:826} INFO - Processing file /usr/local/python/3.10.13/lib/python3.10/site-packages/airflow/example_dags/example_branch_operator.py for tasks to queue
[2024-06-24T16:22:41.711+0000] {logging_mixin.py:150} INFO - [2024-06-24T16:22:41.711+0000] {dagbag.py:541} INFO - Filling up the DagBag from /usr/local/python/3.10.13/lib/python3.10/site-packages/airflow/example_dags/example_branch_operator.py
[2024-06-24T16:22:41.718+0000] {processor.py:836} INFO - DAG(s) dict_keys(['example_branch_operator']) retrieved from /usr/local/python/3.10.13/lib/python3.10/site-packages/airflow/example_dags/example_branch_operator.py
[2024-06-24T16:22:41.732+0000] {logging_mixin.py:150} INFO - [2024-06-24T16:22:41.732+0000] {dag.py:2742} INFO - Sync 1 DAGs
[2024-06-24T16:22:41.749+0000] {logging_mixin.py:150} INFO - [2024-06-24T16:22:41.749+0000] {dag.py:3504} INFO - Setting next_dagrun for example_branch_operator to 2024-06-23T00:00:00+00:00, run_after=2024-06-24T00:00:00+00:00
[2024-06-24T16:22:41.795+0000] {processor.py:179} INFO - Processing /usr/local/python/3.10.13/lib/python3.10/site-packages/airflow/example_dags/example_branch_operator.py took 0.087 seconds
[2024-06-24T16:23:26.255+0000] {processor.py:157} INFO - Started process (PID=26035) to work on /usr/local/python/3.10.13/lib/python3.10/site-packages/airflow/example_dags/example_branch_operator.py
[2024-06-24T16:23:26.255+0000] {processor.py:826} INFO - Processing file /usr/local/python/3.10.13/lib/python3.10/site-packages/airflow/example_dags/example_branch_operator.py for tasks to queue
[2024-06-24T16:23:26.256+0000] {logging_mixin.py:150} INFO - [2024-06-24T16:23:26.256+0000] {dagbag.py:541} INFO - Filling up the DagBag from /usr/local/python/3.10.13/lib/python3.10/site-packages/airflow/example_dags/example_branch_operator.py
[2024-06-24T16:23:26.263+0000] {processor.py:836} INFO - DAG(s) dict_keys(['example_branch_operator']) retrieved from /usr/local/python/3.10.13/lib/python3.10/site-packages/airflow/example_dags/example_branch_operator.py
[2024-06-24T16:23:26.277+0000] {logging_mixin.py:150} INFO - [2024-06-24T16:23:26.277+0000] {dag.py:2742} INFO - Sync 1 DAGs
[2024-06-24T16:23:26.293+0000] {logging_mixin.py:150} INFO - [2024-06-24T16:23:26.293+0000] {dag.py:3504} INFO - Setting next_dagrun for example_branch_operator to 2024-06-23T00:00:00+00:00, run_after=2024-06-24T00:00:00+00:00
[2024-06-24T16:23:26.337+0000] {processor.py:179} INFO - Processing /usr/local/python/3.10.13/lib/python3.10/site-packages/airflow/example_dags/example_branch_operator.py took 0.084 seconds
[2024-06-24T16:24:08.869+0000] {processor.py:157} INFO - Started process (PID=26330) to work on /usr/local/python/3.10.13/lib/python3.10/site-packages/airflow/example_dags/example_branch_operator.py
[2024-06-24T16:24:08.869+0000] {processor.py:826} INFO - Processing file /usr/local/python/3.10.13/lib/python3.10/site-packages/airflow/example_dags/example_branch_operator.py for tasks to queue
[2024-06-24T16:24:08.870+0000] {logging_mixin.py:150} INFO - [2024-06-24T16:24:08.870+0000] {dagbag.py:541} INFO - Filling up the DagBag from /usr/local/python/3.10.13/lib/python3.10/site-packages/airflow/example_dags/example_branch_operator.py
[2024-06-24T16:24:08.878+0000] {processor.py:836} INFO - DAG(s) dict_keys(['example_branch_operator']) retrieved from /usr/local/python/3.10.13/lib/python3.10/site-packages/airflow/example_dags/example_branch_operator.py
[2024-06-24T16:24:08.893+0000] {logging_mixin.py:150} INFO - [2024-06-24T16:24:08.892+0000] {dag.py:2742} INFO - Sync 1 DAGs
[2024-06-24T16:24:08.912+0000] {logging_mixin.py:150} INFO - [2024-06-24T16:24:08.911+0000] {dag.py:3504} INFO - Setting next_dagrun for example_branch_operator to 2024-06-23T00:00:00+00:00, run_after=2024-06-24T00:00:00+00:00
[2024-06-24T16:24:08.951+0000] {processor.py:179} INFO - Processing /usr/local/python/3.10.13/lib/python3.10/site-packages/airflow/example_dags/example_branch_operator.py took 0.084 seconds
[2024-06-24T16:24:56.185+0000] {processor.py:157} INFO - Started process (PID=26648) to work on /usr/local/python/3.10.13/lib/python3.10/site-packages/airflow/example_dags/example_branch_operator.py
[2024-06-24T16:24:56.186+0000] {processor.py:826} INFO - Processing file /usr/local/python/3.10.13/lib/python3.10/site-packages/airflow/example_dags/example_branch_operator.py for tasks to queue
[2024-06-24T16:24:56.187+0000] {logging_mixin.py:150} INFO - [2024-06-24T16:24:56.186+0000] {dagbag.py:541} INFO - Filling up the DagBag from /usr/local/python/3.10.13/lib/python3.10/site-packages/airflow/example_dags/example_branch_operator.py
[2024-06-24T16:24:56.194+0000] {processor.py:836} INFO - DAG(s) dict_keys(['example_branch_operator']) retrieved from /usr/local/python/3.10.13/lib/python3.10/site-packages/airflow/example_dags/example_branch_operator.py
[2024-06-24T16:24:56.209+0000] {logging_mixin.py:150} INFO - [2024-06-24T16:24:56.209+0000] {dag.py:2742} INFO - Sync 1 DAGs
[2024-06-24T16:24:56.225+0000] {logging_mixin.py:150} INFO - [2024-06-24T16:24:56.225+0000] {dag.py:3504} INFO - Setting next_dagrun for example_branch_operator to 2024-06-23T00:00:00+00:00, run_after=2024-06-24T00:00:00+00:00
[2024-06-24T16:24:56.267+0000] {processor.py:179} INFO - Processing /usr/local/python/3.10.13/lib/python3.10/site-packages/airflow/example_dags/example_branch_operator.py took 0.084 seconds
[2024-06-24T16:25:46.367+0000] {processor.py:157} INFO - Started process (PID=26989) to work on /usr/local/python/3.10.13/lib/python3.10/site-packages/airflow/example_dags/example_branch_operator.py
[2024-06-24T16:25:46.368+0000] {processor.py:826} INFO - Processing file /usr/local/python/3.10.13/lib/python3.10/site-packages/airflow/example_dags/example_branch_operator.py for tasks to queue
[2024-06-24T16:25:46.369+0000] {logging_mixin.py:150} INFO - [2024-06-24T16:25:46.368+0000] {dagbag.py:541} INFO - Filling up the DagBag from /usr/local/python/3.10.13/lib/python3.10/site-packages/airflow/example_dags/example_branch_operator.py
[2024-06-24T16:25:46.377+0000] {processor.py:836} INFO - DAG(s) dict_keys(['example_branch_operator']) retrieved from /usr/local/python/3.10.13/lib/python3.10/site-packages/airflow/example_dags/example_branch_operator.py
[2024-06-24T16:25:46.398+0000] {logging_mixin.py:150} INFO - [2024-06-24T16:25:46.397+0000] {dag.py:2742} INFO - Sync 1 DAGs
[2024-06-24T16:25:46.422+0000] {logging_mixin.py:150} INFO - [2024-06-24T16:25:46.422+0000] {dag.py:3504} INFO - Setting next_dagrun for example_branch_operator to 2024-06-23T00:00:00+00:00, run_after=2024-06-24T00:00:00+00:00
[2024-06-24T16:25:46.466+0000] {processor.py:179} INFO - Processing /usr/local/python/3.10.13/lib/python3.10/site-packages/airflow/example_dags/example_branch_operator.py took 0.101 seconds
[2024-06-24T16:26:31.652+0000] {processor.py:157} INFO - Started process (PID=27315) to work on /usr/local/python/3.10.13/lib/python3.10/site-packages/airflow/example_dags/example_branch_operator.py
[2024-06-24T16:26:31.653+0000] {processor.py:826} INFO - Processing file /usr/local/python/3.10.13/lib/python3.10/site-packages/airflow/example_dags/example_branch_operator.py for tasks to queue
[2024-06-24T16:26:31.654+0000] {logging_mixin.py:150} INFO - [2024-06-24T16:26:31.653+0000] {dagbag.py:541} INFO - Filling up the DagBag from /usr/local/python/3.10.13/lib/python3.10/site-packages/airflow/example_dags/example_branch_operator.py
[2024-06-24T16:26:31.661+0000] {processor.py:836} INFO - DAG(s) dict_keys(['example_branch_operator']) retrieved from /usr/local/python/3.10.13/lib/python3.10/site-packages/airflow/example_dags/example_branch_operator.py
[2024-06-24T16:26:31.674+0000] {logging_mixin.py:150} INFO - [2024-06-24T16:26:31.674+0000] {dag.py:2742} INFO - Sync 1 DAGs
[2024-06-24T16:26:31.691+0000] {logging_mixin.py:150} INFO - [2024-06-24T16:26:31.691+0000] {dag.py:3504} INFO - Setting next_dagrun for example_branch_operator to 2024-06-23T00:00:00+00:00, run_after=2024-06-24T00:00:00+00:00
[2024-06-24T16:26:31.732+0000] {processor.py:179} INFO - Processing /usr/local/python/3.10.13/lib/python3.10/site-packages/airflow/example_dags/example_branch_operator.py took 0.082 seconds
[2024-06-24T16:27:19.760+0000] {processor.py:157} INFO - Started process (PID=27650) to work on /usr/local/python/3.10.13/lib/python3.10/site-packages/airflow/example_dags/example_branch_operator.py
[2024-06-24T16:27:19.760+0000] {processor.py:826} INFO - Processing file /usr/local/python/3.10.13/lib/python3.10/site-packages/airflow/example_dags/example_branch_operator.py for tasks to queue
[2024-06-24T16:27:19.761+0000] {logging_mixin.py:150} INFO - [2024-06-24T16:27:19.761+0000] {dagbag.py:541} INFO - Filling up the DagBag from /usr/local/python/3.10.13/lib/python3.10/site-packages/airflow/example_dags/example_branch_operator.py
[2024-06-24T16:27:19.768+0000] {processor.py:836} INFO - DAG(s) dict_keys(['example_branch_operator']) retrieved from /usr/local/python/3.10.13/lib/python3.10/site-packages/airflow/example_dags/example_branch_operator.py
[2024-06-24T16:27:19.782+0000] {logging_mixin.py:150} INFO - [2024-06-24T16:27:19.782+0000] {dag.py:2742} INFO - Sync 1 DAGs
[2024-06-24T16:27:19.799+0000] {logging_mixin.py:150} INFO - [2024-06-24T16:27:19.799+0000] {dag.py:3504} INFO - Setting next_dagrun for example_branch_operator to 2024-06-23T00:00:00+00:00, run_after=2024-06-24T00:00:00+00:00
[2024-06-24T16:27:19.839+0000] {processor.py:179} INFO - Processing /usr/local/python/3.10.13/lib/python3.10/site-packages/airflow/example_dags/example_branch_operator.py took 0.082 seconds
[2024-06-24T16:28:02.731+0000] {processor.py:157} INFO - Started process (PID=27948) to work on /usr/local/python/3.10.13/lib/python3.10/site-packages/airflow/example_dags/example_branch_operator.py
[2024-06-24T16:28:02.731+0000] {processor.py:826} INFO - Processing file /usr/local/python/3.10.13/lib/python3.10/site-packages/airflow/example_dags/example_branch_operator.py for tasks to queue
[2024-06-24T16:28:02.732+0000] {logging_mixin.py:150} INFO - [2024-06-24T16:28:02.732+0000] {dagbag.py:541} INFO - Filling up the DagBag from /usr/local/python/3.10.13/lib/python3.10/site-packages/airflow/example_dags/example_branch_operator.py
[2024-06-24T16:28:02.740+0000] {processor.py:836} INFO - DAG(s) dict_keys(['example_branch_operator']) retrieved from /usr/local/python/3.10.13/lib/python3.10/site-packages/airflow/example_dags/example_branch_operator.py
[2024-06-24T16:28:02.754+0000] {logging_mixin.py:150} INFO - [2024-06-24T16:28:02.754+0000] {dag.py:2742} INFO - Sync 1 DAGs
[2024-06-24T16:28:02.773+0000] {logging_mixin.py:150} INFO - [2024-06-24T16:28:02.773+0000] {dag.py:3504} INFO - Setting next_dagrun for example_branch_operator to 2024-06-23T00:00:00+00:00, run_after=2024-06-24T00:00:00+00:00
[2024-06-24T16:28:02.812+0000] {processor.py:179} INFO - Processing /usr/local/python/3.10.13/lib/python3.10/site-packages/airflow/example_dags/example_branch_operator.py took 0.084 seconds
[2024-06-24T16:28:50.868+0000] {processor.py:157} INFO - Started process (PID=28292) to work on /usr/local/python/3.10.13/lib/python3.10/site-packages/airflow/example_dags/example_branch_operator.py
[2024-06-24T16:28:50.869+0000] {processor.py:826} INFO - Processing file /usr/local/python/3.10.13/lib/python3.10/site-packages/airflow/example_dags/example_branch_operator.py for tasks to queue
[2024-06-24T16:28:50.869+0000] {logging_mixin.py:150} INFO - [2024-06-24T16:28:50.869+0000] {dagbag.py:541} INFO - Filling up the DagBag from /usr/local/python/3.10.13/lib/python3.10/site-packages/airflow/example_dags/example_branch_operator.py
[2024-06-24T16:28:50.877+0000] {processor.py:836} INFO - DAG(s) dict_keys(['example_branch_operator']) retrieved from /usr/local/python/3.10.13/lib/python3.10/site-packages/airflow/example_dags/example_branch_operator.py
[2024-06-24T16:28:50.891+0000] {logging_mixin.py:150} INFO - [2024-06-24T16:28:50.891+0000] {dag.py:2742} INFO - Sync 1 DAGs
[2024-06-24T16:28:50.907+0000] {logging_mixin.py:150} INFO - [2024-06-24T16:28:50.907+0000] {dag.py:3504} INFO - Setting next_dagrun for example_branch_operator to 2024-06-23T00:00:00+00:00, run_after=2024-06-24T00:00:00+00:00
[2024-06-24T16:28:50.951+0000] {processor.py:179} INFO - Processing /usr/local/python/3.10.13/lib/python3.10/site-packages/airflow/example_dags/example_branch_operator.py took 0.085 seconds
[2024-06-24T16:29:38.621+0000] {processor.py:157} INFO - Started process (PID=28608) to work on /usr/local/python/3.10.13/lib/python3.10/site-packages/airflow/example_dags/example_branch_operator.py
[2024-06-24T16:29:38.622+0000] {processor.py:826} INFO - Processing file /usr/local/python/3.10.13/lib/python3.10/site-packages/airflow/example_dags/example_branch_operator.py for tasks to queue
[2024-06-24T16:29:38.623+0000] {logging_mixin.py:150} INFO - [2024-06-24T16:29:38.622+0000] {dagbag.py:541} INFO - Filling up the DagBag from /usr/local/python/3.10.13/lib/python3.10/site-packages/airflow/example_dags/example_branch_operator.py
[2024-06-24T16:29:38.630+0000] {processor.py:836} INFO - DAG(s) dict_keys(['example_branch_operator']) retrieved from /usr/local/python/3.10.13/lib/python3.10/site-packages/airflow/example_dags/example_branch_operator.py
[2024-06-24T16:29:38.644+0000] {logging_mixin.py:150} INFO - [2024-06-24T16:29:38.644+0000] {dag.py:2742} INFO - Sync 1 DAGs
[2024-06-24T16:29:38.661+0000] {logging_mixin.py:150} INFO - [2024-06-24T16:29:38.660+0000] {dag.py:3504} INFO - Setting next_dagrun for example_branch_operator to 2024-06-23T00:00:00+00:00, run_after=2024-06-24T00:00:00+00:00
[2024-06-24T16:29:38.702+0000] {processor.py:179} INFO - Processing /usr/local/python/3.10.13/lib/python3.10/site-packages/airflow/example_dags/example_branch_operator.py took 0.083 seconds
[2024-06-24T16:30:26.927+0000] {processor.py:157} INFO - Started process (PID=28951) to work on /usr/local/python/3.10.13/lib/python3.10/site-packages/airflow/example_dags/example_branch_operator.py
[2024-06-24T16:30:26.928+0000] {processor.py:826} INFO - Processing file /usr/local/python/3.10.13/lib/python3.10/site-packages/airflow/example_dags/example_branch_operator.py for tasks to queue
[2024-06-24T16:30:26.928+0000] {logging_mixin.py:150} INFO - [2024-06-24T16:30:26.928+0000] {dagbag.py:541} INFO - Filling up the DagBag from /usr/local/python/3.10.13/lib/python3.10/site-packages/airflow/example_dags/example_branch_operator.py
[2024-06-24T16:30:26.935+0000] {processor.py:836} INFO - DAG(s) dict_keys(['example_branch_operator']) retrieved from /usr/local/python/3.10.13/lib/python3.10/site-packages/airflow/example_dags/example_branch_operator.py
[2024-06-24T16:30:26.950+0000] {logging_mixin.py:150} INFO - [2024-06-24T16:30:26.950+0000] {dag.py:2742} INFO - Sync 1 DAGs
[2024-06-24T16:30:26.966+0000] {logging_mixin.py:150} INFO - [2024-06-24T16:30:26.966+0000] {dag.py:3504} INFO - Setting next_dagrun for example_branch_operator to 2024-06-23T00:00:00+00:00, run_after=2024-06-24T00:00:00+00:00
[2024-06-24T16:30:27.006+0000] {processor.py:179} INFO - Processing /usr/local/python/3.10.13/lib/python3.10/site-packages/airflow/example_dags/example_branch_operator.py took 0.081 seconds
[2024-06-24T16:31:13.565+0000] {processor.py:157} INFO - Started process (PID=29281) to work on /usr/local/python/3.10.13/lib/python3.10/site-packages/airflow/example_dags/example_branch_operator.py
[2024-06-24T16:31:13.566+0000] {processor.py:826} INFO - Processing file /usr/local/python/3.10.13/lib/python3.10/site-packages/airflow/example_dags/example_branch_operator.py for tasks to queue
[2024-06-24T16:31:13.566+0000] {logging_mixin.py:150} INFO - [2024-06-24T16:31:13.566+0000] {dagbag.py:541} INFO - Filling up the DagBag from /usr/local/python/3.10.13/lib/python3.10/site-packages/airflow/example_dags/example_branch_operator.py
[2024-06-24T16:31:13.574+0000] {processor.py:836} INFO - DAG(s) dict_keys(['example_branch_operator']) retrieved from /usr/local/python/3.10.13/lib/python3.10/site-packages/airflow/example_dags/example_branch_operator.py
[2024-06-24T16:31:13.587+0000] {logging_mixin.py:150} INFO - [2024-06-24T16:31:13.587+0000] {dag.py:2742} INFO - Sync 1 DAGs
[2024-06-24T16:31:13.603+0000] {logging_mixin.py:150} INFO - [2024-06-24T16:31:13.603+0000] {dag.py:3504} INFO - Setting next_dagrun for example_branch_operator to 2024-06-23T00:00:00+00:00, run_after=2024-06-24T00:00:00+00:00
[2024-06-24T16:31:13.645+0000] {processor.py:179} INFO - Processing /usr/local/python/3.10.13/lib/python3.10/site-packages/airflow/example_dags/example_branch_operator.py took 0.082 seconds
[2024-06-24T17:08:23.606+0000] {processor.py:157} INFO - Started process (PID=9641) to work on /usr/local/python/3.10.13/lib/python3.10/site-packages/airflow/example_dags/example_branch_operator.py
[2024-06-24T17:08:23.607+0000] {processor.py:826} INFO - Processing file /usr/local/python/3.10.13/lib/python3.10/site-packages/airflow/example_dags/example_branch_operator.py for tasks to queue
[2024-06-24T17:08:23.607+0000] {logging_mixin.py:150} INFO - [2024-06-24T17:08:23.607+0000] {dagbag.py:541} INFO - Filling up the DagBag from /usr/local/python/3.10.13/lib/python3.10/site-packages/airflow/example_dags/example_branch_operator.py
[2024-06-24T17:08:23.614+0000] {processor.py:836} INFO - DAG(s) dict_keys(['example_branch_operator']) retrieved from /usr/local/python/3.10.13/lib/python3.10/site-packages/airflow/example_dags/example_branch_operator.py
[2024-06-24T17:08:23.629+0000] {logging_mixin.py:150} INFO - [2024-06-24T17:08:23.629+0000] {dag.py:2742} INFO - Sync 1 DAGs
[2024-06-24T17:08:23.645+0000] {logging_mixin.py:150} INFO - [2024-06-24T17:08:23.645+0000] {dag.py:3504} INFO - Setting next_dagrun for example_branch_operator to 2024-06-23T00:00:00+00:00, run_after=2024-06-24T00:00:00+00:00
[2024-06-24T17:08:23.687+0000] {processor.py:179} INFO - Processing /usr/local/python/3.10.13/lib/python3.10/site-packages/airflow/example_dags/example_branch_operator.py took 0.083 seconds
[2024-06-24T17:09:16.621+0000] {processor.py:157} INFO - Started process (PID=10002) to work on /usr/local/python/3.10.13/lib/python3.10/site-packages/airflow/example_dags/example_branch_operator.py
[2024-06-24T17:09:16.623+0000] {processor.py:826} INFO - Processing file /usr/local/python/3.10.13/lib/python3.10/site-packages/airflow/example_dags/example_branch_operator.py for tasks to queue
[2024-06-24T17:09:16.624+0000] {logging_mixin.py:150} INFO - [2024-06-24T17:09:16.623+0000] {dagbag.py:541} INFO - Filling up the DagBag from /usr/local/python/3.10.13/lib/python3.10/site-packages/airflow/example_dags/example_branch_operator.py
[2024-06-24T17:09:16.637+0000] {processor.py:836} INFO - DAG(s) dict_keys(['example_branch_operator']) retrieved from /usr/local/python/3.10.13/lib/python3.10/site-packages/airflow/example_dags/example_branch_operator.py
[2024-06-24T17:09:16.773+0000] {logging_mixin.py:150} INFO - [2024-06-24T17:09:16.773+0000] {dag.py:2742} INFO - Sync 1 DAGs
[2024-06-24T17:09:17.215+0000] {logging_mixin.py:150} INFO - [2024-06-24T17:09:17.215+0000] {dag.py:3504} INFO - Setting next_dagrun for example_branch_operator to 2024-06-23T00:00:00+00:00, run_after=2024-06-24T00:00:00+00:00
[2024-06-24T17:09:17.299+0000] {processor.py:179} INFO - Processing /usr/local/python/3.10.13/lib/python3.10/site-packages/airflow/example_dags/example_branch_operator.py took 0.688 seconds
[2024-06-24T17:10:10.665+0000] {processor.py:157} INFO - Started process (PID=10370) to work on /usr/local/python/3.10.13/lib/python3.10/site-packages/airflow/example_dags/example_branch_operator.py
[2024-06-24T17:10:10.666+0000] {processor.py:826} INFO - Processing file /usr/local/python/3.10.13/lib/python3.10/site-packages/airflow/example_dags/example_branch_operator.py for tasks to queue
[2024-06-24T17:10:10.667+0000] {logging_mixin.py:150} INFO - [2024-06-24T17:10:10.666+0000] {dagbag.py:541} INFO - Filling up the DagBag from /usr/local/python/3.10.13/lib/python3.10/site-packages/airflow/example_dags/example_branch_operator.py
[2024-06-24T17:10:10.674+0000] {processor.py:836} INFO - DAG(s) dict_keys(['example_branch_operator']) retrieved from /usr/local/python/3.10.13/lib/python3.10/site-packages/airflow/example_dags/example_branch_operator.py
[2024-06-24T17:10:10.688+0000] {logging_mixin.py:150} INFO - [2024-06-24T17:10:10.687+0000] {dag.py:2742} INFO - Sync 1 DAGs
[2024-06-24T17:10:10.704+0000] {logging_mixin.py:150} INFO - [2024-06-24T17:10:10.704+0000] {dag.py:3504} INFO - Setting next_dagrun for example_branch_operator to 2024-06-23T00:00:00+00:00, run_after=2024-06-24T00:00:00+00:00
[2024-06-24T17:10:10.768+0000] {processor.py:179} INFO - Processing /usr/local/python/3.10.13/lib/python3.10/site-packages/airflow/example_dags/example_branch_operator.py took 0.105 seconds
[2024-06-24T17:10:56.932+0000] {processor.py:157} INFO - Started process (PID=10729) to work on /usr/local/python/3.10.13/lib/python3.10/site-packages/airflow/example_dags/example_branch_operator.py
[2024-06-24T17:10:56.933+0000] {processor.py:826} INFO - Processing file /usr/local/python/3.10.13/lib/python3.10/site-packages/airflow/example_dags/example_branch_operator.py for tasks to queue
[2024-06-24T17:10:56.934+0000] {logging_mixin.py:150} INFO - [2024-06-24T17:10:56.933+0000] {dagbag.py:541} INFO - Filling up the DagBag from /usr/local/python/3.10.13/lib/python3.10/site-packages/airflow/example_dags/example_branch_operator.py
[2024-06-24T17:10:56.941+0000] {processor.py:836} INFO - DAG(s) dict_keys(['example_branch_operator']) retrieved from /usr/local/python/3.10.13/lib/python3.10/site-packages/airflow/example_dags/example_branch_operator.py
[2024-06-24T17:10:56.959+0000] {logging_mixin.py:150} INFO - [2024-06-24T17:10:56.959+0000] {dag.py:2742} INFO - Sync 1 DAGs
[2024-06-24T17:10:56.981+0000] {logging_mixin.py:150} INFO - [2024-06-24T17:10:56.980+0000] {dag.py:3504} INFO - Setting next_dagrun for example_branch_operator to 2024-06-23T00:00:00+00:00, run_after=2024-06-24T00:00:00+00:00
[2024-06-24T17:10:57.018+0000] {processor.py:179} INFO - Processing /usr/local/python/3.10.13/lib/python3.10/site-packages/airflow/example_dags/example_branch_operator.py took 0.088 seconds
[2024-06-24T17:11:49.859+0000] {processor.py:157} INFO - Started process (PID=11121) to work on /usr/local/python/3.10.13/lib/python3.10/site-packages/airflow/example_dags/example_branch_operator.py
[2024-06-24T17:11:49.860+0000] {processor.py:826} INFO - Processing file /usr/local/python/3.10.13/lib/python3.10/site-packages/airflow/example_dags/example_branch_operator.py for tasks to queue
[2024-06-24T17:11:49.860+0000] {logging_mixin.py:150} INFO - [2024-06-24T17:11:49.860+0000] {dagbag.py:541} INFO - Filling up the DagBag from /usr/local/python/3.10.13/lib/python3.10/site-packages/airflow/example_dags/example_branch_operator.py
[2024-06-24T17:11:49.867+0000] {processor.py:836} INFO - DAG(s) dict_keys(['example_branch_operator']) retrieved from /usr/local/python/3.10.13/lib/python3.10/site-packages/airflow/example_dags/example_branch_operator.py
[2024-06-24T17:11:49.881+0000] {logging_mixin.py:150} INFO - [2024-06-24T17:11:49.881+0000] {dag.py:2742} INFO - Sync 1 DAGs
[2024-06-24T17:11:49.897+0000] {logging_mixin.py:150} INFO - [2024-06-24T17:11:49.897+0000] {dag.py:3504} INFO - Setting next_dagrun for example_branch_operator to 2024-06-23T00:00:00+00:00, run_after=2024-06-24T00:00:00+00:00
[2024-06-24T17:11:49.939+0000] {processor.py:179} INFO - Processing /usr/local/python/3.10.13/lib/python3.10/site-packages/airflow/example_dags/example_branch_operator.py took 0.082 seconds
[2024-06-24T17:12:47.450+0000] {processor.py:157} INFO - Started process (PID=11576) to work on /usr/local/python/3.10.13/lib/python3.10/site-packages/airflow/example_dags/example_branch_operator.py
[2024-06-24T17:12:47.450+0000] {processor.py:826} INFO - Processing file /usr/local/python/3.10.13/lib/python3.10/site-packages/airflow/example_dags/example_branch_operator.py for tasks to queue
[2024-06-24T17:12:47.451+0000] {logging_mixin.py:150} INFO - [2024-06-24T17:12:47.451+0000] {dagbag.py:541} INFO - Filling up the DagBag from /usr/local/python/3.10.13/lib/python3.10/site-packages/airflow/example_dags/example_branch_operator.py
[2024-06-24T17:12:47.458+0000] {processor.py:836} INFO - DAG(s) dict_keys(['example_branch_operator']) retrieved from /usr/local/python/3.10.13/lib/python3.10/site-packages/airflow/example_dags/example_branch_operator.py
[2024-06-24T17:12:47.473+0000] {logging_mixin.py:150} INFO - [2024-06-24T17:12:47.473+0000] {dag.py:2742} INFO - Sync 1 DAGs
[2024-06-24T17:12:47.489+0000] {logging_mixin.py:150} INFO - [2024-06-24T17:12:47.489+0000] {dag.py:3504} INFO - Setting next_dagrun for example_branch_operator to 2024-06-23T00:00:00+00:00, run_after=2024-06-24T00:00:00+00:00
[2024-06-24T17:12:47.546+0000] {processor.py:179} INFO - Processing /usr/local/python/3.10.13/lib/python3.10/site-packages/airflow/example_dags/example_branch_operator.py took 0.099 seconds
[2024-06-24T17:13:36.007+0000] {processor.py:157} INFO - Started process (PID=11940) to work on /usr/local/python/3.10.13/lib/python3.10/site-packages/airflow/example_dags/example_branch_operator.py
[2024-06-24T17:13:36.008+0000] {processor.py:826} INFO - Processing file /usr/local/python/3.10.13/lib/python3.10/site-packages/airflow/example_dags/example_branch_operator.py for tasks to queue
[2024-06-24T17:13:36.009+0000] {logging_mixin.py:150} INFO - [2024-06-24T17:13:36.009+0000] {dagbag.py:541} INFO - Filling up the DagBag from /usr/local/python/3.10.13/lib/python3.10/site-packages/airflow/example_dags/example_branch_operator.py
[2024-06-24T17:13:36.019+0000] {processor.py:836} INFO - DAG(s) dict_keys(['example_branch_operator']) retrieved from /usr/local/python/3.10.13/lib/python3.10/site-packages/airflow/example_dags/example_branch_operator.py
[2024-06-24T17:13:36.033+0000] {logging_mixin.py:150} INFO - [2024-06-24T17:13:36.033+0000] {dag.py:2742} INFO - Sync 1 DAGs
[2024-06-24T17:13:36.050+0000] {logging_mixin.py:150} INFO - [2024-06-24T17:13:36.049+0000] {dag.py:3504} INFO - Setting next_dagrun for example_branch_operator to 2024-06-23T00:00:00+00:00, run_after=2024-06-24T00:00:00+00:00
[2024-06-24T17:13:36.099+0000] {processor.py:179} INFO - Processing /usr/local/python/3.10.13/lib/python3.10/site-packages/airflow/example_dags/example_branch_operator.py took 0.095 seconds
[2024-06-24T17:14:30.713+0000] {processor.py:157} INFO - Started process (PID=12387) to work on /usr/local/python/3.10.13/lib/python3.10/site-packages/airflow/example_dags/example_branch_operator.py
[2024-06-24T17:14:30.714+0000] {processor.py:826} INFO - Processing file /usr/local/python/3.10.13/lib/python3.10/site-packages/airflow/example_dags/example_branch_operator.py for tasks to queue
[2024-06-24T17:14:30.715+0000] {logging_mixin.py:150} INFO - [2024-06-24T17:14:30.714+0000] {dagbag.py:541} INFO - Filling up the DagBag from /usr/local/python/3.10.13/lib/python3.10/site-packages/airflow/example_dags/example_branch_operator.py
[2024-06-24T17:14:30.722+0000] {processor.py:836} INFO - DAG(s) dict_keys(['example_branch_operator']) retrieved from /usr/local/python/3.10.13/lib/python3.10/site-packages/airflow/example_dags/example_branch_operator.py
[2024-06-24T17:14:30.737+0000] {logging_mixin.py:150} INFO - [2024-06-24T17:14:30.737+0000] {dag.py:2742} INFO - Sync 1 DAGs
[2024-06-24T17:14:30.753+0000] {logging_mixin.py:150} INFO - [2024-06-24T17:14:30.753+0000] {dag.py:3504} INFO - Setting next_dagrun for example_branch_operator to 2024-06-23T00:00:00+00:00, run_after=2024-06-24T00:00:00+00:00
[2024-06-24T17:14:30.801+0000] {processor.py:179} INFO - Processing /usr/local/python/3.10.13/lib/python3.10/site-packages/airflow/example_dags/example_branch_operator.py took 0.090 seconds
[2024-06-24T17:15:18.609+0000] {processor.py:157} INFO - Started process (PID=12735) to work on /usr/local/python/3.10.13/lib/python3.10/site-packages/airflow/example_dags/example_branch_operator.py
[2024-06-24T17:15:18.609+0000] {processor.py:826} INFO - Processing file /usr/local/python/3.10.13/lib/python3.10/site-packages/airflow/example_dags/example_branch_operator.py for tasks to queue
[2024-06-24T17:15:18.610+0000] {logging_mixin.py:150} INFO - [2024-06-24T17:15:18.610+0000] {dagbag.py:541} INFO - Filling up the DagBag from /usr/local/python/3.10.13/lib/python3.10/site-packages/airflow/example_dags/example_branch_operator.py
[2024-06-24T17:15:18.617+0000] {processor.py:836} INFO - DAG(s) dict_keys(['example_branch_operator']) retrieved from /usr/local/python/3.10.13/lib/python3.10/site-packages/airflow/example_dags/example_branch_operator.py
[2024-06-24T17:15:18.631+0000] {logging_mixin.py:150} INFO - [2024-06-24T17:15:18.631+0000] {dag.py:2742} INFO - Sync 1 DAGs
[2024-06-24T17:15:18.648+0000] {logging_mixin.py:150} INFO - [2024-06-24T17:15:18.648+0000] {dag.py:3504} INFO - Setting next_dagrun for example_branch_operator to 2024-06-23T00:00:00+00:00, run_after=2024-06-24T00:00:00+00:00
[2024-06-24T17:15:18.689+0000] {processor.py:179} INFO - Processing /usr/local/python/3.10.13/lib/python3.10/site-packages/airflow/example_dags/example_branch_operator.py took 0.082 seconds
[2024-06-24T17:16:08.760+0000] {processor.py:157} INFO - Started process (PID=13104) to work on /usr/local/python/3.10.13/lib/python3.10/site-packages/airflow/example_dags/example_branch_operator.py
[2024-06-24T17:16:08.761+0000] {processor.py:826} INFO - Processing file /usr/local/python/3.10.13/lib/python3.10/site-packages/airflow/example_dags/example_branch_operator.py for tasks to queue
[2024-06-24T17:16:08.761+0000] {logging_mixin.py:150} INFO - [2024-06-24T17:16:08.761+0000] {dagbag.py:541} INFO - Filling up the DagBag from /usr/local/python/3.10.13/lib/python3.10/site-packages/airflow/example_dags/example_branch_operator.py
[2024-06-24T17:16:08.768+0000] {processor.py:836} INFO - DAG(s) dict_keys(['example_branch_operator']) retrieved from /usr/local/python/3.10.13/lib/python3.10/site-packages/airflow/example_dags/example_branch_operator.py
[2024-06-24T17:16:08.782+0000] {logging_mixin.py:150} INFO - [2024-06-24T17:16:08.782+0000] {dag.py:2742} INFO - Sync 1 DAGs
[2024-06-24T17:16:08.799+0000] {logging_mixin.py:150} INFO - [2024-06-24T17:16:08.799+0000] {dag.py:3504} INFO - Setting next_dagrun for example_branch_operator to 2024-06-23T00:00:00+00:00, run_after=2024-06-24T00:00:00+00:00
[2024-06-24T17:16:08.839+0000] {processor.py:179} INFO - Processing /usr/local/python/3.10.13/lib/python3.10/site-packages/airflow/example_dags/example_branch_operator.py took 0.081 seconds
[2024-06-24T17:16:58.975+0000] {processor.py:157} INFO - Started process (PID=13492) to work on /usr/local/python/3.10.13/lib/python3.10/site-packages/airflow/example_dags/example_branch_operator.py
[2024-06-24T17:16:58.976+0000] {processor.py:826} INFO - Processing file /usr/local/python/3.10.13/lib/python3.10/site-packages/airflow/example_dags/example_branch_operator.py for tasks to queue
[2024-06-24T17:16:58.977+0000] {logging_mixin.py:150} INFO - [2024-06-24T17:16:58.977+0000] {dagbag.py:541} INFO - Filling up the DagBag from /usr/local/python/3.10.13/lib/python3.10/site-packages/airflow/example_dags/example_branch_operator.py
[2024-06-24T17:16:58.985+0000] {processor.py:836} INFO - DAG(s) dict_keys(['example_branch_operator']) retrieved from /usr/local/python/3.10.13/lib/python3.10/site-packages/airflow/example_dags/example_branch_operator.py
[2024-06-24T17:16:58.999+0000] {logging_mixin.py:150} INFO - [2024-06-24T17:16:58.999+0000] {dag.py:2742} INFO - Sync 1 DAGs
[2024-06-24T17:16:59.017+0000] {logging_mixin.py:150} INFO - [2024-06-24T17:16:59.017+0000] {dag.py:3504} INFO - Setting next_dagrun for example_branch_operator to 2024-06-23T00:00:00+00:00, run_after=2024-06-24T00:00:00+00:00
[2024-06-24T17:16:59.069+0000] {processor.py:179} INFO - Processing /usr/local/python/3.10.13/lib/python3.10/site-packages/airflow/example_dags/example_branch_operator.py took 0.096 seconds
[2024-06-24T17:17:51.466+0000] {processor.py:157} INFO - Started process (PID=13862) to work on /usr/local/python/3.10.13/lib/python3.10/site-packages/airflow/example_dags/example_branch_operator.py
[2024-06-24T17:17:51.467+0000] {processor.py:826} INFO - Processing file /usr/local/python/3.10.13/lib/python3.10/site-packages/airflow/example_dags/example_branch_operator.py for tasks to queue
[2024-06-24T17:17:51.468+0000] {logging_mixin.py:150} INFO - [2024-06-24T17:17:51.468+0000] {dagbag.py:541} INFO - Filling up the DagBag from /usr/local/python/3.10.13/lib/python3.10/site-packages/airflow/example_dags/example_branch_operator.py
[2024-06-24T17:17:51.475+0000] {processor.py:836} INFO - DAG(s) dict_keys(['example_branch_operator']) retrieved from /usr/local/python/3.10.13/lib/python3.10/site-packages/airflow/example_dags/example_branch_operator.py
[2024-06-24T17:17:51.489+0000] {logging_mixin.py:150} INFO - [2024-06-24T17:17:51.489+0000] {dag.py:2742} INFO - Sync 1 DAGs
[2024-06-24T17:17:51.507+0000] {logging_mixin.py:150} INFO - [2024-06-24T17:17:51.506+0000] {dag.py:3504} INFO - Setting next_dagrun for example_branch_operator to 2024-06-23T00:00:00+00:00, run_after=2024-06-24T00:00:00+00:00
[2024-06-24T17:17:51.545+0000] {processor.py:179} INFO - Processing /usr/local/python/3.10.13/lib/python3.10/site-packages/airflow/example_dags/example_branch_operator.py took 0.081 seconds
[2024-06-24T17:18:48.909+0000] {processor.py:157} INFO - Started process (PID=14277) to work on /usr/local/python/3.10.13/lib/python3.10/site-packages/airflow/example_dags/example_branch_operator.py
[2024-06-24T17:18:48.910+0000] {processor.py:826} INFO - Processing file /usr/local/python/3.10.13/lib/python3.10/site-packages/airflow/example_dags/example_branch_operator.py for tasks to queue
[2024-06-24T17:18:48.910+0000] {logging_mixin.py:150} INFO - [2024-06-24T17:18:48.910+0000] {dagbag.py:541} INFO - Filling up the DagBag from /usr/local/python/3.10.13/lib/python3.10/site-packages/airflow/example_dags/example_branch_operator.py
[2024-06-24T17:18:48.917+0000] {processor.py:836} INFO - DAG(s) dict_keys(['example_branch_operator']) retrieved from /usr/local/python/3.10.13/lib/python3.10/site-packages/airflow/example_dags/example_branch_operator.py
[2024-06-24T17:18:48.931+0000] {logging_mixin.py:150} INFO - [2024-06-24T17:18:48.931+0000] {dag.py:2742} INFO - Sync 1 DAGs
[2024-06-24T17:18:48.947+0000] {logging_mixin.py:150} INFO - [2024-06-24T17:18:48.947+0000] {dag.py:3504} INFO - Setting next_dagrun for example_branch_operator to 2024-06-23T00:00:00+00:00, run_after=2024-06-24T00:00:00+00:00
[2024-06-24T17:18:48.987+0000] {processor.py:179} INFO - Processing /usr/local/python/3.10.13/lib/python3.10/site-packages/airflow/example_dags/example_branch_operator.py took 0.081 seconds
[2024-06-24T17:19:42.701+0000] {processor.py:157} INFO - Started process (PID=14689) to work on /usr/local/python/3.10.13/lib/python3.10/site-packages/airflow/example_dags/example_branch_operator.py
[2024-06-24T17:19:42.701+0000] {processor.py:826} INFO - Processing file /usr/local/python/3.10.13/lib/python3.10/site-packages/airflow/example_dags/example_branch_operator.py for tasks to queue
[2024-06-24T17:19:42.702+0000] {logging_mixin.py:150} INFO - [2024-06-24T17:19:42.702+0000] {dagbag.py:541} INFO - Filling up the DagBag from /usr/local/python/3.10.13/lib/python3.10/site-packages/airflow/example_dags/example_branch_operator.py
[2024-06-24T17:19:42.709+0000] {processor.py:836} INFO - DAG(s) dict_keys(['example_branch_operator']) retrieved from /usr/local/python/3.10.13/lib/python3.10/site-packages/airflow/example_dags/example_branch_operator.py
[2024-06-24T17:19:42.723+0000] {logging_mixin.py:150} INFO - [2024-06-24T17:19:42.722+0000] {dag.py:2742} INFO - Sync 1 DAGs
[2024-06-24T17:19:42.739+0000] {logging_mixin.py:150} INFO - [2024-06-24T17:19:42.739+0000] {dag.py:3504} INFO - Setting next_dagrun for example_branch_operator to 2024-06-23T00:00:00+00:00, run_after=2024-06-24T00:00:00+00:00
[2024-06-24T17:19:42.775+0000] {processor.py:179} INFO - Processing /usr/local/python/3.10.13/lib/python3.10/site-packages/airflow/example_dags/example_branch_operator.py took 0.077 seconds
[2024-06-24T17:20:41.902+0000] {processor.py:157} INFO - Started process (PID=15106) to work on /usr/local/python/3.10.13/lib/python3.10/site-packages/airflow/example_dags/example_branch_operator.py
[2024-06-24T17:20:41.903+0000] {processor.py:826} INFO - Processing file /usr/local/python/3.10.13/lib/python3.10/site-packages/airflow/example_dags/example_branch_operator.py for tasks to queue
[2024-06-24T17:20:41.904+0000] {logging_mixin.py:150} INFO - [2024-06-24T17:20:41.904+0000] {dagbag.py:541} INFO - Filling up the DagBag from /usr/local/python/3.10.13/lib/python3.10/site-packages/airflow/example_dags/example_branch_operator.py
[2024-06-24T17:20:41.914+0000] {processor.py:836} INFO - DAG(s) dict_keys(['example_branch_operator']) retrieved from /usr/local/python/3.10.13/lib/python3.10/site-packages/airflow/example_dags/example_branch_operator.py
[2024-06-24T17:20:41.932+0000] {logging_mixin.py:150} INFO - [2024-06-24T17:20:41.932+0000] {dag.py:2742} INFO - Sync 1 DAGs
[2024-06-24T17:20:41.954+0000] {logging_mixin.py:150} INFO - [2024-06-24T17:20:41.954+0000] {dag.py:3504} INFO - Setting next_dagrun for example_branch_operator to 2024-06-23T00:00:00+00:00, run_after=2024-06-24T00:00:00+00:00
[2024-06-24T17:20:42.004+0000] {processor.py:179} INFO - Processing /usr/local/python/3.10.13/lib/python3.10/site-packages/airflow/example_dags/example_branch_operator.py took 0.105 seconds
[2024-06-24T17:21:37.968+0000] {processor.py:157} INFO - Started process (PID=15507) to work on /usr/local/python/3.10.13/lib/python3.10/site-packages/airflow/example_dags/example_branch_operator.py
[2024-06-24T17:21:37.968+0000] {processor.py:826} INFO - Processing file /usr/local/python/3.10.13/lib/python3.10/site-packages/airflow/example_dags/example_branch_operator.py for tasks to queue
[2024-06-24T17:21:37.969+0000] {logging_mixin.py:150} INFO - [2024-06-24T17:21:37.969+0000] {dagbag.py:541} INFO - Filling up the DagBag from /usr/local/python/3.10.13/lib/python3.10/site-packages/airflow/example_dags/example_branch_operator.py
[2024-06-24T17:21:37.976+0000] {processor.py:836} INFO - DAG(s) dict_keys(['example_branch_operator']) retrieved from /usr/local/python/3.10.13/lib/python3.10/site-packages/airflow/example_dags/example_branch_operator.py
[2024-06-24T17:21:37.991+0000] {logging_mixin.py:150} INFO - [2024-06-24T17:21:37.991+0000] {dag.py:2742} INFO - Sync 1 DAGs
[2024-06-24T17:21:38.007+0000] {logging_mixin.py:150} INFO - [2024-06-24T17:21:38.007+0000] {dag.py:3504} INFO - Setting next_dagrun for example_branch_operator to 2024-06-23T00:00:00+00:00, run_after=2024-06-24T00:00:00+00:00
[2024-06-24T17:21:38.048+0000] {processor.py:179} INFO - Processing /usr/local/python/3.10.13/lib/python3.10/site-packages/airflow/example_dags/example_branch_operator.py took 0.083 seconds
[2024-06-24T17:22:27.309+0000] {processor.py:157} INFO - Started process (PID=15862) to work on /usr/local/python/3.10.13/lib/python3.10/site-packages/airflow/example_dags/example_branch_operator.py
[2024-06-24T17:22:27.310+0000] {processor.py:826} INFO - Processing file /usr/local/python/3.10.13/lib/python3.10/site-packages/airflow/example_dags/example_branch_operator.py for tasks to queue
[2024-06-24T17:22:27.311+0000] {logging_mixin.py:150} INFO - [2024-06-24T17:22:27.311+0000] {dagbag.py:541} INFO - Filling up the DagBag from /usr/local/python/3.10.13/lib/python3.10/site-packages/airflow/example_dags/example_branch_operator.py
[2024-06-24T17:22:27.319+0000] {processor.py:836} INFO - DAG(s) dict_keys(['example_branch_operator']) retrieved from /usr/local/python/3.10.13/lib/python3.10/site-packages/airflow/example_dags/example_branch_operator.py
[2024-06-24T17:22:27.332+0000] {logging_mixin.py:150} INFO - [2024-06-24T17:22:27.332+0000] {dag.py:2742} INFO - Sync 1 DAGs
[2024-06-24T17:22:27.348+0000] {logging_mixin.py:150} INFO - [2024-06-24T17:22:27.348+0000] {dag.py:3504} INFO - Setting next_dagrun for example_branch_operator to 2024-06-23T00:00:00+00:00, run_after=2024-06-24T00:00:00+00:00
[2024-06-24T17:22:27.392+0000] {processor.py:179} INFO - Processing /usr/local/python/3.10.13/lib/python3.10/site-packages/airflow/example_dags/example_branch_operator.py took 0.085 seconds
[2024-06-24T17:23:20.472+0000] {processor.py:157} INFO - Started process (PID=16222) to work on /usr/local/python/3.10.13/lib/python3.10/site-packages/airflow/example_dags/example_branch_operator.py
[2024-06-24T17:23:20.473+0000] {processor.py:826} INFO - Processing file /usr/local/python/3.10.13/lib/python3.10/site-packages/airflow/example_dags/example_branch_operator.py for tasks to queue
[2024-06-24T17:23:20.473+0000] {logging_mixin.py:150} INFO - [2024-06-24T17:23:20.473+0000] {dagbag.py:541} INFO - Filling up the DagBag from /usr/local/python/3.10.13/lib/python3.10/site-packages/airflow/example_dags/example_branch_operator.py
[2024-06-24T17:23:20.480+0000] {processor.py:836} INFO - DAG(s) dict_keys(['example_branch_operator']) retrieved from /usr/local/python/3.10.13/lib/python3.10/site-packages/airflow/example_dags/example_branch_operator.py
[2024-06-24T17:23:20.494+0000] {logging_mixin.py:150} INFO - [2024-06-24T17:23:20.494+0000] {dag.py:2742} INFO - Sync 1 DAGs
[2024-06-24T17:23:20.510+0000] {logging_mixin.py:150} INFO - [2024-06-24T17:23:20.510+0000] {dag.py:3504} INFO - Setting next_dagrun for example_branch_operator to 2024-06-23T00:00:00+00:00, run_after=2024-06-24T00:00:00+00:00
[2024-06-24T17:23:20.548+0000] {processor.py:179} INFO - Processing /usr/local/python/3.10.13/lib/python3.10/site-packages/airflow/example_dags/example_branch_operator.py took 0.078 seconds
[2024-06-24T17:24:10.049+0000] {processor.py:157} INFO - Started process (PID=16574) to work on /usr/local/python/3.10.13/lib/python3.10/site-packages/airflow/example_dags/example_branch_operator.py
[2024-06-24T17:24:10.049+0000] {processor.py:826} INFO - Processing file /usr/local/python/3.10.13/lib/python3.10/site-packages/airflow/example_dags/example_branch_operator.py for tasks to queue
[2024-06-24T17:24:10.050+0000] {logging_mixin.py:150} INFO - [2024-06-24T17:24:10.050+0000] {dagbag.py:541} INFO - Filling up the DagBag from /usr/local/python/3.10.13/lib/python3.10/site-packages/airflow/example_dags/example_branch_operator.py
[2024-06-24T17:24:10.057+0000] {processor.py:836} INFO - DAG(s) dict_keys(['example_branch_operator']) retrieved from /usr/local/python/3.10.13/lib/python3.10/site-packages/airflow/example_dags/example_branch_operator.py
[2024-06-24T17:24:10.071+0000] {logging_mixin.py:150} INFO - [2024-06-24T17:24:10.071+0000] {dag.py:2742} INFO - Sync 1 DAGs
[2024-06-24T17:24:10.087+0000] {logging_mixin.py:150} INFO - [2024-06-24T17:24:10.087+0000] {dag.py:3504} INFO - Setting next_dagrun for example_branch_operator to 2024-06-23T00:00:00+00:00, run_after=2024-06-24T00:00:00+00:00
[2024-06-24T17:24:10.136+0000] {processor.py:179} INFO - Processing /usr/local/python/3.10.13/lib/python3.10/site-packages/airflow/example_dags/example_branch_operator.py took 0.089 seconds
[2024-06-24T17:25:07.750+0000] {processor.py:157} INFO - Started process (PID=16954) to work on /usr/local/python/3.10.13/lib/python3.10/site-packages/airflow/example_dags/example_branch_operator.py
[2024-06-24T17:25:07.751+0000] {processor.py:826} INFO - Processing file /usr/local/python/3.10.13/lib/python3.10/site-packages/airflow/example_dags/example_branch_operator.py for tasks to queue
[2024-06-24T17:25:07.752+0000] {logging_mixin.py:150} INFO - [2024-06-24T17:25:07.751+0000] {dagbag.py:541} INFO - Filling up the DagBag from /usr/local/python/3.10.13/lib/python3.10/site-packages/airflow/example_dags/example_branch_operator.py
[2024-06-24T17:25:07.758+0000] {processor.py:836} INFO - DAG(s) dict_keys(['example_branch_operator']) retrieved from /usr/local/python/3.10.13/lib/python3.10/site-packages/airflow/example_dags/example_branch_operator.py
[2024-06-24T17:25:07.774+0000] {logging_mixin.py:150} INFO - [2024-06-24T17:25:07.774+0000] {dag.py:2742} INFO - Sync 1 DAGs
[2024-06-24T17:25:07.790+0000] {logging_mixin.py:150} INFO - [2024-06-24T17:25:07.790+0000] {dag.py:3504} INFO - Setting next_dagrun for example_branch_operator to 2024-06-23T00:00:00+00:00, run_after=2024-06-24T00:00:00+00:00
[2024-06-24T17:25:07.830+0000] {processor.py:179} INFO - Processing /usr/local/python/3.10.13/lib/python3.10/site-packages/airflow/example_dags/example_branch_operator.py took 0.082 seconds
[2024-06-24T17:25:56.386+0000] {processor.py:157} INFO - Started process (PID=17304) to work on /usr/local/python/3.10.13/lib/python3.10/site-packages/airflow/example_dags/example_branch_operator.py
[2024-06-24T17:25:56.387+0000] {processor.py:826} INFO - Processing file /usr/local/python/3.10.13/lib/python3.10/site-packages/airflow/example_dags/example_branch_operator.py for tasks to queue
[2024-06-24T17:25:56.388+0000] {logging_mixin.py:150} INFO - [2024-06-24T17:25:56.388+0000] {dagbag.py:541} INFO - Filling up the DagBag from /usr/local/python/3.10.13/lib/python3.10/site-packages/airflow/example_dags/example_branch_operator.py
[2024-06-24T17:25:56.395+0000] {processor.py:836} INFO - DAG(s) dict_keys(['example_branch_operator']) retrieved from /usr/local/python/3.10.13/lib/python3.10/site-packages/airflow/example_dags/example_branch_operator.py
[2024-06-24T17:25:56.409+0000] {logging_mixin.py:150} INFO - [2024-06-24T17:25:56.409+0000] {dag.py:2742} INFO - Sync 1 DAGs
[2024-06-24T17:25:56.425+0000] {logging_mixin.py:150} INFO - [2024-06-24T17:25:56.425+0000] {dag.py:3504} INFO - Setting next_dagrun for example_branch_operator to 2024-06-23T00:00:00+00:00, run_after=2024-06-24T00:00:00+00:00
[2024-06-24T17:25:56.462+0000] {processor.py:179} INFO - Processing /usr/local/python/3.10.13/lib/python3.10/site-packages/airflow/example_dags/example_branch_operator.py took 0.078 seconds
[2024-06-24T17:26:46.318+0000] {processor.py:157} INFO - Started process (PID=17658) to work on /usr/local/python/3.10.13/lib/python3.10/site-packages/airflow/example_dags/example_branch_operator.py
[2024-06-24T17:26:46.319+0000] {processor.py:826} INFO - Processing file /usr/local/python/3.10.13/lib/python3.10/site-packages/airflow/example_dags/example_branch_operator.py for tasks to queue
[2024-06-24T17:26:46.319+0000] {logging_mixin.py:150} INFO - [2024-06-24T17:26:46.319+0000] {dagbag.py:541} INFO - Filling up the DagBag from /usr/local/python/3.10.13/lib/python3.10/site-packages/airflow/example_dags/example_branch_operator.py
[2024-06-24T17:26:46.326+0000] {processor.py:836} INFO - DAG(s) dict_keys(['example_branch_operator']) retrieved from /usr/local/python/3.10.13/lib/python3.10/site-packages/airflow/example_dags/example_branch_operator.py
[2024-06-24T17:26:46.340+0000] {logging_mixin.py:150} INFO - [2024-06-24T17:26:46.340+0000] {dag.py:2742} INFO - Sync 1 DAGs
[2024-06-24T17:26:46.356+0000] {logging_mixin.py:150} INFO - [2024-06-24T17:26:46.356+0000] {dag.py:3504} INFO - Setting next_dagrun for example_branch_operator to 2024-06-23T00:00:00+00:00, run_after=2024-06-24T00:00:00+00:00
[2024-06-24T17:26:46.395+0000] {processor.py:179} INFO - Processing /usr/local/python/3.10.13/lib/python3.10/site-packages/airflow/example_dags/example_branch_operator.py took 0.079 seconds
[2024-06-24T17:27:38.093+0000] {processor.py:157} INFO - Started process (PID=18019) to work on /usr/local/python/3.10.13/lib/python3.10/site-packages/airflow/example_dags/example_branch_operator.py
[2024-06-24T17:27:38.094+0000] {processor.py:826} INFO - Processing file /usr/local/python/3.10.13/lib/python3.10/site-packages/airflow/example_dags/example_branch_operator.py for tasks to queue
[2024-06-24T17:27:38.095+0000] {logging_mixin.py:150} INFO - [2024-06-24T17:27:38.094+0000] {dagbag.py:541} INFO - Filling up the DagBag from /usr/local/python/3.10.13/lib/python3.10/site-packages/airflow/example_dags/example_branch_operator.py
[2024-06-24T17:27:38.102+0000] {processor.py:836} INFO - DAG(s) dict_keys(['example_branch_operator']) retrieved from /usr/local/python/3.10.13/lib/python3.10/site-packages/airflow/example_dags/example_branch_operator.py
[2024-06-24T17:27:38.116+0000] {logging_mixin.py:150} INFO - [2024-06-24T17:27:38.116+0000] {dag.py:2742} INFO - Sync 1 DAGs
[2024-06-24T17:27:38.132+0000] {logging_mixin.py:150} INFO - [2024-06-24T17:27:38.132+0000] {dag.py:3504} INFO - Setting next_dagrun for example_branch_operator to 2024-06-23T00:00:00+00:00, run_after=2024-06-24T00:00:00+00:00
[2024-06-24T17:27:38.173+0000] {processor.py:179} INFO - Processing /usr/local/python/3.10.13/lib/python3.10/site-packages/airflow/example_dags/example_branch_operator.py took 0.082 seconds
[2024-06-24T17:28:31.318+0000] {processor.py:157} INFO - Started process (PID=18384) to work on /usr/local/python/3.10.13/lib/python3.10/site-packages/airflow/example_dags/example_branch_operator.py
[2024-06-24T17:28:31.319+0000] {processor.py:826} INFO - Processing file /usr/local/python/3.10.13/lib/python3.10/site-packages/airflow/example_dags/example_branch_operator.py for tasks to queue
[2024-06-24T17:28:31.320+0000] {logging_mixin.py:150} INFO - [2024-06-24T17:28:31.320+0000] {dagbag.py:541} INFO - Filling up the DagBag from /usr/local/python/3.10.13/lib/python3.10/site-packages/airflow/example_dags/example_branch_operator.py
[2024-06-24T17:28:31.331+0000] {processor.py:836} INFO - DAG(s) dict_keys(['example_branch_operator']) retrieved from /usr/local/python/3.10.13/lib/python3.10/site-packages/airflow/example_dags/example_branch_operator.py
[2024-06-24T17:28:31.345+0000] {logging_mixin.py:150} INFO - [2024-06-24T17:28:31.345+0000] {dag.py:2742} INFO - Sync 1 DAGs
[2024-06-24T17:28:31.362+0000] {logging_mixin.py:150} INFO - [2024-06-24T17:28:31.361+0000] {dag.py:3504} INFO - Setting next_dagrun for example_branch_operator to 2024-06-23T00:00:00+00:00, run_after=2024-06-24T00:00:00+00:00
[2024-06-24T17:28:31.400+0000] {processor.py:179} INFO - Processing /usr/local/python/3.10.13/lib/python3.10/site-packages/airflow/example_dags/example_branch_operator.py took 0.084 seconds
[2024-06-24T17:29:24.223+0000] {processor.py:157} INFO - Started process (PID=18754) to work on /usr/local/python/3.10.13/lib/python3.10/site-packages/airflow/example_dags/example_branch_operator.py
[2024-06-24T17:29:24.224+0000] {processor.py:826} INFO - Processing file /usr/local/python/3.10.13/lib/python3.10/site-packages/airflow/example_dags/example_branch_operator.py for tasks to queue
[2024-06-24T17:29:24.225+0000] {logging_mixin.py:150} INFO - [2024-06-24T17:29:24.224+0000] {dagbag.py:541} INFO - Filling up the DagBag from /usr/local/python/3.10.13/lib/python3.10/site-packages/airflow/example_dags/example_branch_operator.py
[2024-06-24T17:29:24.235+0000] {processor.py:836} INFO - DAG(s) dict_keys(['example_branch_operator']) retrieved from /usr/local/python/3.10.13/lib/python3.10/site-packages/airflow/example_dags/example_branch_operator.py
[2024-06-24T17:29:24.254+0000] {logging_mixin.py:150} INFO - [2024-06-24T17:29:24.253+0000] {dag.py:2742} INFO - Sync 1 DAGs
[2024-06-24T17:29:24.283+0000] {logging_mixin.py:150} INFO - [2024-06-24T17:29:24.283+0000] {dag.py:3504} INFO - Setting next_dagrun for example_branch_operator to 2024-06-23T00:00:00+00:00, run_after=2024-06-24T00:00:00+00:00
[2024-06-24T17:29:24.329+0000] {processor.py:179} INFO - Processing /usr/local/python/3.10.13/lib/python3.10/site-packages/airflow/example_dags/example_branch_operator.py took 0.109 seconds
[2024-06-24T17:30:16.357+0000] {processor.py:157} INFO - Started process (PID=19118) to work on /usr/local/python/3.10.13/lib/python3.10/site-packages/airflow/example_dags/example_branch_operator.py
[2024-06-24T17:30:16.358+0000] {processor.py:826} INFO - Processing file /usr/local/python/3.10.13/lib/python3.10/site-packages/airflow/example_dags/example_branch_operator.py for tasks to queue
[2024-06-24T17:30:16.358+0000] {logging_mixin.py:150} INFO - [2024-06-24T17:30:16.358+0000] {dagbag.py:541} INFO - Filling up the DagBag from /usr/local/python/3.10.13/lib/python3.10/site-packages/airflow/example_dags/example_branch_operator.py
[2024-06-24T17:30:16.365+0000] {processor.py:836} INFO - DAG(s) dict_keys(['example_branch_operator']) retrieved from /usr/local/python/3.10.13/lib/python3.10/site-packages/airflow/example_dags/example_branch_operator.py
[2024-06-24T17:30:16.381+0000] {logging_mixin.py:150} INFO - [2024-06-24T17:30:16.380+0000] {dag.py:2742} INFO - Sync 1 DAGs
[2024-06-24T17:30:16.406+0000] {logging_mixin.py:150} INFO - [2024-06-24T17:30:16.406+0000] {dag.py:3504} INFO - Setting next_dagrun for example_branch_operator to 2024-06-23T00:00:00+00:00, run_after=2024-06-24T00:00:00+00:00
[2024-06-24T17:30:16.462+0000] {processor.py:179} INFO - Processing /usr/local/python/3.10.13/lib/python3.10/site-packages/airflow/example_dags/example_branch_operator.py took 0.107 seconds
[2024-06-24T17:31:11.144+0000] {processor.py:157} INFO - Started process (PID=19490) to work on /usr/local/python/3.10.13/lib/python3.10/site-packages/airflow/example_dags/example_branch_operator.py
[2024-06-24T17:31:11.145+0000] {processor.py:826} INFO - Processing file /usr/local/python/3.10.13/lib/python3.10/site-packages/airflow/example_dags/example_branch_operator.py for tasks to queue
[2024-06-24T17:31:11.146+0000] {logging_mixin.py:150} INFO - [2024-06-24T17:31:11.145+0000] {dagbag.py:541} INFO - Filling up the DagBag from /usr/local/python/3.10.13/lib/python3.10/site-packages/airflow/example_dags/example_branch_operator.py
[2024-06-24T17:31:11.153+0000] {processor.py:836} INFO - DAG(s) dict_keys(['example_branch_operator']) retrieved from /usr/local/python/3.10.13/lib/python3.10/site-packages/airflow/example_dags/example_branch_operator.py
[2024-06-24T17:31:11.166+0000] {logging_mixin.py:150} INFO - [2024-06-24T17:31:11.166+0000] {dag.py:2742} INFO - Sync 1 DAGs
[2024-06-24T17:31:11.182+0000] {logging_mixin.py:150} INFO - [2024-06-24T17:31:11.182+0000] {dag.py:3504} INFO - Setting next_dagrun for example_branch_operator to 2024-06-23T00:00:00+00:00, run_after=2024-06-24T00:00:00+00:00
[2024-06-24T17:31:11.222+0000] {processor.py:179} INFO - Processing /usr/local/python/3.10.13/lib/python3.10/site-packages/airflow/example_dags/example_branch_operator.py took 0.080 seconds
