[2024-06-24T15:55:05.387+0000] {processor.py:157} INFO - Started process (PID=13770) to work on /usr/local/python/3.10.13/lib/python3.10/site-packages/airflow/example_dags/example_latest_only.py
[2024-06-24T15:55:05.388+0000] {processor.py:826} INFO - Processing file /usr/local/python/3.10.13/lib/python3.10/site-packages/airflow/example_dags/example_latest_only.py for tasks to queue
[2024-06-24T15:55:05.389+0000] {logging_mixin.py:150} INFO - [2024-06-24T15:55:05.388+0000] {dagbag.py:541} INFO - Filling up the DagBag from /usr/local/python/3.10.13/lib/python3.10/site-packages/airflow/example_dags/example_latest_only.py
[2024-06-24T15:55:05.393+0000] {processor.py:836} INFO - DAG(s) dict_keys(['latest_only']) retrieved from /usr/local/python/3.10.13/lib/python3.10/site-packages/airflow/example_dags/example_latest_only.py
[2024-06-24T15:55:05.541+0000] {logging_mixin.py:150} INFO - [2024-06-24T15:55:05.540+0000] {manager.py:504} INFO - Created Permission View: can delete on DAG:latest_only
[2024-06-24T15:55:05.583+0000] {logging_mixin.py:150} INFO - [2024-06-24T15:55:05.583+0000] {manager.py:504} INFO - Created Permission View: can read on DAG:latest_only
[2024-06-24T15:55:05.616+0000] {logging_mixin.py:150} INFO - [2024-06-24T15:55:05.616+0000] {manager.py:504} INFO - Created Permission View: can edit on DAG:latest_only
[2024-06-24T15:55:05.629+0000] {logging_mixin.py:150} INFO - [2024-06-24T15:55:05.629+0000] {dag.py:2742} INFO - Sync 1 DAGs
[2024-06-24T15:55:05.642+0000] {logging_mixin.py:150} INFO - [2024-06-24T15:55:05.641+0000] {dag.py:2763} INFO - Creating ORM DAG for latest_only
[2024-06-24T15:55:05.652+0000] {logging_mixin.py:150} INFO - [2024-06-24T15:55:05.652+0000] {dag.py:3504} INFO - Setting next_dagrun for latest_only to 2024-06-24T11:55:05.651861+00:00, run_after=2024-06-24T15:55:05.651861+00:00
[2024-06-24T15:55:05.692+0000] {processor.py:179} INFO - Processing /usr/local/python/3.10.13/lib/python3.10/site-packages/airflow/example_dags/example_latest_only.py took 0.307 seconds
[2024-06-24T15:55:56.571+0000] {processor.py:157} INFO - Started process (PID=14120) to work on /usr/local/python/3.10.13/lib/python3.10/site-packages/airflow/example_dags/example_latest_only.py
[2024-06-24T15:55:56.571+0000] {processor.py:826} INFO - Processing file /usr/local/python/3.10.13/lib/python3.10/site-packages/airflow/example_dags/example_latest_only.py for tasks to queue
[2024-06-24T15:55:56.572+0000] {logging_mixin.py:150} INFO - [2024-06-24T15:55:56.572+0000] {dagbag.py:541} INFO - Filling up the DagBag from /usr/local/python/3.10.13/lib/python3.10/site-packages/airflow/example_dags/example_latest_only.py
[2024-06-24T15:55:56.576+0000] {processor.py:836} INFO - DAG(s) dict_keys(['latest_only']) retrieved from /usr/local/python/3.10.13/lib/python3.10/site-packages/airflow/example_dags/example_latest_only.py
[2024-06-24T15:55:56.589+0000] {logging_mixin.py:150} INFO - [2024-06-24T15:55:56.589+0000] {dag.py:2742} INFO - Sync 1 DAGs
[2024-06-24T15:55:56.613+0000] {logging_mixin.py:150} INFO - [2024-06-24T15:55:56.613+0000] {dag.py:3504} INFO - Setting next_dagrun for latest_only to 2024-06-24T11:55:56.612831+00:00, run_after=2024-06-24T15:55:56.612831+00:00
[2024-06-24T15:55:56.659+0000] {processor.py:179} INFO - Processing /usr/local/python/3.10.13/lib/python3.10/site-packages/airflow/example_dags/example_latest_only.py took 0.091 seconds
[2024-06-24T16:01:53.546+0000] {processor.py:157} INFO - Started process (PID=16732) to work on /usr/local/python/3.10.13/lib/python3.10/site-packages/airflow/example_dags/example_latest_only.py
[2024-06-24T16:01:53.547+0000] {processor.py:826} INFO - Processing file /usr/local/python/3.10.13/lib/python3.10/site-packages/airflow/example_dags/example_latest_only.py for tasks to queue
[2024-06-24T16:01:53.548+0000] {logging_mixin.py:150} INFO - [2024-06-24T16:01:53.547+0000] {dagbag.py:541} INFO - Filling up the DagBag from /usr/local/python/3.10.13/lib/python3.10/site-packages/airflow/example_dags/example_latest_only.py
[2024-06-24T16:01:53.552+0000] {processor.py:836} INFO - DAG(s) dict_keys(['latest_only']) retrieved from /usr/local/python/3.10.13/lib/python3.10/site-packages/airflow/example_dags/example_latest_only.py
[2024-06-24T16:01:53.563+0000] {logging_mixin.py:150} INFO - [2024-06-24T16:01:53.563+0000] {dag.py:2742} INFO - Sync 1 DAGs
[2024-06-24T16:01:53.580+0000] {logging_mixin.py:150} INFO - [2024-06-24T16:01:53.579+0000] {dag.py:3504} INFO - Setting next_dagrun for latest_only to 2024-06-24T12:01:53.579730+00:00, run_after=2024-06-24T16:01:53.579730+00:00
[2024-06-24T16:01:53.620+0000] {processor.py:179} INFO - Processing /usr/local/python/3.10.13/lib/python3.10/site-packages/airflow/example_dags/example_latest_only.py took 0.076 seconds
[2024-06-24T16:02:40.432+0000] {processor.py:157} INFO - Started process (PID=17090) to work on /usr/local/python/3.10.13/lib/python3.10/site-packages/airflow/example_dags/example_latest_only.py
[2024-06-24T16:02:40.432+0000] {processor.py:826} INFO - Processing file /usr/local/python/3.10.13/lib/python3.10/site-packages/airflow/example_dags/example_latest_only.py for tasks to queue
[2024-06-24T16:02:40.433+0000] {logging_mixin.py:150} INFO - [2024-06-24T16:02:40.433+0000] {dagbag.py:541} INFO - Filling up the DagBag from /usr/local/python/3.10.13/lib/python3.10/site-packages/airflow/example_dags/example_latest_only.py
[2024-06-24T16:02:40.438+0000] {processor.py:836} INFO - DAG(s) dict_keys(['latest_only']) retrieved from /usr/local/python/3.10.13/lib/python3.10/site-packages/airflow/example_dags/example_latest_only.py
[2024-06-24T16:02:40.450+0000] {logging_mixin.py:150} INFO - [2024-06-24T16:02:40.450+0000] {dag.py:2742} INFO - Sync 1 DAGs
[2024-06-24T16:02:40.466+0000] {logging_mixin.py:150} INFO - [2024-06-24T16:02:40.466+0000] {dag.py:3504} INFO - Setting next_dagrun for latest_only to 2024-06-24T12:02:40.466150+00:00, run_after=2024-06-24T16:02:40.466150+00:00
[2024-06-24T16:02:40.508+0000] {processor.py:179} INFO - Processing /usr/local/python/3.10.13/lib/python3.10/site-packages/airflow/example_dags/example_latest_only.py took 0.079 seconds
[2024-06-24T16:03:30.591+0000] {processor.py:157} INFO - Started process (PID=17474) to work on /usr/local/python/3.10.13/lib/python3.10/site-packages/airflow/example_dags/example_latest_only.py
[2024-06-24T16:03:30.591+0000] {processor.py:826} INFO - Processing file /usr/local/python/3.10.13/lib/python3.10/site-packages/airflow/example_dags/example_latest_only.py for tasks to queue
[2024-06-24T16:03:30.592+0000] {logging_mixin.py:150} INFO - [2024-06-24T16:03:30.592+0000] {dagbag.py:541} INFO - Filling up the DagBag from /usr/local/python/3.10.13/lib/python3.10/site-packages/airflow/example_dags/example_latest_only.py
[2024-06-24T16:03:30.597+0000] {processor.py:836} INFO - DAG(s) dict_keys(['latest_only']) retrieved from /usr/local/python/3.10.13/lib/python3.10/site-packages/airflow/example_dags/example_latest_only.py
[2024-06-24T16:03:30.608+0000] {logging_mixin.py:150} INFO - [2024-06-24T16:03:30.608+0000] {dag.py:2742} INFO - Sync 1 DAGs
[2024-06-24T16:03:30.625+0000] {logging_mixin.py:150} INFO - [2024-06-24T16:03:30.625+0000] {dag.py:3504} INFO - Setting next_dagrun for latest_only to 2024-06-24T12:03:30.625305+00:00, run_after=2024-06-24T16:03:30.625305+00:00
[2024-06-24T16:03:30.664+0000] {processor.py:179} INFO - Processing /usr/local/python/3.10.13/lib/python3.10/site-packages/airflow/example_dags/example_latest_only.py took 0.075 seconds
[2024-06-24T16:04:17.053+0000] {processor.py:157} INFO - Started process (PID=17843) to work on /usr/local/python/3.10.13/lib/python3.10/site-packages/airflow/example_dags/example_latest_only.py
[2024-06-24T16:04:17.054+0000] {processor.py:826} INFO - Processing file /usr/local/python/3.10.13/lib/python3.10/site-packages/airflow/example_dags/example_latest_only.py for tasks to queue
[2024-06-24T16:04:17.055+0000] {logging_mixin.py:150} INFO - [2024-06-24T16:04:17.054+0000] {dagbag.py:541} INFO - Filling up the DagBag from /usr/local/python/3.10.13/lib/python3.10/site-packages/airflow/example_dags/example_latest_only.py
[2024-06-24T16:04:17.059+0000] {processor.py:836} INFO - DAG(s) dict_keys(['latest_only']) retrieved from /usr/local/python/3.10.13/lib/python3.10/site-packages/airflow/example_dags/example_latest_only.py
[2024-06-24T16:04:17.071+0000] {logging_mixin.py:150} INFO - [2024-06-24T16:04:17.071+0000] {dag.py:2742} INFO - Sync 1 DAGs
[2024-06-24T16:04:17.087+0000] {logging_mixin.py:150} INFO - [2024-06-24T16:04:17.087+0000] {dag.py:3504} INFO - Setting next_dagrun for latest_only to 2024-06-24T12:04:17.087000+00:00, run_after=2024-06-24T16:04:17.087000+00:00
[2024-06-24T16:04:17.135+0000] {processor.py:179} INFO - Processing /usr/local/python/3.10.13/lib/python3.10/site-packages/airflow/example_dags/example_latest_only.py took 0.084 seconds
[2024-06-24T16:05:05.343+0000] {processor.py:157} INFO - Started process (PID=18196) to work on /usr/local/python/3.10.13/lib/python3.10/site-packages/airflow/example_dags/example_latest_only.py
[2024-06-24T16:05:05.348+0000] {processor.py:826} INFO - Processing file /usr/local/python/3.10.13/lib/python3.10/site-packages/airflow/example_dags/example_latest_only.py for tasks to queue
[2024-06-24T16:05:05.349+0000] {logging_mixin.py:150} INFO - [2024-06-24T16:05:05.349+0000] {dagbag.py:541} INFO - Filling up the DagBag from /usr/local/python/3.10.13/lib/python3.10/site-packages/airflow/example_dags/example_latest_only.py
[2024-06-24T16:05:05.355+0000] {processor.py:836} INFO - DAG(s) dict_keys(['latest_only']) retrieved from /usr/local/python/3.10.13/lib/python3.10/site-packages/airflow/example_dags/example_latest_only.py
[2024-06-24T16:05:05.402+0000] {logging_mixin.py:150} INFO - [2024-06-24T16:05:05.402+0000] {dag.py:2742} INFO - Sync 1 DAGs
[2024-06-24T16:05:05.448+0000] {logging_mixin.py:150} INFO - [2024-06-24T16:05:05.448+0000] {dag.py:3504} INFO - Setting next_dagrun for latest_only to 2024-06-24T12:05:05.447912+00:00, run_after=2024-06-24T16:05:05.447912+00:00
[2024-06-24T16:05:05.486+0000] {processor.py:179} INFO - Processing /usr/local/python/3.10.13/lib/python3.10/site-packages/airflow/example_dags/example_latest_only.py took 0.151 seconds
[2024-06-24T16:05:50.599+0000] {processor.py:157} INFO - Started process (PID=18565) to work on /usr/local/python/3.10.13/lib/python3.10/site-packages/airflow/example_dags/example_latest_only.py
[2024-06-24T16:05:50.600+0000] {processor.py:826} INFO - Processing file /usr/local/python/3.10.13/lib/python3.10/site-packages/airflow/example_dags/example_latest_only.py for tasks to queue
[2024-06-24T16:05:50.601+0000] {logging_mixin.py:150} INFO - [2024-06-24T16:05:50.600+0000] {dagbag.py:541} INFO - Filling up the DagBag from /usr/local/python/3.10.13/lib/python3.10/site-packages/airflow/example_dags/example_latest_only.py
[2024-06-24T16:05:50.605+0000] {processor.py:836} INFO - DAG(s) dict_keys(['latest_only']) retrieved from /usr/local/python/3.10.13/lib/python3.10/site-packages/airflow/example_dags/example_latest_only.py
[2024-06-24T16:05:50.616+0000] {logging_mixin.py:150} INFO - [2024-06-24T16:05:50.616+0000] {dag.py:2742} INFO - Sync 1 DAGs
[2024-06-24T16:05:50.631+0000] {logging_mixin.py:150} INFO - [2024-06-24T16:05:50.631+0000] {dag.py:3504} INFO - Setting next_dagrun for latest_only to 2024-06-24T12:05:50.631613+00:00, run_after=2024-06-24T16:05:50.631613+00:00
[2024-06-24T16:05:50.675+0000] {processor.py:179} INFO - Processing /usr/local/python/3.10.13/lib/python3.10/site-packages/airflow/example_dags/example_latest_only.py took 0.077 seconds
[2024-06-24T16:06:40.757+0000] {processor.py:157} INFO - Started process (PID=18948) to work on /usr/local/python/3.10.13/lib/python3.10/site-packages/airflow/example_dags/example_latest_only.py
[2024-06-24T16:06:40.758+0000] {processor.py:826} INFO - Processing file /usr/local/python/3.10.13/lib/python3.10/site-packages/airflow/example_dags/example_latest_only.py for tasks to queue
[2024-06-24T16:06:40.759+0000] {logging_mixin.py:150} INFO - [2024-06-24T16:06:40.758+0000] {dagbag.py:541} INFO - Filling up the DagBag from /usr/local/python/3.10.13/lib/python3.10/site-packages/airflow/example_dags/example_latest_only.py
[2024-06-24T16:06:40.763+0000] {processor.py:836} INFO - DAG(s) dict_keys(['latest_only']) retrieved from /usr/local/python/3.10.13/lib/python3.10/site-packages/airflow/example_dags/example_latest_only.py
[2024-06-24T16:06:40.774+0000] {logging_mixin.py:150} INFO - [2024-06-24T16:06:40.774+0000] {dag.py:2742} INFO - Sync 1 DAGs
[2024-06-24T16:06:40.789+0000] {logging_mixin.py:150} INFO - [2024-06-24T16:06:40.789+0000] {dag.py:3504} INFO - Setting next_dagrun for latest_only to 2024-06-24T12:06:40.789083+00:00, run_after=2024-06-24T16:06:40.789083+00:00
[2024-06-24T16:06:40.828+0000] {processor.py:179} INFO - Processing /usr/local/python/3.10.13/lib/python3.10/site-packages/airflow/example_dags/example_latest_only.py took 0.073 seconds
[2024-06-24T16:07:28.481+0000] {processor.py:157} INFO - Started process (PID=19329) to work on /usr/local/python/3.10.13/lib/python3.10/site-packages/airflow/example_dags/example_latest_only.py
[2024-06-24T16:07:28.482+0000] {processor.py:826} INFO - Processing file /usr/local/python/3.10.13/lib/python3.10/site-packages/airflow/example_dags/example_latest_only.py for tasks to queue
[2024-06-24T16:07:28.483+0000] {logging_mixin.py:150} INFO - [2024-06-24T16:07:28.482+0000] {dagbag.py:541} INFO - Filling up the DagBag from /usr/local/python/3.10.13/lib/python3.10/site-packages/airflow/example_dags/example_latest_only.py
[2024-06-24T16:07:28.487+0000] {processor.py:836} INFO - DAG(s) dict_keys(['latest_only']) retrieved from /usr/local/python/3.10.13/lib/python3.10/site-packages/airflow/example_dags/example_latest_only.py
[2024-06-24T16:07:28.499+0000] {logging_mixin.py:150} INFO - [2024-06-24T16:07:28.499+0000] {dag.py:2742} INFO - Sync 1 DAGs
[2024-06-24T16:07:28.515+0000] {logging_mixin.py:150} INFO - [2024-06-24T16:07:28.515+0000] {dag.py:3504} INFO - Setting next_dagrun for latest_only to 2024-06-24T12:07:28.515196+00:00, run_after=2024-06-24T16:07:28.515196+00:00
[2024-06-24T16:07:28.556+0000] {processor.py:179} INFO - Processing /usr/local/python/3.10.13/lib/python3.10/site-packages/airflow/example_dags/example_latest_only.py took 0.077 seconds
[2024-06-24T16:08:14.560+0000] {processor.py:157} INFO - Started process (PID=19669) to work on /usr/local/python/3.10.13/lib/python3.10/site-packages/airflow/example_dags/example_latest_only.py
[2024-06-24T16:08:14.560+0000] {processor.py:826} INFO - Processing file /usr/local/python/3.10.13/lib/python3.10/site-packages/airflow/example_dags/example_latest_only.py for tasks to queue
[2024-06-24T16:08:14.561+0000] {logging_mixin.py:150} INFO - [2024-06-24T16:08:14.561+0000] {dagbag.py:541} INFO - Filling up the DagBag from /usr/local/python/3.10.13/lib/python3.10/site-packages/airflow/example_dags/example_latest_only.py
[2024-06-24T16:08:14.565+0000] {processor.py:836} INFO - DAG(s) dict_keys(['latest_only']) retrieved from /usr/local/python/3.10.13/lib/python3.10/site-packages/airflow/example_dags/example_latest_only.py
[2024-06-24T16:08:14.576+0000] {logging_mixin.py:150} INFO - [2024-06-24T16:08:14.576+0000] {dag.py:2742} INFO - Sync 1 DAGs
[2024-06-24T16:08:14.591+0000] {logging_mixin.py:150} INFO - [2024-06-24T16:08:14.591+0000] {dag.py:3504} INFO - Setting next_dagrun for latest_only to 2024-06-24T12:08:14.591678+00:00, run_after=2024-06-24T16:08:14.591678+00:00
[2024-06-24T16:08:14.639+0000] {processor.py:179} INFO - Processing /usr/local/python/3.10.13/lib/python3.10/site-packages/airflow/example_dags/example_latest_only.py took 0.081 seconds
[2024-06-24T16:09:02.738+0000] {processor.py:157} INFO - Started process (PID=20041) to work on /usr/local/python/3.10.13/lib/python3.10/site-packages/airflow/example_dags/example_latest_only.py
[2024-06-24T16:09:02.738+0000] {processor.py:826} INFO - Processing file /usr/local/python/3.10.13/lib/python3.10/site-packages/airflow/example_dags/example_latest_only.py for tasks to queue
[2024-06-24T16:09:02.739+0000] {logging_mixin.py:150} INFO - [2024-06-24T16:09:02.739+0000] {dagbag.py:541} INFO - Filling up the DagBag from /usr/local/python/3.10.13/lib/python3.10/site-packages/airflow/example_dags/example_latest_only.py
[2024-06-24T16:09:02.743+0000] {processor.py:836} INFO - DAG(s) dict_keys(['latest_only']) retrieved from /usr/local/python/3.10.13/lib/python3.10/site-packages/airflow/example_dags/example_latest_only.py
[2024-06-24T16:09:02.755+0000] {logging_mixin.py:150} INFO - [2024-06-24T16:09:02.755+0000] {dag.py:2742} INFO - Sync 1 DAGs
[2024-06-24T16:09:02.770+0000] {logging_mixin.py:150} INFO - [2024-06-24T16:09:02.770+0000] {dag.py:3504} INFO - Setting next_dagrun for latest_only to 2024-06-24T12:09:02.770134+00:00, run_after=2024-06-24T16:09:02.770134+00:00
[2024-06-24T16:09:02.810+0000] {processor.py:179} INFO - Processing /usr/local/python/3.10.13/lib/python3.10/site-packages/airflow/example_dags/example_latest_only.py took 0.074 seconds
[2024-06-24T16:09:49.162+0000] {processor.py:157} INFO - Started process (PID=20355) to work on /usr/local/python/3.10.13/lib/python3.10/site-packages/airflow/example_dags/example_latest_only.py
[2024-06-24T16:09:49.163+0000] {processor.py:826} INFO - Processing file /usr/local/python/3.10.13/lib/python3.10/site-packages/airflow/example_dags/example_latest_only.py for tasks to queue
[2024-06-24T16:09:49.164+0000] {logging_mixin.py:150} INFO - [2024-06-24T16:09:49.163+0000] {dagbag.py:541} INFO - Filling up the DagBag from /usr/local/python/3.10.13/lib/python3.10/site-packages/airflow/example_dags/example_latest_only.py
[2024-06-24T16:09:49.168+0000] {processor.py:836} INFO - DAG(s) dict_keys(['latest_only']) retrieved from /usr/local/python/3.10.13/lib/python3.10/site-packages/airflow/example_dags/example_latest_only.py
[2024-06-24T16:09:49.179+0000] {logging_mixin.py:150} INFO - [2024-06-24T16:09:49.179+0000] {dag.py:2742} INFO - Sync 1 DAGs
[2024-06-24T16:09:49.196+0000] {logging_mixin.py:150} INFO - [2024-06-24T16:09:49.196+0000] {dag.py:3504} INFO - Setting next_dagrun for latest_only to 2024-06-24T12:09:49.196602+00:00, run_after=2024-06-24T16:09:49.196602+00:00
[2024-06-24T16:09:49.238+0000] {processor.py:179} INFO - Processing /usr/local/python/3.10.13/lib/python3.10/site-packages/airflow/example_dags/example_latest_only.py took 0.079 seconds
[2024-06-24T16:10:37.801+0000] {processor.py:157} INFO - Started process (PID=20696) to work on /usr/local/python/3.10.13/lib/python3.10/site-packages/airflow/example_dags/example_latest_only.py
[2024-06-24T16:10:37.802+0000] {processor.py:826} INFO - Processing file /usr/local/python/3.10.13/lib/python3.10/site-packages/airflow/example_dags/example_latest_only.py for tasks to queue
[2024-06-24T16:10:37.802+0000] {logging_mixin.py:150} INFO - [2024-06-24T16:10:37.802+0000] {dagbag.py:541} INFO - Filling up the DagBag from /usr/local/python/3.10.13/lib/python3.10/site-packages/airflow/example_dags/example_latest_only.py
[2024-06-24T16:10:37.807+0000] {processor.py:836} INFO - DAG(s) dict_keys(['latest_only']) retrieved from /usr/local/python/3.10.13/lib/python3.10/site-packages/airflow/example_dags/example_latest_only.py
[2024-06-24T16:10:37.817+0000] {logging_mixin.py:150} INFO - [2024-06-24T16:10:37.817+0000] {dag.py:2742} INFO - Sync 1 DAGs
[2024-06-24T16:10:37.832+0000] {logging_mixin.py:150} INFO - [2024-06-24T16:10:37.832+0000] {dag.py:3504} INFO - Setting next_dagrun for latest_only to 2024-06-24T12:10:37.832131+00:00, run_after=2024-06-24T16:10:37.832131+00:00
[2024-06-24T16:10:37.871+0000] {processor.py:179} INFO - Processing /usr/local/python/3.10.13/lib/python3.10/site-packages/airflow/example_dags/example_latest_only.py took 0.072 seconds
[2024-06-24T16:11:26.174+0000] {processor.py:157} INFO - Started process (PID=21039) to work on /usr/local/python/3.10.13/lib/python3.10/site-packages/airflow/example_dags/example_latest_only.py
[2024-06-24T16:11:26.175+0000] {processor.py:826} INFO - Processing file /usr/local/python/3.10.13/lib/python3.10/site-packages/airflow/example_dags/example_latest_only.py for tasks to queue
[2024-06-24T16:11:26.176+0000] {logging_mixin.py:150} INFO - [2024-06-24T16:11:26.175+0000] {dagbag.py:541} INFO - Filling up the DagBag from /usr/local/python/3.10.13/lib/python3.10/site-packages/airflow/example_dags/example_latest_only.py
[2024-06-24T16:11:26.180+0000] {processor.py:836} INFO - DAG(s) dict_keys(['latest_only']) retrieved from /usr/local/python/3.10.13/lib/python3.10/site-packages/airflow/example_dags/example_latest_only.py
[2024-06-24T16:11:26.192+0000] {logging_mixin.py:150} INFO - [2024-06-24T16:11:26.192+0000] {dag.py:2742} INFO - Sync 1 DAGs
[2024-06-24T16:11:26.208+0000] {logging_mixin.py:150} INFO - [2024-06-24T16:11:26.207+0000] {dag.py:3504} INFO - Setting next_dagrun for latest_only to 2024-06-24T12:11:26.207617+00:00, run_after=2024-06-24T16:11:26.207617+00:00
[2024-06-24T16:11:26.249+0000] {processor.py:179} INFO - Processing /usr/local/python/3.10.13/lib/python3.10/site-packages/airflow/example_dags/example_latest_only.py took 0.077 seconds
[2024-06-24T16:12:14.211+0000] {processor.py:157} INFO - Started process (PID=21379) to work on /usr/local/python/3.10.13/lib/python3.10/site-packages/airflow/example_dags/example_latest_only.py
[2024-06-24T16:12:14.212+0000] {processor.py:826} INFO - Processing file /usr/local/python/3.10.13/lib/python3.10/site-packages/airflow/example_dags/example_latest_only.py for tasks to queue
[2024-06-24T16:12:14.212+0000] {logging_mixin.py:150} INFO - [2024-06-24T16:12:14.212+0000] {dagbag.py:541} INFO - Filling up the DagBag from /usr/local/python/3.10.13/lib/python3.10/site-packages/airflow/example_dags/example_latest_only.py
[2024-06-24T16:12:14.217+0000] {processor.py:836} INFO - DAG(s) dict_keys(['latest_only']) retrieved from /usr/local/python/3.10.13/lib/python3.10/site-packages/airflow/example_dags/example_latest_only.py
[2024-06-24T16:12:14.228+0000] {logging_mixin.py:150} INFO - [2024-06-24T16:12:14.228+0000] {dag.py:2742} INFO - Sync 1 DAGs
[2024-06-24T16:12:14.243+0000] {logging_mixin.py:150} INFO - [2024-06-24T16:12:14.243+0000] {dag.py:3504} INFO - Setting next_dagrun for latest_only to 2024-06-24T12:12:14.243267+00:00, run_after=2024-06-24T16:12:14.243267+00:00
[2024-06-24T16:12:14.295+0000] {processor.py:179} INFO - Processing /usr/local/python/3.10.13/lib/python3.10/site-packages/airflow/example_dags/example_latest_only.py took 0.087 seconds
[2024-06-24T16:13:02.671+0000] {processor.py:157} INFO - Started process (PID=21696) to work on /usr/local/python/3.10.13/lib/python3.10/site-packages/airflow/example_dags/example_latest_only.py
[2024-06-24T16:13:02.672+0000] {processor.py:826} INFO - Processing file /usr/local/python/3.10.13/lib/python3.10/site-packages/airflow/example_dags/example_latest_only.py for tasks to queue
[2024-06-24T16:13:02.673+0000] {logging_mixin.py:150} INFO - [2024-06-24T16:13:02.673+0000] {dagbag.py:541} INFO - Filling up the DagBag from /usr/local/python/3.10.13/lib/python3.10/site-packages/airflow/example_dags/example_latest_only.py
[2024-06-24T16:13:02.677+0000] {processor.py:836} INFO - DAG(s) dict_keys(['latest_only']) retrieved from /usr/local/python/3.10.13/lib/python3.10/site-packages/airflow/example_dags/example_latest_only.py
[2024-06-24T16:13:02.689+0000] {logging_mixin.py:150} INFO - [2024-06-24T16:13:02.689+0000] {dag.py:2742} INFO - Sync 1 DAGs
[2024-06-24T16:13:02.705+0000] {logging_mixin.py:150} INFO - [2024-06-24T16:13:02.704+0000] {dag.py:3504} INFO - Setting next_dagrun for latest_only to 2024-06-24T12:13:02.704656+00:00, run_after=2024-06-24T16:13:02.704656+00:00
[2024-06-24T16:13:02.744+0000] {processor.py:179} INFO - Processing /usr/local/python/3.10.13/lib/python3.10/site-packages/airflow/example_dags/example_latest_only.py took 0.075 seconds
[2024-06-24T16:13:49.904+0000] {processor.py:157} INFO - Started process (PID=22026) to work on /usr/local/python/3.10.13/lib/python3.10/site-packages/airflow/example_dags/example_latest_only.py
[2024-06-24T16:13:49.905+0000] {processor.py:826} INFO - Processing file /usr/local/python/3.10.13/lib/python3.10/site-packages/airflow/example_dags/example_latest_only.py for tasks to queue
[2024-06-24T16:13:49.906+0000] {logging_mixin.py:150} INFO - [2024-06-24T16:13:49.906+0000] {dagbag.py:541} INFO - Filling up the DagBag from /usr/local/python/3.10.13/lib/python3.10/site-packages/airflow/example_dags/example_latest_only.py
[2024-06-24T16:13:49.912+0000] {processor.py:836} INFO - DAG(s) dict_keys(['latest_only']) retrieved from /usr/local/python/3.10.13/lib/python3.10/site-packages/airflow/example_dags/example_latest_only.py
[2024-06-24T16:13:49.926+0000] {logging_mixin.py:150} INFO - [2024-06-24T16:13:49.926+0000] {dag.py:2742} INFO - Sync 1 DAGs
[2024-06-24T16:13:49.941+0000] {logging_mixin.py:150} INFO - [2024-06-24T16:13:49.941+0000] {dag.py:3504} INFO - Setting next_dagrun for latest_only to 2024-06-24T12:13:49.940872+00:00, run_after=2024-06-24T16:13:49.940872+00:00
[2024-06-24T16:13:49.982+0000] {processor.py:179} INFO - Processing /usr/local/python/3.10.13/lib/python3.10/site-packages/airflow/example_dags/example_latest_only.py took 0.080 seconds
[2024-06-24T16:14:36.572+0000] {processor.py:157} INFO - Started process (PID=22359) to work on /usr/local/python/3.10.13/lib/python3.10/site-packages/airflow/example_dags/example_latest_only.py
[2024-06-24T16:14:36.572+0000] {processor.py:826} INFO - Processing file /usr/local/python/3.10.13/lib/python3.10/site-packages/airflow/example_dags/example_latest_only.py for tasks to queue
[2024-06-24T16:14:36.573+0000] {logging_mixin.py:150} INFO - [2024-06-24T16:14:36.573+0000] {dagbag.py:541} INFO - Filling up the DagBag from /usr/local/python/3.10.13/lib/python3.10/site-packages/airflow/example_dags/example_latest_only.py
[2024-06-24T16:14:36.577+0000] {processor.py:836} INFO - DAG(s) dict_keys(['latest_only']) retrieved from /usr/local/python/3.10.13/lib/python3.10/site-packages/airflow/example_dags/example_latest_only.py
[2024-06-24T16:14:36.588+0000] {logging_mixin.py:150} INFO - [2024-06-24T16:14:36.588+0000] {dag.py:2742} INFO - Sync 1 DAGs
[2024-06-24T16:14:36.603+0000] {logging_mixin.py:150} INFO - [2024-06-24T16:14:36.603+0000] {dag.py:3504} INFO - Setting next_dagrun for latest_only to 2024-06-24T12:14:36.603009+00:00, run_after=2024-06-24T16:14:36.603009+00:00
[2024-06-24T16:14:36.655+0000] {processor.py:179} INFO - Processing /usr/local/python/3.10.13/lib/python3.10/site-packages/airflow/example_dags/example_latest_only.py took 0.086 seconds
[2024-06-24T16:15:21.216+0000] {processor.py:157} INFO - Started process (PID=22661) to work on /usr/local/python/3.10.13/lib/python3.10/site-packages/airflow/example_dags/example_latest_only.py
[2024-06-24T16:15:21.217+0000] {processor.py:826} INFO - Processing file /usr/local/python/3.10.13/lib/python3.10/site-packages/airflow/example_dags/example_latest_only.py for tasks to queue
[2024-06-24T16:15:21.218+0000] {logging_mixin.py:150} INFO - [2024-06-24T16:15:21.217+0000] {dagbag.py:541} INFO - Filling up the DagBag from /usr/local/python/3.10.13/lib/python3.10/site-packages/airflow/example_dags/example_latest_only.py
[2024-06-24T16:15:21.222+0000] {processor.py:836} INFO - DAG(s) dict_keys(['latest_only']) retrieved from /usr/local/python/3.10.13/lib/python3.10/site-packages/airflow/example_dags/example_latest_only.py
[2024-06-24T16:15:21.233+0000] {logging_mixin.py:150} INFO - [2024-06-24T16:15:21.233+0000] {dag.py:2742} INFO - Sync 1 DAGs
[2024-06-24T16:15:21.248+0000] {logging_mixin.py:150} INFO - [2024-06-24T16:15:21.248+0000] {dag.py:3504} INFO - Setting next_dagrun for latest_only to 2024-06-24T12:15:21.248625+00:00, run_after=2024-06-24T16:15:21.248625+00:00
[2024-06-24T16:15:21.290+0000] {processor.py:179} INFO - Processing /usr/local/python/3.10.13/lib/python3.10/site-packages/airflow/example_dags/example_latest_only.py took 0.076 seconds
[2024-06-24T16:16:06.022+0000] {processor.py:157} INFO - Started process (PID=22969) to work on /usr/local/python/3.10.13/lib/python3.10/site-packages/airflow/example_dags/example_latest_only.py
[2024-06-24T16:16:06.023+0000] {processor.py:826} INFO - Processing file /usr/local/python/3.10.13/lib/python3.10/site-packages/airflow/example_dags/example_latest_only.py for tasks to queue
[2024-06-24T16:16:06.023+0000] {logging_mixin.py:150} INFO - [2024-06-24T16:16:06.023+0000] {dagbag.py:541} INFO - Filling up the DagBag from /usr/local/python/3.10.13/lib/python3.10/site-packages/airflow/example_dags/example_latest_only.py
[2024-06-24T16:16:06.028+0000] {processor.py:836} INFO - DAG(s) dict_keys(['latest_only']) retrieved from /usr/local/python/3.10.13/lib/python3.10/site-packages/airflow/example_dags/example_latest_only.py
[2024-06-24T16:16:06.039+0000] {logging_mixin.py:150} INFO - [2024-06-24T16:16:06.039+0000] {dag.py:2742} INFO - Sync 1 DAGs
[2024-06-24T16:16:06.055+0000] {logging_mixin.py:150} INFO - [2024-06-24T16:16:06.055+0000] {dag.py:3504} INFO - Setting next_dagrun for latest_only to 2024-06-24T12:16:06.055141+00:00, run_after=2024-06-24T16:16:06.055141+00:00
[2024-06-24T16:16:06.095+0000] {processor.py:179} INFO - Processing /usr/local/python/3.10.13/lib/python3.10/site-packages/airflow/example_dags/example_latest_only.py took 0.075 seconds
[2024-06-24T16:16:50.787+0000] {processor.py:157} INFO - Started process (PID=23290) to work on /usr/local/python/3.10.13/lib/python3.10/site-packages/airflow/example_dags/example_latest_only.py
[2024-06-24T16:16:50.788+0000] {processor.py:826} INFO - Processing file /usr/local/python/3.10.13/lib/python3.10/site-packages/airflow/example_dags/example_latest_only.py for tasks to queue
[2024-06-24T16:16:50.788+0000] {logging_mixin.py:150} INFO - [2024-06-24T16:16:50.788+0000] {dagbag.py:541} INFO - Filling up the DagBag from /usr/local/python/3.10.13/lib/python3.10/site-packages/airflow/example_dags/example_latest_only.py
[2024-06-24T16:16:50.793+0000] {processor.py:836} INFO - DAG(s) dict_keys(['latest_only']) retrieved from /usr/local/python/3.10.13/lib/python3.10/site-packages/airflow/example_dags/example_latest_only.py
[2024-06-24T16:16:50.805+0000] {logging_mixin.py:150} INFO - [2024-06-24T16:16:50.805+0000] {dag.py:2742} INFO - Sync 1 DAGs
[2024-06-24T16:16:50.828+0000] {logging_mixin.py:150} INFO - [2024-06-24T16:16:50.828+0000] {dag.py:3504} INFO - Setting next_dagrun for latest_only to 2024-06-24T12:16:50.827892+00:00, run_after=2024-06-24T16:16:50.827892+00:00
[2024-06-24T16:16:50.872+0000] {processor.py:179} INFO - Processing /usr/local/python/3.10.13/lib/python3.10/site-packages/airflow/example_dags/example_latest_only.py took 0.088 seconds
[2024-06-24T16:17:36.871+0000] {processor.py:157} INFO - Started process (PID=23599) to work on /usr/local/python/3.10.13/lib/python3.10/site-packages/airflow/example_dags/example_latest_only.py
[2024-06-24T16:17:36.871+0000] {processor.py:826} INFO - Processing file /usr/local/python/3.10.13/lib/python3.10/site-packages/airflow/example_dags/example_latest_only.py for tasks to queue
[2024-06-24T16:17:36.872+0000] {logging_mixin.py:150} INFO - [2024-06-24T16:17:36.872+0000] {dagbag.py:541} INFO - Filling up the DagBag from /usr/local/python/3.10.13/lib/python3.10/site-packages/airflow/example_dags/example_latest_only.py
[2024-06-24T16:17:36.876+0000] {processor.py:836} INFO - DAG(s) dict_keys(['latest_only']) retrieved from /usr/local/python/3.10.13/lib/python3.10/site-packages/airflow/example_dags/example_latest_only.py
[2024-06-24T16:17:36.887+0000] {logging_mixin.py:150} INFO - [2024-06-24T16:17:36.887+0000] {dag.py:2742} INFO - Sync 1 DAGs
[2024-06-24T16:17:36.903+0000] {logging_mixin.py:150} INFO - [2024-06-24T16:17:36.903+0000] {dag.py:3504} INFO - Setting next_dagrun for latest_only to 2024-06-24T12:17:36.902844+00:00, run_after=2024-06-24T16:17:36.902844+00:00
[2024-06-24T16:17:36.946+0000] {processor.py:179} INFO - Processing /usr/local/python/3.10.13/lib/python3.10/site-packages/airflow/example_dags/example_latest_only.py took 0.077 seconds
[2024-06-24T16:18:23.334+0000] {processor.py:157} INFO - Started process (PID=23929) to work on /usr/local/python/3.10.13/lib/python3.10/site-packages/airflow/example_dags/example_latest_only.py
[2024-06-24T16:18:23.335+0000] {processor.py:826} INFO - Processing file /usr/local/python/3.10.13/lib/python3.10/site-packages/airflow/example_dags/example_latest_only.py for tasks to queue
[2024-06-24T16:18:23.336+0000] {logging_mixin.py:150} INFO - [2024-06-24T16:18:23.336+0000] {dagbag.py:541} INFO - Filling up the DagBag from /usr/local/python/3.10.13/lib/python3.10/site-packages/airflow/example_dags/example_latest_only.py
[2024-06-24T16:18:23.343+0000] {processor.py:836} INFO - DAG(s) dict_keys(['latest_only']) retrieved from /usr/local/python/3.10.13/lib/python3.10/site-packages/airflow/example_dags/example_latest_only.py
[2024-06-24T16:18:23.359+0000] {logging_mixin.py:150} INFO - [2024-06-24T16:18:23.359+0000] {dag.py:2742} INFO - Sync 1 DAGs
[2024-06-24T16:18:23.376+0000] {logging_mixin.py:150} INFO - [2024-06-24T16:18:23.376+0000] {dag.py:3504} INFO - Setting next_dagrun for latest_only to 2024-06-24T12:18:23.376348+00:00, run_after=2024-06-24T16:18:23.376348+00:00
[2024-06-24T16:18:23.426+0000] {processor.py:179} INFO - Processing /usr/local/python/3.10.13/lib/python3.10/site-packages/airflow/example_dags/example_latest_only.py took 0.095 seconds
[2024-06-24T16:19:07.591+0000] {processor.py:157} INFO - Started process (PID=24228) to work on /usr/local/python/3.10.13/lib/python3.10/site-packages/airflow/example_dags/example_latest_only.py
[2024-06-24T16:19:07.592+0000] {processor.py:826} INFO - Processing file /usr/local/python/3.10.13/lib/python3.10/site-packages/airflow/example_dags/example_latest_only.py for tasks to queue
[2024-06-24T16:19:07.592+0000] {logging_mixin.py:150} INFO - [2024-06-24T16:19:07.592+0000] {dagbag.py:541} INFO - Filling up the DagBag from /usr/local/python/3.10.13/lib/python3.10/site-packages/airflow/example_dags/example_latest_only.py
[2024-06-24T16:19:07.597+0000] {processor.py:836} INFO - DAG(s) dict_keys(['latest_only']) retrieved from /usr/local/python/3.10.13/lib/python3.10/site-packages/airflow/example_dags/example_latest_only.py
[2024-06-24T16:19:07.608+0000] {logging_mixin.py:150} INFO - [2024-06-24T16:19:07.608+0000] {dag.py:2742} INFO - Sync 1 DAGs
[2024-06-24T16:19:07.623+0000] {logging_mixin.py:150} INFO - [2024-06-24T16:19:07.623+0000] {dag.py:3504} INFO - Setting next_dagrun for latest_only to 2024-06-24T12:19:07.623483+00:00, run_after=2024-06-24T16:19:07.623483+00:00
[2024-06-24T16:19:07.665+0000] {processor.py:179} INFO - Processing /usr/local/python/3.10.13/lib/python3.10/site-packages/airflow/example_dags/example_latest_only.py took 0.077 seconds
[2024-06-24T16:19:56.394+0000] {processor.py:157} INFO - Started process (PID=24569) to work on /usr/local/python/3.10.13/lib/python3.10/site-packages/airflow/example_dags/example_latest_only.py
[2024-06-24T16:19:56.395+0000] {processor.py:826} INFO - Processing file /usr/local/python/3.10.13/lib/python3.10/site-packages/airflow/example_dags/example_latest_only.py for tasks to queue
[2024-06-24T16:19:56.396+0000] {logging_mixin.py:150} INFO - [2024-06-24T16:19:56.396+0000] {dagbag.py:541} INFO - Filling up the DagBag from /usr/local/python/3.10.13/lib/python3.10/site-packages/airflow/example_dags/example_latest_only.py
[2024-06-24T16:19:56.400+0000] {processor.py:836} INFO - DAG(s) dict_keys(['latest_only']) retrieved from /usr/local/python/3.10.13/lib/python3.10/site-packages/airflow/example_dags/example_latest_only.py
[2024-06-24T16:19:56.412+0000] {logging_mixin.py:150} INFO - [2024-06-24T16:19:56.412+0000] {dag.py:2742} INFO - Sync 1 DAGs
[2024-06-24T16:19:56.428+0000] {logging_mixin.py:150} INFO - [2024-06-24T16:19:56.427+0000] {dag.py:3504} INFO - Setting next_dagrun for latest_only to 2024-06-24T12:19:56.427689+00:00, run_after=2024-06-24T16:19:56.427689+00:00
[2024-06-24T16:19:56.468+0000] {processor.py:179} INFO - Processing /usr/local/python/3.10.13/lib/python3.10/site-packages/airflow/example_dags/example_latest_only.py took 0.076 seconds
[2024-06-24T16:20:40.754+0000] {processor.py:157} INFO - Started process (PID=24869) to work on /usr/local/python/3.10.13/lib/python3.10/site-packages/airflow/example_dags/example_latest_only.py
[2024-06-24T16:20:40.755+0000] {processor.py:826} INFO - Processing file /usr/local/python/3.10.13/lib/python3.10/site-packages/airflow/example_dags/example_latest_only.py for tasks to queue
[2024-06-24T16:20:40.756+0000] {logging_mixin.py:150} INFO - [2024-06-24T16:20:40.755+0000] {dagbag.py:541} INFO - Filling up the DagBag from /usr/local/python/3.10.13/lib/python3.10/site-packages/airflow/example_dags/example_latest_only.py
[2024-06-24T16:20:40.760+0000] {processor.py:836} INFO - DAG(s) dict_keys(['latest_only']) retrieved from /usr/local/python/3.10.13/lib/python3.10/site-packages/airflow/example_dags/example_latest_only.py
[2024-06-24T16:20:40.771+0000] {logging_mixin.py:150} INFO - [2024-06-24T16:20:40.771+0000] {dag.py:2742} INFO - Sync 1 DAGs
[2024-06-24T16:20:40.786+0000] {logging_mixin.py:150} INFO - [2024-06-24T16:20:40.786+0000] {dag.py:3504} INFO - Setting next_dagrun for latest_only to 2024-06-24T12:20:40.786220+00:00, run_after=2024-06-24T16:20:40.786220+00:00
[2024-06-24T16:20:40.834+0000] {processor.py:179} INFO - Processing /usr/local/python/3.10.13/lib/python3.10/site-packages/airflow/example_dags/example_latest_only.py took 0.082 seconds
[2024-06-24T16:21:29.556+0000] {processor.py:157} INFO - Started process (PID=25212) to work on /usr/local/python/3.10.13/lib/python3.10/site-packages/airflow/example_dags/example_latest_only.py
[2024-06-24T16:21:29.557+0000] {processor.py:826} INFO - Processing file /usr/local/python/3.10.13/lib/python3.10/site-packages/airflow/example_dags/example_latest_only.py for tasks to queue
[2024-06-24T16:21:29.557+0000] {logging_mixin.py:150} INFO - [2024-06-24T16:21:29.557+0000] {dagbag.py:541} INFO - Filling up the DagBag from /usr/local/python/3.10.13/lib/python3.10/site-packages/airflow/example_dags/example_latest_only.py
[2024-06-24T16:21:29.561+0000] {processor.py:836} INFO - DAG(s) dict_keys(['latest_only']) retrieved from /usr/local/python/3.10.13/lib/python3.10/site-packages/airflow/example_dags/example_latest_only.py
[2024-06-24T16:21:29.572+0000] {logging_mixin.py:150} INFO - [2024-06-24T16:21:29.572+0000] {dag.py:2742} INFO - Sync 1 DAGs
[2024-06-24T16:21:29.587+0000] {logging_mixin.py:150} INFO - [2024-06-24T16:21:29.587+0000] {dag.py:3504} INFO - Setting next_dagrun for latest_only to 2024-06-24T12:21:29.587373+00:00, run_after=2024-06-24T16:21:29.587373+00:00
[2024-06-24T16:21:29.629+0000] {processor.py:179} INFO - Processing /usr/local/python/3.10.13/lib/python3.10/site-packages/airflow/example_dags/example_latest_only.py took 0.075 seconds
[2024-06-24T16:22:19.082+0000] {processor.py:157} INFO - Started process (PID=25564) to work on /usr/local/python/3.10.13/lib/python3.10/site-packages/airflow/example_dags/example_latest_only.py
[2024-06-24T16:22:19.082+0000] {processor.py:826} INFO - Processing file /usr/local/python/3.10.13/lib/python3.10/site-packages/airflow/example_dags/example_latest_only.py for tasks to queue
[2024-06-24T16:22:19.083+0000] {logging_mixin.py:150} INFO - [2024-06-24T16:22:19.083+0000] {dagbag.py:541} INFO - Filling up the DagBag from /usr/local/python/3.10.13/lib/python3.10/site-packages/airflow/example_dags/example_latest_only.py
[2024-06-24T16:22:19.087+0000] {processor.py:836} INFO - DAG(s) dict_keys(['latest_only']) retrieved from /usr/local/python/3.10.13/lib/python3.10/site-packages/airflow/example_dags/example_latest_only.py
[2024-06-24T16:22:19.098+0000] {logging_mixin.py:150} INFO - [2024-06-24T16:22:19.098+0000] {dag.py:2742} INFO - Sync 1 DAGs
[2024-06-24T16:22:19.114+0000] {logging_mixin.py:150} INFO - [2024-06-24T16:22:19.113+0000] {dag.py:3504} INFO - Setting next_dagrun for latest_only to 2024-06-24T12:22:19.113822+00:00, run_after=2024-06-24T16:22:19.113822+00:00
[2024-06-24T16:22:19.159+0000] {processor.py:179} INFO - Processing /usr/local/python/3.10.13/lib/python3.10/site-packages/airflow/example_dags/example_latest_only.py took 0.080 seconds
[2024-06-24T16:23:06.082+0000] {processor.py:157} INFO - Started process (PID=25892) to work on /usr/local/python/3.10.13/lib/python3.10/site-packages/airflow/example_dags/example_latest_only.py
[2024-06-24T16:23:06.083+0000] {processor.py:826} INFO - Processing file /usr/local/python/3.10.13/lib/python3.10/site-packages/airflow/example_dags/example_latest_only.py for tasks to queue
[2024-06-24T16:23:06.084+0000] {logging_mixin.py:150} INFO - [2024-06-24T16:23:06.083+0000] {dagbag.py:541} INFO - Filling up the DagBag from /usr/local/python/3.10.13/lib/python3.10/site-packages/airflow/example_dags/example_latest_only.py
[2024-06-24T16:23:06.088+0000] {processor.py:836} INFO - DAG(s) dict_keys(['latest_only']) retrieved from /usr/local/python/3.10.13/lib/python3.10/site-packages/airflow/example_dags/example_latest_only.py
[2024-06-24T16:23:06.099+0000] {logging_mixin.py:150} INFO - [2024-06-24T16:23:06.099+0000] {dag.py:2742} INFO - Sync 1 DAGs
[2024-06-24T16:23:06.114+0000] {logging_mixin.py:150} INFO - [2024-06-24T16:23:06.114+0000] {dag.py:3504} INFO - Setting next_dagrun for latest_only to 2024-06-24T12:23:06.114240+00:00, run_after=2024-06-24T16:23:06.114240+00:00
[2024-06-24T16:23:06.155+0000] {processor.py:179} INFO - Processing /usr/local/python/3.10.13/lib/python3.10/site-packages/airflow/example_dags/example_latest_only.py took 0.075 seconds
[2024-06-24T16:23:48.111+0000] {processor.py:157} INFO - Started process (PID=26184) to work on /usr/local/python/3.10.13/lib/python3.10/site-packages/airflow/example_dags/example_latest_only.py
[2024-06-24T16:23:48.112+0000] {processor.py:826} INFO - Processing file /usr/local/python/3.10.13/lib/python3.10/site-packages/airflow/example_dags/example_latest_only.py for tasks to queue
[2024-06-24T16:23:48.113+0000] {logging_mixin.py:150} INFO - [2024-06-24T16:23:48.113+0000] {dagbag.py:541} INFO - Filling up the DagBag from /usr/local/python/3.10.13/lib/python3.10/site-packages/airflow/example_dags/example_latest_only.py
[2024-06-24T16:23:48.120+0000] {processor.py:836} INFO - DAG(s) dict_keys(['latest_only']) retrieved from /usr/local/python/3.10.13/lib/python3.10/site-packages/airflow/example_dags/example_latest_only.py
[2024-06-24T16:23:48.140+0000] {logging_mixin.py:150} INFO - [2024-06-24T16:23:48.140+0000] {dag.py:2742} INFO - Sync 1 DAGs
[2024-06-24T16:23:48.158+0000] {logging_mixin.py:150} INFO - [2024-06-24T16:23:48.158+0000] {dag.py:3504} INFO - Setting next_dagrun for latest_only to 2024-06-24T12:23:48.158564+00:00, run_after=2024-06-24T16:23:48.158564+00:00
[2024-06-24T16:23:48.197+0000] {processor.py:179} INFO - Processing /usr/local/python/3.10.13/lib/python3.10/site-packages/airflow/example_dags/example_latest_only.py took 0.089 seconds
[2024-06-24T16:24:32.500+0000] {processor.py:157} INFO - Started process (PID=26484) to work on /usr/local/python/3.10.13/lib/python3.10/site-packages/airflow/example_dags/example_latest_only.py
[2024-06-24T16:24:32.501+0000] {processor.py:826} INFO - Processing file /usr/local/python/3.10.13/lib/python3.10/site-packages/airflow/example_dags/example_latest_only.py for tasks to queue
[2024-06-24T16:24:32.502+0000] {logging_mixin.py:150} INFO - [2024-06-24T16:24:32.501+0000] {dagbag.py:541} INFO - Filling up the DagBag from /usr/local/python/3.10.13/lib/python3.10/site-packages/airflow/example_dags/example_latest_only.py
[2024-06-24T16:24:32.506+0000] {processor.py:836} INFO - DAG(s) dict_keys(['latest_only']) retrieved from /usr/local/python/3.10.13/lib/python3.10/site-packages/airflow/example_dags/example_latest_only.py
[2024-06-24T16:24:32.518+0000] {logging_mixin.py:150} INFO - [2024-06-24T16:24:32.518+0000] {dag.py:2742} INFO - Sync 1 DAGs
[2024-06-24T16:24:32.534+0000] {logging_mixin.py:150} INFO - [2024-06-24T16:24:32.533+0000] {dag.py:3504} INFO - Setting next_dagrun for latest_only to 2024-06-24T12:24:32.533745+00:00, run_after=2024-06-24T16:24:32.533745+00:00
[2024-06-24T16:24:32.575+0000] {processor.py:179} INFO - Processing /usr/local/python/3.10.13/lib/python3.10/site-packages/airflow/example_dags/example_latest_only.py took 0.077 seconds
[2024-06-24T16:25:25.719+0000] {processor.py:157} INFO - Started process (PID=26847) to work on /usr/local/python/3.10.13/lib/python3.10/site-packages/airflow/example_dags/example_latest_only.py
[2024-06-24T16:25:25.720+0000] {processor.py:826} INFO - Processing file /usr/local/python/3.10.13/lib/python3.10/site-packages/airflow/example_dags/example_latest_only.py for tasks to queue
[2024-06-24T16:25:25.720+0000] {logging_mixin.py:150} INFO - [2024-06-24T16:25:25.720+0000] {dagbag.py:541} INFO - Filling up the DagBag from /usr/local/python/3.10.13/lib/python3.10/site-packages/airflow/example_dags/example_latest_only.py
[2024-06-24T16:25:25.725+0000] {processor.py:836} INFO - DAG(s) dict_keys(['latest_only']) retrieved from /usr/local/python/3.10.13/lib/python3.10/site-packages/airflow/example_dags/example_latest_only.py
[2024-06-24T16:25:25.735+0000] {logging_mixin.py:150} INFO - [2024-06-24T16:25:25.735+0000] {dag.py:2742} INFO - Sync 1 DAGs
[2024-06-24T16:25:25.751+0000] {logging_mixin.py:150} INFO - [2024-06-24T16:25:25.751+0000] {dag.py:3504} INFO - Setting next_dagrun for latest_only to 2024-06-24T12:25:25.751021+00:00, run_after=2024-06-24T16:25:25.751021+00:00
[2024-06-24T16:25:25.789+0000] {processor.py:179} INFO - Processing /usr/local/python/3.10.13/lib/python3.10/site-packages/airflow/example_dags/example_latest_only.py took 0.073 seconds
[2024-06-24T16:26:11.828+0000] {processor.py:157} INFO - Started process (PID=27179) to work on /usr/local/python/3.10.13/lib/python3.10/site-packages/airflow/example_dags/example_latest_only.py
[2024-06-24T16:26:11.829+0000] {processor.py:826} INFO - Processing file /usr/local/python/3.10.13/lib/python3.10/site-packages/airflow/example_dags/example_latest_only.py for tasks to queue
[2024-06-24T16:26:11.830+0000] {logging_mixin.py:150} INFO - [2024-06-24T16:26:11.829+0000] {dagbag.py:541} INFO - Filling up the DagBag from /usr/local/python/3.10.13/lib/python3.10/site-packages/airflow/example_dags/example_latest_only.py
[2024-06-24T16:26:11.836+0000] {processor.py:836} INFO - DAG(s) dict_keys(['latest_only']) retrieved from /usr/local/python/3.10.13/lib/python3.10/site-packages/airflow/example_dags/example_latest_only.py
[2024-06-24T16:26:11.849+0000] {logging_mixin.py:150} INFO - [2024-06-24T16:26:11.848+0000] {dag.py:2742} INFO - Sync 1 DAGs
[2024-06-24T16:26:11.866+0000] {logging_mixin.py:150} INFO - [2024-06-24T16:26:11.866+0000] {dag.py:3504} INFO - Setting next_dagrun for latest_only to 2024-06-24T12:26:11.866123+00:00, run_after=2024-06-24T16:26:11.866123+00:00
[2024-06-24T16:26:11.911+0000] {processor.py:179} INFO - Processing /usr/local/python/3.10.13/lib/python3.10/site-packages/airflow/example_dags/example_latest_only.py took 0.086 seconds
[2024-06-24T16:26:56.789+0000] {processor.py:157} INFO - Started process (PID=27482) to work on /usr/local/python/3.10.13/lib/python3.10/site-packages/airflow/example_dags/example_latest_only.py
[2024-06-24T16:26:56.789+0000] {processor.py:826} INFO - Processing file /usr/local/python/3.10.13/lib/python3.10/site-packages/airflow/example_dags/example_latest_only.py for tasks to queue
[2024-06-24T16:26:56.790+0000] {logging_mixin.py:150} INFO - [2024-06-24T16:26:56.790+0000] {dagbag.py:541} INFO - Filling up the DagBag from /usr/local/python/3.10.13/lib/python3.10/site-packages/airflow/example_dags/example_latest_only.py
[2024-06-24T16:26:56.794+0000] {processor.py:836} INFO - DAG(s) dict_keys(['latest_only']) retrieved from /usr/local/python/3.10.13/lib/python3.10/site-packages/airflow/example_dags/example_latest_only.py
[2024-06-24T16:26:56.805+0000] {logging_mixin.py:150} INFO - [2024-06-24T16:26:56.805+0000] {dag.py:2742} INFO - Sync 1 DAGs
[2024-06-24T16:26:56.820+0000] {logging_mixin.py:150} INFO - [2024-06-24T16:26:56.820+0000] {dag.py:3504} INFO - Setting next_dagrun for latest_only to 2024-06-24T12:26:56.820112+00:00, run_after=2024-06-24T16:26:56.820112+00:00
[2024-06-24T16:26:56.857+0000] {processor.py:179} INFO - Processing /usr/local/python/3.10.13/lib/python3.10/site-packages/airflow/example_dags/example_latest_only.py took 0.070 seconds
[2024-06-24T16:27:42.079+0000] {processor.py:157} INFO - Started process (PID=27805) to work on /usr/local/python/3.10.13/lib/python3.10/site-packages/airflow/example_dags/example_latest_only.py
[2024-06-24T16:27:42.080+0000] {processor.py:826} INFO - Processing file /usr/local/python/3.10.13/lib/python3.10/site-packages/airflow/example_dags/example_latest_only.py for tasks to queue
[2024-06-24T16:27:42.081+0000] {logging_mixin.py:150} INFO - [2024-06-24T16:27:42.080+0000] {dagbag.py:541} INFO - Filling up the DagBag from /usr/local/python/3.10.13/lib/python3.10/site-packages/airflow/example_dags/example_latest_only.py
[2024-06-24T16:27:42.085+0000] {processor.py:836} INFO - DAG(s) dict_keys(['latest_only']) retrieved from /usr/local/python/3.10.13/lib/python3.10/site-packages/airflow/example_dags/example_latest_only.py
[2024-06-24T16:27:42.097+0000] {logging_mixin.py:150} INFO - [2024-06-24T16:27:42.097+0000] {dag.py:2742} INFO - Sync 1 DAGs
[2024-06-24T16:27:42.112+0000] {logging_mixin.py:150} INFO - [2024-06-24T16:27:42.112+0000] {dag.py:3504} INFO - Setting next_dagrun for latest_only to 2024-06-24T12:27:42.112585+00:00, run_after=2024-06-24T16:27:42.112585+00:00
[2024-06-24T16:27:42.166+0000] {processor.py:179} INFO - Processing /usr/local/python/3.10.13/lib/python3.10/site-packages/airflow/example_dags/example_latest_only.py took 0.089 seconds
[2024-06-24T16:28:25.957+0000] {processor.py:157} INFO - Started process (PID=28106) to work on /usr/local/python/3.10.13/lib/python3.10/site-packages/airflow/example_dags/example_latest_only.py
[2024-06-24T16:28:25.958+0000] {processor.py:826} INFO - Processing file /usr/local/python/3.10.13/lib/python3.10/site-packages/airflow/example_dags/example_latest_only.py for tasks to queue
[2024-06-24T16:28:25.959+0000] {logging_mixin.py:150} INFO - [2024-06-24T16:28:25.958+0000] {dagbag.py:541} INFO - Filling up the DagBag from /usr/local/python/3.10.13/lib/python3.10/site-packages/airflow/example_dags/example_latest_only.py
[2024-06-24T16:28:25.963+0000] {processor.py:836} INFO - DAG(s) dict_keys(['latest_only']) retrieved from /usr/local/python/3.10.13/lib/python3.10/site-packages/airflow/example_dags/example_latest_only.py
[2024-06-24T16:28:25.974+0000] {logging_mixin.py:150} INFO - [2024-06-24T16:28:25.974+0000] {dag.py:2742} INFO - Sync 1 DAGs
[2024-06-24T16:28:25.990+0000] {logging_mixin.py:150} INFO - [2024-06-24T16:28:25.990+0000] {dag.py:3504} INFO - Setting next_dagrun for latest_only to 2024-06-24T12:28:25.990292+00:00, run_after=2024-06-24T16:28:25.990292+00:00
[2024-06-24T16:28:26.032+0000] {processor.py:179} INFO - Processing /usr/local/python/3.10.13/lib/python3.10/site-packages/airflow/example_dags/example_latest_only.py took 0.077 seconds
[2024-06-24T16:29:13.702+0000] {processor.py:157} INFO - Started process (PID=28444) to work on /usr/local/python/3.10.13/lib/python3.10/site-packages/airflow/example_dags/example_latest_only.py
[2024-06-24T16:29:13.702+0000] {processor.py:826} INFO - Processing file /usr/local/python/3.10.13/lib/python3.10/site-packages/airflow/example_dags/example_latest_only.py for tasks to queue
[2024-06-24T16:29:13.703+0000] {logging_mixin.py:150} INFO - [2024-06-24T16:29:13.703+0000] {dagbag.py:541} INFO - Filling up the DagBag from /usr/local/python/3.10.13/lib/python3.10/site-packages/airflow/example_dags/example_latest_only.py
[2024-06-24T16:29:13.709+0000] {processor.py:836} INFO - DAG(s) dict_keys(['latest_only']) retrieved from /usr/local/python/3.10.13/lib/python3.10/site-packages/airflow/example_dags/example_latest_only.py
[2024-06-24T16:29:13.721+0000] {logging_mixin.py:150} INFO - [2024-06-24T16:29:13.721+0000] {dag.py:2742} INFO - Sync 1 DAGs
[2024-06-24T16:29:13.737+0000] {logging_mixin.py:150} INFO - [2024-06-24T16:29:13.737+0000] {dag.py:3504} INFO - Setting next_dagrun for latest_only to 2024-06-24T12:29:13.737321+00:00, run_after=2024-06-24T16:29:13.737321+00:00
[2024-06-24T16:29:13.785+0000] {processor.py:179} INFO - Processing /usr/local/python/3.10.13/lib/python3.10/site-packages/airflow/example_dags/example_latest_only.py took 0.086 seconds
[2024-06-24T16:30:00.357+0000] {processor.py:157} INFO - Started process (PID=28759) to work on /usr/local/python/3.10.13/lib/python3.10/site-packages/airflow/example_dags/example_latest_only.py
[2024-06-24T16:30:00.357+0000] {processor.py:826} INFO - Processing file /usr/local/python/3.10.13/lib/python3.10/site-packages/airflow/example_dags/example_latest_only.py for tasks to queue
[2024-06-24T16:30:00.358+0000] {logging_mixin.py:150} INFO - [2024-06-24T16:30:00.358+0000] {dagbag.py:541} INFO - Filling up the DagBag from /usr/local/python/3.10.13/lib/python3.10/site-packages/airflow/example_dags/example_latest_only.py
[2024-06-24T16:30:00.362+0000] {processor.py:836} INFO - DAG(s) dict_keys(['latest_only']) retrieved from /usr/local/python/3.10.13/lib/python3.10/site-packages/airflow/example_dags/example_latest_only.py
[2024-06-24T16:30:00.375+0000] {logging_mixin.py:150} INFO - [2024-06-24T16:30:00.374+0000] {dag.py:2742} INFO - Sync 1 DAGs
[2024-06-24T16:30:00.390+0000] {logging_mixin.py:150} INFO - [2024-06-24T16:30:00.390+0000] {dag.py:3504} INFO - Setting next_dagrun for latest_only to 2024-06-24T12:30:00.390425+00:00, run_after=2024-06-24T16:30:00.390425+00:00
[2024-06-24T16:30:00.430+0000] {processor.py:179} INFO - Processing /usr/local/python/3.10.13/lib/python3.10/site-packages/airflow/example_dags/example_latest_only.py took 0.076 seconds
[2024-06-24T16:30:49.948+0000] {processor.py:157} INFO - Started process (PID=29105) to work on /usr/local/python/3.10.13/lib/python3.10/site-packages/airflow/example_dags/example_latest_only.py
[2024-06-24T16:30:49.949+0000] {processor.py:826} INFO - Processing file /usr/local/python/3.10.13/lib/python3.10/site-packages/airflow/example_dags/example_latest_only.py for tasks to queue
[2024-06-24T16:30:49.950+0000] {logging_mixin.py:150} INFO - [2024-06-24T16:30:49.949+0000] {dagbag.py:541} INFO - Filling up the DagBag from /usr/local/python/3.10.13/lib/python3.10/site-packages/airflow/example_dags/example_latest_only.py
[2024-06-24T16:30:49.954+0000] {processor.py:836} INFO - DAG(s) dict_keys(['latest_only']) retrieved from /usr/local/python/3.10.13/lib/python3.10/site-packages/airflow/example_dags/example_latest_only.py
[2024-06-24T16:30:49.965+0000] {logging_mixin.py:150} INFO - [2024-06-24T16:30:49.965+0000] {dag.py:2742} INFO - Sync 1 DAGs
[2024-06-24T16:30:49.979+0000] {logging_mixin.py:150} INFO - [2024-06-24T16:30:49.979+0000] {dag.py:3504} INFO - Setting next_dagrun for latest_only to 2024-06-24T12:30:49.979657+00:00, run_after=2024-06-24T16:30:49.979657+00:00
[2024-06-24T16:30:50.020+0000] {processor.py:179} INFO - Processing /usr/local/python/3.10.13/lib/python3.10/site-packages/airflow/example_dags/example_latest_only.py took 0.074 seconds
[2024-06-24T17:08:08.062+0000] {processor.py:157} INFO - Started process (PID=9518) to work on /usr/local/python/3.10.13/lib/python3.10/site-packages/airflow/example_dags/example_latest_only.py
[2024-06-24T17:08:08.065+0000] {processor.py:826} INFO - Processing file /usr/local/python/3.10.13/lib/python3.10/site-packages/airflow/example_dags/example_latest_only.py for tasks to queue
[2024-06-24T17:08:08.066+0000] {logging_mixin.py:150} INFO - [2024-06-24T17:08:08.065+0000] {dagbag.py:541} INFO - Filling up the DagBag from /usr/local/python/3.10.13/lib/python3.10/site-packages/airflow/example_dags/example_latest_only.py
[2024-06-24T17:08:08.070+0000] {processor.py:836} INFO - DAG(s) dict_keys(['latest_only']) retrieved from /usr/local/python/3.10.13/lib/python3.10/site-packages/airflow/example_dags/example_latest_only.py
[2024-06-24T17:08:08.081+0000] {logging_mixin.py:150} INFO - [2024-06-24T17:08:08.081+0000] {dag.py:2742} INFO - Sync 1 DAGs
[2024-06-24T17:08:08.097+0000] {logging_mixin.py:150} INFO - [2024-06-24T17:08:08.097+0000] {dag.py:3504} INFO - Setting next_dagrun for latest_only to 2024-06-24T13:08:08.097271+00:00, run_after=2024-06-24T17:08:08.097271+00:00
[2024-06-24T17:08:08.136+0000] {processor.py:179} INFO - Processing /usr/local/python/3.10.13/lib/python3.10/site-packages/airflow/example_dags/example_latest_only.py took 0.077 seconds
[2024-06-24T17:08:55.826+0000] {processor.py:157} INFO - Started process (PID=9866) to work on /usr/local/python/3.10.13/lib/python3.10/site-packages/airflow/example_dags/example_latest_only.py
[2024-06-24T17:08:55.826+0000] {processor.py:826} INFO - Processing file /usr/local/python/3.10.13/lib/python3.10/site-packages/airflow/example_dags/example_latest_only.py for tasks to queue
[2024-06-24T17:08:55.827+0000] {logging_mixin.py:150} INFO - [2024-06-24T17:08:55.827+0000] {dagbag.py:541} INFO - Filling up the DagBag from /usr/local/python/3.10.13/lib/python3.10/site-packages/airflow/example_dags/example_latest_only.py
[2024-06-24T17:08:55.832+0000] {processor.py:836} INFO - DAG(s) dict_keys(['latest_only']) retrieved from /usr/local/python/3.10.13/lib/python3.10/site-packages/airflow/example_dags/example_latest_only.py
[2024-06-24T17:08:55.842+0000] {logging_mixin.py:150} INFO - [2024-06-24T17:08:55.842+0000] {dag.py:2742} INFO - Sync 1 DAGs
[2024-06-24T17:08:55.857+0000] {logging_mixin.py:150} INFO - [2024-06-24T17:08:55.857+0000] {dag.py:3504} INFO - Setting next_dagrun for latest_only to 2024-06-24T13:08:55.857541+00:00, run_after=2024-06-24T17:08:55.857541+00:00
[2024-06-24T17:08:55.899+0000] {processor.py:179} INFO - Processing /usr/local/python/3.10.13/lib/python3.10/site-packages/airflow/example_dags/example_latest_only.py took 0.075 seconds
[2024-06-24T17:09:47.785+0000] {processor.py:157} INFO - Started process (PID=10222) to work on /usr/local/python/3.10.13/lib/python3.10/site-packages/airflow/example_dags/example_latest_only.py
[2024-06-24T17:09:47.786+0000] {processor.py:826} INFO - Processing file /usr/local/python/3.10.13/lib/python3.10/site-packages/airflow/example_dags/example_latest_only.py for tasks to queue
[2024-06-24T17:09:47.787+0000] {logging_mixin.py:150} INFO - [2024-06-24T17:09:47.786+0000] {dagbag.py:541} INFO - Filling up the DagBag from /usr/local/python/3.10.13/lib/python3.10/site-packages/airflow/example_dags/example_latest_only.py
[2024-06-24T17:09:47.791+0000] {processor.py:836} INFO - DAG(s) dict_keys(['latest_only']) retrieved from /usr/local/python/3.10.13/lib/python3.10/site-packages/airflow/example_dags/example_latest_only.py
[2024-06-24T17:09:47.803+0000] {logging_mixin.py:150} INFO - [2024-06-24T17:09:47.802+0000] {dag.py:2742} INFO - Sync 1 DAGs
[2024-06-24T17:09:47.820+0000] {logging_mixin.py:150} INFO - [2024-06-24T17:09:47.819+0000] {dag.py:3504} INFO - Setting next_dagrun for latest_only to 2024-06-24T13:09:47.819715+00:00, run_after=2024-06-24T17:09:47.819715+00:00
[2024-06-24T17:09:47.861+0000] {processor.py:179} INFO - Processing /usr/local/python/3.10.13/lib/python3.10/site-packages/airflow/example_dags/example_latest_only.py took 0.078 seconds
[2024-06-24T17:10:39.201+0000] {processor.py:157} INFO - Started process (PID=10584) to work on /usr/local/python/3.10.13/lib/python3.10/site-packages/airflow/example_dags/example_latest_only.py
[2024-06-24T17:10:39.202+0000] {processor.py:826} INFO - Processing file /usr/local/python/3.10.13/lib/python3.10/site-packages/airflow/example_dags/example_latest_only.py for tasks to queue
[2024-06-24T17:10:39.202+0000] {logging_mixin.py:150} INFO - [2024-06-24T17:10:39.202+0000] {dagbag.py:541} INFO - Filling up the DagBag from /usr/local/python/3.10.13/lib/python3.10/site-packages/airflow/example_dags/example_latest_only.py
[2024-06-24T17:10:39.207+0000] {processor.py:836} INFO - DAG(s) dict_keys(['latest_only']) retrieved from /usr/local/python/3.10.13/lib/python3.10/site-packages/airflow/example_dags/example_latest_only.py
[2024-06-24T17:10:39.218+0000] {logging_mixin.py:150} INFO - [2024-06-24T17:10:39.217+0000] {dag.py:2742} INFO - Sync 1 DAGs
[2024-06-24T17:10:39.233+0000] {logging_mixin.py:150} INFO - [2024-06-24T17:10:39.233+0000] {dag.py:3504} INFO - Setting next_dagrun for latest_only to 2024-06-24T13:10:39.232781+00:00, run_after=2024-06-24T17:10:39.232781+00:00
[2024-06-24T17:10:39.272+0000] {processor.py:179} INFO - Processing /usr/local/python/3.10.13/lib/python3.10/site-packages/airflow/example_dags/example_latest_only.py took 0.073 seconds
[2024-06-24T17:11:30.712+0000] {processor.py:157} INFO - Started process (PID=10988) to work on /usr/local/python/3.10.13/lib/python3.10/site-packages/airflow/example_dags/example_latest_only.py
[2024-06-24T17:11:30.713+0000] {processor.py:826} INFO - Processing file /usr/local/python/3.10.13/lib/python3.10/site-packages/airflow/example_dags/example_latest_only.py for tasks to queue
[2024-06-24T17:11:30.714+0000] {logging_mixin.py:150} INFO - [2024-06-24T17:11:30.714+0000] {dagbag.py:541} INFO - Filling up the DagBag from /usr/local/python/3.10.13/lib/python3.10/site-packages/airflow/example_dags/example_latest_only.py
[2024-06-24T17:11:30.718+0000] {processor.py:836} INFO - DAG(s) dict_keys(['latest_only']) retrieved from /usr/local/python/3.10.13/lib/python3.10/site-packages/airflow/example_dags/example_latest_only.py
[2024-06-24T17:11:30.729+0000] {logging_mixin.py:150} INFO - [2024-06-24T17:11:30.729+0000] {dag.py:2742} INFO - Sync 1 DAGs
[2024-06-24T17:11:30.744+0000] {logging_mixin.py:150} INFO - [2024-06-24T17:11:30.744+0000] {dag.py:3504} INFO - Setting next_dagrun for latest_only to 2024-06-24T13:11:30.744268+00:00, run_after=2024-06-24T17:11:30.744268+00:00
[2024-06-24T17:11:30.787+0000] {processor.py:179} INFO - Processing /usr/local/python/3.10.13/lib/python3.10/site-packages/airflow/example_dags/example_latest_only.py took 0.077 seconds
[2024-06-24T17:12:25.045+0000] {processor.py:157} INFO - Started process (PID=11387) to work on /usr/local/python/3.10.13/lib/python3.10/site-packages/airflow/example_dags/example_latest_only.py
[2024-06-24T17:12:25.046+0000] {processor.py:826} INFO - Processing file /usr/local/python/3.10.13/lib/python3.10/site-packages/airflow/example_dags/example_latest_only.py for tasks to queue
[2024-06-24T17:12:25.047+0000] {logging_mixin.py:150} INFO - [2024-06-24T17:12:25.046+0000] {dagbag.py:541} INFO - Filling up the DagBag from /usr/local/python/3.10.13/lib/python3.10/site-packages/airflow/example_dags/example_latest_only.py
[2024-06-24T17:12:25.051+0000] {processor.py:836} INFO - DAG(s) dict_keys(['latest_only']) retrieved from /usr/local/python/3.10.13/lib/python3.10/site-packages/airflow/example_dags/example_latest_only.py
[2024-06-24T17:12:25.062+0000] {logging_mixin.py:150} INFO - [2024-06-24T17:12:25.062+0000] {dag.py:2742} INFO - Sync 1 DAGs
[2024-06-24T17:12:25.077+0000] {logging_mixin.py:150} INFO - [2024-06-24T17:12:25.077+0000] {dag.py:3504} INFO - Setting next_dagrun for latest_only to 2024-06-24T13:12:25.077320+00:00, run_after=2024-06-24T17:12:25.077320+00:00
[2024-06-24T17:12:25.131+0000] {processor.py:179} INFO - Processing /usr/local/python/3.10.13/lib/python3.10/site-packages/airflow/example_dags/example_latest_only.py took 0.088 seconds
[2024-06-24T17:13:12.719+0000] {processor.py:157} INFO - Started process (PID=11761) to work on /usr/local/python/3.10.13/lib/python3.10/site-packages/airflow/example_dags/example_latest_only.py
[2024-06-24T17:13:12.719+0000] {processor.py:826} INFO - Processing file /usr/local/python/3.10.13/lib/python3.10/site-packages/airflow/example_dags/example_latest_only.py for tasks to queue
[2024-06-24T17:13:12.720+0000] {logging_mixin.py:150} INFO - [2024-06-24T17:13:12.720+0000] {dagbag.py:541} INFO - Filling up the DagBag from /usr/local/python/3.10.13/lib/python3.10/site-packages/airflow/example_dags/example_latest_only.py
[2024-06-24T17:13:12.724+0000] {processor.py:836} INFO - DAG(s) dict_keys(['latest_only']) retrieved from /usr/local/python/3.10.13/lib/python3.10/site-packages/airflow/example_dags/example_latest_only.py
[2024-06-24T17:13:12.736+0000] {logging_mixin.py:150} INFO - [2024-06-24T17:13:12.736+0000] {dag.py:2742} INFO - Sync 1 DAGs
[2024-06-24T17:13:12.751+0000] {logging_mixin.py:150} INFO - [2024-06-24T17:13:12.750+0000] {dag.py:3504} INFO - Setting next_dagrun for latest_only to 2024-06-24T13:13:12.750819+00:00, run_after=2024-06-24T17:13:12.750819+00:00
[2024-06-24T17:13:12.797+0000] {processor.py:179} INFO - Processing /usr/local/python/3.10.13/lib/python3.10/site-packages/airflow/example_dags/example_latest_only.py took 0.081 seconds
[2024-06-24T17:13:56.688+0000] {processor.py:157} INFO - Started process (PID=12102) to work on /usr/local/python/3.10.13/lib/python3.10/site-packages/airflow/example_dags/example_latest_only.py
[2024-06-24T17:13:56.689+0000] {processor.py:826} INFO - Processing file /usr/local/python/3.10.13/lib/python3.10/site-packages/airflow/example_dags/example_latest_only.py for tasks to queue
[2024-06-24T17:13:56.689+0000] {logging_mixin.py:150} INFO - [2024-06-24T17:13:56.689+0000] {dagbag.py:541} INFO - Filling up the DagBag from /usr/local/python/3.10.13/lib/python3.10/site-packages/airflow/example_dags/example_latest_only.py
[2024-06-24T17:13:56.694+0000] {processor.py:836} INFO - DAG(s) dict_keys(['latest_only']) retrieved from /usr/local/python/3.10.13/lib/python3.10/site-packages/airflow/example_dags/example_latest_only.py
[2024-06-24T17:13:56.706+0000] {logging_mixin.py:150} INFO - [2024-06-24T17:13:56.706+0000] {dag.py:2742} INFO - Sync 1 DAGs
[2024-06-24T17:13:56.722+0000] {logging_mixin.py:150} INFO - [2024-06-24T17:13:56.721+0000] {dag.py:3504} INFO - Setting next_dagrun for latest_only to 2024-06-24T13:13:56.721797+00:00, run_after=2024-06-24T17:13:56.721797+00:00
[2024-06-24T17:13:56.768+0000] {processor.py:179} INFO - Processing /usr/local/python/3.10.13/lib/python3.10/site-packages/airflow/example_dags/example_latest_only.py took 0.082 seconds
[2024-06-24T17:14:42.215+0000] {processor.py:157} INFO - Started process (PID=12468) to work on /usr/local/python/3.10.13/lib/python3.10/site-packages/airflow/example_dags/example_latest_only.py
[2024-06-24T17:14:42.215+0000] {processor.py:826} INFO - Processing file /usr/local/python/3.10.13/lib/python3.10/site-packages/airflow/example_dags/example_latest_only.py for tasks to queue
[2024-06-24T17:14:42.216+0000] {logging_mixin.py:150} INFO - [2024-06-24T17:14:42.216+0000] {dagbag.py:541} INFO - Filling up the DagBag from /usr/local/python/3.10.13/lib/python3.10/site-packages/airflow/example_dags/example_latest_only.py
[2024-06-24T17:14:42.221+0000] {processor.py:836} INFO - DAG(s) dict_keys(['latest_only']) retrieved from /usr/local/python/3.10.13/lib/python3.10/site-packages/airflow/example_dags/example_latest_only.py
[2024-06-24T17:14:42.232+0000] {logging_mixin.py:150} INFO - [2024-06-24T17:14:42.232+0000] {dag.py:2742} INFO - Sync 1 DAGs
[2024-06-24T17:14:42.247+0000] {logging_mixin.py:150} INFO - [2024-06-24T17:14:42.247+0000] {dag.py:3504} INFO - Setting next_dagrun for latest_only to 2024-06-24T13:14:42.247296+00:00, run_after=2024-06-24T17:14:42.247296+00:00
[2024-06-24T17:14:42.293+0000] {processor.py:179} INFO - Processing /usr/local/python/3.10.13/lib/python3.10/site-packages/airflow/example_dags/example_latest_only.py took 0.080 seconds
[2024-06-24T17:15:31.982+0000] {processor.py:157} INFO - Started process (PID=12843) to work on /usr/local/python/3.10.13/lib/python3.10/site-packages/airflow/example_dags/example_latest_only.py
[2024-06-24T17:15:31.983+0000] {processor.py:826} INFO - Processing file /usr/local/python/3.10.13/lib/python3.10/site-packages/airflow/example_dags/example_latest_only.py for tasks to queue
[2024-06-24T17:15:31.984+0000] {logging_mixin.py:150} INFO - [2024-06-24T17:15:31.983+0000] {dagbag.py:541} INFO - Filling up the DagBag from /usr/local/python/3.10.13/lib/python3.10/site-packages/airflow/example_dags/example_latest_only.py
[2024-06-24T17:15:31.990+0000] {processor.py:836} INFO - DAG(s) dict_keys(['latest_only']) retrieved from /usr/local/python/3.10.13/lib/python3.10/site-packages/airflow/example_dags/example_latest_only.py
[2024-06-24T17:15:32.005+0000] {logging_mixin.py:150} INFO - [2024-06-24T17:15:32.005+0000] {dag.py:2742} INFO - Sync 1 DAGs
[2024-06-24T17:15:32.022+0000] {logging_mixin.py:150} INFO - [2024-06-24T17:15:32.021+0000] {dag.py:3504} INFO - Setting next_dagrun for latest_only to 2024-06-24T13:15:32.021636+00:00, run_after=2024-06-24T17:15:32.021636+00:00
[2024-06-24T17:15:32.062+0000] {processor.py:179} INFO - Processing /usr/local/python/3.10.13/lib/python3.10/site-packages/airflow/example_dags/example_latest_only.py took 0.084 seconds
[2024-06-24T17:16:19.756+0000] {processor.py:157} INFO - Started process (PID=13185) to work on /usr/local/python/3.10.13/lib/python3.10/site-packages/airflow/example_dags/example_latest_only.py
[2024-06-24T17:16:19.757+0000] {processor.py:826} INFO - Processing file /usr/local/python/3.10.13/lib/python3.10/site-packages/airflow/example_dags/example_latest_only.py for tasks to queue
[2024-06-24T17:16:19.758+0000] {logging_mixin.py:150} INFO - [2024-06-24T17:16:19.758+0000] {dagbag.py:541} INFO - Filling up the DagBag from /usr/local/python/3.10.13/lib/python3.10/site-packages/airflow/example_dags/example_latest_only.py
[2024-06-24T17:16:19.762+0000] {processor.py:836} INFO - DAG(s) dict_keys(['latest_only']) retrieved from /usr/local/python/3.10.13/lib/python3.10/site-packages/airflow/example_dags/example_latest_only.py
[2024-06-24T17:16:19.773+0000] {logging_mixin.py:150} INFO - [2024-06-24T17:16:19.773+0000] {dag.py:2742} INFO - Sync 1 DAGs
[2024-06-24T17:16:19.789+0000] {logging_mixin.py:150} INFO - [2024-06-24T17:16:19.789+0000] {dag.py:3504} INFO - Setting next_dagrun for latest_only to 2024-06-24T13:16:19.789323+00:00, run_after=2024-06-24T17:16:19.789323+00:00
[2024-06-24T17:16:19.846+0000] {processor.py:179} INFO - Processing /usr/local/python/3.10.13/lib/python3.10/site-packages/airflow/example_dags/example_latest_only.py took 0.092 seconds
[2024-06-24T17:17:10.513+0000] {processor.py:157} INFO - Started process (PID=13580) to work on /usr/local/python/3.10.13/lib/python3.10/site-packages/airflow/example_dags/example_latest_only.py
[2024-06-24T17:17:10.513+0000] {processor.py:826} INFO - Processing file /usr/local/python/3.10.13/lib/python3.10/site-packages/airflow/example_dags/example_latest_only.py for tasks to queue
[2024-06-24T17:17:10.514+0000] {logging_mixin.py:150} INFO - [2024-06-24T17:17:10.514+0000] {dagbag.py:541} INFO - Filling up the DagBag from /usr/local/python/3.10.13/lib/python3.10/site-packages/airflow/example_dags/example_latest_only.py
[2024-06-24T17:17:10.520+0000] {processor.py:836} INFO - DAG(s) dict_keys(['latest_only']) retrieved from /usr/local/python/3.10.13/lib/python3.10/site-packages/airflow/example_dags/example_latest_only.py
[2024-06-24T17:17:10.535+0000] {logging_mixin.py:150} INFO - [2024-06-24T17:17:10.535+0000] {dag.py:2742} INFO - Sync 1 DAGs
[2024-06-24T17:17:10.551+0000] {logging_mixin.py:150} INFO - [2024-06-24T17:17:10.551+0000] {dag.py:3504} INFO - Setting next_dagrun for latest_only to 2024-06-24T13:17:10.550866+00:00, run_after=2024-06-24T17:17:10.550866+00:00
[2024-06-24T17:17:10.592+0000] {processor.py:179} INFO - Processing /usr/local/python/3.10.13/lib/python3.10/site-packages/airflow/example_dags/example_latest_only.py took 0.082 seconds
[2024-06-24T17:18:15.811+0000] {processor.py:157} INFO - Started process (PID=14037) to work on /usr/local/python/3.10.13/lib/python3.10/site-packages/airflow/example_dags/example_latest_only.py
[2024-06-24T17:18:15.811+0000] {processor.py:826} INFO - Processing file /usr/local/python/3.10.13/lib/python3.10/site-packages/airflow/example_dags/example_latest_only.py for tasks to queue
[2024-06-24T17:18:15.812+0000] {logging_mixin.py:150} INFO - [2024-06-24T17:18:15.812+0000] {dagbag.py:541} INFO - Filling up the DagBag from /usr/local/python/3.10.13/lib/python3.10/site-packages/airflow/example_dags/example_latest_only.py
[2024-06-24T17:18:15.816+0000] {processor.py:836} INFO - DAG(s) dict_keys(['latest_only']) retrieved from /usr/local/python/3.10.13/lib/python3.10/site-packages/airflow/example_dags/example_latest_only.py
[2024-06-24T17:18:15.829+0000] {logging_mixin.py:150} INFO - [2024-06-24T17:18:15.829+0000] {dag.py:2742} INFO - Sync 1 DAGs
[2024-06-24T17:18:15.844+0000] {logging_mixin.py:150} INFO - [2024-06-24T17:18:15.844+0000] {dag.py:3504} INFO - Setting next_dagrun for latest_only to 2024-06-24T13:18:15.844502+00:00, run_after=2024-06-24T17:18:15.844502+00:00
[2024-06-24T17:18:15.891+0000] {processor.py:179} INFO - Processing /usr/local/python/3.10.13/lib/python3.10/site-packages/airflow/example_dags/example_latest_only.py took 0.083 seconds
[2024-06-24T17:18:59.452+0000] {processor.py:157} INFO - Started process (PID=14359) to work on /usr/local/python/3.10.13/lib/python3.10/site-packages/airflow/example_dags/example_latest_only.py
[2024-06-24T17:18:59.453+0000] {processor.py:826} INFO - Processing file /usr/local/python/3.10.13/lib/python3.10/site-packages/airflow/example_dags/example_latest_only.py for tasks to queue
[2024-06-24T17:18:59.453+0000] {logging_mixin.py:150} INFO - [2024-06-24T17:18:59.453+0000] {dagbag.py:541} INFO - Filling up the DagBag from /usr/local/python/3.10.13/lib/python3.10/site-packages/airflow/example_dags/example_latest_only.py
[2024-06-24T17:18:59.457+0000] {processor.py:836} INFO - DAG(s) dict_keys(['latest_only']) retrieved from /usr/local/python/3.10.13/lib/python3.10/site-packages/airflow/example_dags/example_latest_only.py
[2024-06-24T17:18:59.470+0000] {logging_mixin.py:150} INFO - [2024-06-24T17:18:59.470+0000] {dag.py:2742} INFO - Sync 1 DAGs
[2024-06-24T17:18:59.485+0000] {logging_mixin.py:150} INFO - [2024-06-24T17:18:59.485+0000] {dag.py:3504} INFO - Setting next_dagrun for latest_only to 2024-06-24T13:18:59.485370+00:00, run_after=2024-06-24T17:18:59.485370+00:00
[2024-06-24T17:18:59.525+0000] {processor.py:179} INFO - Processing /usr/local/python/3.10.13/lib/python3.10/site-packages/airflow/example_dags/example_latest_only.py took 0.076 seconds
[2024-06-24T17:19:55.289+0000] {processor.py:157} INFO - Started process (PID=14795) to work on /usr/local/python/3.10.13/lib/python3.10/site-packages/airflow/example_dags/example_latest_only.py
[2024-06-24T17:19:55.290+0000] {processor.py:826} INFO - Processing file /usr/local/python/3.10.13/lib/python3.10/site-packages/airflow/example_dags/example_latest_only.py for tasks to queue
[2024-06-24T17:19:55.291+0000] {logging_mixin.py:150} INFO - [2024-06-24T17:19:55.290+0000] {dagbag.py:541} INFO - Filling up the DagBag from /usr/local/python/3.10.13/lib/python3.10/site-packages/airflow/example_dags/example_latest_only.py
[2024-06-24T17:19:55.295+0000] {processor.py:836} INFO - DAG(s) dict_keys(['latest_only']) retrieved from /usr/local/python/3.10.13/lib/python3.10/site-packages/airflow/example_dags/example_latest_only.py
[2024-06-24T17:19:55.307+0000] {logging_mixin.py:150} INFO - [2024-06-24T17:19:55.306+0000] {dag.py:2742} INFO - Sync 1 DAGs
[2024-06-24T17:19:55.322+0000] {logging_mixin.py:150} INFO - [2024-06-24T17:19:55.322+0000] {dag.py:3504} INFO - Setting next_dagrun for latest_only to 2024-06-24T13:19:55.322060+00:00, run_after=2024-06-24T17:19:55.322060+00:00
[2024-06-24T17:19:55.359+0000] {processor.py:179} INFO - Processing /usr/local/python/3.10.13/lib/python3.10/site-packages/airflow/example_dags/example_latest_only.py took 0.072 seconds
[2024-06-24T17:20:55.402+0000] {processor.py:157} INFO - Started process (PID=15200) to work on /usr/local/python/3.10.13/lib/python3.10/site-packages/airflow/example_dags/example_latest_only.py
[2024-06-24T17:20:55.403+0000] {processor.py:826} INFO - Processing file /usr/local/python/3.10.13/lib/python3.10/site-packages/airflow/example_dags/example_latest_only.py for tasks to queue
[2024-06-24T17:20:55.403+0000] {logging_mixin.py:150} INFO - [2024-06-24T17:20:55.403+0000] {dagbag.py:541} INFO - Filling up the DagBag from /usr/local/python/3.10.13/lib/python3.10/site-packages/airflow/example_dags/example_latest_only.py
[2024-06-24T17:20:55.408+0000] {processor.py:836} INFO - DAG(s) dict_keys(['latest_only']) retrieved from /usr/local/python/3.10.13/lib/python3.10/site-packages/airflow/example_dags/example_latest_only.py
[2024-06-24T17:20:55.419+0000] {logging_mixin.py:150} INFO - [2024-06-24T17:20:55.419+0000] {dag.py:2742} INFO - Sync 1 DAGs
[2024-06-24T17:20:55.435+0000] {logging_mixin.py:150} INFO - [2024-06-24T17:20:55.434+0000] {dag.py:3504} INFO - Setting next_dagrun for latest_only to 2024-06-24T13:20:55.434682+00:00, run_after=2024-06-24T17:20:55.434682+00:00
[2024-06-24T17:20:55.475+0000] {processor.py:179} INFO - Processing /usr/local/python/3.10.13/lib/python3.10/site-packages/airflow/example_dags/example_latest_only.py took 0.075 seconds
[2024-06-24T17:21:49.236+0000] {processor.py:157} INFO - Started process (PID=15581) to work on /usr/local/python/3.10.13/lib/python3.10/site-packages/airflow/example_dags/example_latest_only.py
[2024-06-24T17:21:49.237+0000] {processor.py:826} INFO - Processing file /usr/local/python/3.10.13/lib/python3.10/site-packages/airflow/example_dags/example_latest_only.py for tasks to queue
[2024-06-24T17:21:49.238+0000] {logging_mixin.py:150} INFO - [2024-06-24T17:21:49.237+0000] {dagbag.py:541} INFO - Filling up the DagBag from /usr/local/python/3.10.13/lib/python3.10/site-packages/airflow/example_dags/example_latest_only.py
[2024-06-24T17:21:49.242+0000] {processor.py:836} INFO - DAG(s) dict_keys(['latest_only']) retrieved from /usr/local/python/3.10.13/lib/python3.10/site-packages/airflow/example_dags/example_latest_only.py
[2024-06-24T17:21:49.253+0000] {logging_mixin.py:150} INFO - [2024-06-24T17:21:49.253+0000] {dag.py:2742} INFO - Sync 1 DAGs
[2024-06-24T17:21:49.268+0000] {logging_mixin.py:150} INFO - [2024-06-24T17:21:49.268+0000] {dag.py:3504} INFO - Setting next_dagrun for latest_only to 2024-06-24T13:21:49.268136+00:00, run_after=2024-06-24T17:21:49.268136+00:00
[2024-06-24T17:21:49.312+0000] {processor.py:179} INFO - Processing /usr/local/python/3.10.13/lib/python3.10/site-packages/airflow/example_dags/example_latest_only.py took 0.078 seconds
[2024-06-24T17:22:38.514+0000] {processor.py:157} INFO - Started process (PID=15934) to work on /usr/local/python/3.10.13/lib/python3.10/site-packages/airflow/example_dags/example_latest_only.py
[2024-06-24T17:22:38.515+0000] {processor.py:826} INFO - Processing file /usr/local/python/3.10.13/lib/python3.10/site-packages/airflow/example_dags/example_latest_only.py for tasks to queue
[2024-06-24T17:22:38.516+0000] {logging_mixin.py:150} INFO - [2024-06-24T17:22:38.515+0000] {dagbag.py:541} INFO - Filling up the DagBag from /usr/local/python/3.10.13/lib/python3.10/site-packages/airflow/example_dags/example_latest_only.py
[2024-06-24T17:22:38.520+0000] {processor.py:836} INFO - DAG(s) dict_keys(['latest_only']) retrieved from /usr/local/python/3.10.13/lib/python3.10/site-packages/airflow/example_dags/example_latest_only.py
[2024-06-24T17:22:38.532+0000] {logging_mixin.py:150} INFO - [2024-06-24T17:22:38.531+0000] {dag.py:2742} INFO - Sync 1 DAGs
[2024-06-24T17:22:38.546+0000] {logging_mixin.py:150} INFO - [2024-06-24T17:22:38.546+0000] {dag.py:3504} INFO - Setting next_dagrun for latest_only to 2024-06-24T13:22:38.546488+00:00, run_after=2024-06-24T17:22:38.546488+00:00
[2024-06-24T17:22:38.588+0000] {processor.py:179} INFO - Processing /usr/local/python/3.10.13/lib/python3.10/site-packages/airflow/example_dags/example_latest_only.py took 0.077 seconds
[2024-06-24T17:23:33.315+0000] {processor.py:157} INFO - Started process (PID=16307) to work on /usr/local/python/3.10.13/lib/python3.10/site-packages/airflow/example_dags/example_latest_only.py
[2024-06-24T17:23:33.316+0000] {processor.py:826} INFO - Processing file /usr/local/python/3.10.13/lib/python3.10/site-packages/airflow/example_dags/example_latest_only.py for tasks to queue
[2024-06-24T17:23:33.316+0000] {logging_mixin.py:150} INFO - [2024-06-24T17:23:33.316+0000] {dagbag.py:541} INFO - Filling up the DagBag from /usr/local/python/3.10.13/lib/python3.10/site-packages/airflow/example_dags/example_latest_only.py
[2024-06-24T17:23:33.321+0000] {processor.py:836} INFO - DAG(s) dict_keys(['latest_only']) retrieved from /usr/local/python/3.10.13/lib/python3.10/site-packages/airflow/example_dags/example_latest_only.py
[2024-06-24T17:23:33.331+0000] {logging_mixin.py:150} INFO - [2024-06-24T17:23:33.331+0000] {dag.py:2742} INFO - Sync 1 DAGs
[2024-06-24T17:23:33.346+0000] {logging_mixin.py:150} INFO - [2024-06-24T17:23:33.346+0000] {dag.py:3504} INFO - Setting next_dagrun for latest_only to 2024-06-24T13:23:33.346227+00:00, run_after=2024-06-24T17:23:33.346227+00:00
[2024-06-24T17:23:33.384+0000] {processor.py:179} INFO - Processing /usr/local/python/3.10.13/lib/python3.10/site-packages/airflow/example_dags/example_latest_only.py took 0.071 seconds
[2024-06-24T17:24:22.375+0000] {processor.py:157} INFO - Started process (PID=16653) to work on /usr/local/python/3.10.13/lib/python3.10/site-packages/airflow/example_dags/example_latest_only.py
[2024-06-24T17:24:22.376+0000] {processor.py:826} INFO - Processing file /usr/local/python/3.10.13/lib/python3.10/site-packages/airflow/example_dags/example_latest_only.py for tasks to queue
[2024-06-24T17:24:22.377+0000] {logging_mixin.py:150} INFO - [2024-06-24T17:24:22.376+0000] {dagbag.py:541} INFO - Filling up the DagBag from /usr/local/python/3.10.13/lib/python3.10/site-packages/airflow/example_dags/example_latest_only.py
[2024-06-24T17:24:22.381+0000] {processor.py:836} INFO - DAG(s) dict_keys(['latest_only']) retrieved from /usr/local/python/3.10.13/lib/python3.10/site-packages/airflow/example_dags/example_latest_only.py
[2024-06-24T17:24:22.392+0000] {logging_mixin.py:150} INFO - [2024-06-24T17:24:22.392+0000] {dag.py:2742} INFO - Sync 1 DAGs
[2024-06-24T17:24:22.407+0000] {logging_mixin.py:150} INFO - [2024-06-24T17:24:22.406+0000] {dag.py:3504} INFO - Setting next_dagrun for latest_only to 2024-06-24T13:24:22.406810+00:00, run_after=2024-06-24T17:24:22.406810+00:00
[2024-06-24T17:24:22.444+0000] {processor.py:179} INFO - Processing /usr/local/python/3.10.13/lib/python3.10/site-packages/airflow/example_dags/example_latest_only.py took 0.072 seconds
[2024-06-24T17:25:18.202+0000] {processor.py:157} INFO - Started process (PID=17028) to work on /usr/local/python/3.10.13/lib/python3.10/site-packages/airflow/example_dags/example_latest_only.py
[2024-06-24T17:25:18.202+0000] {processor.py:826} INFO - Processing file /usr/local/python/3.10.13/lib/python3.10/site-packages/airflow/example_dags/example_latest_only.py for tasks to queue
[2024-06-24T17:25:18.203+0000] {logging_mixin.py:150} INFO - [2024-06-24T17:25:18.203+0000] {dagbag.py:541} INFO - Filling up the DagBag from /usr/local/python/3.10.13/lib/python3.10/site-packages/airflow/example_dags/example_latest_only.py
[2024-06-24T17:25:18.207+0000] {processor.py:836} INFO - DAG(s) dict_keys(['latest_only']) retrieved from /usr/local/python/3.10.13/lib/python3.10/site-packages/airflow/example_dags/example_latest_only.py
[2024-06-24T17:25:18.219+0000] {logging_mixin.py:150} INFO - [2024-06-24T17:25:18.219+0000] {dag.py:2742} INFO - Sync 1 DAGs
[2024-06-24T17:25:18.239+0000] {logging_mixin.py:150} INFO - [2024-06-24T17:25:18.239+0000] {dag.py:3504} INFO - Setting next_dagrun for latest_only to 2024-06-24T13:25:18.239352+00:00, run_after=2024-06-24T17:25:18.239352+00:00
[2024-06-24T17:25:18.279+0000] {processor.py:179} INFO - Processing /usr/local/python/3.10.13/lib/python3.10/site-packages/airflow/example_dags/example_latest_only.py took 0.080 seconds
[2024-06-24T17:26:07.884+0000] {processor.py:157} INFO - Started process (PID=17383) to work on /usr/local/python/3.10.13/lib/python3.10/site-packages/airflow/example_dags/example_latest_only.py
[2024-06-24T17:26:07.884+0000] {processor.py:826} INFO - Processing file /usr/local/python/3.10.13/lib/python3.10/site-packages/airflow/example_dags/example_latest_only.py for tasks to queue
[2024-06-24T17:26:07.885+0000] {logging_mixin.py:150} INFO - [2024-06-24T17:26:07.885+0000] {dagbag.py:541} INFO - Filling up the DagBag from /usr/local/python/3.10.13/lib/python3.10/site-packages/airflow/example_dags/example_latest_only.py
[2024-06-24T17:26:07.890+0000] {processor.py:836} INFO - DAG(s) dict_keys(['latest_only']) retrieved from /usr/local/python/3.10.13/lib/python3.10/site-packages/airflow/example_dags/example_latest_only.py
[2024-06-24T17:26:07.901+0000] {logging_mixin.py:150} INFO - [2024-06-24T17:26:07.901+0000] {dag.py:2742} INFO - Sync 1 DAGs
[2024-06-24T17:26:07.917+0000] {logging_mixin.py:150} INFO - [2024-06-24T17:26:07.916+0000] {dag.py:3504} INFO - Setting next_dagrun for latest_only to 2024-06-24T13:26:07.916735+00:00, run_after=2024-06-24T17:26:07.916735+00:00
[2024-06-24T17:26:07.960+0000] {processor.py:179} INFO - Processing /usr/local/python/3.10.13/lib/python3.10/site-packages/airflow/example_dags/example_latest_only.py took 0.079 seconds
[2024-06-24T17:26:55.165+0000] {processor.py:157} INFO - Started process (PID=17723) to work on /usr/local/python/3.10.13/lib/python3.10/site-packages/airflow/example_dags/example_latest_only.py
[2024-06-24T17:26:55.166+0000] {processor.py:826} INFO - Processing file /usr/local/python/3.10.13/lib/python3.10/site-packages/airflow/example_dags/example_latest_only.py for tasks to queue
[2024-06-24T17:26:55.167+0000] {logging_mixin.py:150} INFO - [2024-06-24T17:26:55.166+0000] {dagbag.py:541} INFO - Filling up the DagBag from /usr/local/python/3.10.13/lib/python3.10/site-packages/airflow/example_dags/example_latest_only.py
[2024-06-24T17:26:55.171+0000] {processor.py:836} INFO - DAG(s) dict_keys(['latest_only']) retrieved from /usr/local/python/3.10.13/lib/python3.10/site-packages/airflow/example_dags/example_latest_only.py
[2024-06-24T17:26:55.182+0000] {logging_mixin.py:150} INFO - [2024-06-24T17:26:55.182+0000] {dag.py:2742} INFO - Sync 1 DAGs
[2024-06-24T17:26:55.197+0000] {logging_mixin.py:150} INFO - [2024-06-24T17:26:55.197+0000] {dag.py:3504} INFO - Setting next_dagrun for latest_only to 2024-06-24T13:26:55.196882+00:00, run_after=2024-06-24T17:26:55.196882+00:00
[2024-06-24T17:26:55.244+0000] {processor.py:179} INFO - Processing /usr/local/python/3.10.13/lib/python3.10/site-packages/airflow/example_dags/example_latest_only.py took 0.081 seconds
[2024-06-24T17:27:49.565+0000] {processor.py:157} INFO - Started process (PID=18097) to work on /usr/local/python/3.10.13/lib/python3.10/site-packages/airflow/example_dags/example_latest_only.py
[2024-06-24T17:27:49.566+0000] {processor.py:826} INFO - Processing file /usr/local/python/3.10.13/lib/python3.10/site-packages/airflow/example_dags/example_latest_only.py for tasks to queue
[2024-06-24T17:27:49.566+0000] {logging_mixin.py:150} INFO - [2024-06-24T17:27:49.566+0000] {dagbag.py:541} INFO - Filling up the DagBag from /usr/local/python/3.10.13/lib/python3.10/site-packages/airflow/example_dags/example_latest_only.py
[2024-06-24T17:27:49.571+0000] {processor.py:836} INFO - DAG(s) dict_keys(['latest_only']) retrieved from /usr/local/python/3.10.13/lib/python3.10/site-packages/airflow/example_dags/example_latest_only.py
[2024-06-24T17:27:49.582+0000] {logging_mixin.py:150} INFO - [2024-06-24T17:27:49.582+0000] {dag.py:2742} INFO - Sync 1 DAGs
[2024-06-24T17:27:49.597+0000] {logging_mixin.py:150} INFO - [2024-06-24T17:27:49.597+0000] {dag.py:3504} INFO - Setting next_dagrun for latest_only to 2024-06-24T13:27:49.597415+00:00, run_after=2024-06-24T17:27:49.597415+00:00
[2024-06-24T17:27:49.636+0000] {processor.py:179} INFO - Processing /usr/local/python/3.10.13/lib/python3.10/site-packages/airflow/example_dags/example_latest_only.py took 0.073 seconds
[2024-06-24T17:28:43.855+0000] {processor.py:157} INFO - Started process (PID=18481) to work on /usr/local/python/3.10.13/lib/python3.10/site-packages/airflow/example_dags/example_latest_only.py
[2024-06-24T17:28:43.856+0000] {processor.py:826} INFO - Processing file /usr/local/python/3.10.13/lib/python3.10/site-packages/airflow/example_dags/example_latest_only.py for tasks to queue
[2024-06-24T17:28:43.857+0000] {logging_mixin.py:150} INFO - [2024-06-24T17:28:43.856+0000] {dagbag.py:541} INFO - Filling up the DagBag from /usr/local/python/3.10.13/lib/python3.10/site-packages/airflow/example_dags/example_latest_only.py
[2024-06-24T17:28:43.861+0000] {processor.py:836} INFO - DAG(s) dict_keys(['latest_only']) retrieved from /usr/local/python/3.10.13/lib/python3.10/site-packages/airflow/example_dags/example_latest_only.py
[2024-06-24T17:28:43.873+0000] {logging_mixin.py:150} INFO - [2024-06-24T17:28:43.873+0000] {dag.py:2742} INFO - Sync 1 DAGs
[2024-06-24T17:28:43.888+0000] {logging_mixin.py:150} INFO - [2024-06-24T17:28:43.887+0000] {dag.py:3504} INFO - Setting next_dagrun for latest_only to 2024-06-24T13:28:43.887728+00:00, run_after=2024-06-24T17:28:43.887728+00:00
[2024-06-24T17:28:43.932+0000] {processor.py:179} INFO - Processing /usr/local/python/3.10.13/lib/python3.10/site-packages/airflow/example_dags/example_latest_only.py took 0.079 seconds
[2024-06-24T17:29:36.837+0000] {processor.py:157} INFO - Started process (PID=18844) to work on /usr/local/python/3.10.13/lib/python3.10/site-packages/airflow/example_dags/example_latest_only.py
[2024-06-24T17:29:36.838+0000] {processor.py:826} INFO - Processing file /usr/local/python/3.10.13/lib/python3.10/site-packages/airflow/example_dags/example_latest_only.py for tasks to queue
[2024-06-24T17:29:36.839+0000] {logging_mixin.py:150} INFO - [2024-06-24T17:29:36.838+0000] {dagbag.py:541} INFO - Filling up the DagBag from /usr/local/python/3.10.13/lib/python3.10/site-packages/airflow/example_dags/example_latest_only.py
[2024-06-24T17:29:36.843+0000] {processor.py:836} INFO - DAG(s) dict_keys(['latest_only']) retrieved from /usr/local/python/3.10.13/lib/python3.10/site-packages/airflow/example_dags/example_latest_only.py
[2024-06-24T17:29:36.855+0000] {logging_mixin.py:150} INFO - [2024-06-24T17:29:36.855+0000] {dag.py:2742} INFO - Sync 1 DAGs
[2024-06-24T17:29:36.870+0000] {logging_mixin.py:150} INFO - [2024-06-24T17:29:36.870+0000] {dag.py:3504} INFO - Setting next_dagrun for latest_only to 2024-06-24T13:29:36.869972+00:00, run_after=2024-06-24T17:29:36.869972+00:00
[2024-06-24T17:29:36.907+0000] {processor.py:179} INFO - Processing /usr/local/python/3.10.13/lib/python3.10/site-packages/airflow/example_dags/example_latest_only.py took 0.073 seconds
[2024-06-24T17:30:28.247+0000] {processor.py:157} INFO - Started process (PID=19195) to work on /usr/local/python/3.10.13/lib/python3.10/site-packages/airflow/example_dags/example_latest_only.py
[2024-06-24T17:30:28.248+0000] {processor.py:826} INFO - Processing file /usr/local/python/3.10.13/lib/python3.10/site-packages/airflow/example_dags/example_latest_only.py for tasks to queue
[2024-06-24T17:30:28.248+0000] {logging_mixin.py:150} INFO - [2024-06-24T17:30:28.248+0000] {dagbag.py:541} INFO - Filling up the DagBag from /usr/local/python/3.10.13/lib/python3.10/site-packages/airflow/example_dags/example_latest_only.py
[2024-06-24T17:30:28.253+0000] {processor.py:836} INFO - DAG(s) dict_keys(['latest_only']) retrieved from /usr/local/python/3.10.13/lib/python3.10/site-packages/airflow/example_dags/example_latest_only.py
[2024-06-24T17:30:28.264+0000] {logging_mixin.py:150} INFO - [2024-06-24T17:30:28.264+0000] {dag.py:2742} INFO - Sync 1 DAGs
[2024-06-24T17:30:28.278+0000] {logging_mixin.py:150} INFO - [2024-06-24T17:30:28.278+0000] {dag.py:3504} INFO - Setting next_dagrun for latest_only to 2024-06-24T13:30:28.278639+00:00, run_after=2024-06-24T17:30:28.278639+00:00
[2024-06-24T17:30:28.317+0000] {processor.py:179} INFO - Processing /usr/local/python/3.10.13/lib/python3.10/site-packages/airflow/example_dags/example_latest_only.py took 0.072 seconds
[2024-06-24T17:31:21.681+0000] {processor.py:157} INFO - Started process (PID=19566) to work on /usr/local/python/3.10.13/lib/python3.10/site-packages/airflow/example_dags/example_latest_only.py
[2024-06-24T17:31:21.682+0000] {processor.py:826} INFO - Processing file /usr/local/python/3.10.13/lib/python3.10/site-packages/airflow/example_dags/example_latest_only.py for tasks to queue
[2024-06-24T17:31:21.682+0000] {logging_mixin.py:150} INFO - [2024-06-24T17:31:21.682+0000] {dagbag.py:541} INFO - Filling up the DagBag from /usr/local/python/3.10.13/lib/python3.10/site-packages/airflow/example_dags/example_latest_only.py
[2024-06-24T17:31:21.687+0000] {processor.py:836} INFO - DAG(s) dict_keys(['latest_only']) retrieved from /usr/local/python/3.10.13/lib/python3.10/site-packages/airflow/example_dags/example_latest_only.py
[2024-06-24T17:31:21.698+0000] {logging_mixin.py:150} INFO - [2024-06-24T17:31:21.698+0000] {dag.py:2742} INFO - Sync 1 DAGs
[2024-06-24T17:31:21.713+0000] {logging_mixin.py:150} INFO - [2024-06-24T17:31:21.713+0000] {dag.py:3504} INFO - Setting next_dagrun for latest_only to 2024-06-24T13:31:21.712862+00:00, run_after=2024-06-24T17:31:21.712862+00:00
[2024-06-24T17:31:21.750+0000] {processor.py:179} INFO - Processing /usr/local/python/3.10.13/lib/python3.10/site-packages/airflow/example_dags/example_latest_only.py took 0.072 seconds
