[2024-06-24T15:55:12.086+0000] {processor.py:157} INFO - Started process (PID=13818) to work on /usr/local/python/3.10.13/lib/python3.10/site-packages/airflow/example_dags/example_params_trigger_ui.py
[2024-06-24T15:55:12.087+0000] {processor.py:826} INFO - Processing file /usr/local/python/3.10.13/lib/python3.10/site-packages/airflow/example_dags/example_params_trigger_ui.py for tasks to queue
[2024-06-24T15:55:12.087+0000] {logging_mixin.py:150} INFO - [2024-06-24T15:55:12.087+0000] {dagbag.py:541} INFO - Filling up the DagBag from /usr/local/python/3.10.13/lib/python3.10/site-packages/airflow/example_dags/example_params_trigger_ui.py
[2024-06-24T15:55:12.100+0000] {processor.py:836} INFO - DAG(s) dict_keys(['example_params_trigger_ui']) retrieved from /usr/local/python/3.10.13/lib/python3.10/site-packages/airflow/example_dags/example_params_trigger_ui.py
[2024-06-24T15:55:12.252+0000] {logging_mixin.py:150} INFO - [2024-06-24T15:55:12.252+0000] {manager.py:504} INFO - Created Permission View: can delete on DAG:example_params_trigger_ui
[2024-06-24T15:55:12.290+0000] {logging_mixin.py:150} INFO - [2024-06-24T15:55:12.290+0000] {manager.py:504} INFO - Created Permission View: can read on DAG:example_params_trigger_ui
[2024-06-24T15:55:12.325+0000] {logging_mixin.py:150} INFO - [2024-06-24T15:55:12.325+0000] {manager.py:504} INFO - Created Permission View: can edit on DAG:example_params_trigger_ui
[2024-06-24T15:55:12.335+0000] {logging_mixin.py:150} INFO - [2024-06-24T15:55:12.335+0000] {dag.py:2742} INFO - Sync 1 DAGs
[2024-06-24T15:55:12.342+0000] {logging_mixin.py:150} INFO - [2024-06-24T15:55:12.342+0000] {dag.py:2763} INFO - Creating ORM DAG for example_params_trigger_ui
[2024-06-24T15:55:12.349+0000] {logging_mixin.py:150} INFO - [2024-06-24T15:55:12.349+0000] {dag.py:3504} INFO - Setting next_dagrun for example_params_trigger_ui to None, run_after=None
[2024-06-24T15:55:12.394+0000] {processor.py:179} INFO - Processing /usr/local/python/3.10.13/lib/python3.10/site-packages/airflow/example_dags/example_params_trigger_ui.py took 0.310 seconds
[2024-06-24T15:56:01.838+0000] {processor.py:157} INFO - Started process (PID=14163) to work on /usr/local/python/3.10.13/lib/python3.10/site-packages/airflow/example_dags/example_params_trigger_ui.py
[2024-06-24T15:56:01.838+0000] {processor.py:826} INFO - Processing file /usr/local/python/3.10.13/lib/python3.10/site-packages/airflow/example_dags/example_params_trigger_ui.py for tasks to queue
[2024-06-24T15:56:01.839+0000] {logging_mixin.py:150} INFO - [2024-06-24T15:56:01.839+0000] {dagbag.py:541} INFO - Filling up the DagBag from /usr/local/python/3.10.13/lib/python3.10/site-packages/airflow/example_dags/example_params_trigger_ui.py
[2024-06-24T15:56:01.851+0000] {processor.py:836} INFO - DAG(s) dict_keys(['example_params_trigger_ui']) retrieved from /usr/local/python/3.10.13/lib/python3.10/site-packages/airflow/example_dags/example_params_trigger_ui.py
[2024-06-24T15:56:01.886+0000] {logging_mixin.py:150} INFO - [2024-06-24T15:56:01.886+0000] {dag.py:2742} INFO - Sync 1 DAGs
[2024-06-24T15:56:01.901+0000] {logging_mixin.py:150} INFO - [2024-06-24T15:56:01.901+0000] {dag.py:3504} INFO - Setting next_dagrun for example_params_trigger_ui to None, run_after=None
[2024-06-24T15:56:01.942+0000] {processor.py:179} INFO - Processing /usr/local/python/3.10.13/lib/python3.10/site-packages/airflow/example_dags/example_params_trigger_ui.py took 0.106 seconds
[2024-06-24T16:01:58.712+0000] {processor.py:157} INFO - Started process (PID=16759) to work on /usr/local/python/3.10.13/lib/python3.10/site-packages/airflow/example_dags/example_params_trigger_ui.py
[2024-06-24T16:01:58.713+0000] {processor.py:826} INFO - Processing file /usr/local/python/3.10.13/lib/python3.10/site-packages/airflow/example_dags/example_params_trigger_ui.py for tasks to queue
[2024-06-24T16:01:58.713+0000] {logging_mixin.py:150} INFO - [2024-06-24T16:01:58.713+0000] {dagbag.py:541} INFO - Filling up the DagBag from /usr/local/python/3.10.13/lib/python3.10/site-packages/airflow/example_dags/example_params_trigger_ui.py
[2024-06-24T16:01:58.727+0000] {processor.py:836} INFO - DAG(s) dict_keys(['example_params_trigger_ui']) retrieved from /usr/local/python/3.10.13/lib/python3.10/site-packages/airflow/example_dags/example_params_trigger_ui.py
[2024-06-24T16:01:58.765+0000] {logging_mixin.py:150} INFO - [2024-06-24T16:01:58.765+0000] {dag.py:2742} INFO - Sync 1 DAGs
[2024-06-24T16:01:58.781+0000] {logging_mixin.py:150} INFO - [2024-06-24T16:01:58.781+0000] {dag.py:3504} INFO - Setting next_dagrun for example_params_trigger_ui to None, run_after=None
[2024-06-24T16:01:58.821+0000] {processor.py:179} INFO - Processing /usr/local/python/3.10.13/lib/python3.10/site-packages/airflow/example_dags/example_params_trigger_ui.py took 0.112 seconds
[2024-06-24T16:02:45.596+0000] {processor.py:157} INFO - Started process (PID=17136) to work on /usr/local/python/3.10.13/lib/python3.10/site-packages/airflow/example_dags/example_params_trigger_ui.py
[2024-06-24T16:02:45.597+0000] {processor.py:826} INFO - Processing file /usr/local/python/3.10.13/lib/python3.10/site-packages/airflow/example_dags/example_params_trigger_ui.py for tasks to queue
[2024-06-24T16:02:45.597+0000] {logging_mixin.py:150} INFO - [2024-06-24T16:02:45.597+0000] {dagbag.py:541} INFO - Filling up the DagBag from /usr/local/python/3.10.13/lib/python3.10/site-packages/airflow/example_dags/example_params_trigger_ui.py
[2024-06-24T16:02:45.610+0000] {processor.py:836} INFO - DAG(s) dict_keys(['example_params_trigger_ui']) retrieved from /usr/local/python/3.10.13/lib/python3.10/site-packages/airflow/example_dags/example_params_trigger_ui.py
[2024-06-24T16:02:45.645+0000] {logging_mixin.py:150} INFO - [2024-06-24T16:02:45.644+0000] {dag.py:2742} INFO - Sync 1 DAGs
[2024-06-24T16:02:45.660+0000] {logging_mixin.py:150} INFO - [2024-06-24T16:02:45.660+0000] {dag.py:3504} INFO - Setting next_dagrun for example_params_trigger_ui to None, run_after=None
[2024-06-24T16:02:45.698+0000] {processor.py:179} INFO - Processing /usr/local/python/3.10.13/lib/python3.10/site-packages/airflow/example_dags/example_params_trigger_ui.py took 0.104 seconds
[2024-06-24T16:03:36.042+0000] {processor.py:157} INFO - Started process (PID=17527) to work on /usr/local/python/3.10.13/lib/python3.10/site-packages/airflow/example_dags/example_params_trigger_ui.py
[2024-06-24T16:03:36.043+0000] {processor.py:826} INFO - Processing file /usr/local/python/3.10.13/lib/python3.10/site-packages/airflow/example_dags/example_params_trigger_ui.py for tasks to queue
[2024-06-24T16:03:36.044+0000] {logging_mixin.py:150} INFO - [2024-06-24T16:03:36.043+0000] {dagbag.py:541} INFO - Filling up the DagBag from /usr/local/python/3.10.13/lib/python3.10/site-packages/airflow/example_dags/example_params_trigger_ui.py
[2024-06-24T16:03:36.057+0000] {processor.py:836} INFO - DAG(s) dict_keys(['example_params_trigger_ui']) retrieved from /usr/local/python/3.10.13/lib/python3.10/site-packages/airflow/example_dags/example_params_trigger_ui.py
[2024-06-24T16:03:36.092+0000] {logging_mixin.py:150} INFO - [2024-06-24T16:03:36.092+0000] {dag.py:2742} INFO - Sync 1 DAGs
[2024-06-24T16:03:36.108+0000] {logging_mixin.py:150} INFO - [2024-06-24T16:03:36.107+0000] {dag.py:3504} INFO - Setting next_dagrun for example_params_trigger_ui to None, run_after=None
[2024-06-24T16:03:36.147+0000] {processor.py:179} INFO - Processing /usr/local/python/3.10.13/lib/python3.10/site-packages/airflow/example_dags/example_params_trigger_ui.py took 0.107 seconds
[2024-06-24T16:04:22.342+0000] {processor.py:157} INFO - Started process (PID=17872) to work on /usr/local/python/3.10.13/lib/python3.10/site-packages/airflow/example_dags/example_params_trigger_ui.py
[2024-06-24T16:04:22.343+0000] {processor.py:826} INFO - Processing file /usr/local/python/3.10.13/lib/python3.10/site-packages/airflow/example_dags/example_params_trigger_ui.py for tasks to queue
[2024-06-24T16:04:22.345+0000] {logging_mixin.py:150} INFO - [2024-06-24T16:04:22.345+0000] {dagbag.py:541} INFO - Filling up the DagBag from /usr/local/python/3.10.13/lib/python3.10/site-packages/airflow/example_dags/example_params_trigger_ui.py
[2024-06-24T16:04:22.361+0000] {processor.py:836} INFO - DAG(s) dict_keys(['example_params_trigger_ui']) retrieved from /usr/local/python/3.10.13/lib/python3.10/site-packages/airflow/example_dags/example_params_trigger_ui.py
[2024-06-24T16:04:22.401+0000] {logging_mixin.py:150} INFO - [2024-06-24T16:04:22.401+0000] {dag.py:2742} INFO - Sync 1 DAGs
[2024-06-24T16:04:22.420+0000] {logging_mixin.py:150} INFO - [2024-06-24T16:04:22.420+0000] {dag.py:3504} INFO - Setting next_dagrun for example_params_trigger_ui to None, run_after=None
[2024-06-24T16:04:22.458+0000] {processor.py:179} INFO - Processing /usr/local/python/3.10.13/lib/python3.10/site-packages/airflow/example_dags/example_params_trigger_ui.py took 0.119 seconds
[2024-06-24T16:05:10.591+0000] {processor.py:157} INFO - Started process (PID=18245) to work on /usr/local/python/3.10.13/lib/python3.10/site-packages/airflow/example_dags/example_params_trigger_ui.py
[2024-06-24T16:05:10.591+0000] {processor.py:826} INFO - Processing file /usr/local/python/3.10.13/lib/python3.10/site-packages/airflow/example_dags/example_params_trigger_ui.py for tasks to queue
[2024-06-24T16:05:10.592+0000] {logging_mixin.py:150} INFO - [2024-06-24T16:05:10.592+0000] {dagbag.py:541} INFO - Filling up the DagBag from /usr/local/python/3.10.13/lib/python3.10/site-packages/airflow/example_dags/example_params_trigger_ui.py
[2024-06-24T16:05:10.605+0000] {processor.py:836} INFO - DAG(s) dict_keys(['example_params_trigger_ui']) retrieved from /usr/local/python/3.10.13/lib/python3.10/site-packages/airflow/example_dags/example_params_trigger_ui.py
[2024-06-24T16:05:10.640+0000] {logging_mixin.py:150} INFO - [2024-06-24T16:05:10.640+0000] {dag.py:2742} INFO - Sync 1 DAGs
[2024-06-24T16:05:10.656+0000] {logging_mixin.py:150} INFO - [2024-06-24T16:05:10.656+0000] {dag.py:3504} INFO - Setting next_dagrun for example_params_trigger_ui to None, run_after=None
[2024-06-24T16:05:10.696+0000] {processor.py:179} INFO - Processing /usr/local/python/3.10.13/lib/python3.10/site-packages/airflow/example_dags/example_params_trigger_ui.py took 0.108 seconds
[2024-06-24T16:05:55.874+0000] {processor.py:157} INFO - Started process (PID=18592) to work on /usr/local/python/3.10.13/lib/python3.10/site-packages/airflow/example_dags/example_params_trigger_ui.py
[2024-06-24T16:05:55.875+0000] {processor.py:826} INFO - Processing file /usr/local/python/3.10.13/lib/python3.10/site-packages/airflow/example_dags/example_params_trigger_ui.py for tasks to queue
[2024-06-24T16:05:55.875+0000] {logging_mixin.py:150} INFO - [2024-06-24T16:05:55.875+0000] {dagbag.py:541} INFO - Filling up the DagBag from /usr/local/python/3.10.13/lib/python3.10/site-packages/airflow/example_dags/example_params_trigger_ui.py
[2024-06-24T16:05:55.888+0000] {processor.py:836} INFO - DAG(s) dict_keys(['example_params_trigger_ui']) retrieved from /usr/local/python/3.10.13/lib/python3.10/site-packages/airflow/example_dags/example_params_trigger_ui.py
[2024-06-24T16:05:55.922+0000] {logging_mixin.py:150} INFO - [2024-06-24T16:05:55.922+0000] {dag.py:2742} INFO - Sync 1 DAGs
[2024-06-24T16:05:55.938+0000] {logging_mixin.py:150} INFO - [2024-06-24T16:05:55.938+0000] {dag.py:3504} INFO - Setting next_dagrun for example_params_trigger_ui to None, run_after=None
[2024-06-24T16:05:55.980+0000] {processor.py:179} INFO - Processing /usr/local/python/3.10.13/lib/python3.10/site-packages/airflow/example_dags/example_params_trigger_ui.py took 0.108 seconds
[2024-06-24T16:06:44.795+0000] {processor.py:157} INFO - Started process (PID=18976) to work on /usr/local/python/3.10.13/lib/python3.10/site-packages/airflow/example_dags/example_params_trigger_ui.py
[2024-06-24T16:06:44.796+0000] {processor.py:826} INFO - Processing file /usr/local/python/3.10.13/lib/python3.10/site-packages/airflow/example_dags/example_params_trigger_ui.py for tasks to queue
[2024-06-24T16:06:44.796+0000] {logging_mixin.py:150} INFO - [2024-06-24T16:06:44.796+0000] {dagbag.py:541} INFO - Filling up the DagBag from /usr/local/python/3.10.13/lib/python3.10/site-packages/airflow/example_dags/example_params_trigger_ui.py
[2024-06-24T16:06:44.809+0000] {processor.py:836} INFO - DAG(s) dict_keys(['example_params_trigger_ui']) retrieved from /usr/local/python/3.10.13/lib/python3.10/site-packages/airflow/example_dags/example_params_trigger_ui.py
[2024-06-24T16:06:44.842+0000] {logging_mixin.py:150} INFO - [2024-06-24T16:06:44.842+0000] {dag.py:2742} INFO - Sync 1 DAGs
[2024-06-24T16:06:44.857+0000] {logging_mixin.py:150} INFO - [2024-06-24T16:06:44.857+0000] {dag.py:3504} INFO - Setting next_dagrun for example_params_trigger_ui to None, run_after=None
[2024-06-24T16:06:44.900+0000] {processor.py:179} INFO - Processing /usr/local/python/3.10.13/lib/python3.10/site-packages/airflow/example_dags/example_params_trigger_ui.py took 0.107 seconds
[2024-06-24T16:07:31.723+0000] {processor.py:157} INFO - Started process (PID=19346) to work on /usr/local/python/3.10.13/lib/python3.10/site-packages/airflow/example_dags/example_params_trigger_ui.py
[2024-06-24T16:07:31.724+0000] {processor.py:826} INFO - Processing file /usr/local/python/3.10.13/lib/python3.10/site-packages/airflow/example_dags/example_params_trigger_ui.py for tasks to queue
[2024-06-24T16:07:31.724+0000] {logging_mixin.py:150} INFO - [2024-06-24T16:07:31.724+0000] {dagbag.py:541} INFO - Filling up the DagBag from /usr/local/python/3.10.13/lib/python3.10/site-packages/airflow/example_dags/example_params_trigger_ui.py
[2024-06-24T16:07:31.737+0000] {processor.py:836} INFO - DAG(s) dict_keys(['example_params_trigger_ui']) retrieved from /usr/local/python/3.10.13/lib/python3.10/site-packages/airflow/example_dags/example_params_trigger_ui.py
[2024-06-24T16:07:31.773+0000] {logging_mixin.py:150} INFO - [2024-06-24T16:07:31.773+0000] {dag.py:2742} INFO - Sync 1 DAGs
[2024-06-24T16:07:31.787+0000] {logging_mixin.py:150} INFO - [2024-06-24T16:07:31.787+0000] {dag.py:3504} INFO - Setting next_dagrun for example_params_trigger_ui to None, run_after=None
[2024-06-24T16:07:31.834+0000] {processor.py:179} INFO - Processing /usr/local/python/3.10.13/lib/python3.10/site-packages/airflow/example_dags/example_params_trigger_ui.py took 0.113 seconds
[2024-06-24T16:08:19.622+0000] {processor.py:157} INFO - Started process (PID=19723) to work on /usr/local/python/3.10.13/lib/python3.10/site-packages/airflow/example_dags/example_params_trigger_ui.py
[2024-06-24T16:08:19.622+0000] {processor.py:826} INFO - Processing file /usr/local/python/3.10.13/lib/python3.10/site-packages/airflow/example_dags/example_params_trigger_ui.py for tasks to queue
[2024-06-24T16:08:19.623+0000] {logging_mixin.py:150} INFO - [2024-06-24T16:08:19.623+0000] {dagbag.py:541} INFO - Filling up the DagBag from /usr/local/python/3.10.13/lib/python3.10/site-packages/airflow/example_dags/example_params_trigger_ui.py
[2024-06-24T16:08:19.637+0000] {processor.py:836} INFO - DAG(s) dict_keys(['example_params_trigger_ui']) retrieved from /usr/local/python/3.10.13/lib/python3.10/site-packages/airflow/example_dags/example_params_trigger_ui.py
[2024-06-24T16:08:19.672+0000] {logging_mixin.py:150} INFO - [2024-06-24T16:08:19.672+0000] {dag.py:2742} INFO - Sync 1 DAGs
[2024-06-24T16:08:19.688+0000] {logging_mixin.py:150} INFO - [2024-06-24T16:08:19.688+0000] {dag.py:3504} INFO - Setting next_dagrun for example_params_trigger_ui to None, run_after=None
[2024-06-24T16:08:19.734+0000] {processor.py:179} INFO - Processing /usr/local/python/3.10.13/lib/python3.10/site-packages/airflow/example_dags/example_params_trigger_ui.py took 0.115 seconds
[2024-06-24T16:09:07.527+0000] {processor.py:157} INFO - Started process (PID=20064) to work on /usr/local/python/3.10.13/lib/python3.10/site-packages/airflow/example_dags/example_params_trigger_ui.py
[2024-06-24T16:09:07.528+0000] {processor.py:826} INFO - Processing file /usr/local/python/3.10.13/lib/python3.10/site-packages/airflow/example_dags/example_params_trigger_ui.py for tasks to queue
[2024-06-24T16:09:07.529+0000] {logging_mixin.py:150} INFO - [2024-06-24T16:09:07.528+0000] {dagbag.py:541} INFO - Filling up the DagBag from /usr/local/python/3.10.13/lib/python3.10/site-packages/airflow/example_dags/example_params_trigger_ui.py
[2024-06-24T16:09:07.541+0000] {processor.py:836} INFO - DAG(s) dict_keys(['example_params_trigger_ui']) retrieved from /usr/local/python/3.10.13/lib/python3.10/site-packages/airflow/example_dags/example_params_trigger_ui.py
[2024-06-24T16:09:07.575+0000] {logging_mixin.py:150} INFO - [2024-06-24T16:09:07.575+0000] {dag.py:2742} INFO - Sync 1 DAGs
[2024-06-24T16:09:07.589+0000] {logging_mixin.py:150} INFO - [2024-06-24T16:09:07.589+0000] {dag.py:3504} INFO - Setting next_dagrun for example_params_trigger_ui to None, run_after=None
[2024-06-24T16:09:07.630+0000] {processor.py:179} INFO - Processing /usr/local/python/3.10.13/lib/python3.10/site-packages/airflow/example_dags/example_params_trigger_ui.py took 0.105 seconds
[2024-06-24T16:09:54.751+0000] {processor.py:157} INFO - Started process (PID=20403) to work on /usr/local/python/3.10.13/lib/python3.10/site-packages/airflow/example_dags/example_params_trigger_ui.py
[2024-06-24T16:09:54.752+0000] {processor.py:826} INFO - Processing file /usr/local/python/3.10.13/lib/python3.10/site-packages/airflow/example_dags/example_params_trigger_ui.py for tasks to queue
[2024-06-24T16:09:54.753+0000] {logging_mixin.py:150} INFO - [2024-06-24T16:09:54.752+0000] {dagbag.py:541} INFO - Filling up the DagBag from /usr/local/python/3.10.13/lib/python3.10/site-packages/airflow/example_dags/example_params_trigger_ui.py
[2024-06-24T16:09:54.765+0000] {processor.py:836} INFO - DAG(s) dict_keys(['example_params_trigger_ui']) retrieved from /usr/local/python/3.10.13/lib/python3.10/site-packages/airflow/example_dags/example_params_trigger_ui.py
[2024-06-24T16:09:54.799+0000] {logging_mixin.py:150} INFO - [2024-06-24T16:09:54.799+0000] {dag.py:2742} INFO - Sync 1 DAGs
[2024-06-24T16:09:54.814+0000] {logging_mixin.py:150} INFO - [2024-06-24T16:09:54.814+0000] {dag.py:3504} INFO - Setting next_dagrun for example_params_trigger_ui to None, run_after=None
[2024-06-24T16:09:54.854+0000] {processor.py:179} INFO - Processing /usr/local/python/3.10.13/lib/python3.10/site-packages/airflow/example_dags/example_params_trigger_ui.py took 0.105 seconds
[2024-06-24T16:10:42.973+0000] {processor.py:157} INFO - Started process (PID=20744) to work on /usr/local/python/3.10.13/lib/python3.10/site-packages/airflow/example_dags/example_params_trigger_ui.py
[2024-06-24T16:10:42.973+0000] {processor.py:826} INFO - Processing file /usr/local/python/3.10.13/lib/python3.10/site-packages/airflow/example_dags/example_params_trigger_ui.py for tasks to queue
[2024-06-24T16:10:42.974+0000] {logging_mixin.py:150} INFO - [2024-06-24T16:10:42.974+0000] {dagbag.py:541} INFO - Filling up the DagBag from /usr/local/python/3.10.13/lib/python3.10/site-packages/airflow/example_dags/example_params_trigger_ui.py
[2024-06-24T16:10:42.987+0000] {processor.py:836} INFO - DAG(s) dict_keys(['example_params_trigger_ui']) retrieved from /usr/local/python/3.10.13/lib/python3.10/site-packages/airflow/example_dags/example_params_trigger_ui.py
[2024-06-24T16:10:43.020+0000] {logging_mixin.py:150} INFO - [2024-06-24T16:10:43.020+0000] {dag.py:2742} INFO - Sync 1 DAGs
[2024-06-24T16:10:43.035+0000] {logging_mixin.py:150} INFO - [2024-06-24T16:10:43.035+0000] {dag.py:3504} INFO - Setting next_dagrun for example_params_trigger_ui to None, run_after=None
[2024-06-24T16:10:43.076+0000] {processor.py:179} INFO - Processing /usr/local/python/3.10.13/lib/python3.10/site-packages/airflow/example_dags/example_params_trigger_ui.py took 0.106 seconds
[2024-06-24T16:11:30.519+0000] {processor.py:157} INFO - Started process (PID=21062) to work on /usr/local/python/3.10.13/lib/python3.10/site-packages/airflow/example_dags/example_params_trigger_ui.py
[2024-06-24T16:11:30.520+0000] {processor.py:826} INFO - Processing file /usr/local/python/3.10.13/lib/python3.10/site-packages/airflow/example_dags/example_params_trigger_ui.py for tasks to queue
[2024-06-24T16:11:30.520+0000] {logging_mixin.py:150} INFO - [2024-06-24T16:11:30.520+0000] {dagbag.py:541} INFO - Filling up the DagBag from /usr/local/python/3.10.13/lib/python3.10/site-packages/airflow/example_dags/example_params_trigger_ui.py
[2024-06-24T16:11:30.534+0000] {processor.py:836} INFO - DAG(s) dict_keys(['example_params_trigger_ui']) retrieved from /usr/local/python/3.10.13/lib/python3.10/site-packages/airflow/example_dags/example_params_trigger_ui.py
[2024-06-24T16:11:30.571+0000] {logging_mixin.py:150} INFO - [2024-06-24T16:11:30.571+0000] {dag.py:2742} INFO - Sync 1 DAGs
[2024-06-24T16:11:30.586+0000] {logging_mixin.py:150} INFO - [2024-06-24T16:11:30.586+0000] {dag.py:3504} INFO - Setting next_dagrun for example_params_trigger_ui to None, run_after=None
[2024-06-24T16:11:30.625+0000] {processor.py:179} INFO - Processing /usr/local/python/3.10.13/lib/python3.10/site-packages/airflow/example_dags/example_params_trigger_ui.py took 0.108 seconds
[2024-06-24T16:12:19.086+0000] {processor.py:157} INFO - Started process (PID=21402) to work on /usr/local/python/3.10.13/lib/python3.10/site-packages/airflow/example_dags/example_params_trigger_ui.py
[2024-06-24T16:12:19.086+0000] {processor.py:826} INFO - Processing file /usr/local/python/3.10.13/lib/python3.10/site-packages/airflow/example_dags/example_params_trigger_ui.py for tasks to queue
[2024-06-24T16:12:19.087+0000] {logging_mixin.py:150} INFO - [2024-06-24T16:12:19.087+0000] {dagbag.py:541} INFO - Filling up the DagBag from /usr/local/python/3.10.13/lib/python3.10/site-packages/airflow/example_dags/example_params_trigger_ui.py
[2024-06-24T16:12:19.100+0000] {processor.py:836} INFO - DAG(s) dict_keys(['example_params_trigger_ui']) retrieved from /usr/local/python/3.10.13/lib/python3.10/site-packages/airflow/example_dags/example_params_trigger_ui.py
[2024-06-24T16:12:19.134+0000] {logging_mixin.py:150} INFO - [2024-06-24T16:12:19.134+0000] {dag.py:2742} INFO - Sync 1 DAGs
[2024-06-24T16:12:19.151+0000] {logging_mixin.py:150} INFO - [2024-06-24T16:12:19.150+0000] {dag.py:3504} INFO - Setting next_dagrun for example_params_trigger_ui to None, run_after=None
[2024-06-24T16:12:19.195+0000] {processor.py:179} INFO - Processing /usr/local/python/3.10.13/lib/python3.10/site-packages/airflow/example_dags/example_params_trigger_ui.py took 0.111 seconds
[2024-06-24T16:13:07.534+0000] {processor.py:157} INFO - Started process (PID=21745) to work on /usr/local/python/3.10.13/lib/python3.10/site-packages/airflow/example_dags/example_params_trigger_ui.py
[2024-06-24T16:13:07.535+0000] {processor.py:826} INFO - Processing file /usr/local/python/3.10.13/lib/python3.10/site-packages/airflow/example_dags/example_params_trigger_ui.py for tasks to queue
[2024-06-24T16:13:07.535+0000] {logging_mixin.py:150} INFO - [2024-06-24T16:13:07.535+0000] {dagbag.py:541} INFO - Filling up the DagBag from /usr/local/python/3.10.13/lib/python3.10/site-packages/airflow/example_dags/example_params_trigger_ui.py
[2024-06-24T16:13:07.548+0000] {processor.py:836} INFO - DAG(s) dict_keys(['example_params_trigger_ui']) retrieved from /usr/local/python/3.10.13/lib/python3.10/site-packages/airflow/example_dags/example_params_trigger_ui.py
[2024-06-24T16:13:07.583+0000] {logging_mixin.py:150} INFO - [2024-06-24T16:13:07.583+0000] {dag.py:2742} INFO - Sync 1 DAGs
[2024-06-24T16:13:07.599+0000] {logging_mixin.py:150} INFO - [2024-06-24T16:13:07.599+0000] {dag.py:3504} INFO - Setting next_dagrun for example_params_trigger_ui to None, run_after=None
[2024-06-24T16:13:07.642+0000] {processor.py:179} INFO - Processing /usr/local/python/3.10.13/lib/python3.10/site-packages/airflow/example_dags/example_params_trigger_ui.py took 0.110 seconds
[2024-06-24T16:13:55.507+0000] {processor.py:157} INFO - Started process (PID=22073) to work on /usr/local/python/3.10.13/lib/python3.10/site-packages/airflow/example_dags/example_params_trigger_ui.py
[2024-06-24T16:13:55.508+0000] {processor.py:826} INFO - Processing file /usr/local/python/3.10.13/lib/python3.10/site-packages/airflow/example_dags/example_params_trigger_ui.py for tasks to queue
[2024-06-24T16:13:55.509+0000] {logging_mixin.py:150} INFO - [2024-06-24T16:13:55.508+0000] {dagbag.py:541} INFO - Filling up the DagBag from /usr/local/python/3.10.13/lib/python3.10/site-packages/airflow/example_dags/example_params_trigger_ui.py
[2024-06-24T16:13:55.521+0000] {processor.py:836} INFO - DAG(s) dict_keys(['example_params_trigger_ui']) retrieved from /usr/local/python/3.10.13/lib/python3.10/site-packages/airflow/example_dags/example_params_trigger_ui.py
[2024-06-24T16:13:55.565+0000] {logging_mixin.py:150} INFO - [2024-06-24T16:13:55.565+0000] {dag.py:2742} INFO - Sync 1 DAGs
[2024-06-24T16:13:55.589+0000] {logging_mixin.py:150} INFO - [2024-06-24T16:13:55.589+0000] {dag.py:3504} INFO - Setting next_dagrun for example_params_trigger_ui to None, run_after=None
[2024-06-24T16:13:55.647+0000] {processor.py:179} INFO - Processing /usr/local/python/3.10.13/lib/python3.10/site-packages/airflow/example_dags/example_params_trigger_ui.py took 0.142 seconds
[2024-06-24T16:14:42.254+0000] {processor.py:157} INFO - Started process (PID=22389) to work on /usr/local/python/3.10.13/lib/python3.10/site-packages/airflow/example_dags/example_params_trigger_ui.py
[2024-06-24T16:14:42.254+0000] {processor.py:826} INFO - Processing file /usr/local/python/3.10.13/lib/python3.10/site-packages/airflow/example_dags/example_params_trigger_ui.py for tasks to queue
[2024-06-24T16:14:42.255+0000] {logging_mixin.py:150} INFO - [2024-06-24T16:14:42.255+0000] {dagbag.py:541} INFO - Filling up the DagBag from /usr/local/python/3.10.13/lib/python3.10/site-packages/airflow/example_dags/example_params_trigger_ui.py
[2024-06-24T16:14:42.268+0000] {processor.py:836} INFO - DAG(s) dict_keys(['example_params_trigger_ui']) retrieved from /usr/local/python/3.10.13/lib/python3.10/site-packages/airflow/example_dags/example_params_trigger_ui.py
[2024-06-24T16:14:42.301+0000] {logging_mixin.py:150} INFO - [2024-06-24T16:14:42.301+0000] {dag.py:2742} INFO - Sync 1 DAGs
[2024-06-24T16:14:42.316+0000] {logging_mixin.py:150} INFO - [2024-06-24T16:14:42.316+0000] {dag.py:3504} INFO - Setting next_dagrun for example_params_trigger_ui to None, run_after=None
[2024-06-24T16:14:42.357+0000] {processor.py:179} INFO - Processing /usr/local/python/3.10.13/lib/python3.10/site-packages/airflow/example_dags/example_params_trigger_ui.py took 0.106 seconds
[2024-06-24T16:15:26.382+0000] {processor.py:157} INFO - Started process (PID=22690) to work on /usr/local/python/3.10.13/lib/python3.10/site-packages/airflow/example_dags/example_params_trigger_ui.py
[2024-06-24T16:15:26.383+0000] {processor.py:826} INFO - Processing file /usr/local/python/3.10.13/lib/python3.10/site-packages/airflow/example_dags/example_params_trigger_ui.py for tasks to queue
[2024-06-24T16:15:26.384+0000] {logging_mixin.py:150} INFO - [2024-06-24T16:15:26.383+0000] {dagbag.py:541} INFO - Filling up the DagBag from /usr/local/python/3.10.13/lib/python3.10/site-packages/airflow/example_dags/example_params_trigger_ui.py
[2024-06-24T16:15:26.398+0000] {processor.py:836} INFO - DAG(s) dict_keys(['example_params_trigger_ui']) retrieved from /usr/local/python/3.10.13/lib/python3.10/site-packages/airflow/example_dags/example_params_trigger_ui.py
[2024-06-24T16:15:26.454+0000] {logging_mixin.py:150} INFO - [2024-06-24T16:15:26.454+0000] {dag.py:2742} INFO - Sync 1 DAGs
[2024-06-24T16:15:26.471+0000] {logging_mixin.py:150} INFO - [2024-06-24T16:15:26.471+0000] {dag.py:3504} INFO - Setting next_dagrun for example_params_trigger_ui to None, run_after=None
[2024-06-24T16:15:26.525+0000] {processor.py:179} INFO - Processing /usr/local/python/3.10.13/lib/python3.10/site-packages/airflow/example_dags/example_params_trigger_ui.py took 0.145 seconds
[2024-06-24T16:16:09.846+0000] {processor.py:157} INFO - Started process (PID=23004) to work on /usr/local/python/3.10.13/lib/python3.10/site-packages/airflow/example_dags/example_params_trigger_ui.py
[2024-06-24T16:16:09.846+0000] {processor.py:826} INFO - Processing file /usr/local/python/3.10.13/lib/python3.10/site-packages/airflow/example_dags/example_params_trigger_ui.py for tasks to queue
[2024-06-24T16:16:09.847+0000] {logging_mixin.py:150} INFO - [2024-06-24T16:16:09.847+0000] {dagbag.py:541} INFO - Filling up the DagBag from /usr/local/python/3.10.13/lib/python3.10/site-packages/airflow/example_dags/example_params_trigger_ui.py
[2024-06-24T16:16:09.860+0000] {processor.py:836} INFO - DAG(s) dict_keys(['example_params_trigger_ui']) retrieved from /usr/local/python/3.10.13/lib/python3.10/site-packages/airflow/example_dags/example_params_trigger_ui.py
[2024-06-24T16:16:09.895+0000] {logging_mixin.py:150} INFO - [2024-06-24T16:16:09.895+0000] {dag.py:2742} INFO - Sync 1 DAGs
[2024-06-24T16:16:09.910+0000] {logging_mixin.py:150} INFO - [2024-06-24T16:16:09.910+0000] {dag.py:3504} INFO - Setting next_dagrun for example_params_trigger_ui to None, run_after=None
[2024-06-24T16:16:09.951+0000] {processor.py:179} INFO - Processing /usr/local/python/3.10.13/lib/python3.10/site-packages/airflow/example_dags/example_params_trigger_ui.py took 0.108 seconds
[2024-06-24T16:16:55.510+0000] {processor.py:157} INFO - Started process (PID=23314) to work on /usr/local/python/3.10.13/lib/python3.10/site-packages/airflow/example_dags/example_params_trigger_ui.py
[2024-06-24T16:16:55.511+0000] {processor.py:826} INFO - Processing file /usr/local/python/3.10.13/lib/python3.10/site-packages/airflow/example_dags/example_params_trigger_ui.py for tasks to queue
[2024-06-24T16:16:55.512+0000] {logging_mixin.py:150} INFO - [2024-06-24T16:16:55.512+0000] {dagbag.py:541} INFO - Filling up the DagBag from /usr/local/python/3.10.13/lib/python3.10/site-packages/airflow/example_dags/example_params_trigger_ui.py
[2024-06-24T16:16:55.531+0000] {processor.py:836} INFO - DAG(s) dict_keys(['example_params_trigger_ui']) retrieved from /usr/local/python/3.10.13/lib/python3.10/site-packages/airflow/example_dags/example_params_trigger_ui.py
[2024-06-24T16:16:55.588+0000] {logging_mixin.py:150} INFO - [2024-06-24T16:16:55.588+0000] {dag.py:2742} INFO - Sync 1 DAGs
[2024-06-24T16:16:55.609+0000] {logging_mixin.py:150} INFO - [2024-06-24T16:16:55.609+0000] {dag.py:3504} INFO - Setting next_dagrun for example_params_trigger_ui to None, run_after=None
[2024-06-24T16:16:55.653+0000] {processor.py:179} INFO - Processing /usr/local/python/3.10.13/lib/python3.10/site-packages/airflow/example_dags/example_params_trigger_ui.py took 0.146 seconds
[2024-06-24T16:17:41.430+0000] {processor.py:157} INFO - Started process (PID=23640) to work on /usr/local/python/3.10.13/lib/python3.10/site-packages/airflow/example_dags/example_params_trigger_ui.py
[2024-06-24T16:17:41.431+0000] {processor.py:826} INFO - Processing file /usr/local/python/3.10.13/lib/python3.10/site-packages/airflow/example_dags/example_params_trigger_ui.py for tasks to queue
[2024-06-24T16:17:41.432+0000] {logging_mixin.py:150} INFO - [2024-06-24T16:17:41.431+0000] {dagbag.py:541} INFO - Filling up the DagBag from /usr/local/python/3.10.13/lib/python3.10/site-packages/airflow/example_dags/example_params_trigger_ui.py
[2024-06-24T16:17:41.444+0000] {processor.py:836} INFO - DAG(s) dict_keys(['example_params_trigger_ui']) retrieved from /usr/local/python/3.10.13/lib/python3.10/site-packages/airflow/example_dags/example_params_trigger_ui.py
[2024-06-24T16:17:41.478+0000] {logging_mixin.py:150} INFO - [2024-06-24T16:17:41.478+0000] {dag.py:2742} INFO - Sync 1 DAGs
[2024-06-24T16:17:41.493+0000] {logging_mixin.py:150} INFO - [2024-06-24T16:17:41.493+0000] {dag.py:3504} INFO - Setting next_dagrun for example_params_trigger_ui to None, run_after=None
[2024-06-24T16:17:41.532+0000] {processor.py:179} INFO - Processing /usr/local/python/3.10.13/lib/python3.10/site-packages/airflow/example_dags/example_params_trigger_ui.py took 0.103 seconds
[2024-06-24T16:18:28.498+0000] {processor.py:157} INFO - Started process (PID=23955) to work on /usr/local/python/3.10.13/lib/python3.10/site-packages/airflow/example_dags/example_params_trigger_ui.py
[2024-06-24T16:18:28.499+0000] {processor.py:826} INFO - Processing file /usr/local/python/3.10.13/lib/python3.10/site-packages/airflow/example_dags/example_params_trigger_ui.py for tasks to queue
[2024-06-24T16:18:28.500+0000] {logging_mixin.py:150} INFO - [2024-06-24T16:18:28.499+0000] {dagbag.py:541} INFO - Filling up the DagBag from /usr/local/python/3.10.13/lib/python3.10/site-packages/airflow/example_dags/example_params_trigger_ui.py
[2024-06-24T16:18:28.513+0000] {processor.py:836} INFO - DAG(s) dict_keys(['example_params_trigger_ui']) retrieved from /usr/local/python/3.10.13/lib/python3.10/site-packages/airflow/example_dags/example_params_trigger_ui.py
[2024-06-24T16:18:28.547+0000] {logging_mixin.py:150} INFO - [2024-06-24T16:18:28.547+0000] {dag.py:2742} INFO - Sync 1 DAGs
[2024-06-24T16:18:28.563+0000] {logging_mixin.py:150} INFO - [2024-06-24T16:18:28.563+0000] {dag.py:3504} INFO - Setting next_dagrun for example_params_trigger_ui to None, run_after=None
[2024-06-24T16:18:28.604+0000] {processor.py:179} INFO - Processing /usr/local/python/3.10.13/lib/python3.10/site-packages/airflow/example_dags/example_params_trigger_ui.py took 0.108 seconds
[2024-06-24T16:19:12.723+0000] {processor.py:157} INFO - Started process (PID=24275) to work on /usr/local/python/3.10.13/lib/python3.10/site-packages/airflow/example_dags/example_params_trigger_ui.py
[2024-06-24T16:19:12.724+0000] {processor.py:826} INFO - Processing file /usr/local/python/3.10.13/lib/python3.10/site-packages/airflow/example_dags/example_params_trigger_ui.py for tasks to queue
[2024-06-24T16:19:12.725+0000] {logging_mixin.py:150} INFO - [2024-06-24T16:19:12.725+0000] {dagbag.py:541} INFO - Filling up the DagBag from /usr/local/python/3.10.13/lib/python3.10/site-packages/airflow/example_dags/example_params_trigger_ui.py
[2024-06-24T16:19:12.738+0000] {processor.py:836} INFO - DAG(s) dict_keys(['example_params_trigger_ui']) retrieved from /usr/local/python/3.10.13/lib/python3.10/site-packages/airflow/example_dags/example_params_trigger_ui.py
[2024-06-24T16:19:12.773+0000] {logging_mixin.py:150} INFO - [2024-06-24T16:19:12.772+0000] {dag.py:2742} INFO - Sync 1 DAGs
[2024-06-24T16:19:12.788+0000] {logging_mixin.py:150} INFO - [2024-06-24T16:19:12.788+0000] {dag.py:3504} INFO - Setting next_dagrun for example_params_trigger_ui to None, run_after=None
[2024-06-24T16:19:12.841+0000] {processor.py:179} INFO - Processing /usr/local/python/3.10.13/lib/python3.10/site-packages/airflow/example_dags/example_params_trigger_ui.py took 0.120 seconds
[2024-06-24T16:20:01.562+0000] {processor.py:157} INFO - Started process (PID=24616) to work on /usr/local/python/3.10.13/lib/python3.10/site-packages/airflow/example_dags/example_params_trigger_ui.py
[2024-06-24T16:20:01.563+0000] {processor.py:826} INFO - Processing file /usr/local/python/3.10.13/lib/python3.10/site-packages/airflow/example_dags/example_params_trigger_ui.py for tasks to queue
[2024-06-24T16:20:01.563+0000] {logging_mixin.py:150} INFO - [2024-06-24T16:20:01.563+0000] {dagbag.py:541} INFO - Filling up the DagBag from /usr/local/python/3.10.13/lib/python3.10/site-packages/airflow/example_dags/example_params_trigger_ui.py
[2024-06-24T16:20:01.576+0000] {processor.py:836} INFO - DAG(s) dict_keys(['example_params_trigger_ui']) retrieved from /usr/local/python/3.10.13/lib/python3.10/site-packages/airflow/example_dags/example_params_trigger_ui.py
[2024-06-24T16:20:01.611+0000] {logging_mixin.py:150} INFO - [2024-06-24T16:20:01.610+0000] {dag.py:2742} INFO - Sync 1 DAGs
[2024-06-24T16:20:01.626+0000] {logging_mixin.py:150} INFO - [2024-06-24T16:20:01.626+0000] {dag.py:3504} INFO - Setting next_dagrun for example_params_trigger_ui to None, run_after=None
[2024-06-24T16:20:01.666+0000] {processor.py:179} INFO - Processing /usr/local/python/3.10.13/lib/python3.10/site-packages/airflow/example_dags/example_params_trigger_ui.py took 0.106 seconds
[2024-06-24T16:20:46.618+0000] {processor.py:157} INFO - Started process (PID=24918) to work on /usr/local/python/3.10.13/lib/python3.10/site-packages/airflow/example_dags/example_params_trigger_ui.py
[2024-06-24T16:20:46.619+0000] {processor.py:826} INFO - Processing file /usr/local/python/3.10.13/lib/python3.10/site-packages/airflow/example_dags/example_params_trigger_ui.py for tasks to queue
[2024-06-24T16:20:46.619+0000] {logging_mixin.py:150} INFO - [2024-06-24T16:20:46.619+0000] {dagbag.py:541} INFO - Filling up the DagBag from /usr/local/python/3.10.13/lib/python3.10/site-packages/airflow/example_dags/example_params_trigger_ui.py
[2024-06-24T16:20:46.632+0000] {processor.py:836} INFO - DAG(s) dict_keys(['example_params_trigger_ui']) retrieved from /usr/local/python/3.10.13/lib/python3.10/site-packages/airflow/example_dags/example_params_trigger_ui.py
[2024-06-24T16:20:46.668+0000] {logging_mixin.py:150} INFO - [2024-06-24T16:20:46.667+0000] {dag.py:2742} INFO - Sync 1 DAGs
[2024-06-24T16:20:46.685+0000] {logging_mixin.py:150} INFO - [2024-06-24T16:20:46.684+0000] {dag.py:3504} INFO - Setting next_dagrun for example_params_trigger_ui to None, run_after=None
[2024-06-24T16:20:46.731+0000] {processor.py:179} INFO - Processing /usr/local/python/3.10.13/lib/python3.10/site-packages/airflow/example_dags/example_params_trigger_ui.py took 0.115 seconds
[2024-06-24T16:21:34.617+0000] {processor.py:157} INFO - Started process (PID=25254) to work on /usr/local/python/3.10.13/lib/python3.10/site-packages/airflow/example_dags/example_params_trigger_ui.py
[2024-06-24T16:21:34.618+0000] {processor.py:826} INFO - Processing file /usr/local/python/3.10.13/lib/python3.10/site-packages/airflow/example_dags/example_params_trigger_ui.py for tasks to queue
[2024-06-24T16:21:34.619+0000] {logging_mixin.py:150} INFO - [2024-06-24T16:21:34.618+0000] {dagbag.py:541} INFO - Filling up the DagBag from /usr/local/python/3.10.13/lib/python3.10/site-packages/airflow/example_dags/example_params_trigger_ui.py
[2024-06-24T16:21:34.632+0000] {processor.py:836} INFO - DAG(s) dict_keys(['example_params_trigger_ui']) retrieved from /usr/local/python/3.10.13/lib/python3.10/site-packages/airflow/example_dags/example_params_trigger_ui.py
[2024-06-24T16:21:34.667+0000] {logging_mixin.py:150} INFO - [2024-06-24T16:21:34.666+0000] {dag.py:2742} INFO - Sync 1 DAGs
[2024-06-24T16:21:34.681+0000] {logging_mixin.py:150} INFO - [2024-06-24T16:21:34.681+0000] {dag.py:3504} INFO - Setting next_dagrun for example_params_trigger_ui to None, run_after=None
[2024-06-24T16:21:34.725+0000] {processor.py:179} INFO - Processing /usr/local/python/3.10.13/lib/python3.10/site-packages/airflow/example_dags/example_params_trigger_ui.py took 0.110 seconds
[2024-06-24T16:22:24.373+0000] {processor.py:157} INFO - Started process (PID=25606) to work on /usr/local/python/3.10.13/lib/python3.10/site-packages/airflow/example_dags/example_params_trigger_ui.py
[2024-06-24T16:22:24.373+0000] {processor.py:826} INFO - Processing file /usr/local/python/3.10.13/lib/python3.10/site-packages/airflow/example_dags/example_params_trigger_ui.py for tasks to queue
[2024-06-24T16:22:24.374+0000] {logging_mixin.py:150} INFO - [2024-06-24T16:22:24.374+0000] {dagbag.py:541} INFO - Filling up the DagBag from /usr/local/python/3.10.13/lib/python3.10/site-packages/airflow/example_dags/example_params_trigger_ui.py
[2024-06-24T16:22:24.387+0000] {processor.py:836} INFO - DAG(s) dict_keys(['example_params_trigger_ui']) retrieved from /usr/local/python/3.10.13/lib/python3.10/site-packages/airflow/example_dags/example_params_trigger_ui.py
[2024-06-24T16:22:24.437+0000] {logging_mixin.py:150} INFO - [2024-06-24T16:22:24.437+0000] {dag.py:2742} INFO - Sync 1 DAGs
[2024-06-24T16:22:24.462+0000] {logging_mixin.py:150} INFO - [2024-06-24T16:22:24.462+0000] {dag.py:3504} INFO - Setting next_dagrun for example_params_trigger_ui to None, run_after=None
[2024-06-24T16:22:24.516+0000] {processor.py:179} INFO - Processing /usr/local/python/3.10.13/lib/python3.10/site-packages/airflow/example_dags/example_params_trigger_ui.py took 0.146 seconds
[2024-06-24T16:23:09.876+0000] {processor.py:157} INFO - Started process (PID=25915) to work on /usr/local/python/3.10.13/lib/python3.10/site-packages/airflow/example_dags/example_params_trigger_ui.py
[2024-06-24T16:23:09.877+0000] {processor.py:826} INFO - Processing file /usr/local/python/3.10.13/lib/python3.10/site-packages/airflow/example_dags/example_params_trigger_ui.py for tasks to queue
[2024-06-24T16:23:09.878+0000] {logging_mixin.py:150} INFO - [2024-06-24T16:23:09.877+0000] {dagbag.py:541} INFO - Filling up the DagBag from /usr/local/python/3.10.13/lib/python3.10/site-packages/airflow/example_dags/example_params_trigger_ui.py
[2024-06-24T16:23:09.890+0000] {processor.py:836} INFO - DAG(s) dict_keys(['example_params_trigger_ui']) retrieved from /usr/local/python/3.10.13/lib/python3.10/site-packages/airflow/example_dags/example_params_trigger_ui.py
[2024-06-24T16:23:09.924+0000] {logging_mixin.py:150} INFO - [2024-06-24T16:23:09.924+0000] {dag.py:2742} INFO - Sync 1 DAGs
[2024-06-24T16:23:09.939+0000] {logging_mixin.py:150} INFO - [2024-06-24T16:23:09.939+0000] {dag.py:3504} INFO - Setting next_dagrun for example_params_trigger_ui to None, run_after=None
[2024-06-24T16:23:09.981+0000] {processor.py:179} INFO - Processing /usr/local/python/3.10.13/lib/python3.10/site-packages/airflow/example_dags/example_params_trigger_ui.py took 0.107 seconds
[2024-06-24T16:23:53.271+0000] {processor.py:157} INFO - Started process (PID=26210) to work on /usr/local/python/3.10.13/lib/python3.10/site-packages/airflow/example_dags/example_params_trigger_ui.py
[2024-06-24T16:23:53.272+0000] {processor.py:826} INFO - Processing file /usr/local/python/3.10.13/lib/python3.10/site-packages/airflow/example_dags/example_params_trigger_ui.py for tasks to queue
[2024-06-24T16:23:53.273+0000] {logging_mixin.py:150} INFO - [2024-06-24T16:23:53.272+0000] {dagbag.py:541} INFO - Filling up the DagBag from /usr/local/python/3.10.13/lib/python3.10/site-packages/airflow/example_dags/example_params_trigger_ui.py
[2024-06-24T16:23:53.287+0000] {processor.py:836} INFO - DAG(s) dict_keys(['example_params_trigger_ui']) retrieved from /usr/local/python/3.10.13/lib/python3.10/site-packages/airflow/example_dags/example_params_trigger_ui.py
[2024-06-24T16:23:53.324+0000] {logging_mixin.py:150} INFO - [2024-06-24T16:23:53.324+0000] {dag.py:2742} INFO - Sync 1 DAGs
[2024-06-24T16:23:53.339+0000] {logging_mixin.py:150} INFO - [2024-06-24T16:23:53.339+0000] {dag.py:3504} INFO - Setting next_dagrun for example_params_trigger_ui to None, run_after=None
[2024-06-24T16:23:53.378+0000] {processor.py:179} INFO - Processing /usr/local/python/3.10.13/lib/python3.10/site-packages/airflow/example_dags/example_params_trigger_ui.py took 0.108 seconds
[2024-06-24T16:24:37.737+0000] {processor.py:157} INFO - Started process (PID=26532) to work on /usr/local/python/3.10.13/lib/python3.10/site-packages/airflow/example_dags/example_params_trigger_ui.py
[2024-06-24T16:24:37.738+0000] {processor.py:826} INFO - Processing file /usr/local/python/3.10.13/lib/python3.10/site-packages/airflow/example_dags/example_params_trigger_ui.py for tasks to queue
[2024-06-24T16:24:37.739+0000] {logging_mixin.py:150} INFO - [2024-06-24T16:24:37.738+0000] {dagbag.py:541} INFO - Filling up the DagBag from /usr/local/python/3.10.13/lib/python3.10/site-packages/airflow/example_dags/example_params_trigger_ui.py
[2024-06-24T16:24:37.752+0000] {processor.py:836} INFO - DAG(s) dict_keys(['example_params_trigger_ui']) retrieved from /usr/local/python/3.10.13/lib/python3.10/site-packages/airflow/example_dags/example_params_trigger_ui.py
[2024-06-24T16:24:37.786+0000] {logging_mixin.py:150} INFO - [2024-06-24T16:24:37.786+0000] {dag.py:2742} INFO - Sync 1 DAGs
[2024-06-24T16:24:37.802+0000] {logging_mixin.py:150} INFO - [2024-06-24T16:24:37.801+0000] {dag.py:3504} INFO - Setting next_dagrun for example_params_trigger_ui to None, run_after=None
[2024-06-24T16:24:37.846+0000] {processor.py:179} INFO - Processing /usr/local/python/3.10.13/lib/python3.10/site-packages/airflow/example_dags/example_params_trigger_ui.py took 0.111 seconds
[2024-06-24T16:25:29.851+0000] {processor.py:157} INFO - Started process (PID=26889) to work on /usr/local/python/3.10.13/lib/python3.10/site-packages/airflow/example_dags/example_params_trigger_ui.py
[2024-06-24T16:25:29.852+0000] {processor.py:826} INFO - Processing file /usr/local/python/3.10.13/lib/python3.10/site-packages/airflow/example_dags/example_params_trigger_ui.py for tasks to queue
[2024-06-24T16:25:29.853+0000] {logging_mixin.py:150} INFO - [2024-06-24T16:25:29.852+0000] {dagbag.py:541} INFO - Filling up the DagBag from /usr/local/python/3.10.13/lib/python3.10/site-packages/airflow/example_dags/example_params_trigger_ui.py
[2024-06-24T16:25:29.866+0000] {processor.py:836} INFO - DAG(s) dict_keys(['example_params_trigger_ui']) retrieved from /usr/local/python/3.10.13/lib/python3.10/site-packages/airflow/example_dags/example_params_trigger_ui.py
[2024-06-24T16:25:29.900+0000] {logging_mixin.py:150} INFO - [2024-06-24T16:25:29.900+0000] {dag.py:2742} INFO - Sync 1 DAGs
[2024-06-24T16:25:29.916+0000] {logging_mixin.py:150} INFO - [2024-06-24T16:25:29.916+0000] {dag.py:3504} INFO - Setting next_dagrun for example_params_trigger_ui to None, run_after=None
[2024-06-24T16:25:29.963+0000] {processor.py:179} INFO - Processing /usr/local/python/3.10.13/lib/python3.10/site-packages/airflow/example_dags/example_params_trigger_ui.py took 0.113 seconds
[2024-06-24T16:26:16.422+0000] {processor.py:157} INFO - Started process (PID=27196) to work on /usr/local/python/3.10.13/lib/python3.10/site-packages/airflow/example_dags/example_params_trigger_ui.py
[2024-06-24T16:26:16.422+0000] {processor.py:826} INFO - Processing file /usr/local/python/3.10.13/lib/python3.10/site-packages/airflow/example_dags/example_params_trigger_ui.py for tasks to queue
[2024-06-24T16:26:16.423+0000] {logging_mixin.py:150} INFO - [2024-06-24T16:26:16.423+0000] {dagbag.py:541} INFO - Filling up the DagBag from /usr/local/python/3.10.13/lib/python3.10/site-packages/airflow/example_dags/example_params_trigger_ui.py
[2024-06-24T16:26:16.436+0000] {processor.py:836} INFO - DAG(s) dict_keys(['example_params_trigger_ui']) retrieved from /usr/local/python/3.10.13/lib/python3.10/site-packages/airflow/example_dags/example_params_trigger_ui.py
[2024-06-24T16:26:16.471+0000] {logging_mixin.py:150} INFO - [2024-06-24T16:26:16.470+0000] {dag.py:2742} INFO - Sync 1 DAGs
[2024-06-24T16:26:16.487+0000] {logging_mixin.py:150} INFO - [2024-06-24T16:26:16.486+0000] {dag.py:3504} INFO - Setting next_dagrun for example_params_trigger_ui to None, run_after=None
[2024-06-24T16:26:16.536+0000] {processor.py:179} INFO - Processing /usr/local/python/3.10.13/lib/python3.10/site-packages/airflow/example_dags/example_params_trigger_ui.py took 0.117 seconds
[2024-06-24T16:27:01.266+0000] {processor.py:157} INFO - Started process (PID=27524) to work on /usr/local/python/3.10.13/lib/python3.10/site-packages/airflow/example_dags/example_params_trigger_ui.py
[2024-06-24T16:27:01.267+0000] {processor.py:826} INFO - Processing file /usr/local/python/3.10.13/lib/python3.10/site-packages/airflow/example_dags/example_params_trigger_ui.py for tasks to queue
[2024-06-24T16:27:01.268+0000] {logging_mixin.py:150} INFO - [2024-06-24T16:27:01.267+0000] {dagbag.py:541} INFO - Filling up the DagBag from /usr/local/python/3.10.13/lib/python3.10/site-packages/airflow/example_dags/example_params_trigger_ui.py
[2024-06-24T16:27:01.285+0000] {processor.py:836} INFO - DAG(s) dict_keys(['example_params_trigger_ui']) retrieved from /usr/local/python/3.10.13/lib/python3.10/site-packages/airflow/example_dags/example_params_trigger_ui.py
[2024-06-24T16:27:01.339+0000] {logging_mixin.py:150} INFO - [2024-06-24T16:27:01.339+0000] {dag.py:2742} INFO - Sync 1 DAGs
[2024-06-24T16:27:01.363+0000] {logging_mixin.py:150} INFO - [2024-06-24T16:27:01.363+0000] {dag.py:3504} INFO - Setting next_dagrun for example_params_trigger_ui to None, run_after=None
[2024-06-24T16:27:01.413+0000] {processor.py:179} INFO - Processing /usr/local/python/3.10.13/lib/python3.10/site-packages/airflow/example_dags/example_params_trigger_ui.py took 0.149 seconds
[2024-06-24T16:27:47.242+0000] {processor.py:157} INFO - Started process (PID=27835) to work on /usr/local/python/3.10.13/lib/python3.10/site-packages/airflow/example_dags/example_params_trigger_ui.py
[2024-06-24T16:27:47.243+0000] {processor.py:826} INFO - Processing file /usr/local/python/3.10.13/lib/python3.10/site-packages/airflow/example_dags/example_params_trigger_ui.py for tasks to queue
[2024-06-24T16:27:47.244+0000] {logging_mixin.py:150} INFO - [2024-06-24T16:27:47.243+0000] {dagbag.py:541} INFO - Filling up the DagBag from /usr/local/python/3.10.13/lib/python3.10/site-packages/airflow/example_dags/example_params_trigger_ui.py
[2024-06-24T16:27:47.256+0000] {processor.py:836} INFO - DAG(s) dict_keys(['example_params_trigger_ui']) retrieved from /usr/local/python/3.10.13/lib/python3.10/site-packages/airflow/example_dags/example_params_trigger_ui.py
[2024-06-24T16:27:47.290+0000] {logging_mixin.py:150} INFO - [2024-06-24T16:27:47.289+0000] {dag.py:2742} INFO - Sync 1 DAGs
[2024-06-24T16:27:47.304+0000] {logging_mixin.py:150} INFO - [2024-06-24T16:27:47.304+0000] {dag.py:3504} INFO - Setting next_dagrun for example_params_trigger_ui to None, run_after=None
[2024-06-24T16:27:47.347+0000] {processor.py:179} INFO - Processing /usr/local/python/3.10.13/lib/python3.10/site-packages/airflow/example_dags/example_params_trigger_ui.py took 0.107 seconds
[2024-06-24T16:28:30.572+0000] {processor.py:157} INFO - Started process (PID=28150) to work on /usr/local/python/3.10.13/lib/python3.10/site-packages/airflow/example_dags/example_params_trigger_ui.py
[2024-06-24T16:28:30.572+0000] {processor.py:826} INFO - Processing file /usr/local/python/3.10.13/lib/python3.10/site-packages/airflow/example_dags/example_params_trigger_ui.py for tasks to queue
[2024-06-24T16:28:30.573+0000] {logging_mixin.py:150} INFO - [2024-06-24T16:28:30.573+0000] {dagbag.py:541} INFO - Filling up the DagBag from /usr/local/python/3.10.13/lib/python3.10/site-packages/airflow/example_dags/example_params_trigger_ui.py
[2024-06-24T16:28:30.586+0000] {processor.py:836} INFO - DAG(s) dict_keys(['example_params_trigger_ui']) retrieved from /usr/local/python/3.10.13/lib/python3.10/site-packages/airflow/example_dags/example_params_trigger_ui.py
[2024-06-24T16:28:30.622+0000] {logging_mixin.py:150} INFO - [2024-06-24T16:28:30.622+0000] {dag.py:2742} INFO - Sync 1 DAGs
[2024-06-24T16:28:30.637+0000] {logging_mixin.py:150} INFO - [2024-06-24T16:28:30.637+0000] {dag.py:3504} INFO - Setting next_dagrun for example_params_trigger_ui to None, run_after=None
[2024-06-24T16:28:30.681+0000] {processor.py:179} INFO - Processing /usr/local/python/3.10.13/lib/python3.10/site-packages/airflow/example_dags/example_params_trigger_ui.py took 0.111 seconds
[2024-06-24T16:29:19.200+0000] {processor.py:157} INFO - Started process (PID=28473) to work on /usr/local/python/3.10.13/lib/python3.10/site-packages/airflow/example_dags/example_params_trigger_ui.py
[2024-06-24T16:29:19.201+0000] {processor.py:826} INFO - Processing file /usr/local/python/3.10.13/lib/python3.10/site-packages/airflow/example_dags/example_params_trigger_ui.py for tasks to queue
[2024-06-24T16:29:19.201+0000] {logging_mixin.py:150} INFO - [2024-06-24T16:29:19.201+0000] {dagbag.py:541} INFO - Filling up the DagBag from /usr/local/python/3.10.13/lib/python3.10/site-packages/airflow/example_dags/example_params_trigger_ui.py
[2024-06-24T16:29:19.215+0000] {processor.py:836} INFO - DAG(s) dict_keys(['example_params_trigger_ui']) retrieved from /usr/local/python/3.10.13/lib/python3.10/site-packages/airflow/example_dags/example_params_trigger_ui.py
[2024-06-24T16:29:19.249+0000] {logging_mixin.py:150} INFO - [2024-06-24T16:29:19.249+0000] {dag.py:2742} INFO - Sync 1 DAGs
[2024-06-24T16:29:19.264+0000] {logging_mixin.py:150} INFO - [2024-06-24T16:29:19.264+0000] {dag.py:3504} INFO - Setting next_dagrun for example_params_trigger_ui to None, run_after=None
[2024-06-24T16:29:19.308+0000] {processor.py:179} INFO - Processing /usr/local/python/3.10.13/lib/python3.10/site-packages/airflow/example_dags/example_params_trigger_ui.py took 0.111 seconds
[2024-06-24T16:30:05.773+0000] {processor.py:157} INFO - Started process (PID=28807) to work on /usr/local/python/3.10.13/lib/python3.10/site-packages/airflow/example_dags/example_params_trigger_ui.py
[2024-06-24T16:30:05.774+0000] {processor.py:826} INFO - Processing file /usr/local/python/3.10.13/lib/python3.10/site-packages/airflow/example_dags/example_params_trigger_ui.py for tasks to queue
[2024-06-24T16:30:05.774+0000] {logging_mixin.py:150} INFO - [2024-06-24T16:30:05.774+0000] {dagbag.py:541} INFO - Filling up the DagBag from /usr/local/python/3.10.13/lib/python3.10/site-packages/airflow/example_dags/example_params_trigger_ui.py
[2024-06-24T16:30:05.787+0000] {processor.py:836} INFO - DAG(s) dict_keys(['example_params_trigger_ui']) retrieved from /usr/local/python/3.10.13/lib/python3.10/site-packages/airflow/example_dags/example_params_trigger_ui.py
[2024-06-24T16:30:05.821+0000] {logging_mixin.py:150} INFO - [2024-06-24T16:30:05.821+0000] {dag.py:2742} INFO - Sync 1 DAGs
[2024-06-24T16:30:05.836+0000] {logging_mixin.py:150} INFO - [2024-06-24T16:30:05.836+0000] {dag.py:3504} INFO - Setting next_dagrun for example_params_trigger_ui to None, run_after=None
[2024-06-24T16:30:05.874+0000] {processor.py:179} INFO - Processing /usr/local/python/3.10.13/lib/python3.10/site-packages/airflow/example_dags/example_params_trigger_ui.py took 0.103 seconds
[2024-06-24T16:30:55.213+0000] {processor.py:157} INFO - Started process (PID=29152) to work on /usr/local/python/3.10.13/lib/python3.10/site-packages/airflow/example_dags/example_params_trigger_ui.py
[2024-06-24T16:30:55.213+0000] {processor.py:826} INFO - Processing file /usr/local/python/3.10.13/lib/python3.10/site-packages/airflow/example_dags/example_params_trigger_ui.py for tasks to queue
[2024-06-24T16:30:55.214+0000] {logging_mixin.py:150} INFO - [2024-06-24T16:30:55.214+0000] {dagbag.py:541} INFO - Filling up the DagBag from /usr/local/python/3.10.13/lib/python3.10/site-packages/airflow/example_dags/example_params_trigger_ui.py
[2024-06-24T16:30:55.227+0000] {processor.py:836} INFO - DAG(s) dict_keys(['example_params_trigger_ui']) retrieved from /usr/local/python/3.10.13/lib/python3.10/site-packages/airflow/example_dags/example_params_trigger_ui.py
[2024-06-24T16:30:55.261+0000] {logging_mixin.py:150} INFO - [2024-06-24T16:30:55.260+0000] {dag.py:2742} INFO - Sync 1 DAGs
[2024-06-24T16:30:55.277+0000] {logging_mixin.py:150} INFO - [2024-06-24T16:30:55.276+0000] {dag.py:3504} INFO - Setting next_dagrun for example_params_trigger_ui to None, run_after=None
[2024-06-24T16:30:55.319+0000] {processor.py:179} INFO - Processing /usr/local/python/3.10.13/lib/python3.10/site-packages/airflow/example_dags/example_params_trigger_ui.py took 0.108 seconds
[2024-06-24T17:08:13.176+0000] {processor.py:157} INFO - Started process (PID=9569) to work on /usr/local/python/3.10.13/lib/python3.10/site-packages/airflow/example_dags/example_params_trigger_ui.py
[2024-06-24T17:08:13.180+0000] {processor.py:826} INFO - Processing file /usr/local/python/3.10.13/lib/python3.10/site-packages/airflow/example_dags/example_params_trigger_ui.py for tasks to queue
[2024-06-24T17:08:13.181+0000] {logging_mixin.py:150} INFO - [2024-06-24T17:08:13.181+0000] {dagbag.py:541} INFO - Filling up the DagBag from /usr/local/python/3.10.13/lib/python3.10/site-packages/airflow/example_dags/example_params_trigger_ui.py
[2024-06-24T17:08:13.194+0000] {processor.py:836} INFO - DAG(s) dict_keys(['example_params_trigger_ui']) retrieved from /usr/local/python/3.10.13/lib/python3.10/site-packages/airflow/example_dags/example_params_trigger_ui.py
[2024-06-24T17:08:13.228+0000] {logging_mixin.py:150} INFO - [2024-06-24T17:08:13.228+0000] {dag.py:2742} INFO - Sync 1 DAGs
[2024-06-24T17:08:13.243+0000] {logging_mixin.py:150} INFO - [2024-06-24T17:08:13.243+0000] {dag.py:3504} INFO - Setting next_dagrun for example_params_trigger_ui to None, run_after=None
[2024-06-24T17:08:13.298+0000] {processor.py:179} INFO - Processing /usr/local/python/3.10.13/lib/python3.10/site-packages/airflow/example_dags/example_params_trigger_ui.py took 0.123 seconds
[2024-06-24T17:09:01.090+0000] {processor.py:157} INFO - Started process (PID=9889) to work on /usr/local/python/3.10.13/lib/python3.10/site-packages/airflow/example_dags/example_params_trigger_ui.py
[2024-06-24T17:09:01.091+0000] {processor.py:826} INFO - Processing file /usr/local/python/3.10.13/lib/python3.10/site-packages/airflow/example_dags/example_params_trigger_ui.py for tasks to queue
[2024-06-24T17:09:01.092+0000] {logging_mixin.py:150} INFO - [2024-06-24T17:09:01.091+0000] {dagbag.py:541} INFO - Filling up the DagBag from /usr/local/python/3.10.13/lib/python3.10/site-packages/airflow/example_dags/example_params_trigger_ui.py
[2024-06-24T17:09:01.110+0000] {processor.py:836} INFO - DAG(s) dict_keys(['example_params_trigger_ui']) retrieved from /usr/local/python/3.10.13/lib/python3.10/site-packages/airflow/example_dags/example_params_trigger_ui.py
[2024-06-24T17:09:01.145+0000] {logging_mixin.py:150} INFO - [2024-06-24T17:09:01.144+0000] {dag.py:2742} INFO - Sync 1 DAGs
[2024-06-24T17:09:01.160+0000] {logging_mixin.py:150} INFO - [2024-06-24T17:09:01.160+0000] {dag.py:3504} INFO - Setting next_dagrun for example_params_trigger_ui to None, run_after=None
[2024-06-24T17:09:01.199+0000] {processor.py:179} INFO - Processing /usr/local/python/3.10.13/lib/python3.10/site-packages/airflow/example_dags/example_params_trigger_ui.py took 0.111 seconds
[2024-06-24T17:09:53.055+0000] {processor.py:157} INFO - Started process (PID=10251) to work on /usr/local/python/3.10.13/lib/python3.10/site-packages/airflow/example_dags/example_params_trigger_ui.py
[2024-06-24T17:09:53.056+0000] {processor.py:826} INFO - Processing file /usr/local/python/3.10.13/lib/python3.10/site-packages/airflow/example_dags/example_params_trigger_ui.py for tasks to queue
[2024-06-24T17:09:53.056+0000] {logging_mixin.py:150} INFO - [2024-06-24T17:09:53.056+0000] {dagbag.py:541} INFO - Filling up the DagBag from /usr/local/python/3.10.13/lib/python3.10/site-packages/airflow/example_dags/example_params_trigger_ui.py
[2024-06-24T17:09:53.069+0000] {processor.py:836} INFO - DAG(s) dict_keys(['example_params_trigger_ui']) retrieved from /usr/local/python/3.10.13/lib/python3.10/site-packages/airflow/example_dags/example_params_trigger_ui.py
[2024-06-24T17:09:53.103+0000] {logging_mixin.py:150} INFO - [2024-06-24T17:09:53.103+0000] {dag.py:2742} INFO - Sync 1 DAGs
[2024-06-24T17:09:53.118+0000] {logging_mixin.py:150} INFO - [2024-06-24T17:09:53.118+0000] {dag.py:3504} INFO - Setting next_dagrun for example_params_trigger_ui to None, run_after=None
[2024-06-24T17:09:53.157+0000] {processor.py:179} INFO - Processing /usr/local/python/3.10.13/lib/python3.10/site-packages/airflow/example_dags/example_params_trigger_ui.py took 0.104 seconds
[2024-06-24T17:10:48.494+0000] {processor.py:157} INFO - Started process (PID=10657) to work on /usr/local/python/3.10.13/lib/python3.10/site-packages/airflow/example_dags/example_params_trigger_ui.py
[2024-06-24T17:10:48.494+0000] {processor.py:826} INFO - Processing file /usr/local/python/3.10.13/lib/python3.10/site-packages/airflow/example_dags/example_params_trigger_ui.py for tasks to queue
[2024-06-24T17:10:48.495+0000] {logging_mixin.py:150} INFO - [2024-06-24T17:10:48.495+0000] {dagbag.py:541} INFO - Filling up the DagBag from /usr/local/python/3.10.13/lib/python3.10/site-packages/airflow/example_dags/example_params_trigger_ui.py
[2024-06-24T17:10:48.508+0000] {processor.py:836} INFO - DAG(s) dict_keys(['example_params_trigger_ui']) retrieved from /usr/local/python/3.10.13/lib/python3.10/site-packages/airflow/example_dags/example_params_trigger_ui.py
[2024-06-24T17:10:48.542+0000] {logging_mixin.py:150} INFO - [2024-06-24T17:10:48.542+0000] {dag.py:2742} INFO - Sync 1 DAGs
[2024-06-24T17:10:48.557+0000] {logging_mixin.py:150} INFO - [2024-06-24T17:10:48.557+0000] {dag.py:3504} INFO - Setting next_dagrun for example_params_trigger_ui to None, run_after=None
[2024-06-24T17:10:48.595+0000] {processor.py:179} INFO - Processing /usr/local/python/3.10.13/lib/python3.10/site-packages/airflow/example_dags/example_params_trigger_ui.py took 0.103 seconds
[2024-06-24T17:11:40.318+0000] {processor.py:157} INFO - Started process (PID=11051) to work on /usr/local/python/3.10.13/lib/python3.10/site-packages/airflow/example_dags/example_params_trigger_ui.py
[2024-06-24T17:11:40.318+0000] {processor.py:826} INFO - Processing file /usr/local/python/3.10.13/lib/python3.10/site-packages/airflow/example_dags/example_params_trigger_ui.py for tasks to queue
[2024-06-24T17:11:40.319+0000] {logging_mixin.py:150} INFO - [2024-06-24T17:11:40.319+0000] {dagbag.py:541} INFO - Filling up the DagBag from /usr/local/python/3.10.13/lib/python3.10/site-packages/airflow/example_dags/example_params_trigger_ui.py
[2024-06-24T17:11:40.331+0000] {processor.py:836} INFO - DAG(s) dict_keys(['example_params_trigger_ui']) retrieved from /usr/local/python/3.10.13/lib/python3.10/site-packages/airflow/example_dags/example_params_trigger_ui.py
[2024-06-24T17:11:40.366+0000] {logging_mixin.py:150} INFO - [2024-06-24T17:11:40.365+0000] {dag.py:2742} INFO - Sync 1 DAGs
[2024-06-24T17:11:40.380+0000] {logging_mixin.py:150} INFO - [2024-06-24T17:11:40.380+0000] {dag.py:3504} INFO - Setting next_dagrun for example_params_trigger_ui to None, run_after=None
[2024-06-24T17:11:40.418+0000] {processor.py:179} INFO - Processing /usr/local/python/3.10.13/lib/python3.10/site-packages/airflow/example_dags/example_params_trigger_ui.py took 0.102 seconds
[2024-06-24T17:12:30.053+0000] {processor.py:157} INFO - Started process (PID=11439) to work on /usr/local/python/3.10.13/lib/python3.10/site-packages/airflow/example_dags/example_params_trigger_ui.py
[2024-06-24T17:12:30.054+0000] {processor.py:826} INFO - Processing file /usr/local/python/3.10.13/lib/python3.10/site-packages/airflow/example_dags/example_params_trigger_ui.py for tasks to queue
[2024-06-24T17:12:30.054+0000] {logging_mixin.py:150} INFO - [2024-06-24T17:12:30.054+0000] {dagbag.py:541} INFO - Filling up the DagBag from /usr/local/python/3.10.13/lib/python3.10/site-packages/airflow/example_dags/example_params_trigger_ui.py
[2024-06-24T17:12:30.067+0000] {processor.py:836} INFO - DAG(s) dict_keys(['example_params_trigger_ui']) retrieved from /usr/local/python/3.10.13/lib/python3.10/site-packages/airflow/example_dags/example_params_trigger_ui.py
[2024-06-24T17:12:30.101+0000] {logging_mixin.py:150} INFO - [2024-06-24T17:12:30.101+0000] {dag.py:2742} INFO - Sync 1 DAGs
[2024-06-24T17:12:30.116+0000] {logging_mixin.py:150} INFO - [2024-06-24T17:12:30.116+0000] {dag.py:3504} INFO - Setting next_dagrun for example_params_trigger_ui to None, run_after=None
[2024-06-24T17:12:30.158+0000] {processor.py:179} INFO - Processing /usr/local/python/3.10.13/lib/python3.10/site-packages/airflow/example_dags/example_params_trigger_ui.py took 0.108 seconds
[2024-06-24T17:13:16.962+0000] {processor.py:157} INFO - Started process (PID=11794) to work on /usr/local/python/3.10.13/lib/python3.10/site-packages/airflow/example_dags/example_params_trigger_ui.py
[2024-06-24T17:13:16.962+0000] {processor.py:826} INFO - Processing file /usr/local/python/3.10.13/lib/python3.10/site-packages/airflow/example_dags/example_params_trigger_ui.py for tasks to queue
[2024-06-24T17:13:16.963+0000] {logging_mixin.py:150} INFO - [2024-06-24T17:13:16.963+0000] {dagbag.py:541} INFO - Filling up the DagBag from /usr/local/python/3.10.13/lib/python3.10/site-packages/airflow/example_dags/example_params_trigger_ui.py
[2024-06-24T17:13:16.981+0000] {processor.py:836} INFO - DAG(s) dict_keys(['example_params_trigger_ui']) retrieved from /usr/local/python/3.10.13/lib/python3.10/site-packages/airflow/example_dags/example_params_trigger_ui.py
[2024-06-24T17:13:17.016+0000] {logging_mixin.py:150} INFO - [2024-06-24T17:13:17.016+0000] {dag.py:2742} INFO - Sync 1 DAGs
[2024-06-24T17:13:17.034+0000] {logging_mixin.py:150} INFO - [2024-06-24T17:13:17.034+0000] {dag.py:3504} INFO - Setting next_dagrun for example_params_trigger_ui to None, run_after=None
[2024-06-24T17:13:17.074+0000] {processor.py:179} INFO - Processing /usr/local/python/3.10.13/lib/python3.10/site-packages/airflow/example_dags/example_params_trigger_ui.py took 0.115 seconds
[2024-06-24T17:14:01.951+0000] {processor.py:157} INFO - Started process (PID=12154) to work on /usr/local/python/3.10.13/lib/python3.10/site-packages/airflow/example_dags/example_params_trigger_ui.py
[2024-06-24T17:14:01.951+0000] {processor.py:826} INFO - Processing file /usr/local/python/3.10.13/lib/python3.10/site-packages/airflow/example_dags/example_params_trigger_ui.py for tasks to queue
[2024-06-24T17:14:01.952+0000] {logging_mixin.py:150} INFO - [2024-06-24T17:14:01.952+0000] {dagbag.py:541} INFO - Filling up the DagBag from /usr/local/python/3.10.13/lib/python3.10/site-packages/airflow/example_dags/example_params_trigger_ui.py
[2024-06-24T17:14:01.965+0000] {processor.py:836} INFO - DAG(s) dict_keys(['example_params_trigger_ui']) retrieved from /usr/local/python/3.10.13/lib/python3.10/site-packages/airflow/example_dags/example_params_trigger_ui.py
[2024-06-24T17:14:01.999+0000] {logging_mixin.py:150} INFO - [2024-06-24T17:14:01.999+0000] {dag.py:2742} INFO - Sync 1 DAGs
[2024-06-24T17:14:02.014+0000] {logging_mixin.py:150} INFO - [2024-06-24T17:14:02.014+0000] {dag.py:3504} INFO - Setting next_dagrun for example_params_trigger_ui to None, run_after=None
[2024-06-24T17:14:02.055+0000] {processor.py:179} INFO - Processing /usr/local/python/3.10.13/lib/python3.10/site-packages/airflow/example_dags/example_params_trigger_ui.py took 0.107 seconds
[2024-06-24T17:14:47.381+0000] {processor.py:157} INFO - Started process (PID=12501) to work on /usr/local/python/3.10.13/lib/python3.10/site-packages/airflow/example_dags/example_params_trigger_ui.py
[2024-06-24T17:14:47.382+0000] {processor.py:826} INFO - Processing file /usr/local/python/3.10.13/lib/python3.10/site-packages/airflow/example_dags/example_params_trigger_ui.py for tasks to queue
[2024-06-24T17:14:47.383+0000] {logging_mixin.py:150} INFO - [2024-06-24T17:14:47.382+0000] {dagbag.py:541} INFO - Filling up the DagBag from /usr/local/python/3.10.13/lib/python3.10/site-packages/airflow/example_dags/example_params_trigger_ui.py
[2024-06-24T17:14:47.395+0000] {processor.py:836} INFO - DAG(s) dict_keys(['example_params_trigger_ui']) retrieved from /usr/local/python/3.10.13/lib/python3.10/site-packages/airflow/example_dags/example_params_trigger_ui.py
[2024-06-24T17:14:47.432+0000] {logging_mixin.py:150} INFO - [2024-06-24T17:14:47.432+0000] {dag.py:2742} INFO - Sync 1 DAGs
[2024-06-24T17:14:47.448+0000] {logging_mixin.py:150} INFO - [2024-06-24T17:14:47.448+0000] {dag.py:3504} INFO - Setting next_dagrun for example_params_trigger_ui to None, run_after=None
[2024-06-24T17:14:47.496+0000] {processor.py:179} INFO - Processing /usr/local/python/3.10.13/lib/python3.10/site-packages/airflow/example_dags/example_params_trigger_ui.py took 0.117 seconds
[2024-06-24T17:15:37.654+0000] {processor.py:157} INFO - Started process (PID=12870) to work on /usr/local/python/3.10.13/lib/python3.10/site-packages/airflow/example_dags/example_params_trigger_ui.py
[2024-06-24T17:15:37.654+0000] {processor.py:826} INFO - Processing file /usr/local/python/3.10.13/lib/python3.10/site-packages/airflow/example_dags/example_params_trigger_ui.py for tasks to queue
[2024-06-24T17:15:37.655+0000] {logging_mixin.py:150} INFO - [2024-06-24T17:15:37.655+0000] {dagbag.py:541} INFO - Filling up the DagBag from /usr/local/python/3.10.13/lib/python3.10/site-packages/airflow/example_dags/example_params_trigger_ui.py
[2024-06-24T17:15:37.667+0000] {processor.py:836} INFO - DAG(s) dict_keys(['example_params_trigger_ui']) retrieved from /usr/local/python/3.10.13/lib/python3.10/site-packages/airflow/example_dags/example_params_trigger_ui.py
[2024-06-24T17:15:37.701+0000] {logging_mixin.py:150} INFO - [2024-06-24T17:15:37.701+0000] {dag.py:2742} INFO - Sync 1 DAGs
[2024-06-24T17:15:37.716+0000] {logging_mixin.py:150} INFO - [2024-06-24T17:15:37.715+0000] {dag.py:3504} INFO - Setting next_dagrun for example_params_trigger_ui to None, run_after=None
[2024-06-24T17:15:37.756+0000] {processor.py:179} INFO - Processing /usr/local/python/3.10.13/lib/python3.10/site-packages/airflow/example_dags/example_params_trigger_ui.py took 0.105 seconds
[2024-06-24T17:16:25.839+0000] {processor.py:157} INFO - Started process (PID=13239) to work on /usr/local/python/3.10.13/lib/python3.10/site-packages/airflow/example_dags/example_params_trigger_ui.py
[2024-06-24T17:16:25.839+0000] {processor.py:826} INFO - Processing file /usr/local/python/3.10.13/lib/python3.10/site-packages/airflow/example_dags/example_params_trigger_ui.py for tasks to queue
[2024-06-24T17:16:25.840+0000] {logging_mixin.py:150} INFO - [2024-06-24T17:16:25.840+0000] {dagbag.py:541} INFO - Filling up the DagBag from /usr/local/python/3.10.13/lib/python3.10/site-packages/airflow/example_dags/example_params_trigger_ui.py
[2024-06-24T17:16:25.853+0000] {processor.py:836} INFO - DAG(s) dict_keys(['example_params_trigger_ui']) retrieved from /usr/local/python/3.10.13/lib/python3.10/site-packages/airflow/example_dags/example_params_trigger_ui.py
[2024-06-24T17:16:25.886+0000] {logging_mixin.py:150} INFO - [2024-06-24T17:16:25.886+0000] {dag.py:2742} INFO - Sync 1 DAGs
[2024-06-24T17:16:25.901+0000] {logging_mixin.py:150} INFO - [2024-06-24T17:16:25.901+0000] {dag.py:3504} INFO - Setting next_dagrun for example_params_trigger_ui to None, run_after=None
[2024-06-24T17:16:25.943+0000] {processor.py:179} INFO - Processing /usr/local/python/3.10.13/lib/python3.10/site-packages/airflow/example_dags/example_params_trigger_ui.py took 0.106 seconds
[2024-06-24T17:17:15.880+0000] {processor.py:157} INFO - Started process (PID=13620) to work on /usr/local/python/3.10.13/lib/python3.10/site-packages/airflow/example_dags/example_params_trigger_ui.py
[2024-06-24T17:17:15.880+0000] {processor.py:826} INFO - Processing file /usr/local/python/3.10.13/lib/python3.10/site-packages/airflow/example_dags/example_params_trigger_ui.py for tasks to queue
[2024-06-24T17:17:15.882+0000] {logging_mixin.py:150} INFO - [2024-06-24T17:17:15.881+0000] {dagbag.py:541} INFO - Filling up the DagBag from /usr/local/python/3.10.13/lib/python3.10/site-packages/airflow/example_dags/example_params_trigger_ui.py
[2024-06-24T17:17:15.922+0000] {processor.py:836} INFO - DAG(s) dict_keys(['example_params_trigger_ui']) retrieved from /usr/local/python/3.10.13/lib/python3.10/site-packages/airflow/example_dags/example_params_trigger_ui.py
[2024-06-24T17:17:16.832+0000] {logging_mixin.py:150} INFO - [2024-06-24T17:17:16.832+0000] {dag.py:2742} INFO - Sync 1 DAGs
[2024-06-24T17:17:16.847+0000] {logging_mixin.py:150} INFO - [2024-06-24T17:17:16.847+0000] {dag.py:3504} INFO - Setting next_dagrun for example_params_trigger_ui to None, run_after=None
[2024-06-24T17:17:16.903+0000] {processor.py:179} INFO - Processing /usr/local/python/3.10.13/lib/python3.10/site-packages/airflow/example_dags/example_params_trigger_ui.py took 1.027 seconds
[2024-06-24T17:18:20.814+0000] {processor.py:157} INFO - Started process (PID=14060) to work on /usr/local/python/3.10.13/lib/python3.10/site-packages/airflow/example_dags/example_params_trigger_ui.py
[2024-06-24T17:18:20.814+0000] {processor.py:826} INFO - Processing file /usr/local/python/3.10.13/lib/python3.10/site-packages/airflow/example_dags/example_params_trigger_ui.py for tasks to queue
[2024-06-24T17:18:20.815+0000] {logging_mixin.py:150} INFO - [2024-06-24T17:18:20.815+0000] {dagbag.py:541} INFO - Filling up the DagBag from /usr/local/python/3.10.13/lib/python3.10/site-packages/airflow/example_dags/example_params_trigger_ui.py
[2024-06-24T17:18:20.828+0000] {processor.py:836} INFO - DAG(s) dict_keys(['example_params_trigger_ui']) retrieved from /usr/local/python/3.10.13/lib/python3.10/site-packages/airflow/example_dags/example_params_trigger_ui.py
[2024-06-24T17:18:20.861+0000] {logging_mixin.py:150} INFO - [2024-06-24T17:18:20.861+0000] {dag.py:2742} INFO - Sync 1 DAGs
[2024-06-24T17:18:20.876+0000] {logging_mixin.py:150} INFO - [2024-06-24T17:18:20.876+0000] {dag.py:3504} INFO - Setting next_dagrun for example_params_trigger_ui to None, run_after=None
[2024-06-24T17:18:20.914+0000] {processor.py:179} INFO - Processing /usr/local/python/3.10.13/lib/python3.10/site-packages/airflow/example_dags/example_params_trigger_ui.py took 0.103 seconds
[2024-06-24T17:19:04.044+0000] {processor.py:157} INFO - Started process (PID=14402) to work on /usr/local/python/3.10.13/lib/python3.10/site-packages/airflow/example_dags/example_params_trigger_ui.py
[2024-06-24T17:19:04.045+0000] {processor.py:826} INFO - Processing file /usr/local/python/3.10.13/lib/python3.10/site-packages/airflow/example_dags/example_params_trigger_ui.py for tasks to queue
[2024-06-24T17:19:04.045+0000] {logging_mixin.py:150} INFO - [2024-06-24T17:19:04.045+0000] {dagbag.py:541} INFO - Filling up the DagBag from /usr/local/python/3.10.13/lib/python3.10/site-packages/airflow/example_dags/example_params_trigger_ui.py
[2024-06-24T17:19:04.058+0000] {processor.py:836} INFO - DAG(s) dict_keys(['example_params_trigger_ui']) retrieved from /usr/local/python/3.10.13/lib/python3.10/site-packages/airflow/example_dags/example_params_trigger_ui.py
[2024-06-24T17:19:04.092+0000] {logging_mixin.py:150} INFO - [2024-06-24T17:19:04.091+0000] {dag.py:2742} INFO - Sync 1 DAGs
[2024-06-24T17:19:04.107+0000] {logging_mixin.py:150} INFO - [2024-06-24T17:19:04.107+0000] {dag.py:3504} INFO - Setting next_dagrun for example_params_trigger_ui to None, run_after=None
[2024-06-24T17:19:04.151+0000] {processor.py:179} INFO - Processing /usr/local/python/3.10.13/lib/python3.10/site-packages/airflow/example_dags/example_params_trigger_ui.py took 0.109 seconds
[2024-06-24T17:20:00.382+0000] {processor.py:157} INFO - Started process (PID=14824) to work on /usr/local/python/3.10.13/lib/python3.10/site-packages/airflow/example_dags/example_params_trigger_ui.py
[2024-06-24T17:20:00.383+0000] {processor.py:826} INFO - Processing file /usr/local/python/3.10.13/lib/python3.10/site-packages/airflow/example_dags/example_params_trigger_ui.py for tasks to queue
[2024-06-24T17:20:00.384+0000] {logging_mixin.py:150} INFO - [2024-06-24T17:20:00.384+0000] {dagbag.py:541} INFO - Filling up the DagBag from /usr/local/python/3.10.13/lib/python3.10/site-packages/airflow/example_dags/example_params_trigger_ui.py
[2024-06-24T17:20:00.397+0000] {processor.py:836} INFO - DAG(s) dict_keys(['example_params_trigger_ui']) retrieved from /usr/local/python/3.10.13/lib/python3.10/site-packages/airflow/example_dags/example_params_trigger_ui.py
[2024-06-24T17:20:00.432+0000] {logging_mixin.py:150} INFO - [2024-06-24T17:20:00.431+0000] {dag.py:2742} INFO - Sync 1 DAGs
[2024-06-24T17:20:00.447+0000] {logging_mixin.py:150} INFO - [2024-06-24T17:20:00.446+0000] {dag.py:3504} INFO - Setting next_dagrun for example_params_trigger_ui to None, run_after=None
[2024-06-24T17:20:00.487+0000] {processor.py:179} INFO - Processing /usr/local/python/3.10.13/lib/python3.10/site-packages/airflow/example_dags/example_params_trigger_ui.py took 0.107 seconds
[2024-06-24T17:21:00.932+0000] {processor.py:157} INFO - Started process (PID=15242) to work on /usr/local/python/3.10.13/lib/python3.10/site-packages/airflow/example_dags/example_params_trigger_ui.py
[2024-06-24T17:21:00.932+0000] {processor.py:826} INFO - Processing file /usr/local/python/3.10.13/lib/python3.10/site-packages/airflow/example_dags/example_params_trigger_ui.py for tasks to queue
[2024-06-24T17:21:00.933+0000] {logging_mixin.py:150} INFO - [2024-06-24T17:21:00.933+0000] {dagbag.py:541} INFO - Filling up the DagBag from /usr/local/python/3.10.13/lib/python3.10/site-packages/airflow/example_dags/example_params_trigger_ui.py
[2024-06-24T17:21:00.960+0000] {processor.py:836} INFO - DAG(s) dict_keys(['example_params_trigger_ui']) retrieved from /usr/local/python/3.10.13/lib/python3.10/site-packages/airflow/example_dags/example_params_trigger_ui.py
[2024-06-24T17:21:01.005+0000] {logging_mixin.py:150} INFO - [2024-06-24T17:21:01.005+0000] {dag.py:2742} INFO - Sync 1 DAGs
[2024-06-24T17:21:01.023+0000] {logging_mixin.py:150} INFO - [2024-06-24T17:21:01.023+0000] {dag.py:3504} INFO - Setting next_dagrun for example_params_trigger_ui to None, run_after=None
[2024-06-24T17:21:01.075+0000] {processor.py:179} INFO - Processing /usr/local/python/3.10.13/lib/python3.10/site-packages/airflow/example_dags/example_params_trigger_ui.py took 0.145 seconds
[2024-06-24T17:21:54.063+0000] {processor.py:157} INFO - Started process (PID=15604) to work on /usr/local/python/3.10.13/lib/python3.10/site-packages/airflow/example_dags/example_params_trigger_ui.py
[2024-06-24T17:21:54.063+0000] {processor.py:826} INFO - Processing file /usr/local/python/3.10.13/lib/python3.10/site-packages/airflow/example_dags/example_params_trigger_ui.py for tasks to queue
[2024-06-24T17:21:54.064+0000] {logging_mixin.py:150} INFO - [2024-06-24T17:21:54.064+0000] {dagbag.py:541} INFO - Filling up the DagBag from /usr/local/python/3.10.13/lib/python3.10/site-packages/airflow/example_dags/example_params_trigger_ui.py
[2024-06-24T17:21:54.077+0000] {processor.py:836} INFO - DAG(s) dict_keys(['example_params_trigger_ui']) retrieved from /usr/local/python/3.10.13/lib/python3.10/site-packages/airflow/example_dags/example_params_trigger_ui.py
[2024-06-24T17:21:54.112+0000] {logging_mixin.py:150} INFO - [2024-06-24T17:21:54.112+0000] {dag.py:2742} INFO - Sync 1 DAGs
[2024-06-24T17:21:54.127+0000] {logging_mixin.py:150} INFO - [2024-06-24T17:21:54.127+0000] {dag.py:3504} INFO - Setting next_dagrun for example_params_trigger_ui to None, run_after=None
[2024-06-24T17:21:54.169+0000] {processor.py:179} INFO - Processing /usr/local/python/3.10.13/lib/python3.10/site-packages/airflow/example_dags/example_params_trigger_ui.py took 0.108 seconds
[2024-06-24T17:22:42.270+0000] {processor.py:157} INFO - Started process (PID=15951) to work on /usr/local/python/3.10.13/lib/python3.10/site-packages/airflow/example_dags/example_params_trigger_ui.py
[2024-06-24T17:22:42.270+0000] {processor.py:826} INFO - Processing file /usr/local/python/3.10.13/lib/python3.10/site-packages/airflow/example_dags/example_params_trigger_ui.py for tasks to queue
[2024-06-24T17:22:42.271+0000] {logging_mixin.py:150} INFO - [2024-06-24T17:22:42.271+0000] {dagbag.py:541} INFO - Filling up the DagBag from /usr/local/python/3.10.13/lib/python3.10/site-packages/airflow/example_dags/example_params_trigger_ui.py
[2024-06-24T17:22:42.284+0000] {processor.py:836} INFO - DAG(s) dict_keys(['example_params_trigger_ui']) retrieved from /usr/local/python/3.10.13/lib/python3.10/site-packages/airflow/example_dags/example_params_trigger_ui.py
[2024-06-24T17:22:42.317+0000] {logging_mixin.py:150} INFO - [2024-06-24T17:22:42.317+0000] {dag.py:2742} INFO - Sync 1 DAGs
[2024-06-24T17:22:42.332+0000] {logging_mixin.py:150} INFO - [2024-06-24T17:22:42.332+0000] {dag.py:3504} INFO - Setting next_dagrun for example_params_trigger_ui to None, run_after=None
[2024-06-24T17:22:42.370+0000] {processor.py:179} INFO - Processing /usr/local/python/3.10.13/lib/python3.10/site-packages/airflow/example_dags/example_params_trigger_ui.py took 0.103 seconds
[2024-06-24T17:23:37.977+0000] {processor.py:157} INFO - Started process (PID=16330) to work on /usr/local/python/3.10.13/lib/python3.10/site-packages/airflow/example_dags/example_params_trigger_ui.py
[2024-06-24T17:23:37.978+0000] {processor.py:826} INFO - Processing file /usr/local/python/3.10.13/lib/python3.10/site-packages/airflow/example_dags/example_params_trigger_ui.py for tasks to queue
[2024-06-24T17:23:37.979+0000] {logging_mixin.py:150} INFO - [2024-06-24T17:23:37.979+0000] {dagbag.py:541} INFO - Filling up the DagBag from /usr/local/python/3.10.13/lib/python3.10/site-packages/airflow/example_dags/example_params_trigger_ui.py
[2024-06-24T17:23:37.992+0000] {processor.py:836} INFO - DAG(s) dict_keys(['example_params_trigger_ui']) retrieved from /usr/local/python/3.10.13/lib/python3.10/site-packages/airflow/example_dags/example_params_trigger_ui.py
[2024-06-24T17:23:38.027+0000] {logging_mixin.py:150} INFO - [2024-06-24T17:23:38.027+0000] {dag.py:2742} INFO - Sync 1 DAGs
[2024-06-24T17:23:38.042+0000] {logging_mixin.py:150} INFO - [2024-06-24T17:23:38.042+0000] {dag.py:3504} INFO - Setting next_dagrun for example_params_trigger_ui to None, run_after=None
[2024-06-24T17:23:38.083+0000] {processor.py:179} INFO - Processing /usr/local/python/3.10.13/lib/python3.10/site-packages/airflow/example_dags/example_params_trigger_ui.py took 0.108 seconds
[2024-06-24T17:24:27.445+0000] {processor.py:157} INFO - Started process (PID=16683) to work on /usr/local/python/3.10.13/lib/python3.10/site-packages/airflow/example_dags/example_params_trigger_ui.py
[2024-06-24T17:24:27.446+0000] {processor.py:826} INFO - Processing file /usr/local/python/3.10.13/lib/python3.10/site-packages/airflow/example_dags/example_params_trigger_ui.py for tasks to queue
[2024-06-24T17:24:27.447+0000] {logging_mixin.py:150} INFO - [2024-06-24T17:24:27.446+0000] {dagbag.py:541} INFO - Filling up the DagBag from /usr/local/python/3.10.13/lib/python3.10/site-packages/airflow/example_dags/example_params_trigger_ui.py
[2024-06-24T17:24:27.463+0000] {processor.py:836} INFO - DAG(s) dict_keys(['example_params_trigger_ui']) retrieved from /usr/local/python/3.10.13/lib/python3.10/site-packages/airflow/example_dags/example_params_trigger_ui.py
[2024-06-24T17:24:27.514+0000] {logging_mixin.py:150} INFO - [2024-06-24T17:24:27.514+0000] {dag.py:2742} INFO - Sync 1 DAGs
[2024-06-24T17:24:27.530+0000] {logging_mixin.py:150} INFO - [2024-06-24T17:24:27.530+0000] {dag.py:3504} INFO - Setting next_dagrun for example_params_trigger_ui to None, run_after=None
[2024-06-24T17:24:27.584+0000] {processor.py:179} INFO - Processing /usr/local/python/3.10.13/lib/python3.10/site-packages/airflow/example_dags/example_params_trigger_ui.py took 0.141 seconds
[2024-06-24T17:25:23.024+0000] {processor.py:157} INFO - Started process (PID=17077) to work on /usr/local/python/3.10.13/lib/python3.10/site-packages/airflow/example_dags/example_params_trigger_ui.py
[2024-06-24T17:25:23.024+0000] {processor.py:826} INFO - Processing file /usr/local/python/3.10.13/lib/python3.10/site-packages/airflow/example_dags/example_params_trigger_ui.py for tasks to queue
[2024-06-24T17:25:23.025+0000] {logging_mixin.py:150} INFO - [2024-06-24T17:25:23.025+0000] {dagbag.py:541} INFO - Filling up the DagBag from /usr/local/python/3.10.13/lib/python3.10/site-packages/airflow/example_dags/example_params_trigger_ui.py
[2024-06-24T17:25:23.038+0000] {processor.py:836} INFO - DAG(s) dict_keys(['example_params_trigger_ui']) retrieved from /usr/local/python/3.10.13/lib/python3.10/site-packages/airflow/example_dags/example_params_trigger_ui.py
[2024-06-24T17:25:23.072+0000] {logging_mixin.py:150} INFO - [2024-06-24T17:25:23.072+0000] {dag.py:2742} INFO - Sync 1 DAGs
[2024-06-24T17:25:23.087+0000] {logging_mixin.py:150} INFO - [2024-06-24T17:25:23.087+0000] {dag.py:3504} INFO - Setting next_dagrun for example_params_trigger_ui to None, run_after=None
[2024-06-24T17:25:23.129+0000] {processor.py:179} INFO - Processing /usr/local/python/3.10.13/lib/python3.10/site-packages/airflow/example_dags/example_params_trigger_ui.py took 0.107 seconds
[2024-06-24T17:26:12.903+0000] {processor.py:157} INFO - Started process (PID=17426) to work on /usr/local/python/3.10.13/lib/python3.10/site-packages/airflow/example_dags/example_params_trigger_ui.py
[2024-06-24T17:26:12.903+0000] {processor.py:826} INFO - Processing file /usr/local/python/3.10.13/lib/python3.10/site-packages/airflow/example_dags/example_params_trigger_ui.py for tasks to queue
[2024-06-24T17:26:12.904+0000] {logging_mixin.py:150} INFO - [2024-06-24T17:26:12.904+0000] {dagbag.py:541} INFO - Filling up the DagBag from /usr/local/python/3.10.13/lib/python3.10/site-packages/airflow/example_dags/example_params_trigger_ui.py
[2024-06-24T17:26:12.917+0000] {processor.py:836} INFO - DAG(s) dict_keys(['example_params_trigger_ui']) retrieved from /usr/local/python/3.10.13/lib/python3.10/site-packages/airflow/example_dags/example_params_trigger_ui.py
[2024-06-24T17:26:12.950+0000] {logging_mixin.py:150} INFO - [2024-06-24T17:26:12.950+0000] {dag.py:2742} INFO - Sync 1 DAGs
[2024-06-24T17:26:12.965+0000] {logging_mixin.py:150} INFO - [2024-06-24T17:26:12.965+0000] {dag.py:3504} INFO - Setting next_dagrun for example_params_trigger_ui to None, run_after=None
[2024-06-24T17:26:13.003+0000] {processor.py:179} INFO - Processing /usr/local/python/3.10.13/lib/python3.10/site-packages/airflow/example_dags/example_params_trigger_ui.py took 0.103 seconds
[2024-06-24T17:27:00.706+0000] {processor.py:157} INFO - Started process (PID=17752) to work on /usr/local/python/3.10.13/lib/python3.10/site-packages/airflow/example_dags/example_params_trigger_ui.py
[2024-06-24T17:27:00.707+0000] {processor.py:826} INFO - Processing file /usr/local/python/3.10.13/lib/python3.10/site-packages/airflow/example_dags/example_params_trigger_ui.py for tasks to queue
[2024-06-24T17:27:00.707+0000] {logging_mixin.py:150} INFO - [2024-06-24T17:27:00.707+0000] {dagbag.py:541} INFO - Filling up the DagBag from /usr/local/python/3.10.13/lib/python3.10/site-packages/airflow/example_dags/example_params_trigger_ui.py
[2024-06-24T17:27:00.720+0000] {processor.py:836} INFO - DAG(s) dict_keys(['example_params_trigger_ui']) retrieved from /usr/local/python/3.10.13/lib/python3.10/site-packages/airflow/example_dags/example_params_trigger_ui.py
[2024-06-24T17:27:00.754+0000] {logging_mixin.py:150} INFO - [2024-06-24T17:27:00.754+0000] {dag.py:2742} INFO - Sync 1 DAGs
[2024-06-24T17:27:00.769+0000] {logging_mixin.py:150} INFO - [2024-06-24T17:27:00.769+0000] {dag.py:3504} INFO - Setting next_dagrun for example_params_trigger_ui to None, run_after=None
[2024-06-24T17:27:00.808+0000] {processor.py:179} INFO - Processing /usr/local/python/3.10.13/lib/python3.10/site-packages/airflow/example_dags/example_params_trigger_ui.py took 0.105 seconds
[2024-06-24T17:27:54.321+0000] {processor.py:157} INFO - Started process (PID=18138) to work on /usr/local/python/3.10.13/lib/python3.10/site-packages/airflow/example_dags/example_params_trigger_ui.py
[2024-06-24T17:27:54.322+0000] {processor.py:826} INFO - Processing file /usr/local/python/3.10.13/lib/python3.10/site-packages/airflow/example_dags/example_params_trigger_ui.py for tasks to queue
[2024-06-24T17:27:54.323+0000] {logging_mixin.py:150} INFO - [2024-06-24T17:27:54.322+0000] {dagbag.py:541} INFO - Filling up the DagBag from /usr/local/python/3.10.13/lib/python3.10/site-packages/airflow/example_dags/example_params_trigger_ui.py
[2024-06-24T17:27:54.335+0000] {processor.py:836} INFO - DAG(s) dict_keys(['example_params_trigger_ui']) retrieved from /usr/local/python/3.10.13/lib/python3.10/site-packages/airflow/example_dags/example_params_trigger_ui.py
[2024-06-24T17:27:54.369+0000] {logging_mixin.py:150} INFO - [2024-06-24T17:27:54.369+0000] {dag.py:2742} INFO - Sync 1 DAGs
[2024-06-24T17:27:54.384+0000] {logging_mixin.py:150} INFO - [2024-06-24T17:27:54.383+0000] {dag.py:3504} INFO - Setting next_dagrun for example_params_trigger_ui to None, run_after=None
[2024-06-24T17:27:54.420+0000] {processor.py:179} INFO - Processing /usr/local/python/3.10.13/lib/python3.10/site-packages/airflow/example_dags/example_params_trigger_ui.py took 0.101 seconds
[2024-06-24T17:28:49.311+0000] {processor.py:157} INFO - Started process (PID=18510) to work on /usr/local/python/3.10.13/lib/python3.10/site-packages/airflow/example_dags/example_params_trigger_ui.py
[2024-06-24T17:28:49.311+0000] {processor.py:826} INFO - Processing file /usr/local/python/3.10.13/lib/python3.10/site-packages/airflow/example_dags/example_params_trigger_ui.py for tasks to queue
[2024-06-24T17:28:49.312+0000] {logging_mixin.py:150} INFO - [2024-06-24T17:28:49.312+0000] {dagbag.py:541} INFO - Filling up the DagBag from /usr/local/python/3.10.13/lib/python3.10/site-packages/airflow/example_dags/example_params_trigger_ui.py
[2024-06-24T17:28:49.325+0000] {processor.py:836} INFO - DAG(s) dict_keys(['example_params_trigger_ui']) retrieved from /usr/local/python/3.10.13/lib/python3.10/site-packages/airflow/example_dags/example_params_trigger_ui.py
[2024-06-24T17:28:49.358+0000] {logging_mixin.py:150} INFO - [2024-06-24T17:28:49.358+0000] {dag.py:2742} INFO - Sync 1 DAGs
[2024-06-24T17:28:49.373+0000] {logging_mixin.py:150} INFO - [2024-06-24T17:28:49.373+0000] {dag.py:3504} INFO - Setting next_dagrun for example_params_trigger_ui to None, run_after=None
[2024-06-24T17:28:49.414+0000] {processor.py:179} INFO - Processing /usr/local/python/3.10.13/lib/python3.10/site-packages/airflow/example_dags/example_params_trigger_ui.py took 0.105 seconds
[2024-06-24T17:29:41.628+0000] {processor.py:157} INFO - Started process (PID=18867) to work on /usr/local/python/3.10.13/lib/python3.10/site-packages/airflow/example_dags/example_params_trigger_ui.py
[2024-06-24T17:29:41.629+0000] {processor.py:826} INFO - Processing file /usr/local/python/3.10.13/lib/python3.10/site-packages/airflow/example_dags/example_params_trigger_ui.py for tasks to queue
[2024-06-24T17:29:41.630+0000] {logging_mixin.py:150} INFO - [2024-06-24T17:29:41.630+0000] {dagbag.py:541} INFO - Filling up the DagBag from /usr/local/python/3.10.13/lib/python3.10/site-packages/airflow/example_dags/example_params_trigger_ui.py
[2024-06-24T17:29:41.643+0000] {processor.py:836} INFO - DAG(s) dict_keys(['example_params_trigger_ui']) retrieved from /usr/local/python/3.10.13/lib/python3.10/site-packages/airflow/example_dags/example_params_trigger_ui.py
[2024-06-24T17:29:41.700+0000] {logging_mixin.py:150} INFO - [2024-06-24T17:29:41.700+0000] {dag.py:2742} INFO - Sync 1 DAGs
[2024-06-24T17:29:41.716+0000] {logging_mixin.py:150} INFO - [2024-06-24T17:29:41.716+0000] {dag.py:3504} INFO - Setting next_dagrun for example_params_trigger_ui to None, run_after=None
[2024-06-24T17:29:41.759+0000] {processor.py:179} INFO - Processing /usr/local/python/3.10.13/lib/python3.10/site-packages/airflow/example_dags/example_params_trigger_ui.py took 0.133 seconds
[2024-06-24T17:30:34.028+0000] {processor.py:157} INFO - Started process (PID=19232) to work on /usr/local/python/3.10.13/lib/python3.10/site-packages/airflow/example_dags/example_params_trigger_ui.py
[2024-06-24T17:30:34.029+0000] {processor.py:826} INFO - Processing file /usr/local/python/3.10.13/lib/python3.10/site-packages/airflow/example_dags/example_params_trigger_ui.py for tasks to queue
[2024-06-24T17:30:34.029+0000] {logging_mixin.py:150} INFO - [2024-06-24T17:30:34.029+0000] {dagbag.py:541} INFO - Filling up the DagBag from /usr/local/python/3.10.13/lib/python3.10/site-packages/airflow/example_dags/example_params_trigger_ui.py
[2024-06-24T17:30:34.042+0000] {processor.py:836} INFO - DAG(s) dict_keys(['example_params_trigger_ui']) retrieved from /usr/local/python/3.10.13/lib/python3.10/site-packages/airflow/example_dags/example_params_trigger_ui.py
[2024-06-24T17:30:34.076+0000] {logging_mixin.py:150} INFO - [2024-06-24T17:30:34.076+0000] {dag.py:2742} INFO - Sync 1 DAGs
[2024-06-24T17:30:34.091+0000] {logging_mixin.py:150} INFO - [2024-06-24T17:30:34.091+0000] {dag.py:3504} INFO - Setting next_dagrun for example_params_trigger_ui to None, run_after=None
[2024-06-24T17:30:34.129+0000] {processor.py:179} INFO - Processing /usr/local/python/3.10.13/lib/python3.10/site-packages/airflow/example_dags/example_params_trigger_ui.py took 0.103 seconds
[2024-06-24T17:31:26.470+0000] {processor.py:157} INFO - Started process (PID=19605) to work on /usr/local/python/3.10.13/lib/python3.10/site-packages/airflow/example_dags/example_params_trigger_ui.py
[2024-06-24T17:31:26.471+0000] {processor.py:826} INFO - Processing file /usr/local/python/3.10.13/lib/python3.10/site-packages/airflow/example_dags/example_params_trigger_ui.py for tasks to queue
[2024-06-24T17:31:26.472+0000] {logging_mixin.py:150} INFO - [2024-06-24T17:31:26.472+0000] {dagbag.py:541} INFO - Filling up the DagBag from /usr/local/python/3.10.13/lib/python3.10/site-packages/airflow/example_dags/example_params_trigger_ui.py
[2024-06-24T17:31:26.493+0000] {processor.py:836} INFO - DAG(s) dict_keys(['example_params_trigger_ui']) retrieved from /usr/local/python/3.10.13/lib/python3.10/site-packages/airflow/example_dags/example_params_trigger_ui.py
[2024-06-24T17:31:26.547+0000] {logging_mixin.py:150} INFO - [2024-06-24T17:31:26.547+0000] {dag.py:2742} INFO - Sync 1 DAGs
[2024-06-24T17:31:26.572+0000] {logging_mixin.py:150} INFO - [2024-06-24T17:31:26.571+0000] {dag.py:3504} INFO - Setting next_dagrun for example_params_trigger_ui to None, run_after=None
[2024-06-24T17:31:26.621+0000] {processor.py:179} INFO - Processing /usr/local/python/3.10.13/lib/python3.10/site-packages/airflow/example_dags/example_params_trigger_ui.py took 0.154 seconds
