[2024-06-24T15:55:20.366+0000] {processor.py:157} INFO - Started process (PID=13874) to work on /usr/local/python/3.10.13/lib/python3.10/site-packages/airflow/example_dags/example_complex.py
[2024-06-24T15:55:20.367+0000] {processor.py:826} INFO - Processing file /usr/local/python/3.10.13/lib/python3.10/site-packages/airflow/example_dags/example_complex.py for tasks to queue
[2024-06-24T15:55:20.367+0000] {logging_mixin.py:150} INFO - [2024-06-24T15:55:20.367+0000] {dagbag.py:541} INFO - Filling up the DagBag from /usr/local/python/3.10.13/lib/python3.10/site-packages/airflow/example_dags/example_complex.py
[2024-06-24T15:55:20.376+0000] {processor.py:836} INFO - DAG(s) dict_keys(['example_complex']) retrieved from /usr/local/python/3.10.13/lib/python3.10/site-packages/airflow/example_dags/example_complex.py
[2024-06-24T15:55:20.522+0000] {logging_mixin.py:150} INFO - [2024-06-24T15:55:20.522+0000] {manager.py:504} INFO - Created Permission View: can delete on DAG:example_complex
[2024-06-24T15:55:20.556+0000] {logging_mixin.py:150} INFO - [2024-06-24T15:55:20.556+0000] {manager.py:504} INFO - Created Permission View: can read on DAG:example_complex
[2024-06-24T15:55:20.588+0000] {logging_mixin.py:150} INFO - [2024-06-24T15:55:20.588+0000] {manager.py:504} INFO - Created Permission View: can edit on DAG:example_complex
[2024-06-24T15:55:20.597+0000] {logging_mixin.py:150} INFO - [2024-06-24T15:55:20.596+0000] {dag.py:2742} INFO - Sync 1 DAGs
[2024-06-24T15:55:20.604+0000] {logging_mixin.py:150} INFO - [2024-06-24T15:55:20.604+0000] {dag.py:2763} INFO - Creating ORM DAG for example_complex
[2024-06-24T15:55:20.610+0000] {logging_mixin.py:150} INFO - [2024-06-24T15:55:20.610+0000] {dag.py:3504} INFO - Setting next_dagrun for example_complex to None, run_after=None
[2024-06-24T15:55:20.659+0000] {processor.py:179} INFO - Processing /usr/local/python/3.10.13/lib/python3.10/site-packages/airflow/example_dags/example_complex.py took 0.295 seconds
[2024-06-24T15:56:08.944+0000] {processor.py:157} INFO - Started process (PID=14218) to work on /usr/local/python/3.10.13/lib/python3.10/site-packages/airflow/example_dags/example_complex.py
[2024-06-24T15:56:08.945+0000] {processor.py:826} INFO - Processing file /usr/local/python/3.10.13/lib/python3.10/site-packages/airflow/example_dags/example_complex.py for tasks to queue
[2024-06-24T15:56:08.946+0000] {logging_mixin.py:150} INFO - [2024-06-24T15:56:08.946+0000] {dagbag.py:541} INFO - Filling up the DagBag from /usr/local/python/3.10.13/lib/python3.10/site-packages/airflow/example_dags/example_complex.py
[2024-06-24T15:56:08.955+0000] {processor.py:836} INFO - DAG(s) dict_keys(['example_complex']) retrieved from /usr/local/python/3.10.13/lib/python3.10/site-packages/airflow/example_dags/example_complex.py
[2024-06-24T15:56:08.975+0000] {logging_mixin.py:150} INFO - [2024-06-24T15:56:08.975+0000] {dag.py:2742} INFO - Sync 1 DAGs
[2024-06-24T15:56:08.991+0000] {logging_mixin.py:150} INFO - [2024-06-24T15:56:08.991+0000] {dag.py:3504} INFO - Setting next_dagrun for example_complex to None, run_after=None
[2024-06-24T15:56:09.030+0000] {processor.py:179} INFO - Processing /usr/local/python/3.10.13/lib/python3.10/site-packages/airflow/example_dags/example_complex.py took 0.088 seconds
[2024-06-24T16:02:06.273+0000] {processor.py:157} INFO - Started process (PID=16824) to work on /usr/local/python/3.10.13/lib/python3.10/site-packages/airflow/example_dags/example_complex.py
[2024-06-24T16:02:06.273+0000] {processor.py:826} INFO - Processing file /usr/local/python/3.10.13/lib/python3.10/site-packages/airflow/example_dags/example_complex.py for tasks to queue
[2024-06-24T16:02:06.274+0000] {logging_mixin.py:150} INFO - [2024-06-24T16:02:06.274+0000] {dagbag.py:541} INFO - Filling up the DagBag from /usr/local/python/3.10.13/lib/python3.10/site-packages/airflow/example_dags/example_complex.py
[2024-06-24T16:02:06.282+0000] {processor.py:836} INFO - DAG(s) dict_keys(['example_complex']) retrieved from /usr/local/python/3.10.13/lib/python3.10/site-packages/airflow/example_dags/example_complex.py
[2024-06-24T16:02:06.305+0000] {logging_mixin.py:150} INFO - [2024-06-24T16:02:06.305+0000] {dag.py:2742} INFO - Sync 1 DAGs
[2024-06-24T16:02:06.325+0000] {logging_mixin.py:150} INFO - [2024-06-24T16:02:06.325+0000] {dag.py:3504} INFO - Setting next_dagrun for example_complex to None, run_after=None
[2024-06-24T16:02:06.373+0000] {processor.py:179} INFO - Processing /usr/local/python/3.10.13/lib/python3.10/site-packages/airflow/example_dags/example_complex.py took 0.103 seconds
[2024-06-24T16:02:59.103+0000] {processor.py:157} INFO - Started process (PID=17229) to work on /usr/local/python/3.10.13/lib/python3.10/site-packages/airflow/example_dags/example_complex.py
[2024-06-24T16:02:59.104+0000] {processor.py:826} INFO - Processing file /usr/local/python/3.10.13/lib/python3.10/site-packages/airflow/example_dags/example_complex.py for tasks to queue
[2024-06-24T16:02:59.105+0000] {logging_mixin.py:150} INFO - [2024-06-24T16:02:59.104+0000] {dagbag.py:541} INFO - Filling up the DagBag from /usr/local/python/3.10.13/lib/python3.10/site-packages/airflow/example_dags/example_complex.py
[2024-06-24T16:02:59.113+0000] {processor.py:836} INFO - DAG(s) dict_keys(['example_complex']) retrieved from /usr/local/python/3.10.13/lib/python3.10/site-packages/airflow/example_dags/example_complex.py
[2024-06-24T16:02:59.133+0000] {logging_mixin.py:150} INFO - [2024-06-24T16:02:59.133+0000] {dag.py:2742} INFO - Sync 1 DAGs
[2024-06-24T16:02:59.149+0000] {logging_mixin.py:150} INFO - [2024-06-24T16:02:59.148+0000] {dag.py:3504} INFO - Setting next_dagrun for example_complex to None, run_after=None
[2024-06-24T16:02:59.186+0000] {processor.py:179} INFO - Processing /usr/local/python/3.10.13/lib/python3.10/site-packages/airflow/example_dags/example_complex.py took 0.085 seconds
[2024-06-24T16:03:46.804+0000] {processor.py:157} INFO - Started process (PID=17608) to work on /usr/local/python/3.10.13/lib/python3.10/site-packages/airflow/example_dags/example_complex.py
[2024-06-24T16:03:46.804+0000] {processor.py:826} INFO - Processing file /usr/local/python/3.10.13/lib/python3.10/site-packages/airflow/example_dags/example_complex.py for tasks to queue
[2024-06-24T16:03:46.805+0000] {logging_mixin.py:150} INFO - [2024-06-24T16:03:46.805+0000] {dagbag.py:541} INFO - Filling up the DagBag from /usr/local/python/3.10.13/lib/python3.10/site-packages/airflow/example_dags/example_complex.py
[2024-06-24T16:03:46.814+0000] {processor.py:836} INFO - DAG(s) dict_keys(['example_complex']) retrieved from /usr/local/python/3.10.13/lib/python3.10/site-packages/airflow/example_dags/example_complex.py
[2024-06-24T16:03:46.835+0000] {logging_mixin.py:150} INFO - [2024-06-24T16:03:46.835+0000] {dag.py:2742} INFO - Sync 1 DAGs
[2024-06-24T16:03:46.850+0000] {logging_mixin.py:150} INFO - [2024-06-24T16:03:46.850+0000] {dag.py:3504} INFO - Setting next_dagrun for example_complex to None, run_after=None
[2024-06-24T16:03:46.888+0000] {processor.py:179} INFO - Processing /usr/local/python/3.10.13/lib/python3.10/site-packages/airflow/example_dags/example_complex.py took 0.087 seconds
[2024-06-24T16:04:33.587+0000] {processor.py:157} INFO - Started process (PID=17957) to work on /usr/local/python/3.10.13/lib/python3.10/site-packages/airflow/example_dags/example_complex.py
[2024-06-24T16:04:33.587+0000] {processor.py:826} INFO - Processing file /usr/local/python/3.10.13/lib/python3.10/site-packages/airflow/example_dags/example_complex.py for tasks to queue
[2024-06-24T16:04:33.588+0000] {logging_mixin.py:150} INFO - [2024-06-24T16:04:33.588+0000] {dagbag.py:541} INFO - Filling up the DagBag from /usr/local/python/3.10.13/lib/python3.10/site-packages/airflow/example_dags/example_complex.py
[2024-06-24T16:04:33.596+0000] {processor.py:836} INFO - DAG(s) dict_keys(['example_complex']) retrieved from /usr/local/python/3.10.13/lib/python3.10/site-packages/airflow/example_dags/example_complex.py
[2024-06-24T16:04:33.617+0000] {logging_mixin.py:150} INFO - [2024-06-24T16:04:33.617+0000] {dag.py:2742} INFO - Sync 1 DAGs
[2024-06-24T16:04:33.632+0000] {logging_mixin.py:150} INFO - [2024-06-24T16:04:33.632+0000] {dag.py:3504} INFO - Setting next_dagrun for example_complex to None, run_after=None
[2024-06-24T16:04:33.672+0000] {processor.py:179} INFO - Processing /usr/local/python/3.10.13/lib/python3.10/site-packages/airflow/example_dags/example_complex.py took 0.087 seconds
[2024-06-24T16:05:23.439+0000] {processor.py:157} INFO - Started process (PID=18345) to work on /usr/local/python/3.10.13/lib/python3.10/site-packages/airflow/example_dags/example_complex.py
[2024-06-24T16:05:23.439+0000] {processor.py:826} INFO - Processing file /usr/local/python/3.10.13/lib/python3.10/site-packages/airflow/example_dags/example_complex.py for tasks to queue
[2024-06-24T16:05:23.440+0000] {logging_mixin.py:150} INFO - [2024-06-24T16:05:23.440+0000] {dagbag.py:541} INFO - Filling up the DagBag from /usr/local/python/3.10.13/lib/python3.10/site-packages/airflow/example_dags/example_complex.py
[2024-06-24T16:05:23.449+0000] {processor.py:836} INFO - DAG(s) dict_keys(['example_complex']) retrieved from /usr/local/python/3.10.13/lib/python3.10/site-packages/airflow/example_dags/example_complex.py
[2024-06-24T16:05:23.475+0000] {logging_mixin.py:150} INFO - [2024-06-24T16:05:23.475+0000] {dag.py:2742} INFO - Sync 1 DAGs
[2024-06-24T16:05:23.490+0000] {logging_mixin.py:150} INFO - [2024-06-24T16:05:23.490+0000] {dag.py:3504} INFO - Setting next_dagrun for example_complex to None, run_after=None
[2024-06-24T16:05:23.538+0000] {processor.py:179} INFO - Processing /usr/local/python/3.10.13/lib/python3.10/site-packages/airflow/example_dags/example_complex.py took 0.101 seconds
[2024-06-24T16:06:08.865+0000] {processor.py:157} INFO - Started process (PID=18709) to work on /usr/local/python/3.10.13/lib/python3.10/site-packages/airflow/example_dags/example_complex.py
[2024-06-24T16:06:08.865+0000] {processor.py:826} INFO - Processing file /usr/local/python/3.10.13/lib/python3.10/site-packages/airflow/example_dags/example_complex.py for tasks to queue
[2024-06-24T16:06:08.866+0000] {logging_mixin.py:150} INFO - [2024-06-24T16:06:08.866+0000] {dagbag.py:541} INFO - Filling up the DagBag from /usr/local/python/3.10.13/lib/python3.10/site-packages/airflow/example_dags/example_complex.py
[2024-06-24T16:06:08.875+0000] {processor.py:836} INFO - DAG(s) dict_keys(['example_complex']) retrieved from /usr/local/python/3.10.13/lib/python3.10/site-packages/airflow/example_dags/example_complex.py
[2024-06-24T16:06:08.897+0000] {logging_mixin.py:150} INFO - [2024-06-24T16:06:08.897+0000] {dag.py:2742} INFO - Sync 1 DAGs
[2024-06-24T16:06:08.914+0000] {logging_mixin.py:150} INFO - [2024-06-24T16:06:08.913+0000] {dag.py:3504} INFO - Setting next_dagrun for example_complex to None, run_after=None
[2024-06-24T16:06:08.954+0000] {processor.py:179} INFO - Processing /usr/local/python/3.10.13/lib/python3.10/site-packages/airflow/example_dags/example_complex.py took 0.091 seconds
[2024-06-24T16:06:56.180+0000] {processor.py:157} INFO - Started process (PID=19063) to work on /usr/local/python/3.10.13/lib/python3.10/site-packages/airflow/example_dags/example_complex.py
[2024-06-24T16:06:56.180+0000] {processor.py:826} INFO - Processing file /usr/local/python/3.10.13/lib/python3.10/site-packages/airflow/example_dags/example_complex.py for tasks to queue
[2024-06-24T16:06:56.181+0000] {logging_mixin.py:150} INFO - [2024-06-24T16:06:56.181+0000] {dagbag.py:541} INFO - Filling up the DagBag from /usr/local/python/3.10.13/lib/python3.10/site-packages/airflow/example_dags/example_complex.py
[2024-06-24T16:06:56.189+0000] {processor.py:836} INFO - DAG(s) dict_keys(['example_complex']) retrieved from /usr/local/python/3.10.13/lib/python3.10/site-packages/airflow/example_dags/example_complex.py
[2024-06-24T16:06:56.209+0000] {logging_mixin.py:150} INFO - [2024-06-24T16:06:56.209+0000] {dag.py:2742} INFO - Sync 1 DAGs
[2024-06-24T16:06:56.224+0000] {logging_mixin.py:150} INFO - [2024-06-24T16:06:56.224+0000] {dag.py:3504} INFO - Setting next_dagrun for example_complex to None, run_after=None
[2024-06-24T16:06:56.264+0000] {processor.py:179} INFO - Processing /usr/local/python/3.10.13/lib/python3.10/site-packages/airflow/example_dags/example_complex.py took 0.087 seconds
[2024-06-24T16:07:42.817+0000] {processor.py:157} INFO - Started process (PID=19436) to work on /usr/local/python/3.10.13/lib/python3.10/site-packages/airflow/example_dags/example_complex.py
[2024-06-24T16:07:42.818+0000] {processor.py:826} INFO - Processing file /usr/local/python/3.10.13/lib/python3.10/site-packages/airflow/example_dags/example_complex.py for tasks to queue
[2024-06-24T16:07:42.819+0000] {logging_mixin.py:150} INFO - [2024-06-24T16:07:42.818+0000] {dagbag.py:541} INFO - Filling up the DagBag from /usr/local/python/3.10.13/lib/python3.10/site-packages/airflow/example_dags/example_complex.py
[2024-06-24T16:07:42.827+0000] {processor.py:836} INFO - DAG(s) dict_keys(['example_complex']) retrieved from /usr/local/python/3.10.13/lib/python3.10/site-packages/airflow/example_dags/example_complex.py
[2024-06-24T16:07:42.848+0000] {logging_mixin.py:150} INFO - [2024-06-24T16:07:42.848+0000] {dag.py:2742} INFO - Sync 1 DAGs
[2024-06-24T16:07:42.862+0000] {logging_mixin.py:150} INFO - [2024-06-24T16:07:42.862+0000] {dag.py:3504} INFO - Setting next_dagrun for example_complex to None, run_after=None
[2024-06-24T16:07:42.901+0000] {processor.py:179} INFO - Processing /usr/local/python/3.10.13/lib/python3.10/site-packages/airflow/example_dags/example_complex.py took 0.086 seconds
[2024-06-24T16:08:32.322+0000] {processor.py:157} INFO - Started process (PID=19817) to work on /usr/local/python/3.10.13/lib/python3.10/site-packages/airflow/example_dags/example_complex.py
[2024-06-24T16:08:32.323+0000] {processor.py:826} INFO - Processing file /usr/local/python/3.10.13/lib/python3.10/site-packages/airflow/example_dags/example_complex.py for tasks to queue
[2024-06-24T16:08:32.324+0000] {logging_mixin.py:150} INFO - [2024-06-24T16:08:32.324+0000] {dagbag.py:541} INFO - Filling up the DagBag from /usr/local/python/3.10.13/lib/python3.10/site-packages/airflow/example_dags/example_complex.py
[2024-06-24T16:08:32.342+0000] {processor.py:836} INFO - DAG(s) dict_keys(['example_complex']) retrieved from /usr/local/python/3.10.13/lib/python3.10/site-packages/airflow/example_dags/example_complex.py
[2024-06-24T16:08:32.375+0000] {logging_mixin.py:150} INFO - [2024-06-24T16:08:32.375+0000] {dag.py:2742} INFO - Sync 1 DAGs
[2024-06-24T16:08:32.391+0000] {logging_mixin.py:150} INFO - [2024-06-24T16:08:32.391+0000] {dag.py:3504} INFO - Setting next_dagrun for example_complex to None, run_after=None
[2024-06-24T16:08:32.432+0000] {processor.py:179} INFO - Processing /usr/local/python/3.10.13/lib/python3.10/site-packages/airflow/example_dags/example_complex.py took 0.112 seconds
[2024-06-24T16:09:19.018+0000] {processor.py:157} INFO - Started process (PID=20142) to work on /usr/local/python/3.10.13/lib/python3.10/site-packages/airflow/example_dags/example_complex.py
[2024-06-24T16:09:19.019+0000] {processor.py:826} INFO - Processing file /usr/local/python/3.10.13/lib/python3.10/site-packages/airflow/example_dags/example_complex.py for tasks to queue
[2024-06-24T16:09:19.020+0000] {logging_mixin.py:150} INFO - [2024-06-24T16:09:19.020+0000] {dagbag.py:541} INFO - Filling up the DagBag from /usr/local/python/3.10.13/lib/python3.10/site-packages/airflow/example_dags/example_complex.py
[2024-06-24T16:09:19.029+0000] {processor.py:836} INFO - DAG(s) dict_keys(['example_complex']) retrieved from /usr/local/python/3.10.13/lib/python3.10/site-packages/airflow/example_dags/example_complex.py
[2024-06-24T16:09:19.049+0000] {logging_mixin.py:150} INFO - [2024-06-24T16:09:19.049+0000] {dag.py:2742} INFO - Sync 1 DAGs
[2024-06-24T16:09:19.065+0000] {logging_mixin.py:150} INFO - [2024-06-24T16:09:19.065+0000] {dag.py:3504} INFO - Setting next_dagrun for example_complex to None, run_after=None
[2024-06-24T16:09:19.106+0000] {processor.py:179} INFO - Processing /usr/local/python/3.10.13/lib/python3.10/site-packages/airflow/example_dags/example_complex.py took 0.091 seconds
[2024-06-24T16:10:05.640+0000] {processor.py:157} INFO - Started process (PID=20476) to work on /usr/local/python/3.10.13/lib/python3.10/site-packages/airflow/example_dags/example_complex.py
[2024-06-24T16:10:05.641+0000] {processor.py:826} INFO - Processing file /usr/local/python/3.10.13/lib/python3.10/site-packages/airflow/example_dags/example_complex.py for tasks to queue
[2024-06-24T16:10:05.641+0000] {logging_mixin.py:150} INFO - [2024-06-24T16:10:05.641+0000] {dagbag.py:541} INFO - Filling up the DagBag from /usr/local/python/3.10.13/lib/python3.10/site-packages/airflow/example_dags/example_complex.py
[2024-06-24T16:10:05.650+0000] {processor.py:836} INFO - DAG(s) dict_keys(['example_complex']) retrieved from /usr/local/python/3.10.13/lib/python3.10/site-packages/airflow/example_dags/example_complex.py
[2024-06-24T16:10:05.685+0000] {logging_mixin.py:150} INFO - [2024-06-24T16:10:05.684+0000] {dag.py:2742} INFO - Sync 1 DAGs
[2024-06-24T16:10:05.708+0000] {logging_mixin.py:150} INFO - [2024-06-24T16:10:05.708+0000] {dag.py:3504} INFO - Setting next_dagrun for example_complex to None, run_after=None
[2024-06-24T16:10:05.755+0000] {processor.py:179} INFO - Processing /usr/local/python/3.10.13/lib/python3.10/site-packages/airflow/example_dags/example_complex.py took 0.117 seconds
[2024-06-24T16:10:54.389+0000] {processor.py:157} INFO - Started process (PID=20817) to work on /usr/local/python/3.10.13/lib/python3.10/site-packages/airflow/example_dags/example_complex.py
[2024-06-24T16:10:54.390+0000] {processor.py:826} INFO - Processing file /usr/local/python/3.10.13/lib/python3.10/site-packages/airflow/example_dags/example_complex.py for tasks to queue
[2024-06-24T16:10:54.391+0000] {logging_mixin.py:150} INFO - [2024-06-24T16:10:54.390+0000] {dagbag.py:541} INFO - Filling up the DagBag from /usr/local/python/3.10.13/lib/python3.10/site-packages/airflow/example_dags/example_complex.py
[2024-06-24T16:10:54.399+0000] {processor.py:836} INFO - DAG(s) dict_keys(['example_complex']) retrieved from /usr/local/python/3.10.13/lib/python3.10/site-packages/airflow/example_dags/example_complex.py
[2024-06-24T16:10:54.421+0000] {logging_mixin.py:150} INFO - [2024-06-24T16:10:54.421+0000] {dag.py:2742} INFO - Sync 1 DAGs
[2024-06-24T16:10:54.436+0000] {logging_mixin.py:150} INFO - [2024-06-24T16:10:54.436+0000] {dag.py:3504} INFO - Setting next_dagrun for example_complex to None, run_after=None
[2024-06-24T16:10:54.481+0000] {processor.py:179} INFO - Processing /usr/local/python/3.10.13/lib/python3.10/site-packages/airflow/example_dags/example_complex.py took 0.094 seconds
[2024-06-24T16:11:43.095+0000] {processor.py:157} INFO - Started process (PID=21157) to work on /usr/local/python/3.10.13/lib/python3.10/site-packages/airflow/example_dags/example_complex.py
[2024-06-24T16:11:43.096+0000] {processor.py:826} INFO - Processing file /usr/local/python/3.10.13/lib/python3.10/site-packages/airflow/example_dags/example_complex.py for tasks to queue
[2024-06-24T16:11:43.096+0000] {logging_mixin.py:150} INFO - [2024-06-24T16:11:43.096+0000] {dagbag.py:541} INFO - Filling up the DagBag from /usr/local/python/3.10.13/lib/python3.10/site-packages/airflow/example_dags/example_complex.py
[2024-06-24T16:11:43.105+0000] {processor.py:836} INFO - DAG(s) dict_keys(['example_complex']) retrieved from /usr/local/python/3.10.13/lib/python3.10/site-packages/airflow/example_dags/example_complex.py
[2024-06-24T16:11:43.128+0000] {logging_mixin.py:150} INFO - [2024-06-24T16:11:43.128+0000] {dag.py:2742} INFO - Sync 1 DAGs
[2024-06-24T16:11:43.143+0000] {logging_mixin.py:150} INFO - [2024-06-24T16:11:43.143+0000] {dag.py:3504} INFO - Setting next_dagrun for example_complex to None, run_after=None
[2024-06-24T16:11:43.181+0000] {processor.py:179} INFO - Processing /usr/local/python/3.10.13/lib/python3.10/site-packages/airflow/example_dags/example_complex.py took 0.089 seconds
[2024-06-24T16:12:31.479+0000] {processor.py:157} INFO - Started process (PID=21482) to work on /usr/local/python/3.10.13/lib/python3.10/site-packages/airflow/example_dags/example_complex.py
[2024-06-24T16:12:31.480+0000] {processor.py:826} INFO - Processing file /usr/local/python/3.10.13/lib/python3.10/site-packages/airflow/example_dags/example_complex.py for tasks to queue
[2024-06-24T16:12:31.481+0000] {logging_mixin.py:150} INFO - [2024-06-24T16:12:31.480+0000] {dagbag.py:541} INFO - Filling up the DagBag from /usr/local/python/3.10.13/lib/python3.10/site-packages/airflow/example_dags/example_complex.py
[2024-06-24T16:12:31.489+0000] {processor.py:836} INFO - DAG(s) dict_keys(['example_complex']) retrieved from /usr/local/python/3.10.13/lib/python3.10/site-packages/airflow/example_dags/example_complex.py
[2024-06-24T16:12:31.509+0000] {logging_mixin.py:150} INFO - [2024-06-24T16:12:31.509+0000] {dag.py:2742} INFO - Sync 1 DAGs
[2024-06-24T16:12:31.524+0000] {logging_mixin.py:150} INFO - [2024-06-24T16:12:31.523+0000] {dag.py:3504} INFO - Setting next_dagrun for example_complex to None, run_after=None
[2024-06-24T16:12:31.576+0000] {processor.py:179} INFO - Processing /usr/local/python/3.10.13/lib/python3.10/site-packages/airflow/example_dags/example_complex.py took 0.099 seconds
[2024-06-24T16:13:19.743+0000] {processor.py:157} INFO - Started process (PID=21824) to work on /usr/local/python/3.10.13/lib/python3.10/site-packages/airflow/example_dags/example_complex.py
[2024-06-24T16:13:19.744+0000] {processor.py:826} INFO - Processing file /usr/local/python/3.10.13/lib/python3.10/site-packages/airflow/example_dags/example_complex.py for tasks to queue
[2024-06-24T16:13:19.744+0000] {logging_mixin.py:150} INFO - [2024-06-24T16:13:19.744+0000] {dagbag.py:541} INFO - Filling up the DagBag from /usr/local/python/3.10.13/lib/python3.10/site-packages/airflow/example_dags/example_complex.py
[2024-06-24T16:13:19.754+0000] {processor.py:836} INFO - DAG(s) dict_keys(['example_complex']) retrieved from /usr/local/python/3.10.13/lib/python3.10/site-packages/airflow/example_dags/example_complex.py
[2024-06-24T16:13:19.775+0000] {logging_mixin.py:150} INFO - [2024-06-24T16:13:19.775+0000] {dag.py:2742} INFO - Sync 1 DAGs
[2024-06-24T16:13:19.792+0000] {logging_mixin.py:150} INFO - [2024-06-24T16:13:19.792+0000] {dag.py:3504} INFO - Setting next_dagrun for example_complex to None, run_after=None
[2024-06-24T16:13:19.835+0000] {processor.py:179} INFO - Processing /usr/local/python/3.10.13/lib/python3.10/site-packages/airflow/example_dags/example_complex.py took 0.094 seconds
[2024-06-24T16:14:07.429+0000] {processor.py:157} INFO - Started process (PID=22159) to work on /usr/local/python/3.10.13/lib/python3.10/site-packages/airflow/example_dags/example_complex.py
[2024-06-24T16:14:07.429+0000] {processor.py:826} INFO - Processing file /usr/local/python/3.10.13/lib/python3.10/site-packages/airflow/example_dags/example_complex.py for tasks to queue
[2024-06-24T16:14:07.430+0000] {logging_mixin.py:150} INFO - [2024-06-24T16:14:07.430+0000] {dagbag.py:541} INFO - Filling up the DagBag from /usr/local/python/3.10.13/lib/python3.10/site-packages/airflow/example_dags/example_complex.py
[2024-06-24T16:14:07.439+0000] {processor.py:836} INFO - DAG(s) dict_keys(['example_complex']) retrieved from /usr/local/python/3.10.13/lib/python3.10/site-packages/airflow/example_dags/example_complex.py
[2024-06-24T16:14:07.460+0000] {logging_mixin.py:150} INFO - [2024-06-24T16:14:07.460+0000] {dag.py:2742} INFO - Sync 1 DAGs
[2024-06-24T16:14:07.476+0000] {logging_mixin.py:150} INFO - [2024-06-24T16:14:07.476+0000] {dag.py:3504} INFO - Setting next_dagrun for example_complex to None, run_after=None
[2024-06-24T16:14:07.519+0000] {processor.py:179} INFO - Processing /usr/local/python/3.10.13/lib/python3.10/site-packages/airflow/example_dags/example_complex.py took 0.093 seconds
[2024-06-24T16:14:52.844+0000] {processor.py:157} INFO - Started process (PID=22462) to work on /usr/local/python/3.10.13/lib/python3.10/site-packages/airflow/example_dags/example_complex.py
[2024-06-24T16:14:52.845+0000] {processor.py:826} INFO - Processing file /usr/local/python/3.10.13/lib/python3.10/site-packages/airflow/example_dags/example_complex.py for tasks to queue
[2024-06-24T16:14:52.845+0000] {logging_mixin.py:150} INFO - [2024-06-24T16:14:52.845+0000] {dagbag.py:541} INFO - Filling up the DagBag from /usr/local/python/3.10.13/lib/python3.10/site-packages/airflow/example_dags/example_complex.py
[2024-06-24T16:14:52.854+0000] {processor.py:836} INFO - DAG(s) dict_keys(['example_complex']) retrieved from /usr/local/python/3.10.13/lib/python3.10/site-packages/airflow/example_dags/example_complex.py
[2024-06-24T16:14:52.874+0000] {logging_mixin.py:150} INFO - [2024-06-24T16:14:52.874+0000] {dag.py:2742} INFO - Sync 1 DAGs
[2024-06-24T16:14:52.888+0000] {logging_mixin.py:150} INFO - [2024-06-24T16:14:52.888+0000] {dag.py:3504} INFO - Setting next_dagrun for example_complex to None, run_after=None
[2024-06-24T16:14:52.931+0000] {processor.py:179} INFO - Processing /usr/local/python/3.10.13/lib/python3.10/site-packages/airflow/example_dags/example_complex.py took 0.089 seconds
[2024-06-24T16:15:36.827+0000] {processor.py:157} INFO - Started process (PID=22782) to work on /usr/local/python/3.10.13/lib/python3.10/site-packages/airflow/example_dags/example_complex.py
[2024-06-24T16:15:36.828+0000] {processor.py:826} INFO - Processing file /usr/local/python/3.10.13/lib/python3.10/site-packages/airflow/example_dags/example_complex.py for tasks to queue
[2024-06-24T16:15:36.828+0000] {logging_mixin.py:150} INFO - [2024-06-24T16:15:36.828+0000] {dagbag.py:541} INFO - Filling up the DagBag from /usr/local/python/3.10.13/lib/python3.10/site-packages/airflow/example_dags/example_complex.py
[2024-06-24T16:15:36.837+0000] {processor.py:836} INFO - DAG(s) dict_keys(['example_complex']) retrieved from /usr/local/python/3.10.13/lib/python3.10/site-packages/airflow/example_dags/example_complex.py
[2024-06-24T16:15:36.857+0000] {logging_mixin.py:150} INFO - [2024-06-24T16:15:36.857+0000] {dag.py:2742} INFO - Sync 1 DAGs
[2024-06-24T16:15:36.872+0000] {logging_mixin.py:150} INFO - [2024-06-24T16:15:36.871+0000] {dag.py:3504} INFO - Setting next_dagrun for example_complex to None, run_after=None
[2024-06-24T16:15:36.909+0000] {processor.py:179} INFO - Processing /usr/local/python/3.10.13/lib/python3.10/site-packages/airflow/example_dags/example_complex.py took 0.084 seconds
[2024-06-24T16:16:22.453+0000] {processor.py:157} INFO - Started process (PID=23089) to work on /usr/local/python/3.10.13/lib/python3.10/site-packages/airflow/example_dags/example_complex.py
[2024-06-24T16:16:22.454+0000] {processor.py:826} INFO - Processing file /usr/local/python/3.10.13/lib/python3.10/site-packages/airflow/example_dags/example_complex.py for tasks to queue
[2024-06-24T16:16:22.455+0000] {logging_mixin.py:150} INFO - [2024-06-24T16:16:22.454+0000] {dagbag.py:541} INFO - Filling up the DagBag from /usr/local/python/3.10.13/lib/python3.10/site-packages/airflow/example_dags/example_complex.py
[2024-06-24T16:16:22.463+0000] {processor.py:836} INFO - DAG(s) dict_keys(['example_complex']) retrieved from /usr/local/python/3.10.13/lib/python3.10/site-packages/airflow/example_dags/example_complex.py
[2024-06-24T16:16:22.485+0000] {logging_mixin.py:150} INFO - [2024-06-24T16:16:22.485+0000] {dag.py:2742} INFO - Sync 1 DAGs
[2024-06-24T16:16:22.502+0000] {logging_mixin.py:150} INFO - [2024-06-24T16:16:22.501+0000] {dag.py:3504} INFO - Setting next_dagrun for example_complex to None, run_after=None
[2024-06-24T16:16:22.545+0000] {processor.py:179} INFO - Processing /usr/local/python/3.10.13/lib/python3.10/site-packages/airflow/example_dags/example_complex.py took 0.094 seconds
[2024-06-24T16:17:07.875+0000] {processor.py:157} INFO - Started process (PID=23394) to work on /usr/local/python/3.10.13/lib/python3.10/site-packages/airflow/example_dags/example_complex.py
[2024-06-24T16:17:07.876+0000] {processor.py:826} INFO - Processing file /usr/local/python/3.10.13/lib/python3.10/site-packages/airflow/example_dags/example_complex.py for tasks to queue
[2024-06-24T16:17:07.877+0000] {logging_mixin.py:150} INFO - [2024-06-24T16:17:07.877+0000] {dagbag.py:541} INFO - Filling up the DagBag from /usr/local/python/3.10.13/lib/python3.10/site-packages/airflow/example_dags/example_complex.py
[2024-06-24T16:17:07.892+0000] {processor.py:836} INFO - DAG(s) dict_keys(['example_complex']) retrieved from /usr/local/python/3.10.13/lib/python3.10/site-packages/airflow/example_dags/example_complex.py
[2024-06-24T16:17:07.924+0000] {logging_mixin.py:150} INFO - [2024-06-24T16:17:07.924+0000] {dag.py:2742} INFO - Sync 1 DAGs
[2024-06-24T16:17:07.939+0000] {logging_mixin.py:150} INFO - [2024-06-24T16:17:07.939+0000] {dag.py:3504} INFO - Setting next_dagrun for example_complex to None, run_after=None
[2024-06-24T16:17:07.977+0000] {processor.py:179} INFO - Processing /usr/local/python/3.10.13/lib/python3.10/site-packages/airflow/example_dags/example_complex.py took 0.105 seconds
[2024-06-24T16:17:54.282+0000] {processor.py:157} INFO - Started process (PID=23725) to work on /usr/local/python/3.10.13/lib/python3.10/site-packages/airflow/example_dags/example_complex.py
[2024-06-24T16:17:54.282+0000] {processor.py:826} INFO - Processing file /usr/local/python/3.10.13/lib/python3.10/site-packages/airflow/example_dags/example_complex.py for tasks to queue
[2024-06-24T16:17:54.283+0000] {logging_mixin.py:150} INFO - [2024-06-24T16:17:54.283+0000] {dagbag.py:541} INFO - Filling up the DagBag from /usr/local/python/3.10.13/lib/python3.10/site-packages/airflow/example_dags/example_complex.py
[2024-06-24T16:17:54.291+0000] {processor.py:836} INFO - DAG(s) dict_keys(['example_complex']) retrieved from /usr/local/python/3.10.13/lib/python3.10/site-packages/airflow/example_dags/example_complex.py
[2024-06-24T16:17:54.312+0000] {logging_mixin.py:150} INFO - [2024-06-24T16:17:54.311+0000] {dag.py:2742} INFO - Sync 1 DAGs
[2024-06-24T16:17:54.326+0000] {logging_mixin.py:150} INFO - [2024-06-24T16:17:54.326+0000] {dag.py:3504} INFO - Setting next_dagrun for example_complex to None, run_after=None
[2024-06-24T16:17:54.369+0000] {processor.py:179} INFO - Processing /usr/local/python/3.10.13/lib/python3.10/site-packages/airflow/example_dags/example_complex.py took 0.090 seconds
[2024-06-24T16:18:37.660+0000] {processor.py:157} INFO - Started process (PID=24028) to work on /usr/local/python/3.10.13/lib/python3.10/site-packages/airflow/example_dags/example_complex.py
[2024-06-24T16:18:37.660+0000] {processor.py:826} INFO - Processing file /usr/local/python/3.10.13/lib/python3.10/site-packages/airflow/example_dags/example_complex.py for tasks to queue
[2024-06-24T16:18:37.661+0000] {logging_mixin.py:150} INFO - [2024-06-24T16:18:37.661+0000] {dagbag.py:541} INFO - Filling up the DagBag from /usr/local/python/3.10.13/lib/python3.10/site-packages/airflow/example_dags/example_complex.py
[2024-06-24T16:18:37.670+0000] {processor.py:836} INFO - DAG(s) dict_keys(['example_complex']) retrieved from /usr/local/python/3.10.13/lib/python3.10/site-packages/airflow/example_dags/example_complex.py
[2024-06-24T16:18:37.690+0000] {logging_mixin.py:150} INFO - [2024-06-24T16:18:37.690+0000] {dag.py:2742} INFO - Sync 1 DAGs
[2024-06-24T16:18:37.704+0000] {logging_mixin.py:150} INFO - [2024-06-24T16:18:37.704+0000] {dag.py:3504} INFO - Setting next_dagrun for example_complex to None, run_after=None
[2024-06-24T16:18:37.750+0000] {processor.py:179} INFO - Processing /usr/local/python/3.10.13/lib/python3.10/site-packages/airflow/example_dags/example_complex.py took 0.092 seconds
[2024-06-24T16:19:26.604+0000] {processor.py:157} INFO - Started process (PID=24363) to work on /usr/local/python/3.10.13/lib/python3.10/site-packages/airflow/example_dags/example_complex.py
[2024-06-24T16:19:26.605+0000] {processor.py:826} INFO - Processing file /usr/local/python/3.10.13/lib/python3.10/site-packages/airflow/example_dags/example_complex.py for tasks to queue
[2024-06-24T16:19:26.606+0000] {logging_mixin.py:150} INFO - [2024-06-24T16:19:26.605+0000] {dagbag.py:541} INFO - Filling up the DagBag from /usr/local/python/3.10.13/lib/python3.10/site-packages/airflow/example_dags/example_complex.py
[2024-06-24T16:19:26.614+0000] {processor.py:836} INFO - DAG(s) dict_keys(['example_complex']) retrieved from /usr/local/python/3.10.13/lib/python3.10/site-packages/airflow/example_dags/example_complex.py
[2024-06-24T16:19:26.635+0000] {logging_mixin.py:150} INFO - [2024-06-24T16:19:26.635+0000] {dag.py:2742} INFO - Sync 1 DAGs
[2024-06-24T16:19:26.651+0000] {logging_mixin.py:150} INFO - [2024-06-24T16:19:26.651+0000] {dag.py:3504} INFO - Setting next_dagrun for example_complex to None, run_after=None
[2024-06-24T16:19:26.699+0000] {processor.py:179} INFO - Processing /usr/local/python/3.10.13/lib/python3.10/site-packages/airflow/example_dags/example_complex.py took 0.097 seconds
[2024-06-24T16:20:13.616+0000] {processor.py:157} INFO - Started process (PID=24689) to work on /usr/local/python/3.10.13/lib/python3.10/site-packages/airflow/example_dags/example_complex.py
[2024-06-24T16:20:13.617+0000] {processor.py:826} INFO - Processing file /usr/local/python/3.10.13/lib/python3.10/site-packages/airflow/example_dags/example_complex.py for tasks to queue
[2024-06-24T16:20:13.617+0000] {logging_mixin.py:150} INFO - [2024-06-24T16:20:13.617+0000] {dagbag.py:541} INFO - Filling up the DagBag from /usr/local/python/3.10.13/lib/python3.10/site-packages/airflow/example_dags/example_complex.py
[2024-06-24T16:20:13.628+0000] {processor.py:836} INFO - DAG(s) dict_keys(['example_complex']) retrieved from /usr/local/python/3.10.13/lib/python3.10/site-packages/airflow/example_dags/example_complex.py
[2024-06-24T16:20:13.663+0000] {logging_mixin.py:150} INFO - [2024-06-24T16:20:13.663+0000] {dag.py:2742} INFO - Sync 1 DAGs
[2024-06-24T16:20:13.684+0000] {logging_mixin.py:150} INFO - [2024-06-24T16:20:13.684+0000] {dag.py:3504} INFO - Setting next_dagrun for example_complex to None, run_after=None
[2024-06-24T16:20:13.725+0000] {processor.py:179} INFO - Processing /usr/local/python/3.10.13/lib/python3.10/site-packages/airflow/example_dags/example_complex.py took 0.112 seconds
[2024-06-24T16:20:58.616+0000] {processor.py:157} INFO - Started process (PID=25000) to work on /usr/local/python/3.10.13/lib/python3.10/site-packages/airflow/example_dags/example_complex.py
[2024-06-24T16:20:58.617+0000] {processor.py:826} INFO - Processing file /usr/local/python/3.10.13/lib/python3.10/site-packages/airflow/example_dags/example_complex.py for tasks to queue
[2024-06-24T16:20:58.618+0000] {logging_mixin.py:150} INFO - [2024-06-24T16:20:58.617+0000] {dagbag.py:541} INFO - Filling up the DagBag from /usr/local/python/3.10.13/lib/python3.10/site-packages/airflow/example_dags/example_complex.py
[2024-06-24T16:20:58.627+0000] {processor.py:836} INFO - DAG(s) dict_keys(['example_complex']) retrieved from /usr/local/python/3.10.13/lib/python3.10/site-packages/airflow/example_dags/example_complex.py
[2024-06-24T16:20:58.650+0000] {logging_mixin.py:150} INFO - [2024-06-24T16:20:58.650+0000] {dag.py:2742} INFO - Sync 1 DAGs
[2024-06-24T16:20:58.666+0000] {logging_mixin.py:150} INFO - [2024-06-24T16:20:58.666+0000] {dag.py:3504} INFO - Setting next_dagrun for example_complex to None, run_after=None
[2024-06-24T16:20:58.707+0000] {processor.py:179} INFO - Processing /usr/local/python/3.10.13/lib/python3.10/site-packages/airflow/example_dags/example_complex.py took 0.094 seconds
[2024-06-24T16:21:48.673+0000] {processor.py:157} INFO - Started process (PID=25349) to work on /usr/local/python/3.10.13/lib/python3.10/site-packages/airflow/example_dags/example_complex.py
[2024-06-24T16:21:48.674+0000] {processor.py:826} INFO - Processing file /usr/local/python/3.10.13/lib/python3.10/site-packages/airflow/example_dags/example_complex.py for tasks to queue
[2024-06-24T16:21:48.674+0000] {logging_mixin.py:150} INFO - [2024-06-24T16:21:48.674+0000] {dagbag.py:541} INFO - Filling up the DagBag from /usr/local/python/3.10.13/lib/python3.10/site-packages/airflow/example_dags/example_complex.py
[2024-06-24T16:21:48.683+0000] {processor.py:836} INFO - DAG(s) dict_keys(['example_complex']) retrieved from /usr/local/python/3.10.13/lib/python3.10/site-packages/airflow/example_dags/example_complex.py
[2024-06-24T16:21:48.704+0000] {logging_mixin.py:150} INFO - [2024-06-24T16:21:48.704+0000] {dag.py:2742} INFO - Sync 1 DAGs
[2024-06-24T16:21:48.723+0000] {logging_mixin.py:150} INFO - [2024-06-24T16:21:48.723+0000] {dag.py:3504} INFO - Setting next_dagrun for example_complex to None, run_after=None
[2024-06-24T16:21:48.770+0000] {processor.py:179} INFO - Processing /usr/local/python/3.10.13/lib/python3.10/site-packages/airflow/example_dags/example_complex.py took 0.099 seconds
[2024-06-24T16:22:39.355+0000] {processor.py:157} INFO - Started process (PID=25699) to work on /usr/local/python/3.10.13/lib/python3.10/site-packages/airflow/example_dags/example_complex.py
[2024-06-24T16:22:39.355+0000] {processor.py:826} INFO - Processing file /usr/local/python/3.10.13/lib/python3.10/site-packages/airflow/example_dags/example_complex.py for tasks to queue
[2024-06-24T16:22:39.356+0000] {logging_mixin.py:150} INFO - [2024-06-24T16:22:39.356+0000] {dagbag.py:541} INFO - Filling up the DagBag from /usr/local/python/3.10.13/lib/python3.10/site-packages/airflow/example_dags/example_complex.py
[2024-06-24T16:22:39.364+0000] {processor.py:836} INFO - DAG(s) dict_keys(['example_complex']) retrieved from /usr/local/python/3.10.13/lib/python3.10/site-packages/airflow/example_dags/example_complex.py
[2024-06-24T16:22:39.384+0000] {logging_mixin.py:150} INFO - [2024-06-24T16:22:39.384+0000] {dag.py:2742} INFO - Sync 1 DAGs
[2024-06-24T16:22:39.399+0000] {logging_mixin.py:150} INFO - [2024-06-24T16:22:39.399+0000] {dag.py:3504} INFO - Setting next_dagrun for example_complex to None, run_after=None
[2024-06-24T16:22:39.441+0000] {processor.py:179} INFO - Processing /usr/local/python/3.10.13/lib/python3.10/site-packages/airflow/example_dags/example_complex.py took 0.089 seconds
[2024-06-24T16:23:23.349+0000] {processor.py:157} INFO - Started process (PID=25995) to work on /usr/local/python/3.10.13/lib/python3.10/site-packages/airflow/example_dags/example_complex.py
[2024-06-24T16:23:23.350+0000] {processor.py:826} INFO - Processing file /usr/local/python/3.10.13/lib/python3.10/site-packages/airflow/example_dags/example_complex.py for tasks to queue
[2024-06-24T16:23:23.350+0000] {logging_mixin.py:150} INFO - [2024-06-24T16:23:23.350+0000] {dagbag.py:541} INFO - Filling up the DagBag from /usr/local/python/3.10.13/lib/python3.10/site-packages/airflow/example_dags/example_complex.py
[2024-06-24T16:23:23.359+0000] {processor.py:836} INFO - DAG(s) dict_keys(['example_complex']) retrieved from /usr/local/python/3.10.13/lib/python3.10/site-packages/airflow/example_dags/example_complex.py
[2024-06-24T16:23:23.379+0000] {logging_mixin.py:150} INFO - [2024-06-24T16:23:23.379+0000] {dag.py:2742} INFO - Sync 1 DAGs
[2024-06-24T16:23:23.395+0000] {logging_mixin.py:150} INFO - [2024-06-24T16:23:23.395+0000] {dag.py:3504} INFO - Setting next_dagrun for example_complex to None, run_after=None
[2024-06-24T16:23:23.434+0000] {processor.py:179} INFO - Processing /usr/local/python/3.10.13/lib/python3.10/site-packages/airflow/example_dags/example_complex.py took 0.088 seconds
[2024-06-24T16:24:07.135+0000] {processor.py:157} INFO - Started process (PID=26321) to work on /usr/local/python/3.10.13/lib/python3.10/site-packages/airflow/example_dags/example_complex.py
[2024-06-24T16:24:07.135+0000] {processor.py:826} INFO - Processing file /usr/local/python/3.10.13/lib/python3.10/site-packages/airflow/example_dags/example_complex.py for tasks to queue
[2024-06-24T16:24:07.136+0000] {logging_mixin.py:150} INFO - [2024-06-24T16:24:07.136+0000] {dagbag.py:541} INFO - Filling up the DagBag from /usr/local/python/3.10.13/lib/python3.10/site-packages/airflow/example_dags/example_complex.py
[2024-06-24T16:24:07.145+0000] {processor.py:836} INFO - DAG(s) dict_keys(['example_complex']) retrieved from /usr/local/python/3.10.13/lib/python3.10/site-packages/airflow/example_dags/example_complex.py
[2024-06-24T16:24:07.166+0000] {logging_mixin.py:150} INFO - [2024-06-24T16:24:07.166+0000] {dag.py:2742} INFO - Sync 1 DAGs
[2024-06-24T16:24:07.182+0000] {logging_mixin.py:150} INFO - [2024-06-24T16:24:07.181+0000] {dag.py:3504} INFO - Setting next_dagrun for example_complex to None, run_after=None
[2024-06-24T16:24:07.223+0000] {processor.py:179} INFO - Processing /usr/local/python/3.10.13/lib/python3.10/site-packages/airflow/example_dags/example_complex.py took 0.091 seconds
[2024-06-24T16:24:53.757+0000] {processor.py:157} INFO - Started process (PID=26632) to work on /usr/local/python/3.10.13/lib/python3.10/site-packages/airflow/example_dags/example_complex.py
[2024-06-24T16:24:53.757+0000] {processor.py:826} INFO - Processing file /usr/local/python/3.10.13/lib/python3.10/site-packages/airflow/example_dags/example_complex.py for tasks to queue
[2024-06-24T16:24:53.758+0000] {logging_mixin.py:150} INFO - [2024-06-24T16:24:53.758+0000] {dagbag.py:541} INFO - Filling up the DagBag from /usr/local/python/3.10.13/lib/python3.10/site-packages/airflow/example_dags/example_complex.py
[2024-06-24T16:24:53.767+0000] {processor.py:836} INFO - DAG(s) dict_keys(['example_complex']) retrieved from /usr/local/python/3.10.13/lib/python3.10/site-packages/airflow/example_dags/example_complex.py
[2024-06-24T16:24:53.789+0000] {logging_mixin.py:150} INFO - [2024-06-24T16:24:53.788+0000] {dag.py:2742} INFO - Sync 1 DAGs
[2024-06-24T16:24:53.806+0000] {logging_mixin.py:150} INFO - [2024-06-24T16:24:53.806+0000] {dag.py:3504} INFO - Setting next_dagrun for example_complex to None, run_after=None
[2024-06-24T16:24:53.849+0000] {processor.py:179} INFO - Processing /usr/local/python/3.10.13/lib/python3.10/site-packages/airflow/example_dags/example_complex.py took 0.095 seconds
[2024-06-24T16:25:42.970+0000] {processor.py:157} INFO - Started process (PID=26974) to work on /usr/local/python/3.10.13/lib/python3.10/site-packages/airflow/example_dags/example_complex.py
[2024-06-24T16:25:42.971+0000] {processor.py:826} INFO - Processing file /usr/local/python/3.10.13/lib/python3.10/site-packages/airflow/example_dags/example_complex.py for tasks to queue
[2024-06-24T16:25:42.971+0000] {logging_mixin.py:150} INFO - [2024-06-24T16:25:42.971+0000] {dagbag.py:541} INFO - Filling up the DagBag from /usr/local/python/3.10.13/lib/python3.10/site-packages/airflow/example_dags/example_complex.py
[2024-06-24T16:25:42.980+0000] {processor.py:836} INFO - DAG(s) dict_keys(['example_complex']) retrieved from /usr/local/python/3.10.13/lib/python3.10/site-packages/airflow/example_dags/example_complex.py
[2024-06-24T16:25:43.001+0000] {logging_mixin.py:150} INFO - [2024-06-24T16:25:43.001+0000] {dag.py:2742} INFO - Sync 1 DAGs
[2024-06-24T16:25:43.018+0000] {logging_mixin.py:150} INFO - [2024-06-24T16:25:43.018+0000] {dag.py:3504} INFO - Setting next_dagrun for example_complex to None, run_after=None
[2024-06-24T16:25:43.060+0000] {processor.py:179} INFO - Processing /usr/local/python/3.10.13/lib/python3.10/site-packages/airflow/example_dags/example_complex.py took 0.092 seconds
[2024-06-24T16:26:28.870+0000] {processor.py:157} INFO - Started process (PID=27300) to work on /usr/local/python/3.10.13/lib/python3.10/site-packages/airflow/example_dags/example_complex.py
[2024-06-24T16:26:28.871+0000] {processor.py:826} INFO - Processing file /usr/local/python/3.10.13/lib/python3.10/site-packages/airflow/example_dags/example_complex.py for tasks to queue
[2024-06-24T16:26:28.872+0000] {logging_mixin.py:150} INFO - [2024-06-24T16:26:28.871+0000] {dagbag.py:541} INFO - Filling up the DagBag from /usr/local/python/3.10.13/lib/python3.10/site-packages/airflow/example_dags/example_complex.py
[2024-06-24T16:26:28.880+0000] {processor.py:836} INFO - DAG(s) dict_keys(['example_complex']) retrieved from /usr/local/python/3.10.13/lib/python3.10/site-packages/airflow/example_dags/example_complex.py
[2024-06-24T16:26:28.900+0000] {logging_mixin.py:150} INFO - [2024-06-24T16:26:28.900+0000] {dag.py:2742} INFO - Sync 1 DAGs
[2024-06-24T16:26:28.916+0000] {logging_mixin.py:150} INFO - [2024-06-24T16:26:28.916+0000] {dag.py:3504} INFO - Setting next_dagrun for example_complex to None, run_after=None
[2024-06-24T16:26:28.958+0000] {processor.py:179} INFO - Processing /usr/local/python/3.10.13/lib/python3.10/site-packages/airflow/example_dags/example_complex.py took 0.089 seconds
[2024-06-24T16:27:16.255+0000] {processor.py:157} INFO - Started process (PID=27612) to work on /usr/local/python/3.10.13/lib/python3.10/site-packages/airflow/example_dags/example_complex.py
[2024-06-24T16:27:16.256+0000] {processor.py:826} INFO - Processing file /usr/local/python/3.10.13/lib/python3.10/site-packages/airflow/example_dags/example_complex.py for tasks to queue
[2024-06-24T16:27:16.257+0000] {logging_mixin.py:150} INFO - [2024-06-24T16:27:16.256+0000] {dagbag.py:541} INFO - Filling up the DagBag from /usr/local/python/3.10.13/lib/python3.10/site-packages/airflow/example_dags/example_complex.py
[2024-06-24T16:27:16.265+0000] {processor.py:836} INFO - DAG(s) dict_keys(['example_complex']) retrieved from /usr/local/python/3.10.13/lib/python3.10/site-packages/airflow/example_dags/example_complex.py
[2024-06-24T16:27:16.295+0000] {logging_mixin.py:150} INFO - [2024-06-24T16:27:16.294+0000] {dag.py:2742} INFO - Sync 1 DAGs
[2024-06-24T16:27:16.318+0000] {logging_mixin.py:150} INFO - [2024-06-24T16:27:16.318+0000] {dag.py:3504} INFO - Setting next_dagrun for example_complex to None, run_after=None
[2024-06-24T16:27:16.364+0000] {processor.py:179} INFO - Processing /usr/local/python/3.10.13/lib/python3.10/site-packages/airflow/example_dags/example_complex.py took 0.111 seconds
[2024-06-24T16:28:00.322+0000] {processor.py:157} INFO - Started process (PID=27939) to work on /usr/local/python/3.10.13/lib/python3.10/site-packages/airflow/example_dags/example_complex.py
[2024-06-24T16:28:00.323+0000] {processor.py:826} INFO - Processing file /usr/local/python/3.10.13/lib/python3.10/site-packages/airflow/example_dags/example_complex.py for tasks to queue
[2024-06-24T16:28:00.324+0000] {logging_mixin.py:150} INFO - [2024-06-24T16:28:00.323+0000] {dagbag.py:541} INFO - Filling up the DagBag from /usr/local/python/3.10.13/lib/python3.10/site-packages/airflow/example_dags/example_complex.py
[2024-06-24T16:28:00.332+0000] {processor.py:836} INFO - DAG(s) dict_keys(['example_complex']) retrieved from /usr/local/python/3.10.13/lib/python3.10/site-packages/airflow/example_dags/example_complex.py
[2024-06-24T16:28:00.353+0000] {logging_mixin.py:150} INFO - [2024-06-24T16:28:00.353+0000] {dag.py:2742} INFO - Sync 1 DAGs
[2024-06-24T16:28:00.369+0000] {logging_mixin.py:150} INFO - [2024-06-24T16:28:00.369+0000] {dag.py:3504} INFO - Setting next_dagrun for example_complex to None, run_after=None
[2024-06-24T16:28:00.409+0000] {processor.py:179} INFO - Processing /usr/local/python/3.10.13/lib/python3.10/site-packages/airflow/example_dags/example_complex.py took 0.089 seconds
[2024-06-24T16:28:47.967+0000] {processor.py:157} INFO - Started process (PID=28252) to work on /usr/local/python/3.10.13/lib/python3.10/site-packages/airflow/example_dags/example_complex.py
[2024-06-24T16:28:47.968+0000] {processor.py:826} INFO - Processing file /usr/local/python/3.10.13/lib/python3.10/site-packages/airflow/example_dags/example_complex.py for tasks to queue
[2024-06-24T16:28:47.968+0000] {logging_mixin.py:150} INFO - [2024-06-24T16:28:47.968+0000] {dagbag.py:541} INFO - Filling up the DagBag from /usr/local/python/3.10.13/lib/python3.10/site-packages/airflow/example_dags/example_complex.py
[2024-06-24T16:28:47.978+0000] {processor.py:836} INFO - DAG(s) dict_keys(['example_complex']) retrieved from /usr/local/python/3.10.13/lib/python3.10/site-packages/airflow/example_dags/example_complex.py
[2024-06-24T16:28:48.000+0000] {logging_mixin.py:150} INFO - [2024-06-24T16:28:48.000+0000] {dag.py:2742} INFO - Sync 1 DAGs
[2024-06-24T16:28:48.016+0000] {logging_mixin.py:150} INFO - [2024-06-24T16:28:48.016+0000] {dag.py:3504} INFO - Setting next_dagrun for example_complex to None, run_after=None
[2024-06-24T16:28:48.057+0000] {processor.py:179} INFO - Processing /usr/local/python/3.10.13/lib/python3.10/site-packages/airflow/example_dags/example_complex.py took 0.092 seconds
[2024-06-24T16:29:35.188+0000] {processor.py:157} INFO - Started process (PID=28593) to work on /usr/local/python/3.10.13/lib/python3.10/site-packages/airflow/example_dags/example_complex.py
[2024-06-24T16:29:35.189+0000] {processor.py:826} INFO - Processing file /usr/local/python/3.10.13/lib/python3.10/site-packages/airflow/example_dags/example_complex.py for tasks to queue
[2024-06-24T16:29:35.189+0000] {logging_mixin.py:150} INFO - [2024-06-24T16:29:35.189+0000] {dagbag.py:541} INFO - Filling up the DagBag from /usr/local/python/3.10.13/lib/python3.10/site-packages/airflow/example_dags/example_complex.py
[2024-06-24T16:29:35.198+0000] {processor.py:836} INFO - DAG(s) dict_keys(['example_complex']) retrieved from /usr/local/python/3.10.13/lib/python3.10/site-packages/airflow/example_dags/example_complex.py
[2024-06-24T16:29:35.218+0000] {logging_mixin.py:150} INFO - [2024-06-24T16:29:35.218+0000] {dag.py:2742} INFO - Sync 1 DAGs
[2024-06-24T16:29:35.233+0000] {logging_mixin.py:150} INFO - [2024-06-24T16:29:35.233+0000] {dag.py:3504} INFO - Setting next_dagrun for example_complex to None, run_after=None
[2024-06-24T16:29:35.274+0000] {processor.py:179} INFO - Processing /usr/local/python/3.10.13/lib/python3.10/site-packages/airflow/example_dags/example_complex.py took 0.088 seconds
[2024-06-24T16:30:23.676+0000] {processor.py:157} INFO - Started process (PID=28930) to work on /usr/local/python/3.10.13/lib/python3.10/site-packages/airflow/example_dags/example_complex.py
[2024-06-24T16:30:23.677+0000] {processor.py:826} INFO - Processing file /usr/local/python/3.10.13/lib/python3.10/site-packages/airflow/example_dags/example_complex.py for tasks to queue
[2024-06-24T16:30:23.677+0000] {logging_mixin.py:150} INFO - [2024-06-24T16:30:23.677+0000] {dagbag.py:541} INFO - Filling up the DagBag from /usr/local/python/3.10.13/lib/python3.10/site-packages/airflow/example_dags/example_complex.py
[2024-06-24T16:30:23.686+0000] {processor.py:836} INFO - DAG(s) dict_keys(['example_complex']) retrieved from /usr/local/python/3.10.13/lib/python3.10/site-packages/airflow/example_dags/example_complex.py
[2024-06-24T16:30:23.707+0000] {logging_mixin.py:150} INFO - [2024-06-24T16:30:23.706+0000] {dag.py:2742} INFO - Sync 1 DAGs
[2024-06-24T16:30:23.722+0000] {logging_mixin.py:150} INFO - [2024-06-24T16:30:23.722+0000] {dag.py:3504} INFO - Setting next_dagrun for example_complex to None, run_after=None
[2024-06-24T16:30:23.764+0000] {processor.py:179} INFO - Processing /usr/local/python/3.10.13/lib/python3.10/site-packages/airflow/example_dags/example_complex.py took 0.090 seconds
[2024-06-24T16:31:11.831+0000] {processor.py:157} INFO - Started process (PID=29254) to work on /usr/local/python/3.10.13/lib/python3.10/site-packages/airflow/example_dags/example_complex.py
[2024-06-24T16:31:11.832+0000] {processor.py:826} INFO - Processing file /usr/local/python/3.10.13/lib/python3.10/site-packages/airflow/example_dags/example_complex.py for tasks to queue
[2024-06-24T16:31:11.833+0000] {logging_mixin.py:150} INFO - [2024-06-24T16:31:11.832+0000] {dagbag.py:541} INFO - Filling up the DagBag from /usr/local/python/3.10.13/lib/python3.10/site-packages/airflow/example_dags/example_complex.py
[2024-06-24T16:31:11.841+0000] {processor.py:836} INFO - DAG(s) dict_keys(['example_complex']) retrieved from /usr/local/python/3.10.13/lib/python3.10/site-packages/airflow/example_dags/example_complex.py
[2024-06-24T16:31:11.861+0000] {logging_mixin.py:150} INFO - [2024-06-24T16:31:11.861+0000] {dag.py:2742} INFO - Sync 1 DAGs
[2024-06-24T16:31:11.876+0000] {logging_mixin.py:150} INFO - [2024-06-24T16:31:11.875+0000] {dag.py:3504} INFO - Setting next_dagrun for example_complex to None, run_after=None
[2024-06-24T16:31:11.913+0000] {processor.py:179} INFO - Processing /usr/local/python/3.10.13/lib/python3.10/site-packages/airflow/example_dags/example_complex.py took 0.084 seconds
[2024-06-24T17:08:20.710+0000] {processor.py:157} INFO - Started process (PID=9600) to work on /usr/local/python/3.10.13/lib/python3.10/site-packages/airflow/example_dags/example_complex.py
[2024-06-24T17:08:20.711+0000] {processor.py:826} INFO - Processing file /usr/local/python/3.10.13/lib/python3.10/site-packages/airflow/example_dags/example_complex.py for tasks to queue
[2024-06-24T17:08:20.712+0000] {logging_mixin.py:150} INFO - [2024-06-24T17:08:20.711+0000] {dagbag.py:541} INFO - Filling up the DagBag from /usr/local/python/3.10.13/lib/python3.10/site-packages/airflow/example_dags/example_complex.py
[2024-06-24T17:08:20.726+0000] {processor.py:836} INFO - DAG(s) dict_keys(['example_complex']) retrieved from /usr/local/python/3.10.13/lib/python3.10/site-packages/airflow/example_dags/example_complex.py
[2024-06-24T17:08:20.759+0000] {logging_mixin.py:150} INFO - [2024-06-24T17:08:20.758+0000] {dag.py:2742} INFO - Sync 1 DAGs
[2024-06-24T17:08:20.774+0000] {logging_mixin.py:150} INFO - [2024-06-24T17:08:20.774+0000] {dag.py:3504} INFO - Setting next_dagrun for example_complex to None, run_after=None
[2024-06-24T17:08:20.812+0000] {processor.py:179} INFO - Processing /usr/local/python/3.10.13/lib/python3.10/site-packages/airflow/example_dags/example_complex.py took 0.106 seconds
[2024-06-24T17:09:14.091+0000] {processor.py:157} INFO - Started process (PID=9993) to work on /usr/local/python/3.10.13/lib/python3.10/site-packages/airflow/example_dags/example_complex.py
[2024-06-24T17:09:14.092+0000] {processor.py:826} INFO - Processing file /usr/local/python/3.10.13/lib/python3.10/site-packages/airflow/example_dags/example_complex.py for tasks to queue
[2024-06-24T17:09:14.093+0000] {logging_mixin.py:150} INFO - [2024-06-24T17:09:14.092+0000] {dagbag.py:541} INFO - Filling up the DagBag from /usr/local/python/3.10.13/lib/python3.10/site-packages/airflow/example_dags/example_complex.py
[2024-06-24T17:09:14.102+0000] {processor.py:836} INFO - DAG(s) dict_keys(['example_complex']) retrieved from /usr/local/python/3.10.13/lib/python3.10/site-packages/airflow/example_dags/example_complex.py
[2024-06-24T17:09:14.122+0000] {logging_mixin.py:150} INFO - [2024-06-24T17:09:14.122+0000] {dag.py:2742} INFO - Sync 1 DAGs
[2024-06-24T17:09:14.138+0000] {logging_mixin.py:150} INFO - [2024-06-24T17:09:14.137+0000] {dag.py:3504} INFO - Setting next_dagrun for example_complex to None, run_after=None
[2024-06-24T17:09:14.176+0000] {processor.py:179} INFO - Processing /usr/local/python/3.10.13/lib/python3.10/site-packages/airflow/example_dags/example_complex.py took 0.087 seconds
[2024-06-24T17:10:06.231+0000] {processor.py:157} INFO - Started process (PID=10355) to work on /usr/local/python/3.10.13/lib/python3.10/site-packages/airflow/example_dags/example_complex.py
[2024-06-24T17:10:06.232+0000] {processor.py:826} INFO - Processing file /usr/local/python/3.10.13/lib/python3.10/site-packages/airflow/example_dags/example_complex.py for tasks to queue
[2024-06-24T17:10:06.233+0000] {logging_mixin.py:150} INFO - [2024-06-24T17:10:06.232+0000] {dagbag.py:541} INFO - Filling up the DagBag from /usr/local/python/3.10.13/lib/python3.10/site-packages/airflow/example_dags/example_complex.py
[2024-06-24T17:10:06.241+0000] {processor.py:836} INFO - DAG(s) dict_keys(['example_complex']) retrieved from /usr/local/python/3.10.13/lib/python3.10/site-packages/airflow/example_dags/example_complex.py
[2024-06-24T17:10:06.262+0000] {logging_mixin.py:150} INFO - [2024-06-24T17:10:06.262+0000] {dag.py:2742} INFO - Sync 1 DAGs
[2024-06-24T17:10:06.276+0000] {logging_mixin.py:150} INFO - [2024-06-24T17:10:06.276+0000] {dag.py:3504} INFO - Setting next_dagrun for example_complex to None, run_after=None
[2024-06-24T17:10:06.328+0000] {processor.py:179} INFO - Processing /usr/local/python/3.10.13/lib/python3.10/site-packages/airflow/example_dags/example_complex.py took 0.099 seconds
[2024-06-24T17:10:54.939+0000] {processor.py:157} INFO - Started process (PID=10720) to work on /usr/local/python/3.10.13/lib/python3.10/site-packages/airflow/example_dags/example_complex.py
[2024-06-24T17:10:54.940+0000] {processor.py:826} INFO - Processing file /usr/local/python/3.10.13/lib/python3.10/site-packages/airflow/example_dags/example_complex.py for tasks to queue
[2024-06-24T17:10:54.941+0000] {logging_mixin.py:150} INFO - [2024-06-24T17:10:54.940+0000] {dagbag.py:541} INFO - Filling up the DagBag from /usr/local/python/3.10.13/lib/python3.10/site-packages/airflow/example_dags/example_complex.py
[2024-06-24T17:10:54.950+0000] {processor.py:836} INFO - DAG(s) dict_keys(['example_complex']) retrieved from /usr/local/python/3.10.13/lib/python3.10/site-packages/airflow/example_dags/example_complex.py
[2024-06-24T17:10:54.970+0000] {logging_mixin.py:150} INFO - [2024-06-24T17:10:54.970+0000] {dag.py:2742} INFO - Sync 1 DAGs
[2024-06-24T17:10:54.986+0000] {logging_mixin.py:150} INFO - [2024-06-24T17:10:54.985+0000] {dag.py:3504} INFO - Setting next_dagrun for example_complex to None, run_after=None
[2024-06-24T17:10:55.025+0000] {processor.py:179} INFO - Processing /usr/local/python/3.10.13/lib/python3.10/site-packages/airflow/example_dags/example_complex.py took 0.089 seconds
[2024-06-24T17:11:46.864+0000] {processor.py:157} INFO - Started process (PID=11100) to work on /usr/local/python/3.10.13/lib/python3.10/site-packages/airflow/example_dags/example_complex.py
[2024-06-24T17:11:46.865+0000] {processor.py:826} INFO - Processing file /usr/local/python/3.10.13/lib/python3.10/site-packages/airflow/example_dags/example_complex.py for tasks to queue
[2024-06-24T17:11:46.866+0000] {logging_mixin.py:150} INFO - [2024-06-24T17:11:46.866+0000] {dagbag.py:541} INFO - Filling up the DagBag from /usr/local/python/3.10.13/lib/python3.10/site-packages/airflow/example_dags/example_complex.py
[2024-06-24T17:11:46.874+0000] {processor.py:836} INFO - DAG(s) dict_keys(['example_complex']) retrieved from /usr/local/python/3.10.13/lib/python3.10/site-packages/airflow/example_dags/example_complex.py
[2024-06-24T17:11:46.895+0000] {logging_mixin.py:150} INFO - [2024-06-24T17:11:46.895+0000] {dag.py:2742} INFO - Sync 1 DAGs
[2024-06-24T17:11:46.911+0000] {logging_mixin.py:150} INFO - [2024-06-24T17:11:46.910+0000] {dag.py:3504} INFO - Setting next_dagrun for example_complex to None, run_after=None
[2024-06-24T17:11:46.950+0000] {processor.py:179} INFO - Processing /usr/local/python/3.10.13/lib/python3.10/site-packages/airflow/example_dags/example_complex.py took 0.088 seconds
[2024-06-24T17:12:45.191+0000] {processor.py:157} INFO - Started process (PID=11549) to work on /usr/local/python/3.10.13/lib/python3.10/site-packages/airflow/example_dags/example_complex.py
[2024-06-24T17:12:45.192+0000] {processor.py:826} INFO - Processing file /usr/local/python/3.10.13/lib/python3.10/site-packages/airflow/example_dags/example_complex.py for tasks to queue
[2024-06-24T17:12:45.193+0000] {logging_mixin.py:150} INFO - [2024-06-24T17:12:45.192+0000] {dagbag.py:541} INFO - Filling up the DagBag from /usr/local/python/3.10.13/lib/python3.10/site-packages/airflow/example_dags/example_complex.py
[2024-06-24T17:12:45.201+0000] {processor.py:836} INFO - DAG(s) dict_keys(['example_complex']) retrieved from /usr/local/python/3.10.13/lib/python3.10/site-packages/airflow/example_dags/example_complex.py
[2024-06-24T17:12:45.222+0000] {logging_mixin.py:150} INFO - [2024-06-24T17:12:45.222+0000] {dag.py:2742} INFO - Sync 1 DAGs
[2024-06-24T17:12:45.237+0000] {logging_mixin.py:150} INFO - [2024-06-24T17:12:45.237+0000] {dag.py:3504} INFO - Setting next_dagrun for example_complex to None, run_after=None
[2024-06-24T17:12:45.281+0000] {processor.py:179} INFO - Processing /usr/local/python/3.10.13/lib/python3.10/site-packages/airflow/example_dags/example_complex.py took 0.092 seconds
[2024-06-24T17:13:33.100+0000] {processor.py:157} INFO - Started process (PID=11921) to work on /usr/local/python/3.10.13/lib/python3.10/site-packages/airflow/example_dags/example_complex.py
[2024-06-24T17:13:33.101+0000] {processor.py:826} INFO - Processing file /usr/local/python/3.10.13/lib/python3.10/site-packages/airflow/example_dags/example_complex.py for tasks to queue
[2024-06-24T17:13:33.102+0000] {logging_mixin.py:150} INFO - [2024-06-24T17:13:33.102+0000] {dagbag.py:541} INFO - Filling up the DagBag from /usr/local/python/3.10.13/lib/python3.10/site-packages/airflow/example_dags/example_complex.py
[2024-06-24T17:13:33.110+0000] {processor.py:836} INFO - DAG(s) dict_keys(['example_complex']) retrieved from /usr/local/python/3.10.13/lib/python3.10/site-packages/airflow/example_dags/example_complex.py
[2024-06-24T17:13:33.132+0000] {logging_mixin.py:150} INFO - [2024-06-24T17:13:33.131+0000] {dag.py:2742} INFO - Sync 1 DAGs
[2024-06-24T17:13:33.148+0000] {logging_mixin.py:150} INFO - [2024-06-24T17:13:33.147+0000] {dag.py:3504} INFO - Setting next_dagrun for example_complex to None, run_after=None
[2024-06-24T17:13:33.199+0000] {processor.py:179} INFO - Processing /usr/local/python/3.10.13/lib/python3.10/site-packages/airflow/example_dags/example_complex.py took 0.101 seconds
[2024-06-24T17:14:17.574+0000] {processor.py:157} INFO - Started process (PID=12262) to work on /usr/local/python/3.10.13/lib/python3.10/site-packages/airflow/example_dags/example_complex.py
[2024-06-24T17:14:17.574+0000] {processor.py:826} INFO - Processing file /usr/local/python/3.10.13/lib/python3.10/site-packages/airflow/example_dags/example_complex.py for tasks to queue
[2024-06-24T17:14:17.575+0000] {logging_mixin.py:150} INFO - [2024-06-24T17:14:17.575+0000] {dagbag.py:541} INFO - Filling up the DagBag from /usr/local/python/3.10.13/lib/python3.10/site-packages/airflow/example_dags/example_complex.py
[2024-06-24T17:14:17.584+0000] {processor.py:836} INFO - DAG(s) dict_keys(['example_complex']) retrieved from /usr/local/python/3.10.13/lib/python3.10/site-packages/airflow/example_dags/example_complex.py
[2024-06-24T17:14:17.605+0000] {logging_mixin.py:150} INFO - [2024-06-24T17:14:17.605+0000] {dag.py:2742} INFO - Sync 1 DAGs
[2024-06-24T17:14:17.621+0000] {logging_mixin.py:150} INFO - [2024-06-24T17:14:17.621+0000] {dag.py:3504} INFO - Setting next_dagrun for example_complex to None, run_after=None
[2024-06-24T17:14:17.671+0000] {processor.py:179} INFO - Processing /usr/local/python/3.10.13/lib/python3.10/site-packages/airflow/example_dags/example_complex.py took 0.099 seconds
[2024-06-24T17:15:05.275+0000] {processor.py:157} INFO - Started process (PID=12642) to work on /usr/local/python/3.10.13/lib/python3.10/site-packages/airflow/example_dags/example_complex.py
[2024-06-24T17:15:05.276+0000] {processor.py:826} INFO - Processing file /usr/local/python/3.10.13/lib/python3.10/site-packages/airflow/example_dags/example_complex.py for tasks to queue
[2024-06-24T17:15:05.277+0000] {logging_mixin.py:150} INFO - [2024-06-24T17:15:05.276+0000] {dagbag.py:541} INFO - Filling up the DagBag from /usr/local/python/3.10.13/lib/python3.10/site-packages/airflow/example_dags/example_complex.py
[2024-06-24T17:15:05.285+0000] {processor.py:836} INFO - DAG(s) dict_keys(['example_complex']) retrieved from /usr/local/python/3.10.13/lib/python3.10/site-packages/airflow/example_dags/example_complex.py
[2024-06-24T17:15:05.306+0000] {logging_mixin.py:150} INFO - [2024-06-24T17:15:05.306+0000] {dag.py:2742} INFO - Sync 1 DAGs
[2024-06-24T17:15:05.322+0000] {logging_mixin.py:150} INFO - [2024-06-24T17:15:05.321+0000] {dag.py:3504} INFO - Setting next_dagrun for example_complex to None, run_after=None
[2024-06-24T17:15:05.372+0000] {processor.py:179} INFO - Processing /usr/local/python/3.10.13/lib/python3.10/site-packages/airflow/example_dags/example_complex.py took 0.099 seconds
[2024-06-24T17:15:55.960+0000] {processor.py:157} INFO - Started process (PID=13006) to work on /usr/local/python/3.10.13/lib/python3.10/site-packages/airflow/example_dags/example_complex.py
[2024-06-24T17:15:55.961+0000] {processor.py:826} INFO - Processing file /usr/local/python/3.10.13/lib/python3.10/site-packages/airflow/example_dags/example_complex.py for tasks to queue
[2024-06-24T17:15:55.962+0000] {logging_mixin.py:150} INFO - [2024-06-24T17:15:55.961+0000] {dagbag.py:541} INFO - Filling up the DagBag from /usr/local/python/3.10.13/lib/python3.10/site-packages/airflow/example_dags/example_complex.py
[2024-06-24T17:15:55.970+0000] {processor.py:836} INFO - DAG(s) dict_keys(['example_complex']) retrieved from /usr/local/python/3.10.13/lib/python3.10/site-packages/airflow/example_dags/example_complex.py
[2024-06-24T17:15:55.991+0000] {logging_mixin.py:150} INFO - [2024-06-24T17:15:55.990+0000] {dag.py:2742} INFO - Sync 1 DAGs
[2024-06-24T17:15:56.006+0000] {logging_mixin.py:150} INFO - [2024-06-24T17:15:56.005+0000] {dag.py:3504} INFO - Setting next_dagrun for example_complex to None, run_after=None
[2024-06-24T17:15:56.051+0000] {processor.py:179} INFO - Processing /usr/local/python/3.10.13/lib/python3.10/site-packages/airflow/example_dags/example_complex.py took 0.093 seconds
[2024-06-24T17:16:45.180+0000] {processor.py:157} INFO - Started process (PID=13386) to work on /usr/local/python/3.10.13/lib/python3.10/site-packages/airflow/example_dags/example_complex.py
[2024-06-24T17:16:45.180+0000] {processor.py:826} INFO - Processing file /usr/local/python/3.10.13/lib/python3.10/site-packages/airflow/example_dags/example_complex.py for tasks to queue
[2024-06-24T17:16:45.181+0000] {logging_mixin.py:150} INFO - [2024-06-24T17:16:45.181+0000] {dagbag.py:541} INFO - Filling up the DagBag from /usr/local/python/3.10.13/lib/python3.10/site-packages/airflow/example_dags/example_complex.py
[2024-06-24T17:16:45.190+0000] {processor.py:836} INFO - DAG(s) dict_keys(['example_complex']) retrieved from /usr/local/python/3.10.13/lib/python3.10/site-packages/airflow/example_dags/example_complex.py
[2024-06-24T17:16:45.210+0000] {logging_mixin.py:150} INFO - [2024-06-24T17:16:45.210+0000] {dag.py:2742} INFO - Sync 1 DAGs
[2024-06-24T17:16:45.225+0000] {logging_mixin.py:150} INFO - [2024-06-24T17:16:45.225+0000] {dag.py:3504} INFO - Setting next_dagrun for example_complex to None, run_after=None
[2024-06-24T17:16:45.270+0000] {processor.py:179} INFO - Processing /usr/local/python/3.10.13/lib/python3.10/site-packages/airflow/example_dags/example_complex.py took 0.092 seconds
[2024-06-24T17:17:37.638+0000] {processor.py:157} INFO - Started process (PID=13767) to work on /usr/local/python/3.10.13/lib/python3.10/site-packages/airflow/example_dags/example_complex.py
[2024-06-24T17:17:37.639+0000] {processor.py:826} INFO - Processing file /usr/local/python/3.10.13/lib/python3.10/site-packages/airflow/example_dags/example_complex.py for tasks to queue
[2024-06-24T17:17:37.639+0000] {logging_mixin.py:150} INFO - [2024-06-24T17:17:37.639+0000] {dagbag.py:541} INFO - Filling up the DagBag from /usr/local/python/3.10.13/lib/python3.10/site-packages/airflow/example_dags/example_complex.py
[2024-06-24T17:17:37.648+0000] {processor.py:836} INFO - DAG(s) dict_keys(['example_complex']) retrieved from /usr/local/python/3.10.13/lib/python3.10/site-packages/airflow/example_dags/example_complex.py
[2024-06-24T17:17:37.670+0000] {logging_mixin.py:150} INFO - [2024-06-24T17:17:37.670+0000] {dag.py:2742} INFO - Sync 1 DAGs
[2024-06-24T17:17:37.686+0000] {logging_mixin.py:150} INFO - [2024-06-24T17:17:37.685+0000] {dag.py:3504} INFO - Setting next_dagrun for example_complex to None, run_after=None
[2024-06-24T17:17:37.728+0000] {processor.py:179} INFO - Processing /usr/local/python/3.10.13/lib/python3.10/site-packages/airflow/example_dags/example_complex.py took 0.092 seconds
[2024-06-24T17:18:45.481+0000] {processor.py:157} INFO - Started process (PID=14262) to work on /usr/local/python/3.10.13/lib/python3.10/site-packages/airflow/example_dags/example_complex.py
[2024-06-24T17:18:45.482+0000] {processor.py:826} INFO - Processing file /usr/local/python/3.10.13/lib/python3.10/site-packages/airflow/example_dags/example_complex.py for tasks to queue
[2024-06-24T17:18:45.483+0000] {logging_mixin.py:150} INFO - [2024-06-24T17:18:45.482+0000] {dagbag.py:541} INFO - Filling up the DagBag from /usr/local/python/3.10.13/lib/python3.10/site-packages/airflow/example_dags/example_complex.py
[2024-06-24T17:18:45.493+0000] {processor.py:836} INFO - DAG(s) dict_keys(['example_complex']) retrieved from /usr/local/python/3.10.13/lib/python3.10/site-packages/airflow/example_dags/example_complex.py
[2024-06-24T17:18:45.526+0000] {logging_mixin.py:150} INFO - [2024-06-24T17:18:45.526+0000] {dag.py:2742} INFO - Sync 1 DAGs
[2024-06-24T17:18:45.548+0000] {logging_mixin.py:150} INFO - [2024-06-24T17:18:45.548+0000] {dag.py:3504} INFO - Setting next_dagrun for example_complex to None, run_after=None
[2024-06-24T17:18:45.599+0000] {processor.py:179} INFO - Processing /usr/local/python/3.10.13/lib/python3.10/site-packages/airflow/example_dags/example_complex.py took 0.120 seconds
[2024-06-24T17:19:39.847+0000] {processor.py:157} INFO - Started process (PID=14676) to work on /usr/local/python/3.10.13/lib/python3.10/site-packages/airflow/example_dags/example_complex.py
[2024-06-24T17:19:39.848+0000] {processor.py:826} INFO - Processing file /usr/local/python/3.10.13/lib/python3.10/site-packages/airflow/example_dags/example_complex.py for tasks to queue
[2024-06-24T17:19:39.849+0000] {logging_mixin.py:150} INFO - [2024-06-24T17:19:39.849+0000] {dagbag.py:541} INFO - Filling up the DagBag from /usr/local/python/3.10.13/lib/python3.10/site-packages/airflow/example_dags/example_complex.py
[2024-06-24T17:19:39.858+0000] {processor.py:836} INFO - DAG(s) dict_keys(['example_complex']) retrieved from /usr/local/python/3.10.13/lib/python3.10/site-packages/airflow/example_dags/example_complex.py
[2024-06-24T17:19:39.878+0000] {logging_mixin.py:150} INFO - [2024-06-24T17:19:39.878+0000] {dag.py:2742} INFO - Sync 1 DAGs
[2024-06-24T17:19:39.893+0000] {logging_mixin.py:150} INFO - [2024-06-24T17:19:39.893+0000] {dag.py:3504} INFO - Setting next_dagrun for example_complex to None, run_after=None
[2024-06-24T17:19:39.935+0000] {processor.py:179} INFO - Processing /usr/local/python/3.10.13/lib/python3.10/site-packages/airflow/example_dags/example_complex.py took 0.090 seconds
[2024-06-24T17:20:39.403+0000] {processor.py:157} INFO - Started process (PID=15097) to work on /usr/local/python/3.10.13/lib/python3.10/site-packages/airflow/example_dags/example_complex.py
[2024-06-24T17:20:39.403+0000] {processor.py:826} INFO - Processing file /usr/local/python/3.10.13/lib/python3.10/site-packages/airflow/example_dags/example_complex.py for tasks to queue
[2024-06-24T17:20:39.404+0000] {logging_mixin.py:150} INFO - [2024-06-24T17:20:39.404+0000] {dagbag.py:541} INFO - Filling up the DagBag from /usr/local/python/3.10.13/lib/python3.10/site-packages/airflow/example_dags/example_complex.py
[2024-06-24T17:20:39.413+0000] {processor.py:836} INFO - DAG(s) dict_keys(['example_complex']) retrieved from /usr/local/python/3.10.13/lib/python3.10/site-packages/airflow/example_dags/example_complex.py
[2024-06-24T17:20:39.433+0000] {logging_mixin.py:150} INFO - [2024-06-24T17:20:39.433+0000] {dag.py:2742} INFO - Sync 1 DAGs
[2024-06-24T17:20:39.447+0000] {logging_mixin.py:150} INFO - [2024-06-24T17:20:39.447+0000] {dag.py:3504} INFO - Setting next_dagrun for example_complex to None, run_after=None
[2024-06-24T17:20:39.486+0000] {processor.py:179} INFO - Processing /usr/local/python/3.10.13/lib/python3.10/site-packages/airflow/example_dags/example_complex.py took 0.086 seconds
[2024-06-24T17:21:35.419+0000] {processor.py:157} INFO - Started process (PID=15473) to work on /usr/local/python/3.10.13/lib/python3.10/site-packages/airflow/example_dags/example_complex.py
[2024-06-24T17:21:35.419+0000] {processor.py:826} INFO - Processing file /usr/local/python/3.10.13/lib/python3.10/site-packages/airflow/example_dags/example_complex.py for tasks to queue
[2024-06-24T17:21:35.420+0000] {logging_mixin.py:150} INFO - [2024-06-24T17:21:35.420+0000] {dagbag.py:541} INFO - Filling up the DagBag from /usr/local/python/3.10.13/lib/python3.10/site-packages/airflow/example_dags/example_complex.py
[2024-06-24T17:21:35.429+0000] {processor.py:836} INFO - DAG(s) dict_keys(['example_complex']) retrieved from /usr/local/python/3.10.13/lib/python3.10/site-packages/airflow/example_dags/example_complex.py
[2024-06-24T17:21:35.449+0000] {logging_mixin.py:150} INFO - [2024-06-24T17:21:35.449+0000] {dag.py:2742} INFO - Sync 1 DAGs
[2024-06-24T17:21:35.464+0000] {logging_mixin.py:150} INFO - [2024-06-24T17:21:35.464+0000] {dag.py:3504} INFO - Setting next_dagrun for example_complex to None, run_after=None
[2024-06-24T17:21:35.501+0000] {processor.py:179} INFO - Processing /usr/local/python/3.10.13/lib/python3.10/site-packages/airflow/example_dags/example_complex.py took 0.085 seconds
[2024-06-24T17:22:23.871+0000] {processor.py:157} INFO - Started process (PID=15821) to work on /usr/local/python/3.10.13/lib/python3.10/site-packages/airflow/example_dags/example_complex.py
[2024-06-24T17:22:23.872+0000] {processor.py:826} INFO - Processing file /usr/local/python/3.10.13/lib/python3.10/site-packages/airflow/example_dags/example_complex.py for tasks to queue
[2024-06-24T17:22:23.873+0000] {logging_mixin.py:150} INFO - [2024-06-24T17:22:23.872+0000] {dagbag.py:541} INFO - Filling up the DagBag from /usr/local/python/3.10.13/lib/python3.10/site-packages/airflow/example_dags/example_complex.py
[2024-06-24T17:22:23.881+0000] {processor.py:836} INFO - DAG(s) dict_keys(['example_complex']) retrieved from /usr/local/python/3.10.13/lib/python3.10/site-packages/airflow/example_dags/example_complex.py
[2024-06-24T17:22:23.901+0000] {logging_mixin.py:150} INFO - [2024-06-24T17:22:23.901+0000] {dag.py:2742} INFO - Sync 1 DAGs
[2024-06-24T17:22:23.915+0000] {logging_mixin.py:150} INFO - [2024-06-24T17:22:23.915+0000] {dag.py:3504} INFO - Setting next_dagrun for example_complex to None, run_after=None
[2024-06-24T17:22:23.954+0000] {processor.py:179} INFO - Processing /usr/local/python/3.10.13/lib/python3.10/site-packages/airflow/example_dags/example_complex.py took 0.084 seconds
[2024-06-24T17:23:17.820+0000] {processor.py:157} INFO - Started process (PID=16191) to work on /usr/local/python/3.10.13/lib/python3.10/site-packages/airflow/example_dags/example_complex.py
[2024-06-24T17:23:17.821+0000] {processor.py:826} INFO - Processing file /usr/local/python/3.10.13/lib/python3.10/site-packages/airflow/example_dags/example_complex.py for tasks to queue
[2024-06-24T17:23:17.822+0000] {logging_mixin.py:150} INFO - [2024-06-24T17:23:17.822+0000] {dagbag.py:541} INFO - Filling up the DagBag from /usr/local/python/3.10.13/lib/python3.10/site-packages/airflow/example_dags/example_complex.py
[2024-06-24T17:23:17.837+0000] {processor.py:836} INFO - DAG(s) dict_keys(['example_complex']) retrieved from /usr/local/python/3.10.13/lib/python3.10/site-packages/airflow/example_dags/example_complex.py
[2024-06-24T17:23:17.872+0000] {logging_mixin.py:150} INFO - [2024-06-24T17:23:17.871+0000] {dag.py:2742} INFO - Sync 1 DAGs
[2024-06-24T17:23:17.888+0000] {logging_mixin.py:150} INFO - [2024-06-24T17:23:17.888+0000] {dag.py:3504} INFO - Setting next_dagrun for example_complex to None, run_after=None
[2024-06-24T17:23:17.931+0000] {processor.py:179} INFO - Processing /usr/local/python/3.10.13/lib/python3.10/site-packages/airflow/example_dags/example_complex.py took 0.115 seconds
[2024-06-24T17:24:07.113+0000] {processor.py:157} INFO - Started process (PID=16540) to work on /usr/local/python/3.10.13/lib/python3.10/site-packages/airflow/example_dags/example_complex.py
[2024-06-24T17:24:07.114+0000] {processor.py:826} INFO - Processing file /usr/local/python/3.10.13/lib/python3.10/site-packages/airflow/example_dags/example_complex.py for tasks to queue
[2024-06-24T17:24:07.114+0000] {logging_mixin.py:150} INFO - [2024-06-24T17:24:07.114+0000] {dagbag.py:541} INFO - Filling up the DagBag from /usr/local/python/3.10.13/lib/python3.10/site-packages/airflow/example_dags/example_complex.py
[2024-06-24T17:24:07.123+0000] {processor.py:836} INFO - DAG(s) dict_keys(['example_complex']) retrieved from /usr/local/python/3.10.13/lib/python3.10/site-packages/airflow/example_dags/example_complex.py
[2024-06-24T17:24:07.143+0000] {logging_mixin.py:150} INFO - [2024-06-24T17:24:07.143+0000] {dag.py:2742} INFO - Sync 1 DAGs
[2024-06-24T17:24:07.158+0000] {logging_mixin.py:150} INFO - [2024-06-24T17:24:07.158+0000] {dag.py:3504} INFO - Setting next_dagrun for example_complex to None, run_after=None
[2024-06-24T17:24:07.214+0000] {processor.py:179} INFO - Processing /usr/local/python/3.10.13/lib/python3.10/site-packages/airflow/example_dags/example_complex.py took 0.103 seconds
[2024-06-24T17:25:04.208+0000] {processor.py:157} INFO - Started process (PID=16945) to work on /usr/local/python/3.10.13/lib/python3.10/site-packages/airflow/example_dags/example_complex.py
[2024-06-24T17:25:04.209+0000] {processor.py:826} INFO - Processing file /usr/local/python/3.10.13/lib/python3.10/site-packages/airflow/example_dags/example_complex.py for tasks to queue
[2024-06-24T17:25:04.210+0000] {logging_mixin.py:150} INFO - [2024-06-24T17:25:04.209+0000] {dagbag.py:541} INFO - Filling up the DagBag from /usr/local/python/3.10.13/lib/python3.10/site-packages/airflow/example_dags/example_complex.py
[2024-06-24T17:25:04.222+0000] {processor.py:836} INFO - DAG(s) dict_keys(['example_complex']) retrieved from /usr/local/python/3.10.13/lib/python3.10/site-packages/airflow/example_dags/example_complex.py
[2024-06-24T17:25:04.251+0000] {logging_mixin.py:150} INFO - [2024-06-24T17:25:04.251+0000] {dag.py:2742} INFO - Sync 1 DAGs
[2024-06-24T17:25:04.268+0000] {logging_mixin.py:150} INFO - [2024-06-24T17:25:04.268+0000] {dag.py:3504} INFO - Setting next_dagrun for example_complex to None, run_after=None
[2024-06-24T17:25:04.315+0000] {processor.py:179} INFO - Processing /usr/local/python/3.10.13/lib/python3.10/site-packages/airflow/example_dags/example_complex.py took 0.109 seconds
[2024-06-24T17:25:53.393+0000] {processor.py:157} INFO - Started process (PID=17295) to work on /usr/local/python/3.10.13/lib/python3.10/site-packages/airflow/example_dags/example_complex.py
[2024-06-24T17:25:53.394+0000] {processor.py:826} INFO - Processing file /usr/local/python/3.10.13/lib/python3.10/site-packages/airflow/example_dags/example_complex.py for tasks to queue
[2024-06-24T17:25:53.395+0000] {logging_mixin.py:150} INFO - [2024-06-24T17:25:53.394+0000] {dagbag.py:541} INFO - Filling up the DagBag from /usr/local/python/3.10.13/lib/python3.10/site-packages/airflow/example_dags/example_complex.py
[2024-06-24T17:25:53.403+0000] {processor.py:836} INFO - DAG(s) dict_keys(['example_complex']) retrieved from /usr/local/python/3.10.13/lib/python3.10/site-packages/airflow/example_dags/example_complex.py
[2024-06-24T17:25:53.424+0000] {logging_mixin.py:150} INFO - [2024-06-24T17:25:53.424+0000] {dag.py:2742} INFO - Sync 1 DAGs
[2024-06-24T17:25:53.439+0000] {logging_mixin.py:150} INFO - [2024-06-24T17:25:53.438+0000] {dag.py:3504} INFO - Setting next_dagrun for example_complex to None, run_after=None
[2024-06-24T17:25:53.492+0000] {processor.py:179} INFO - Processing /usr/local/python/3.10.13/lib/python3.10/site-packages/airflow/example_dags/example_complex.py took 0.101 seconds
[2024-06-24T17:26:42.914+0000] {processor.py:157} INFO - Started process (PID=17643) to work on /usr/local/python/3.10.13/lib/python3.10/site-packages/airflow/example_dags/example_complex.py
[2024-06-24T17:26:42.915+0000] {processor.py:826} INFO - Processing file /usr/local/python/3.10.13/lib/python3.10/site-packages/airflow/example_dags/example_complex.py for tasks to queue
[2024-06-24T17:26:42.915+0000] {logging_mixin.py:150} INFO - [2024-06-24T17:26:42.915+0000] {dagbag.py:541} INFO - Filling up the DagBag from /usr/local/python/3.10.13/lib/python3.10/site-packages/airflow/example_dags/example_complex.py
[2024-06-24T17:26:42.924+0000] {processor.py:836} INFO - DAG(s) dict_keys(['example_complex']) retrieved from /usr/local/python/3.10.13/lib/python3.10/site-packages/airflow/example_dags/example_complex.py
[2024-06-24T17:26:42.944+0000] {logging_mixin.py:150} INFO - [2024-06-24T17:26:42.944+0000] {dag.py:2742} INFO - Sync 1 DAGs
[2024-06-24T17:26:42.959+0000] {logging_mixin.py:150} INFO - [2024-06-24T17:26:42.959+0000] {dag.py:3504} INFO - Setting next_dagrun for example_complex to None, run_after=None
[2024-06-24T17:26:42.995+0000] {processor.py:179} INFO - Processing /usr/local/python/3.10.13/lib/python3.10/site-packages/airflow/example_dags/example_complex.py took 0.083 seconds
[2024-06-24T17:27:34.565+0000] {processor.py:157} INFO - Started process (PID=17998) to work on /usr/local/python/3.10.13/lib/python3.10/site-packages/airflow/example_dags/example_complex.py
[2024-06-24T17:27:34.566+0000] {processor.py:826} INFO - Processing file /usr/local/python/3.10.13/lib/python3.10/site-packages/airflow/example_dags/example_complex.py for tasks to queue
[2024-06-24T17:27:34.566+0000] {logging_mixin.py:150} INFO - [2024-06-24T17:27:34.566+0000] {dagbag.py:541} INFO - Filling up the DagBag from /usr/local/python/3.10.13/lib/python3.10/site-packages/airflow/example_dags/example_complex.py
[2024-06-24T17:27:34.575+0000] {processor.py:836} INFO - DAG(s) dict_keys(['example_complex']) retrieved from /usr/local/python/3.10.13/lib/python3.10/site-packages/airflow/example_dags/example_complex.py
[2024-06-24T17:27:34.596+0000] {logging_mixin.py:150} INFO - [2024-06-24T17:27:34.596+0000] {dag.py:2742} INFO - Sync 1 DAGs
[2024-06-24T17:27:34.611+0000] {logging_mixin.py:150} INFO - [2024-06-24T17:27:34.611+0000] {dag.py:3504} INFO - Setting next_dagrun for example_complex to None, run_after=None
[2024-06-24T17:27:34.648+0000] {processor.py:179} INFO - Processing /usr/local/python/3.10.13/lib/python3.10/site-packages/airflow/example_dags/example_complex.py took 0.086 seconds
[2024-06-24T17:28:28.451+0000] {processor.py:157} INFO - Started process (PID=18369) to work on /usr/local/python/3.10.13/lib/python3.10/site-packages/airflow/example_dags/example_complex.py
[2024-06-24T17:28:28.452+0000] {processor.py:826} INFO - Processing file /usr/local/python/3.10.13/lib/python3.10/site-packages/airflow/example_dags/example_complex.py for tasks to queue
[2024-06-24T17:28:28.453+0000] {logging_mixin.py:150} INFO - [2024-06-24T17:28:28.453+0000] {dagbag.py:541} INFO - Filling up the DagBag from /usr/local/python/3.10.13/lib/python3.10/site-packages/airflow/example_dags/example_complex.py
[2024-06-24T17:28:28.462+0000] {processor.py:836} INFO - DAG(s) dict_keys(['example_complex']) retrieved from /usr/local/python/3.10.13/lib/python3.10/site-packages/airflow/example_dags/example_complex.py
[2024-06-24T17:28:28.482+0000] {logging_mixin.py:150} INFO - [2024-06-24T17:28:28.482+0000] {dag.py:2742} INFO - Sync 1 DAGs
[2024-06-24T17:28:28.497+0000] {logging_mixin.py:150} INFO - [2024-06-24T17:28:28.497+0000] {dag.py:3504} INFO - Setting next_dagrun for example_complex to None, run_after=None
[2024-06-24T17:28:28.535+0000] {processor.py:179} INFO - Processing /usr/local/python/3.10.13/lib/python3.10/site-packages/airflow/example_dags/example_complex.py took 0.086 seconds
[2024-06-24T17:29:21.302+0000] {processor.py:157} INFO - Started process (PID=18733) to work on /usr/local/python/3.10.13/lib/python3.10/site-packages/airflow/example_dags/example_complex.py
[2024-06-24T17:29:21.303+0000] {processor.py:826} INFO - Processing file /usr/local/python/3.10.13/lib/python3.10/site-packages/airflow/example_dags/example_complex.py for tasks to queue
[2024-06-24T17:29:21.304+0000] {logging_mixin.py:150} INFO - [2024-06-24T17:29:21.304+0000] {dagbag.py:541} INFO - Filling up the DagBag from /usr/local/python/3.10.13/lib/python3.10/site-packages/airflow/example_dags/example_complex.py
[2024-06-24T17:29:21.312+0000] {processor.py:836} INFO - DAG(s) dict_keys(['example_complex']) retrieved from /usr/local/python/3.10.13/lib/python3.10/site-packages/airflow/example_dags/example_complex.py
[2024-06-24T17:29:21.332+0000] {logging_mixin.py:150} INFO - [2024-06-24T17:29:21.332+0000] {dag.py:2742} INFO - Sync 1 DAGs
[2024-06-24T17:29:21.347+0000] {logging_mixin.py:150} INFO - [2024-06-24T17:29:21.347+0000] {dag.py:3504} INFO - Setting next_dagrun for example_complex to None, run_after=None
[2024-06-24T17:29:21.387+0000] {processor.py:179} INFO - Processing /usr/local/python/3.10.13/lib/python3.10/site-packages/airflow/example_dags/example_complex.py took 0.087 seconds
[2024-06-24T17:30:14.247+0000] {processor.py:157} INFO - Started process (PID=19091) to work on /usr/local/python/3.10.13/lib/python3.10/site-packages/airflow/example_dags/example_complex.py
[2024-06-24T17:30:14.248+0000] {processor.py:826} INFO - Processing file /usr/local/python/3.10.13/lib/python3.10/site-packages/airflow/example_dags/example_complex.py for tasks to queue
[2024-06-24T17:30:14.249+0000] {logging_mixin.py:150} INFO - [2024-06-24T17:30:14.248+0000] {dagbag.py:541} INFO - Filling up the DagBag from /usr/local/python/3.10.13/lib/python3.10/site-packages/airflow/example_dags/example_complex.py
[2024-06-24T17:30:14.257+0000] {processor.py:836} INFO - DAG(s) dict_keys(['example_complex']) retrieved from /usr/local/python/3.10.13/lib/python3.10/site-packages/airflow/example_dags/example_complex.py
[2024-06-24T17:30:14.278+0000] {logging_mixin.py:150} INFO - [2024-06-24T17:30:14.278+0000] {dag.py:2742} INFO - Sync 1 DAGs
[2024-06-24T17:30:14.292+0000] {logging_mixin.py:150} INFO - [2024-06-24T17:30:14.292+0000] {dag.py:3504} INFO - Setting next_dagrun for example_complex to None, run_after=None
[2024-06-24T17:30:14.332+0000] {processor.py:179} INFO - Processing /usr/local/python/3.10.13/lib/python3.10/site-packages/airflow/example_dags/example_complex.py took 0.087 seconds
[2024-06-24T17:31:07.743+0000] {processor.py:157} INFO - Started process (PID=19481) to work on /usr/local/python/3.10.13/lib/python3.10/site-packages/airflow/example_dags/example_complex.py
[2024-06-24T17:31:07.743+0000] {processor.py:826} INFO - Processing file /usr/local/python/3.10.13/lib/python3.10/site-packages/airflow/example_dags/example_complex.py for tasks to queue
[2024-06-24T17:31:07.744+0000] {logging_mixin.py:150} INFO - [2024-06-24T17:31:07.744+0000] {dagbag.py:541} INFO - Filling up the DagBag from /usr/local/python/3.10.13/lib/python3.10/site-packages/airflow/example_dags/example_complex.py
[2024-06-24T17:31:07.753+0000] {processor.py:836} INFO - DAG(s) dict_keys(['example_complex']) retrieved from /usr/local/python/3.10.13/lib/python3.10/site-packages/airflow/example_dags/example_complex.py
[2024-06-24T17:31:07.774+0000] {logging_mixin.py:150} INFO - [2024-06-24T17:31:07.773+0000] {dag.py:2742} INFO - Sync 1 DAGs
[2024-06-24T17:31:07.789+0000] {logging_mixin.py:150} INFO - [2024-06-24T17:31:07.789+0000] {dag.py:3504} INFO - Setting next_dagrun for example_complex to None, run_after=None
[2024-06-24T17:31:07.834+0000] {processor.py:179} INFO - Processing /usr/local/python/3.10.13/lib/python3.10/site-packages/airflow/example_dags/example_complex.py took 0.094 seconds
