[2024-06-24T15:55:09.219+0000] {processor.py:157} INFO - Started process (PID=13798) to work on /usr/local/python/3.10.13/lib/python3.10/site-packages/airflow/example_dags/example_params_ui_tutorial.py
[2024-06-24T15:55:09.220+0000] {processor.py:826} INFO - Processing file /usr/local/python/3.10.13/lib/python3.10/site-packages/airflow/example_dags/example_params_ui_tutorial.py for tasks to queue
[2024-06-24T15:55:09.221+0000] {logging_mixin.py:150} INFO - [2024-06-24T15:55:09.220+0000] {dagbag.py:541} INFO - Filling up the DagBag from /usr/local/python/3.10.13/lib/python3.10/site-packages/airflow/example_dags/example_params_ui_tutorial.py
[2024-06-24T15:55:09.239+0000] {processor.py:836} INFO - DAG(s) dict_keys(['example_params_ui_tutorial']) retrieved from /usr/local/python/3.10.13/lib/python3.10/site-packages/airflow/example_dags/example_params_ui_tutorial.py
[2024-06-24T15:55:09.421+0000] {logging_mixin.py:150} INFO - [2024-06-24T15:55:09.421+0000] {manager.py:504} INFO - Created Permission View: can delete on DAG:example_params_ui_tutorial
[2024-06-24T15:55:09.454+0000] {logging_mixin.py:150} INFO - [2024-06-24T15:55:09.454+0000] {manager.py:504} INFO - Created Permission View: can read on DAG:example_params_ui_tutorial
[2024-06-24T15:55:09.488+0000] {logging_mixin.py:150} INFO - [2024-06-24T15:55:09.488+0000] {manager.py:504} INFO - Created Permission View: can edit on DAG:example_params_ui_tutorial
[2024-06-24T15:55:09.499+0000] {logging_mixin.py:150} INFO - [2024-06-24T15:55:09.499+0000] {dag.py:2742} INFO - Sync 1 DAGs
[2024-06-24T15:55:09.506+0000] {logging_mixin.py:150} INFO - [2024-06-24T15:55:09.506+0000] {dag.py:2763} INFO - Creating ORM DAG for example_params_ui_tutorial
[2024-06-24T15:55:09.513+0000] {logging_mixin.py:150} INFO - [2024-06-24T15:55:09.513+0000] {dag.py:3504} INFO - Setting next_dagrun for example_params_ui_tutorial to None, run_after=None
[2024-06-24T15:55:09.558+0000] {processor.py:179} INFO - Processing /usr/local/python/3.10.13/lib/python3.10/site-packages/airflow/example_dags/example_params_ui_tutorial.py took 0.341 seconds
[2024-06-24T15:55:59.445+0000] {processor.py:157} INFO - Started process (PID=14155) to work on /usr/local/python/3.10.13/lib/python3.10/site-packages/airflow/example_dags/example_params_ui_tutorial.py
[2024-06-24T15:55:59.446+0000] {processor.py:826} INFO - Processing file /usr/local/python/3.10.13/lib/python3.10/site-packages/airflow/example_dags/example_params_ui_tutorial.py for tasks to queue
[2024-06-24T15:55:59.447+0000] {logging_mixin.py:150} INFO - [2024-06-24T15:55:59.447+0000] {dagbag.py:541} INFO - Filling up the DagBag from /usr/local/python/3.10.13/lib/python3.10/site-packages/airflow/example_dags/example_params_ui_tutorial.py
[2024-06-24T15:55:59.470+0000] {processor.py:836} INFO - DAG(s) dict_keys(['example_params_ui_tutorial']) retrieved from /usr/local/python/3.10.13/lib/python3.10/site-packages/airflow/example_dags/example_params_ui_tutorial.py
[2024-06-24T15:55:59.498+0000] {logging_mixin.py:150} INFO - [2024-06-24T15:55:59.498+0000] {dag.py:2742} INFO - Sync 1 DAGs
[2024-06-24T15:55:59.514+0000] {logging_mixin.py:150} INFO - [2024-06-24T15:55:59.514+0000] {dag.py:3504} INFO - Setting next_dagrun for example_params_ui_tutorial to None, run_after=None
[2024-06-24T15:55:59.558+0000] {processor.py:179} INFO - Processing /usr/local/python/3.10.13/lib/python3.10/site-packages/airflow/example_dags/example_params_ui_tutorial.py took 0.121 seconds
[2024-06-24T16:01:57.086+0000] {processor.py:157} INFO - Started process (PID=16751) to work on /usr/local/python/3.10.13/lib/python3.10/site-packages/airflow/example_dags/example_params_ui_tutorial.py
[2024-06-24T16:01:57.086+0000] {processor.py:826} INFO - Processing file /usr/local/python/3.10.13/lib/python3.10/site-packages/airflow/example_dags/example_params_ui_tutorial.py for tasks to queue
[2024-06-24T16:01:57.087+0000] {logging_mixin.py:150} INFO - [2024-06-24T16:01:57.087+0000] {dagbag.py:541} INFO - Filling up the DagBag from /usr/local/python/3.10.13/lib/python3.10/site-packages/airflow/example_dags/example_params_ui_tutorial.py
[2024-06-24T16:01:57.105+0000] {processor.py:836} INFO - DAG(s) dict_keys(['example_params_ui_tutorial']) retrieved from /usr/local/python/3.10.13/lib/python3.10/site-packages/airflow/example_dags/example_params_ui_tutorial.py
[2024-06-24T16:01:57.134+0000] {logging_mixin.py:150} INFO - [2024-06-24T16:01:57.133+0000] {dag.py:2742} INFO - Sync 1 DAGs
[2024-06-24T16:01:57.150+0000] {logging_mixin.py:150} INFO - [2024-06-24T16:01:57.150+0000] {dag.py:3504} INFO - Setting next_dagrun for example_params_ui_tutorial to None, run_after=None
[2024-06-24T16:01:57.196+0000] {processor.py:179} INFO - Processing /usr/local/python/3.10.13/lib/python3.10/site-packages/airflow/example_dags/example_params_ui_tutorial.py took 0.113 seconds
[2024-06-24T16:02:43.867+0000] {processor.py:157} INFO - Started process (PID=17117) to work on /usr/local/python/3.10.13/lib/python3.10/site-packages/airflow/example_dags/example_params_ui_tutorial.py
[2024-06-24T16:02:43.867+0000] {processor.py:826} INFO - Processing file /usr/local/python/3.10.13/lib/python3.10/site-packages/airflow/example_dags/example_params_ui_tutorial.py for tasks to queue
[2024-06-24T16:02:43.868+0000] {logging_mixin.py:150} INFO - [2024-06-24T16:02:43.868+0000] {dagbag.py:541} INFO - Filling up the DagBag from /usr/local/python/3.10.13/lib/python3.10/site-packages/airflow/example_dags/example_params_ui_tutorial.py
[2024-06-24T16:02:43.887+0000] {processor.py:836} INFO - DAG(s) dict_keys(['example_params_ui_tutorial']) retrieved from /usr/local/python/3.10.13/lib/python3.10/site-packages/airflow/example_dags/example_params_ui_tutorial.py
[2024-06-24T16:02:43.914+0000] {logging_mixin.py:150} INFO - [2024-06-24T16:02:43.914+0000] {dag.py:2742} INFO - Sync 1 DAGs
[2024-06-24T16:02:43.930+0000] {logging_mixin.py:150} INFO - [2024-06-24T16:02:43.929+0000] {dag.py:3504} INFO - Setting next_dagrun for example_params_ui_tutorial to None, run_after=None
[2024-06-24T16:02:43.976+0000] {processor.py:179} INFO - Processing /usr/local/python/3.10.13/lib/python3.10/site-packages/airflow/example_dags/example_params_ui_tutorial.py took 0.111 seconds
[2024-06-24T16:03:33.677+0000] {processor.py:157} INFO - Started process (PID=17496) to work on /usr/local/python/3.10.13/lib/python3.10/site-packages/airflow/example_dags/example_params_ui_tutorial.py
[2024-06-24T16:03:33.679+0000] {processor.py:826} INFO - Processing file /usr/local/python/3.10.13/lib/python3.10/site-packages/airflow/example_dags/example_params_ui_tutorial.py for tasks to queue
[2024-06-24T16:03:33.680+0000] {logging_mixin.py:150} INFO - [2024-06-24T16:03:33.680+0000] {dagbag.py:541} INFO - Filling up the DagBag from /usr/local/python/3.10.13/lib/python3.10/site-packages/airflow/example_dags/example_params_ui_tutorial.py
[2024-06-24T16:03:33.700+0000] {processor.py:836} INFO - DAG(s) dict_keys(['example_params_ui_tutorial']) retrieved from /usr/local/python/3.10.13/lib/python3.10/site-packages/airflow/example_dags/example_params_ui_tutorial.py
[2024-06-24T16:03:33.730+0000] {logging_mixin.py:150} INFO - [2024-06-24T16:03:33.730+0000] {dag.py:2742} INFO - Sync 1 DAGs
[2024-06-24T16:03:33.745+0000] {logging_mixin.py:150} INFO - [2024-06-24T16:03:33.745+0000] {dag.py:3504} INFO - Setting next_dagrun for example_params_ui_tutorial to None, run_after=None
[2024-06-24T16:03:33.785+0000] {processor.py:179} INFO - Processing /usr/local/python/3.10.13/lib/python3.10/site-packages/airflow/example_dags/example_params_ui_tutorial.py took 0.110 seconds
[2024-06-24T16:04:19.948+0000] {processor.py:157} INFO - Started process (PID=17852) to work on /usr/local/python/3.10.13/lib/python3.10/site-packages/airflow/example_dags/example_params_ui_tutorial.py
[2024-06-24T16:04:19.949+0000] {processor.py:826} INFO - Processing file /usr/local/python/3.10.13/lib/python3.10/site-packages/airflow/example_dags/example_params_ui_tutorial.py for tasks to queue
[2024-06-24T16:04:19.950+0000] {logging_mixin.py:150} INFO - [2024-06-24T16:04:19.949+0000] {dagbag.py:541} INFO - Filling up the DagBag from /usr/local/python/3.10.13/lib/python3.10/site-packages/airflow/example_dags/example_params_ui_tutorial.py
[2024-06-24T16:04:19.968+0000] {processor.py:836} INFO - DAG(s) dict_keys(['example_params_ui_tutorial']) retrieved from /usr/local/python/3.10.13/lib/python3.10/site-packages/airflow/example_dags/example_params_ui_tutorial.py
[2024-06-24T16:04:19.995+0000] {logging_mixin.py:150} INFO - [2024-06-24T16:04:19.995+0000] {dag.py:2742} INFO - Sync 1 DAGs
[2024-06-24T16:04:20.010+0000] {logging_mixin.py:150} INFO - [2024-06-24T16:04:20.010+0000] {dag.py:3504} INFO - Setting next_dagrun for example_params_ui_tutorial to None, run_after=None
[2024-06-24T16:04:20.048+0000] {processor.py:179} INFO - Processing /usr/local/python/3.10.13/lib/python3.10/site-packages/airflow/example_dags/example_params_ui_tutorial.py took 0.101 seconds
[2024-06-24T16:05:08.858+0000] {processor.py:157} INFO - Started process (PID=18237) to work on /usr/local/python/3.10.13/lib/python3.10/site-packages/airflow/example_dags/example_params_ui_tutorial.py
[2024-06-24T16:05:08.859+0000] {processor.py:826} INFO - Processing file /usr/local/python/3.10.13/lib/python3.10/site-packages/airflow/example_dags/example_params_ui_tutorial.py for tasks to queue
[2024-06-24T16:05:08.859+0000] {logging_mixin.py:150} INFO - [2024-06-24T16:05:08.859+0000] {dagbag.py:541} INFO - Filling up the DagBag from /usr/local/python/3.10.13/lib/python3.10/site-packages/airflow/example_dags/example_params_ui_tutorial.py
[2024-06-24T16:05:08.878+0000] {processor.py:836} INFO - DAG(s) dict_keys(['example_params_ui_tutorial']) retrieved from /usr/local/python/3.10.13/lib/python3.10/site-packages/airflow/example_dags/example_params_ui_tutorial.py
[2024-06-24T16:05:08.905+0000] {logging_mixin.py:150} INFO - [2024-06-24T16:05:08.905+0000] {dag.py:2742} INFO - Sync 1 DAGs
[2024-06-24T16:05:08.920+0000] {logging_mixin.py:150} INFO - [2024-06-24T16:05:08.920+0000] {dag.py:3504} INFO - Setting next_dagrun for example_params_ui_tutorial to None, run_after=None
[2024-06-24T16:05:08.959+0000] {processor.py:179} INFO - Processing /usr/local/python/3.10.13/lib/python3.10/site-packages/airflow/example_dags/example_params_ui_tutorial.py took 0.103 seconds
[2024-06-24T16:05:53.507+0000] {processor.py:157} INFO - Started process (PID=18578) to work on /usr/local/python/3.10.13/lib/python3.10/site-packages/airflow/example_dags/example_params_ui_tutorial.py
[2024-06-24T16:05:53.508+0000] {processor.py:826} INFO - Processing file /usr/local/python/3.10.13/lib/python3.10/site-packages/airflow/example_dags/example_params_ui_tutorial.py for tasks to queue
[2024-06-24T16:05:53.508+0000] {logging_mixin.py:150} INFO - [2024-06-24T16:05:53.508+0000] {dagbag.py:541} INFO - Filling up the DagBag from /usr/local/python/3.10.13/lib/python3.10/site-packages/airflow/example_dags/example_params_ui_tutorial.py
[2024-06-24T16:05:53.527+0000] {processor.py:836} INFO - DAG(s) dict_keys(['example_params_ui_tutorial']) retrieved from /usr/local/python/3.10.13/lib/python3.10/site-packages/airflow/example_dags/example_params_ui_tutorial.py
[2024-06-24T16:05:53.558+0000] {logging_mixin.py:150} INFO - [2024-06-24T16:05:53.558+0000] {dag.py:2742} INFO - Sync 1 DAGs
[2024-06-24T16:05:53.582+0000] {logging_mixin.py:150} INFO - [2024-06-24T16:05:53.581+0000] {dag.py:3504} INFO - Setting next_dagrun for example_params_ui_tutorial to None, run_after=None
[2024-06-24T16:05:53.627+0000] {processor.py:179} INFO - Processing /usr/local/python/3.10.13/lib/python3.10/site-packages/airflow/example_dags/example_params_ui_tutorial.py took 0.122 seconds
[2024-06-24T16:06:43.179+0000] {processor.py:157} INFO - Started process (PID=18968) to work on /usr/local/python/3.10.13/lib/python3.10/site-packages/airflow/example_dags/example_params_ui_tutorial.py
[2024-06-24T16:06:43.179+0000] {processor.py:826} INFO - Processing file /usr/local/python/3.10.13/lib/python3.10/site-packages/airflow/example_dags/example_params_ui_tutorial.py for tasks to queue
[2024-06-24T16:06:43.180+0000] {logging_mixin.py:150} INFO - [2024-06-24T16:06:43.180+0000] {dagbag.py:541} INFO - Filling up the DagBag from /usr/local/python/3.10.13/lib/python3.10/site-packages/airflow/example_dags/example_params_ui_tutorial.py
[2024-06-24T16:06:43.198+0000] {processor.py:836} INFO - DAG(s) dict_keys(['example_params_ui_tutorial']) retrieved from /usr/local/python/3.10.13/lib/python3.10/site-packages/airflow/example_dags/example_params_ui_tutorial.py
[2024-06-24T16:06:43.225+0000] {logging_mixin.py:150} INFO - [2024-06-24T16:06:43.225+0000] {dag.py:2742} INFO - Sync 1 DAGs
[2024-06-24T16:06:43.240+0000] {logging_mixin.py:150} INFO - [2024-06-24T16:06:43.240+0000] {dag.py:3504} INFO - Setting next_dagrun for example_params_ui_tutorial to None, run_after=None
[2024-06-24T16:06:43.280+0000] {processor.py:179} INFO - Processing /usr/local/python/3.10.13/lib/python3.10/site-packages/airflow/example_dags/example_params_ui_tutorial.py took 0.105 seconds
[2024-06-24T16:07:30.246+0000] {processor.py:157} INFO - Started process (PID=19332) to work on /usr/local/python/3.10.13/lib/python3.10/site-packages/airflow/example_dags/example_params_ui_tutorial.py
[2024-06-24T16:07:30.247+0000] {processor.py:826} INFO - Processing file /usr/local/python/3.10.13/lib/python3.10/site-packages/airflow/example_dags/example_params_ui_tutorial.py for tasks to queue
[2024-06-24T16:07:30.247+0000] {logging_mixin.py:150} INFO - [2024-06-24T16:07:30.247+0000] {dagbag.py:541} INFO - Filling up the DagBag from /usr/local/python/3.10.13/lib/python3.10/site-packages/airflow/example_dags/example_params_ui_tutorial.py
[2024-06-24T16:07:30.266+0000] {processor.py:836} INFO - DAG(s) dict_keys(['example_params_ui_tutorial']) retrieved from /usr/local/python/3.10.13/lib/python3.10/site-packages/airflow/example_dags/example_params_ui_tutorial.py
[2024-06-24T16:07:30.294+0000] {logging_mixin.py:150} INFO - [2024-06-24T16:07:30.294+0000] {dag.py:2742} INFO - Sync 1 DAGs
[2024-06-24T16:07:30.309+0000] {logging_mixin.py:150} INFO - [2024-06-24T16:07:30.309+0000] {dag.py:3504} INFO - Setting next_dagrun for example_params_ui_tutorial to None, run_after=None
[2024-06-24T16:07:30.352+0000] {processor.py:179} INFO - Processing /usr/local/python/3.10.13/lib/python3.10/site-packages/airflow/example_dags/example_params_ui_tutorial.py took 0.108 seconds
[2024-06-24T16:08:17.256+0000] {processor.py:157} INFO - Started process (PID=19690) to work on /usr/local/python/3.10.13/lib/python3.10/site-packages/airflow/example_dags/example_params_ui_tutorial.py
[2024-06-24T16:08:17.257+0000] {processor.py:826} INFO - Processing file /usr/local/python/3.10.13/lib/python3.10/site-packages/airflow/example_dags/example_params_ui_tutorial.py for tasks to queue
[2024-06-24T16:08:17.258+0000] {logging_mixin.py:150} INFO - [2024-06-24T16:08:17.257+0000] {dagbag.py:541} INFO - Filling up the DagBag from /usr/local/python/3.10.13/lib/python3.10/site-packages/airflow/example_dags/example_params_ui_tutorial.py
[2024-06-24T16:08:17.292+0000] {processor.py:836} INFO - DAG(s) dict_keys(['example_params_ui_tutorial']) retrieved from /usr/local/python/3.10.13/lib/python3.10/site-packages/airflow/example_dags/example_params_ui_tutorial.py
[2024-06-24T16:08:17.320+0000] {logging_mixin.py:150} INFO - [2024-06-24T16:08:17.320+0000] {dag.py:2742} INFO - Sync 1 DAGs
[2024-06-24T16:08:17.335+0000] {logging_mixin.py:150} INFO - [2024-06-24T16:08:17.335+0000] {dag.py:3504} INFO - Setting next_dagrun for example_params_ui_tutorial to None, run_after=None
[2024-06-24T16:08:17.380+0000] {processor.py:179} INFO - Processing /usr/local/python/3.10.13/lib/python3.10/site-packages/airflow/example_dags/example_params_ui_tutorial.py took 0.127 seconds
[2024-06-24T16:09:05.153+0000] {processor.py:157} INFO - Started process (PID=20056) to work on /usr/local/python/3.10.13/lib/python3.10/site-packages/airflow/example_dags/example_params_ui_tutorial.py
[2024-06-24T16:09:05.154+0000] {processor.py:826} INFO - Processing file /usr/local/python/3.10.13/lib/python3.10/site-packages/airflow/example_dags/example_params_ui_tutorial.py for tasks to queue
[2024-06-24T16:09:05.155+0000] {logging_mixin.py:150} INFO - [2024-06-24T16:09:05.154+0000] {dagbag.py:541} INFO - Filling up the DagBag from /usr/local/python/3.10.13/lib/python3.10/site-packages/airflow/example_dags/example_params_ui_tutorial.py
[2024-06-24T16:09:05.173+0000] {processor.py:836} INFO - DAG(s) dict_keys(['example_params_ui_tutorial']) retrieved from /usr/local/python/3.10.13/lib/python3.10/site-packages/airflow/example_dags/example_params_ui_tutorial.py
[2024-06-24T16:09:05.200+0000] {logging_mixin.py:150} INFO - [2024-06-24T16:09:05.200+0000] {dag.py:2742} INFO - Sync 1 DAGs
[2024-06-24T16:09:05.215+0000] {logging_mixin.py:150} INFO - [2024-06-24T16:09:05.215+0000] {dag.py:3504} INFO - Setting next_dagrun for example_params_ui_tutorial to None, run_after=None
[2024-06-24T16:09:05.261+0000] {processor.py:179} INFO - Processing /usr/local/python/3.10.13/lib/python3.10/site-packages/airflow/example_dags/example_params_ui_tutorial.py took 0.110 seconds
[2024-06-24T16:09:52.448+0000] {processor.py:157} INFO - Started process (PID=20395) to work on /usr/local/python/3.10.13/lib/python3.10/site-packages/airflow/example_dags/example_params_ui_tutorial.py
[2024-06-24T16:09:52.448+0000] {processor.py:826} INFO - Processing file /usr/local/python/3.10.13/lib/python3.10/site-packages/airflow/example_dags/example_params_ui_tutorial.py for tasks to queue
[2024-06-24T16:09:52.449+0000] {logging_mixin.py:150} INFO - [2024-06-24T16:09:52.449+0000] {dagbag.py:541} INFO - Filling up the DagBag from /usr/local/python/3.10.13/lib/python3.10/site-packages/airflow/example_dags/example_params_ui_tutorial.py
[2024-06-24T16:09:52.468+0000] {processor.py:836} INFO - DAG(s) dict_keys(['example_params_ui_tutorial']) retrieved from /usr/local/python/3.10.13/lib/python3.10/site-packages/airflow/example_dags/example_params_ui_tutorial.py
[2024-06-24T16:09:52.496+0000] {logging_mixin.py:150} INFO - [2024-06-24T16:09:52.496+0000] {dag.py:2742} INFO - Sync 1 DAGs
[2024-06-24T16:09:52.512+0000] {logging_mixin.py:150} INFO - [2024-06-24T16:09:52.512+0000] {dag.py:3504} INFO - Setting next_dagrun for example_params_ui_tutorial to None, run_after=None
[2024-06-24T16:09:52.558+0000] {processor.py:179} INFO - Processing /usr/local/python/3.10.13/lib/python3.10/site-packages/airflow/example_dags/example_params_ui_tutorial.py took 0.113 seconds
[2024-06-24T16:10:41.301+0000] {processor.py:157} INFO - Started process (PID=20718) to work on /usr/local/python/3.10.13/lib/python3.10/site-packages/airflow/example_dags/example_params_ui_tutorial.py
[2024-06-24T16:10:41.301+0000] {processor.py:826} INFO - Processing file /usr/local/python/3.10.13/lib/python3.10/site-packages/airflow/example_dags/example_params_ui_tutorial.py for tasks to queue
[2024-06-24T16:10:41.302+0000] {logging_mixin.py:150} INFO - [2024-06-24T16:10:41.302+0000] {dagbag.py:541} INFO - Filling up the DagBag from /usr/local/python/3.10.13/lib/python3.10/site-packages/airflow/example_dags/example_params_ui_tutorial.py
[2024-06-24T16:10:41.321+0000] {processor.py:836} INFO - DAG(s) dict_keys(['example_params_ui_tutorial']) retrieved from /usr/local/python/3.10.13/lib/python3.10/site-packages/airflow/example_dags/example_params_ui_tutorial.py
[2024-06-24T16:10:41.350+0000] {logging_mixin.py:150} INFO - [2024-06-24T16:10:41.349+0000] {dag.py:2742} INFO - Sync 1 DAGs
[2024-06-24T16:10:41.367+0000] {logging_mixin.py:150} INFO - [2024-06-24T16:10:41.366+0000] {dag.py:3504} INFO - Setting next_dagrun for example_params_ui_tutorial to None, run_after=None
[2024-06-24T16:10:41.412+0000] {processor.py:179} INFO - Processing /usr/local/python/3.10.13/lib/python3.10/site-packages/airflow/example_dags/example_params_ui_tutorial.py took 0.113 seconds
[2024-06-24T16:11:28.750+0000] {processor.py:157} INFO - Started process (PID=21048) to work on /usr/local/python/3.10.13/lib/python3.10/site-packages/airflow/example_dags/example_params_ui_tutorial.py
[2024-06-24T16:11:28.750+0000] {processor.py:826} INFO - Processing file /usr/local/python/3.10.13/lib/python3.10/site-packages/airflow/example_dags/example_params_ui_tutorial.py for tasks to queue
[2024-06-24T16:11:28.751+0000] {logging_mixin.py:150} INFO - [2024-06-24T16:11:28.751+0000] {dagbag.py:541} INFO - Filling up the DagBag from /usr/local/python/3.10.13/lib/python3.10/site-packages/airflow/example_dags/example_params_ui_tutorial.py
[2024-06-24T16:11:28.770+0000] {processor.py:836} INFO - DAG(s) dict_keys(['example_params_ui_tutorial']) retrieved from /usr/local/python/3.10.13/lib/python3.10/site-packages/airflow/example_dags/example_params_ui_tutorial.py
[2024-06-24T16:11:28.797+0000] {logging_mixin.py:150} INFO - [2024-06-24T16:11:28.797+0000] {dag.py:2742} INFO - Sync 1 DAGs
[2024-06-24T16:11:28.811+0000] {logging_mixin.py:150} INFO - [2024-06-24T16:11:28.811+0000] {dag.py:3504} INFO - Setting next_dagrun for example_params_ui_tutorial to None, run_after=None
[2024-06-24T16:11:28.853+0000] {processor.py:179} INFO - Processing /usr/local/python/3.10.13/lib/python3.10/site-packages/airflow/example_dags/example_params_ui_tutorial.py took 0.105 seconds
[2024-06-24T16:12:16.710+0000] {processor.py:157} INFO - Started process (PID=21388) to work on /usr/local/python/3.10.13/lib/python3.10/site-packages/airflow/example_dags/example_params_ui_tutorial.py
[2024-06-24T16:12:16.711+0000] {processor.py:826} INFO - Processing file /usr/local/python/3.10.13/lib/python3.10/site-packages/airflow/example_dags/example_params_ui_tutorial.py for tasks to queue
[2024-06-24T16:12:16.711+0000] {logging_mixin.py:150} INFO - [2024-06-24T16:12:16.711+0000] {dagbag.py:541} INFO - Filling up the DagBag from /usr/local/python/3.10.13/lib/python3.10/site-packages/airflow/example_dags/example_params_ui_tutorial.py
[2024-06-24T16:12:16.731+0000] {processor.py:836} INFO - DAG(s) dict_keys(['example_params_ui_tutorial']) retrieved from /usr/local/python/3.10.13/lib/python3.10/site-packages/airflow/example_dags/example_params_ui_tutorial.py
[2024-06-24T16:12:16.760+0000] {logging_mixin.py:150} INFO - [2024-06-24T16:12:16.759+0000] {dag.py:2742} INFO - Sync 1 DAGs
[2024-06-24T16:12:16.777+0000] {logging_mixin.py:150} INFO - [2024-06-24T16:12:16.776+0000] {dag.py:3504} INFO - Setting next_dagrun for example_params_ui_tutorial to None, run_after=None
[2024-06-24T16:12:16.834+0000] {processor.py:179} INFO - Processing /usr/local/python/3.10.13/lib/python3.10/site-packages/airflow/example_dags/example_params_ui_tutorial.py took 0.127 seconds
[2024-06-24T16:13:05.743+0000] {processor.py:157} INFO - Started process (PID=21730) to work on /usr/local/python/3.10.13/lib/python3.10/site-packages/airflow/example_dags/example_params_ui_tutorial.py
[2024-06-24T16:13:05.743+0000] {processor.py:826} INFO - Processing file /usr/local/python/3.10.13/lib/python3.10/site-packages/airflow/example_dags/example_params_ui_tutorial.py for tasks to queue
[2024-06-24T16:13:05.744+0000] {logging_mixin.py:150} INFO - [2024-06-24T16:13:05.744+0000] {dagbag.py:541} INFO - Filling up the DagBag from /usr/local/python/3.10.13/lib/python3.10/site-packages/airflow/example_dags/example_params_ui_tutorial.py
[2024-06-24T16:13:05.763+0000] {processor.py:836} INFO - DAG(s) dict_keys(['example_params_ui_tutorial']) retrieved from /usr/local/python/3.10.13/lib/python3.10/site-packages/airflow/example_dags/example_params_ui_tutorial.py
[2024-06-24T16:13:05.792+0000] {logging_mixin.py:150} INFO - [2024-06-24T16:13:05.792+0000] {dag.py:2742} INFO - Sync 1 DAGs
[2024-06-24T16:13:05.807+0000] {logging_mixin.py:150} INFO - [2024-06-24T16:13:05.807+0000] {dag.py:3504} INFO - Setting next_dagrun for example_params_ui_tutorial to None, run_after=None
[2024-06-24T16:13:05.848+0000] {processor.py:179} INFO - Processing /usr/local/python/3.10.13/lib/python3.10/site-packages/airflow/example_dags/example_params_ui_tutorial.py took 0.108 seconds
[2024-06-24T16:13:53.110+0000] {processor.py:157} INFO - Started process (PID=22047) to work on /usr/local/python/3.10.13/lib/python3.10/site-packages/airflow/example_dags/example_params_ui_tutorial.py
[2024-06-24T16:13:53.111+0000] {processor.py:826} INFO - Processing file /usr/local/python/3.10.13/lib/python3.10/site-packages/airflow/example_dags/example_params_ui_tutorial.py for tasks to queue
[2024-06-24T16:13:53.111+0000] {logging_mixin.py:150} INFO - [2024-06-24T16:13:53.111+0000] {dagbag.py:541} INFO - Filling up the DagBag from /usr/local/python/3.10.13/lib/python3.10/site-packages/airflow/example_dags/example_params_ui_tutorial.py
[2024-06-24T16:13:53.130+0000] {processor.py:836} INFO - DAG(s) dict_keys(['example_params_ui_tutorial']) retrieved from /usr/local/python/3.10.13/lib/python3.10/site-packages/airflow/example_dags/example_params_ui_tutorial.py
[2024-06-24T16:13:53.158+0000] {logging_mixin.py:150} INFO - [2024-06-24T16:13:53.158+0000] {dag.py:2742} INFO - Sync 1 DAGs
[2024-06-24T16:13:53.173+0000] {logging_mixin.py:150} INFO - [2024-06-24T16:13:53.173+0000] {dag.py:3504} INFO - Setting next_dagrun for example_params_ui_tutorial to None, run_after=None
[2024-06-24T16:13:53.213+0000] {processor.py:179} INFO - Processing /usr/local/python/3.10.13/lib/python3.10/site-packages/airflow/example_dags/example_params_ui_tutorial.py took 0.105 seconds
[2024-06-24T16:14:39.851+0000] {processor.py:157} INFO - Started process (PID=22381) to work on /usr/local/python/3.10.13/lib/python3.10/site-packages/airflow/example_dags/example_params_ui_tutorial.py
[2024-06-24T16:14:39.852+0000] {processor.py:826} INFO - Processing file /usr/local/python/3.10.13/lib/python3.10/site-packages/airflow/example_dags/example_params_ui_tutorial.py for tasks to queue
[2024-06-24T16:14:39.852+0000] {logging_mixin.py:150} INFO - [2024-06-24T16:14:39.852+0000] {dagbag.py:541} INFO - Filling up the DagBag from /usr/local/python/3.10.13/lib/python3.10/site-packages/airflow/example_dags/example_params_ui_tutorial.py
[2024-06-24T16:14:39.870+0000] {processor.py:836} INFO - DAG(s) dict_keys(['example_params_ui_tutorial']) retrieved from /usr/local/python/3.10.13/lib/python3.10/site-packages/airflow/example_dags/example_params_ui_tutorial.py
[2024-06-24T16:14:39.898+0000] {logging_mixin.py:150} INFO - [2024-06-24T16:14:39.898+0000] {dag.py:2742} INFO - Sync 1 DAGs
[2024-06-24T16:14:39.913+0000] {logging_mixin.py:150} INFO - [2024-06-24T16:14:39.913+0000] {dag.py:3504} INFO - Setting next_dagrun for example_params_ui_tutorial to None, run_after=None
[2024-06-24T16:14:39.961+0000] {processor.py:179} INFO - Processing /usr/local/python/3.10.13/lib/python3.10/site-packages/airflow/example_dags/example_params_ui_tutorial.py took 0.112 seconds
[2024-06-24T16:15:24.757+0000] {processor.py:157} INFO - Started process (PID=22682) to work on /usr/local/python/3.10.13/lib/python3.10/site-packages/airflow/example_dags/example_params_ui_tutorial.py
[2024-06-24T16:15:24.757+0000] {processor.py:826} INFO - Processing file /usr/local/python/3.10.13/lib/python3.10/site-packages/airflow/example_dags/example_params_ui_tutorial.py for tasks to queue
[2024-06-24T16:15:24.758+0000] {logging_mixin.py:150} INFO - [2024-06-24T16:15:24.758+0000] {dagbag.py:541} INFO - Filling up the DagBag from /usr/local/python/3.10.13/lib/python3.10/site-packages/airflow/example_dags/example_params_ui_tutorial.py
[2024-06-24T16:15:24.776+0000] {processor.py:836} INFO - DAG(s) dict_keys(['example_params_ui_tutorial']) retrieved from /usr/local/python/3.10.13/lib/python3.10/site-packages/airflow/example_dags/example_params_ui_tutorial.py
[2024-06-24T16:15:24.804+0000] {logging_mixin.py:150} INFO - [2024-06-24T16:15:24.803+0000] {dag.py:2742} INFO - Sync 1 DAGs
[2024-06-24T16:15:24.819+0000] {logging_mixin.py:150} INFO - [2024-06-24T16:15:24.818+0000] {dag.py:3504} INFO - Setting next_dagrun for example_params_ui_tutorial to None, run_after=None
[2024-06-24T16:15:24.871+0000] {processor.py:179} INFO - Processing /usr/local/python/3.10.13/lib/python3.10/site-packages/airflow/example_dags/example_params_ui_tutorial.py took 0.116 seconds
[2024-06-24T16:16:07.744+0000] {processor.py:157} INFO - Started process (PID=22996) to work on /usr/local/python/3.10.13/lib/python3.10/site-packages/airflow/example_dags/example_params_ui_tutorial.py
[2024-06-24T16:16:07.744+0000] {processor.py:826} INFO - Processing file /usr/local/python/3.10.13/lib/python3.10/site-packages/airflow/example_dags/example_params_ui_tutorial.py for tasks to queue
[2024-06-24T16:16:07.745+0000] {logging_mixin.py:150} INFO - [2024-06-24T16:16:07.745+0000] {dagbag.py:541} INFO - Filling up the DagBag from /usr/local/python/3.10.13/lib/python3.10/site-packages/airflow/example_dags/example_params_ui_tutorial.py
[2024-06-24T16:16:07.763+0000] {processor.py:836} INFO - DAG(s) dict_keys(['example_params_ui_tutorial']) retrieved from /usr/local/python/3.10.13/lib/python3.10/site-packages/airflow/example_dags/example_params_ui_tutorial.py
[2024-06-24T16:16:07.791+0000] {logging_mixin.py:150} INFO - [2024-06-24T16:16:07.791+0000] {dag.py:2742} INFO - Sync 1 DAGs
[2024-06-24T16:16:07.806+0000] {logging_mixin.py:150} INFO - [2024-06-24T16:16:07.806+0000] {dag.py:3504} INFO - Setting next_dagrun for example_params_ui_tutorial to None, run_after=None
[2024-06-24T16:16:07.852+0000] {processor.py:179} INFO - Processing /usr/local/python/3.10.13/lib/python3.10/site-packages/airflow/example_dags/example_params_ui_tutorial.py took 0.111 seconds
[2024-06-24T16:16:53.870+0000] {processor.py:157} INFO - Started process (PID=23305) to work on /usr/local/python/3.10.13/lib/python3.10/site-packages/airflow/example_dags/example_params_ui_tutorial.py
[2024-06-24T16:16:53.871+0000] {processor.py:826} INFO - Processing file /usr/local/python/3.10.13/lib/python3.10/site-packages/airflow/example_dags/example_params_ui_tutorial.py for tasks to queue
[2024-06-24T16:16:53.872+0000] {logging_mixin.py:150} INFO - [2024-06-24T16:16:53.871+0000] {dagbag.py:541} INFO - Filling up the DagBag from /usr/local/python/3.10.13/lib/python3.10/site-packages/airflow/example_dags/example_params_ui_tutorial.py
[2024-06-24T16:16:53.890+0000] {processor.py:836} INFO - DAG(s) dict_keys(['example_params_ui_tutorial']) retrieved from /usr/local/python/3.10.13/lib/python3.10/site-packages/airflow/example_dags/example_params_ui_tutorial.py
[2024-06-24T16:16:53.918+0000] {logging_mixin.py:150} INFO - [2024-06-24T16:16:53.918+0000] {dag.py:2742} INFO - Sync 1 DAGs
[2024-06-24T16:16:53.932+0000] {logging_mixin.py:150} INFO - [2024-06-24T16:16:53.932+0000] {dag.py:3504} INFO - Setting next_dagrun for example_params_ui_tutorial to None, run_after=None
[2024-06-24T16:16:53.975+0000] {processor.py:179} INFO - Processing /usr/local/python/3.10.13/lib/python3.10/site-packages/airflow/example_dags/example_params_ui_tutorial.py took 0.106 seconds
[2024-06-24T16:17:40.279+0000] {processor.py:157} INFO - Started process (PID=23632) to work on /usr/local/python/3.10.13/lib/python3.10/site-packages/airflow/example_dags/example_params_ui_tutorial.py
[2024-06-24T16:17:40.279+0000] {processor.py:826} INFO - Processing file /usr/local/python/3.10.13/lib/python3.10/site-packages/airflow/example_dags/example_params_ui_tutorial.py for tasks to queue
[2024-06-24T16:17:40.280+0000] {logging_mixin.py:150} INFO - [2024-06-24T16:17:40.280+0000] {dagbag.py:541} INFO - Filling up the DagBag from /usr/local/python/3.10.13/lib/python3.10/site-packages/airflow/example_dags/example_params_ui_tutorial.py
[2024-06-24T16:17:40.298+0000] {processor.py:836} INFO - DAG(s) dict_keys(['example_params_ui_tutorial']) retrieved from /usr/local/python/3.10.13/lib/python3.10/site-packages/airflow/example_dags/example_params_ui_tutorial.py
[2024-06-24T16:17:40.325+0000] {logging_mixin.py:150} INFO - [2024-06-24T16:17:40.325+0000] {dag.py:2742} INFO - Sync 1 DAGs
[2024-06-24T16:17:40.339+0000] {logging_mixin.py:150} INFO - [2024-06-24T16:17:40.339+0000] {dag.py:3504} INFO - Setting next_dagrun for example_params_ui_tutorial to None, run_after=None
[2024-06-24T16:17:40.387+0000] {processor.py:179} INFO - Processing /usr/local/python/3.10.13/lib/python3.10/site-packages/airflow/example_dags/example_params_ui_tutorial.py took 0.111 seconds
[2024-06-24T16:18:26.736+0000] {processor.py:157} INFO - Started process (PID=23947) to work on /usr/local/python/3.10.13/lib/python3.10/site-packages/airflow/example_dags/example_params_ui_tutorial.py
[2024-06-24T16:18:26.736+0000] {processor.py:826} INFO - Processing file /usr/local/python/3.10.13/lib/python3.10/site-packages/airflow/example_dags/example_params_ui_tutorial.py for tasks to queue
[2024-06-24T16:18:26.737+0000] {logging_mixin.py:150} INFO - [2024-06-24T16:18:26.737+0000] {dagbag.py:541} INFO - Filling up the DagBag from /usr/local/python/3.10.13/lib/python3.10/site-packages/airflow/example_dags/example_params_ui_tutorial.py
[2024-06-24T16:18:26.757+0000] {processor.py:836} INFO - DAG(s) dict_keys(['example_params_ui_tutorial']) retrieved from /usr/local/python/3.10.13/lib/python3.10/site-packages/airflow/example_dags/example_params_ui_tutorial.py
[2024-06-24T16:18:26.785+0000] {logging_mixin.py:150} INFO - [2024-06-24T16:18:26.785+0000] {dag.py:2742} INFO - Sync 1 DAGs
[2024-06-24T16:18:26.801+0000] {logging_mixin.py:150} INFO - [2024-06-24T16:18:26.801+0000] {dag.py:3504} INFO - Setting next_dagrun for example_params_ui_tutorial to None, run_after=None
[2024-06-24T16:18:26.842+0000] {processor.py:179} INFO - Processing /usr/local/python/3.10.13/lib/python3.10/site-packages/airflow/example_dags/example_params_ui_tutorial.py took 0.108 seconds
[2024-06-24T16:19:11.134+0000] {processor.py:157} INFO - Started process (PID=24267) to work on /usr/local/python/3.10.13/lib/python3.10/site-packages/airflow/example_dags/example_params_ui_tutorial.py
[2024-06-24T16:19:11.134+0000] {processor.py:826} INFO - Processing file /usr/local/python/3.10.13/lib/python3.10/site-packages/airflow/example_dags/example_params_ui_tutorial.py for tasks to queue
[2024-06-24T16:19:11.135+0000] {logging_mixin.py:150} INFO - [2024-06-24T16:19:11.135+0000] {dagbag.py:541} INFO - Filling up the DagBag from /usr/local/python/3.10.13/lib/python3.10/site-packages/airflow/example_dags/example_params_ui_tutorial.py
[2024-06-24T16:19:11.155+0000] {processor.py:836} INFO - DAG(s) dict_keys(['example_params_ui_tutorial']) retrieved from /usr/local/python/3.10.13/lib/python3.10/site-packages/airflow/example_dags/example_params_ui_tutorial.py
[2024-06-24T16:19:11.184+0000] {logging_mixin.py:150} INFO - [2024-06-24T16:19:11.184+0000] {dag.py:2742} INFO - Sync 1 DAGs
[2024-06-24T16:19:11.200+0000] {logging_mixin.py:150} INFO - [2024-06-24T16:19:11.200+0000] {dag.py:3504} INFO - Setting next_dagrun for example_params_ui_tutorial to None, run_after=None
[2024-06-24T16:19:11.249+0000] {processor.py:179} INFO - Processing /usr/local/python/3.10.13/lib/python3.10/site-packages/airflow/example_dags/example_params_ui_tutorial.py took 0.117 seconds
[2024-06-24T16:19:59.796+0000] {processor.py:157} INFO - Started process (PID=24590) to work on /usr/local/python/3.10.13/lib/python3.10/site-packages/airflow/example_dags/example_params_ui_tutorial.py
[2024-06-24T16:19:59.796+0000] {processor.py:826} INFO - Processing file /usr/local/python/3.10.13/lib/python3.10/site-packages/airflow/example_dags/example_params_ui_tutorial.py for tasks to queue
[2024-06-24T16:19:59.797+0000] {logging_mixin.py:150} INFO - [2024-06-24T16:19:59.797+0000] {dagbag.py:541} INFO - Filling up the DagBag from /usr/local/python/3.10.13/lib/python3.10/site-packages/airflow/example_dags/example_params_ui_tutorial.py
[2024-06-24T16:19:59.815+0000] {processor.py:836} INFO - DAG(s) dict_keys(['example_params_ui_tutorial']) retrieved from /usr/local/python/3.10.13/lib/python3.10/site-packages/airflow/example_dags/example_params_ui_tutorial.py
[2024-06-24T16:19:59.850+0000] {logging_mixin.py:150} INFO - [2024-06-24T16:19:59.850+0000] {dag.py:2742} INFO - Sync 1 DAGs
[2024-06-24T16:19:59.865+0000] {logging_mixin.py:150} INFO - [2024-06-24T16:19:59.865+0000] {dag.py:3504} INFO - Setting next_dagrun for example_params_ui_tutorial to None, run_after=None
[2024-06-24T16:19:59.906+0000] {processor.py:179} INFO - Processing /usr/local/python/3.10.13/lib/python3.10/site-packages/airflow/example_dags/example_params_ui_tutorial.py took 0.113 seconds
[2024-06-24T16:20:44.250+0000] {processor.py:157} INFO - Started process (PID=24904) to work on /usr/local/python/3.10.13/lib/python3.10/site-packages/airflow/example_dags/example_params_ui_tutorial.py
[2024-06-24T16:20:44.251+0000] {processor.py:826} INFO - Processing file /usr/local/python/3.10.13/lib/python3.10/site-packages/airflow/example_dags/example_params_ui_tutorial.py for tasks to queue
[2024-06-24T16:20:44.251+0000] {logging_mixin.py:150} INFO - [2024-06-24T16:20:44.251+0000] {dagbag.py:541} INFO - Filling up the DagBag from /usr/local/python/3.10.13/lib/python3.10/site-packages/airflow/example_dags/example_params_ui_tutorial.py
[2024-06-24T16:20:44.270+0000] {processor.py:836} INFO - DAG(s) dict_keys(['example_params_ui_tutorial']) retrieved from /usr/local/python/3.10.13/lib/python3.10/site-packages/airflow/example_dags/example_params_ui_tutorial.py
[2024-06-24T16:20:44.309+0000] {logging_mixin.py:150} INFO - [2024-06-24T16:20:44.309+0000] {dag.py:2742} INFO - Sync 1 DAGs
[2024-06-24T16:20:44.332+0000] {logging_mixin.py:150} INFO - [2024-06-24T16:20:44.332+0000] {dag.py:3504} INFO - Setting next_dagrun for example_params_ui_tutorial to None, run_after=None
[2024-06-24T16:20:44.375+0000] {processor.py:179} INFO - Processing /usr/local/python/3.10.13/lib/python3.10/site-packages/airflow/example_dags/example_params_ui_tutorial.py took 0.127 seconds
[2024-06-24T16:21:32.096+0000] {processor.py:157} INFO - Started process (PID=25227) to work on /usr/local/python/3.10.13/lib/python3.10/site-packages/airflow/example_dags/example_params_ui_tutorial.py
[2024-06-24T16:21:32.097+0000] {processor.py:826} INFO - Processing file /usr/local/python/3.10.13/lib/python3.10/site-packages/airflow/example_dags/example_params_ui_tutorial.py for tasks to queue
[2024-06-24T16:21:32.097+0000] {logging_mixin.py:150} INFO - [2024-06-24T16:21:32.097+0000] {dagbag.py:541} INFO - Filling up the DagBag from /usr/local/python/3.10.13/lib/python3.10/site-packages/airflow/example_dags/example_params_ui_tutorial.py
[2024-06-24T16:21:32.116+0000] {processor.py:836} INFO - DAG(s) dict_keys(['example_params_ui_tutorial']) retrieved from /usr/local/python/3.10.13/lib/python3.10/site-packages/airflow/example_dags/example_params_ui_tutorial.py
[2024-06-24T16:21:32.143+0000] {logging_mixin.py:150} INFO - [2024-06-24T16:21:32.143+0000] {dag.py:2742} INFO - Sync 1 DAGs
[2024-06-24T16:21:32.159+0000] {logging_mixin.py:150} INFO - [2024-06-24T16:21:32.158+0000] {dag.py:3504} INFO - Setting next_dagrun for example_params_ui_tutorial to None, run_after=None
[2024-06-24T16:21:32.202+0000] {processor.py:179} INFO - Processing /usr/local/python/3.10.13/lib/python3.10/site-packages/airflow/example_dags/example_params_ui_tutorial.py took 0.108 seconds
[2024-06-24T16:22:22.173+0000] {processor.py:157} INFO - Started process (PID=25573) to work on /usr/local/python/3.10.13/lib/python3.10/site-packages/airflow/example_dags/example_params_ui_tutorial.py
[2024-06-24T16:22:22.173+0000] {processor.py:826} INFO - Processing file /usr/local/python/3.10.13/lib/python3.10/site-packages/airflow/example_dags/example_params_ui_tutorial.py for tasks to queue
[2024-06-24T16:22:22.174+0000] {logging_mixin.py:150} INFO - [2024-06-24T16:22:22.174+0000] {dagbag.py:541} INFO - Filling up the DagBag from /usr/local/python/3.10.13/lib/python3.10/site-packages/airflow/example_dags/example_params_ui_tutorial.py
[2024-06-24T16:22:22.192+0000] {processor.py:836} INFO - DAG(s) dict_keys(['example_params_ui_tutorial']) retrieved from /usr/local/python/3.10.13/lib/python3.10/site-packages/airflow/example_dags/example_params_ui_tutorial.py
[2024-06-24T16:22:22.219+0000] {logging_mixin.py:150} INFO - [2024-06-24T16:22:22.219+0000] {dag.py:2742} INFO - Sync 1 DAGs
[2024-06-24T16:22:22.234+0000] {logging_mixin.py:150} INFO - [2024-06-24T16:22:22.234+0000] {dag.py:3504} INFO - Setting next_dagrun for example_params_ui_tutorial to None, run_after=None
[2024-06-24T16:22:22.283+0000] {processor.py:179} INFO - Processing /usr/local/python/3.10.13/lib/python3.10/site-packages/airflow/example_dags/example_params_ui_tutorial.py took 0.112 seconds
[2024-06-24T16:23:07.850+0000] {processor.py:157} INFO - Started process (PID=25907) to work on /usr/local/python/3.10.13/lib/python3.10/site-packages/airflow/example_dags/example_params_ui_tutorial.py
[2024-06-24T16:23:07.851+0000] {processor.py:826} INFO - Processing file /usr/local/python/3.10.13/lib/python3.10/site-packages/airflow/example_dags/example_params_ui_tutorial.py for tasks to queue
[2024-06-24T16:23:07.852+0000] {logging_mixin.py:150} INFO - [2024-06-24T16:23:07.851+0000] {dagbag.py:541} INFO - Filling up the DagBag from /usr/local/python/3.10.13/lib/python3.10/site-packages/airflow/example_dags/example_params_ui_tutorial.py
[2024-06-24T16:23:07.888+0000] {processor.py:836} INFO - DAG(s) dict_keys(['example_params_ui_tutorial']) retrieved from /usr/local/python/3.10.13/lib/python3.10/site-packages/airflow/example_dags/example_params_ui_tutorial.py
[2024-06-24T16:23:07.925+0000] {logging_mixin.py:150} INFO - [2024-06-24T16:23:07.925+0000] {dag.py:2742} INFO - Sync 1 DAGs
[2024-06-24T16:23:07.939+0000] {logging_mixin.py:150} INFO - [2024-06-24T16:23:07.939+0000] {dag.py:3504} INFO - Setting next_dagrun for example_params_ui_tutorial to None, run_after=None
[2024-06-24T16:23:07.981+0000] {processor.py:179} INFO - Processing /usr/local/python/3.10.13/lib/python3.10/site-packages/airflow/example_dags/example_params_ui_tutorial.py took 0.133 seconds
[2024-06-24T16:23:51.538+0000] {processor.py:157} INFO - Started process (PID=26202) to work on /usr/local/python/3.10.13/lib/python3.10/site-packages/airflow/example_dags/example_params_ui_tutorial.py
[2024-06-24T16:23:51.538+0000] {processor.py:826} INFO - Processing file /usr/local/python/3.10.13/lib/python3.10/site-packages/airflow/example_dags/example_params_ui_tutorial.py for tasks to queue
[2024-06-24T16:23:51.539+0000] {logging_mixin.py:150} INFO - [2024-06-24T16:23:51.539+0000] {dagbag.py:541} INFO - Filling up the DagBag from /usr/local/python/3.10.13/lib/python3.10/site-packages/airflow/example_dags/example_params_ui_tutorial.py
[2024-06-24T16:23:51.558+0000] {processor.py:836} INFO - DAG(s) dict_keys(['example_params_ui_tutorial']) retrieved from /usr/local/python/3.10.13/lib/python3.10/site-packages/airflow/example_dags/example_params_ui_tutorial.py
[2024-06-24T16:23:51.586+0000] {logging_mixin.py:150} INFO - [2024-06-24T16:23:51.586+0000] {dag.py:2742} INFO - Sync 1 DAGs
[2024-06-24T16:23:51.601+0000] {logging_mixin.py:150} INFO - [2024-06-24T16:23:51.601+0000] {dag.py:3504} INFO - Setting next_dagrun for example_params_ui_tutorial to None, run_after=None
[2024-06-24T16:23:51.639+0000] {processor.py:179} INFO - Processing /usr/local/python/3.10.13/lib/python3.10/site-packages/airflow/example_dags/example_params_ui_tutorial.py took 0.103 seconds
[2024-06-24T16:24:35.875+0000] {processor.py:157} INFO - Started process (PID=26505) to work on /usr/local/python/3.10.13/lib/python3.10/site-packages/airflow/example_dags/example_params_ui_tutorial.py
[2024-06-24T16:24:35.876+0000] {processor.py:826} INFO - Processing file /usr/local/python/3.10.13/lib/python3.10/site-packages/airflow/example_dags/example_params_ui_tutorial.py for tasks to queue
[2024-06-24T16:24:35.877+0000] {logging_mixin.py:150} INFO - [2024-06-24T16:24:35.876+0000] {dagbag.py:541} INFO - Filling up the DagBag from /usr/local/python/3.10.13/lib/python3.10/site-packages/airflow/example_dags/example_params_ui_tutorial.py
[2024-06-24T16:24:35.904+0000] {processor.py:836} INFO - DAG(s) dict_keys(['example_params_ui_tutorial']) retrieved from /usr/local/python/3.10.13/lib/python3.10/site-packages/airflow/example_dags/example_params_ui_tutorial.py
[2024-06-24T16:24:35.959+0000] {logging_mixin.py:150} INFO - [2024-06-24T16:24:35.958+0000] {dag.py:2742} INFO - Sync 1 DAGs
[2024-06-24T16:24:35.983+0000] {logging_mixin.py:150} INFO - [2024-06-24T16:24:35.983+0000] {dag.py:3504} INFO - Setting next_dagrun for example_params_ui_tutorial to None, run_after=None
[2024-06-24T16:24:36.032+0000] {processor.py:179} INFO - Processing /usr/local/python/3.10.13/lib/python3.10/site-packages/airflow/example_dags/example_params_ui_tutorial.py took 0.159 seconds
[2024-06-24T16:25:27.798+0000] {processor.py:157} INFO - Started process (PID=26875) to work on /usr/local/python/3.10.13/lib/python3.10/site-packages/airflow/example_dags/example_params_ui_tutorial.py
[2024-06-24T16:25:27.798+0000] {processor.py:826} INFO - Processing file /usr/local/python/3.10.13/lib/python3.10/site-packages/airflow/example_dags/example_params_ui_tutorial.py for tasks to queue
[2024-06-24T16:25:27.799+0000] {logging_mixin.py:150} INFO - [2024-06-24T16:25:27.799+0000] {dagbag.py:541} INFO - Filling up the DagBag from /usr/local/python/3.10.13/lib/python3.10/site-packages/airflow/example_dags/example_params_ui_tutorial.py
[2024-06-24T16:25:27.817+0000] {processor.py:836} INFO - DAG(s) dict_keys(['example_params_ui_tutorial']) retrieved from /usr/local/python/3.10.13/lib/python3.10/site-packages/airflow/example_dags/example_params_ui_tutorial.py
[2024-06-24T16:25:27.845+0000] {logging_mixin.py:150} INFO - [2024-06-24T16:25:27.845+0000] {dag.py:2742} INFO - Sync 1 DAGs
[2024-06-24T16:25:27.862+0000] {logging_mixin.py:150} INFO - [2024-06-24T16:25:27.862+0000] {dag.py:3504} INFO - Setting next_dagrun for example_params_ui_tutorial to None, run_after=None
[2024-06-24T16:25:27.903+0000] {processor.py:179} INFO - Processing /usr/local/python/3.10.13/lib/python3.10/site-packages/airflow/example_dags/example_params_ui_tutorial.py took 0.107 seconds
[2024-06-24T16:26:14.054+0000] {processor.py:157} INFO - Started process (PID=27188) to work on /usr/local/python/3.10.13/lib/python3.10/site-packages/airflow/example_dags/example_params_ui_tutorial.py
[2024-06-24T16:26:14.055+0000] {processor.py:826} INFO - Processing file /usr/local/python/3.10.13/lib/python3.10/site-packages/airflow/example_dags/example_params_ui_tutorial.py for tasks to queue
[2024-06-24T16:26:14.056+0000] {logging_mixin.py:150} INFO - [2024-06-24T16:26:14.055+0000] {dagbag.py:541} INFO - Filling up the DagBag from /usr/local/python/3.10.13/lib/python3.10/site-packages/airflow/example_dags/example_params_ui_tutorial.py
[2024-06-24T16:26:14.075+0000] {processor.py:836} INFO - DAG(s) dict_keys(['example_params_ui_tutorial']) retrieved from /usr/local/python/3.10.13/lib/python3.10/site-packages/airflow/example_dags/example_params_ui_tutorial.py
[2024-06-24T16:26:14.104+0000] {logging_mixin.py:150} INFO - [2024-06-24T16:26:14.104+0000] {dag.py:2742} INFO - Sync 1 DAGs
[2024-06-24T16:26:14.119+0000] {logging_mixin.py:150} INFO - [2024-06-24T16:26:14.119+0000] {dag.py:3504} INFO - Setting next_dagrun for example_params_ui_tutorial to None, run_after=None
[2024-06-24T16:26:14.158+0000] {processor.py:179} INFO - Processing /usr/local/python/3.10.13/lib/python3.10/site-packages/airflow/example_dags/example_params_ui_tutorial.py took 0.106 seconds
[2024-06-24T16:26:59.657+0000] {processor.py:157} INFO - Started process (PID=27510) to work on /usr/local/python/3.10.13/lib/python3.10/site-packages/airflow/example_dags/example_params_ui_tutorial.py
[2024-06-24T16:26:59.658+0000] {processor.py:826} INFO - Processing file /usr/local/python/3.10.13/lib/python3.10/site-packages/airflow/example_dags/example_params_ui_tutorial.py for tasks to queue
[2024-06-24T16:26:59.658+0000] {logging_mixin.py:150} INFO - [2024-06-24T16:26:59.658+0000] {dagbag.py:541} INFO - Filling up the DagBag from /usr/local/python/3.10.13/lib/python3.10/site-packages/airflow/example_dags/example_params_ui_tutorial.py
[2024-06-24T16:26:59.680+0000] {processor.py:836} INFO - DAG(s) dict_keys(['example_params_ui_tutorial']) retrieved from /usr/local/python/3.10.13/lib/python3.10/site-packages/airflow/example_dags/example_params_ui_tutorial.py
[2024-06-24T16:26:59.708+0000] {logging_mixin.py:150} INFO - [2024-06-24T16:26:59.708+0000] {dag.py:2742} INFO - Sync 1 DAGs
[2024-06-24T16:26:59.724+0000] {logging_mixin.py:150} INFO - [2024-06-24T16:26:59.723+0000] {dag.py:3504} INFO - Setting next_dagrun for example_params_ui_tutorial to None, run_after=None
[2024-06-24T16:26:59.763+0000] {processor.py:179} INFO - Processing /usr/local/python/3.10.13/lib/python3.10/site-packages/airflow/example_dags/example_params_ui_tutorial.py took 0.109 seconds
[2024-06-24T16:27:45.185+0000] {processor.py:157} INFO - Started process (PID=27827) to work on /usr/local/python/3.10.13/lib/python3.10/site-packages/airflow/example_dags/example_params_ui_tutorial.py
[2024-06-24T16:27:45.185+0000] {processor.py:826} INFO - Processing file /usr/local/python/3.10.13/lib/python3.10/site-packages/airflow/example_dags/example_params_ui_tutorial.py for tasks to queue
[2024-06-24T16:27:45.186+0000] {logging_mixin.py:150} INFO - [2024-06-24T16:27:45.186+0000] {dagbag.py:541} INFO - Filling up the DagBag from /usr/local/python/3.10.13/lib/python3.10/site-packages/airflow/example_dags/example_params_ui_tutorial.py
[2024-06-24T16:27:45.204+0000] {processor.py:836} INFO - DAG(s) dict_keys(['example_params_ui_tutorial']) retrieved from /usr/local/python/3.10.13/lib/python3.10/site-packages/airflow/example_dags/example_params_ui_tutorial.py
[2024-06-24T16:27:45.231+0000] {logging_mixin.py:150} INFO - [2024-06-24T16:27:45.231+0000] {dag.py:2742} INFO - Sync 1 DAGs
[2024-06-24T16:27:45.246+0000] {logging_mixin.py:150} INFO - [2024-06-24T16:27:45.246+0000] {dag.py:3504} INFO - Setting next_dagrun for example_params_ui_tutorial to None, run_after=None
[2024-06-24T16:27:45.287+0000] {processor.py:179} INFO - Processing /usr/local/python/3.10.13/lib/python3.10/site-packages/airflow/example_dags/example_params_ui_tutorial.py took 0.105 seconds
[2024-06-24T16:28:28.203+0000] {processor.py:157} INFO - Started process (PID=28122) to work on /usr/local/python/3.10.13/lib/python3.10/site-packages/airflow/example_dags/example_params_ui_tutorial.py
[2024-06-24T16:28:28.204+0000] {processor.py:826} INFO - Processing file /usr/local/python/3.10.13/lib/python3.10/site-packages/airflow/example_dags/example_params_ui_tutorial.py for tasks to queue
[2024-06-24T16:28:28.204+0000] {logging_mixin.py:150} INFO - [2024-06-24T16:28:28.204+0000] {dagbag.py:541} INFO - Filling up the DagBag from /usr/local/python/3.10.13/lib/python3.10/site-packages/airflow/example_dags/example_params_ui_tutorial.py
[2024-06-24T16:28:28.223+0000] {processor.py:836} INFO - DAG(s) dict_keys(['example_params_ui_tutorial']) retrieved from /usr/local/python/3.10.13/lib/python3.10/site-packages/airflow/example_dags/example_params_ui_tutorial.py
[2024-06-24T16:28:28.252+0000] {logging_mixin.py:150} INFO - [2024-06-24T16:28:28.251+0000] {dag.py:2742} INFO - Sync 1 DAGs
[2024-06-24T16:28:28.267+0000] {logging_mixin.py:150} INFO - [2024-06-24T16:28:28.266+0000] {dag.py:3504} INFO - Setting next_dagrun for example_params_ui_tutorial to None, run_after=None
[2024-06-24T16:28:28.306+0000] {processor.py:179} INFO - Processing /usr/local/python/3.10.13/lib/python3.10/site-packages/airflow/example_dags/example_params_ui_tutorial.py took 0.105 seconds
[2024-06-24T16:29:16.832+0000] {processor.py:157} INFO - Started process (PID=28465) to work on /usr/local/python/3.10.13/lib/python3.10/site-packages/airflow/example_dags/example_params_ui_tutorial.py
[2024-06-24T16:29:16.833+0000] {processor.py:826} INFO - Processing file /usr/local/python/3.10.13/lib/python3.10/site-packages/airflow/example_dags/example_params_ui_tutorial.py for tasks to queue
[2024-06-24T16:29:16.833+0000] {logging_mixin.py:150} INFO - [2024-06-24T16:29:16.833+0000] {dagbag.py:541} INFO - Filling up the DagBag from /usr/local/python/3.10.13/lib/python3.10/site-packages/airflow/example_dags/example_params_ui_tutorial.py
[2024-06-24T16:29:16.852+0000] {processor.py:836} INFO - DAG(s) dict_keys(['example_params_ui_tutorial']) retrieved from /usr/local/python/3.10.13/lib/python3.10/site-packages/airflow/example_dags/example_params_ui_tutorial.py
[2024-06-24T16:29:16.879+0000] {logging_mixin.py:150} INFO - [2024-06-24T16:29:16.879+0000] {dag.py:2742} INFO - Sync 1 DAGs
[2024-06-24T16:29:16.895+0000] {logging_mixin.py:150} INFO - [2024-06-24T16:29:16.894+0000] {dag.py:3504} INFO - Setting next_dagrun for example_params_ui_tutorial to None, run_after=None
[2024-06-24T16:29:16.940+0000] {processor.py:179} INFO - Processing /usr/local/python/3.10.13/lib/python3.10/site-packages/airflow/example_dags/example_params_ui_tutorial.py took 0.110 seconds
[2024-06-24T16:30:03.405+0000] {processor.py:157} INFO - Started process (PID=28787) to work on /usr/local/python/3.10.13/lib/python3.10/site-packages/airflow/example_dags/example_params_ui_tutorial.py
[2024-06-24T16:30:03.406+0000] {processor.py:826} INFO - Processing file /usr/local/python/3.10.13/lib/python3.10/site-packages/airflow/example_dags/example_params_ui_tutorial.py for tasks to queue
[2024-06-24T16:30:03.407+0000] {logging_mixin.py:150} INFO - [2024-06-24T16:30:03.406+0000] {dagbag.py:541} INFO - Filling up the DagBag from /usr/local/python/3.10.13/lib/python3.10/site-packages/airflow/example_dags/example_params_ui_tutorial.py
[2024-06-24T16:30:03.426+0000] {processor.py:836} INFO - DAG(s) dict_keys(['example_params_ui_tutorial']) retrieved from /usr/local/python/3.10.13/lib/python3.10/site-packages/airflow/example_dags/example_params_ui_tutorial.py
[2024-06-24T16:30:03.456+0000] {logging_mixin.py:150} INFO - [2024-06-24T16:30:03.455+0000] {dag.py:2742} INFO - Sync 1 DAGs
[2024-06-24T16:30:03.471+0000] {logging_mixin.py:150} INFO - [2024-06-24T16:30:03.471+0000] {dag.py:3504} INFO - Setting next_dagrun for example_params_ui_tutorial to None, run_after=None
[2024-06-24T16:30:03.512+0000] {processor.py:179} INFO - Processing /usr/local/python/3.10.13/lib/python3.10/site-packages/airflow/example_dags/example_params_ui_tutorial.py took 0.109 seconds
[2024-06-24T16:30:52.814+0000] {processor.py:157} INFO - Started process (PID=29138) to work on /usr/local/python/3.10.13/lib/python3.10/site-packages/airflow/example_dags/example_params_ui_tutorial.py
[2024-06-24T16:30:52.815+0000] {processor.py:826} INFO - Processing file /usr/local/python/3.10.13/lib/python3.10/site-packages/airflow/example_dags/example_params_ui_tutorial.py for tasks to queue
[2024-06-24T16:30:52.816+0000] {logging_mixin.py:150} INFO - [2024-06-24T16:30:52.815+0000] {dagbag.py:541} INFO - Filling up the DagBag from /usr/local/python/3.10.13/lib/python3.10/site-packages/airflow/example_dags/example_params_ui_tutorial.py
[2024-06-24T16:30:52.834+0000] {processor.py:836} INFO - DAG(s) dict_keys(['example_params_ui_tutorial']) retrieved from /usr/local/python/3.10.13/lib/python3.10/site-packages/airflow/example_dags/example_params_ui_tutorial.py
[2024-06-24T16:30:52.872+0000] {logging_mixin.py:150} INFO - [2024-06-24T16:30:52.872+0000] {dag.py:2742} INFO - Sync 1 DAGs
[2024-06-24T16:30:52.896+0000] {logging_mixin.py:150} INFO - [2024-06-24T16:30:52.896+0000] {dag.py:3504} INFO - Setting next_dagrun for example_params_ui_tutorial to None, run_after=None
[2024-06-24T16:30:52.944+0000] {processor.py:179} INFO - Processing /usr/local/python/3.10.13/lib/python3.10/site-packages/airflow/example_dags/example_params_ui_tutorial.py took 0.132 seconds
[2024-06-24T17:08:11.456+0000] {processor.py:157} INFO - Started process (PID=9537) to work on /usr/local/python/3.10.13/lib/python3.10/site-packages/airflow/example_dags/example_params_ui_tutorial.py
[2024-06-24T17:08:11.459+0000] {processor.py:826} INFO - Processing file /usr/local/python/3.10.13/lib/python3.10/site-packages/airflow/example_dags/example_params_ui_tutorial.py for tasks to queue
[2024-06-24T17:08:11.460+0000] {logging_mixin.py:150} INFO - [2024-06-24T17:08:11.460+0000] {dagbag.py:541} INFO - Filling up the DagBag from /usr/local/python/3.10.13/lib/python3.10/site-packages/airflow/example_dags/example_params_ui_tutorial.py
[2024-06-24T17:08:11.480+0000] {processor.py:836} INFO - DAG(s) dict_keys(['example_params_ui_tutorial']) retrieved from /usr/local/python/3.10.13/lib/python3.10/site-packages/airflow/example_dags/example_params_ui_tutorial.py
[2024-06-24T17:08:11.509+0000] {logging_mixin.py:150} INFO - [2024-06-24T17:08:11.509+0000] {dag.py:2742} INFO - Sync 1 DAGs
[2024-06-24T17:08:11.525+0000] {logging_mixin.py:150} INFO - [2024-06-24T17:08:11.525+0000] {dag.py:3504} INFO - Setting next_dagrun for example_params_ui_tutorial to None, run_after=None
[2024-06-24T17:08:11.563+0000] {processor.py:179} INFO - Processing /usr/local/python/3.10.13/lib/python3.10/site-packages/airflow/example_dags/example_params_ui_tutorial.py took 0.109 seconds
[2024-06-24T17:08:58.695+0000] {processor.py:157} INFO - Started process (PID=9875) to work on /usr/local/python/3.10.13/lib/python3.10/site-packages/airflow/example_dags/example_params_ui_tutorial.py
[2024-06-24T17:08:58.695+0000] {processor.py:826} INFO - Processing file /usr/local/python/3.10.13/lib/python3.10/site-packages/airflow/example_dags/example_params_ui_tutorial.py for tasks to queue
[2024-06-24T17:08:58.696+0000] {logging_mixin.py:150} INFO - [2024-06-24T17:08:58.696+0000] {dagbag.py:541} INFO - Filling up the DagBag from /usr/local/python/3.10.13/lib/python3.10/site-packages/airflow/example_dags/example_params_ui_tutorial.py
[2024-06-24T17:08:58.714+0000] {processor.py:836} INFO - DAG(s) dict_keys(['example_params_ui_tutorial']) retrieved from /usr/local/python/3.10.13/lib/python3.10/site-packages/airflow/example_dags/example_params_ui_tutorial.py
[2024-06-24T17:08:58.742+0000] {logging_mixin.py:150} INFO - [2024-06-24T17:08:58.742+0000] {dag.py:2742} INFO - Sync 1 DAGs
[2024-06-24T17:08:58.756+0000] {logging_mixin.py:150} INFO - [2024-06-24T17:08:58.756+0000] {dag.py:3504} INFO - Setting next_dagrun for example_params_ui_tutorial to None, run_after=None
[2024-06-24T17:08:58.804+0000] {processor.py:179} INFO - Processing /usr/local/python/3.10.13/lib/python3.10/site-packages/airflow/example_dags/example_params_ui_tutorial.py took 0.111 seconds
[2024-06-24T17:09:50.653+0000] {processor.py:157} INFO - Started process (PID=10243) to work on /usr/local/python/3.10.13/lib/python3.10/site-packages/airflow/example_dags/example_params_ui_tutorial.py
[2024-06-24T17:09:50.654+0000] {processor.py:826} INFO - Processing file /usr/local/python/3.10.13/lib/python3.10/site-packages/airflow/example_dags/example_params_ui_tutorial.py for tasks to queue
[2024-06-24T17:09:50.655+0000] {logging_mixin.py:150} INFO - [2024-06-24T17:09:50.655+0000] {dagbag.py:541} INFO - Filling up the DagBag from /usr/local/python/3.10.13/lib/python3.10/site-packages/airflow/example_dags/example_params_ui_tutorial.py
[2024-06-24T17:09:50.673+0000] {processor.py:836} INFO - DAG(s) dict_keys(['example_params_ui_tutorial']) retrieved from /usr/local/python/3.10.13/lib/python3.10/site-packages/airflow/example_dags/example_params_ui_tutorial.py
[2024-06-24T17:09:50.717+0000] {logging_mixin.py:150} INFO - [2024-06-24T17:09:50.717+0000] {dag.py:2742} INFO - Sync 1 DAGs
[2024-06-24T17:09:50.740+0000] {logging_mixin.py:150} INFO - [2024-06-24T17:09:50.740+0000] {dag.py:3504} INFO - Setting next_dagrun for example_params_ui_tutorial to None, run_after=None
[2024-06-24T17:09:50.783+0000] {processor.py:179} INFO - Processing /usr/local/python/3.10.13/lib/python3.10/site-packages/airflow/example_dags/example_params_ui_tutorial.py took 0.131 seconds
[2024-06-24T17:10:46.127+0000] {processor.py:157} INFO - Started process (PID=10645) to work on /usr/local/python/3.10.13/lib/python3.10/site-packages/airflow/example_dags/example_params_ui_tutorial.py
[2024-06-24T17:10:46.127+0000] {processor.py:826} INFO - Processing file /usr/local/python/3.10.13/lib/python3.10/site-packages/airflow/example_dags/example_params_ui_tutorial.py for tasks to queue
[2024-06-24T17:10:46.128+0000] {logging_mixin.py:150} INFO - [2024-06-24T17:10:46.128+0000] {dagbag.py:541} INFO - Filling up the DagBag from /usr/local/python/3.10.13/lib/python3.10/site-packages/airflow/example_dags/example_params_ui_tutorial.py
[2024-06-24T17:10:46.146+0000] {processor.py:836} INFO - DAG(s) dict_keys(['example_params_ui_tutorial']) retrieved from /usr/local/python/3.10.13/lib/python3.10/site-packages/airflow/example_dags/example_params_ui_tutorial.py
[2024-06-24T17:10:46.174+0000] {logging_mixin.py:150} INFO - [2024-06-24T17:10:46.174+0000] {dag.py:2742} INFO - Sync 1 DAGs
[2024-06-24T17:10:46.189+0000] {logging_mixin.py:150} INFO - [2024-06-24T17:10:46.189+0000] {dag.py:3504} INFO - Setting next_dagrun for example_params_ui_tutorial to None, run_after=None
[2024-06-24T17:10:46.232+0000] {processor.py:179} INFO - Processing /usr/local/python/3.10.13/lib/python3.10/site-packages/airflow/example_dags/example_params_ui_tutorial.py took 0.107 seconds
[2024-06-24T17:11:38.295+0000] {processor.py:157} INFO - Started process (PID=11043) to work on /usr/local/python/3.10.13/lib/python3.10/site-packages/airflow/example_dags/example_params_ui_tutorial.py
[2024-06-24T17:11:38.295+0000] {processor.py:826} INFO - Processing file /usr/local/python/3.10.13/lib/python3.10/site-packages/airflow/example_dags/example_params_ui_tutorial.py for tasks to queue
[2024-06-24T17:11:38.296+0000] {logging_mixin.py:150} INFO - [2024-06-24T17:11:38.296+0000] {dagbag.py:541} INFO - Filling up the DagBag from /usr/local/python/3.10.13/lib/python3.10/site-packages/airflow/example_dags/example_params_ui_tutorial.py
[2024-06-24T17:11:38.314+0000] {processor.py:836} INFO - DAG(s) dict_keys(['example_params_ui_tutorial']) retrieved from /usr/local/python/3.10.13/lib/python3.10/site-packages/airflow/example_dags/example_params_ui_tutorial.py
[2024-06-24T17:11:38.341+0000] {logging_mixin.py:150} INFO - [2024-06-24T17:11:38.341+0000] {dag.py:2742} INFO - Sync 1 DAGs
[2024-06-24T17:11:38.356+0000] {logging_mixin.py:150} INFO - [2024-06-24T17:11:38.356+0000] {dag.py:3504} INFO - Setting next_dagrun for example_params_ui_tutorial to None, run_after=None
[2024-06-24T17:11:38.406+0000] {processor.py:179} INFO - Processing /usr/local/python/3.10.13/lib/python3.10/site-packages/airflow/example_dags/example_params_ui_tutorial.py took 0.113 seconds
[2024-06-24T17:12:27.680+0000] {processor.py:157} INFO - Started process (PID=11421) to work on /usr/local/python/3.10.13/lib/python3.10/site-packages/airflow/example_dags/example_params_ui_tutorial.py
[2024-06-24T17:12:27.681+0000] {processor.py:826} INFO - Processing file /usr/local/python/3.10.13/lib/python3.10/site-packages/airflow/example_dags/example_params_ui_tutorial.py for tasks to queue
[2024-06-24T17:12:27.682+0000] {logging_mixin.py:150} INFO - [2024-06-24T17:12:27.681+0000] {dagbag.py:541} INFO - Filling up the DagBag from /usr/local/python/3.10.13/lib/python3.10/site-packages/airflow/example_dags/example_params_ui_tutorial.py
[2024-06-24T17:12:27.701+0000] {processor.py:836} INFO - DAG(s) dict_keys(['example_params_ui_tutorial']) retrieved from /usr/local/python/3.10.13/lib/python3.10/site-packages/airflow/example_dags/example_params_ui_tutorial.py
[2024-06-24T17:12:27.729+0000] {logging_mixin.py:150} INFO - [2024-06-24T17:12:27.729+0000] {dag.py:2742} INFO - Sync 1 DAGs
[2024-06-24T17:12:27.745+0000] {logging_mixin.py:150} INFO - [2024-06-24T17:12:27.745+0000] {dag.py:3504} INFO - Setting next_dagrun for example_params_ui_tutorial to None, run_after=None
[2024-06-24T17:12:27.782+0000] {processor.py:179} INFO - Processing /usr/local/python/3.10.13/lib/python3.10/site-packages/airflow/example_dags/example_params_ui_tutorial.py took 0.104 seconds
[2024-06-24T17:13:15.507+0000] {processor.py:157} INFO - Started process (PID=11786) to work on /usr/local/python/3.10.13/lib/python3.10/site-packages/airflow/example_dags/example_params_ui_tutorial.py
[2024-06-24T17:13:15.507+0000] {processor.py:826} INFO - Processing file /usr/local/python/3.10.13/lib/python3.10/site-packages/airflow/example_dags/example_params_ui_tutorial.py for tasks to queue
[2024-06-24T17:13:15.508+0000] {logging_mixin.py:150} INFO - [2024-06-24T17:13:15.508+0000] {dagbag.py:541} INFO - Filling up the DagBag from /usr/local/python/3.10.13/lib/python3.10/site-packages/airflow/example_dags/example_params_ui_tutorial.py
[2024-06-24T17:13:15.527+0000] {processor.py:836} INFO - DAG(s) dict_keys(['example_params_ui_tutorial']) retrieved from /usr/local/python/3.10.13/lib/python3.10/site-packages/airflow/example_dags/example_params_ui_tutorial.py
[2024-06-24T17:13:15.555+0000] {logging_mixin.py:150} INFO - [2024-06-24T17:13:15.555+0000] {dag.py:2742} INFO - Sync 1 DAGs
[2024-06-24T17:13:15.571+0000] {logging_mixin.py:150} INFO - [2024-06-24T17:13:15.571+0000] {dag.py:3504} INFO - Setting next_dagrun for example_params_ui_tutorial to None, run_after=None
[2024-06-24T17:13:15.615+0000] {processor.py:179} INFO - Processing /usr/local/python/3.10.13/lib/python3.10/site-packages/airflow/example_dags/example_params_ui_tutorial.py took 0.111 seconds
[2024-06-24T17:13:59.550+0000] {processor.py:157} INFO - Started process (PID=12136) to work on /usr/local/python/3.10.13/lib/python3.10/site-packages/airflow/example_dags/example_params_ui_tutorial.py
[2024-06-24T17:13:59.550+0000] {processor.py:826} INFO - Processing file /usr/local/python/3.10.13/lib/python3.10/site-packages/airflow/example_dags/example_params_ui_tutorial.py for tasks to queue
[2024-06-24T17:13:59.551+0000] {logging_mixin.py:150} INFO - [2024-06-24T17:13:59.551+0000] {dagbag.py:541} INFO - Filling up the DagBag from /usr/local/python/3.10.13/lib/python3.10/site-packages/airflow/example_dags/example_params_ui_tutorial.py
[2024-06-24T17:13:59.569+0000] {processor.py:836} INFO - DAG(s) dict_keys(['example_params_ui_tutorial']) retrieved from /usr/local/python/3.10.13/lib/python3.10/site-packages/airflow/example_dags/example_params_ui_tutorial.py
[2024-06-24T17:13:59.596+0000] {logging_mixin.py:150} INFO - [2024-06-24T17:13:59.596+0000] {dag.py:2742} INFO - Sync 1 DAGs
[2024-06-24T17:13:59.612+0000] {logging_mixin.py:150} INFO - [2024-06-24T17:13:59.612+0000] {dag.py:3504} INFO - Setting next_dagrun for example_params_ui_tutorial to None, run_after=None
[2024-06-24T17:13:59.652+0000] {processor.py:179} INFO - Processing /usr/local/python/3.10.13/lib/python3.10/site-packages/airflow/example_dags/example_params_ui_tutorial.py took 0.104 seconds
[2024-06-24T17:14:45.149+0000] {processor.py:157} INFO - Started process (PID=12483) to work on /usr/local/python/3.10.13/lib/python3.10/site-packages/airflow/example_dags/example_params_ui_tutorial.py
[2024-06-24T17:14:45.150+0000] {processor.py:826} INFO - Processing file /usr/local/python/3.10.13/lib/python3.10/site-packages/airflow/example_dags/example_params_ui_tutorial.py for tasks to queue
[2024-06-24T17:14:45.150+0000] {logging_mixin.py:150} INFO - [2024-06-24T17:14:45.150+0000] {dagbag.py:541} INFO - Filling up the DagBag from /usr/local/python/3.10.13/lib/python3.10/site-packages/airflow/example_dags/example_params_ui_tutorial.py
[2024-06-24T17:14:45.169+0000] {processor.py:836} INFO - DAG(s) dict_keys(['example_params_ui_tutorial']) retrieved from /usr/local/python/3.10.13/lib/python3.10/site-packages/airflow/example_dags/example_params_ui_tutorial.py
[2024-06-24T17:14:45.197+0000] {logging_mixin.py:150} INFO - [2024-06-24T17:14:45.197+0000] {dag.py:2742} INFO - Sync 1 DAGs
[2024-06-24T17:14:45.212+0000] {logging_mixin.py:150} INFO - [2024-06-24T17:14:45.212+0000] {dag.py:3504} INFO - Setting next_dagrun for example_params_ui_tutorial to None, run_after=None
[2024-06-24T17:14:45.263+0000] {processor.py:179} INFO - Processing /usr/local/python/3.10.13/lib/python3.10/site-packages/airflow/example_dags/example_params_ui_tutorial.py took 0.116 seconds
[2024-06-24T17:15:35.281+0000] {processor.py:157} INFO - Started process (PID=12855) to work on /usr/local/python/3.10.13/lib/python3.10/site-packages/airflow/example_dags/example_params_ui_tutorial.py
[2024-06-24T17:15:35.282+0000] {processor.py:826} INFO - Processing file /usr/local/python/3.10.13/lib/python3.10/site-packages/airflow/example_dags/example_params_ui_tutorial.py for tasks to queue
[2024-06-24T17:15:35.282+0000] {logging_mixin.py:150} INFO - [2024-06-24T17:15:35.282+0000] {dagbag.py:541} INFO - Filling up the DagBag from /usr/local/python/3.10.13/lib/python3.10/site-packages/airflow/example_dags/example_params_ui_tutorial.py
[2024-06-24T17:15:35.300+0000] {processor.py:836} INFO - DAG(s) dict_keys(['example_params_ui_tutorial']) retrieved from /usr/local/python/3.10.13/lib/python3.10/site-packages/airflow/example_dags/example_params_ui_tutorial.py
[2024-06-24T17:15:35.328+0000] {logging_mixin.py:150} INFO - [2024-06-24T17:15:35.328+0000] {dag.py:2742} INFO - Sync 1 DAGs
[2024-06-24T17:15:35.343+0000] {logging_mixin.py:150} INFO - [2024-06-24T17:15:35.343+0000] {dag.py:3504} INFO - Setting next_dagrun for example_params_ui_tutorial to None, run_after=None
[2024-06-24T17:15:35.387+0000] {processor.py:179} INFO - Processing /usr/local/python/3.10.13/lib/python3.10/site-packages/airflow/example_dags/example_params_ui_tutorial.py took 0.108 seconds
[2024-06-24T17:16:23.347+0000] {processor.py:157} INFO - Started process (PID=13225) to work on /usr/local/python/3.10.13/lib/python3.10/site-packages/airflow/example_dags/example_params_ui_tutorial.py
[2024-06-24T17:16:23.361+0000] {processor.py:826} INFO - Processing file /usr/local/python/3.10.13/lib/python3.10/site-packages/airflow/example_dags/example_params_ui_tutorial.py for tasks to queue
[2024-06-24T17:16:23.363+0000] {logging_mixin.py:150} INFO - [2024-06-24T17:16:23.362+0000] {dagbag.py:541} INFO - Filling up the DagBag from /usr/local/python/3.10.13/lib/python3.10/site-packages/airflow/example_dags/example_params_ui_tutorial.py
[2024-06-24T17:16:23.427+0000] {processor.py:836} INFO - DAG(s) dict_keys(['example_params_ui_tutorial']) retrieved from /usr/local/python/3.10.13/lib/python3.10/site-packages/airflow/example_dags/example_params_ui_tutorial.py
[2024-06-24T17:16:23.616+0000] {logging_mixin.py:150} INFO - [2024-06-24T17:16:23.616+0000] {dag.py:2742} INFO - Sync 1 DAGs
[2024-06-24T17:16:23.679+0000] {logging_mixin.py:150} INFO - [2024-06-24T17:16:23.679+0000] {dag.py:3504} INFO - Setting next_dagrun for example_params_ui_tutorial to None, run_after=None
[2024-06-24T17:16:23.752+0000] {processor.py:179} INFO - Processing /usr/local/python/3.10.13/lib/python3.10/site-packages/airflow/example_dags/example_params_ui_tutorial.py took 0.408 seconds
[2024-06-24T17:17:13.444+0000] {processor.py:157} INFO - Started process (PID=13612) to work on /usr/local/python/3.10.13/lib/python3.10/site-packages/airflow/example_dags/example_params_ui_tutorial.py
[2024-06-24T17:17:13.445+0000] {processor.py:826} INFO - Processing file /usr/local/python/3.10.13/lib/python3.10/site-packages/airflow/example_dags/example_params_ui_tutorial.py for tasks to queue
[2024-06-24T17:17:13.446+0000] {logging_mixin.py:150} INFO - [2024-06-24T17:17:13.445+0000] {dagbag.py:541} INFO - Filling up the DagBag from /usr/local/python/3.10.13/lib/python3.10/site-packages/airflow/example_dags/example_params_ui_tutorial.py
[2024-06-24T17:17:13.464+0000] {processor.py:836} INFO - DAG(s) dict_keys(['example_params_ui_tutorial']) retrieved from /usr/local/python/3.10.13/lib/python3.10/site-packages/airflow/example_dags/example_params_ui_tutorial.py
[2024-06-24T17:17:13.493+0000] {logging_mixin.py:150} INFO - [2024-06-24T17:17:13.493+0000] {dag.py:2742} INFO - Sync 1 DAGs
[2024-06-24T17:17:13.508+0000] {logging_mixin.py:150} INFO - [2024-06-24T17:17:13.508+0000] {dag.py:3504} INFO - Setting next_dagrun for example_params_ui_tutorial to None, run_after=None
[2024-06-24T17:17:13.559+0000] {processor.py:179} INFO - Processing /usr/local/python/3.10.13/lib/python3.10/site-packages/airflow/example_dags/example_params_ui_tutorial.py took 0.117 seconds
[2024-06-24T17:18:18.538+0000] {processor.py:157} INFO - Started process (PID=14052) to work on /usr/local/python/3.10.13/lib/python3.10/site-packages/airflow/example_dags/example_params_ui_tutorial.py
[2024-06-24T17:18:18.539+0000] {processor.py:826} INFO - Processing file /usr/local/python/3.10.13/lib/python3.10/site-packages/airflow/example_dags/example_params_ui_tutorial.py for tasks to queue
[2024-06-24T17:18:18.540+0000] {logging_mixin.py:150} INFO - [2024-06-24T17:18:18.539+0000] {dagbag.py:541} INFO - Filling up the DagBag from /usr/local/python/3.10.13/lib/python3.10/site-packages/airflow/example_dags/example_params_ui_tutorial.py
[2024-06-24T17:18:18.558+0000] {processor.py:836} INFO - DAG(s) dict_keys(['example_params_ui_tutorial']) retrieved from /usr/local/python/3.10.13/lib/python3.10/site-packages/airflow/example_dags/example_params_ui_tutorial.py
[2024-06-24T17:18:18.585+0000] {logging_mixin.py:150} INFO - [2024-06-24T17:18:18.585+0000] {dag.py:2742} INFO - Sync 1 DAGs
[2024-06-24T17:18:18.601+0000] {logging_mixin.py:150} INFO - [2024-06-24T17:18:18.601+0000] {dag.py:3504} INFO - Setting next_dagrun for example_params_ui_tutorial to None, run_after=None
[2024-06-24T17:18:18.639+0000] {processor.py:179} INFO - Processing /usr/local/python/3.10.13/lib/python3.10/site-packages/airflow/example_dags/example_params_ui_tutorial.py took 0.103 seconds
[2024-06-24T17:19:02.341+0000] {processor.py:157} INFO - Started process (PID=14374) to work on /usr/local/python/3.10.13/lib/python3.10/site-packages/airflow/example_dags/example_params_ui_tutorial.py
[2024-06-24T17:19:02.341+0000] {processor.py:826} INFO - Processing file /usr/local/python/3.10.13/lib/python3.10/site-packages/airflow/example_dags/example_params_ui_tutorial.py for tasks to queue
[2024-06-24T17:19:02.342+0000] {logging_mixin.py:150} INFO - [2024-06-24T17:19:02.342+0000] {dagbag.py:541} INFO - Filling up the DagBag from /usr/local/python/3.10.13/lib/python3.10/site-packages/airflow/example_dags/example_params_ui_tutorial.py
[2024-06-24T17:19:02.360+0000] {processor.py:836} INFO - DAG(s) dict_keys(['example_params_ui_tutorial']) retrieved from /usr/local/python/3.10.13/lib/python3.10/site-packages/airflow/example_dags/example_params_ui_tutorial.py
[2024-06-24T17:19:02.401+0000] {logging_mixin.py:150} INFO - [2024-06-24T17:19:02.400+0000] {dag.py:2742} INFO - Sync 1 DAGs
[2024-06-24T17:19:02.424+0000] {logging_mixin.py:150} INFO - [2024-06-24T17:19:02.424+0000] {dag.py:3504} INFO - Setting next_dagrun for example_params_ui_tutorial to None, run_after=None
[2024-06-24T17:19:02.476+0000] {processor.py:179} INFO - Processing /usr/local/python/3.10.13/lib/python3.10/site-packages/airflow/example_dags/example_params_ui_tutorial.py took 0.138 seconds
[2024-06-24T17:19:57.985+0000] {processor.py:157} INFO - Started process (PID=14816) to work on /usr/local/python/3.10.13/lib/python3.10/site-packages/airflow/example_dags/example_params_ui_tutorial.py
[2024-06-24T17:19:57.986+0000] {processor.py:826} INFO - Processing file /usr/local/python/3.10.13/lib/python3.10/site-packages/airflow/example_dags/example_params_ui_tutorial.py for tasks to queue
[2024-06-24T17:19:57.987+0000] {logging_mixin.py:150} INFO - [2024-06-24T17:19:57.987+0000] {dagbag.py:541} INFO - Filling up the DagBag from /usr/local/python/3.10.13/lib/python3.10/site-packages/airflow/example_dags/example_params_ui_tutorial.py
[2024-06-24T17:19:58.006+0000] {processor.py:836} INFO - DAG(s) dict_keys(['example_params_ui_tutorial']) retrieved from /usr/local/python/3.10.13/lib/python3.10/site-packages/airflow/example_dags/example_params_ui_tutorial.py
[2024-06-24T17:19:58.035+0000] {logging_mixin.py:150} INFO - [2024-06-24T17:19:58.035+0000] {dag.py:2742} INFO - Sync 1 DAGs
[2024-06-24T17:19:58.050+0000] {logging_mixin.py:150} INFO - [2024-06-24T17:19:58.050+0000] {dag.py:3504} INFO - Setting next_dagrun for example_params_ui_tutorial to None, run_after=None
[2024-06-24T17:19:58.088+0000] {processor.py:179} INFO - Processing /usr/local/python/3.10.13/lib/python3.10/site-packages/airflow/example_dags/example_params_ui_tutorial.py took 0.105 seconds
[2024-06-24T17:20:58.565+0000] {processor.py:157} INFO - Started process (PID=15228) to work on /usr/local/python/3.10.13/lib/python3.10/site-packages/airflow/example_dags/example_params_ui_tutorial.py
[2024-06-24T17:20:58.565+0000] {processor.py:826} INFO - Processing file /usr/local/python/3.10.13/lib/python3.10/site-packages/airflow/example_dags/example_params_ui_tutorial.py for tasks to queue
[2024-06-24T17:20:58.566+0000] {logging_mixin.py:150} INFO - [2024-06-24T17:20:58.566+0000] {dagbag.py:541} INFO - Filling up the DagBag from /usr/local/python/3.10.13/lib/python3.10/site-packages/airflow/example_dags/example_params_ui_tutorial.py
[2024-06-24T17:20:58.585+0000] {processor.py:836} INFO - DAG(s) dict_keys(['example_params_ui_tutorial']) retrieved from /usr/local/python/3.10.13/lib/python3.10/site-packages/airflow/example_dags/example_params_ui_tutorial.py
[2024-06-24T17:20:58.613+0000] {logging_mixin.py:150} INFO - [2024-06-24T17:20:58.613+0000] {dag.py:2742} INFO - Sync 1 DAGs
[2024-06-24T17:20:58.629+0000] {logging_mixin.py:150} INFO - [2024-06-24T17:20:58.629+0000] {dag.py:3504} INFO - Setting next_dagrun for example_params_ui_tutorial to None, run_after=None
[2024-06-24T17:20:58.670+0000] {processor.py:179} INFO - Processing /usr/local/python/3.10.13/lib/python3.10/site-packages/airflow/example_dags/example_params_ui_tutorial.py took 0.107 seconds
[2024-06-24T17:21:51.687+0000] {processor.py:157} INFO - Started process (PID=15596) to work on /usr/local/python/3.10.13/lib/python3.10/site-packages/airflow/example_dags/example_params_ui_tutorial.py
[2024-06-24T17:21:51.688+0000] {processor.py:826} INFO - Processing file /usr/local/python/3.10.13/lib/python3.10/site-packages/airflow/example_dags/example_params_ui_tutorial.py for tasks to queue
[2024-06-24T17:21:51.689+0000] {logging_mixin.py:150} INFO - [2024-06-24T17:21:51.688+0000] {dagbag.py:541} INFO - Filling up the DagBag from /usr/local/python/3.10.13/lib/python3.10/site-packages/airflow/example_dags/example_params_ui_tutorial.py
[2024-06-24T17:21:51.707+0000] {processor.py:836} INFO - DAG(s) dict_keys(['example_params_ui_tutorial']) retrieved from /usr/local/python/3.10.13/lib/python3.10/site-packages/airflow/example_dags/example_params_ui_tutorial.py
[2024-06-24T17:21:51.734+0000] {logging_mixin.py:150} INFO - [2024-06-24T17:21:51.734+0000] {dag.py:2742} INFO - Sync 1 DAGs
[2024-06-24T17:21:51.748+0000] {logging_mixin.py:150} INFO - [2024-06-24T17:21:51.748+0000] {dag.py:3504} INFO - Setting next_dagrun for example_params_ui_tutorial to None, run_after=None
[2024-06-24T17:21:51.794+0000] {processor.py:179} INFO - Processing /usr/local/python/3.10.13/lib/python3.10/site-packages/airflow/example_dags/example_params_ui_tutorial.py took 0.109 seconds
[2024-06-24T17:22:40.654+0000] {processor.py:157} INFO - Started process (PID=15943) to work on /usr/local/python/3.10.13/lib/python3.10/site-packages/airflow/example_dags/example_params_ui_tutorial.py
[2024-06-24T17:22:40.655+0000] {processor.py:826} INFO - Processing file /usr/local/python/3.10.13/lib/python3.10/site-packages/airflow/example_dags/example_params_ui_tutorial.py for tasks to queue
[2024-06-24T17:22:40.655+0000] {logging_mixin.py:150} INFO - [2024-06-24T17:22:40.655+0000] {dagbag.py:541} INFO - Filling up the DagBag from /usr/local/python/3.10.13/lib/python3.10/site-packages/airflow/example_dags/example_params_ui_tutorial.py
[2024-06-24T17:22:40.674+0000] {processor.py:836} INFO - DAG(s) dict_keys(['example_params_ui_tutorial']) retrieved from /usr/local/python/3.10.13/lib/python3.10/site-packages/airflow/example_dags/example_params_ui_tutorial.py
[2024-06-24T17:22:40.702+0000] {logging_mixin.py:150} INFO - [2024-06-24T17:22:40.702+0000] {dag.py:2742} INFO - Sync 1 DAGs
[2024-06-24T17:22:40.718+0000] {logging_mixin.py:150} INFO - [2024-06-24T17:22:40.717+0000] {dag.py:3504} INFO - Setting next_dagrun for example_params_ui_tutorial to None, run_after=None
[2024-06-24T17:22:40.761+0000] {processor.py:179} INFO - Processing /usr/local/python/3.10.13/lib/python3.10/site-packages/airflow/example_dags/example_params_ui_tutorial.py took 0.109 seconds
[2024-06-24T17:23:36.174+0000] {processor.py:157} INFO - Started process (PID=16316) to work on /usr/local/python/3.10.13/lib/python3.10/site-packages/airflow/example_dags/example_params_ui_tutorial.py
[2024-06-24T17:23:36.175+0000] {processor.py:826} INFO - Processing file /usr/local/python/3.10.13/lib/python3.10/site-packages/airflow/example_dags/example_params_ui_tutorial.py for tasks to queue
[2024-06-24T17:23:36.175+0000] {logging_mixin.py:150} INFO - [2024-06-24T17:23:36.175+0000] {dagbag.py:541} INFO - Filling up the DagBag from /usr/local/python/3.10.13/lib/python3.10/site-packages/airflow/example_dags/example_params_ui_tutorial.py
[2024-06-24T17:23:36.193+0000] {processor.py:836} INFO - DAG(s) dict_keys(['example_params_ui_tutorial']) retrieved from /usr/local/python/3.10.13/lib/python3.10/site-packages/airflow/example_dags/example_params_ui_tutorial.py
[2024-06-24T17:23:36.221+0000] {logging_mixin.py:150} INFO - [2024-06-24T17:23:36.221+0000] {dag.py:2742} INFO - Sync 1 DAGs
[2024-06-24T17:23:36.236+0000] {logging_mixin.py:150} INFO - [2024-06-24T17:23:36.235+0000] {dag.py:3504} INFO - Setting next_dagrun for example_params_ui_tutorial to None, run_after=None
[2024-06-24T17:23:36.286+0000] {processor.py:179} INFO - Processing /usr/local/python/3.10.13/lib/python3.10/site-packages/airflow/example_dags/example_params_ui_tutorial.py took 0.114 seconds
[2024-06-24T17:24:25.058+0000] {processor.py:157} INFO - Started process (PID=16662) to work on /usr/local/python/3.10.13/lib/python3.10/site-packages/airflow/example_dags/example_params_ui_tutorial.py
[2024-06-24T17:24:25.059+0000] {processor.py:826} INFO - Processing file /usr/local/python/3.10.13/lib/python3.10/site-packages/airflow/example_dags/example_params_ui_tutorial.py for tasks to queue
[2024-06-24T17:24:25.060+0000] {logging_mixin.py:150} INFO - [2024-06-24T17:24:25.060+0000] {dagbag.py:541} INFO - Filling up the DagBag from /usr/local/python/3.10.13/lib/python3.10/site-packages/airflow/example_dags/example_params_ui_tutorial.py
[2024-06-24T17:24:25.078+0000] {processor.py:836} INFO - DAG(s) dict_keys(['example_params_ui_tutorial']) retrieved from /usr/local/python/3.10.13/lib/python3.10/site-packages/airflow/example_dags/example_params_ui_tutorial.py
[2024-06-24T17:24:25.105+0000] {logging_mixin.py:150} INFO - [2024-06-24T17:24:25.105+0000] {dag.py:2742} INFO - Sync 1 DAGs
[2024-06-24T17:24:25.120+0000] {logging_mixin.py:150} INFO - [2024-06-24T17:24:25.120+0000] {dag.py:3504} INFO - Setting next_dagrun for example_params_ui_tutorial to None, run_after=None
[2024-06-24T17:24:25.165+0000] {processor.py:179} INFO - Processing /usr/local/python/3.10.13/lib/python3.10/site-packages/airflow/example_dags/example_params_ui_tutorial.py took 0.108 seconds
[2024-06-24T17:25:20.996+0000] {processor.py:157} INFO - Started process (PID=17069) to work on /usr/local/python/3.10.13/lib/python3.10/site-packages/airflow/example_dags/example_params_ui_tutorial.py
[2024-06-24T17:25:20.997+0000] {processor.py:826} INFO - Processing file /usr/local/python/3.10.13/lib/python3.10/site-packages/airflow/example_dags/example_params_ui_tutorial.py for tasks to queue
[2024-06-24T17:25:20.997+0000] {logging_mixin.py:150} INFO - [2024-06-24T17:25:20.997+0000] {dagbag.py:541} INFO - Filling up the DagBag from /usr/local/python/3.10.13/lib/python3.10/site-packages/airflow/example_dags/example_params_ui_tutorial.py
[2024-06-24T17:25:21.016+0000] {processor.py:836} INFO - DAG(s) dict_keys(['example_params_ui_tutorial']) retrieved from /usr/local/python/3.10.13/lib/python3.10/site-packages/airflow/example_dags/example_params_ui_tutorial.py
[2024-06-24T17:25:21.045+0000] {logging_mixin.py:150} INFO - [2024-06-24T17:25:21.044+0000] {dag.py:2742} INFO - Sync 1 DAGs
[2024-06-24T17:25:21.060+0000] {logging_mixin.py:150} INFO - [2024-06-24T17:25:21.060+0000] {dag.py:3504} INFO - Setting next_dagrun for example_params_ui_tutorial to None, run_after=None
[2024-06-24T17:25:21.105+0000] {processor.py:179} INFO - Processing /usr/local/python/3.10.13/lib/python3.10/site-packages/airflow/example_dags/example_params_ui_tutorial.py took 0.111 seconds
[2024-06-24T17:26:10.897+0000] {processor.py:157} INFO - Started process (PID=17398) to work on /usr/local/python/3.10.13/lib/python3.10/site-packages/airflow/example_dags/example_params_ui_tutorial.py
[2024-06-24T17:26:10.898+0000] {processor.py:826} INFO - Processing file /usr/local/python/3.10.13/lib/python3.10/site-packages/airflow/example_dags/example_params_ui_tutorial.py for tasks to queue
[2024-06-24T17:26:10.898+0000] {logging_mixin.py:150} INFO - [2024-06-24T17:26:10.898+0000] {dagbag.py:541} INFO - Filling up the DagBag from /usr/local/python/3.10.13/lib/python3.10/site-packages/airflow/example_dags/example_params_ui_tutorial.py
[2024-06-24T17:26:10.929+0000] {processor.py:836} INFO - DAG(s) dict_keys(['example_params_ui_tutorial']) retrieved from /usr/local/python/3.10.13/lib/python3.10/site-packages/airflow/example_dags/example_params_ui_tutorial.py
[2024-06-24T17:26:10.976+0000] {logging_mixin.py:150} INFO - [2024-06-24T17:26:10.976+0000] {dag.py:2742} INFO - Sync 1 DAGs
[2024-06-24T17:26:11.001+0000] {logging_mixin.py:150} INFO - [2024-06-24T17:26:11.000+0000] {dag.py:3504} INFO - Setting next_dagrun for example_params_ui_tutorial to None, run_after=None
[2024-06-24T17:26:11.050+0000] {processor.py:179} INFO - Processing /usr/local/python/3.10.13/lib/python3.10/site-packages/airflow/example_dags/example_params_ui_tutorial.py took 0.155 seconds
[2024-06-24T17:26:58.297+0000] {processor.py:157} INFO - Started process (PID=17738) to work on /usr/local/python/3.10.13/lib/python3.10/site-packages/airflow/example_dags/example_params_ui_tutorial.py
[2024-06-24T17:26:58.297+0000] {processor.py:826} INFO - Processing file /usr/local/python/3.10.13/lib/python3.10/site-packages/airflow/example_dags/example_params_ui_tutorial.py for tasks to queue
[2024-06-24T17:26:58.298+0000] {logging_mixin.py:150} INFO - [2024-06-24T17:26:58.298+0000] {dagbag.py:541} INFO - Filling up the DagBag from /usr/local/python/3.10.13/lib/python3.10/site-packages/airflow/example_dags/example_params_ui_tutorial.py
[2024-06-24T17:26:58.316+0000] {processor.py:836} INFO - DAG(s) dict_keys(['example_params_ui_tutorial']) retrieved from /usr/local/python/3.10.13/lib/python3.10/site-packages/airflow/example_dags/example_params_ui_tutorial.py
[2024-06-24T17:26:58.346+0000] {logging_mixin.py:150} INFO - [2024-06-24T17:26:58.346+0000] {dag.py:2742} INFO - Sync 1 DAGs
[2024-06-24T17:26:58.370+0000] {logging_mixin.py:150} INFO - [2024-06-24T17:26:58.370+0000] {dag.py:3504} INFO - Setting next_dagrun for example_params_ui_tutorial to None, run_after=None
[2024-06-24T17:26:58.412+0000] {processor.py:179} INFO - Processing /usr/local/python/3.10.13/lib/python3.10/site-packages/airflow/example_dags/example_params_ui_tutorial.py took 0.118 seconds
[2024-06-24T17:27:52.445+0000] {processor.py:157} INFO - Started process (PID=18112) to work on /usr/local/python/3.10.13/lib/python3.10/site-packages/airflow/example_dags/example_params_ui_tutorial.py
[2024-06-24T17:27:52.445+0000] {processor.py:826} INFO - Processing file /usr/local/python/3.10.13/lib/python3.10/site-packages/airflow/example_dags/example_params_ui_tutorial.py for tasks to queue
[2024-06-24T17:27:52.446+0000] {logging_mixin.py:150} INFO - [2024-06-24T17:27:52.446+0000] {dagbag.py:541} INFO - Filling up the DagBag from /usr/local/python/3.10.13/lib/python3.10/site-packages/airflow/example_dags/example_params_ui_tutorial.py
[2024-06-24T17:27:52.471+0000] {processor.py:836} INFO - DAG(s) dict_keys(['example_params_ui_tutorial']) retrieved from /usr/local/python/3.10.13/lib/python3.10/site-packages/airflow/example_dags/example_params_ui_tutorial.py
[2024-06-24T17:27:52.516+0000] {logging_mixin.py:150} INFO - [2024-06-24T17:27:52.516+0000] {dag.py:2742} INFO - Sync 1 DAGs
[2024-06-24T17:27:52.539+0000] {logging_mixin.py:150} INFO - [2024-06-24T17:27:52.539+0000] {dag.py:3504} INFO - Setting next_dagrun for example_params_ui_tutorial to None, run_after=None
[2024-06-24T17:27:52.593+0000] {processor.py:179} INFO - Processing /usr/local/python/3.10.13/lib/python3.10/site-packages/airflow/example_dags/example_params_ui_tutorial.py took 0.150 seconds
[2024-06-24T17:28:46.810+0000] {processor.py:157} INFO - Started process (PID=18502) to work on /usr/local/python/3.10.13/lib/python3.10/site-packages/airflow/example_dags/example_params_ui_tutorial.py
[2024-06-24T17:28:46.810+0000] {processor.py:826} INFO - Processing file /usr/local/python/3.10.13/lib/python3.10/site-packages/airflow/example_dags/example_params_ui_tutorial.py for tasks to queue
[2024-06-24T17:28:46.811+0000] {logging_mixin.py:150} INFO - [2024-06-24T17:28:46.811+0000] {dagbag.py:541} INFO - Filling up the DagBag from /usr/local/python/3.10.13/lib/python3.10/site-packages/airflow/example_dags/example_params_ui_tutorial.py
[2024-06-24T17:28:46.832+0000] {processor.py:836} INFO - DAG(s) dict_keys(['example_params_ui_tutorial']) retrieved from /usr/local/python/3.10.13/lib/python3.10/site-packages/airflow/example_dags/example_params_ui_tutorial.py
[2024-06-24T17:28:46.861+0000] {logging_mixin.py:150} INFO - [2024-06-24T17:28:46.860+0000] {dag.py:2742} INFO - Sync 1 DAGs
[2024-06-24T17:28:46.875+0000] {logging_mixin.py:150} INFO - [2024-06-24T17:28:46.875+0000] {dag.py:3504} INFO - Setting next_dagrun for example_params_ui_tutorial to None, run_after=None
[2024-06-24T17:28:46.915+0000] {processor.py:179} INFO - Processing /usr/local/python/3.10.13/lib/python3.10/site-packages/airflow/example_dags/example_params_ui_tutorial.py took 0.108 seconds
[2024-06-24T17:29:39.715+0000] {processor.py:157} INFO - Started process (PID=18859) to work on /usr/local/python/3.10.13/lib/python3.10/site-packages/airflow/example_dags/example_params_ui_tutorial.py
[2024-06-24T17:29:39.715+0000] {processor.py:826} INFO - Processing file /usr/local/python/3.10.13/lib/python3.10/site-packages/airflow/example_dags/example_params_ui_tutorial.py for tasks to queue
[2024-06-24T17:29:39.716+0000] {logging_mixin.py:150} INFO - [2024-06-24T17:29:39.716+0000] {dagbag.py:541} INFO - Filling up the DagBag from /usr/local/python/3.10.13/lib/python3.10/site-packages/airflow/example_dags/example_params_ui_tutorial.py
[2024-06-24T17:29:39.734+0000] {processor.py:836} INFO - DAG(s) dict_keys(['example_params_ui_tutorial']) retrieved from /usr/local/python/3.10.13/lib/python3.10/site-packages/airflow/example_dags/example_params_ui_tutorial.py
[2024-06-24T17:29:39.767+0000] {logging_mixin.py:150} INFO - [2024-06-24T17:29:39.767+0000] {dag.py:2742} INFO - Sync 1 DAGs
[2024-06-24T17:29:39.790+0000] {logging_mixin.py:150} INFO - [2024-06-24T17:29:39.790+0000] {dag.py:3504} INFO - Setting next_dagrun for example_params_ui_tutorial to None, run_after=None
[2024-06-24T17:29:39.837+0000] {processor.py:179} INFO - Processing /usr/local/python/3.10.13/lib/python3.10/site-packages/airflow/example_dags/example_params_ui_tutorial.py took 0.125 seconds
[2024-06-24T17:30:31.660+0000] {processor.py:157} INFO - Started process (PID=19217) to work on /usr/local/python/3.10.13/lib/python3.10/site-packages/airflow/example_dags/example_params_ui_tutorial.py
[2024-06-24T17:30:31.661+0000] {processor.py:826} INFO - Processing file /usr/local/python/3.10.13/lib/python3.10/site-packages/airflow/example_dags/example_params_ui_tutorial.py for tasks to queue
[2024-06-24T17:30:31.662+0000] {logging_mixin.py:150} INFO - [2024-06-24T17:30:31.662+0000] {dagbag.py:541} INFO - Filling up the DagBag from /usr/local/python/3.10.13/lib/python3.10/site-packages/airflow/example_dags/example_params_ui_tutorial.py
[2024-06-24T17:30:31.680+0000] {processor.py:836} INFO - DAG(s) dict_keys(['example_params_ui_tutorial']) retrieved from /usr/local/python/3.10.13/lib/python3.10/site-packages/airflow/example_dags/example_params_ui_tutorial.py
[2024-06-24T17:30:31.707+0000] {logging_mixin.py:150} INFO - [2024-06-24T17:30:31.707+0000] {dag.py:2742} INFO - Sync 1 DAGs
[2024-06-24T17:30:31.721+0000] {logging_mixin.py:150} INFO - [2024-06-24T17:30:31.721+0000] {dag.py:3504} INFO - Setting next_dagrun for example_params_ui_tutorial to None, run_after=None
[2024-06-24T17:30:31.765+0000] {processor.py:179} INFO - Processing /usr/local/python/3.10.13/lib/python3.10/site-packages/airflow/example_dags/example_params_ui_tutorial.py took 0.107 seconds
[2024-06-24T17:31:24.581+0000] {processor.py:157} INFO - Started process (PID=19591) to work on /usr/local/python/3.10.13/lib/python3.10/site-packages/airflow/example_dags/example_params_ui_tutorial.py
[2024-06-24T17:31:24.582+0000] {processor.py:826} INFO - Processing file /usr/local/python/3.10.13/lib/python3.10/site-packages/airflow/example_dags/example_params_ui_tutorial.py for tasks to queue
[2024-06-24T17:31:24.582+0000] {logging_mixin.py:150} INFO - [2024-06-24T17:31:24.582+0000] {dagbag.py:541} INFO - Filling up the DagBag from /usr/local/python/3.10.13/lib/python3.10/site-packages/airflow/example_dags/example_params_ui_tutorial.py
[2024-06-24T17:31:24.601+0000] {processor.py:836} INFO - DAG(s) dict_keys(['example_params_ui_tutorial']) retrieved from /usr/local/python/3.10.13/lib/python3.10/site-packages/airflow/example_dags/example_params_ui_tutorial.py
[2024-06-24T17:31:24.634+0000] {logging_mixin.py:150} INFO - [2024-06-24T17:31:24.633+0000] {dag.py:2742} INFO - Sync 1 DAGs
[2024-06-24T17:31:24.656+0000] {logging_mixin.py:150} INFO - [2024-06-24T17:31:24.656+0000] {dag.py:3504} INFO - Setting next_dagrun for example_params_ui_tutorial to None, run_after=None
[2024-06-24T17:31:24.705+0000] {processor.py:179} INFO - Processing /usr/local/python/3.10.13/lib/python3.10/site-packages/airflow/example_dags/example_params_ui_tutorial.py took 0.126 seconds
