[2024-06-24T15:55:31.096+0000] {processor.py:157} INFO - Started process (PID=13944) to work on /usr/local/python/3.10.13/lib/python3.10/site-packages/airflow/example_dags/example_branch_operator_decorator.py
[2024-06-24T15:55:31.097+0000] {processor.py:826} INFO - Processing file /usr/local/python/3.10.13/lib/python3.10/site-packages/airflow/example_dags/example_branch_operator_decorator.py for tasks to queue
[2024-06-24T15:55:31.097+0000] {logging_mixin.py:150} INFO - [2024-06-24T15:55:31.097+0000] {dagbag.py:541} INFO - Filling up the DagBag from /usr/local/python/3.10.13/lib/python3.10/site-packages/airflow/example_dags/example_branch_operator_decorator.py
[2024-06-24T15:55:31.105+0000] {processor.py:836} INFO - DAG(s) dict_keys(['example_branch_python_operator_decorator']) retrieved from /usr/local/python/3.10.13/lib/python3.10/site-packages/airflow/example_dags/example_branch_operator_decorator.py
[2024-06-24T15:55:31.261+0000] {logging_mixin.py:150} INFO - [2024-06-24T15:55:31.261+0000] {manager.py:504} INFO - Created Permission View: can delete on DAG:example_branch_python_operator_decorator
[2024-06-24T15:55:31.293+0000] {logging_mixin.py:150} INFO - [2024-06-24T15:55:31.292+0000] {manager.py:504} INFO - Created Permission View: can read on DAG:example_branch_python_operator_decorator
[2024-06-24T15:55:31.323+0000] {logging_mixin.py:150} INFO - [2024-06-24T15:55:31.323+0000] {manager.py:504} INFO - Created Permission View: can edit on DAG:example_branch_python_operator_decorator
[2024-06-24T15:55:31.331+0000] {logging_mixin.py:150} INFO - [2024-06-24T15:55:31.331+0000] {dag.py:2742} INFO - Sync 1 DAGs
[2024-06-24T15:55:31.338+0000] {logging_mixin.py:150} INFO - [2024-06-24T15:55:31.338+0000] {dag.py:2763} INFO - Creating ORM DAG for example_branch_python_operator_decorator
[2024-06-24T15:55:31.347+0000] {logging_mixin.py:150} INFO - [2024-06-24T15:55:31.347+0000] {dag.py:3504} INFO - Setting next_dagrun for example_branch_python_operator_decorator to 2024-06-23T00:00:00+00:00, run_after=2024-06-24T00:00:00+00:00
[2024-06-24T15:55:31.393+0000] {processor.py:179} INFO - Processing /usr/local/python/3.10.13/lib/python3.10/site-packages/airflow/example_dags/example_branch_operator_decorator.py took 0.299 seconds
[2024-06-24T15:56:27.785+0000] {processor.py:157} INFO - Started process (PID=14368) to work on /usr/local/python/3.10.13/lib/python3.10/site-packages/airflow/example_dags/example_branch_operator_decorator.py
[2024-06-24T15:56:27.786+0000] {processor.py:826} INFO - Processing file /usr/local/python/3.10.13/lib/python3.10/site-packages/airflow/example_dags/example_branch_operator_decorator.py for tasks to queue
[2024-06-24T15:56:27.786+0000] {logging_mixin.py:150} INFO - [2024-06-24T15:56:27.786+0000] {dagbag.py:541} INFO - Filling up the DagBag from /usr/local/python/3.10.13/lib/python3.10/site-packages/airflow/example_dags/example_branch_operator_decorator.py
[2024-06-24T15:56:27.794+0000] {processor.py:836} INFO - DAG(s) dict_keys(['example_branch_python_operator_decorator']) retrieved from /usr/local/python/3.10.13/lib/python3.10/site-packages/airflow/example_dags/example_branch_operator_decorator.py
[2024-06-24T15:56:27.809+0000] {logging_mixin.py:150} INFO - [2024-06-24T15:56:27.809+0000] {dag.py:2742} INFO - Sync 1 DAGs
[2024-06-24T15:56:27.826+0000] {logging_mixin.py:150} INFO - [2024-06-24T15:56:27.826+0000] {dag.py:3504} INFO - Setting next_dagrun for example_branch_python_operator_decorator to 2024-06-23T00:00:00+00:00, run_after=2024-06-24T00:00:00+00:00
[2024-06-24T15:56:27.865+0000] {processor.py:179} INFO - Processing /usr/local/python/3.10.13/lib/python3.10/site-packages/airflow/example_dags/example_branch_operator_decorator.py took 0.082 seconds
[2024-06-24T16:02:14.304+0000] {processor.py:157} INFO - Started process (PID=16891) to work on /usr/local/python/3.10.13/lib/python3.10/site-packages/airflow/example_dags/example_branch_operator_decorator.py
[2024-06-24T16:02:14.305+0000] {processor.py:826} INFO - Processing file /usr/local/python/3.10.13/lib/python3.10/site-packages/airflow/example_dags/example_branch_operator_decorator.py for tasks to queue
[2024-06-24T16:02:14.306+0000] {logging_mixin.py:150} INFO - [2024-06-24T16:02:14.305+0000] {dagbag.py:541} INFO - Filling up the DagBag from /usr/local/python/3.10.13/lib/python3.10/site-packages/airflow/example_dags/example_branch_operator_decorator.py
[2024-06-24T16:02:14.314+0000] {processor.py:836} INFO - DAG(s) dict_keys(['example_branch_python_operator_decorator']) retrieved from /usr/local/python/3.10.13/lib/python3.10/site-packages/airflow/example_dags/example_branch_operator_decorator.py
[2024-06-24T16:02:14.328+0000] {logging_mixin.py:150} INFO - [2024-06-24T16:02:14.328+0000] {dag.py:2742} INFO - Sync 1 DAGs
[2024-06-24T16:02:14.345+0000] {logging_mixin.py:150} INFO - [2024-06-24T16:02:14.345+0000] {dag.py:3504} INFO - Setting next_dagrun for example_branch_python_operator_decorator to 2024-06-23T00:00:00+00:00, run_after=2024-06-24T00:00:00+00:00
[2024-06-24T16:02:14.384+0000] {processor.py:179} INFO - Processing /usr/local/python/3.10.13/lib/python3.10/site-packages/airflow/example_dags/example_branch_operator_decorator.py took 0.082 seconds
[2024-06-24T16:03:07.739+0000] {processor.py:157} INFO - Started process (PID=17299) to work on /usr/local/python/3.10.13/lib/python3.10/site-packages/airflow/example_dags/example_branch_operator_decorator.py
[2024-06-24T16:03:07.739+0000] {processor.py:826} INFO - Processing file /usr/local/python/3.10.13/lib/python3.10/site-packages/airflow/example_dags/example_branch_operator_decorator.py for tasks to queue
[2024-06-24T16:03:07.740+0000] {logging_mixin.py:150} INFO - [2024-06-24T16:03:07.740+0000] {dagbag.py:541} INFO - Filling up the DagBag from /usr/local/python/3.10.13/lib/python3.10/site-packages/airflow/example_dags/example_branch_operator_decorator.py
[2024-06-24T16:03:07.749+0000] {processor.py:836} INFO - DAG(s) dict_keys(['example_branch_python_operator_decorator']) retrieved from /usr/local/python/3.10.13/lib/python3.10/site-packages/airflow/example_dags/example_branch_operator_decorator.py
[2024-06-24T16:03:07.765+0000] {logging_mixin.py:150} INFO - [2024-06-24T16:03:07.765+0000] {dag.py:2742} INFO - Sync 1 DAGs
[2024-06-24T16:03:07.783+0000] {logging_mixin.py:150} INFO - [2024-06-24T16:03:07.783+0000] {dag.py:3504} INFO - Setting next_dagrun for example_branch_python_operator_decorator to 2024-06-23T00:00:00+00:00, run_after=2024-06-24T00:00:00+00:00
[2024-06-24T16:03:07.825+0000] {processor.py:179} INFO - Processing /usr/local/python/3.10.13/lib/python3.10/site-packages/airflow/example_dags/example_branch_operator_decorator.py took 0.088 seconds
[2024-06-24T16:03:55.498+0000] {processor.py:157} INFO - Started process (PID=17674) to work on /usr/local/python/3.10.13/lib/python3.10/site-packages/airflow/example_dags/example_branch_operator_decorator.py
[2024-06-24T16:03:55.498+0000] {processor.py:826} INFO - Processing file /usr/local/python/3.10.13/lib/python3.10/site-packages/airflow/example_dags/example_branch_operator_decorator.py for tasks to queue
[2024-06-24T16:03:55.499+0000] {logging_mixin.py:150} INFO - [2024-06-24T16:03:55.499+0000] {dagbag.py:541} INFO - Filling up the DagBag from /usr/local/python/3.10.13/lib/python3.10/site-packages/airflow/example_dags/example_branch_operator_decorator.py
[2024-06-24T16:03:55.508+0000] {processor.py:836} INFO - DAG(s) dict_keys(['example_branch_python_operator_decorator']) retrieved from /usr/local/python/3.10.13/lib/python3.10/site-packages/airflow/example_dags/example_branch_operator_decorator.py
[2024-06-24T16:03:55.529+0000] {logging_mixin.py:150} INFO - [2024-06-24T16:03:55.528+0000] {dag.py:2742} INFO - Sync 1 DAGs
[2024-06-24T16:03:55.546+0000] {logging_mixin.py:150} INFO - [2024-06-24T16:03:55.546+0000] {dag.py:3504} INFO - Setting next_dagrun for example_branch_python_operator_decorator to 2024-06-23T00:00:00+00:00, run_after=2024-06-24T00:00:00+00:00
[2024-06-24T16:03:55.587+0000] {processor.py:179} INFO - Processing /usr/local/python/3.10.13/lib/python3.10/site-packages/airflow/example_dags/example_branch_operator_decorator.py took 0.091 seconds
[2024-06-24T16:04:41.554+0000] {processor.py:157} INFO - Started process (PID=18022) to work on /usr/local/python/3.10.13/lib/python3.10/site-packages/airflow/example_dags/example_branch_operator_decorator.py
[2024-06-24T16:04:41.555+0000] {processor.py:826} INFO - Processing file /usr/local/python/3.10.13/lib/python3.10/site-packages/airflow/example_dags/example_branch_operator_decorator.py for tasks to queue
[2024-06-24T16:04:41.556+0000] {logging_mixin.py:150} INFO - [2024-06-24T16:04:41.555+0000] {dagbag.py:541} INFO - Filling up the DagBag from /usr/local/python/3.10.13/lib/python3.10/site-packages/airflow/example_dags/example_branch_operator_decorator.py
[2024-06-24T16:04:41.563+0000] {processor.py:836} INFO - DAG(s) dict_keys(['example_branch_python_operator_decorator']) retrieved from /usr/local/python/3.10.13/lib/python3.10/site-packages/airflow/example_dags/example_branch_operator_decorator.py
[2024-06-24T16:04:41.577+0000] {logging_mixin.py:150} INFO - [2024-06-24T16:04:41.576+0000] {dag.py:2742} INFO - Sync 1 DAGs
[2024-06-24T16:04:41.593+0000] {logging_mixin.py:150} INFO - [2024-06-24T16:04:41.593+0000] {dag.py:3504} INFO - Setting next_dagrun for example_branch_python_operator_decorator to 2024-06-23T00:00:00+00:00, run_after=2024-06-24T00:00:00+00:00
[2024-06-24T16:04:41.635+0000] {processor.py:179} INFO - Processing /usr/local/python/3.10.13/lib/python3.10/site-packages/airflow/example_dags/example_branch_operator_decorator.py took 0.083 seconds
[2024-06-24T16:05:30.394+0000] {processor.py:157} INFO - Started process (PID=18405) to work on /usr/local/python/3.10.13/lib/python3.10/site-packages/airflow/example_dags/example_branch_operator_decorator.py
[2024-06-24T16:05:30.395+0000] {processor.py:826} INFO - Processing file /usr/local/python/3.10.13/lib/python3.10/site-packages/airflow/example_dags/example_branch_operator_decorator.py for tasks to queue
[2024-06-24T16:05:30.396+0000] {logging_mixin.py:150} INFO - [2024-06-24T16:05:30.395+0000] {dagbag.py:541} INFO - Filling up the DagBag from /usr/local/python/3.10.13/lib/python3.10/site-packages/airflow/example_dags/example_branch_operator_decorator.py
[2024-06-24T16:05:30.404+0000] {processor.py:836} INFO - DAG(s) dict_keys(['example_branch_python_operator_decorator']) retrieved from /usr/local/python/3.10.13/lib/python3.10/site-packages/airflow/example_dags/example_branch_operator_decorator.py
[2024-06-24T16:05:30.420+0000] {logging_mixin.py:150} INFO - [2024-06-24T16:05:30.420+0000] {dag.py:2742} INFO - Sync 1 DAGs
[2024-06-24T16:05:30.437+0000] {logging_mixin.py:150} INFO - [2024-06-24T16:05:30.437+0000] {dag.py:3504} INFO - Setting next_dagrun for example_branch_python_operator_decorator to 2024-06-23T00:00:00+00:00, run_after=2024-06-24T00:00:00+00:00
[2024-06-24T16:05:30.479+0000] {processor.py:179} INFO - Processing /usr/local/python/3.10.13/lib/python3.10/site-packages/airflow/example_dags/example_branch_operator_decorator.py took 0.087 seconds
[2024-06-24T16:06:17.052+0000] {processor.py:157} INFO - Started process (PID=18779) to work on /usr/local/python/3.10.13/lib/python3.10/site-packages/airflow/example_dags/example_branch_operator_decorator.py
[2024-06-24T16:06:17.053+0000] {processor.py:826} INFO - Processing file /usr/local/python/3.10.13/lib/python3.10/site-packages/airflow/example_dags/example_branch_operator_decorator.py for tasks to queue
[2024-06-24T16:06:17.053+0000] {logging_mixin.py:150} INFO - [2024-06-24T16:06:17.053+0000] {dagbag.py:541} INFO - Filling up the DagBag from /usr/local/python/3.10.13/lib/python3.10/site-packages/airflow/example_dags/example_branch_operator_decorator.py
[2024-06-24T16:06:17.061+0000] {processor.py:836} INFO - DAG(s) dict_keys(['example_branch_python_operator_decorator']) retrieved from /usr/local/python/3.10.13/lib/python3.10/site-packages/airflow/example_dags/example_branch_operator_decorator.py
[2024-06-24T16:06:17.076+0000] {logging_mixin.py:150} INFO - [2024-06-24T16:06:17.075+0000] {dag.py:2742} INFO - Sync 1 DAGs
[2024-06-24T16:06:17.095+0000] {logging_mixin.py:150} INFO - [2024-06-24T16:06:17.094+0000] {dag.py:3504} INFO - Setting next_dagrun for example_branch_python_operator_decorator to 2024-06-23T00:00:00+00:00, run_after=2024-06-24T00:00:00+00:00
[2024-06-24T16:06:17.142+0000] {processor.py:179} INFO - Processing /usr/local/python/3.10.13/lib/python3.10/site-packages/airflow/example_dags/example_branch_operator_decorator.py took 0.092 seconds
[2024-06-24T16:07:04.210+0000] {processor.py:157} INFO - Started process (PID=19126) to work on /usr/local/python/3.10.13/lib/python3.10/site-packages/airflow/example_dags/example_branch_operator_decorator.py
[2024-06-24T16:07:04.210+0000] {processor.py:826} INFO - Processing file /usr/local/python/3.10.13/lib/python3.10/site-packages/airflow/example_dags/example_branch_operator_decorator.py for tasks to queue
[2024-06-24T16:07:04.211+0000] {logging_mixin.py:150} INFO - [2024-06-24T16:07:04.211+0000] {dagbag.py:541} INFO - Filling up the DagBag from /usr/local/python/3.10.13/lib/python3.10/site-packages/airflow/example_dags/example_branch_operator_decorator.py
[2024-06-24T16:07:04.219+0000] {processor.py:836} INFO - DAG(s) dict_keys(['example_branch_python_operator_decorator']) retrieved from /usr/local/python/3.10.13/lib/python3.10/site-packages/airflow/example_dags/example_branch_operator_decorator.py
[2024-06-24T16:07:04.232+0000] {logging_mixin.py:150} INFO - [2024-06-24T16:07:04.232+0000] {dag.py:2742} INFO - Sync 1 DAGs
[2024-06-24T16:07:04.249+0000] {logging_mixin.py:150} INFO - [2024-06-24T16:07:04.249+0000] {dag.py:3504} INFO - Setting next_dagrun for example_branch_python_operator_decorator to 2024-06-23T00:00:00+00:00, run_after=2024-06-24T00:00:00+00:00
[2024-06-24T16:07:04.287+0000] {processor.py:179} INFO - Processing /usr/local/python/3.10.13/lib/python3.10/site-packages/airflow/example_dags/example_branch_operator_decorator.py took 0.080 seconds
[2024-06-24T16:07:51.003+0000] {processor.py:157} INFO - Started process (PID=19497) to work on /usr/local/python/3.10.13/lib/python3.10/site-packages/airflow/example_dags/example_branch_operator_decorator.py
[2024-06-24T16:07:51.004+0000] {processor.py:826} INFO - Processing file /usr/local/python/3.10.13/lib/python3.10/site-packages/airflow/example_dags/example_branch_operator_decorator.py for tasks to queue
[2024-06-24T16:07:51.004+0000] {logging_mixin.py:150} INFO - [2024-06-24T16:07:51.004+0000] {dagbag.py:541} INFO - Filling up the DagBag from /usr/local/python/3.10.13/lib/python3.10/site-packages/airflow/example_dags/example_branch_operator_decorator.py
[2024-06-24T16:07:51.012+0000] {processor.py:836} INFO - DAG(s) dict_keys(['example_branch_python_operator_decorator']) retrieved from /usr/local/python/3.10.13/lib/python3.10/site-packages/airflow/example_dags/example_branch_operator_decorator.py
[2024-06-24T16:07:51.026+0000] {logging_mixin.py:150} INFO - [2024-06-24T16:07:51.026+0000] {dag.py:2742} INFO - Sync 1 DAGs
[2024-06-24T16:07:51.042+0000] {logging_mixin.py:150} INFO - [2024-06-24T16:07:51.042+0000] {dag.py:3504} INFO - Setting next_dagrun for example_branch_python_operator_decorator to 2024-06-23T00:00:00+00:00, run_after=2024-06-24T00:00:00+00:00
[2024-06-24T16:07:51.084+0000] {processor.py:179} INFO - Processing /usr/local/python/3.10.13/lib/python3.10/site-packages/airflow/example_dags/example_branch_operator_decorator.py took 0.083 seconds
[2024-06-24T16:08:41.239+0000] {processor.py:157} INFO - Started process (PID=19881) to work on /usr/local/python/3.10.13/lib/python3.10/site-packages/airflow/example_dags/example_branch_operator_decorator.py
[2024-06-24T16:08:41.239+0000] {processor.py:826} INFO - Processing file /usr/local/python/3.10.13/lib/python3.10/site-packages/airflow/example_dags/example_branch_operator_decorator.py for tasks to queue
[2024-06-24T16:08:41.240+0000] {logging_mixin.py:150} INFO - [2024-06-24T16:08:41.240+0000] {dagbag.py:541} INFO - Filling up the DagBag from /usr/local/python/3.10.13/lib/python3.10/site-packages/airflow/example_dags/example_branch_operator_decorator.py
[2024-06-24T16:08:41.248+0000] {processor.py:836} INFO - DAG(s) dict_keys(['example_branch_python_operator_decorator']) retrieved from /usr/local/python/3.10.13/lib/python3.10/site-packages/airflow/example_dags/example_branch_operator_decorator.py
[2024-06-24T16:08:41.262+0000] {logging_mixin.py:150} INFO - [2024-06-24T16:08:41.262+0000] {dag.py:2742} INFO - Sync 1 DAGs
[2024-06-24T16:08:41.278+0000] {logging_mixin.py:150} INFO - [2024-06-24T16:08:41.278+0000] {dag.py:3504} INFO - Setting next_dagrun for example_branch_python_operator_decorator to 2024-06-23T00:00:00+00:00, run_after=2024-06-24T00:00:00+00:00
[2024-06-24T16:08:41.320+0000] {processor.py:179} INFO - Processing /usr/local/python/3.10.13/lib/python3.10/site-packages/airflow/example_dags/example_branch_operator_decorator.py took 0.083 seconds
[2024-06-24T16:09:27.926+0000] {processor.py:157} INFO - Started process (PID=20205) to work on /usr/local/python/3.10.13/lib/python3.10/site-packages/airflow/example_dags/example_branch_operator_decorator.py
[2024-06-24T16:09:27.927+0000] {processor.py:826} INFO - Processing file /usr/local/python/3.10.13/lib/python3.10/site-packages/airflow/example_dags/example_branch_operator_decorator.py for tasks to queue
[2024-06-24T16:09:27.928+0000] {logging_mixin.py:150} INFO - [2024-06-24T16:09:27.927+0000] {dagbag.py:541} INFO - Filling up the DagBag from /usr/local/python/3.10.13/lib/python3.10/site-packages/airflow/example_dags/example_branch_operator_decorator.py
[2024-06-24T16:09:27.935+0000] {processor.py:836} INFO - DAG(s) dict_keys(['example_branch_python_operator_decorator']) retrieved from /usr/local/python/3.10.13/lib/python3.10/site-packages/airflow/example_dags/example_branch_operator_decorator.py
[2024-06-24T16:09:27.950+0000] {logging_mixin.py:150} INFO - [2024-06-24T16:09:27.949+0000] {dag.py:2742} INFO - Sync 1 DAGs
[2024-06-24T16:09:27.966+0000] {logging_mixin.py:150} INFO - [2024-06-24T16:09:27.965+0000] {dag.py:3504} INFO - Setting next_dagrun for example_branch_python_operator_decorator to 2024-06-23T00:00:00+00:00, run_after=2024-06-24T00:00:00+00:00
[2024-06-24T16:09:28.010+0000] {processor.py:179} INFO - Processing /usr/local/python/3.10.13/lib/python3.10/site-packages/airflow/example_dags/example_branch_operator_decorator.py took 0.086 seconds
[2024-06-24T16:10:14.650+0000] {processor.py:157} INFO - Started process (PID=20544) to work on /usr/local/python/3.10.13/lib/python3.10/site-packages/airflow/example_dags/example_branch_operator_decorator.py
[2024-06-24T16:10:14.650+0000] {processor.py:826} INFO - Processing file /usr/local/python/3.10.13/lib/python3.10/site-packages/airflow/example_dags/example_branch_operator_decorator.py for tasks to queue
[2024-06-24T16:10:14.651+0000] {logging_mixin.py:150} INFO - [2024-06-24T16:10:14.651+0000] {dagbag.py:541} INFO - Filling up the DagBag from /usr/local/python/3.10.13/lib/python3.10/site-packages/airflow/example_dags/example_branch_operator_decorator.py
[2024-06-24T16:10:14.659+0000] {processor.py:836} INFO - DAG(s) dict_keys(['example_branch_python_operator_decorator']) retrieved from /usr/local/python/3.10.13/lib/python3.10/site-packages/airflow/example_dags/example_branch_operator_decorator.py
[2024-06-24T16:10:14.672+0000] {logging_mixin.py:150} INFO - [2024-06-24T16:10:14.672+0000] {dag.py:2742} INFO - Sync 1 DAGs
[2024-06-24T16:10:14.689+0000] {logging_mixin.py:150} INFO - [2024-06-24T16:10:14.688+0000] {dag.py:3504} INFO - Setting next_dagrun for example_branch_python_operator_decorator to 2024-06-23T00:00:00+00:00, run_after=2024-06-24T00:00:00+00:00
[2024-06-24T16:10:14.732+0000] {processor.py:179} INFO - Processing /usr/local/python/3.10.13/lib/python3.10/site-packages/airflow/example_dags/example_branch_operator_decorator.py took 0.084 seconds
[2024-06-24T16:11:02.136+0000] {processor.py:157} INFO - Started process (PID=20874) to work on /usr/local/python/3.10.13/lib/python3.10/site-packages/airflow/example_dags/example_branch_operator_decorator.py
[2024-06-24T16:11:02.136+0000] {processor.py:826} INFO - Processing file /usr/local/python/3.10.13/lib/python3.10/site-packages/airflow/example_dags/example_branch_operator_decorator.py for tasks to queue
[2024-06-24T16:11:02.137+0000] {logging_mixin.py:150} INFO - [2024-06-24T16:11:02.137+0000] {dagbag.py:541} INFO - Filling up the DagBag from /usr/local/python/3.10.13/lib/python3.10/site-packages/airflow/example_dags/example_branch_operator_decorator.py
[2024-06-24T16:11:02.145+0000] {processor.py:836} INFO - DAG(s) dict_keys(['example_branch_python_operator_decorator']) retrieved from /usr/local/python/3.10.13/lib/python3.10/site-packages/airflow/example_dags/example_branch_operator_decorator.py
[2024-06-24T16:11:02.159+0000] {logging_mixin.py:150} INFO - [2024-06-24T16:11:02.159+0000] {dag.py:2742} INFO - Sync 1 DAGs
[2024-06-24T16:11:02.176+0000] {logging_mixin.py:150} INFO - [2024-06-24T16:11:02.176+0000] {dag.py:3504} INFO - Setting next_dagrun for example_branch_python_operator_decorator to 2024-06-23T00:00:00+00:00, run_after=2024-06-24T00:00:00+00:00
[2024-06-24T16:11:02.217+0000] {processor.py:179} INFO - Processing /usr/local/python/3.10.13/lib/python3.10/site-packages/airflow/example_dags/example_branch_operator_decorator.py took 0.085 seconds
[2024-06-24T16:11:50.135+0000] {processor.py:157} INFO - Started process (PID=21196) to work on /usr/local/python/3.10.13/lib/python3.10/site-packages/airflow/example_dags/example_branch_operator_decorator.py
[2024-06-24T16:11:50.136+0000] {processor.py:826} INFO - Processing file /usr/local/python/3.10.13/lib/python3.10/site-packages/airflow/example_dags/example_branch_operator_decorator.py for tasks to queue
[2024-06-24T16:11:50.137+0000] {logging_mixin.py:150} INFO - [2024-06-24T16:11:50.136+0000] {dagbag.py:541} INFO - Filling up the DagBag from /usr/local/python/3.10.13/lib/python3.10/site-packages/airflow/example_dags/example_branch_operator_decorator.py
[2024-06-24T16:11:50.145+0000] {processor.py:836} INFO - DAG(s) dict_keys(['example_branch_python_operator_decorator']) retrieved from /usr/local/python/3.10.13/lib/python3.10/site-packages/airflow/example_dags/example_branch_operator_decorator.py
[2024-06-24T16:11:50.159+0000] {logging_mixin.py:150} INFO - [2024-06-24T16:11:50.159+0000] {dag.py:2742} INFO - Sync 1 DAGs
[2024-06-24T16:11:50.175+0000] {logging_mixin.py:150} INFO - [2024-06-24T16:11:50.175+0000] {dag.py:3504} INFO - Setting next_dagrun for example_branch_python_operator_decorator to 2024-06-23T00:00:00+00:00, run_after=2024-06-24T00:00:00+00:00
[2024-06-24T16:11:50.219+0000] {processor.py:179} INFO - Processing /usr/local/python/3.10.13/lib/python3.10/site-packages/airflow/example_dags/example_branch_operator_decorator.py took 0.086 seconds
[2024-06-24T16:12:39.550+0000] {processor.py:157} INFO - Started process (PID=21539) to work on /usr/local/python/3.10.13/lib/python3.10/site-packages/airflow/example_dags/example_branch_operator_decorator.py
[2024-06-24T16:12:39.551+0000] {processor.py:826} INFO - Processing file /usr/local/python/3.10.13/lib/python3.10/site-packages/airflow/example_dags/example_branch_operator_decorator.py for tasks to queue
[2024-06-24T16:12:39.551+0000] {logging_mixin.py:150} INFO - [2024-06-24T16:12:39.551+0000] {dagbag.py:541} INFO - Filling up the DagBag from /usr/local/python/3.10.13/lib/python3.10/site-packages/airflow/example_dags/example_branch_operator_decorator.py
[2024-06-24T16:12:39.560+0000] {processor.py:836} INFO - DAG(s) dict_keys(['example_branch_python_operator_decorator']) retrieved from /usr/local/python/3.10.13/lib/python3.10/site-packages/airflow/example_dags/example_branch_operator_decorator.py
[2024-06-24T16:12:39.574+0000] {logging_mixin.py:150} INFO - [2024-06-24T16:12:39.574+0000] {dag.py:2742} INFO - Sync 1 DAGs
[2024-06-24T16:12:39.593+0000] {logging_mixin.py:150} INFO - [2024-06-24T16:12:39.592+0000] {dag.py:3504} INFO - Setting next_dagrun for example_branch_python_operator_decorator to 2024-06-23T00:00:00+00:00, run_after=2024-06-24T00:00:00+00:00
[2024-06-24T16:12:39.634+0000] {processor.py:179} INFO - Processing /usr/local/python/3.10.13/lib/python3.10/site-packages/airflow/example_dags/example_branch_operator_decorator.py took 0.087 seconds
[2024-06-24T16:13:27.902+0000] {processor.py:157} INFO - Started process (PID=21880) to work on /usr/local/python/3.10.13/lib/python3.10/site-packages/airflow/example_dags/example_branch_operator_decorator.py
[2024-06-24T16:13:27.903+0000] {processor.py:826} INFO - Processing file /usr/local/python/3.10.13/lib/python3.10/site-packages/airflow/example_dags/example_branch_operator_decorator.py for tasks to queue
[2024-06-24T16:13:27.904+0000] {logging_mixin.py:150} INFO - [2024-06-24T16:13:27.903+0000] {dagbag.py:541} INFO - Filling up the DagBag from /usr/local/python/3.10.13/lib/python3.10/site-packages/airflow/example_dags/example_branch_operator_decorator.py
[2024-06-24T16:13:27.911+0000] {processor.py:836} INFO - DAG(s) dict_keys(['example_branch_python_operator_decorator']) retrieved from /usr/local/python/3.10.13/lib/python3.10/site-packages/airflow/example_dags/example_branch_operator_decorator.py
[2024-06-24T16:13:27.924+0000] {logging_mixin.py:150} INFO - [2024-06-24T16:13:27.924+0000] {dag.py:2742} INFO - Sync 1 DAGs
[2024-06-24T16:13:27.941+0000] {logging_mixin.py:150} INFO - [2024-06-24T16:13:27.940+0000] {dag.py:3504} INFO - Setting next_dagrun for example_branch_python_operator_decorator to 2024-06-23T00:00:00+00:00, run_after=2024-06-24T00:00:00+00:00
[2024-06-24T16:13:27.989+0000] {processor.py:179} INFO - Processing /usr/local/python/3.10.13/lib/python3.10/site-packages/airflow/example_dags/example_branch_operator_decorator.py took 0.089 seconds
[2024-06-24T16:14:15.189+0000] {processor.py:157} INFO - Started process (PID=22197) to work on /usr/local/python/3.10.13/lib/python3.10/site-packages/airflow/example_dags/example_branch_operator_decorator.py
[2024-06-24T16:14:15.190+0000] {processor.py:826} INFO - Processing file /usr/local/python/3.10.13/lib/python3.10/site-packages/airflow/example_dags/example_branch_operator_decorator.py for tasks to queue
[2024-06-24T16:14:15.190+0000] {logging_mixin.py:150} INFO - [2024-06-24T16:14:15.190+0000] {dagbag.py:541} INFO - Filling up the DagBag from /usr/local/python/3.10.13/lib/python3.10/site-packages/airflow/example_dags/example_branch_operator_decorator.py
[2024-06-24T16:14:15.199+0000] {processor.py:836} INFO - DAG(s) dict_keys(['example_branch_python_operator_decorator']) retrieved from /usr/local/python/3.10.13/lib/python3.10/site-packages/airflow/example_dags/example_branch_operator_decorator.py
[2024-06-24T16:14:15.214+0000] {logging_mixin.py:150} INFO - [2024-06-24T16:14:15.214+0000] {dag.py:2742} INFO - Sync 1 DAGs
[2024-06-24T16:14:15.231+0000] {logging_mixin.py:150} INFO - [2024-06-24T16:14:15.231+0000] {dag.py:3504} INFO - Setting next_dagrun for example_branch_python_operator_decorator to 2024-06-23T00:00:00+00:00, run_after=2024-06-24T00:00:00+00:00
[2024-06-24T16:14:15.275+0000] {processor.py:179} INFO - Processing /usr/local/python/3.10.13/lib/python3.10/site-packages/airflow/example_dags/example_branch_operator_decorator.py took 0.089 seconds
[2024-06-24T16:15:00.707+0000] {processor.py:157} INFO - Started process (PID=22524) to work on /usr/local/python/3.10.13/lib/python3.10/site-packages/airflow/example_dags/example_branch_operator_decorator.py
[2024-06-24T16:15:00.708+0000] {processor.py:826} INFO - Processing file /usr/local/python/3.10.13/lib/python3.10/site-packages/airflow/example_dags/example_branch_operator_decorator.py for tasks to queue
[2024-06-24T16:15:00.708+0000] {logging_mixin.py:150} INFO - [2024-06-24T16:15:00.708+0000] {dagbag.py:541} INFO - Filling up the DagBag from /usr/local/python/3.10.13/lib/python3.10/site-packages/airflow/example_dags/example_branch_operator_decorator.py
[2024-06-24T16:15:00.716+0000] {processor.py:836} INFO - DAG(s) dict_keys(['example_branch_python_operator_decorator']) retrieved from /usr/local/python/3.10.13/lib/python3.10/site-packages/airflow/example_dags/example_branch_operator_decorator.py
[2024-06-24T16:15:00.735+0000] {logging_mixin.py:150} INFO - [2024-06-24T16:15:00.734+0000] {dag.py:2742} INFO - Sync 1 DAGs
[2024-06-24T16:15:00.759+0000] {logging_mixin.py:150} INFO - [2024-06-24T16:15:00.759+0000] {dag.py:3504} INFO - Setting next_dagrun for example_branch_python_operator_decorator to 2024-06-23T00:00:00+00:00, run_after=2024-06-24T00:00:00+00:00
[2024-06-24T16:15:00.801+0000] {processor.py:179} INFO - Processing /usr/local/python/3.10.13/lib/python3.10/site-packages/airflow/example_dags/example_branch_operator_decorator.py took 0.096 seconds
[2024-06-24T16:15:45.463+0000] {processor.py:157} INFO - Started process (PID=22826) to work on /usr/local/python/3.10.13/lib/python3.10/site-packages/airflow/example_dags/example_branch_operator_decorator.py
[2024-06-24T16:15:45.464+0000] {processor.py:826} INFO - Processing file /usr/local/python/3.10.13/lib/python3.10/site-packages/airflow/example_dags/example_branch_operator_decorator.py for tasks to queue
[2024-06-24T16:15:45.465+0000] {logging_mixin.py:150} INFO - [2024-06-24T16:15:45.464+0000] {dagbag.py:541} INFO - Filling up the DagBag from /usr/local/python/3.10.13/lib/python3.10/site-packages/airflow/example_dags/example_branch_operator_decorator.py
[2024-06-24T16:15:45.473+0000] {processor.py:836} INFO - DAG(s) dict_keys(['example_branch_python_operator_decorator']) retrieved from /usr/local/python/3.10.13/lib/python3.10/site-packages/airflow/example_dags/example_branch_operator_decorator.py
[2024-06-24T16:15:45.487+0000] {logging_mixin.py:150} INFO - [2024-06-24T16:15:45.487+0000] {dag.py:2742} INFO - Sync 1 DAGs
[2024-06-24T16:15:45.505+0000] {logging_mixin.py:150} INFO - [2024-06-24T16:15:45.505+0000] {dag.py:3504} INFO - Setting next_dagrun for example_branch_python_operator_decorator to 2024-06-23T00:00:00+00:00, run_after=2024-06-24T00:00:00+00:00
[2024-06-24T16:15:45.547+0000] {processor.py:179} INFO - Processing /usr/local/python/3.10.13/lib/python3.10/site-packages/airflow/example_dags/example_branch_operator_decorator.py took 0.086 seconds
[2024-06-24T16:16:30.154+0000] {processor.py:157} INFO - Started process (PID=23145) to work on /usr/local/python/3.10.13/lib/python3.10/site-packages/airflow/example_dags/example_branch_operator_decorator.py
[2024-06-24T16:16:30.154+0000] {processor.py:826} INFO - Processing file /usr/local/python/3.10.13/lib/python3.10/site-packages/airflow/example_dags/example_branch_operator_decorator.py for tasks to queue
[2024-06-24T16:16:30.155+0000] {logging_mixin.py:150} INFO - [2024-06-24T16:16:30.155+0000] {dagbag.py:541} INFO - Filling up the DagBag from /usr/local/python/3.10.13/lib/python3.10/site-packages/airflow/example_dags/example_branch_operator_decorator.py
[2024-06-24T16:16:30.163+0000] {processor.py:836} INFO - DAG(s) dict_keys(['example_branch_python_operator_decorator']) retrieved from /usr/local/python/3.10.13/lib/python3.10/site-packages/airflow/example_dags/example_branch_operator_decorator.py
[2024-06-24T16:16:30.176+0000] {logging_mixin.py:150} INFO - [2024-06-24T16:16:30.176+0000] {dag.py:2742} INFO - Sync 1 DAGs
[2024-06-24T16:16:30.192+0000] {logging_mixin.py:150} INFO - [2024-06-24T16:16:30.192+0000] {dag.py:3504} INFO - Setting next_dagrun for example_branch_python_operator_decorator to 2024-06-23T00:00:00+00:00, run_after=2024-06-24T00:00:00+00:00
[2024-06-24T16:16:30.235+0000] {processor.py:179} INFO - Processing /usr/local/python/3.10.13/lib/python3.10/site-packages/airflow/example_dags/example_branch_operator_decorator.py took 0.083 seconds
[2024-06-24T16:17:16.286+0000] {processor.py:157} INFO - Started process (PID=23462) to work on /usr/local/python/3.10.13/lib/python3.10/site-packages/airflow/example_dags/example_branch_operator_decorator.py
[2024-06-24T16:17:16.287+0000] {processor.py:826} INFO - Processing file /usr/local/python/3.10.13/lib/python3.10/site-packages/airflow/example_dags/example_branch_operator_decorator.py for tasks to queue
[2024-06-24T16:17:16.288+0000] {logging_mixin.py:150} INFO - [2024-06-24T16:17:16.287+0000] {dagbag.py:541} INFO - Filling up the DagBag from /usr/local/python/3.10.13/lib/python3.10/site-packages/airflow/example_dags/example_branch_operator_decorator.py
[2024-06-24T16:17:16.296+0000] {processor.py:836} INFO - DAG(s) dict_keys(['example_branch_python_operator_decorator']) retrieved from /usr/local/python/3.10.13/lib/python3.10/site-packages/airflow/example_dags/example_branch_operator_decorator.py
[2024-06-24T16:17:16.309+0000] {logging_mixin.py:150} INFO - [2024-06-24T16:17:16.309+0000] {dag.py:2742} INFO - Sync 1 DAGs
[2024-06-24T16:17:16.326+0000] {logging_mixin.py:150} INFO - [2024-06-24T16:17:16.326+0000] {dag.py:3504} INFO - Setting next_dagrun for example_branch_python_operator_decorator to 2024-06-23T00:00:00+00:00, run_after=2024-06-24T00:00:00+00:00
[2024-06-24T16:17:16.367+0000] {processor.py:179} INFO - Processing /usr/local/python/3.10.13/lib/python3.10/site-packages/airflow/example_dags/example_branch_operator_decorator.py took 0.083 seconds
[2024-06-24T16:18:02.830+0000] {processor.py:157} INFO - Started process (PID=23781) to work on /usr/local/python/3.10.13/lib/python3.10/site-packages/airflow/example_dags/example_branch_operator_decorator.py
[2024-06-24T16:18:02.830+0000] {processor.py:826} INFO - Processing file /usr/local/python/3.10.13/lib/python3.10/site-packages/airflow/example_dags/example_branch_operator_decorator.py for tasks to queue
[2024-06-24T16:18:02.831+0000] {logging_mixin.py:150} INFO - [2024-06-24T16:18:02.831+0000] {dagbag.py:541} INFO - Filling up the DagBag from /usr/local/python/3.10.13/lib/python3.10/site-packages/airflow/example_dags/example_branch_operator_decorator.py
[2024-06-24T16:18:02.839+0000] {processor.py:836} INFO - DAG(s) dict_keys(['example_branch_python_operator_decorator']) retrieved from /usr/local/python/3.10.13/lib/python3.10/site-packages/airflow/example_dags/example_branch_operator_decorator.py
[2024-06-24T16:18:02.853+0000] {logging_mixin.py:150} INFO - [2024-06-24T16:18:02.853+0000] {dag.py:2742} INFO - Sync 1 DAGs
[2024-06-24T16:18:02.871+0000] {logging_mixin.py:150} INFO - [2024-06-24T16:18:02.870+0000] {dag.py:3504} INFO - Setting next_dagrun for example_branch_python_operator_decorator to 2024-06-23T00:00:00+00:00, run_after=2024-06-24T00:00:00+00:00
[2024-06-24T16:18:02.911+0000] {processor.py:179} INFO - Processing /usr/local/python/3.10.13/lib/python3.10/site-packages/airflow/example_dags/example_branch_operator_decorator.py took 0.084 seconds
[2024-06-24T16:18:46.454+0000] {processor.py:157} INFO - Started process (PID=24085) to work on /usr/local/python/3.10.13/lib/python3.10/site-packages/airflow/example_dags/example_branch_operator_decorator.py
[2024-06-24T16:18:46.455+0000] {processor.py:826} INFO - Processing file /usr/local/python/3.10.13/lib/python3.10/site-packages/airflow/example_dags/example_branch_operator_decorator.py for tasks to queue
[2024-06-24T16:18:46.455+0000] {logging_mixin.py:150} INFO - [2024-06-24T16:18:46.455+0000] {dagbag.py:541} INFO - Filling up the DagBag from /usr/local/python/3.10.13/lib/python3.10/site-packages/airflow/example_dags/example_branch_operator_decorator.py
[2024-06-24T16:18:46.463+0000] {processor.py:836} INFO - DAG(s) dict_keys(['example_branch_python_operator_decorator']) retrieved from /usr/local/python/3.10.13/lib/python3.10/site-packages/airflow/example_dags/example_branch_operator_decorator.py
[2024-06-24T16:18:46.477+0000] {logging_mixin.py:150} INFO - [2024-06-24T16:18:46.477+0000] {dag.py:2742} INFO - Sync 1 DAGs
[2024-06-24T16:18:46.493+0000] {logging_mixin.py:150} INFO - [2024-06-24T16:18:46.493+0000] {dag.py:3504} INFO - Setting next_dagrun for example_branch_python_operator_decorator to 2024-06-23T00:00:00+00:00, run_after=2024-06-24T00:00:00+00:00
[2024-06-24T16:18:46.532+0000] {processor.py:179} INFO - Processing /usr/local/python/3.10.13/lib/python3.10/site-packages/airflow/example_dags/example_branch_operator_decorator.py took 0.080 seconds
[2024-06-24T16:19:34.559+0000] {processor.py:157} INFO - Started process (PID=24419) to work on /usr/local/python/3.10.13/lib/python3.10/site-packages/airflow/example_dags/example_branch_operator_decorator.py
[2024-06-24T16:19:34.560+0000] {processor.py:826} INFO - Processing file /usr/local/python/3.10.13/lib/python3.10/site-packages/airflow/example_dags/example_branch_operator_decorator.py for tasks to queue
[2024-06-24T16:19:34.561+0000] {logging_mixin.py:150} INFO - [2024-06-24T16:19:34.560+0000] {dagbag.py:541} INFO - Filling up the DagBag from /usr/local/python/3.10.13/lib/python3.10/site-packages/airflow/example_dags/example_branch_operator_decorator.py
[2024-06-24T16:19:34.571+0000] {processor.py:836} INFO - DAG(s) dict_keys(['example_branch_python_operator_decorator']) retrieved from /usr/local/python/3.10.13/lib/python3.10/site-packages/airflow/example_dags/example_branch_operator_decorator.py
[2024-06-24T16:19:34.585+0000] {logging_mixin.py:150} INFO - [2024-06-24T16:19:34.585+0000] {dag.py:2742} INFO - Sync 1 DAGs
[2024-06-24T16:19:34.602+0000] {logging_mixin.py:150} INFO - [2024-06-24T16:19:34.602+0000] {dag.py:3504} INFO - Setting next_dagrun for example_branch_python_operator_decorator to 2024-06-23T00:00:00+00:00, run_after=2024-06-24T00:00:00+00:00
[2024-06-24T16:19:34.644+0000] {processor.py:179} INFO - Processing /usr/local/python/3.10.13/lib/python3.10/site-packages/airflow/example_dags/example_branch_operator_decorator.py took 0.089 seconds
[2024-06-24T16:20:22.334+0000] {processor.py:157} INFO - Started process (PID=24757) to work on /usr/local/python/3.10.13/lib/python3.10/site-packages/airflow/example_dags/example_branch_operator_decorator.py
[2024-06-24T16:20:22.334+0000] {processor.py:826} INFO - Processing file /usr/local/python/3.10.13/lib/python3.10/site-packages/airflow/example_dags/example_branch_operator_decorator.py for tasks to queue
[2024-06-24T16:20:22.335+0000] {logging_mixin.py:150} INFO - [2024-06-24T16:20:22.335+0000] {dagbag.py:541} INFO - Filling up the DagBag from /usr/local/python/3.10.13/lib/python3.10/site-packages/airflow/example_dags/example_branch_operator_decorator.py
[2024-06-24T16:20:22.343+0000] {processor.py:836} INFO - DAG(s) dict_keys(['example_branch_python_operator_decorator']) retrieved from /usr/local/python/3.10.13/lib/python3.10/site-packages/airflow/example_dags/example_branch_operator_decorator.py
[2024-06-24T16:20:22.357+0000] {logging_mixin.py:150} INFO - [2024-06-24T16:20:22.357+0000] {dag.py:2742} INFO - Sync 1 DAGs
[2024-06-24T16:20:22.374+0000] {logging_mixin.py:150} INFO - [2024-06-24T16:20:22.374+0000] {dag.py:3504} INFO - Setting next_dagrun for example_branch_python_operator_decorator to 2024-06-23T00:00:00+00:00, run_after=2024-06-24T00:00:00+00:00
[2024-06-24T16:20:22.414+0000] {processor.py:179} INFO - Processing /usr/local/python/3.10.13/lib/python3.10/site-packages/airflow/example_dags/example_branch_operator_decorator.py took 0.083 seconds
[2024-06-24T16:21:23.301+0000] {processor.py:157} INFO - Started process (PID=25180) to work on /usr/local/python/3.10.13/lib/python3.10/site-packages/airflow/example_dags/example_branch_operator_decorator.py
[2024-06-24T16:21:23.301+0000] {processor.py:826} INFO - Processing file /usr/local/python/3.10.13/lib/python3.10/site-packages/airflow/example_dags/example_branch_operator_decorator.py for tasks to queue
[2024-06-24T16:21:23.302+0000] {logging_mixin.py:150} INFO - [2024-06-24T16:21:23.302+0000] {dagbag.py:541} INFO - Filling up the DagBag from /usr/local/python/3.10.13/lib/python3.10/site-packages/airflow/example_dags/example_branch_operator_decorator.py
[2024-06-24T16:21:23.310+0000] {processor.py:836} INFO - DAG(s) dict_keys(['example_branch_python_operator_decorator']) retrieved from /usr/local/python/3.10.13/lib/python3.10/site-packages/airflow/example_dags/example_branch_operator_decorator.py
[2024-06-24T16:21:23.324+0000] {logging_mixin.py:150} INFO - [2024-06-24T16:21:23.324+0000] {dag.py:2742} INFO - Sync 1 DAGs
[2024-06-24T16:21:23.340+0000] {logging_mixin.py:150} INFO - [2024-06-24T16:21:23.340+0000] {dag.py:3504} INFO - Setting next_dagrun for example_branch_python_operator_decorator to 2024-06-23T00:00:00+00:00, run_after=2024-06-24T00:00:00+00:00
[2024-06-24T16:21:23.387+0000] {processor.py:179} INFO - Processing /usr/local/python/3.10.13/lib/python3.10/site-packages/airflow/example_dags/example_branch_operator_decorator.py took 0.089 seconds
[2024-06-24T16:22:11.845+0000] {processor.py:157} INFO - Started process (PID=25503) to work on /usr/local/python/3.10.13/lib/python3.10/site-packages/airflow/example_dags/example_branch_operator_decorator.py
[2024-06-24T16:22:11.845+0000] {processor.py:826} INFO - Processing file /usr/local/python/3.10.13/lib/python3.10/site-packages/airflow/example_dags/example_branch_operator_decorator.py for tasks to queue
[2024-06-24T16:22:11.846+0000] {logging_mixin.py:150} INFO - [2024-06-24T16:22:11.846+0000] {dagbag.py:541} INFO - Filling up the DagBag from /usr/local/python/3.10.13/lib/python3.10/site-packages/airflow/example_dags/example_branch_operator_decorator.py
[2024-06-24T16:22:11.854+0000] {processor.py:836} INFO - DAG(s) dict_keys(['example_branch_python_operator_decorator']) retrieved from /usr/local/python/3.10.13/lib/python3.10/site-packages/airflow/example_dags/example_branch_operator_decorator.py
[2024-06-24T16:22:11.867+0000] {logging_mixin.py:150} INFO - [2024-06-24T16:22:11.867+0000] {dag.py:2742} INFO - Sync 1 DAGs
[2024-06-24T16:22:11.884+0000] {logging_mixin.py:150} INFO - [2024-06-24T16:22:11.884+0000] {dag.py:3504} INFO - Setting next_dagrun for example_branch_python_operator_decorator to 2024-06-23T00:00:00+00:00, run_after=2024-06-24T00:00:00+00:00
[2024-06-24T16:22:11.924+0000] {processor.py:179} INFO - Processing /usr/local/python/3.10.13/lib/python3.10/site-packages/airflow/example_dags/example_branch_operator_decorator.py took 0.082 seconds
[2024-06-24T16:23:00.919+0000] {processor.py:157} INFO - Started process (PID=25845) to work on /usr/local/python/3.10.13/lib/python3.10/site-packages/airflow/example_dags/example_branch_operator_decorator.py
[2024-06-24T16:23:00.920+0000] {processor.py:826} INFO - Processing file /usr/local/python/3.10.13/lib/python3.10/site-packages/airflow/example_dags/example_branch_operator_decorator.py for tasks to queue
[2024-06-24T16:23:00.920+0000] {logging_mixin.py:150} INFO - [2024-06-24T16:23:00.920+0000] {dagbag.py:541} INFO - Filling up the DagBag from /usr/local/python/3.10.13/lib/python3.10/site-packages/airflow/example_dags/example_branch_operator_decorator.py
[2024-06-24T16:23:00.928+0000] {processor.py:836} INFO - DAG(s) dict_keys(['example_branch_python_operator_decorator']) retrieved from /usr/local/python/3.10.13/lib/python3.10/site-packages/airflow/example_dags/example_branch_operator_decorator.py
[2024-06-24T16:23:00.941+0000] {logging_mixin.py:150} INFO - [2024-06-24T16:23:00.941+0000] {dag.py:2742} INFO - Sync 1 DAGs
[2024-06-24T16:23:00.960+0000] {logging_mixin.py:150} INFO - [2024-06-24T16:23:00.960+0000] {dag.py:3504} INFO - Setting next_dagrun for example_branch_python_operator_decorator to 2024-06-23T00:00:00+00:00, run_after=2024-06-24T00:00:00+00:00
[2024-06-24T16:23:00.999+0000] {processor.py:179} INFO - Processing /usr/local/python/3.10.13/lib/python3.10/site-packages/airflow/example_dags/example_branch_operator_decorator.py took 0.082 seconds
[2024-06-24T16:23:57.190+0000] {processor.py:157} INFO - Started process (PID=26250) to work on /usr/local/python/3.10.13/lib/python3.10/site-packages/airflow/example_dags/example_branch_operator_decorator.py
[2024-06-24T16:23:57.190+0000] {processor.py:826} INFO - Processing file /usr/local/python/3.10.13/lib/python3.10/site-packages/airflow/example_dags/example_branch_operator_decorator.py for tasks to queue
[2024-06-24T16:23:57.191+0000] {logging_mixin.py:150} INFO - [2024-06-24T16:23:57.191+0000] {dagbag.py:541} INFO - Filling up the DagBag from /usr/local/python/3.10.13/lib/python3.10/site-packages/airflow/example_dags/example_branch_operator_decorator.py
[2024-06-24T16:23:57.199+0000] {processor.py:836} INFO - DAG(s) dict_keys(['example_branch_python_operator_decorator']) retrieved from /usr/local/python/3.10.13/lib/python3.10/site-packages/airflow/example_dags/example_branch_operator_decorator.py
[2024-06-24T16:23:57.213+0000] {logging_mixin.py:150} INFO - [2024-06-24T16:23:57.213+0000] {dag.py:2742} INFO - Sync 1 DAGs
[2024-06-24T16:23:57.231+0000] {logging_mixin.py:150} INFO - [2024-06-24T16:23:57.231+0000] {dag.py:3504} INFO - Setting next_dagrun for example_branch_python_operator_decorator to 2024-06-23T00:00:00+00:00, run_after=2024-06-24T00:00:00+00:00
[2024-06-24T16:23:57.269+0000] {processor.py:179} INFO - Processing /usr/local/python/3.10.13/lib/python3.10/site-packages/airflow/example_dags/example_branch_operator_decorator.py took 0.082 seconds
[2024-06-24T16:24:42.184+0000] {processor.py:157} INFO - Started process (PID=26554) to work on /usr/local/python/3.10.13/lib/python3.10/site-packages/airflow/example_dags/example_branch_operator_decorator.py
[2024-06-24T16:24:42.185+0000] {processor.py:826} INFO - Processing file /usr/local/python/3.10.13/lib/python3.10/site-packages/airflow/example_dags/example_branch_operator_decorator.py for tasks to queue
[2024-06-24T16:24:42.186+0000] {logging_mixin.py:150} INFO - [2024-06-24T16:24:42.185+0000] {dagbag.py:541} INFO - Filling up the DagBag from /usr/local/python/3.10.13/lib/python3.10/site-packages/airflow/example_dags/example_branch_operator_decorator.py
[2024-06-24T16:24:42.193+0000] {processor.py:836} INFO - DAG(s) dict_keys(['example_branch_python_operator_decorator']) retrieved from /usr/local/python/3.10.13/lib/python3.10/site-packages/airflow/example_dags/example_branch_operator_decorator.py
[2024-06-24T16:24:42.207+0000] {logging_mixin.py:150} INFO - [2024-06-24T16:24:42.207+0000] {dag.py:2742} INFO - Sync 1 DAGs
[2024-06-24T16:24:42.223+0000] {logging_mixin.py:150} INFO - [2024-06-24T16:24:42.223+0000] {dag.py:3504} INFO - Setting next_dagrun for example_branch_python_operator_decorator to 2024-06-23T00:00:00+00:00, run_after=2024-06-24T00:00:00+00:00
[2024-06-24T16:24:42.263+0000] {processor.py:179} INFO - Processing /usr/local/python/3.10.13/lib/python3.10/site-packages/airflow/example_dags/example_branch_operator_decorator.py took 0.081 seconds
[2024-06-24T16:25:33.787+0000] {processor.py:157} INFO - Started process (PID=26911) to work on /usr/local/python/3.10.13/lib/python3.10/site-packages/airflow/example_dags/example_branch_operator_decorator.py
[2024-06-24T16:25:33.794+0000] {processor.py:826} INFO - Processing file /usr/local/python/3.10.13/lib/python3.10/site-packages/airflow/example_dags/example_branch_operator_decorator.py for tasks to queue
[2024-06-24T16:25:33.796+0000] {logging_mixin.py:150} INFO - [2024-06-24T16:25:33.796+0000] {dagbag.py:541} INFO - Filling up the DagBag from /usr/local/python/3.10.13/lib/python3.10/site-packages/airflow/example_dags/example_branch_operator_decorator.py
[2024-06-24T16:25:33.808+0000] {processor.py:836} INFO - DAG(s) dict_keys(['example_branch_python_operator_decorator']) retrieved from /usr/local/python/3.10.13/lib/python3.10/site-packages/airflow/example_dags/example_branch_operator_decorator.py
[2024-06-24T16:25:33.825+0000] {logging_mixin.py:150} INFO - [2024-06-24T16:25:33.825+0000] {dag.py:2742} INFO - Sync 1 DAGs
[2024-06-24T16:25:33.844+0000] {logging_mixin.py:150} INFO - [2024-06-24T16:25:33.843+0000] {dag.py:3504} INFO - Setting next_dagrun for example_branch_python_operator_decorator to 2024-06-23T00:00:00+00:00, run_after=2024-06-24T00:00:00+00:00
[2024-06-24T16:25:33.887+0000] {processor.py:179} INFO - Processing /usr/local/python/3.10.13/lib/python3.10/site-packages/airflow/example_dags/example_branch_operator_decorator.py took 0.103 seconds
[2024-06-24T16:26:19.693+0000] {processor.py:157} INFO - Started process (PID=27237) to work on /usr/local/python/3.10.13/lib/python3.10/site-packages/airflow/example_dags/example_branch_operator_decorator.py
[2024-06-24T16:26:19.694+0000] {processor.py:826} INFO - Processing file /usr/local/python/3.10.13/lib/python3.10/site-packages/airflow/example_dags/example_branch_operator_decorator.py for tasks to queue
[2024-06-24T16:26:19.695+0000] {logging_mixin.py:150} INFO - [2024-06-24T16:26:19.694+0000] {dagbag.py:541} INFO - Filling up the DagBag from /usr/local/python/3.10.13/lib/python3.10/site-packages/airflow/example_dags/example_branch_operator_decorator.py
[2024-06-24T16:26:19.703+0000] {processor.py:836} INFO - DAG(s) dict_keys(['example_branch_python_operator_decorator']) retrieved from /usr/local/python/3.10.13/lib/python3.10/site-packages/airflow/example_dags/example_branch_operator_decorator.py
[2024-06-24T16:26:19.717+0000] {logging_mixin.py:150} INFO - [2024-06-24T16:26:19.716+0000] {dag.py:2742} INFO - Sync 1 DAGs
[2024-06-24T16:26:19.733+0000] {logging_mixin.py:150} INFO - [2024-06-24T16:26:19.733+0000] {dag.py:3504} INFO - Setting next_dagrun for example_branch_python_operator_decorator to 2024-06-23T00:00:00+00:00, run_after=2024-06-24T00:00:00+00:00
[2024-06-24T16:26:19.781+0000] {processor.py:179} INFO - Processing /usr/local/python/3.10.13/lib/python3.10/site-packages/airflow/example_dags/example_branch_operator_decorator.py took 0.090 seconds
[2024-06-24T16:27:05.927+0000] {processor.py:157} INFO - Started process (PID=27547) to work on /usr/local/python/3.10.13/lib/python3.10/site-packages/airflow/example_dags/example_branch_operator_decorator.py
[2024-06-24T16:27:05.927+0000] {processor.py:826} INFO - Processing file /usr/local/python/3.10.13/lib/python3.10/site-packages/airflow/example_dags/example_branch_operator_decorator.py for tasks to queue
[2024-06-24T16:27:05.928+0000] {logging_mixin.py:150} INFO - [2024-06-24T16:27:05.928+0000] {dagbag.py:541} INFO - Filling up the DagBag from /usr/local/python/3.10.13/lib/python3.10/site-packages/airflow/example_dags/example_branch_operator_decorator.py
[2024-06-24T16:27:05.936+0000] {processor.py:836} INFO - DAG(s) dict_keys(['example_branch_python_operator_decorator']) retrieved from /usr/local/python/3.10.13/lib/python3.10/site-packages/airflow/example_dags/example_branch_operator_decorator.py
[2024-06-24T16:27:05.950+0000] {logging_mixin.py:150} INFO - [2024-06-24T16:27:05.950+0000] {dag.py:2742} INFO - Sync 1 DAGs
[2024-06-24T16:27:05.966+0000] {logging_mixin.py:150} INFO - [2024-06-24T16:27:05.966+0000] {dag.py:3504} INFO - Setting next_dagrun for example_branch_python_operator_decorator to 2024-06-23T00:00:00+00:00, run_after=2024-06-24T00:00:00+00:00
[2024-06-24T16:27:06.020+0000] {processor.py:179} INFO - Processing /usr/local/python/3.10.13/lib/python3.10/site-packages/airflow/example_dags/example_branch_operator_decorator.py took 0.095 seconds
[2024-06-24T16:27:51.242+0000] {processor.py:157} INFO - Started process (PID=27875) to work on /usr/local/python/3.10.13/lib/python3.10/site-packages/airflow/example_dags/example_branch_operator_decorator.py
[2024-06-24T16:27:51.242+0000] {processor.py:826} INFO - Processing file /usr/local/python/3.10.13/lib/python3.10/site-packages/airflow/example_dags/example_branch_operator_decorator.py for tasks to queue
[2024-06-24T16:27:51.243+0000] {logging_mixin.py:150} INFO - [2024-06-24T16:27:51.243+0000] {dagbag.py:541} INFO - Filling up the DagBag from /usr/local/python/3.10.13/lib/python3.10/site-packages/airflow/example_dags/example_branch_operator_decorator.py
[2024-06-24T16:27:51.252+0000] {processor.py:836} INFO - DAG(s) dict_keys(['example_branch_python_operator_decorator']) retrieved from /usr/local/python/3.10.13/lib/python3.10/site-packages/airflow/example_dags/example_branch_operator_decorator.py
[2024-06-24T16:27:51.266+0000] {logging_mixin.py:150} INFO - [2024-06-24T16:27:51.266+0000] {dag.py:2742} INFO - Sync 1 DAGs
[2024-06-24T16:27:51.283+0000] {logging_mixin.py:150} INFO - [2024-06-24T16:27:51.283+0000] {dag.py:3504} INFO - Setting next_dagrun for example_branch_python_operator_decorator to 2024-06-23T00:00:00+00:00, run_after=2024-06-24T00:00:00+00:00
[2024-06-24T16:27:51.321+0000] {processor.py:179} INFO - Processing /usr/local/python/3.10.13/lib/python3.10/site-packages/airflow/example_dags/example_branch_operator_decorator.py took 0.082 seconds
[2024-06-24T16:28:36.390+0000] {processor.py:157} INFO - Started process (PID=28180) to work on /usr/local/python/3.10.13/lib/python3.10/site-packages/airflow/example_dags/example_branch_operator_decorator.py
[2024-06-24T16:28:36.390+0000] {processor.py:826} INFO - Processing file /usr/local/python/3.10.13/lib/python3.10/site-packages/airflow/example_dags/example_branch_operator_decorator.py for tasks to queue
[2024-06-24T16:28:36.391+0000] {logging_mixin.py:150} INFO - [2024-06-24T16:28:36.391+0000] {dagbag.py:541} INFO - Filling up the DagBag from /usr/local/python/3.10.13/lib/python3.10/site-packages/airflow/example_dags/example_branch_operator_decorator.py
[2024-06-24T16:28:36.401+0000] {processor.py:836} INFO - DAG(s) dict_keys(['example_branch_python_operator_decorator']) retrieved from /usr/local/python/3.10.13/lib/python3.10/site-packages/airflow/example_dags/example_branch_operator_decorator.py
[2024-06-24T16:28:36.415+0000] {logging_mixin.py:150} INFO - [2024-06-24T16:28:36.415+0000] {dag.py:2742} INFO - Sync 1 DAGs
[2024-06-24T16:28:36.432+0000] {logging_mixin.py:150} INFO - [2024-06-24T16:28:36.432+0000] {dag.py:3504} INFO - Setting next_dagrun for example_branch_python_operator_decorator to 2024-06-23T00:00:00+00:00, run_after=2024-06-24T00:00:00+00:00
[2024-06-24T16:28:36.469+0000] {processor.py:179} INFO - Processing /usr/local/python/3.10.13/lib/python3.10/site-packages/airflow/example_dags/example_branch_operator_decorator.py took 0.082 seconds
[2024-06-24T16:29:24.860+0000] {processor.py:157} INFO - Started process (PID=28521) to work on /usr/local/python/3.10.13/lib/python3.10/site-packages/airflow/example_dags/example_branch_operator_decorator.py
[2024-06-24T16:29:24.860+0000] {processor.py:826} INFO - Processing file /usr/local/python/3.10.13/lib/python3.10/site-packages/airflow/example_dags/example_branch_operator_decorator.py for tasks to queue
[2024-06-24T16:29:24.861+0000] {logging_mixin.py:150} INFO - [2024-06-24T16:29:24.861+0000] {dagbag.py:541} INFO - Filling up the DagBag from /usr/local/python/3.10.13/lib/python3.10/site-packages/airflow/example_dags/example_branch_operator_decorator.py
[2024-06-24T16:29:24.869+0000] {processor.py:836} INFO - DAG(s) dict_keys(['example_branch_python_operator_decorator']) retrieved from /usr/local/python/3.10.13/lib/python3.10/site-packages/airflow/example_dags/example_branch_operator_decorator.py
[2024-06-24T16:29:24.882+0000] {logging_mixin.py:150} INFO - [2024-06-24T16:29:24.882+0000] {dag.py:2742} INFO - Sync 1 DAGs
[2024-06-24T16:29:24.901+0000] {logging_mixin.py:150} INFO - [2024-06-24T16:29:24.901+0000] {dag.py:3504} INFO - Setting next_dagrun for example_branch_python_operator_decorator to 2024-06-23T00:00:00+00:00, run_after=2024-06-24T00:00:00+00:00
[2024-06-24T16:29:24.946+0000] {processor.py:179} INFO - Processing /usr/local/python/3.10.13/lib/python3.10/site-packages/airflow/example_dags/example_branch_operator_decorator.py took 0.088 seconds
[2024-06-24T16:30:11.433+0000] {processor.py:157} INFO - Started process (PID=28832) to work on /usr/local/python/3.10.13/lib/python3.10/site-packages/airflow/example_dags/example_branch_operator_decorator.py
[2024-06-24T16:30:11.434+0000] {processor.py:826} INFO - Processing file /usr/local/python/3.10.13/lib/python3.10/site-packages/airflow/example_dags/example_branch_operator_decorator.py for tasks to queue
[2024-06-24T16:30:11.434+0000] {logging_mixin.py:150} INFO - [2024-06-24T16:30:11.434+0000] {dagbag.py:541} INFO - Filling up the DagBag from /usr/local/python/3.10.13/lib/python3.10/site-packages/airflow/example_dags/example_branch_operator_decorator.py
[2024-06-24T16:30:11.442+0000] {processor.py:836} INFO - DAG(s) dict_keys(['example_branch_python_operator_decorator']) retrieved from /usr/local/python/3.10.13/lib/python3.10/site-packages/airflow/example_dags/example_branch_operator_decorator.py
[2024-06-24T16:30:11.456+0000] {logging_mixin.py:150} INFO - [2024-06-24T16:30:11.456+0000] {dag.py:2742} INFO - Sync 1 DAGs
[2024-06-24T16:30:11.474+0000] {logging_mixin.py:150} INFO - [2024-06-24T16:30:11.474+0000] {dag.py:3504} INFO - Setting next_dagrun for example_branch_python_operator_decorator to 2024-06-23T00:00:00+00:00, run_after=2024-06-24T00:00:00+00:00
[2024-06-24T16:30:11.514+0000] {processor.py:179} INFO - Processing /usr/local/python/3.10.13/lib/python3.10/site-packages/airflow/example_dags/example_branch_operator_decorator.py took 0.083 seconds
[2024-06-24T16:31:01.012+0000] {processor.py:157} INFO - Started process (PID=29182) to work on /usr/local/python/3.10.13/lib/python3.10/site-packages/airflow/example_dags/example_branch_operator_decorator.py
[2024-06-24T16:31:01.012+0000] {processor.py:826} INFO - Processing file /usr/local/python/3.10.13/lib/python3.10/site-packages/airflow/example_dags/example_branch_operator_decorator.py for tasks to queue
[2024-06-24T16:31:01.013+0000] {logging_mixin.py:150} INFO - [2024-06-24T16:31:01.013+0000] {dagbag.py:541} INFO - Filling up the DagBag from /usr/local/python/3.10.13/lib/python3.10/site-packages/airflow/example_dags/example_branch_operator_decorator.py
[2024-06-24T16:31:01.021+0000] {processor.py:836} INFO - DAG(s) dict_keys(['example_branch_python_operator_decorator']) retrieved from /usr/local/python/3.10.13/lib/python3.10/site-packages/airflow/example_dags/example_branch_operator_decorator.py
[2024-06-24T16:31:01.034+0000] {logging_mixin.py:150} INFO - [2024-06-24T16:31:01.034+0000] {dag.py:2742} INFO - Sync 1 DAGs
[2024-06-24T16:31:01.050+0000] {logging_mixin.py:150} INFO - [2024-06-24T16:31:01.050+0000] {dag.py:3504} INFO - Setting next_dagrun for example_branch_python_operator_decorator to 2024-06-23T00:00:00+00:00, run_after=2024-06-24T00:00:00+00:00
[2024-06-24T16:31:01.090+0000] {processor.py:179} INFO - Processing /usr/local/python/3.10.13/lib/python3.10/site-packages/airflow/example_dags/example_branch_operator_decorator.py took 0.081 seconds
[2024-06-24T17:08:28.873+0000] {processor.py:157} INFO - Started process (PID=9664) to work on /usr/local/python/3.10.13/lib/python3.10/site-packages/airflow/example_dags/example_branch_operator_decorator.py
[2024-06-24T17:08:28.876+0000] {processor.py:826} INFO - Processing file /usr/local/python/3.10.13/lib/python3.10/site-packages/airflow/example_dags/example_branch_operator_decorator.py for tasks to queue
[2024-06-24T17:08:28.877+0000] {logging_mixin.py:150} INFO - [2024-06-24T17:08:28.877+0000] {dagbag.py:541} INFO - Filling up the DagBag from /usr/local/python/3.10.13/lib/python3.10/site-packages/airflow/example_dags/example_branch_operator_decorator.py
[2024-06-24T17:08:28.885+0000] {processor.py:836} INFO - DAG(s) dict_keys(['example_branch_python_operator_decorator']) retrieved from /usr/local/python/3.10.13/lib/python3.10/site-packages/airflow/example_dags/example_branch_operator_decorator.py
[2024-06-24T17:08:28.899+0000] {logging_mixin.py:150} INFO - [2024-06-24T17:08:28.899+0000] {dag.py:2742} INFO - Sync 1 DAGs
[2024-06-24T17:08:28.920+0000] {logging_mixin.py:150} INFO - [2024-06-24T17:08:28.920+0000] {dag.py:3504} INFO - Setting next_dagrun for example_branch_python_operator_decorator to 2024-06-23T00:00:00+00:00, run_after=2024-06-24T00:00:00+00:00
[2024-06-24T17:08:28.965+0000] {processor.py:179} INFO - Processing /usr/local/python/3.10.13/lib/python3.10/site-packages/airflow/example_dags/example_branch_operator_decorator.py took 0.095 seconds
[2024-06-24T17:09:23.090+0000] {processor.py:157} INFO - Started process (PID=10039) to work on /usr/local/python/3.10.13/lib/python3.10/site-packages/airflow/example_dags/example_branch_operator_decorator.py
[2024-06-24T17:09:23.091+0000] {processor.py:826} INFO - Processing file /usr/local/python/3.10.13/lib/python3.10/site-packages/airflow/example_dags/example_branch_operator_decorator.py for tasks to queue
[2024-06-24T17:09:23.092+0000] {logging_mixin.py:150} INFO - [2024-06-24T17:09:23.091+0000] {dagbag.py:541} INFO - Filling up the DagBag from /usr/local/python/3.10.13/lib/python3.10/site-packages/airflow/example_dags/example_branch_operator_decorator.py
[2024-06-24T17:09:23.099+0000] {processor.py:836} INFO - DAG(s) dict_keys(['example_branch_python_operator_decorator']) retrieved from /usr/local/python/3.10.13/lib/python3.10/site-packages/airflow/example_dags/example_branch_operator_decorator.py
[2024-06-24T17:09:23.121+0000] {logging_mixin.py:150} INFO - [2024-06-24T17:09:23.120+0000] {dag.py:2742} INFO - Sync 1 DAGs
[2024-06-24T17:09:23.158+0000] {logging_mixin.py:150} INFO - [2024-06-24T17:09:23.157+0000] {dag.py:3504} INFO - Setting next_dagrun for example_branch_python_operator_decorator to 2024-06-23T00:00:00+00:00, run_after=2024-06-24T00:00:00+00:00
[2024-06-24T17:09:23.203+0000] {processor.py:179} INFO - Processing /usr/local/python/3.10.13/lib/python3.10/site-packages/airflow/example_dags/example_branch_operator_decorator.py took 0.115 seconds
[2024-06-24T17:10:15.483+0000] {processor.py:157} INFO - Started process (PID=10418) to work on /usr/local/python/3.10.13/lib/python3.10/site-packages/airflow/example_dags/example_branch_operator_decorator.py
[2024-06-24T17:10:15.483+0000] {processor.py:826} INFO - Processing file /usr/local/python/3.10.13/lib/python3.10/site-packages/airflow/example_dags/example_branch_operator_decorator.py for tasks to queue
[2024-06-24T17:10:15.484+0000] {logging_mixin.py:150} INFO - [2024-06-24T17:10:15.484+0000] {dagbag.py:541} INFO - Filling up the DagBag from /usr/local/python/3.10.13/lib/python3.10/site-packages/airflow/example_dags/example_branch_operator_decorator.py
[2024-06-24T17:10:15.492+0000] {processor.py:836} INFO - DAG(s) dict_keys(['example_branch_python_operator_decorator']) retrieved from /usr/local/python/3.10.13/lib/python3.10/site-packages/airflow/example_dags/example_branch_operator_decorator.py
[2024-06-24T17:10:15.779+0000] {logging_mixin.py:150} INFO - [2024-06-24T17:10:15.779+0000] {dag.py:2742} INFO - Sync 1 DAGs
[2024-06-24T17:10:16.241+0000] {logging_mixin.py:150} INFO - [2024-06-24T17:10:16.240+0000] {dag.py:3504} INFO - Setting next_dagrun for example_branch_python_operator_decorator to 2024-06-23T00:00:00+00:00, run_after=2024-06-24T00:00:00+00:00
[2024-06-24T17:10:16.319+0000] {processor.py:179} INFO - Processing /usr/local/python/3.10.13/lib/python3.10/site-packages/airflow/example_dags/example_branch_operator_decorator.py took 0.838 seconds
[2024-06-24T17:11:13.347+0000] {processor.py:157} INFO - Started process (PID=10851) to work on /usr/local/python/3.10.13/lib/python3.10/site-packages/airflow/example_dags/example_branch_operator_decorator.py
[2024-06-24T17:11:13.353+0000] {processor.py:826} INFO - Processing file /usr/local/python/3.10.13/lib/python3.10/site-packages/airflow/example_dags/example_branch_operator_decorator.py for tasks to queue
[2024-06-24T17:11:13.354+0000] {logging_mixin.py:150} INFO - [2024-06-24T17:11:13.354+0000] {dagbag.py:541} INFO - Filling up the DagBag from /usr/local/python/3.10.13/lib/python3.10/site-packages/airflow/example_dags/example_branch_operator_decorator.py
[2024-06-24T17:11:13.381+0000] {processor.py:836} INFO - DAG(s) dict_keys(['example_branch_python_operator_decorator']) retrieved from /usr/local/python/3.10.13/lib/python3.10/site-packages/airflow/example_dags/example_branch_operator_decorator.py
[2024-06-24T17:11:13.414+0000] {logging_mixin.py:150} INFO - [2024-06-24T17:11:13.413+0000] {dag.py:2742} INFO - Sync 1 DAGs
[2024-06-24T17:11:13.440+0000] {logging_mixin.py:150} INFO - [2024-06-24T17:11:13.440+0000] {dag.py:3504} INFO - Setting next_dagrun for example_branch_python_operator_decorator to 2024-06-23T00:00:00+00:00, run_after=2024-06-24T00:00:00+00:00
[2024-06-24T17:11:13.484+0000] {processor.py:179} INFO - Processing /usr/local/python/3.10.13/lib/python3.10/site-packages/airflow/example_dags/example_branch_operator_decorator.py took 0.156 seconds
[2024-06-24T17:12:10.879+0000] {processor.py:157} INFO - Started process (PID=11287) to work on /usr/local/python/3.10.13/lib/python3.10/site-packages/airflow/example_dags/example_branch_operator_decorator.py
[2024-06-24T17:12:10.880+0000] {processor.py:826} INFO - Processing file /usr/local/python/3.10.13/lib/python3.10/site-packages/airflow/example_dags/example_branch_operator_decorator.py for tasks to queue
[2024-06-24T17:12:10.881+0000] {logging_mixin.py:150} INFO - [2024-06-24T17:12:10.881+0000] {dagbag.py:541} INFO - Filling up the DagBag from /usr/local/python/3.10.13/lib/python3.10/site-packages/airflow/example_dags/example_branch_operator_decorator.py
[2024-06-24T17:12:10.889+0000] {processor.py:836} INFO - DAG(s) dict_keys(['example_branch_python_operator_decorator']) retrieved from /usr/local/python/3.10.13/lib/python3.10/site-packages/airflow/example_dags/example_branch_operator_decorator.py
[2024-06-24T17:12:10.903+0000] {logging_mixin.py:150} INFO - [2024-06-24T17:12:10.903+0000] {dag.py:2742} INFO - Sync 1 DAGs
[2024-06-24T17:12:10.919+0000] {logging_mixin.py:150} INFO - [2024-06-24T17:12:10.919+0000] {dag.py:3504} INFO - Setting next_dagrun for example_branch_python_operator_decorator to 2024-06-23T00:00:00+00:00, run_after=2024-06-24T00:00:00+00:00
[2024-06-24T17:12:10.962+0000] {processor.py:179} INFO - Processing /usr/local/python/3.10.13/lib/python3.10/site-packages/airflow/example_dags/example_branch_operator_decorator.py took 0.085 seconds
[2024-06-24T17:13:04.153+0000] {processor.py:157} INFO - Started process (PID=11696) to work on /usr/local/python/3.10.13/lib/python3.10/site-packages/airflow/example_dags/example_branch_operator_decorator.py
[2024-06-24T17:13:04.154+0000] {processor.py:826} INFO - Processing file /usr/local/python/3.10.13/lib/python3.10/site-packages/airflow/example_dags/example_branch_operator_decorator.py for tasks to queue
[2024-06-24T17:13:04.155+0000] {logging_mixin.py:150} INFO - [2024-06-24T17:13:04.155+0000] {dagbag.py:541} INFO - Filling up the DagBag from /usr/local/python/3.10.13/lib/python3.10/site-packages/airflow/example_dags/example_branch_operator_decorator.py
[2024-06-24T17:13:04.163+0000] {processor.py:836} INFO - DAG(s) dict_keys(['example_branch_python_operator_decorator']) retrieved from /usr/local/python/3.10.13/lib/python3.10/site-packages/airflow/example_dags/example_branch_operator_decorator.py
[2024-06-24T17:13:04.177+0000] {logging_mixin.py:150} INFO - [2024-06-24T17:13:04.177+0000] {dag.py:2742} INFO - Sync 1 DAGs
[2024-06-24T17:13:04.193+0000] {logging_mixin.py:150} INFO - [2024-06-24T17:13:04.193+0000] {dag.py:3504} INFO - Setting next_dagrun for example_branch_python_operator_decorator to 2024-06-23T00:00:00+00:00, run_after=2024-06-24T00:00:00+00:00
[2024-06-24T17:13:04.233+0000] {processor.py:179} INFO - Processing /usr/local/python/3.10.13/lib/python3.10/site-packages/airflow/example_dags/example_branch_operator_decorator.py took 0.081 seconds
[2024-06-24T17:13:49.214+0000] {processor.py:157} INFO - Started process (PID=12057) to work on /usr/local/python/3.10.13/lib/python3.10/site-packages/airflow/example_dags/example_branch_operator_decorator.py
[2024-06-24T17:13:49.215+0000] {processor.py:826} INFO - Processing file /usr/local/python/3.10.13/lib/python3.10/site-packages/airflow/example_dags/example_branch_operator_decorator.py for tasks to queue
[2024-06-24T17:13:49.216+0000] {logging_mixin.py:150} INFO - [2024-06-24T17:13:49.215+0000] {dagbag.py:541} INFO - Filling up the DagBag from /usr/local/python/3.10.13/lib/python3.10/site-packages/airflow/example_dags/example_branch_operator_decorator.py
[2024-06-24T17:13:49.224+0000] {processor.py:836} INFO - DAG(s) dict_keys(['example_branch_python_operator_decorator']) retrieved from /usr/local/python/3.10.13/lib/python3.10/site-packages/airflow/example_dags/example_branch_operator_decorator.py
[2024-06-24T17:13:49.238+0000] {logging_mixin.py:150} INFO - [2024-06-24T17:13:49.237+0000] {dag.py:2742} INFO - Sync 1 DAGs
[2024-06-24T17:13:49.255+0000] {logging_mixin.py:150} INFO - [2024-06-24T17:13:49.254+0000] {dag.py:3504} INFO - Setting next_dagrun for example_branch_python_operator_decorator to 2024-06-23T00:00:00+00:00, run_after=2024-06-24T00:00:00+00:00
[2024-06-24T17:13:49.293+0000] {processor.py:179} INFO - Processing /usr/local/python/3.10.13/lib/python3.10/site-packages/airflow/example_dags/example_branch_operator_decorator.py took 0.081 seconds
[2024-06-24T17:14:35.889+0000] {processor.py:157} INFO - Started process (PID=12408) to work on /usr/local/python/3.10.13/lib/python3.10/site-packages/airflow/example_dags/example_branch_operator_decorator.py
[2024-06-24T17:14:35.890+0000] {processor.py:826} INFO - Processing file /usr/local/python/3.10.13/lib/python3.10/site-packages/airflow/example_dags/example_branch_operator_decorator.py for tasks to queue
[2024-06-24T17:14:35.890+0000] {logging_mixin.py:150} INFO - [2024-06-24T17:14:35.890+0000] {dagbag.py:541} INFO - Filling up the DagBag from /usr/local/python/3.10.13/lib/python3.10/site-packages/airflow/example_dags/example_branch_operator_decorator.py
[2024-06-24T17:14:35.898+0000] {processor.py:836} INFO - DAG(s) dict_keys(['example_branch_python_operator_decorator']) retrieved from /usr/local/python/3.10.13/lib/python3.10/site-packages/airflow/example_dags/example_branch_operator_decorator.py
[2024-06-24T17:14:35.912+0000] {logging_mixin.py:150} INFO - [2024-06-24T17:14:35.912+0000] {dag.py:2742} INFO - Sync 1 DAGs
[2024-06-24T17:14:35.928+0000] {logging_mixin.py:150} INFO - [2024-06-24T17:14:35.928+0000] {dag.py:3504} INFO - Setting next_dagrun for example_branch_python_operator_decorator to 2024-06-23T00:00:00+00:00, run_after=2024-06-24T00:00:00+00:00
[2024-06-24T17:14:35.967+0000] {processor.py:179} INFO - Processing /usr/local/python/3.10.13/lib/python3.10/site-packages/airflow/example_dags/example_branch_operator_decorator.py took 0.081 seconds
[2024-06-24T17:15:23.660+0000] {processor.py:157} INFO - Started process (PID=12783) to work on /usr/local/python/3.10.13/lib/python3.10/site-packages/airflow/example_dags/example_branch_operator_decorator.py
[2024-06-24T17:15:23.660+0000] {processor.py:826} INFO - Processing file /usr/local/python/3.10.13/lib/python3.10/site-packages/airflow/example_dags/example_branch_operator_decorator.py for tasks to queue
[2024-06-24T17:15:23.661+0000] {logging_mixin.py:150} INFO - [2024-06-24T17:15:23.661+0000] {dagbag.py:541} INFO - Filling up the DagBag from /usr/local/python/3.10.13/lib/python3.10/site-packages/airflow/example_dags/example_branch_operator_decorator.py
[2024-06-24T17:15:23.669+0000] {processor.py:836} INFO - DAG(s) dict_keys(['example_branch_python_operator_decorator']) retrieved from /usr/local/python/3.10.13/lib/python3.10/site-packages/airflow/example_dags/example_branch_operator_decorator.py
[2024-06-24T17:15:23.682+0000] {logging_mixin.py:150} INFO - [2024-06-24T17:15:23.682+0000] {dag.py:2742} INFO - Sync 1 DAGs
[2024-06-24T17:15:23.698+0000] {logging_mixin.py:150} INFO - [2024-06-24T17:15:23.698+0000] {dag.py:3504} INFO - Setting next_dagrun for example_branch_python_operator_decorator to 2024-06-23T00:00:00+00:00, run_after=2024-06-24T00:00:00+00:00
[2024-06-24T17:15:23.740+0000] {processor.py:179} INFO - Processing /usr/local/python/3.10.13/lib/python3.10/site-packages/airflow/example_dags/example_branch_operator_decorator.py took 0.083 seconds
[2024-06-24T17:16:13.234+0000] {processor.py:157} INFO - Started process (PID=13143) to work on /usr/local/python/3.10.13/lib/python3.10/site-packages/airflow/example_dags/example_branch_operator_decorator.py
[2024-06-24T17:16:13.235+0000] {processor.py:826} INFO - Processing file /usr/local/python/3.10.13/lib/python3.10/site-packages/airflow/example_dags/example_branch_operator_decorator.py for tasks to queue
[2024-06-24T17:16:13.236+0000] {logging_mixin.py:150} INFO - [2024-06-24T17:16:13.236+0000] {dagbag.py:541} INFO - Filling up the DagBag from /usr/local/python/3.10.13/lib/python3.10/site-packages/airflow/example_dags/example_branch_operator_decorator.py
[2024-06-24T17:16:13.244+0000] {processor.py:836} INFO - DAG(s) dict_keys(['example_branch_python_operator_decorator']) retrieved from /usr/local/python/3.10.13/lib/python3.10/site-packages/airflow/example_dags/example_branch_operator_decorator.py
[2024-06-24T17:16:13.258+0000] {logging_mixin.py:150} INFO - [2024-06-24T17:16:13.258+0000] {dag.py:2742} INFO - Sync 1 DAGs
[2024-06-24T17:16:13.274+0000] {logging_mixin.py:150} INFO - [2024-06-24T17:16:13.274+0000] {dag.py:3504} INFO - Setting next_dagrun for example_branch_python_operator_decorator to 2024-06-23T00:00:00+00:00, run_after=2024-06-24T00:00:00+00:00
[2024-06-24T17:16:13.322+0000] {processor.py:179} INFO - Processing /usr/local/python/3.10.13/lib/python3.10/site-packages/airflow/example_dags/example_branch_operator_decorator.py took 0.091 seconds
[2024-06-24T17:17:03.305+0000] {processor.py:157} INFO - Started process (PID=13535) to work on /usr/local/python/3.10.13/lib/python3.10/site-packages/airflow/example_dags/example_branch_operator_decorator.py
[2024-06-24T17:17:03.306+0000] {processor.py:826} INFO - Processing file /usr/local/python/3.10.13/lib/python3.10/site-packages/airflow/example_dags/example_branch_operator_decorator.py for tasks to queue
[2024-06-24T17:17:03.307+0000] {logging_mixin.py:150} INFO - [2024-06-24T17:17:03.307+0000] {dagbag.py:541} INFO - Filling up the DagBag from /usr/local/python/3.10.13/lib/python3.10/site-packages/airflow/example_dags/example_branch_operator_decorator.py
[2024-06-24T17:17:03.315+0000] {processor.py:836} INFO - DAG(s) dict_keys(['example_branch_python_operator_decorator']) retrieved from /usr/local/python/3.10.13/lib/python3.10/site-packages/airflow/example_dags/example_branch_operator_decorator.py
[2024-06-24T17:17:03.331+0000] {logging_mixin.py:150} INFO - [2024-06-24T17:17:03.330+0000] {dag.py:2742} INFO - Sync 1 DAGs
[2024-06-24T17:17:03.347+0000] {logging_mixin.py:150} INFO - [2024-06-24T17:17:03.347+0000] {dag.py:3504} INFO - Setting next_dagrun for example_branch_python_operator_decorator to 2024-06-23T00:00:00+00:00, run_after=2024-06-24T00:00:00+00:00
[2024-06-24T17:17:03.391+0000] {processor.py:179} INFO - Processing /usr/local/python/3.10.13/lib/python3.10/site-packages/airflow/example_dags/example_branch_operator_decorator.py took 0.087 seconds
[2024-06-24T17:17:58.411+0000] {processor.py:157} INFO - Started process (PID=13911) to work on /usr/local/python/3.10.13/lib/python3.10/site-packages/airflow/example_dags/example_branch_operator_decorator.py
[2024-06-24T17:17:58.412+0000] {processor.py:826} INFO - Processing file /usr/local/python/3.10.13/lib/python3.10/site-packages/airflow/example_dags/example_branch_operator_decorator.py for tasks to queue
[2024-06-24T17:17:58.413+0000] {logging_mixin.py:150} INFO - [2024-06-24T17:17:58.412+0000] {dagbag.py:541} INFO - Filling up the DagBag from /usr/local/python/3.10.13/lib/python3.10/site-packages/airflow/example_dags/example_branch_operator_decorator.py
[2024-06-24T17:17:58.421+0000] {processor.py:836} INFO - DAG(s) dict_keys(['example_branch_python_operator_decorator']) retrieved from /usr/local/python/3.10.13/lib/python3.10/site-packages/airflow/example_dags/example_branch_operator_decorator.py
[2024-06-24T17:17:58.435+0000] {logging_mixin.py:150} INFO - [2024-06-24T17:17:58.435+0000] {dag.py:2742} INFO - Sync 1 DAGs
[2024-06-24T17:17:58.451+0000] {logging_mixin.py:150} INFO - [2024-06-24T17:17:58.451+0000] {dag.py:3504} INFO - Setting next_dagrun for example_branch_python_operator_decorator to 2024-06-23T00:00:00+00:00, run_after=2024-06-24T00:00:00+00:00
[2024-06-24T17:17:58.490+0000] {processor.py:179} INFO - Processing /usr/local/python/3.10.13/lib/python3.10/site-packages/airflow/example_dags/example_branch_operator_decorator.py took 0.081 seconds
[2024-06-24T17:19:07.583+0000] {processor.py:157} INFO - Started process (PID=14427) to work on /usr/local/python/3.10.13/lib/python3.10/site-packages/airflow/example_dags/example_branch_operator_decorator.py
[2024-06-24T17:19:07.584+0000] {processor.py:826} INFO - Processing file /usr/local/python/3.10.13/lib/python3.10/site-packages/airflow/example_dags/example_branch_operator_decorator.py for tasks to queue
[2024-06-24T17:19:07.585+0000] {logging_mixin.py:150} INFO - [2024-06-24T17:19:07.584+0000] {dagbag.py:541} INFO - Filling up the DagBag from /usr/local/python/3.10.13/lib/python3.10/site-packages/airflow/example_dags/example_branch_operator_decorator.py
[2024-06-24T17:19:07.592+0000] {processor.py:836} INFO - DAG(s) dict_keys(['example_branch_python_operator_decorator']) retrieved from /usr/local/python/3.10.13/lib/python3.10/site-packages/airflow/example_dags/example_branch_operator_decorator.py
[2024-06-24T17:19:07.606+0000] {logging_mixin.py:150} INFO - [2024-06-24T17:19:07.606+0000] {dag.py:2742} INFO - Sync 1 DAGs
[2024-06-24T17:19:07.623+0000] {logging_mixin.py:150} INFO - [2024-06-24T17:19:07.623+0000] {dag.py:3504} INFO - Setting next_dagrun for example_branch_python_operator_decorator to 2024-06-23T00:00:00+00:00, run_after=2024-06-24T00:00:00+00:00
[2024-06-24T17:19:07.664+0000] {processor.py:179} INFO - Processing /usr/local/python/3.10.13/lib/python3.10/site-packages/airflow/example_dags/example_branch_operator_decorator.py took 0.083 seconds
[2024-06-24T17:20:03.247+0000] {processor.py:157} INFO - Started process (PID=14840) to work on /usr/local/python/3.10.13/lib/python3.10/site-packages/airflow/example_dags/example_branch_operator_decorator.py
[2024-06-24T17:20:03.248+0000] {processor.py:826} INFO - Processing file /usr/local/python/3.10.13/lib/python3.10/site-packages/airflow/example_dags/example_branch_operator_decorator.py for tasks to queue
[2024-06-24T17:20:03.248+0000] {logging_mixin.py:150} INFO - [2024-06-24T17:20:03.248+0000] {dagbag.py:541} INFO - Filling up the DagBag from /usr/local/python/3.10.13/lib/python3.10/site-packages/airflow/example_dags/example_branch_operator_decorator.py
[2024-06-24T17:20:03.256+0000] {processor.py:836} INFO - DAG(s) dict_keys(['example_branch_python_operator_decorator']) retrieved from /usr/local/python/3.10.13/lib/python3.10/site-packages/airflow/example_dags/example_branch_operator_decorator.py
[2024-06-24T17:20:03.270+0000] {logging_mixin.py:150} INFO - [2024-06-24T17:20:03.269+0000] {dag.py:2742} INFO - Sync 1 DAGs
[2024-06-24T17:20:03.286+0000] {logging_mixin.py:150} INFO - [2024-06-24T17:20:03.286+0000] {dag.py:3504} INFO - Setting next_dagrun for example_branch_python_operator_decorator to 2024-06-23T00:00:00+00:00, run_after=2024-06-24T00:00:00+00:00
[2024-06-24T17:20:03.325+0000] {processor.py:179} INFO - Processing /usr/local/python/3.10.13/lib/python3.10/site-packages/airflow/example_dags/example_branch_operator_decorator.py took 0.080 seconds
[2024-06-24T17:21:04.566+0000] {processor.py:157} INFO - Started process (PID=15257) to work on /usr/local/python/3.10.13/lib/python3.10/site-packages/airflow/example_dags/example_branch_operator_decorator.py
[2024-06-24T17:21:04.567+0000] {processor.py:826} INFO - Processing file /usr/local/python/3.10.13/lib/python3.10/site-packages/airflow/example_dags/example_branch_operator_decorator.py for tasks to queue
[2024-06-24T17:21:04.567+0000] {logging_mixin.py:150} INFO - [2024-06-24T17:21:04.567+0000] {dagbag.py:541} INFO - Filling up the DagBag from /usr/local/python/3.10.13/lib/python3.10/site-packages/airflow/example_dags/example_branch_operator_decorator.py
[2024-06-24T17:21:04.575+0000] {processor.py:836} INFO - DAG(s) dict_keys(['example_branch_python_operator_decorator']) retrieved from /usr/local/python/3.10.13/lib/python3.10/site-packages/airflow/example_dags/example_branch_operator_decorator.py
[2024-06-24T17:21:04.589+0000] {logging_mixin.py:150} INFO - [2024-06-24T17:21:04.588+0000] {dag.py:2742} INFO - Sync 1 DAGs
[2024-06-24T17:21:04.605+0000] {logging_mixin.py:150} INFO - [2024-06-24T17:21:04.605+0000] {dag.py:3504} INFO - Setting next_dagrun for example_branch_python_operator_decorator to 2024-06-23T00:00:00+00:00, run_after=2024-06-24T00:00:00+00:00
[2024-06-24T17:21:04.642+0000] {processor.py:179} INFO - Processing /usr/local/python/3.10.13/lib/python3.10/site-packages/airflow/example_dags/example_branch_operator_decorator.py took 0.078 seconds
[2024-06-24T17:21:57.675+0000] {processor.py:157} INFO - Started process (PID=15645) to work on /usr/local/python/3.10.13/lib/python3.10/site-packages/airflow/example_dags/example_branch_operator_decorator.py
[2024-06-24T17:21:57.676+0000] {processor.py:826} INFO - Processing file /usr/local/python/3.10.13/lib/python3.10/site-packages/airflow/example_dags/example_branch_operator_decorator.py for tasks to queue
[2024-06-24T17:21:57.677+0000] {logging_mixin.py:150} INFO - [2024-06-24T17:21:57.676+0000] {dagbag.py:541} INFO - Filling up the DagBag from /usr/local/python/3.10.13/lib/python3.10/site-packages/airflow/example_dags/example_branch_operator_decorator.py
[2024-06-24T17:21:57.684+0000] {processor.py:836} INFO - DAG(s) dict_keys(['example_branch_python_operator_decorator']) retrieved from /usr/local/python/3.10.13/lib/python3.10/site-packages/airflow/example_dags/example_branch_operator_decorator.py
[2024-06-24T17:21:57.698+0000] {logging_mixin.py:150} INFO - [2024-06-24T17:21:57.698+0000] {dag.py:2742} INFO - Sync 1 DAGs
[2024-06-24T17:21:57.714+0000] {logging_mixin.py:150} INFO - [2024-06-24T17:21:57.714+0000] {dag.py:3504} INFO - Setting next_dagrun for example_branch_python_operator_decorator to 2024-06-23T00:00:00+00:00, run_after=2024-06-24T00:00:00+00:00
[2024-06-24T17:21:57.767+0000] {processor.py:179} INFO - Processing /usr/local/python/3.10.13/lib/python3.10/site-packages/airflow/example_dags/example_branch_operator_decorator.py took 0.093 seconds
[2024-06-24T17:22:45.901+0000] {processor.py:157} INFO - Started process (PID=15972) to work on /usr/local/python/3.10.13/lib/python3.10/site-packages/airflow/example_dags/example_branch_operator_decorator.py
[2024-06-24T17:22:45.902+0000] {processor.py:826} INFO - Processing file /usr/local/python/3.10.13/lib/python3.10/site-packages/airflow/example_dags/example_branch_operator_decorator.py for tasks to queue
[2024-06-24T17:22:45.902+0000] {logging_mixin.py:150} INFO - [2024-06-24T17:22:45.902+0000] {dagbag.py:541} INFO - Filling up the DagBag from /usr/local/python/3.10.13/lib/python3.10/site-packages/airflow/example_dags/example_branch_operator_decorator.py
[2024-06-24T17:22:45.910+0000] {processor.py:836} INFO - DAG(s) dict_keys(['example_branch_python_operator_decorator']) retrieved from /usr/local/python/3.10.13/lib/python3.10/site-packages/airflow/example_dags/example_branch_operator_decorator.py
[2024-06-24T17:22:45.924+0000] {logging_mixin.py:150} INFO - [2024-06-24T17:22:45.924+0000] {dag.py:2742} INFO - Sync 1 DAGs
[2024-06-24T17:22:45.940+0000] {logging_mixin.py:150} INFO - [2024-06-24T17:22:45.940+0000] {dag.py:3504} INFO - Setting next_dagrun for example_branch_python_operator_decorator to 2024-06-23T00:00:00+00:00, run_after=2024-06-24T00:00:00+00:00
[2024-06-24T17:22:45.977+0000] {processor.py:179} INFO - Processing /usr/local/python/3.10.13/lib/python3.10/site-packages/airflow/example_dags/example_branch_operator_decorator.py took 0.079 seconds
[2024-06-24T17:23:40.759+0000] {processor.py:157} INFO - Started process (PID=16364) to work on /usr/local/python/3.10.13/lib/python3.10/site-packages/airflow/example_dags/example_branch_operator_decorator.py
[2024-06-24T17:23:40.759+0000] {processor.py:826} INFO - Processing file /usr/local/python/3.10.13/lib/python3.10/site-packages/airflow/example_dags/example_branch_operator_decorator.py for tasks to queue
[2024-06-24T17:23:40.760+0000] {logging_mixin.py:150} INFO - [2024-06-24T17:23:40.760+0000] {dagbag.py:541} INFO - Filling up the DagBag from /usr/local/python/3.10.13/lib/python3.10/site-packages/airflow/example_dags/example_branch_operator_decorator.py
[2024-06-24T17:23:40.768+0000] {processor.py:836} INFO - DAG(s) dict_keys(['example_branch_python_operator_decorator']) retrieved from /usr/local/python/3.10.13/lib/python3.10/site-packages/airflow/example_dags/example_branch_operator_decorator.py
[2024-06-24T17:23:40.783+0000] {logging_mixin.py:150} INFO - [2024-06-24T17:23:40.783+0000] {dag.py:2742} INFO - Sync 1 DAGs
[2024-06-24T17:23:40.800+0000] {logging_mixin.py:150} INFO - [2024-06-24T17:23:40.799+0000] {dag.py:3504} INFO - Setting next_dagrun for example_branch_python_operator_decorator to 2024-06-23T00:00:00+00:00, run_after=2024-06-24T00:00:00+00:00
[2024-06-24T17:23:40.840+0000] {processor.py:179} INFO - Processing /usr/local/python/3.10.13/lib/python3.10/site-packages/airflow/example_dags/example_branch_operator_decorator.py took 0.084 seconds
[2024-06-24T17:24:30.327+0000] {processor.py:157} INFO - Started process (PID=16710) to work on /usr/local/python/3.10.13/lib/python3.10/site-packages/airflow/example_dags/example_branch_operator_decorator.py
[2024-06-24T17:24:30.328+0000] {processor.py:826} INFO - Processing file /usr/local/python/3.10.13/lib/python3.10/site-packages/airflow/example_dags/example_branch_operator_decorator.py for tasks to queue
[2024-06-24T17:24:30.329+0000] {logging_mixin.py:150} INFO - [2024-06-24T17:24:30.329+0000] {dagbag.py:541} INFO - Filling up the DagBag from /usr/local/python/3.10.13/lib/python3.10/site-packages/airflow/example_dags/example_branch_operator_decorator.py
[2024-06-24T17:24:30.339+0000] {processor.py:836} INFO - DAG(s) dict_keys(['example_branch_python_operator_decorator']) retrieved from /usr/local/python/3.10.13/lib/python3.10/site-packages/airflow/example_dags/example_branch_operator_decorator.py
[2024-06-24T17:24:30.361+0000] {logging_mixin.py:150} INFO - [2024-06-24T17:24:30.361+0000] {dag.py:2742} INFO - Sync 1 DAGs
[2024-06-24T17:24:30.387+0000] {logging_mixin.py:150} INFO - [2024-06-24T17:24:30.387+0000] {dag.py:3504} INFO - Setting next_dagrun for example_branch_python_operator_decorator to 2024-06-23T00:00:00+00:00, run_after=2024-06-24T00:00:00+00:00
[2024-06-24T17:24:30.432+0000] {processor.py:179} INFO - Processing /usr/local/python/3.10.13/lib/python3.10/site-packages/airflow/example_dags/example_branch_operator_decorator.py took 0.107 seconds
[2024-06-24T17:25:26.259+0000] {processor.py:157} INFO - Started process (PID=17092) to work on /usr/local/python/3.10.13/lib/python3.10/site-packages/airflow/example_dags/example_branch_operator_decorator.py
[2024-06-24T17:25:26.259+0000] {processor.py:826} INFO - Processing file /usr/local/python/3.10.13/lib/python3.10/site-packages/airflow/example_dags/example_branch_operator_decorator.py for tasks to queue
[2024-06-24T17:25:26.260+0000] {logging_mixin.py:150} INFO - [2024-06-24T17:25:26.260+0000] {dagbag.py:541} INFO - Filling up the DagBag from /usr/local/python/3.10.13/lib/python3.10/site-packages/airflow/example_dags/example_branch_operator_decorator.py
[2024-06-24T17:25:26.268+0000] {processor.py:836} INFO - DAG(s) dict_keys(['example_branch_python_operator_decorator']) retrieved from /usr/local/python/3.10.13/lib/python3.10/site-packages/airflow/example_dags/example_branch_operator_decorator.py
[2024-06-24T17:25:26.282+0000] {logging_mixin.py:150} INFO - [2024-06-24T17:25:26.282+0000] {dag.py:2742} INFO - Sync 1 DAGs
[2024-06-24T17:25:26.299+0000] {logging_mixin.py:150} INFO - [2024-06-24T17:25:26.298+0000] {dag.py:3504} INFO - Setting next_dagrun for example_branch_python_operator_decorator to 2024-06-23T00:00:00+00:00, run_after=2024-06-24T00:00:00+00:00
[2024-06-24T17:25:26.336+0000] {processor.py:179} INFO - Processing /usr/local/python/3.10.13/lib/python3.10/site-packages/airflow/example_dags/example_branch_operator_decorator.py took 0.079 seconds
[2024-06-24T17:26:16.503+0000] {processor.py:157} INFO - Started process (PID=17447) to work on /usr/local/python/3.10.13/lib/python3.10/site-packages/airflow/example_dags/example_branch_operator_decorator.py
[2024-06-24T17:26:16.504+0000] {processor.py:826} INFO - Processing file /usr/local/python/3.10.13/lib/python3.10/site-packages/airflow/example_dags/example_branch_operator_decorator.py for tasks to queue
[2024-06-24T17:26:16.505+0000] {logging_mixin.py:150} INFO - [2024-06-24T17:26:16.505+0000] {dagbag.py:541} INFO - Filling up the DagBag from /usr/local/python/3.10.13/lib/python3.10/site-packages/airflow/example_dags/example_branch_operator_decorator.py
[2024-06-24T17:26:16.513+0000] {processor.py:836} INFO - DAG(s) dict_keys(['example_branch_python_operator_decorator']) retrieved from /usr/local/python/3.10.13/lib/python3.10/site-packages/airflow/example_dags/example_branch_operator_decorator.py
[2024-06-24T17:26:16.527+0000] {logging_mixin.py:150} INFO - [2024-06-24T17:26:16.527+0000] {dag.py:2742} INFO - Sync 1 DAGs
[2024-06-24T17:26:16.543+0000] {logging_mixin.py:150} INFO - [2024-06-24T17:26:16.543+0000] {dag.py:3504} INFO - Setting next_dagrun for example_branch_python_operator_decorator to 2024-06-23T00:00:00+00:00, run_after=2024-06-24T00:00:00+00:00
[2024-06-24T17:26:16.585+0000] {processor.py:179} INFO - Processing /usr/local/python/3.10.13/lib/python3.10/site-packages/airflow/example_dags/example_branch_operator_decorator.py took 0.084 seconds
[2024-06-24T17:27:03.571+0000] {processor.py:157} INFO - Started process (PID=17785) to work on /usr/local/python/3.10.13/lib/python3.10/site-packages/airflow/example_dags/example_branch_operator_decorator.py
[2024-06-24T17:27:03.572+0000] {processor.py:826} INFO - Processing file /usr/local/python/3.10.13/lib/python3.10/site-packages/airflow/example_dags/example_branch_operator_decorator.py for tasks to queue
[2024-06-24T17:27:03.573+0000] {logging_mixin.py:150} INFO - [2024-06-24T17:27:03.572+0000] {dagbag.py:541} INFO - Filling up the DagBag from /usr/local/python/3.10.13/lib/python3.10/site-packages/airflow/example_dags/example_branch_operator_decorator.py
[2024-06-24T17:27:03.580+0000] {processor.py:836} INFO - DAG(s) dict_keys(['example_branch_python_operator_decorator']) retrieved from /usr/local/python/3.10.13/lib/python3.10/site-packages/airflow/example_dags/example_branch_operator_decorator.py
[2024-06-24T17:27:03.594+0000] {logging_mixin.py:150} INFO - [2024-06-24T17:27:03.594+0000] {dag.py:2742} INFO - Sync 1 DAGs
[2024-06-24T17:27:03.611+0000] {logging_mixin.py:150} INFO - [2024-06-24T17:27:03.611+0000] {dag.py:3504} INFO - Setting next_dagrun for example_branch_python_operator_decorator to 2024-06-23T00:00:00+00:00, run_after=2024-06-24T00:00:00+00:00
[2024-06-24T17:27:03.651+0000] {processor.py:179} INFO - Processing /usr/local/python/3.10.13/lib/python3.10/site-packages/airflow/example_dags/example_branch_operator_decorator.py took 0.082 seconds
[2024-06-24T17:27:57.712+0000] {processor.py:157} INFO - Started process (PID=18160) to work on /usr/local/python/3.10.13/lib/python3.10/site-packages/airflow/example_dags/example_branch_operator_decorator.py
[2024-06-24T17:27:57.713+0000] {processor.py:826} INFO - Processing file /usr/local/python/3.10.13/lib/python3.10/site-packages/airflow/example_dags/example_branch_operator_decorator.py for tasks to queue
[2024-06-24T17:27:57.713+0000] {logging_mixin.py:150} INFO - [2024-06-24T17:27:57.713+0000] {dagbag.py:541} INFO - Filling up the DagBag from /usr/local/python/3.10.13/lib/python3.10/site-packages/airflow/example_dags/example_branch_operator_decorator.py
[2024-06-24T17:27:57.721+0000] {processor.py:836} INFO - DAG(s) dict_keys(['example_branch_python_operator_decorator']) retrieved from /usr/local/python/3.10.13/lib/python3.10/site-packages/airflow/example_dags/example_branch_operator_decorator.py
[2024-06-24T17:27:57.735+0000] {logging_mixin.py:150} INFO - [2024-06-24T17:27:57.735+0000] {dag.py:2742} INFO - Sync 1 DAGs
[2024-06-24T17:27:57.752+0000] {logging_mixin.py:150} INFO - [2024-06-24T17:27:57.752+0000] {dag.py:3504} INFO - Setting next_dagrun for example_branch_python_operator_decorator to 2024-06-23T00:00:00+00:00, run_after=2024-06-24T00:00:00+00:00
[2024-06-24T17:27:57.789+0000] {processor.py:179} INFO - Processing /usr/local/python/3.10.13/lib/python3.10/site-packages/airflow/example_dags/example_branch_operator_decorator.py took 0.079 seconds
[2024-06-24T17:28:52.071+0000] {processor.py:157} INFO - Started process (PID=18525) to work on /usr/local/python/3.10.13/lib/python3.10/site-packages/airflow/example_dags/example_branch_operator_decorator.py
[2024-06-24T17:28:52.072+0000] {processor.py:826} INFO - Processing file /usr/local/python/3.10.13/lib/python3.10/site-packages/airflow/example_dags/example_branch_operator_decorator.py for tasks to queue
[2024-06-24T17:28:52.072+0000] {logging_mixin.py:150} INFO - [2024-06-24T17:28:52.072+0000] {dagbag.py:541} INFO - Filling up the DagBag from /usr/local/python/3.10.13/lib/python3.10/site-packages/airflow/example_dags/example_branch_operator_decorator.py
[2024-06-24T17:28:52.080+0000] {processor.py:836} INFO - DAG(s) dict_keys(['example_branch_python_operator_decorator']) retrieved from /usr/local/python/3.10.13/lib/python3.10/site-packages/airflow/example_dags/example_branch_operator_decorator.py
[2024-06-24T17:28:52.094+0000] {logging_mixin.py:150} INFO - [2024-06-24T17:28:52.094+0000] {dag.py:2742} INFO - Sync 1 DAGs
[2024-06-24T17:28:52.110+0000] {logging_mixin.py:150} INFO - [2024-06-24T17:28:52.110+0000] {dag.py:3504} INFO - Setting next_dagrun for example_branch_python_operator_decorator to 2024-06-23T00:00:00+00:00, run_after=2024-06-24T00:00:00+00:00
[2024-06-24T17:28:52.161+0000] {processor.py:179} INFO - Processing /usr/local/python/3.10.13/lib/python3.10/site-packages/airflow/example_dags/example_branch_operator_decorator.py took 0.092 seconds
[2024-06-24T17:29:43.721+0000] {processor.py:157} INFO - Started process (PID=18879) to work on /usr/local/python/3.10.13/lib/python3.10/site-packages/airflow/example_dags/example_branch_operator_decorator.py
[2024-06-24T17:29:43.722+0000] {processor.py:826} INFO - Processing file /usr/local/python/3.10.13/lib/python3.10/site-packages/airflow/example_dags/example_branch_operator_decorator.py for tasks to queue
[2024-06-24T17:29:43.723+0000] {logging_mixin.py:150} INFO - [2024-06-24T17:29:43.723+0000] {dagbag.py:541} INFO - Filling up the DagBag from /usr/local/python/3.10.13/lib/python3.10/site-packages/airflow/example_dags/example_branch_operator_decorator.py
[2024-06-24T17:29:43.735+0000] {processor.py:836} INFO - DAG(s) dict_keys(['example_branch_python_operator_decorator']) retrieved from /usr/local/python/3.10.13/lib/python3.10/site-packages/airflow/example_dags/example_branch_operator_decorator.py
[2024-06-24T17:29:43.755+0000] {logging_mixin.py:150} INFO - [2024-06-24T17:29:43.755+0000] {dag.py:2742} INFO - Sync 1 DAGs
[2024-06-24T17:29:43.772+0000] {logging_mixin.py:150} INFO - [2024-06-24T17:29:43.772+0000] {dag.py:3504} INFO - Setting next_dagrun for example_branch_python_operator_decorator to 2024-06-23T00:00:00+00:00, run_after=2024-06-24T00:00:00+00:00
[2024-06-24T17:29:43.809+0000] {processor.py:179} INFO - Processing /usr/local/python/3.10.13/lib/python3.10/site-packages/airflow/example_dags/example_branch_operator_decorator.py took 0.092 seconds
[2024-06-24T17:30:36.769+0000] {processor.py:157} INFO - Started process (PID=19259) to work on /usr/local/python/3.10.13/lib/python3.10/site-packages/airflow/example_dags/example_branch_operator_decorator.py
[2024-06-24T17:30:36.770+0000] {processor.py:826} INFO - Processing file /usr/local/python/3.10.13/lib/python3.10/site-packages/airflow/example_dags/example_branch_operator_decorator.py for tasks to queue
[2024-06-24T17:30:36.771+0000] {logging_mixin.py:150} INFO - [2024-06-24T17:30:36.771+0000] {dagbag.py:541} INFO - Filling up the DagBag from /usr/local/python/3.10.13/lib/python3.10/site-packages/airflow/example_dags/example_branch_operator_decorator.py
[2024-06-24T17:30:36.779+0000] {processor.py:836} INFO - DAG(s) dict_keys(['example_branch_python_operator_decorator']) retrieved from /usr/local/python/3.10.13/lib/python3.10/site-packages/airflow/example_dags/example_branch_operator_decorator.py
[2024-06-24T17:30:36.799+0000] {logging_mixin.py:150} INFO - [2024-06-24T17:30:36.798+0000] {dag.py:2742} INFO - Sync 1 DAGs
[2024-06-24T17:30:36.825+0000] {logging_mixin.py:150} INFO - [2024-06-24T17:30:36.825+0000] {dag.py:3504} INFO - Setting next_dagrun for example_branch_python_operator_decorator to 2024-06-23T00:00:00+00:00, run_after=2024-06-24T00:00:00+00:00
[2024-06-24T17:30:36.866+0000] {processor.py:179} INFO - Processing /usr/local/python/3.10.13/lib/python3.10/site-packages/airflow/example_dags/example_branch_operator_decorator.py took 0.099 seconds
[2024-06-24T17:31:29.860+0000] {processor.py:157} INFO - Started process (PID=19638) to work on /usr/local/python/3.10.13/lib/python3.10/site-packages/airflow/example_dags/example_branch_operator_decorator.py
[2024-06-24T17:31:29.861+0000] {processor.py:826} INFO - Processing file /usr/local/python/3.10.13/lib/python3.10/site-packages/airflow/example_dags/example_branch_operator_decorator.py for tasks to queue
[2024-06-24T17:31:29.862+0000] {logging_mixin.py:150} INFO - [2024-06-24T17:31:29.861+0000] {dagbag.py:541} INFO - Filling up the DagBag from /usr/local/python/3.10.13/lib/python3.10/site-packages/airflow/example_dags/example_branch_operator_decorator.py
[2024-06-24T17:31:29.869+0000] {processor.py:836} INFO - DAG(s) dict_keys(['example_branch_python_operator_decorator']) retrieved from /usr/local/python/3.10.13/lib/python3.10/site-packages/airflow/example_dags/example_branch_operator_decorator.py
[2024-06-24T17:31:29.883+0000] {logging_mixin.py:150} INFO - [2024-06-24T17:31:29.883+0000] {dag.py:2742} INFO - Sync 1 DAGs
[2024-06-24T17:31:29.899+0000] {logging_mixin.py:150} INFO - [2024-06-24T17:31:29.899+0000] {dag.py:3504} INFO - Setting next_dagrun for example_branch_python_operator_decorator to 2024-06-23T00:00:00+00:00, run_after=2024-06-24T00:00:00+00:00
[2024-06-24T17:31:29.938+0000] {processor.py:179} INFO - Processing /usr/local/python/3.10.13/lib/python3.10/site-packages/airflow/example_dags/example_branch_operator_decorator.py took 0.080 seconds
