[2024-06-24T15:55:32.532+0000] {processor.py:157} INFO - Started process (PID=13958) to work on /usr/local/python/3.10.13/lib/python3.10/site-packages/airflow/example_dags/example_branch_python_dop_operator_3.py
[2024-06-24T15:55:32.532+0000] {processor.py:826} INFO - Processing file /usr/local/python/3.10.13/lib/python3.10/site-packages/airflow/example_dags/example_branch_python_dop_operator_3.py for tasks to queue
[2024-06-24T15:55:32.533+0000] {logging_mixin.py:150} INFO - [2024-06-24T15:55:32.533+0000] {dagbag.py:541} INFO - Filling up the DagBag from /usr/local/python/3.10.13/lib/python3.10/site-packages/airflow/example_dags/example_branch_python_dop_operator_3.py
[2024-06-24T15:55:32.539+0000] {processor.py:836} INFO - DAG(s) dict_keys(['example_branch_dop_operator_v3']) retrieved from /usr/local/python/3.10.13/lib/python3.10/site-packages/airflow/example_dags/example_branch_python_dop_operator_3.py
[2024-06-24T15:55:32.701+0000] {logging_mixin.py:150} INFO - [2024-06-24T15:55:32.701+0000] {manager.py:504} INFO - Created Permission View: can delete on DAG:example_branch_dop_operator_v3
[2024-06-24T15:55:32.737+0000] {logging_mixin.py:150} INFO - [2024-06-24T15:55:32.736+0000] {manager.py:504} INFO - Created Permission View: can read on DAG:example_branch_dop_operator_v3
[2024-06-24T15:55:32.770+0000] {logging_mixin.py:150} INFO - [2024-06-24T15:55:32.770+0000] {manager.py:504} INFO - Created Permission View: can edit on DAG:example_branch_dop_operator_v3
[2024-06-24T15:55:32.785+0000] {logging_mixin.py:150} INFO - [2024-06-24T15:55:32.785+0000] {dag.py:2742} INFO - Sync 1 DAGs
[2024-06-24T15:55:32.793+0000] {logging_mixin.py:150} INFO - [2024-06-24T15:55:32.793+0000] {dag.py:2763} INFO - Creating ORM DAG for example_branch_dop_operator_v3
[2024-06-24T15:55:32.805+0000] {logging_mixin.py:150} INFO - [2024-06-24T15:55:32.805+0000] {dag.py:3504} INFO - Setting next_dagrun for example_branch_dop_operator_v3 to 2024-06-24T15:54:00+00:00, run_after=2024-06-24T15:55:00+00:00
[2024-06-24T15:55:32.860+0000] {processor.py:179} INFO - Processing /usr/local/python/3.10.13/lib/python3.10/site-packages/airflow/example_dags/example_branch_python_dop_operator_3.py took 0.331 seconds
[2024-06-24T15:56:28.081+0000] {processor.py:157} INFO - Started process (PID=14369) to work on /usr/local/python/3.10.13/lib/python3.10/site-packages/airflow/example_dags/example_branch_python_dop_operator_3.py
[2024-06-24T15:56:28.081+0000] {processor.py:826} INFO - Processing file /usr/local/python/3.10.13/lib/python3.10/site-packages/airflow/example_dags/example_branch_python_dop_operator_3.py for tasks to queue
[2024-06-24T15:56:28.082+0000] {logging_mixin.py:150} INFO - [2024-06-24T15:56:28.082+0000] {dagbag.py:541} INFO - Filling up the DagBag from /usr/local/python/3.10.13/lib/python3.10/site-packages/airflow/example_dags/example_branch_python_dop_operator_3.py
[2024-06-24T15:56:28.089+0000] {processor.py:836} INFO - DAG(s) dict_keys(['example_branch_dop_operator_v3']) retrieved from /usr/local/python/3.10.13/lib/python3.10/site-packages/airflow/example_dags/example_branch_python_dop_operator_3.py
[2024-06-24T15:56:28.102+0000] {logging_mixin.py:150} INFO - [2024-06-24T15:56:28.101+0000] {dag.py:2742} INFO - Sync 1 DAGs
[2024-06-24T15:56:28.122+0000] {logging_mixin.py:150} INFO - [2024-06-24T15:56:28.121+0000] {dag.py:3504} INFO - Setting next_dagrun for example_branch_dop_operator_v3 to 2024-06-24T15:55:00+00:00, run_after=2024-06-24T15:56:00+00:00
[2024-06-24T15:56:28.168+0000] {processor.py:179} INFO - Processing /usr/local/python/3.10.13/lib/python3.10/site-packages/airflow/example_dags/example_branch_python_dop_operator_3.py took 0.090 seconds
[2024-06-24T16:02:15.467+0000] {processor.py:157} INFO - Started process (PID=16896) to work on /usr/local/python/3.10.13/lib/python3.10/site-packages/airflow/example_dags/example_branch_python_dop_operator_3.py
[2024-06-24T16:02:15.467+0000] {processor.py:826} INFO - Processing file /usr/local/python/3.10.13/lib/python3.10/site-packages/airflow/example_dags/example_branch_python_dop_operator_3.py for tasks to queue
[2024-06-24T16:02:15.468+0000] {logging_mixin.py:150} INFO - [2024-06-24T16:02:15.468+0000] {dagbag.py:541} INFO - Filling up the DagBag from /usr/local/python/3.10.13/lib/python3.10/site-packages/airflow/example_dags/example_branch_python_dop_operator_3.py
[2024-06-24T16:02:15.475+0000] {processor.py:836} INFO - DAG(s) dict_keys(['example_branch_dop_operator_v3']) retrieved from /usr/local/python/3.10.13/lib/python3.10/site-packages/airflow/example_dags/example_branch_python_dop_operator_3.py
[2024-06-24T16:02:15.488+0000] {logging_mixin.py:150} INFO - [2024-06-24T16:02:15.488+0000] {dag.py:2742} INFO - Sync 1 DAGs
[2024-06-24T16:02:15.508+0000] {logging_mixin.py:150} INFO - [2024-06-24T16:02:15.508+0000] {dag.py:3504} INFO - Setting next_dagrun for example_branch_dop_operator_v3 to 2024-06-24T16:01:00+00:00, run_after=2024-06-24T16:02:00+00:00
[2024-06-24T16:02:15.549+0000] {processor.py:179} INFO - Processing /usr/local/python/3.10.13/lib/python3.10/site-packages/airflow/example_dags/example_branch_python_dop_operator_3.py took 0.084 seconds
[2024-06-24T16:03:08.878+0000] {processor.py:157} INFO - Started process (PID=17303) to work on /usr/local/python/3.10.13/lib/python3.10/site-packages/airflow/example_dags/example_branch_python_dop_operator_3.py
[2024-06-24T16:03:08.879+0000] {processor.py:826} INFO - Processing file /usr/local/python/3.10.13/lib/python3.10/site-packages/airflow/example_dags/example_branch_python_dop_operator_3.py for tasks to queue
[2024-06-24T16:03:08.880+0000] {logging_mixin.py:150} INFO - [2024-06-24T16:03:08.879+0000] {dagbag.py:541} INFO - Filling up the DagBag from /usr/local/python/3.10.13/lib/python3.10/site-packages/airflow/example_dags/example_branch_python_dop_operator_3.py
[2024-06-24T16:03:08.889+0000] {processor.py:836} INFO - DAG(s) dict_keys(['example_branch_dop_operator_v3']) retrieved from /usr/local/python/3.10.13/lib/python3.10/site-packages/airflow/example_dags/example_branch_python_dop_operator_3.py
[2024-06-24T16:03:08.904+0000] {logging_mixin.py:150} INFO - [2024-06-24T16:03:08.904+0000] {dag.py:2742} INFO - Sync 1 DAGs
[2024-06-24T16:03:08.924+0000] {logging_mixin.py:150} INFO - [2024-06-24T16:03:08.924+0000] {dag.py:3504} INFO - Setting next_dagrun for example_branch_dop_operator_v3 to 2024-06-24T16:02:00+00:00, run_after=2024-06-24T16:03:00+00:00
[2024-06-24T16:03:08.961+0000] {processor.py:179} INFO - Processing /usr/local/python/3.10.13/lib/python3.10/site-packages/airflow/example_dags/example_branch_python_dop_operator_3.py took 0.087 seconds
[2024-06-24T16:03:56.638+0000] {processor.py:157} INFO - Started process (PID=17685) to work on /usr/local/python/3.10.13/lib/python3.10/site-packages/airflow/example_dags/example_branch_python_dop_operator_3.py
[2024-06-24T16:03:56.639+0000] {processor.py:826} INFO - Processing file /usr/local/python/3.10.13/lib/python3.10/site-packages/airflow/example_dags/example_branch_python_dop_operator_3.py for tasks to queue
[2024-06-24T16:03:56.640+0000] {logging_mixin.py:150} INFO - [2024-06-24T16:03:56.639+0000] {dagbag.py:541} INFO - Filling up the DagBag from /usr/local/python/3.10.13/lib/python3.10/site-packages/airflow/example_dags/example_branch_python_dop_operator_3.py
[2024-06-24T16:03:56.646+0000] {processor.py:836} INFO - DAG(s) dict_keys(['example_branch_dop_operator_v3']) retrieved from /usr/local/python/3.10.13/lib/python3.10/site-packages/airflow/example_dags/example_branch_python_dop_operator_3.py
[2024-06-24T16:03:56.659+0000] {logging_mixin.py:150} INFO - [2024-06-24T16:03:56.658+0000] {dag.py:2742} INFO - Sync 1 DAGs
[2024-06-24T16:03:56.678+0000] {logging_mixin.py:150} INFO - [2024-06-24T16:03:56.678+0000] {dag.py:3504} INFO - Setting next_dagrun for example_branch_dop_operator_v3 to 2024-06-24T16:02:00+00:00, run_after=2024-06-24T16:03:00+00:00
[2024-06-24T16:03:56.718+0000] {processor.py:179} INFO - Processing /usr/local/python/3.10.13/lib/python3.10/site-packages/airflow/example_dags/example_branch_python_dop_operator_3.py took 0.081 seconds
[2024-06-24T16:04:42.687+0000] {processor.py:157} INFO - Started process (PID=18023) to work on /usr/local/python/3.10.13/lib/python3.10/site-packages/airflow/example_dags/example_branch_python_dop_operator_3.py
[2024-06-24T16:04:42.688+0000] {processor.py:826} INFO - Processing file /usr/local/python/3.10.13/lib/python3.10/site-packages/airflow/example_dags/example_branch_python_dop_operator_3.py for tasks to queue
[2024-06-24T16:04:42.689+0000] {logging_mixin.py:150} INFO - [2024-06-24T16:04:42.688+0000] {dagbag.py:541} INFO - Filling up the DagBag from /usr/local/python/3.10.13/lib/python3.10/site-packages/airflow/example_dags/example_branch_python_dop_operator_3.py
[2024-06-24T16:04:42.695+0000] {processor.py:836} INFO - DAG(s) dict_keys(['example_branch_dop_operator_v3']) retrieved from /usr/local/python/3.10.13/lib/python3.10/site-packages/airflow/example_dags/example_branch_python_dop_operator_3.py
[2024-06-24T16:04:42.707+0000] {logging_mixin.py:150} INFO - [2024-06-24T16:04:42.707+0000] {dag.py:2742} INFO - Sync 1 DAGs
[2024-06-24T16:04:42.734+0000] {logging_mixin.py:150} INFO - [2024-06-24T16:04:42.734+0000] {dag.py:3504} INFO - Setting next_dagrun for example_branch_dop_operator_v3 to 2024-06-24T16:03:00+00:00, run_after=2024-06-24T16:04:00+00:00
[2024-06-24T16:04:42.795+0000] {processor.py:179} INFO - Processing /usr/local/python/3.10.13/lib/python3.10/site-packages/airflow/example_dags/example_branch_python_dop_operator_3.py took 0.109 seconds
[2024-06-24T16:05:30.990+0000] {processor.py:157} INFO - Started process (PID=18406) to work on /usr/local/python/3.10.13/lib/python3.10/site-packages/airflow/example_dags/example_branch_python_dop_operator_3.py
[2024-06-24T16:05:30.990+0000] {processor.py:826} INFO - Processing file /usr/local/python/3.10.13/lib/python3.10/site-packages/airflow/example_dags/example_branch_python_dop_operator_3.py for tasks to queue
[2024-06-24T16:05:30.991+0000] {logging_mixin.py:150} INFO - [2024-06-24T16:05:30.991+0000] {dagbag.py:541} INFO - Filling up the DagBag from /usr/local/python/3.10.13/lib/python3.10/site-packages/airflow/example_dags/example_branch_python_dop_operator_3.py
[2024-06-24T16:05:30.998+0000] {processor.py:836} INFO - DAG(s) dict_keys(['example_branch_dop_operator_v3']) retrieved from /usr/local/python/3.10.13/lib/python3.10/site-packages/airflow/example_dags/example_branch_python_dop_operator_3.py
[2024-06-24T16:05:31.010+0000] {logging_mixin.py:150} INFO - [2024-06-24T16:05:31.009+0000] {dag.py:2742} INFO - Sync 1 DAGs
[2024-06-24T16:05:31.029+0000] {logging_mixin.py:150} INFO - [2024-06-24T16:05:31.029+0000] {dag.py:3504} INFO - Setting next_dagrun for example_branch_dop_operator_v3 to 2024-06-24T16:04:00+00:00, run_after=2024-06-24T16:05:00+00:00
[2024-06-24T16:05:31.073+0000] {processor.py:179} INFO - Processing /usr/local/python/3.10.13/lib/python3.10/site-packages/airflow/example_dags/example_branch_python_dop_operator_3.py took 0.085 seconds
[2024-06-24T16:06:17.935+0000] {processor.py:157} INFO - Started process (PID=18780) to work on /usr/local/python/3.10.13/lib/python3.10/site-packages/airflow/example_dags/example_branch_python_dop_operator_3.py
[2024-06-24T16:06:17.935+0000] {processor.py:826} INFO - Processing file /usr/local/python/3.10.13/lib/python3.10/site-packages/airflow/example_dags/example_branch_python_dop_operator_3.py for tasks to queue
[2024-06-24T16:06:17.936+0000] {logging_mixin.py:150} INFO - [2024-06-24T16:06:17.936+0000] {dagbag.py:541} INFO - Filling up the DagBag from /usr/local/python/3.10.13/lib/python3.10/site-packages/airflow/example_dags/example_branch_python_dop_operator_3.py
[2024-06-24T16:06:17.942+0000] {processor.py:836} INFO - DAG(s) dict_keys(['example_branch_dop_operator_v3']) retrieved from /usr/local/python/3.10.13/lib/python3.10/site-packages/airflow/example_dags/example_branch_python_dop_operator_3.py
[2024-06-24T16:06:17.955+0000] {logging_mixin.py:150} INFO - [2024-06-24T16:06:17.955+0000] {dag.py:2742} INFO - Sync 1 DAGs
[2024-06-24T16:06:17.975+0000] {logging_mixin.py:150} INFO - [2024-06-24T16:06:17.975+0000] {dag.py:3504} INFO - Setting next_dagrun for example_branch_dop_operator_v3 to 2024-06-24T16:05:00+00:00, run_after=2024-06-24T16:06:00+00:00
[2024-06-24T16:06:18.016+0000] {processor.py:179} INFO - Processing /usr/local/python/3.10.13/lib/python3.10/site-packages/airflow/example_dags/example_branch_python_dop_operator_3.py took 0.084 seconds
[2024-06-24T16:07:05.375+0000] {processor.py:157} INFO - Started process (PID=19133) to work on /usr/local/python/3.10.13/lib/python3.10/site-packages/airflow/example_dags/example_branch_python_dop_operator_3.py
[2024-06-24T16:07:05.376+0000] {processor.py:826} INFO - Processing file /usr/local/python/3.10.13/lib/python3.10/site-packages/airflow/example_dags/example_branch_python_dop_operator_3.py for tasks to queue
[2024-06-24T16:07:05.377+0000] {logging_mixin.py:150} INFO - [2024-06-24T16:07:05.376+0000] {dagbag.py:541} INFO - Filling up the DagBag from /usr/local/python/3.10.13/lib/python3.10/site-packages/airflow/example_dags/example_branch_python_dop_operator_3.py
[2024-06-24T16:07:05.383+0000] {processor.py:836} INFO - DAG(s) dict_keys(['example_branch_dop_operator_v3']) retrieved from /usr/local/python/3.10.13/lib/python3.10/site-packages/airflow/example_dags/example_branch_python_dop_operator_3.py
[2024-06-24T16:07:05.395+0000] {logging_mixin.py:150} INFO - [2024-06-24T16:07:05.395+0000] {dag.py:2742} INFO - Sync 1 DAGs
[2024-06-24T16:07:05.416+0000] {logging_mixin.py:150} INFO - [2024-06-24T16:07:05.416+0000] {dag.py:3504} INFO - Setting next_dagrun for example_branch_dop_operator_v3 to 2024-06-24T16:06:00+00:00, run_after=2024-06-24T16:07:00+00:00
[2024-06-24T16:07:05.455+0000] {processor.py:179} INFO - Processing /usr/local/python/3.10.13/lib/python3.10/site-packages/airflow/example_dags/example_branch_python_dop_operator_3.py took 0.082 seconds
[2024-06-24T16:07:52.174+0000] {processor.py:157} INFO - Started process (PID=19502) to work on /usr/local/python/3.10.13/lib/python3.10/site-packages/airflow/example_dags/example_branch_python_dop_operator_3.py
[2024-06-24T16:07:52.175+0000] {processor.py:826} INFO - Processing file /usr/local/python/3.10.13/lib/python3.10/site-packages/airflow/example_dags/example_branch_python_dop_operator_3.py for tasks to queue
[2024-06-24T16:07:52.175+0000] {logging_mixin.py:150} INFO - [2024-06-24T16:07:52.175+0000] {dagbag.py:541} INFO - Filling up the DagBag from /usr/local/python/3.10.13/lib/python3.10/site-packages/airflow/example_dags/example_branch_python_dop_operator_3.py
[2024-06-24T16:07:52.182+0000] {processor.py:836} INFO - DAG(s) dict_keys(['example_branch_dop_operator_v3']) retrieved from /usr/local/python/3.10.13/lib/python3.10/site-packages/airflow/example_dags/example_branch_python_dop_operator_3.py
[2024-06-24T16:07:52.195+0000] {logging_mixin.py:150} INFO - [2024-06-24T16:07:52.195+0000] {dag.py:2742} INFO - Sync 1 DAGs
[2024-06-24T16:07:52.218+0000] {logging_mixin.py:150} INFO - [2024-06-24T16:07:52.217+0000] {dag.py:3504} INFO - Setting next_dagrun for example_branch_dop_operator_v3 to 2024-06-24T16:06:00+00:00, run_after=2024-06-24T16:07:00+00:00
[2024-06-24T16:07:52.258+0000] {processor.py:179} INFO - Processing /usr/local/python/3.10.13/lib/python3.10/site-packages/airflow/example_dags/example_branch_python_dop_operator_3.py took 0.086 seconds
[2024-06-24T16:08:42.373+0000] {processor.py:157} INFO - Started process (PID=19894) to work on /usr/local/python/3.10.13/lib/python3.10/site-packages/airflow/example_dags/example_branch_python_dop_operator_3.py
[2024-06-24T16:08:42.373+0000] {processor.py:826} INFO - Processing file /usr/local/python/3.10.13/lib/python3.10/site-packages/airflow/example_dags/example_branch_python_dop_operator_3.py for tasks to queue
[2024-06-24T16:08:42.374+0000] {logging_mixin.py:150} INFO - [2024-06-24T16:08:42.374+0000] {dagbag.py:541} INFO - Filling up the DagBag from /usr/local/python/3.10.13/lib/python3.10/site-packages/airflow/example_dags/example_branch_python_dop_operator_3.py
[2024-06-24T16:08:42.381+0000] {processor.py:836} INFO - DAG(s) dict_keys(['example_branch_dop_operator_v3']) retrieved from /usr/local/python/3.10.13/lib/python3.10/site-packages/airflow/example_dags/example_branch_python_dop_operator_3.py
[2024-06-24T16:08:42.394+0000] {logging_mixin.py:150} INFO - [2024-06-24T16:08:42.393+0000] {dag.py:2742} INFO - Sync 1 DAGs
[2024-06-24T16:08:42.422+0000] {logging_mixin.py:150} INFO - [2024-06-24T16:08:42.422+0000] {dag.py:3504} INFO - Setting next_dagrun for example_branch_dop_operator_v3 to 2024-06-24T16:07:00+00:00, run_after=2024-06-24T16:08:00+00:00
[2024-06-24T16:08:42.488+0000] {processor.py:179} INFO - Processing /usr/local/python/3.10.13/lib/python3.10/site-packages/airflow/example_dags/example_branch_python_dop_operator_3.py took 0.118 seconds
[2024-06-24T16:09:28.615+0000] {processor.py:157} INFO - Started process (PID=20206) to work on /usr/local/python/3.10.13/lib/python3.10/site-packages/airflow/example_dags/example_branch_python_dop_operator_3.py
[2024-06-24T16:09:28.616+0000] {processor.py:826} INFO - Processing file /usr/local/python/3.10.13/lib/python3.10/site-packages/airflow/example_dags/example_branch_python_dop_operator_3.py for tasks to queue
[2024-06-24T16:09:28.616+0000] {logging_mixin.py:150} INFO - [2024-06-24T16:09:28.616+0000] {dagbag.py:541} INFO - Filling up the DagBag from /usr/local/python/3.10.13/lib/python3.10/site-packages/airflow/example_dags/example_branch_python_dop_operator_3.py
[2024-06-24T16:09:28.623+0000] {processor.py:836} INFO - DAG(s) dict_keys(['example_branch_dop_operator_v3']) retrieved from /usr/local/python/3.10.13/lib/python3.10/site-packages/airflow/example_dags/example_branch_python_dop_operator_3.py
[2024-06-24T16:09:28.634+0000] {logging_mixin.py:150} INFO - [2024-06-24T16:09:28.634+0000] {dag.py:2742} INFO - Sync 1 DAGs
[2024-06-24T16:09:28.653+0000] {logging_mixin.py:150} INFO - [2024-06-24T16:09:28.653+0000] {dag.py:3504} INFO - Setting next_dagrun for example_branch_dop_operator_v3 to 2024-06-24T16:08:00+00:00, run_after=2024-06-24T16:09:00+00:00
[2024-06-24T16:09:28.692+0000] {processor.py:179} INFO - Processing /usr/local/python/3.10.13/lib/python3.10/site-packages/airflow/example_dags/example_branch_python_dop_operator_3.py took 0.080 seconds
[2024-06-24T16:10:15.120+0000] {processor.py:157} INFO - Started process (PID=20545) to work on /usr/local/python/3.10.13/lib/python3.10/site-packages/airflow/example_dags/example_branch_python_dop_operator_3.py
[2024-06-24T16:10:15.121+0000] {processor.py:826} INFO - Processing file /usr/local/python/3.10.13/lib/python3.10/site-packages/airflow/example_dags/example_branch_python_dop_operator_3.py for tasks to queue
[2024-06-24T16:10:15.121+0000] {logging_mixin.py:150} INFO - [2024-06-24T16:10:15.121+0000] {dagbag.py:541} INFO - Filling up the DagBag from /usr/local/python/3.10.13/lib/python3.10/site-packages/airflow/example_dags/example_branch_python_dop_operator_3.py
[2024-06-24T16:10:15.128+0000] {processor.py:836} INFO - DAG(s) dict_keys(['example_branch_dop_operator_v3']) retrieved from /usr/local/python/3.10.13/lib/python3.10/site-packages/airflow/example_dags/example_branch_python_dop_operator_3.py
[2024-06-24T16:10:15.140+0000] {logging_mixin.py:150} INFO - [2024-06-24T16:10:15.140+0000] {dag.py:2742} INFO - Sync 1 DAGs
[2024-06-24T16:10:15.161+0000] {logging_mixin.py:150} INFO - [2024-06-24T16:10:15.160+0000] {dag.py:3504} INFO - Setting next_dagrun for example_branch_dop_operator_v3 to 2024-06-24T16:09:00+00:00, run_after=2024-06-24T16:10:00+00:00
[2024-06-24T16:10:15.209+0000] {processor.py:179} INFO - Processing /usr/local/python/3.10.13/lib/python3.10/site-packages/airflow/example_dags/example_branch_python_dop_operator_3.py took 0.091 seconds
[2024-06-24T16:11:02.427+0000] {processor.py:157} INFO - Started process (PID=20875) to work on /usr/local/python/3.10.13/lib/python3.10/site-packages/airflow/example_dags/example_branch_python_dop_operator_3.py
[2024-06-24T16:11:02.428+0000] {processor.py:826} INFO - Processing file /usr/local/python/3.10.13/lib/python3.10/site-packages/airflow/example_dags/example_branch_python_dop_operator_3.py for tasks to queue
[2024-06-24T16:11:02.428+0000] {logging_mixin.py:150} INFO - [2024-06-24T16:11:02.428+0000] {dagbag.py:541} INFO - Filling up the DagBag from /usr/local/python/3.10.13/lib/python3.10/site-packages/airflow/example_dags/example_branch_python_dop_operator_3.py
[2024-06-24T16:11:02.435+0000] {processor.py:836} INFO - DAG(s) dict_keys(['example_branch_dop_operator_v3']) retrieved from /usr/local/python/3.10.13/lib/python3.10/site-packages/airflow/example_dags/example_branch_python_dop_operator_3.py
[2024-06-24T16:11:02.451+0000] {logging_mixin.py:150} INFO - [2024-06-24T16:11:02.451+0000] {dag.py:2742} INFO - Sync 1 DAGs
[2024-06-24T16:11:02.484+0000] {logging_mixin.py:150} INFO - [2024-06-24T16:11:02.483+0000] {dag.py:3504} INFO - Setting next_dagrun for example_branch_dop_operator_v3 to 2024-06-24T16:10:00+00:00, run_after=2024-06-24T16:11:00+00:00
[2024-06-24T16:11:02.539+0000] {processor.py:179} INFO - Processing /usr/local/python/3.10.13/lib/python3.10/site-packages/airflow/example_dags/example_branch_python_dop_operator_3.py took 0.115 seconds
[2024-06-24T16:11:51.268+0000] {processor.py:157} INFO - Started process (PID=21204) to work on /usr/local/python/3.10.13/lib/python3.10/site-packages/airflow/example_dags/example_branch_python_dop_operator_3.py
[2024-06-24T16:11:51.268+0000] {processor.py:826} INFO - Processing file /usr/local/python/3.10.13/lib/python3.10/site-packages/airflow/example_dags/example_branch_python_dop_operator_3.py for tasks to queue
[2024-06-24T16:11:51.269+0000] {logging_mixin.py:150} INFO - [2024-06-24T16:11:51.269+0000] {dagbag.py:541} INFO - Filling up the DagBag from /usr/local/python/3.10.13/lib/python3.10/site-packages/airflow/example_dags/example_branch_python_dop_operator_3.py
[2024-06-24T16:11:51.276+0000] {processor.py:836} INFO - DAG(s) dict_keys(['example_branch_dop_operator_v3']) retrieved from /usr/local/python/3.10.13/lib/python3.10/site-packages/airflow/example_dags/example_branch_python_dop_operator_3.py
[2024-06-24T16:11:51.288+0000] {logging_mixin.py:150} INFO - [2024-06-24T16:11:51.288+0000] {dag.py:2742} INFO - Sync 1 DAGs
[2024-06-24T16:11:51.308+0000] {logging_mixin.py:150} INFO - [2024-06-24T16:11:51.308+0000] {dag.py:3504} INFO - Setting next_dagrun for example_branch_dop_operator_v3 to 2024-06-24T16:10:00+00:00, run_after=2024-06-24T16:11:00+00:00
[2024-06-24T16:11:51.355+0000] {processor.py:179} INFO - Processing /usr/local/python/3.10.13/lib/python3.10/site-packages/airflow/example_dags/example_branch_python_dop_operator_3.py took 0.089 seconds
[2024-06-24T16:12:40.634+0000] {processor.py:157} INFO - Started process (PID=21546) to work on /usr/local/python/3.10.13/lib/python3.10/site-packages/airflow/example_dags/example_branch_python_dop_operator_3.py
[2024-06-24T16:12:40.635+0000] {processor.py:826} INFO - Processing file /usr/local/python/3.10.13/lib/python3.10/site-packages/airflow/example_dags/example_branch_python_dop_operator_3.py for tasks to queue
[2024-06-24T16:12:40.636+0000] {logging_mixin.py:150} INFO - [2024-06-24T16:12:40.636+0000] {dagbag.py:541} INFO - Filling up the DagBag from /usr/local/python/3.10.13/lib/python3.10/site-packages/airflow/example_dags/example_branch_python_dop_operator_3.py
[2024-06-24T16:12:40.646+0000] {processor.py:836} INFO - DAG(s) dict_keys(['example_branch_dop_operator_v3']) retrieved from /usr/local/python/3.10.13/lib/python3.10/site-packages/airflow/example_dags/example_branch_python_dop_operator_3.py
[2024-06-24T16:12:40.664+0000] {logging_mixin.py:150} INFO - [2024-06-24T16:12:40.664+0000] {dag.py:2742} INFO - Sync 1 DAGs
[2024-06-24T16:12:40.692+0000] {logging_mixin.py:150} INFO - [2024-06-24T16:12:40.691+0000] {dag.py:3504} INFO - Setting next_dagrun for example_branch_dop_operator_v3 to 2024-06-24T16:11:00+00:00, run_after=2024-06-24T16:12:00+00:00
[2024-06-24T16:12:40.744+0000] {processor.py:179} INFO - Processing /usr/local/python/3.10.13/lib/python3.10/site-packages/airflow/example_dags/example_branch_python_dop_operator_3.py took 0.112 seconds
[2024-06-24T16:13:28.984+0000] {processor.py:157} INFO - Started process (PID=21888) to work on /usr/local/python/3.10.13/lib/python3.10/site-packages/airflow/example_dags/example_branch_python_dop_operator_3.py
[2024-06-24T16:13:28.985+0000] {processor.py:826} INFO - Processing file /usr/local/python/3.10.13/lib/python3.10/site-packages/airflow/example_dags/example_branch_python_dop_operator_3.py for tasks to queue
[2024-06-24T16:13:28.985+0000] {logging_mixin.py:150} INFO - [2024-06-24T16:13:28.985+0000] {dagbag.py:541} INFO - Filling up the DagBag from /usr/local/python/3.10.13/lib/python3.10/site-packages/airflow/example_dags/example_branch_python_dop_operator_3.py
[2024-06-24T16:13:28.992+0000] {processor.py:836} INFO - DAG(s) dict_keys(['example_branch_dop_operator_v3']) retrieved from /usr/local/python/3.10.13/lib/python3.10/site-packages/airflow/example_dags/example_branch_python_dop_operator_3.py
[2024-06-24T16:13:29.003+0000] {logging_mixin.py:150} INFO - [2024-06-24T16:13:29.003+0000] {dag.py:2742} INFO - Sync 1 DAGs
[2024-06-24T16:13:29.022+0000] {logging_mixin.py:150} INFO - [2024-06-24T16:13:29.022+0000] {dag.py:3504} INFO - Setting next_dagrun for example_branch_dop_operator_v3 to 2024-06-24T16:12:00+00:00, run_after=2024-06-24T16:13:00+00:00
[2024-06-24T16:13:29.065+0000] {processor.py:179} INFO - Processing /usr/local/python/3.10.13/lib/python3.10/site-packages/airflow/example_dags/example_branch_python_dop_operator_3.py took 0.083 seconds
[2024-06-24T16:14:16.329+0000] {processor.py:157} INFO - Started process (PID=22216) to work on /usr/local/python/3.10.13/lib/python3.10/site-packages/airflow/example_dags/example_branch_python_dop_operator_3.py
[2024-06-24T16:14:16.330+0000] {processor.py:826} INFO - Processing file /usr/local/python/3.10.13/lib/python3.10/site-packages/airflow/example_dags/example_branch_python_dop_operator_3.py for tasks to queue
[2024-06-24T16:14:16.330+0000] {logging_mixin.py:150} INFO - [2024-06-24T16:14:16.330+0000] {dagbag.py:541} INFO - Filling up the DagBag from /usr/local/python/3.10.13/lib/python3.10/site-packages/airflow/example_dags/example_branch_python_dop_operator_3.py
[2024-06-24T16:14:16.337+0000] {processor.py:836} INFO - DAG(s) dict_keys(['example_branch_dop_operator_v3']) retrieved from /usr/local/python/3.10.13/lib/python3.10/site-packages/airflow/example_dags/example_branch_python_dop_operator_3.py
[2024-06-24T16:14:16.350+0000] {logging_mixin.py:150} INFO - [2024-06-24T16:14:16.350+0000] {dag.py:2742} INFO - Sync 1 DAGs
[2024-06-24T16:14:16.369+0000] {logging_mixin.py:150} INFO - [2024-06-24T16:14:16.369+0000] {dag.py:3504} INFO - Setting next_dagrun for example_branch_dop_operator_v3 to 2024-06-24T16:13:00+00:00, run_after=2024-06-24T16:14:00+00:00
[2024-06-24T16:14:16.413+0000] {processor.py:179} INFO - Processing /usr/local/python/3.10.13/lib/python3.10/site-packages/airflow/example_dags/example_branch_python_dop_operator_3.py took 0.086 seconds
[2024-06-24T16:15:01.873+0000] {processor.py:157} INFO - Started process (PID=22531) to work on /usr/local/python/3.10.13/lib/python3.10/site-packages/airflow/example_dags/example_branch_python_dop_operator_3.py
[2024-06-24T16:15:01.874+0000] {processor.py:826} INFO - Processing file /usr/local/python/3.10.13/lib/python3.10/site-packages/airflow/example_dags/example_branch_python_dop_operator_3.py for tasks to queue
[2024-06-24T16:15:01.874+0000] {logging_mixin.py:150} INFO - [2024-06-24T16:15:01.874+0000] {dagbag.py:541} INFO - Filling up the DagBag from /usr/local/python/3.10.13/lib/python3.10/site-packages/airflow/example_dags/example_branch_python_dop_operator_3.py
[2024-06-24T16:15:01.881+0000] {processor.py:836} INFO - DAG(s) dict_keys(['example_branch_dop_operator_v3']) retrieved from /usr/local/python/3.10.13/lib/python3.10/site-packages/airflow/example_dags/example_branch_python_dop_operator_3.py
[2024-06-24T16:15:01.894+0000] {logging_mixin.py:150} INFO - [2024-06-24T16:15:01.894+0000] {dag.py:2742} INFO - Sync 1 DAGs
[2024-06-24T16:15:01.914+0000] {logging_mixin.py:150} INFO - [2024-06-24T16:15:01.914+0000] {dag.py:3504} INFO - Setting next_dagrun for example_branch_dop_operator_v3 to 2024-06-24T16:14:00+00:00, run_after=2024-06-24T16:15:00+00:00
[2024-06-24T16:15:01.958+0000] {processor.py:179} INFO - Processing /usr/local/python/3.10.13/lib/python3.10/site-packages/airflow/example_dags/example_branch_python_dop_operator_3.py took 0.088 seconds
[2024-06-24T16:15:59.711+0000] {processor.py:157} INFO - Started process (PID=22933) to work on /usr/local/python/3.10.13/lib/python3.10/site-packages/airflow/example_dags/example_branch_python_dop_operator_3.py
[2024-06-24T16:15:59.712+0000] {processor.py:826} INFO - Processing file /usr/local/python/3.10.13/lib/python3.10/site-packages/airflow/example_dags/example_branch_python_dop_operator_3.py for tasks to queue
[2024-06-24T16:15:59.712+0000] {logging_mixin.py:150} INFO - [2024-06-24T16:15:59.712+0000] {dagbag.py:541} INFO - Filling up the DagBag from /usr/local/python/3.10.13/lib/python3.10/site-packages/airflow/example_dags/example_branch_python_dop_operator_3.py
[2024-06-24T16:15:59.719+0000] {processor.py:836} INFO - DAG(s) dict_keys(['example_branch_dop_operator_v3']) retrieved from /usr/local/python/3.10.13/lib/python3.10/site-packages/airflow/example_dags/example_branch_python_dop_operator_3.py
[2024-06-24T16:15:59.732+0000] {logging_mixin.py:150} INFO - [2024-06-24T16:15:59.732+0000] {dag.py:2742} INFO - Sync 1 DAGs
[2024-06-24T16:15:59.753+0000] {logging_mixin.py:150} INFO - [2024-06-24T16:15:59.753+0000] {dag.py:3504} INFO - Setting next_dagrun for example_branch_dop_operator_v3 to 2024-06-24T16:14:00+00:00, run_after=2024-06-24T16:15:00+00:00
[2024-06-24T16:15:59.795+0000] {processor.py:179} INFO - Processing /usr/local/python/3.10.13/lib/python3.10/site-packages/airflow/example_dags/example_branch_python_dop_operator_3.py took 0.086 seconds
[2024-06-24T16:16:45.170+0000] {processor.py:157} INFO - Started process (PID=23241) to work on /usr/local/python/3.10.13/lib/python3.10/site-packages/airflow/example_dags/example_branch_python_dop_operator_3.py
[2024-06-24T16:16:45.171+0000] {processor.py:826} INFO - Processing file /usr/local/python/3.10.13/lib/python3.10/site-packages/airflow/example_dags/example_branch_python_dop_operator_3.py for tasks to queue
[2024-06-24T16:16:45.171+0000] {logging_mixin.py:150} INFO - [2024-06-24T16:16:45.171+0000] {dagbag.py:541} INFO - Filling up the DagBag from /usr/local/python/3.10.13/lib/python3.10/site-packages/airflow/example_dags/example_branch_python_dop_operator_3.py
[2024-06-24T16:16:45.178+0000] {processor.py:836} INFO - DAG(s) dict_keys(['example_branch_dop_operator_v3']) retrieved from /usr/local/python/3.10.13/lib/python3.10/site-packages/airflow/example_dags/example_branch_python_dop_operator_3.py
[2024-06-24T16:16:45.190+0000] {logging_mixin.py:150} INFO - [2024-06-24T16:16:45.190+0000] {dag.py:2742} INFO - Sync 1 DAGs
[2024-06-24T16:16:45.209+0000] {logging_mixin.py:150} INFO - [2024-06-24T16:16:45.209+0000] {dag.py:3504} INFO - Setting next_dagrun for example_branch_dop_operator_v3 to 2024-06-24T16:15:00+00:00, run_after=2024-06-24T16:16:00+00:00
[2024-06-24T16:16:45.251+0000] {processor.py:179} INFO - Processing /usr/local/python/3.10.13/lib/python3.10/site-packages/airflow/example_dags/example_branch_python_dop_operator_3.py took 0.083 seconds
[2024-06-24T16:17:30.543+0000] {processor.py:157} INFO - Started process (PID=23569) to work on /usr/local/python/3.10.13/lib/python3.10/site-packages/airflow/example_dags/example_branch_python_dop_operator_3.py
[2024-06-24T16:17:30.544+0000] {processor.py:826} INFO - Processing file /usr/local/python/3.10.13/lib/python3.10/site-packages/airflow/example_dags/example_branch_python_dop_operator_3.py for tasks to queue
[2024-06-24T16:17:30.544+0000] {logging_mixin.py:150} INFO - [2024-06-24T16:17:30.544+0000] {dagbag.py:541} INFO - Filling up the DagBag from /usr/local/python/3.10.13/lib/python3.10/site-packages/airflow/example_dags/example_branch_python_dop_operator_3.py
[2024-06-24T16:17:30.551+0000] {processor.py:836} INFO - DAG(s) dict_keys(['example_branch_dop_operator_v3']) retrieved from /usr/local/python/3.10.13/lib/python3.10/site-packages/airflow/example_dags/example_branch_python_dop_operator_3.py
[2024-06-24T16:17:30.563+0000] {logging_mixin.py:150} INFO - [2024-06-24T16:17:30.563+0000] {dag.py:2742} INFO - Sync 1 DAGs
[2024-06-24T16:17:30.583+0000] {logging_mixin.py:150} INFO - [2024-06-24T16:17:30.583+0000] {dag.py:3504} INFO - Setting next_dagrun for example_branch_dop_operator_v3 to 2024-06-24T16:16:00+00:00, run_after=2024-06-24T16:17:00+00:00
[2024-06-24T16:17:30.625+0000] {processor.py:179} INFO - Processing /usr/local/python/3.10.13/lib/python3.10/site-packages/airflow/example_dags/example_branch_python_dop_operator_3.py took 0.084 seconds
[2024-06-24T16:18:19.299+0000] {processor.py:157} INFO - Started process (PID=23891) to work on /usr/local/python/3.10.13/lib/python3.10/site-packages/airflow/example_dags/example_branch_python_dop_operator_3.py
[2024-06-24T16:18:19.300+0000] {processor.py:826} INFO - Processing file /usr/local/python/3.10.13/lib/python3.10/site-packages/airflow/example_dags/example_branch_python_dop_operator_3.py for tasks to queue
[2024-06-24T16:18:19.301+0000] {logging_mixin.py:150} INFO - [2024-06-24T16:18:19.301+0000] {dagbag.py:541} INFO - Filling up the DagBag from /usr/local/python/3.10.13/lib/python3.10/site-packages/airflow/example_dags/example_branch_python_dop_operator_3.py
[2024-06-24T16:18:19.311+0000] {processor.py:836} INFO - DAG(s) dict_keys(['example_branch_dop_operator_v3']) retrieved from /usr/local/python/3.10.13/lib/python3.10/site-packages/airflow/example_dags/example_branch_python_dop_operator_3.py
[2024-06-24T16:18:19.331+0000] {logging_mixin.py:150} INFO - [2024-06-24T16:18:19.331+0000] {dag.py:2742} INFO - Sync 1 DAGs
[2024-06-24T16:18:19.365+0000] {logging_mixin.py:150} INFO - [2024-06-24T16:18:19.365+0000] {dag.py:3504} INFO - Setting next_dagrun for example_branch_dop_operator_v3 to 2024-06-24T16:17:00+00:00, run_after=2024-06-24T16:18:00+00:00
[2024-06-24T16:18:19.415+0000] {processor.py:179} INFO - Processing /usr/local/python/3.10.13/lib/python3.10/site-packages/airflow/example_dags/example_branch_python_dop_operator_3.py took 0.119 seconds
[2024-06-24T16:19:18.531+0000] {processor.py:157} INFO - Started process (PID=24305) to work on /usr/local/python/3.10.13/lib/python3.10/site-packages/airflow/example_dags/example_branch_python_dop_operator_3.py
[2024-06-24T16:19:18.532+0000] {processor.py:826} INFO - Processing file /usr/local/python/3.10.13/lib/python3.10/site-packages/airflow/example_dags/example_branch_python_dop_operator_3.py for tasks to queue
[2024-06-24T16:19:18.532+0000] {logging_mixin.py:150} INFO - [2024-06-24T16:19:18.532+0000] {dagbag.py:541} INFO - Filling up the DagBag from /usr/local/python/3.10.13/lib/python3.10/site-packages/airflow/example_dags/example_branch_python_dop_operator_3.py
[2024-06-24T16:19:18.539+0000] {processor.py:836} INFO - DAG(s) dict_keys(['example_branch_dop_operator_v3']) retrieved from /usr/local/python/3.10.13/lib/python3.10/site-packages/airflow/example_dags/example_branch_python_dop_operator_3.py
[2024-06-24T16:19:18.551+0000] {logging_mixin.py:150} INFO - [2024-06-24T16:19:18.551+0000] {dag.py:2742} INFO - Sync 1 DAGs
[2024-06-24T16:19:18.571+0000] {logging_mixin.py:150} INFO - [2024-06-24T16:19:18.570+0000] {dag.py:3504} INFO - Setting next_dagrun for example_branch_dop_operator_v3 to 2024-06-24T16:18:00+00:00, run_after=2024-06-24T16:19:00+00:00
[2024-06-24T16:19:18.628+0000] {processor.py:179} INFO - Processing /usr/local/python/3.10.13/lib/python3.10/site-packages/airflow/example_dags/example_branch_python_dop_operator_3.py took 0.098 seconds
[2024-06-24T16:20:06.728+0000] {processor.py:157} INFO - Started process (PID=24639) to work on /usr/local/python/3.10.13/lib/python3.10/site-packages/airflow/example_dags/example_branch_python_dop_operator_3.py
[2024-06-24T16:20:06.729+0000] {processor.py:826} INFO - Processing file /usr/local/python/3.10.13/lib/python3.10/site-packages/airflow/example_dags/example_branch_python_dop_operator_3.py for tasks to queue
[2024-06-24T16:20:06.729+0000] {logging_mixin.py:150} INFO - [2024-06-24T16:20:06.729+0000] {dagbag.py:541} INFO - Filling up the DagBag from /usr/local/python/3.10.13/lib/python3.10/site-packages/airflow/example_dags/example_branch_python_dop_operator_3.py
[2024-06-24T16:20:06.736+0000] {processor.py:836} INFO - DAG(s) dict_keys(['example_branch_dop_operator_v3']) retrieved from /usr/local/python/3.10.13/lib/python3.10/site-packages/airflow/example_dags/example_branch_python_dop_operator_3.py
[2024-06-24T16:20:06.748+0000] {logging_mixin.py:150} INFO - [2024-06-24T16:20:06.748+0000] {dag.py:2742} INFO - Sync 1 DAGs
[2024-06-24T16:20:06.768+0000] {logging_mixin.py:150} INFO - [2024-06-24T16:20:06.767+0000] {dag.py:3504} INFO - Setting next_dagrun for example_branch_dop_operator_v3 to 2024-06-24T16:19:00+00:00, run_after=2024-06-24T16:20:00+00:00
[2024-06-24T16:20:06.811+0000] {processor.py:179} INFO - Processing /usr/local/python/3.10.13/lib/python3.10/site-packages/airflow/example_dags/example_branch_python_dop_operator_3.py took 0.085 seconds
[2024-06-24T16:20:51.689+0000] {processor.py:157} INFO - Started process (PID=24941) to work on /usr/local/python/3.10.13/lib/python3.10/site-packages/airflow/example_dags/example_branch_python_dop_operator_3.py
[2024-06-24T16:20:51.690+0000] {processor.py:826} INFO - Processing file /usr/local/python/3.10.13/lib/python3.10/site-packages/airflow/example_dags/example_branch_python_dop_operator_3.py for tasks to queue
[2024-06-24T16:20:51.690+0000] {logging_mixin.py:150} INFO - [2024-06-24T16:20:51.690+0000] {dagbag.py:541} INFO - Filling up the DagBag from /usr/local/python/3.10.13/lib/python3.10/site-packages/airflow/example_dags/example_branch_python_dop_operator_3.py
[2024-06-24T16:20:51.697+0000] {processor.py:836} INFO - DAG(s) dict_keys(['example_branch_dop_operator_v3']) retrieved from /usr/local/python/3.10.13/lib/python3.10/site-packages/airflow/example_dags/example_branch_python_dop_operator_3.py
[2024-06-24T16:20:51.708+0000] {logging_mixin.py:150} INFO - [2024-06-24T16:20:51.708+0000] {dag.py:2742} INFO - Sync 1 DAGs
[2024-06-24T16:20:51.727+0000] {logging_mixin.py:150} INFO - [2024-06-24T16:20:51.727+0000] {dag.py:3504} INFO - Setting next_dagrun for example_branch_dop_operator_v3 to 2024-06-24T16:19:00+00:00, run_after=2024-06-24T16:20:00+00:00
[2024-06-24T16:20:51.772+0000] {processor.py:179} INFO - Processing /usr/local/python/3.10.13/lib/python3.10/site-packages/airflow/example_dags/example_branch_python_dop_operator_3.py took 0.085 seconds
[2024-06-24T16:21:39.047+0000] {processor.py:157} INFO - Started process (PID=25277) to work on /usr/local/python/3.10.13/lib/python3.10/site-packages/airflow/example_dags/example_branch_python_dop_operator_3.py
[2024-06-24T16:21:39.048+0000] {processor.py:826} INFO - Processing file /usr/local/python/3.10.13/lib/python3.10/site-packages/airflow/example_dags/example_branch_python_dop_operator_3.py for tasks to queue
[2024-06-24T16:21:39.048+0000] {logging_mixin.py:150} INFO - [2024-06-24T16:21:39.048+0000] {dagbag.py:541} INFO - Filling up the DagBag from /usr/local/python/3.10.13/lib/python3.10/site-packages/airflow/example_dags/example_branch_python_dop_operator_3.py
[2024-06-24T16:21:39.055+0000] {processor.py:836} INFO - DAG(s) dict_keys(['example_branch_dop_operator_v3']) retrieved from /usr/local/python/3.10.13/lib/python3.10/site-packages/airflow/example_dags/example_branch_python_dop_operator_3.py
[2024-06-24T16:21:39.067+0000] {logging_mixin.py:150} INFO - [2024-06-24T16:21:39.067+0000] {dag.py:2742} INFO - Sync 1 DAGs
[2024-06-24T16:21:39.087+0000] {logging_mixin.py:150} INFO - [2024-06-24T16:21:39.087+0000] {dag.py:3504} INFO - Setting next_dagrun for example_branch_dop_operator_v3 to 2024-06-24T16:20:00+00:00, run_after=2024-06-24T16:21:00+00:00
[2024-06-24T16:21:39.128+0000] {processor.py:179} INFO - Processing /usr/local/python/3.10.13/lib/python3.10/site-packages/airflow/example_dags/example_branch_python_dop_operator_3.py took 0.083 seconds
[2024-06-24T16:22:29.217+0000] {processor.py:157} INFO - Started process (PID=25629) to work on /usr/local/python/3.10.13/lib/python3.10/site-packages/airflow/example_dags/example_branch_python_dop_operator_3.py
[2024-06-24T16:22:29.217+0000] {processor.py:826} INFO - Processing file /usr/local/python/3.10.13/lib/python3.10/site-packages/airflow/example_dags/example_branch_python_dop_operator_3.py for tasks to queue
[2024-06-24T16:22:29.218+0000] {logging_mixin.py:150} INFO - [2024-06-24T16:22:29.218+0000] {dagbag.py:541} INFO - Filling up the DagBag from /usr/local/python/3.10.13/lib/python3.10/site-packages/airflow/example_dags/example_branch_python_dop_operator_3.py
[2024-06-24T16:22:29.224+0000] {processor.py:836} INFO - DAG(s) dict_keys(['example_branch_dop_operator_v3']) retrieved from /usr/local/python/3.10.13/lib/python3.10/site-packages/airflow/example_dags/example_branch_python_dop_operator_3.py
[2024-06-24T16:22:29.237+0000] {logging_mixin.py:150} INFO - [2024-06-24T16:22:29.237+0000] {dag.py:2742} INFO - Sync 1 DAGs
[2024-06-24T16:22:29.256+0000] {logging_mixin.py:150} INFO - [2024-06-24T16:22:29.255+0000] {dag.py:3504} INFO - Setting next_dagrun for example_branch_dop_operator_v3 to 2024-06-24T16:21:00+00:00, run_after=2024-06-24T16:22:00+00:00
[2024-06-24T16:22:29.295+0000] {processor.py:179} INFO - Processing /usr/local/python/3.10.13/lib/python3.10/site-packages/airflow/example_dags/example_branch_python_dop_operator_3.py took 0.081 seconds
[2024-06-24T16:23:15.296+0000] {processor.py:157} INFO - Started process (PID=25956) to work on /usr/local/python/3.10.13/lib/python3.10/site-packages/airflow/example_dags/example_branch_python_dop_operator_3.py
[2024-06-24T16:23:15.297+0000] {processor.py:826} INFO - Processing file /usr/local/python/3.10.13/lib/python3.10/site-packages/airflow/example_dags/example_branch_python_dop_operator_3.py for tasks to queue
[2024-06-24T16:23:15.298+0000] {logging_mixin.py:150} INFO - [2024-06-24T16:23:15.297+0000] {dagbag.py:541} INFO - Filling up the DagBag from /usr/local/python/3.10.13/lib/python3.10/site-packages/airflow/example_dags/example_branch_python_dop_operator_3.py
[2024-06-24T16:23:15.304+0000] {processor.py:836} INFO - DAG(s) dict_keys(['example_branch_dop_operator_v3']) retrieved from /usr/local/python/3.10.13/lib/python3.10/site-packages/airflow/example_dags/example_branch_python_dop_operator_3.py
[2024-06-24T16:23:15.316+0000] {logging_mixin.py:150} INFO - [2024-06-24T16:23:15.316+0000] {dag.py:2742} INFO - Sync 1 DAGs
[2024-06-24T16:23:15.335+0000] {logging_mixin.py:150} INFO - [2024-06-24T16:23:15.335+0000] {dag.py:3504} INFO - Setting next_dagrun for example_branch_dop_operator_v3 to 2024-06-24T16:22:00+00:00, run_after=2024-06-24T16:23:00+00:00
[2024-06-24T16:23:15.381+0000] {processor.py:179} INFO - Processing /usr/local/python/3.10.13/lib/python3.10/site-packages/airflow/example_dags/example_branch_python_dop_operator_3.py took 0.087 seconds
[2024-06-24T16:24:11.823+0000] {processor.py:157} INFO - Started process (PID=26339) to work on /usr/local/python/3.10.13/lib/python3.10/site-packages/airflow/example_dags/example_branch_python_dop_operator_3.py
[2024-06-24T16:24:11.824+0000] {processor.py:826} INFO - Processing file /usr/local/python/3.10.13/lib/python3.10/site-packages/airflow/example_dags/example_branch_python_dop_operator_3.py for tasks to queue
[2024-06-24T16:24:11.825+0000] {logging_mixin.py:150} INFO - [2024-06-24T16:24:11.825+0000] {dagbag.py:541} INFO - Filling up the DagBag from /usr/local/python/3.10.13/lib/python3.10/site-packages/airflow/example_dags/example_branch_python_dop_operator_3.py
[2024-06-24T16:24:11.831+0000] {processor.py:836} INFO - DAG(s) dict_keys(['example_branch_dop_operator_v3']) retrieved from /usr/local/python/3.10.13/lib/python3.10/site-packages/airflow/example_dags/example_branch_python_dop_operator_3.py
[2024-06-24T16:24:11.844+0000] {logging_mixin.py:150} INFO - [2024-06-24T16:24:11.844+0000] {dag.py:2742} INFO - Sync 1 DAGs
[2024-06-24T16:24:11.863+0000] {logging_mixin.py:150} INFO - [2024-06-24T16:24:11.863+0000] {dag.py:3504} INFO - Setting next_dagrun for example_branch_dop_operator_v3 to 2024-06-24T16:23:00+00:00, run_after=2024-06-24T16:24:00+00:00
[2024-06-24T16:24:11.902+0000] {processor.py:179} INFO - Processing /usr/local/python/3.10.13/lib/python3.10/site-packages/airflow/example_dags/example_branch_python_dop_operator_3.py took 0.081 seconds
[2024-06-24T16:24:59.347+0000] {processor.py:157} INFO - Started process (PID=26676) to work on /usr/local/python/3.10.13/lib/python3.10/site-packages/airflow/example_dags/example_branch_python_dop_operator_3.py
[2024-06-24T16:24:59.348+0000] {processor.py:826} INFO - Processing file /usr/local/python/3.10.13/lib/python3.10/site-packages/airflow/example_dags/example_branch_python_dop_operator_3.py for tasks to queue
[2024-06-24T16:24:59.348+0000] {logging_mixin.py:150} INFO - [2024-06-24T16:24:59.348+0000] {dagbag.py:541} INFO - Filling up the DagBag from /usr/local/python/3.10.13/lib/python3.10/site-packages/airflow/example_dags/example_branch_python_dop_operator_3.py
[2024-06-24T16:24:59.355+0000] {processor.py:836} INFO - DAG(s) dict_keys(['example_branch_dop_operator_v3']) retrieved from /usr/local/python/3.10.13/lib/python3.10/site-packages/airflow/example_dags/example_branch_python_dop_operator_3.py
[2024-06-24T16:24:59.368+0000] {logging_mixin.py:150} INFO - [2024-06-24T16:24:59.368+0000] {dag.py:2742} INFO - Sync 1 DAGs
[2024-06-24T16:24:59.389+0000] {logging_mixin.py:150} INFO - [2024-06-24T16:24:59.389+0000] {dag.py:3504} INFO - Setting next_dagrun for example_branch_dop_operator_v3 to 2024-06-24T16:23:00+00:00, run_after=2024-06-24T16:24:00+00:00
[2024-06-24T16:24:59.433+0000] {processor.py:179} INFO - Processing /usr/local/python/3.10.13/lib/python3.10/site-packages/airflow/example_dags/example_branch_python_dop_operator_3.py took 0.089 seconds
[2024-06-24T16:25:48.984+0000] {processor.py:157} INFO - Started process (PID=27022) to work on /usr/local/python/3.10.13/lib/python3.10/site-packages/airflow/example_dags/example_branch_python_dop_operator_3.py
[2024-06-24T16:25:48.985+0000] {processor.py:826} INFO - Processing file /usr/local/python/3.10.13/lib/python3.10/site-packages/airflow/example_dags/example_branch_python_dop_operator_3.py for tasks to queue
[2024-06-24T16:25:48.986+0000] {logging_mixin.py:150} INFO - [2024-06-24T16:25:48.985+0000] {dagbag.py:541} INFO - Filling up the DagBag from /usr/local/python/3.10.13/lib/python3.10/site-packages/airflow/example_dags/example_branch_python_dop_operator_3.py
[2024-06-24T16:25:48.993+0000] {processor.py:836} INFO - DAG(s) dict_keys(['example_branch_dop_operator_v3']) retrieved from /usr/local/python/3.10.13/lib/python3.10/site-packages/airflow/example_dags/example_branch_python_dop_operator_3.py
[2024-06-24T16:25:49.007+0000] {logging_mixin.py:150} INFO - [2024-06-24T16:25:49.006+0000] {dag.py:2742} INFO - Sync 1 DAGs
[2024-06-24T16:25:49.026+0000] {logging_mixin.py:150} INFO - [2024-06-24T16:25:49.026+0000] {dag.py:3504} INFO - Setting next_dagrun for example_branch_dop_operator_v3 to 2024-06-24T16:24:00+00:00, run_after=2024-06-24T16:25:00+00:00
[2024-06-24T16:25:49.068+0000] {processor.py:179} INFO - Processing /usr/local/python/3.10.13/lib/python3.10/site-packages/airflow/example_dags/example_branch_python_dop_operator_3.py took 0.086 seconds
[2024-06-24T16:26:34.694+0000] {processor.py:157} INFO - Started process (PID=27330) to work on /usr/local/python/3.10.13/lib/python3.10/site-packages/airflow/example_dags/example_branch_python_dop_operator_3.py
[2024-06-24T16:26:34.695+0000] {processor.py:826} INFO - Processing file /usr/local/python/3.10.13/lib/python3.10/site-packages/airflow/example_dags/example_branch_python_dop_operator_3.py for tasks to queue
[2024-06-24T16:26:34.695+0000] {logging_mixin.py:150} INFO - [2024-06-24T16:26:34.695+0000] {dagbag.py:541} INFO - Filling up the DagBag from /usr/local/python/3.10.13/lib/python3.10/site-packages/airflow/example_dags/example_branch_python_dop_operator_3.py
[2024-06-24T16:26:34.702+0000] {processor.py:836} INFO - DAG(s) dict_keys(['example_branch_dop_operator_v3']) retrieved from /usr/local/python/3.10.13/lib/python3.10/site-packages/airflow/example_dags/example_branch_python_dop_operator_3.py
[2024-06-24T16:26:34.714+0000] {logging_mixin.py:150} INFO - [2024-06-24T16:26:34.714+0000] {dag.py:2742} INFO - Sync 1 DAGs
[2024-06-24T16:26:34.733+0000] {logging_mixin.py:150} INFO - [2024-06-24T16:26:34.733+0000] {dag.py:3504} INFO - Setting next_dagrun for example_branch_dop_operator_v3 to 2024-06-24T16:25:00+00:00, run_after=2024-06-24T16:26:00+00:00
[2024-06-24T16:26:34.778+0000] {processor.py:179} INFO - Processing /usr/local/python/3.10.13/lib/python3.10/site-packages/airflow/example_dags/example_branch_python_dop_operator_3.py took 0.086 seconds
[2024-06-24T16:27:22.657+0000] {processor.py:157} INFO - Started process (PID=27671) to work on /usr/local/python/3.10.13/lib/python3.10/site-packages/airflow/example_dags/example_branch_python_dop_operator_3.py
[2024-06-24T16:27:22.658+0000] {processor.py:826} INFO - Processing file /usr/local/python/3.10.13/lib/python3.10/site-packages/airflow/example_dags/example_branch_python_dop_operator_3.py for tasks to queue
[2024-06-24T16:27:22.659+0000] {logging_mixin.py:150} INFO - [2024-06-24T16:27:22.658+0000] {dagbag.py:541} INFO - Filling up the DagBag from /usr/local/python/3.10.13/lib/python3.10/site-packages/airflow/example_dags/example_branch_python_dop_operator_3.py
[2024-06-24T16:27:22.665+0000] {processor.py:836} INFO - DAG(s) dict_keys(['example_branch_dop_operator_v3']) retrieved from /usr/local/python/3.10.13/lib/python3.10/site-packages/airflow/example_dags/example_branch_python_dop_operator_3.py
[2024-06-24T16:27:22.678+0000] {logging_mixin.py:150} INFO - [2024-06-24T16:27:22.677+0000] {dag.py:2742} INFO - Sync 1 DAGs
[2024-06-24T16:27:22.697+0000] {logging_mixin.py:150} INFO - [2024-06-24T16:27:22.696+0000] {dag.py:3504} INFO - Setting next_dagrun for example_branch_dop_operator_v3 to 2024-06-24T16:26:00+00:00, run_after=2024-06-24T16:27:00+00:00
[2024-06-24T16:27:22.738+0000] {processor.py:179} INFO - Processing /usr/local/python/3.10.13/lib/python3.10/site-packages/airflow/example_dags/example_branch_python_dop_operator_3.py took 0.083 seconds
[2024-06-24T16:28:21.092+0000] {processor.py:157} INFO - Started process (PID=28077) to work on /usr/local/python/3.10.13/lib/python3.10/site-packages/airflow/example_dags/example_branch_python_dop_operator_3.py
[2024-06-24T16:28:21.093+0000] {processor.py:826} INFO - Processing file /usr/local/python/3.10.13/lib/python3.10/site-packages/airflow/example_dags/example_branch_python_dop_operator_3.py for tasks to queue
[2024-06-24T16:28:21.094+0000] {logging_mixin.py:150} INFO - [2024-06-24T16:28:21.093+0000] {dagbag.py:541} INFO - Filling up the DagBag from /usr/local/python/3.10.13/lib/python3.10/site-packages/airflow/example_dags/example_branch_python_dop_operator_3.py
[2024-06-24T16:28:21.100+0000] {processor.py:836} INFO - DAG(s) dict_keys(['example_branch_dop_operator_v3']) retrieved from /usr/local/python/3.10.13/lib/python3.10/site-packages/airflow/example_dags/example_branch_python_dop_operator_3.py
[2024-06-24T16:28:21.113+0000] {logging_mixin.py:150} INFO - [2024-06-24T16:28:21.112+0000] {dag.py:2742} INFO - Sync 1 DAGs
[2024-06-24T16:28:21.132+0000] {logging_mixin.py:150} INFO - [2024-06-24T16:28:21.132+0000] {dag.py:3504} INFO - Setting next_dagrun for example_branch_dop_operator_v3 to 2024-06-24T16:27:00+00:00, run_after=2024-06-24T16:28:00+00:00
[2024-06-24T16:28:21.184+0000] {processor.py:179} INFO - Processing /usr/local/python/3.10.13/lib/python3.10/site-packages/airflow/example_dags/example_branch_python_dop_operator_3.py took 0.094 seconds
[2024-06-24T16:29:08.758+0000] {processor.py:157} INFO - Started process (PID=28402) to work on /usr/local/python/3.10.13/lib/python3.10/site-packages/airflow/example_dags/example_branch_python_dop_operator_3.py
[2024-06-24T16:29:08.759+0000] {processor.py:826} INFO - Processing file /usr/local/python/3.10.13/lib/python3.10/site-packages/airflow/example_dags/example_branch_python_dop_operator_3.py for tasks to queue
[2024-06-24T16:29:08.759+0000] {logging_mixin.py:150} INFO - [2024-06-24T16:29:08.759+0000] {dagbag.py:541} INFO - Filling up the DagBag from /usr/local/python/3.10.13/lib/python3.10/site-packages/airflow/example_dags/example_branch_python_dop_operator_3.py
[2024-06-24T16:29:08.766+0000] {processor.py:836} INFO - DAG(s) dict_keys(['example_branch_dop_operator_v3']) retrieved from /usr/local/python/3.10.13/lib/python3.10/site-packages/airflow/example_dags/example_branch_python_dop_operator_3.py
[2024-06-24T16:29:08.778+0000] {logging_mixin.py:150} INFO - [2024-06-24T16:29:08.778+0000] {dag.py:2742} INFO - Sync 1 DAGs
[2024-06-24T16:29:08.797+0000] {logging_mixin.py:150} INFO - [2024-06-24T16:29:08.797+0000] {dag.py:3504} INFO - Setting next_dagrun for example_branch_dop_operator_v3 to 2024-06-24T16:28:00+00:00, run_after=2024-06-24T16:29:00+00:00
[2024-06-24T16:29:08.838+0000] {processor.py:179} INFO - Processing /usr/local/python/3.10.13/lib/python3.10/site-packages/airflow/example_dags/example_branch_python_dop_operator_3.py took 0.082 seconds
[2024-06-24T16:29:55.943+0000] {processor.py:157} INFO - Started process (PID=28737) to work on /usr/local/python/3.10.13/lib/python3.10/site-packages/airflow/example_dags/example_branch_python_dop_operator_3.py
[2024-06-24T16:29:55.944+0000] {processor.py:826} INFO - Processing file /usr/local/python/3.10.13/lib/python3.10/site-packages/airflow/example_dags/example_branch_python_dop_operator_3.py for tasks to queue
[2024-06-24T16:29:55.945+0000] {logging_mixin.py:150} INFO - [2024-06-24T16:29:55.945+0000] {dagbag.py:541} INFO - Filling up the DagBag from /usr/local/python/3.10.13/lib/python3.10/site-packages/airflow/example_dags/example_branch_python_dop_operator_3.py
[2024-06-24T16:29:55.952+0000] {processor.py:836} INFO - DAG(s) dict_keys(['example_branch_dop_operator_v3']) retrieved from /usr/local/python/3.10.13/lib/python3.10/site-packages/airflow/example_dags/example_branch_python_dop_operator_3.py
[2024-06-24T16:29:55.966+0000] {logging_mixin.py:150} INFO - [2024-06-24T16:29:55.965+0000] {dag.py:2742} INFO - Sync 1 DAGs
[2024-06-24T16:29:55.985+0000] {logging_mixin.py:150} INFO - [2024-06-24T16:29:55.985+0000] {dag.py:3504} INFO - Setting next_dagrun for example_branch_dop_operator_v3 to 2024-06-24T16:28:00+00:00, run_after=2024-06-24T16:29:00+00:00
[2024-06-24T16:29:56.031+0000] {processor.py:179} INFO - Processing /usr/local/python/3.10.13/lib/python3.10/site-packages/airflow/example_dags/example_branch_python_dop_operator_3.py took 0.090 seconds
[2024-06-24T16:30:44.635+0000] {processor.py:157} INFO - Started process (PID=29082) to work on /usr/local/python/3.10.13/lib/python3.10/site-packages/airflow/example_dags/example_branch_python_dop_operator_3.py
[2024-06-24T16:30:44.636+0000] {processor.py:826} INFO - Processing file /usr/local/python/3.10.13/lib/python3.10/site-packages/airflow/example_dags/example_branch_python_dop_operator_3.py for tasks to queue
[2024-06-24T16:30:44.637+0000] {logging_mixin.py:150} INFO - [2024-06-24T16:30:44.637+0000] {dagbag.py:541} INFO - Filling up the DagBag from /usr/local/python/3.10.13/lib/python3.10/site-packages/airflow/example_dags/example_branch_python_dop_operator_3.py
[2024-06-24T16:30:44.643+0000] {processor.py:836} INFO - DAG(s) dict_keys(['example_branch_dop_operator_v3']) retrieved from /usr/local/python/3.10.13/lib/python3.10/site-packages/airflow/example_dags/example_branch_python_dop_operator_3.py
[2024-06-24T16:30:44.655+0000] {logging_mixin.py:150} INFO - [2024-06-24T16:30:44.655+0000] {dag.py:2742} INFO - Sync 1 DAGs
[2024-06-24T16:30:44.674+0000] {logging_mixin.py:150} INFO - [2024-06-24T16:30:44.674+0000] {dag.py:3504} INFO - Setting next_dagrun for example_branch_dop_operator_v3 to 2024-06-24T16:29:00+00:00, run_after=2024-06-24T16:30:00+00:00
[2024-06-24T16:30:44.713+0000] {processor.py:179} INFO - Processing /usr/local/python/3.10.13/lib/python3.10/site-packages/airflow/example_dags/example_branch_python_dop_operator_3.py took 0.080 seconds
[2024-06-24T17:08:30.008+0000] {processor.py:157} INFO - Started process (PID=9671) to work on /usr/local/python/3.10.13/lib/python3.10/site-packages/airflow/example_dags/example_branch_python_dop_operator_3.py
[2024-06-24T17:08:30.012+0000] {processor.py:826} INFO - Processing file /usr/local/python/3.10.13/lib/python3.10/site-packages/airflow/example_dags/example_branch_python_dop_operator_3.py for tasks to queue
[2024-06-24T17:08:30.012+0000] {logging_mixin.py:150} INFO - [2024-06-24T17:08:30.012+0000] {dagbag.py:541} INFO - Filling up the DagBag from /usr/local/python/3.10.13/lib/python3.10/site-packages/airflow/example_dags/example_branch_python_dop_operator_3.py
[2024-06-24T17:08:30.019+0000] {processor.py:836} INFO - DAG(s) dict_keys(['example_branch_dop_operator_v3']) retrieved from /usr/local/python/3.10.13/lib/python3.10/site-packages/airflow/example_dags/example_branch_python_dop_operator_3.py
[2024-06-24T17:08:30.032+0000] {logging_mixin.py:150} INFO - [2024-06-24T17:08:30.032+0000] {dag.py:2742} INFO - Sync 1 DAGs
[2024-06-24T17:08:30.052+0000] {logging_mixin.py:150} INFO - [2024-06-24T17:08:30.051+0000] {dag.py:3504} INFO - Setting next_dagrun for example_branch_dop_operator_v3 to 2024-06-24T17:07:00+00:00, run_after=2024-06-24T17:08:00+00:00
[2024-06-24T17:08:30.104+0000] {processor.py:179} INFO - Processing /usr/local/python/3.10.13/lib/python3.10/site-packages/airflow/example_dags/example_branch_python_dop_operator_3.py took 0.098 seconds
[2024-06-24T17:09:24.325+0000] {processor.py:157} INFO - Started process (PID=10066) to work on /usr/local/python/3.10.13/lib/python3.10/site-packages/airflow/example_dags/example_branch_python_dop_operator_3.py
[2024-06-24T17:09:24.325+0000] {processor.py:826} INFO - Processing file /usr/local/python/3.10.13/lib/python3.10/site-packages/airflow/example_dags/example_branch_python_dop_operator_3.py for tasks to queue
[2024-06-24T17:09:24.326+0000] {logging_mixin.py:150} INFO - [2024-06-24T17:09:24.326+0000] {dagbag.py:541} INFO - Filling up the DagBag from /usr/local/python/3.10.13/lib/python3.10/site-packages/airflow/example_dags/example_branch_python_dop_operator_3.py
[2024-06-24T17:09:24.333+0000] {processor.py:836} INFO - DAG(s) dict_keys(['example_branch_dop_operator_v3']) retrieved from /usr/local/python/3.10.13/lib/python3.10/site-packages/airflow/example_dags/example_branch_python_dop_operator_3.py
[2024-06-24T17:09:24.346+0000] {logging_mixin.py:150} INFO - [2024-06-24T17:09:24.346+0000] {dag.py:2742} INFO - Sync 1 DAGs
[2024-06-24T17:09:24.369+0000] {logging_mixin.py:150} INFO - [2024-06-24T17:09:24.369+0000] {dag.py:3504} INFO - Setting next_dagrun for example_branch_dop_operator_v3 to 2024-06-24T17:08:00+00:00, run_after=2024-06-24T17:09:00+00:00
[2024-06-24T17:09:24.413+0000] {processor.py:179} INFO - Processing /usr/local/python/3.10.13/lib/python3.10/site-packages/airflow/example_dags/example_branch_python_dop_operator_3.py took 0.090 seconds
[2024-06-24T17:10:19.229+0000] {processor.py:157} INFO - Started process (PID=10438) to work on /usr/local/python/3.10.13/lib/python3.10/site-packages/airflow/example_dags/example_branch_python_dop_operator_3.py
[2024-06-24T17:10:19.230+0000] {processor.py:826} INFO - Processing file /usr/local/python/3.10.13/lib/python3.10/site-packages/airflow/example_dags/example_branch_python_dop_operator_3.py for tasks to queue
[2024-06-24T17:10:19.231+0000] {logging_mixin.py:150} INFO - [2024-06-24T17:10:19.230+0000] {dagbag.py:541} INFO - Filling up the DagBag from /usr/local/python/3.10.13/lib/python3.10/site-packages/airflow/example_dags/example_branch_python_dop_operator_3.py
[2024-06-24T17:10:19.240+0000] {processor.py:836} INFO - DAG(s) dict_keys(['example_branch_dop_operator_v3']) retrieved from /usr/local/python/3.10.13/lib/python3.10/site-packages/airflow/example_dags/example_branch_python_dop_operator_3.py
[2024-06-24T17:10:19.252+0000] {logging_mixin.py:150} INFO - [2024-06-24T17:10:19.252+0000] {dag.py:2742} INFO - Sync 1 DAGs
[2024-06-24T17:10:19.271+0000] {logging_mixin.py:150} INFO - [2024-06-24T17:10:19.271+0000] {dag.py:3504} INFO - Setting next_dagrun for example_branch_dop_operator_v3 to 2024-06-24T17:09:00+00:00, run_after=2024-06-24T17:10:00+00:00
[2024-06-24T17:10:19.309+0000] {processor.py:179} INFO - Processing /usr/local/python/3.10.13/lib/python3.10/site-packages/airflow/example_dags/example_branch_python_dop_operator_3.py took 0.083 seconds
[2024-06-24T17:11:14.565+0000] {processor.py:157} INFO - Started process (PID=10858) to work on /usr/local/python/3.10.13/lib/python3.10/site-packages/airflow/example_dags/example_branch_python_dop_operator_3.py
[2024-06-24T17:11:14.566+0000] {processor.py:826} INFO - Processing file /usr/local/python/3.10.13/lib/python3.10/site-packages/airflow/example_dags/example_branch_python_dop_operator_3.py for tasks to queue
[2024-06-24T17:11:14.567+0000] {logging_mixin.py:150} INFO - [2024-06-24T17:11:14.567+0000] {dagbag.py:541} INFO - Filling up the DagBag from /usr/local/python/3.10.13/lib/python3.10/site-packages/airflow/example_dags/example_branch_python_dop_operator_3.py
[2024-06-24T17:11:14.576+0000] {processor.py:836} INFO - DAG(s) dict_keys(['example_branch_dop_operator_v3']) retrieved from /usr/local/python/3.10.13/lib/python3.10/site-packages/airflow/example_dags/example_branch_python_dop_operator_3.py
[2024-06-24T17:11:14.594+0000] {logging_mixin.py:150} INFO - [2024-06-24T17:11:14.594+0000] {dag.py:2742} INFO - Sync 1 DAGs
[2024-06-24T17:11:14.614+0000] {logging_mixin.py:150} INFO - [2024-06-24T17:11:14.614+0000] {dag.py:3504} INFO - Setting next_dagrun for example_branch_dop_operator_v3 to 2024-06-24T17:10:00+00:00, run_after=2024-06-24T17:11:00+00:00
[2024-06-24T17:11:14.656+0000] {processor.py:179} INFO - Processing /usr/local/python/3.10.13/lib/python3.10/site-packages/airflow/example_dags/example_branch_python_dop_operator_3.py took 0.093 seconds
[2024-06-24T17:12:11.276+0000] {processor.py:157} INFO - Started process (PID=11288) to work on /usr/local/python/3.10.13/lib/python3.10/site-packages/airflow/example_dags/example_branch_python_dop_operator_3.py
[2024-06-24T17:12:11.277+0000] {processor.py:826} INFO - Processing file /usr/local/python/3.10.13/lib/python3.10/site-packages/airflow/example_dags/example_branch_python_dop_operator_3.py for tasks to queue
[2024-06-24T17:12:11.277+0000] {logging_mixin.py:150} INFO - [2024-06-24T17:12:11.277+0000] {dagbag.py:541} INFO - Filling up the DagBag from /usr/local/python/3.10.13/lib/python3.10/site-packages/airflow/example_dags/example_branch_python_dop_operator_3.py
[2024-06-24T17:12:11.284+0000] {processor.py:836} INFO - DAG(s) dict_keys(['example_branch_dop_operator_v3']) retrieved from /usr/local/python/3.10.13/lib/python3.10/site-packages/airflow/example_dags/example_branch_python_dop_operator_3.py
[2024-06-24T17:12:11.296+0000] {logging_mixin.py:150} INFO - [2024-06-24T17:12:11.296+0000] {dag.py:2742} INFO - Sync 1 DAGs
[2024-06-24T17:12:11.321+0000] {logging_mixin.py:150} INFO - [2024-06-24T17:12:11.321+0000] {dag.py:3504} INFO - Setting next_dagrun for example_branch_dop_operator_v3 to 2024-06-24T17:11:00+00:00, run_after=2024-06-24T17:12:00+00:00
[2024-06-24T17:12:11.360+0000] {processor.py:179} INFO - Processing /usr/local/python/3.10.13/lib/python3.10/site-packages/airflow/example_dags/example_branch_python_dop_operator_3.py took 0.086 seconds
[2024-06-24T17:13:05.289+0000] {processor.py:157} INFO - Started process (PID=11707) to work on /usr/local/python/3.10.13/lib/python3.10/site-packages/airflow/example_dags/example_branch_python_dop_operator_3.py
[2024-06-24T17:13:05.290+0000] {processor.py:826} INFO - Processing file /usr/local/python/3.10.13/lib/python3.10/site-packages/airflow/example_dags/example_branch_python_dop_operator_3.py for tasks to queue
[2024-06-24T17:13:05.291+0000] {logging_mixin.py:150} INFO - [2024-06-24T17:13:05.290+0000] {dagbag.py:541} INFO - Filling up the DagBag from /usr/local/python/3.10.13/lib/python3.10/site-packages/airflow/example_dags/example_branch_python_dop_operator_3.py
[2024-06-24T17:13:05.299+0000] {processor.py:836} INFO - DAG(s) dict_keys(['example_branch_dop_operator_v3']) retrieved from /usr/local/python/3.10.13/lib/python3.10/site-packages/airflow/example_dags/example_branch_python_dop_operator_3.py
[2024-06-24T17:13:05.315+0000] {logging_mixin.py:150} INFO - [2024-06-24T17:13:05.314+0000] {dag.py:2742} INFO - Sync 1 DAGs
[2024-06-24T17:13:05.335+0000] {logging_mixin.py:150} INFO - [2024-06-24T17:13:05.335+0000] {dag.py:3504} INFO - Setting next_dagrun for example_branch_dop_operator_v3 to 2024-06-24T17:12:00+00:00, run_after=2024-06-24T17:13:00+00:00
[2024-06-24T17:13:05.375+0000] {processor.py:179} INFO - Processing /usr/local/python/3.10.13/lib/python3.10/site-packages/airflow/example_dags/example_branch_python_dop_operator_3.py took 0.089 seconds
[2024-06-24T17:13:50.382+0000] {processor.py:157} INFO - Started process (PID=12064) to work on /usr/local/python/3.10.13/lib/python3.10/site-packages/airflow/example_dags/example_branch_python_dop_operator_3.py
[2024-06-24T17:13:50.383+0000] {processor.py:826} INFO - Processing file /usr/local/python/3.10.13/lib/python3.10/site-packages/airflow/example_dags/example_branch_python_dop_operator_3.py for tasks to queue
[2024-06-24T17:13:50.384+0000] {logging_mixin.py:150} INFO - [2024-06-24T17:13:50.384+0000] {dagbag.py:541} INFO - Filling up the DagBag from /usr/local/python/3.10.13/lib/python3.10/site-packages/airflow/example_dags/example_branch_python_dop_operator_3.py
[2024-06-24T17:13:50.391+0000] {processor.py:836} INFO - DAG(s) dict_keys(['example_branch_dop_operator_v3']) retrieved from /usr/local/python/3.10.13/lib/python3.10/site-packages/airflow/example_dags/example_branch_python_dop_operator_3.py
[2024-06-24T17:13:50.409+0000] {logging_mixin.py:150} INFO - [2024-06-24T17:13:50.409+0000] {dag.py:2742} INFO - Sync 1 DAGs
[2024-06-24T17:13:50.439+0000] {logging_mixin.py:150} INFO - [2024-06-24T17:13:50.438+0000] {dag.py:3504} INFO - Setting next_dagrun for example_branch_dop_operator_v3 to 2024-06-24T17:12:00+00:00, run_after=2024-06-24T17:13:00+00:00
[2024-06-24T17:13:50.486+0000] {processor.py:179} INFO - Processing /usr/local/python/3.10.13/lib/python3.10/site-packages/airflow/example_dags/example_branch_python_dop_operator_3.py took 0.106 seconds
[2024-06-24T17:14:51.380+0000] {processor.py:157} INFO - Started process (PID=12541) to work on /usr/local/python/3.10.13/lib/python3.10/site-packages/airflow/example_dags/example_branch_python_dop_operator_3.py
[2024-06-24T17:14:51.381+0000] {processor.py:826} INFO - Processing file /usr/local/python/3.10.13/lib/python3.10/site-packages/airflow/example_dags/example_branch_python_dop_operator_3.py for tasks to queue
[2024-06-24T17:14:51.382+0000] {logging_mixin.py:150} INFO - [2024-06-24T17:14:51.381+0000] {dagbag.py:541} INFO - Filling up the DagBag from /usr/local/python/3.10.13/lib/python3.10/site-packages/airflow/example_dags/example_branch_python_dop_operator_3.py
[2024-06-24T17:14:51.388+0000] {processor.py:836} INFO - DAG(s) dict_keys(['example_branch_dop_operator_v3']) retrieved from /usr/local/python/3.10.13/lib/python3.10/site-packages/airflow/example_dags/example_branch_python_dop_operator_3.py
[2024-06-24T17:14:51.400+0000] {logging_mixin.py:150} INFO - [2024-06-24T17:14:51.400+0000] {dag.py:2742} INFO - Sync 1 DAGs
[2024-06-24T17:14:51.420+0000] {logging_mixin.py:150} INFO - [2024-06-24T17:14:51.420+0000] {dag.py:3504} INFO - Setting next_dagrun for example_branch_dop_operator_v3 to 2024-06-24T17:13:00+00:00, run_after=2024-06-24T17:14:00+00:00
[2024-06-24T17:14:51.470+0000] {processor.py:179} INFO - Processing /usr/local/python/3.10.13/lib/python3.10/site-packages/airflow/example_dags/example_branch_python_dop_operator_3.py took 0.092 seconds
[2024-06-24T17:15:40.686+0000] {processor.py:157} INFO - Started process (PID=12905) to work on /usr/local/python/3.10.13/lib/python3.10/site-packages/airflow/example_dags/example_branch_python_dop_operator_3.py
[2024-06-24T17:15:40.687+0000] {processor.py:826} INFO - Processing file /usr/local/python/3.10.13/lib/python3.10/site-packages/airflow/example_dags/example_branch_python_dop_operator_3.py for tasks to queue
[2024-06-24T17:15:40.687+0000] {logging_mixin.py:150} INFO - [2024-06-24T17:15:40.687+0000] {dagbag.py:541} INFO - Filling up the DagBag from /usr/local/python/3.10.13/lib/python3.10/site-packages/airflow/example_dags/example_branch_python_dop_operator_3.py
[2024-06-24T17:15:40.694+0000] {processor.py:836} INFO - DAG(s) dict_keys(['example_branch_dop_operator_v3']) retrieved from /usr/local/python/3.10.13/lib/python3.10/site-packages/airflow/example_dags/example_branch_python_dop_operator_3.py
[2024-06-24T17:15:40.706+0000] {logging_mixin.py:150} INFO - [2024-06-24T17:15:40.706+0000] {dag.py:2742} INFO - Sync 1 DAGs
[2024-06-24T17:15:40.726+0000] {logging_mixin.py:150} INFO - [2024-06-24T17:15:40.726+0000] {dag.py:3504} INFO - Setting next_dagrun for example_branch_dop_operator_v3 to 2024-06-24T17:14:00+00:00, run_after=2024-06-24T17:15:00+00:00
[2024-06-24T17:15:40.765+0000] {processor.py:179} INFO - Processing /usr/local/python/3.10.13/lib/python3.10/site-packages/airflow/example_dags/example_branch_python_dop_operator_3.py took 0.081 seconds
[2024-06-24T17:16:29.838+0000] {processor.py:157} INFO - Started process (PID=13266) to work on /usr/local/python/3.10.13/lib/python3.10/site-packages/airflow/example_dags/example_branch_python_dop_operator_3.py
[2024-06-24T17:16:29.838+0000] {processor.py:826} INFO - Processing file /usr/local/python/3.10.13/lib/python3.10/site-packages/airflow/example_dags/example_branch_python_dop_operator_3.py for tasks to queue
[2024-06-24T17:16:29.839+0000] {logging_mixin.py:150} INFO - [2024-06-24T17:16:29.839+0000] {dagbag.py:541} INFO - Filling up the DagBag from /usr/local/python/3.10.13/lib/python3.10/site-packages/airflow/example_dags/example_branch_python_dop_operator_3.py
[2024-06-24T17:16:29.846+0000] {processor.py:836} INFO - DAG(s) dict_keys(['example_branch_dop_operator_v3']) retrieved from /usr/local/python/3.10.13/lib/python3.10/site-packages/airflow/example_dags/example_branch_python_dop_operator_3.py
[2024-06-24T17:16:29.858+0000] {logging_mixin.py:150} INFO - [2024-06-24T17:16:29.858+0000] {dag.py:2742} INFO - Sync 1 DAGs
[2024-06-24T17:16:29.878+0000] {logging_mixin.py:150} INFO - [2024-06-24T17:16:29.878+0000] {dag.py:3504} INFO - Setting next_dagrun for example_branch_dop_operator_v3 to 2024-06-24T17:15:00+00:00, run_after=2024-06-24T17:16:00+00:00
[2024-06-24T17:16:29.917+0000] {processor.py:179} INFO - Processing /usr/local/python/3.10.13/lib/python3.10/site-packages/airflow/example_dags/example_branch_python_dop_operator_3.py took 0.082 seconds
[2024-06-24T17:17:20.678+0000] {processor.py:157} INFO - Started process (PID=13649) to work on /usr/local/python/3.10.13/lib/python3.10/site-packages/airflow/example_dags/example_branch_python_dop_operator_3.py
[2024-06-24T17:17:20.679+0000] {processor.py:826} INFO - Processing file /usr/local/python/3.10.13/lib/python3.10/site-packages/airflow/example_dags/example_branch_python_dop_operator_3.py for tasks to queue
[2024-06-24T17:17:20.679+0000] {logging_mixin.py:150} INFO - [2024-06-24T17:17:20.679+0000] {dagbag.py:541} INFO - Filling up the DagBag from /usr/local/python/3.10.13/lib/python3.10/site-packages/airflow/example_dags/example_branch_python_dop_operator_3.py
[2024-06-24T17:17:20.686+0000] {processor.py:836} INFO - DAG(s) dict_keys(['example_branch_dop_operator_v3']) retrieved from /usr/local/python/3.10.13/lib/python3.10/site-packages/airflow/example_dags/example_branch_python_dop_operator_3.py
[2024-06-24T17:17:20.793+0000] {logging_mixin.py:150} INFO - [2024-06-24T17:17:20.793+0000] {dag.py:2742} INFO - Sync 1 DAGs
[2024-06-24T17:17:20.902+0000] {logging_mixin.py:150} INFO - [2024-06-24T17:17:20.902+0000] {dag.py:3504} INFO - Setting next_dagrun for example_branch_dop_operator_v3 to 2024-06-24T17:16:00+00:00, run_after=2024-06-24T17:17:00+00:00
[2024-06-24T17:17:21.064+0000] {processor.py:179} INFO - Processing /usr/local/python/3.10.13/lib/python3.10/site-packages/airflow/example_dags/example_branch_python_dop_operator_3.py took 0.389 seconds
[2024-06-24T17:18:24.646+0000] {processor.py:157} INFO - Started process (PID=14101) to work on /usr/local/python/3.10.13/lib/python3.10/site-packages/airflow/example_dags/example_branch_python_dop_operator_3.py
[2024-06-24T17:18:24.647+0000] {processor.py:826} INFO - Processing file /usr/local/python/3.10.13/lib/python3.10/site-packages/airflow/example_dags/example_branch_python_dop_operator_3.py for tasks to queue
[2024-06-24T17:18:24.648+0000] {logging_mixin.py:150} INFO - [2024-06-24T17:18:24.648+0000] {dagbag.py:541} INFO - Filling up the DagBag from /usr/local/python/3.10.13/lib/python3.10/site-packages/airflow/example_dags/example_branch_python_dop_operator_3.py
[2024-06-24T17:18:24.655+0000] {processor.py:836} INFO - DAG(s) dict_keys(['example_branch_dop_operator_v3']) retrieved from /usr/local/python/3.10.13/lib/python3.10/site-packages/airflow/example_dags/example_branch_python_dop_operator_3.py
[2024-06-24T17:18:24.669+0000] {logging_mixin.py:150} INFO - [2024-06-24T17:18:24.668+0000] {dag.py:2742} INFO - Sync 1 DAGs
[2024-06-24T17:18:24.688+0000] {logging_mixin.py:150} INFO - [2024-06-24T17:18:24.687+0000] {dag.py:3504} INFO - Setting next_dagrun for example_branch_dop_operator_v3 to 2024-06-24T17:17:00+00:00, run_after=2024-06-24T17:18:00+00:00
[2024-06-24T17:18:24.727+0000] {processor.py:179} INFO - Processing /usr/local/python/3.10.13/lib/python3.10/site-packages/airflow/example_dags/example_branch_python_dop_operator_3.py took 0.083 seconds
[2024-06-24T17:19:25.390+0000] {processor.py:157} INFO - Started process (PID=14575) to work on /usr/local/python/3.10.13/lib/python3.10/site-packages/airflow/example_dags/example_branch_python_dop_operator_3.py
[2024-06-24T17:19:25.391+0000] {processor.py:826} INFO - Processing file /usr/local/python/3.10.13/lib/python3.10/site-packages/airflow/example_dags/example_branch_python_dop_operator_3.py for tasks to queue
[2024-06-24T17:19:25.392+0000] {logging_mixin.py:150} INFO - [2024-06-24T17:19:25.391+0000] {dagbag.py:541} INFO - Filling up the DagBag from /usr/local/python/3.10.13/lib/python3.10/site-packages/airflow/example_dags/example_branch_python_dop_operator_3.py
[2024-06-24T17:19:25.401+0000] {processor.py:836} INFO - DAG(s) dict_keys(['example_branch_dop_operator_v3']) retrieved from /usr/local/python/3.10.13/lib/python3.10/site-packages/airflow/example_dags/example_branch_python_dop_operator_3.py
[2024-06-24T17:19:25.414+0000] {logging_mixin.py:150} INFO - [2024-06-24T17:19:25.414+0000] {dag.py:2742} INFO - Sync 1 DAGs
[2024-06-24T17:19:25.437+0000] {logging_mixin.py:150} INFO - [2024-06-24T17:19:25.437+0000] {dag.py:3504} INFO - Setting next_dagrun for example_branch_dop_operator_v3 to 2024-06-24T17:18:00+00:00, run_after=2024-06-24T17:19:00+00:00
[2024-06-24T17:19:25.476+0000] {processor.py:179} INFO - Processing /usr/local/python/3.10.13/lib/python3.10/site-packages/airflow/example_dags/example_branch_python_dop_operator_3.py took 0.088 seconds
[2024-06-24T17:20:24.266+0000] {processor.py:157} INFO - Started process (PID=14985) to work on /usr/local/python/3.10.13/lib/python3.10/site-packages/airflow/example_dags/example_branch_python_dop_operator_3.py
[2024-06-24T17:20:24.267+0000] {processor.py:826} INFO - Processing file /usr/local/python/3.10.13/lib/python3.10/site-packages/airflow/example_dags/example_branch_python_dop_operator_3.py for tasks to queue
[2024-06-24T17:20:24.267+0000] {logging_mixin.py:150} INFO - [2024-06-24T17:20:24.267+0000] {dagbag.py:541} INFO - Filling up the DagBag from /usr/local/python/3.10.13/lib/python3.10/site-packages/airflow/example_dags/example_branch_python_dop_operator_3.py
[2024-06-24T17:20:24.273+0000] {processor.py:836} INFO - DAG(s) dict_keys(['example_branch_dop_operator_v3']) retrieved from /usr/local/python/3.10.13/lib/python3.10/site-packages/airflow/example_dags/example_branch_python_dop_operator_3.py
[2024-06-24T17:20:24.285+0000] {logging_mixin.py:150} INFO - [2024-06-24T17:20:24.285+0000] {dag.py:2742} INFO - Sync 1 DAGs
[2024-06-24T17:20:24.304+0000] {logging_mixin.py:150} INFO - [2024-06-24T17:20:24.304+0000] {dag.py:3504} INFO - Setting next_dagrun for example_branch_dop_operator_v3 to 2024-06-24T17:19:00+00:00, run_after=2024-06-24T17:20:00+00:00
[2024-06-24T17:20:24.344+0000] {processor.py:179} INFO - Processing /usr/local/python/3.10.13/lib/python3.10/site-packages/airflow/example_dags/example_branch_python_dop_operator_3.py took 0.080 seconds
[2024-06-24T17:21:21.813+0000] {processor.py:157} INFO - Started process (PID=15386) to work on /usr/local/python/3.10.13/lib/python3.10/site-packages/airflow/example_dags/example_branch_python_dop_operator_3.py
[2024-06-24T17:21:21.814+0000] {processor.py:826} INFO - Processing file /usr/local/python/3.10.13/lib/python3.10/site-packages/airflow/example_dags/example_branch_python_dop_operator_3.py for tasks to queue
[2024-06-24T17:21:21.815+0000] {logging_mixin.py:150} INFO - [2024-06-24T17:21:21.814+0000] {dagbag.py:541} INFO - Filling up the DagBag from /usr/local/python/3.10.13/lib/python3.10/site-packages/airflow/example_dags/example_branch_python_dop_operator_3.py
[2024-06-24T17:21:21.822+0000] {processor.py:836} INFO - DAG(s) dict_keys(['example_branch_dop_operator_v3']) retrieved from /usr/local/python/3.10.13/lib/python3.10/site-packages/airflow/example_dags/example_branch_python_dop_operator_3.py
[2024-06-24T17:21:21.834+0000] {logging_mixin.py:150} INFO - [2024-06-24T17:21:21.834+0000] {dag.py:2742} INFO - Sync 1 DAGs
[2024-06-24T17:21:21.853+0000] {logging_mixin.py:150} INFO - [2024-06-24T17:21:21.853+0000] {dag.py:3504} INFO - Setting next_dagrun for example_branch_dop_operator_v3 to 2024-06-24T17:20:00+00:00, run_after=2024-06-24T17:21:00+00:00
[2024-06-24T17:21:21.892+0000] {processor.py:179} INFO - Processing /usr/local/python/3.10.13/lib/python3.10/site-packages/airflow/example_dags/example_branch_python_dop_operator_3.py took 0.081 seconds
[2024-06-24T17:22:13.543+0000] {processor.py:157} INFO - Started process (PID=15750) to work on /usr/local/python/3.10.13/lib/python3.10/site-packages/airflow/example_dags/example_branch_python_dop_operator_3.py
[2024-06-24T17:22:13.543+0000] {processor.py:826} INFO - Processing file /usr/local/python/3.10.13/lib/python3.10/site-packages/airflow/example_dags/example_branch_python_dop_operator_3.py for tasks to queue
[2024-06-24T17:22:13.544+0000] {logging_mixin.py:150} INFO - [2024-06-24T17:22:13.544+0000] {dagbag.py:541} INFO - Filling up the DagBag from /usr/local/python/3.10.13/lib/python3.10/site-packages/airflow/example_dags/example_branch_python_dop_operator_3.py
[2024-06-24T17:22:13.550+0000] {processor.py:836} INFO - DAG(s) dict_keys(['example_branch_dop_operator_v3']) retrieved from /usr/local/python/3.10.13/lib/python3.10/site-packages/airflow/example_dags/example_branch_python_dop_operator_3.py
[2024-06-24T17:22:13.562+0000] {logging_mixin.py:150} INFO - [2024-06-24T17:22:13.562+0000] {dag.py:2742} INFO - Sync 1 DAGs
[2024-06-24T17:22:13.581+0000] {logging_mixin.py:150} INFO - [2024-06-24T17:22:13.581+0000] {dag.py:3504} INFO - Setting next_dagrun for example_branch_dop_operator_v3 to 2024-06-24T17:21:00+00:00, run_after=2024-06-24T17:22:00+00:00
[2024-06-24T17:22:13.619+0000] {processor.py:179} INFO - Processing /usr/local/python/3.10.13/lib/python3.10/site-packages/airflow/example_dags/example_branch_python_dop_operator_3.py took 0.078 seconds
[2024-06-24T17:23:03.575+0000] {processor.py:157} INFO - Started process (PID=16101) to work on /usr/local/python/3.10.13/lib/python3.10/site-packages/airflow/example_dags/example_branch_python_dop_operator_3.py
[2024-06-24T17:23:03.576+0000] {processor.py:826} INFO - Processing file /usr/local/python/3.10.13/lib/python3.10/site-packages/airflow/example_dags/example_branch_python_dop_operator_3.py for tasks to queue
[2024-06-24T17:23:03.577+0000] {logging_mixin.py:150} INFO - [2024-06-24T17:23:03.577+0000] {dagbag.py:541} INFO - Filling up the DagBag from /usr/local/python/3.10.13/lib/python3.10/site-packages/airflow/example_dags/example_branch_python_dop_operator_3.py
[2024-06-24T17:23:03.584+0000] {processor.py:836} INFO - DAG(s) dict_keys(['example_branch_dop_operator_v3']) retrieved from /usr/local/python/3.10.13/lib/python3.10/site-packages/airflow/example_dags/example_branch_python_dop_operator_3.py
[2024-06-24T17:23:03.597+0000] {logging_mixin.py:150} INFO - [2024-06-24T17:23:03.597+0000] {dag.py:2742} INFO - Sync 1 DAGs
[2024-06-24T17:23:03.617+0000] {logging_mixin.py:150} INFO - [2024-06-24T17:23:03.617+0000] {dag.py:3504} INFO - Setting next_dagrun for example_branch_dop_operator_v3 to 2024-06-24T17:22:00+00:00, run_after=2024-06-24T17:23:00+00:00
[2024-06-24T17:23:03.661+0000] {processor.py:179} INFO - Processing /usr/local/python/3.10.13/lib/python3.10/site-packages/airflow/example_dags/example_branch_python_dop_operator_3.py took 0.088 seconds
[2024-06-24T17:23:56.513+0000] {processor.py:157} INFO - Started process (PID=16462) to work on /usr/local/python/3.10.13/lib/python3.10/site-packages/airflow/example_dags/example_branch_python_dop_operator_3.py
[2024-06-24T17:23:56.514+0000] {processor.py:826} INFO - Processing file /usr/local/python/3.10.13/lib/python3.10/site-packages/airflow/example_dags/example_branch_python_dop_operator_3.py for tasks to queue
[2024-06-24T17:23:56.515+0000] {logging_mixin.py:150} INFO - [2024-06-24T17:23:56.515+0000] {dagbag.py:541} INFO - Filling up the DagBag from /usr/local/python/3.10.13/lib/python3.10/site-packages/airflow/example_dags/example_branch_python_dop_operator_3.py
[2024-06-24T17:23:56.521+0000] {processor.py:836} INFO - DAG(s) dict_keys(['example_branch_dop_operator_v3']) retrieved from /usr/local/python/3.10.13/lib/python3.10/site-packages/airflow/example_dags/example_branch_python_dop_operator_3.py
[2024-06-24T17:23:56.533+0000] {logging_mixin.py:150} INFO - [2024-06-24T17:23:56.533+0000] {dag.py:2742} INFO - Sync 1 DAGs
[2024-06-24T17:23:56.552+0000] {logging_mixin.py:150} INFO - [2024-06-24T17:23:56.552+0000] {dag.py:3504} INFO - Setting next_dagrun for example_branch_dop_operator_v3 to 2024-06-24T17:22:00+00:00, run_after=2024-06-24T17:23:00+00:00
[2024-06-24T17:23:56.590+0000] {processor.py:179} INFO - Processing /usr/local/python/3.10.13/lib/python3.10/site-packages/airflow/example_dags/example_branch_python_dop_operator_3.py took 0.079 seconds
[2024-06-24T17:24:49.859+0000] {processor.py:157} INFO - Started process (PID=16853) to work on /usr/local/python/3.10.13/lib/python3.10/site-packages/airflow/example_dags/example_branch_python_dop_operator_3.py
[2024-06-24T17:24:49.860+0000] {processor.py:826} INFO - Processing file /usr/local/python/3.10.13/lib/python3.10/site-packages/airflow/example_dags/example_branch_python_dop_operator_3.py for tasks to queue
[2024-06-24T17:24:49.861+0000] {logging_mixin.py:150} INFO - [2024-06-24T17:24:49.860+0000] {dagbag.py:541} INFO - Filling up the DagBag from /usr/local/python/3.10.13/lib/python3.10/site-packages/airflow/example_dags/example_branch_python_dop_operator_3.py
[2024-06-24T17:24:49.867+0000] {processor.py:836} INFO - DAG(s) dict_keys(['example_branch_dop_operator_v3']) retrieved from /usr/local/python/3.10.13/lib/python3.10/site-packages/airflow/example_dags/example_branch_python_dop_operator_3.py
[2024-06-24T17:24:49.882+0000] {logging_mixin.py:150} INFO - [2024-06-24T17:24:49.882+0000] {dag.py:2742} INFO - Sync 1 DAGs
[2024-06-24T17:24:49.904+0000] {logging_mixin.py:150} INFO - [2024-06-24T17:24:49.904+0000] {dag.py:3504} INFO - Setting next_dagrun for example_branch_dop_operator_v3 to 2024-06-24T17:23:00+00:00, run_after=2024-06-24T17:24:00+00:00
[2024-06-24T17:24:49.943+0000] {processor.py:179} INFO - Processing /usr/local/python/3.10.13/lib/python3.10/site-packages/airflow/example_dags/example_branch_python_dop_operator_3.py took 0.087 seconds
[2024-06-24T17:25:42.498+0000] {processor.py:157} INFO - Started process (PID=17216) to work on /usr/local/python/3.10.13/lib/python3.10/site-packages/airflow/example_dags/example_branch_python_dop_operator_3.py
[2024-06-24T17:25:42.499+0000] {processor.py:826} INFO - Processing file /usr/local/python/3.10.13/lib/python3.10/site-packages/airflow/example_dags/example_branch_python_dop_operator_3.py for tasks to queue
[2024-06-24T17:25:42.500+0000] {logging_mixin.py:150} INFO - [2024-06-24T17:25:42.499+0000] {dagbag.py:541} INFO - Filling up the DagBag from /usr/local/python/3.10.13/lib/python3.10/site-packages/airflow/example_dags/example_branch_python_dop_operator_3.py
[2024-06-24T17:25:42.509+0000] {processor.py:836} INFO - DAG(s) dict_keys(['example_branch_dop_operator_v3']) retrieved from /usr/local/python/3.10.13/lib/python3.10/site-packages/airflow/example_dags/example_branch_python_dop_operator_3.py
[2024-06-24T17:25:42.521+0000] {logging_mixin.py:150} INFO - [2024-06-24T17:25:42.521+0000] {dag.py:2742} INFO - Sync 1 DAGs
[2024-06-24T17:25:42.540+0000] {logging_mixin.py:150} INFO - [2024-06-24T17:25:42.540+0000] {dag.py:3504} INFO - Setting next_dagrun for example_branch_dop_operator_v3 to 2024-06-24T17:24:00+00:00, run_after=2024-06-24T17:25:00+00:00
[2024-06-24T17:25:42.584+0000] {processor.py:179} INFO - Processing /usr/local/python/3.10.13/lib/python3.10/site-packages/airflow/example_dags/example_branch_python_dop_operator_3.py took 0.090 seconds
[2024-06-24T17:26:32.387+0000] {processor.py:157} INFO - Started process (PID=17570) to work on /usr/local/python/3.10.13/lib/python3.10/site-packages/airflow/example_dags/example_branch_python_dop_operator_3.py
[2024-06-24T17:26:32.388+0000] {processor.py:826} INFO - Processing file /usr/local/python/3.10.13/lib/python3.10/site-packages/airflow/example_dags/example_branch_python_dop_operator_3.py for tasks to queue
[2024-06-24T17:26:32.389+0000] {logging_mixin.py:150} INFO - [2024-06-24T17:26:32.388+0000] {dagbag.py:541} INFO - Filling up the DagBag from /usr/local/python/3.10.13/lib/python3.10/site-packages/airflow/example_dags/example_branch_python_dop_operator_3.py
[2024-06-24T17:26:32.395+0000] {processor.py:836} INFO - DAG(s) dict_keys(['example_branch_dop_operator_v3']) retrieved from /usr/local/python/3.10.13/lib/python3.10/site-packages/airflow/example_dags/example_branch_python_dop_operator_3.py
[2024-06-24T17:26:32.407+0000] {logging_mixin.py:150} INFO - [2024-06-24T17:26:32.407+0000] {dag.py:2742} INFO - Sync 1 DAGs
[2024-06-24T17:26:32.426+0000] {logging_mixin.py:150} INFO - [2024-06-24T17:26:32.426+0000] {dag.py:3504} INFO - Setting next_dagrun for example_branch_dop_operator_v3 to 2024-06-24T17:25:00+00:00, run_after=2024-06-24T17:26:00+00:00
[2024-06-24T17:26:32.463+0000] {processor.py:179} INFO - Processing /usr/local/python/3.10.13/lib/python3.10/site-packages/airflow/example_dags/example_branch_python_dop_operator_3.py took 0.078 seconds
[2024-06-24T17:27:21.372+0000] {processor.py:157} INFO - Started process (PID=17897) to work on /usr/local/python/3.10.13/lib/python3.10/site-packages/airflow/example_dags/example_branch_python_dop_operator_3.py
[2024-06-24T17:27:21.373+0000] {processor.py:826} INFO - Processing file /usr/local/python/3.10.13/lib/python3.10/site-packages/airflow/example_dags/example_branch_python_dop_operator_3.py for tasks to queue
[2024-06-24T17:27:21.373+0000] {logging_mixin.py:150} INFO - [2024-06-24T17:27:21.373+0000] {dagbag.py:541} INFO - Filling up the DagBag from /usr/local/python/3.10.13/lib/python3.10/site-packages/airflow/example_dags/example_branch_python_dop_operator_3.py
[2024-06-24T17:27:21.380+0000] {processor.py:836} INFO - DAG(s) dict_keys(['example_branch_dop_operator_v3']) retrieved from /usr/local/python/3.10.13/lib/python3.10/site-packages/airflow/example_dags/example_branch_python_dop_operator_3.py
[2024-06-24T17:27:21.392+0000] {logging_mixin.py:150} INFO - [2024-06-24T17:27:21.392+0000] {dag.py:2742} INFO - Sync 1 DAGs
[2024-06-24T17:27:21.410+0000] {logging_mixin.py:150} INFO - [2024-06-24T17:27:21.410+0000] {dag.py:3504} INFO - Setting next_dagrun for example_branch_dop_operator_v3 to 2024-06-24T17:26:00+00:00, run_after=2024-06-24T17:27:00+00:00
[2024-06-24T17:27:21.447+0000] {processor.py:179} INFO - Processing /usr/local/python/3.10.13/lib/python3.10/site-packages/airflow/example_dags/example_branch_python_dop_operator_3.py took 0.078 seconds
[2024-06-24T17:28:14.595+0000] {processor.py:157} INFO - Started process (PID=18282) to work on /usr/local/python/3.10.13/lib/python3.10/site-packages/airflow/example_dags/example_branch_python_dop_operator_3.py
[2024-06-24T17:28:14.596+0000] {processor.py:826} INFO - Processing file /usr/local/python/3.10.13/lib/python3.10/site-packages/airflow/example_dags/example_branch_python_dop_operator_3.py for tasks to queue
[2024-06-24T17:28:14.597+0000] {logging_mixin.py:150} INFO - [2024-06-24T17:28:14.596+0000] {dagbag.py:541} INFO - Filling up the DagBag from /usr/local/python/3.10.13/lib/python3.10/site-packages/airflow/example_dags/example_branch_python_dop_operator_3.py
[2024-06-24T17:28:14.603+0000] {processor.py:836} INFO - DAG(s) dict_keys(['example_branch_dop_operator_v3']) retrieved from /usr/local/python/3.10.13/lib/python3.10/site-packages/airflow/example_dags/example_branch_python_dop_operator_3.py
[2024-06-24T17:28:14.616+0000] {logging_mixin.py:150} INFO - [2024-06-24T17:28:14.616+0000] {dag.py:2742} INFO - Sync 1 DAGs
[2024-06-24T17:28:14.651+0000] {logging_mixin.py:150} INFO - [2024-06-24T17:28:14.651+0000] {dag.py:3504} INFO - Setting next_dagrun for example_branch_dop_operator_v3 to 2024-06-24T17:27:00+00:00, run_after=2024-06-24T17:28:00+00:00
[2024-06-24T17:28:14.708+0000] {processor.py:179} INFO - Processing /usr/local/python/3.10.13/lib/python3.10/site-packages/airflow/example_dags/example_branch_python_dop_operator_3.py took 0.115 seconds
[2024-06-24T17:29:09.839+0000] {processor.py:157} INFO - Started process (PID=18652) to work on /usr/local/python/3.10.13/lib/python3.10/site-packages/airflow/example_dags/example_branch_python_dop_operator_3.py
[2024-06-24T17:29:09.839+0000] {processor.py:826} INFO - Processing file /usr/local/python/3.10.13/lib/python3.10/site-packages/airflow/example_dags/example_branch_python_dop_operator_3.py for tasks to queue
[2024-06-24T17:29:09.840+0000] {logging_mixin.py:150} INFO - [2024-06-24T17:29:09.840+0000] {dagbag.py:541} INFO - Filling up the DagBag from /usr/local/python/3.10.13/lib/python3.10/site-packages/airflow/example_dags/example_branch_python_dop_operator_3.py
[2024-06-24T17:29:09.846+0000] {processor.py:836} INFO - DAG(s) dict_keys(['example_branch_dop_operator_v3']) retrieved from /usr/local/python/3.10.13/lib/python3.10/site-packages/airflow/example_dags/example_branch_python_dop_operator_3.py
[2024-06-24T17:29:09.859+0000] {logging_mixin.py:150} INFO - [2024-06-24T17:29:09.858+0000] {dag.py:2742} INFO - Sync 1 DAGs
[2024-06-24T17:29:09.878+0000] {logging_mixin.py:150} INFO - [2024-06-24T17:29:09.878+0000] {dag.py:3504} INFO - Setting next_dagrun for example_branch_dop_operator_v3 to 2024-06-24T17:28:00+00:00, run_after=2024-06-24T17:29:00+00:00
[2024-06-24T17:29:09.919+0000] {processor.py:179} INFO - Processing /usr/local/python/3.10.13/lib/python3.10/site-packages/airflow/example_dags/example_branch_python_dop_operator_3.py took 0.082 seconds
[2024-06-24T17:30:01.723+0000] {processor.py:157} INFO - Started process (PID=19011) to work on /usr/local/python/3.10.13/lib/python3.10/site-packages/airflow/example_dags/example_branch_python_dop_operator_3.py
[2024-06-24T17:30:01.723+0000] {processor.py:826} INFO - Processing file /usr/local/python/3.10.13/lib/python3.10/site-packages/airflow/example_dags/example_branch_python_dop_operator_3.py for tasks to queue
[2024-06-24T17:30:01.724+0000] {logging_mixin.py:150} INFO - [2024-06-24T17:30:01.724+0000] {dagbag.py:541} INFO - Filling up the DagBag from /usr/local/python/3.10.13/lib/python3.10/site-packages/airflow/example_dags/example_branch_python_dop_operator_3.py
[2024-06-24T17:30:01.732+0000] {processor.py:836} INFO - DAG(s) dict_keys(['example_branch_dop_operator_v3']) retrieved from /usr/local/python/3.10.13/lib/python3.10/site-packages/airflow/example_dags/example_branch_python_dop_operator_3.py
[2024-06-24T17:30:01.754+0000] {logging_mixin.py:150} INFO - [2024-06-24T17:30:01.754+0000] {dag.py:2742} INFO - Sync 1 DAGs
[2024-06-24T17:30:01.782+0000] {logging_mixin.py:150} INFO - [2024-06-24T17:30:01.782+0000] {dag.py:3504} INFO - Setting next_dagrun for example_branch_dop_operator_v3 to 2024-06-24T17:29:00+00:00, run_after=2024-06-24T17:30:00+00:00
[2024-06-24T17:30:01.826+0000] {processor.py:179} INFO - Processing /usr/local/python/3.10.13/lib/python3.10/site-packages/airflow/example_dags/example_branch_python_dop_operator_3.py took 0.106 seconds
[2024-06-24T17:30:55.700+0000] {processor.py:157} INFO - Started process (PID=19381) to work on /usr/local/python/3.10.13/lib/python3.10/site-packages/airflow/example_dags/example_branch_python_dop_operator_3.py
[2024-06-24T17:30:55.700+0000] {processor.py:826} INFO - Processing file /usr/local/python/3.10.13/lib/python3.10/site-packages/airflow/example_dags/example_branch_python_dop_operator_3.py for tasks to queue
[2024-06-24T17:30:55.701+0000] {logging_mixin.py:150} INFO - [2024-06-24T17:30:55.701+0000] {dagbag.py:541} INFO - Filling up the DagBag from /usr/local/python/3.10.13/lib/python3.10/site-packages/airflow/example_dags/example_branch_python_dop_operator_3.py
[2024-06-24T17:30:55.708+0000] {processor.py:836} INFO - DAG(s) dict_keys(['example_branch_dop_operator_v3']) retrieved from /usr/local/python/3.10.13/lib/python3.10/site-packages/airflow/example_dags/example_branch_python_dop_operator_3.py
[2024-06-24T17:30:55.720+0000] {logging_mixin.py:150} INFO - [2024-06-24T17:30:55.720+0000] {dag.py:2742} INFO - Sync 1 DAGs
[2024-06-24T17:30:55.740+0000] {logging_mixin.py:150} INFO - [2024-06-24T17:30:55.740+0000] {dag.py:3504} INFO - Setting next_dagrun for example_branch_dop_operator_v3 to 2024-06-24T17:29:00+00:00, run_after=2024-06-24T17:30:00+00:00
[2024-06-24T17:30:55.778+0000] {processor.py:179} INFO - Processing /usr/local/python/3.10.13/lib/python3.10/site-packages/airflow/example_dags/example_branch_python_dop_operator_3.py took 0.081 seconds
