[2024-06-24T15:55:21.704+0000] {processor.py:157} INFO - Started process (PID=13887) to work on /usr/local/python/3.10.13/lib/python3.10/site-packages/airflow/example_dags/example_branch_labels.py
[2024-06-24T15:55:21.705+0000] {processor.py:826} INFO - Processing file /usr/local/python/3.10.13/lib/python3.10/site-packages/airflow/example_dags/example_branch_labels.py for tasks to queue
[2024-06-24T15:55:21.706+0000] {logging_mixin.py:150} INFO - [2024-06-24T15:55:21.705+0000] {dagbag.py:541} INFO - Filling up the DagBag from /usr/local/python/3.10.13/lib/python3.10/site-packages/airflow/example_dags/example_branch_labels.py
[2024-06-24T15:55:21.715+0000] {processor.py:836} INFO - DAG(s) dict_keys(['example_branch_labels']) retrieved from /usr/local/python/3.10.13/lib/python3.10/site-packages/airflow/example_dags/example_branch_labels.py
[2024-06-24T15:55:21.873+0000] {logging_mixin.py:150} INFO - [2024-06-24T15:55:21.873+0000] {manager.py:504} INFO - Created Permission View: can delete on DAG:example_branch_labels
[2024-06-24T15:55:21.908+0000] {logging_mixin.py:150} INFO - [2024-06-24T15:55:21.908+0000] {manager.py:504} INFO - Created Permission View: can read on DAG:example_branch_labels
[2024-06-24T15:55:21.949+0000] {logging_mixin.py:150} INFO - [2024-06-24T15:55:21.948+0000] {manager.py:504} INFO - Created Permission View: can edit on DAG:example_branch_labels
[2024-06-24T15:55:21.957+0000] {logging_mixin.py:150} INFO - [2024-06-24T15:55:21.957+0000] {dag.py:2742} INFO - Sync 1 DAGs
[2024-06-24T15:55:21.964+0000] {logging_mixin.py:150} INFO - [2024-06-24T15:55:21.964+0000] {dag.py:2763} INFO - Creating ORM DAG for example_branch_labels
[2024-06-24T15:55:21.972+0000] {logging_mixin.py:150} INFO - [2024-06-24T15:55:21.972+0000] {dag.py:3504} INFO - Setting next_dagrun for example_branch_labels to 2024-06-23T00:00:00+00:00, run_after=2024-06-24T00:00:00+00:00
[2024-06-24T15:55:22.017+0000] {processor.py:179} INFO - Processing /usr/local/python/3.10.13/lib/python3.10/site-packages/airflow/example_dags/example_branch_labels.py took 0.316 seconds
[2024-06-24T15:56:09.877+0000] {processor.py:157} INFO - Started process (PID=14219) to work on /usr/local/python/3.10.13/lib/python3.10/site-packages/airflow/example_dags/example_branch_labels.py
[2024-06-24T15:56:09.878+0000] {processor.py:826} INFO - Processing file /usr/local/python/3.10.13/lib/python3.10/site-packages/airflow/example_dags/example_branch_labels.py for tasks to queue
[2024-06-24T15:56:09.879+0000] {logging_mixin.py:150} INFO - [2024-06-24T15:56:09.878+0000] {dagbag.py:541} INFO - Filling up the DagBag from /usr/local/python/3.10.13/lib/python3.10/site-packages/airflow/example_dags/example_branch_labels.py
[2024-06-24T15:56:09.886+0000] {processor.py:836} INFO - DAG(s) dict_keys(['example_branch_labels']) retrieved from /usr/local/python/3.10.13/lib/python3.10/site-packages/airflow/example_dags/example_branch_labels.py
[2024-06-24T15:56:09.908+0000] {logging_mixin.py:150} INFO - [2024-06-24T15:56:09.907+0000] {dag.py:2742} INFO - Sync 1 DAGs
[2024-06-24T15:56:09.932+0000] {logging_mixin.py:150} INFO - [2024-06-24T15:56:09.931+0000] {dag.py:3504} INFO - Setting next_dagrun for example_branch_labels to 2024-06-23T00:00:00+00:00, run_after=2024-06-24T00:00:00+00:00
[2024-06-24T15:56:09.974+0000] {processor.py:179} INFO - Processing /usr/local/python/3.10.13/lib/python3.10/site-packages/airflow/example_dags/example_branch_labels.py took 0.099 seconds
[2024-06-24T16:02:07.516+0000] {processor.py:157} INFO - Started process (PID=16831) to work on /usr/local/python/3.10.13/lib/python3.10/site-packages/airflow/example_dags/example_branch_labels.py
[2024-06-24T16:02:07.517+0000] {processor.py:826} INFO - Processing file /usr/local/python/3.10.13/lib/python3.10/site-packages/airflow/example_dags/example_branch_labels.py for tasks to queue
[2024-06-24T16:02:07.518+0000] {logging_mixin.py:150} INFO - [2024-06-24T16:02:07.517+0000] {dagbag.py:541} INFO - Filling up the DagBag from /usr/local/python/3.10.13/lib/python3.10/site-packages/airflow/example_dags/example_branch_labels.py
[2024-06-24T16:02:07.524+0000] {processor.py:836} INFO - DAG(s) dict_keys(['example_branch_labels']) retrieved from /usr/local/python/3.10.13/lib/python3.10/site-packages/airflow/example_dags/example_branch_labels.py
[2024-06-24T16:02:07.538+0000] {logging_mixin.py:150} INFO - [2024-06-24T16:02:07.538+0000] {dag.py:2742} INFO - Sync 1 DAGs
[2024-06-24T16:02:07.557+0000] {logging_mixin.py:150} INFO - [2024-06-24T16:02:07.557+0000] {dag.py:3504} INFO - Setting next_dagrun for example_branch_labels to 2024-06-23T00:00:00+00:00, run_after=2024-06-24T00:00:00+00:00
[2024-06-24T16:02:07.604+0000] {processor.py:179} INFO - Processing /usr/local/python/3.10.13/lib/python3.10/site-packages/airflow/example_dags/example_branch_labels.py took 0.091 seconds
[2024-06-24T16:03:00.247+0000] {processor.py:157} INFO - Started process (PID=17230) to work on /usr/local/python/3.10.13/lib/python3.10/site-packages/airflow/example_dags/example_branch_labels.py
[2024-06-24T16:03:00.248+0000] {processor.py:826} INFO - Processing file /usr/local/python/3.10.13/lib/python3.10/site-packages/airflow/example_dags/example_branch_labels.py for tasks to queue
[2024-06-24T16:03:00.248+0000] {logging_mixin.py:150} INFO - [2024-06-24T16:03:00.248+0000] {dagbag.py:541} INFO - Filling up the DagBag from /usr/local/python/3.10.13/lib/python3.10/site-packages/airflow/example_dags/example_branch_labels.py
[2024-06-24T16:03:00.255+0000] {processor.py:836} INFO - DAG(s) dict_keys(['example_branch_labels']) retrieved from /usr/local/python/3.10.13/lib/python3.10/site-packages/airflow/example_dags/example_branch_labels.py
[2024-06-24T16:03:00.274+0000] {logging_mixin.py:150} INFO - [2024-06-24T16:03:00.274+0000] {dag.py:2742} INFO - Sync 1 DAGs
[2024-06-24T16:03:00.301+0000] {logging_mixin.py:150} INFO - [2024-06-24T16:03:00.301+0000] {dag.py:3504} INFO - Setting next_dagrun for example_branch_labels to 2024-06-23T00:00:00+00:00, run_after=2024-06-24T00:00:00+00:00
[2024-06-24T16:03:00.343+0000] {processor.py:179} INFO - Processing /usr/local/python/3.10.13/lib/python3.10/site-packages/airflow/example_dags/example_branch_labels.py took 0.099 seconds
[2024-06-24T16:03:47.937+0000] {processor.py:157} INFO - Started process (PID=17615) to work on /usr/local/python/3.10.13/lib/python3.10/site-packages/airflow/example_dags/example_branch_labels.py
[2024-06-24T16:03:47.937+0000] {processor.py:826} INFO - Processing file /usr/local/python/3.10.13/lib/python3.10/site-packages/airflow/example_dags/example_branch_labels.py for tasks to queue
[2024-06-24T16:03:47.938+0000] {logging_mixin.py:150} INFO - [2024-06-24T16:03:47.938+0000] {dagbag.py:541} INFO - Filling up the DagBag from /usr/local/python/3.10.13/lib/python3.10/site-packages/airflow/example_dags/example_branch_labels.py
[2024-06-24T16:03:47.944+0000] {processor.py:836} INFO - DAG(s) dict_keys(['example_branch_labels']) retrieved from /usr/local/python/3.10.13/lib/python3.10/site-packages/airflow/example_dags/example_branch_labels.py
[2024-06-24T16:03:47.957+0000] {logging_mixin.py:150} INFO - [2024-06-24T16:03:47.956+0000] {dag.py:2742} INFO - Sync 1 DAGs
[2024-06-24T16:03:47.973+0000] {logging_mixin.py:150} INFO - [2024-06-24T16:03:47.973+0000] {dag.py:3504} INFO - Setting next_dagrun for example_branch_labels to 2024-06-23T00:00:00+00:00, run_after=2024-06-24T00:00:00+00:00
[2024-06-24T16:03:48.011+0000] {processor.py:179} INFO - Processing /usr/local/python/3.10.13/lib/python3.10/site-packages/airflow/example_dags/example_branch_labels.py took 0.077 seconds
[2024-06-24T16:04:34.274+0000] {processor.py:157} INFO - Started process (PID=17958) to work on /usr/local/python/3.10.13/lib/python3.10/site-packages/airflow/example_dags/example_branch_labels.py
[2024-06-24T16:04:34.274+0000] {processor.py:826} INFO - Processing file /usr/local/python/3.10.13/lib/python3.10/site-packages/airflow/example_dags/example_branch_labels.py for tasks to queue
[2024-06-24T16:04:34.275+0000] {logging_mixin.py:150} INFO - [2024-06-24T16:04:34.275+0000] {dagbag.py:541} INFO - Filling up the DagBag from /usr/local/python/3.10.13/lib/python3.10/site-packages/airflow/example_dags/example_branch_labels.py
[2024-06-24T16:04:34.281+0000] {processor.py:836} INFO - DAG(s) dict_keys(['example_branch_labels']) retrieved from /usr/local/python/3.10.13/lib/python3.10/site-packages/airflow/example_dags/example_branch_labels.py
[2024-06-24T16:04:34.294+0000] {logging_mixin.py:150} INFO - [2024-06-24T16:04:34.294+0000] {dag.py:2742} INFO - Sync 1 DAGs
[2024-06-24T16:04:34.310+0000] {logging_mixin.py:150} INFO - [2024-06-24T16:04:34.310+0000] {dag.py:3504} INFO - Setting next_dagrun for example_branch_labels to 2024-06-23T00:00:00+00:00, run_after=2024-06-24T00:00:00+00:00
[2024-06-24T16:04:34.355+0000] {processor.py:179} INFO - Processing /usr/local/python/3.10.13/lib/python3.10/site-packages/airflow/example_dags/example_branch_labels.py took 0.084 seconds
[2024-06-24T16:05:24.671+0000] {processor.py:157} INFO - Started process (PID=18352) to work on /usr/local/python/3.10.13/lib/python3.10/site-packages/airflow/example_dags/example_branch_labels.py
[2024-06-24T16:05:24.672+0000] {processor.py:826} INFO - Processing file /usr/local/python/3.10.13/lib/python3.10/site-packages/airflow/example_dags/example_branch_labels.py for tasks to queue
[2024-06-24T16:05:24.672+0000] {logging_mixin.py:150} INFO - [2024-06-24T16:05:24.672+0000] {dagbag.py:541} INFO - Filling up the DagBag from /usr/local/python/3.10.13/lib/python3.10/site-packages/airflow/example_dags/example_branch_labels.py
[2024-06-24T16:05:24.678+0000] {processor.py:836} INFO - DAG(s) dict_keys(['example_branch_labels']) retrieved from /usr/local/python/3.10.13/lib/python3.10/site-packages/airflow/example_dags/example_branch_labels.py
[2024-06-24T16:05:24.691+0000] {logging_mixin.py:150} INFO - [2024-06-24T16:05:24.691+0000] {dag.py:2742} INFO - Sync 1 DAGs
[2024-06-24T16:05:24.707+0000] {logging_mixin.py:150} INFO - [2024-06-24T16:05:24.707+0000] {dag.py:3504} INFO - Setting next_dagrun for example_branch_labels to 2024-06-23T00:00:00+00:00, run_after=2024-06-24T00:00:00+00:00
[2024-06-24T16:05:24.754+0000] {processor.py:179} INFO - Processing /usr/local/python/3.10.13/lib/python3.10/site-packages/airflow/example_dags/example_branch_labels.py took 0.085 seconds
[2024-06-24T16:06:09.998+0000] {processor.py:157} INFO - Started process (PID=18710) to work on /usr/local/python/3.10.13/lib/python3.10/site-packages/airflow/example_dags/example_branch_labels.py
[2024-06-24T16:06:09.999+0000] {processor.py:826} INFO - Processing file /usr/local/python/3.10.13/lib/python3.10/site-packages/airflow/example_dags/example_branch_labels.py for tasks to queue
[2024-06-24T16:06:10.000+0000] {logging_mixin.py:150} INFO - [2024-06-24T16:06:09.999+0000] {dagbag.py:541} INFO - Filling up the DagBag from /usr/local/python/3.10.13/lib/python3.10/site-packages/airflow/example_dags/example_branch_labels.py
[2024-06-24T16:06:10.005+0000] {processor.py:836} INFO - DAG(s) dict_keys(['example_branch_labels']) retrieved from /usr/local/python/3.10.13/lib/python3.10/site-packages/airflow/example_dags/example_branch_labels.py
[2024-06-24T16:06:10.019+0000] {logging_mixin.py:150} INFO - [2024-06-24T16:06:10.019+0000] {dag.py:2742} INFO - Sync 1 DAGs
[2024-06-24T16:06:10.035+0000] {logging_mixin.py:150} INFO - [2024-06-24T16:06:10.035+0000] {dag.py:3504} INFO - Setting next_dagrun for example_branch_labels to 2024-06-23T00:00:00+00:00, run_after=2024-06-24T00:00:00+00:00
[2024-06-24T16:06:10.076+0000] {processor.py:179} INFO - Processing /usr/local/python/3.10.13/lib/python3.10/site-packages/airflow/example_dags/example_branch_labels.py took 0.080 seconds
[2024-06-24T16:06:57.313+0000] {processor.py:157} INFO - Started process (PID=19068) to work on /usr/local/python/3.10.13/lib/python3.10/site-packages/airflow/example_dags/example_branch_labels.py
[2024-06-24T16:06:57.313+0000] {processor.py:826} INFO - Processing file /usr/local/python/3.10.13/lib/python3.10/site-packages/airflow/example_dags/example_branch_labels.py for tasks to queue
[2024-06-24T16:06:57.314+0000] {logging_mixin.py:150} INFO - [2024-06-24T16:06:57.314+0000] {dagbag.py:541} INFO - Filling up the DagBag from /usr/local/python/3.10.13/lib/python3.10/site-packages/airflow/example_dags/example_branch_labels.py
[2024-06-24T16:06:57.320+0000] {processor.py:836} INFO - DAG(s) dict_keys(['example_branch_labels']) retrieved from /usr/local/python/3.10.13/lib/python3.10/site-packages/airflow/example_dags/example_branch_labels.py
[2024-06-24T16:06:57.333+0000] {logging_mixin.py:150} INFO - [2024-06-24T16:06:57.333+0000] {dag.py:2742} INFO - Sync 1 DAGs
[2024-06-24T16:06:57.350+0000] {logging_mixin.py:150} INFO - [2024-06-24T16:06:57.350+0000] {dag.py:3504} INFO - Setting next_dagrun for example_branch_labels to 2024-06-23T00:00:00+00:00, run_after=2024-06-24T00:00:00+00:00
[2024-06-24T16:06:57.389+0000] {processor.py:179} INFO - Processing /usr/local/python/3.10.13/lib/python3.10/site-packages/airflow/example_dags/example_branch_labels.py took 0.079 seconds
[2024-06-24T16:07:43.958+0000] {processor.py:157} INFO - Started process (PID=19437) to work on /usr/local/python/3.10.13/lib/python3.10/site-packages/airflow/example_dags/example_branch_labels.py
[2024-06-24T16:07:43.960+0000] {processor.py:826} INFO - Processing file /usr/local/python/3.10.13/lib/python3.10/site-packages/airflow/example_dags/example_branch_labels.py for tasks to queue
[2024-06-24T16:07:43.960+0000] {logging_mixin.py:150} INFO - [2024-06-24T16:07:43.960+0000] {dagbag.py:541} INFO - Filling up the DagBag from /usr/local/python/3.10.13/lib/python3.10/site-packages/airflow/example_dags/example_branch_labels.py
[2024-06-24T16:07:43.967+0000] {processor.py:836} INFO - DAG(s) dict_keys(['example_branch_labels']) retrieved from /usr/local/python/3.10.13/lib/python3.10/site-packages/airflow/example_dags/example_branch_labels.py
[2024-06-24T16:07:43.980+0000] {logging_mixin.py:150} INFO - [2024-06-24T16:07:43.980+0000] {dag.py:2742} INFO - Sync 1 DAGs
[2024-06-24T16:07:43.995+0000] {logging_mixin.py:150} INFO - [2024-06-24T16:07:43.995+0000] {dag.py:3504} INFO - Setting next_dagrun for example_branch_labels to 2024-06-23T00:00:00+00:00, run_after=2024-06-24T00:00:00+00:00
[2024-06-24T16:07:44.037+0000] {processor.py:179} INFO - Processing /usr/local/python/3.10.13/lib/python3.10/site-packages/airflow/example_dags/example_branch_labels.py took 0.082 seconds
[2024-06-24T16:08:33.604+0000] {processor.py:157} INFO - Started process (PID=19822) to work on /usr/local/python/3.10.13/lib/python3.10/site-packages/airflow/example_dags/example_branch_labels.py
[2024-06-24T16:08:33.605+0000] {processor.py:826} INFO - Processing file /usr/local/python/3.10.13/lib/python3.10/site-packages/airflow/example_dags/example_branch_labels.py for tasks to queue
[2024-06-24T16:08:33.606+0000] {logging_mixin.py:150} INFO - [2024-06-24T16:08:33.605+0000] {dagbag.py:541} INFO - Filling up the DagBag from /usr/local/python/3.10.13/lib/python3.10/site-packages/airflow/example_dags/example_branch_labels.py
[2024-06-24T16:08:33.611+0000] {processor.py:836} INFO - DAG(s) dict_keys(['example_branch_labels']) retrieved from /usr/local/python/3.10.13/lib/python3.10/site-packages/airflow/example_dags/example_branch_labels.py
[2024-06-24T16:08:33.625+0000] {logging_mixin.py:150} INFO - [2024-06-24T16:08:33.625+0000] {dag.py:2742} INFO - Sync 1 DAGs
[2024-06-24T16:08:33.644+0000] {logging_mixin.py:150} INFO - [2024-06-24T16:08:33.643+0000] {dag.py:3504} INFO - Setting next_dagrun for example_branch_labels to 2024-06-23T00:00:00+00:00, run_after=2024-06-24T00:00:00+00:00
[2024-06-24T16:08:33.685+0000] {processor.py:179} INFO - Processing /usr/local/python/3.10.13/lib/python3.10/site-packages/airflow/example_dags/example_branch_labels.py took 0.083 seconds
[2024-06-24T16:09:20.180+0000] {processor.py:157} INFO - Started process (PID=20161) to work on /usr/local/python/3.10.13/lib/python3.10/site-packages/airflow/example_dags/example_branch_labels.py
[2024-06-24T16:09:20.180+0000] {processor.py:826} INFO - Processing file /usr/local/python/3.10.13/lib/python3.10/site-packages/airflow/example_dags/example_branch_labels.py for tasks to queue
[2024-06-24T16:09:20.181+0000] {logging_mixin.py:150} INFO - [2024-06-24T16:09:20.181+0000] {dagbag.py:541} INFO - Filling up the DagBag from /usr/local/python/3.10.13/lib/python3.10/site-packages/airflow/example_dags/example_branch_labels.py
[2024-06-24T16:09:20.189+0000] {processor.py:836} INFO - DAG(s) dict_keys(['example_branch_labels']) retrieved from /usr/local/python/3.10.13/lib/python3.10/site-packages/airflow/example_dags/example_branch_labels.py
[2024-06-24T16:09:20.209+0000] {logging_mixin.py:150} INFO - [2024-06-24T16:09:20.209+0000] {dag.py:2742} INFO - Sync 1 DAGs
[2024-06-24T16:09:20.238+0000] {logging_mixin.py:150} INFO - [2024-06-24T16:09:20.238+0000] {dag.py:3504} INFO - Setting next_dagrun for example_branch_labels to 2024-06-23T00:00:00+00:00, run_after=2024-06-24T00:00:00+00:00
[2024-06-24T16:09:20.290+0000] {processor.py:179} INFO - Processing /usr/local/python/3.10.13/lib/python3.10/site-packages/airflow/example_dags/example_branch_labels.py took 0.112 seconds
[2024-06-24T16:10:06.910+0000] {processor.py:157} INFO - Started process (PID=20483) to work on /usr/local/python/3.10.13/lib/python3.10/site-packages/airflow/example_dags/example_branch_labels.py
[2024-06-24T16:10:06.910+0000] {processor.py:826} INFO - Processing file /usr/local/python/3.10.13/lib/python3.10/site-packages/airflow/example_dags/example_branch_labels.py for tasks to queue
[2024-06-24T16:10:06.911+0000] {logging_mixin.py:150} INFO - [2024-06-24T16:10:06.911+0000] {dagbag.py:541} INFO - Filling up the DagBag from /usr/local/python/3.10.13/lib/python3.10/site-packages/airflow/example_dags/example_branch_labels.py
[2024-06-24T16:10:06.917+0000] {processor.py:836} INFO - DAG(s) dict_keys(['example_branch_labels']) retrieved from /usr/local/python/3.10.13/lib/python3.10/site-packages/airflow/example_dags/example_branch_labels.py
[2024-06-24T16:10:06.930+0000] {logging_mixin.py:150} INFO - [2024-06-24T16:10:06.930+0000] {dag.py:2742} INFO - Sync 1 DAGs
[2024-06-24T16:10:06.946+0000] {logging_mixin.py:150} INFO - [2024-06-24T16:10:06.946+0000] {dag.py:3504} INFO - Setting next_dagrun for example_branch_labels to 2024-06-23T00:00:00+00:00, run_after=2024-06-24T00:00:00+00:00
[2024-06-24T16:10:06.992+0000] {processor.py:179} INFO - Processing /usr/local/python/3.10.13/lib/python3.10/site-packages/airflow/example_dags/example_branch_labels.py took 0.085 seconds
[2024-06-24T16:10:55.523+0000] {processor.py:157} INFO - Started process (PID=20824) to work on /usr/local/python/3.10.13/lib/python3.10/site-packages/airflow/example_dags/example_branch_labels.py
[2024-06-24T16:10:55.524+0000] {processor.py:826} INFO - Processing file /usr/local/python/3.10.13/lib/python3.10/site-packages/airflow/example_dags/example_branch_labels.py for tasks to queue
[2024-06-24T16:10:55.525+0000] {logging_mixin.py:150} INFO - [2024-06-24T16:10:55.524+0000] {dagbag.py:541} INFO - Filling up the DagBag from /usr/local/python/3.10.13/lib/python3.10/site-packages/airflow/example_dags/example_branch_labels.py
[2024-06-24T16:10:55.531+0000] {processor.py:836} INFO - DAG(s) dict_keys(['example_branch_labels']) retrieved from /usr/local/python/3.10.13/lib/python3.10/site-packages/airflow/example_dags/example_branch_labels.py
[2024-06-24T16:10:55.544+0000] {logging_mixin.py:150} INFO - [2024-06-24T16:10:55.544+0000] {dag.py:2742} INFO - Sync 1 DAGs
[2024-06-24T16:10:55.560+0000] {logging_mixin.py:150} INFO - [2024-06-24T16:10:55.560+0000] {dag.py:3504} INFO - Setting next_dagrun for example_branch_labels to 2024-06-23T00:00:00+00:00, run_after=2024-06-24T00:00:00+00:00
[2024-06-24T16:10:55.601+0000] {processor.py:179} INFO - Processing /usr/local/python/3.10.13/lib/python3.10/site-packages/airflow/example_dags/example_branch_labels.py took 0.080 seconds
[2024-06-24T16:11:43.694+0000] {processor.py:157} INFO - Started process (PID=21164) to work on /usr/local/python/3.10.13/lib/python3.10/site-packages/airflow/example_dags/example_branch_labels.py
[2024-06-24T16:11:43.694+0000] {processor.py:826} INFO - Processing file /usr/local/python/3.10.13/lib/python3.10/site-packages/airflow/example_dags/example_branch_labels.py for tasks to queue
[2024-06-24T16:11:43.695+0000] {logging_mixin.py:150} INFO - [2024-06-24T16:11:43.695+0000] {dagbag.py:541} INFO - Filling up the DagBag from /usr/local/python/3.10.13/lib/python3.10/site-packages/airflow/example_dags/example_branch_labels.py
[2024-06-24T16:11:43.701+0000] {processor.py:836} INFO - DAG(s) dict_keys(['example_branch_labels']) retrieved from /usr/local/python/3.10.13/lib/python3.10/site-packages/airflow/example_dags/example_branch_labels.py
[2024-06-24T16:11:43.714+0000] {logging_mixin.py:150} INFO - [2024-06-24T16:11:43.714+0000] {dag.py:2742} INFO - Sync 1 DAGs
[2024-06-24T16:11:43.730+0000] {logging_mixin.py:150} INFO - [2024-06-24T16:11:43.730+0000] {dag.py:3504} INFO - Setting next_dagrun for example_branch_labels to 2024-06-23T00:00:00+00:00, run_after=2024-06-24T00:00:00+00:00
[2024-06-24T16:11:43.770+0000] {processor.py:179} INFO - Processing /usr/local/python/3.10.13/lib/python3.10/site-packages/airflow/example_dags/example_branch_labels.py took 0.078 seconds
[2024-06-24T16:12:32.718+0000] {processor.py:157} INFO - Started process (PID=21489) to work on /usr/local/python/3.10.13/lib/python3.10/site-packages/airflow/example_dags/example_branch_labels.py
[2024-06-24T16:12:32.720+0000] {processor.py:826} INFO - Processing file /usr/local/python/3.10.13/lib/python3.10/site-packages/airflow/example_dags/example_branch_labels.py for tasks to queue
[2024-06-24T16:12:32.721+0000] {logging_mixin.py:150} INFO - [2024-06-24T16:12:32.721+0000] {dagbag.py:541} INFO - Filling up the DagBag from /usr/local/python/3.10.13/lib/python3.10/site-packages/airflow/example_dags/example_branch_labels.py
[2024-06-24T16:12:32.730+0000] {processor.py:836} INFO - DAG(s) dict_keys(['example_branch_labels']) retrieved from /usr/local/python/3.10.13/lib/python3.10/site-packages/airflow/example_dags/example_branch_labels.py
[2024-06-24T16:12:32.751+0000] {logging_mixin.py:150} INFO - [2024-06-24T16:12:32.750+0000] {dag.py:2742} INFO - Sync 1 DAGs
[2024-06-24T16:12:32.774+0000] {logging_mixin.py:150} INFO - [2024-06-24T16:12:32.774+0000] {dag.py:3504} INFO - Setting next_dagrun for example_branch_labels to 2024-06-23T00:00:00+00:00, run_after=2024-06-24T00:00:00+00:00
[2024-06-24T16:12:32.817+0000] {processor.py:179} INFO - Processing /usr/local/python/3.10.13/lib/python3.10/site-packages/airflow/example_dags/example_branch_labels.py took 0.102 seconds
[2024-06-24T16:13:20.879+0000] {processor.py:157} INFO - Started process (PID=21825) to work on /usr/local/python/3.10.13/lib/python3.10/site-packages/airflow/example_dags/example_branch_labels.py
[2024-06-24T16:13:20.880+0000] {processor.py:826} INFO - Processing file /usr/local/python/3.10.13/lib/python3.10/site-packages/airflow/example_dags/example_branch_labels.py for tasks to queue
[2024-06-24T16:13:20.880+0000] {logging_mixin.py:150} INFO - [2024-06-24T16:13:20.880+0000] {dagbag.py:541} INFO - Filling up the DagBag from /usr/local/python/3.10.13/lib/python3.10/site-packages/airflow/example_dags/example_branch_labels.py
[2024-06-24T16:13:20.886+0000] {processor.py:836} INFO - DAG(s) dict_keys(['example_branch_labels']) retrieved from /usr/local/python/3.10.13/lib/python3.10/site-packages/airflow/example_dags/example_branch_labels.py
[2024-06-24T16:13:20.899+0000] {logging_mixin.py:150} INFO - [2024-06-24T16:13:20.899+0000] {dag.py:2742} INFO - Sync 1 DAGs
[2024-06-24T16:13:20.915+0000] {logging_mixin.py:150} INFO - [2024-06-24T16:13:20.915+0000] {dag.py:3504} INFO - Setting next_dagrun for example_branch_labels to 2024-06-23T00:00:00+00:00, run_after=2024-06-24T00:00:00+00:00
[2024-06-24T16:13:20.964+0000] {processor.py:179} INFO - Processing /usr/local/python/3.10.13/lib/python3.10/site-packages/airflow/example_dags/example_branch_labels.py took 0.087 seconds
[2024-06-24T16:14:08.470+0000] {processor.py:157} INFO - Started process (PID=22166) to work on /usr/local/python/3.10.13/lib/python3.10/site-packages/airflow/example_dags/example_branch_labels.py
[2024-06-24T16:14:08.471+0000] {processor.py:826} INFO - Processing file /usr/local/python/3.10.13/lib/python3.10/site-packages/airflow/example_dags/example_branch_labels.py for tasks to queue
[2024-06-24T16:14:08.471+0000] {logging_mixin.py:150} INFO - [2024-06-24T16:14:08.471+0000] {dagbag.py:541} INFO - Filling up the DagBag from /usr/local/python/3.10.13/lib/python3.10/site-packages/airflow/example_dags/example_branch_labels.py
[2024-06-24T16:14:08.479+0000] {processor.py:836} INFO - DAG(s) dict_keys(['example_branch_labels']) retrieved from /usr/local/python/3.10.13/lib/python3.10/site-packages/airflow/example_dags/example_branch_labels.py
[2024-06-24T16:14:08.493+0000] {logging_mixin.py:150} INFO - [2024-06-24T16:14:08.493+0000] {dag.py:2742} INFO - Sync 1 DAGs
[2024-06-24T16:14:08.511+0000] {logging_mixin.py:150} INFO - [2024-06-24T16:14:08.511+0000] {dag.py:3504} INFO - Setting next_dagrun for example_branch_labels to 2024-06-23T00:00:00+00:00, run_after=2024-06-24T00:00:00+00:00
[2024-06-24T16:14:08.552+0000] {processor.py:179} INFO - Processing /usr/local/python/3.10.13/lib/python3.10/site-packages/airflow/example_dags/example_branch_labels.py took 0.084 seconds
[2024-06-24T16:14:53.977+0000] {processor.py:157} INFO - Started process (PID=22469) to work on /usr/local/python/3.10.13/lib/python3.10/site-packages/airflow/example_dags/example_branch_labels.py
[2024-06-24T16:14:53.977+0000] {processor.py:826} INFO - Processing file /usr/local/python/3.10.13/lib/python3.10/site-packages/airflow/example_dags/example_branch_labels.py for tasks to queue
[2024-06-24T16:14:53.978+0000] {logging_mixin.py:150} INFO - [2024-06-24T16:14:53.978+0000] {dagbag.py:541} INFO - Filling up the DagBag from /usr/local/python/3.10.13/lib/python3.10/site-packages/airflow/example_dags/example_branch_labels.py
[2024-06-24T16:14:53.984+0000] {processor.py:836} INFO - DAG(s) dict_keys(['example_branch_labels']) retrieved from /usr/local/python/3.10.13/lib/python3.10/site-packages/airflow/example_dags/example_branch_labels.py
[2024-06-24T16:14:53.997+0000] {logging_mixin.py:150} INFO - [2024-06-24T16:14:53.997+0000] {dag.py:2742} INFO - Sync 1 DAGs
[2024-06-24T16:14:54.014+0000] {logging_mixin.py:150} INFO - [2024-06-24T16:14:54.014+0000] {dag.py:3504} INFO - Setting next_dagrun for example_branch_labels to 2024-06-23T00:00:00+00:00, run_after=2024-06-24T00:00:00+00:00
[2024-06-24T16:14:54.063+0000] {processor.py:179} INFO - Processing /usr/local/python/3.10.13/lib/python3.10/site-packages/airflow/example_dags/example_branch_labels.py took 0.089 seconds
[2024-06-24T16:15:37.994+0000] {processor.py:157} INFO - Started process (PID=22783) to work on /usr/local/python/3.10.13/lib/python3.10/site-packages/airflow/example_dags/example_branch_labels.py
[2024-06-24T16:15:37.995+0000] {processor.py:826} INFO - Processing file /usr/local/python/3.10.13/lib/python3.10/site-packages/airflow/example_dags/example_branch_labels.py for tasks to queue
[2024-06-24T16:15:37.996+0000] {logging_mixin.py:150} INFO - [2024-06-24T16:15:37.995+0000] {dagbag.py:541} INFO - Filling up the DagBag from /usr/local/python/3.10.13/lib/python3.10/site-packages/airflow/example_dags/example_branch_labels.py
[2024-06-24T16:15:38.001+0000] {processor.py:836} INFO - DAG(s) dict_keys(['example_branch_labels']) retrieved from /usr/local/python/3.10.13/lib/python3.10/site-packages/airflow/example_dags/example_branch_labels.py
[2024-06-24T16:15:38.014+0000] {logging_mixin.py:150} INFO - [2024-06-24T16:15:38.014+0000] {dag.py:2742} INFO - Sync 1 DAGs
[2024-06-24T16:15:38.035+0000] {logging_mixin.py:150} INFO - [2024-06-24T16:15:38.034+0000] {dag.py:3504} INFO - Setting next_dagrun for example_branch_labels to 2024-06-23T00:00:00+00:00, run_after=2024-06-24T00:00:00+00:00
[2024-06-24T16:15:38.077+0000] {processor.py:179} INFO - Processing /usr/local/python/3.10.13/lib/python3.10/site-packages/airflow/example_dags/example_branch_labels.py took 0.085 seconds
[2024-06-24T16:16:23.344+0000] {processor.py:157} INFO - Started process (PID=23096) to work on /usr/local/python/3.10.13/lib/python3.10/site-packages/airflow/example_dags/example_branch_labels.py
[2024-06-24T16:16:23.344+0000] {processor.py:826} INFO - Processing file /usr/local/python/3.10.13/lib/python3.10/site-packages/airflow/example_dags/example_branch_labels.py for tasks to queue
[2024-06-24T16:16:23.345+0000] {logging_mixin.py:150} INFO - [2024-06-24T16:16:23.345+0000] {dagbag.py:541} INFO - Filling up the DagBag from /usr/local/python/3.10.13/lib/python3.10/site-packages/airflow/example_dags/example_branch_labels.py
[2024-06-24T16:16:23.351+0000] {processor.py:836} INFO - DAG(s) dict_keys(['example_branch_labels']) retrieved from /usr/local/python/3.10.13/lib/python3.10/site-packages/airflow/example_dags/example_branch_labels.py
[2024-06-24T16:16:23.364+0000] {logging_mixin.py:150} INFO - [2024-06-24T16:16:23.363+0000] {dag.py:2742} INFO - Sync 1 DAGs
[2024-06-24T16:16:23.379+0000] {logging_mixin.py:150} INFO - [2024-06-24T16:16:23.379+0000] {dag.py:3504} INFO - Setting next_dagrun for example_branch_labels to 2024-06-23T00:00:00+00:00, run_after=2024-06-24T00:00:00+00:00
[2024-06-24T16:16:23.418+0000] {processor.py:179} INFO - Processing /usr/local/python/3.10.13/lib/python3.10/site-packages/airflow/example_dags/example_branch_labels.py took 0.077 seconds
[2024-06-24T16:17:09.106+0000] {processor.py:157} INFO - Started process (PID=23419) to work on /usr/local/python/3.10.13/lib/python3.10/site-packages/airflow/example_dags/example_branch_labels.py
[2024-06-24T16:17:09.106+0000] {processor.py:826} INFO - Processing file /usr/local/python/3.10.13/lib/python3.10/site-packages/airflow/example_dags/example_branch_labels.py for tasks to queue
[2024-06-24T16:17:09.107+0000] {logging_mixin.py:150} INFO - [2024-06-24T16:17:09.107+0000] {dagbag.py:541} INFO - Filling up the DagBag from /usr/local/python/3.10.13/lib/python3.10/site-packages/airflow/example_dags/example_branch_labels.py
[2024-06-24T16:17:09.113+0000] {processor.py:836} INFO - DAG(s) dict_keys(['example_branch_labels']) retrieved from /usr/local/python/3.10.13/lib/python3.10/site-packages/airflow/example_dags/example_branch_labels.py
[2024-06-24T16:17:09.125+0000] {logging_mixin.py:150} INFO - [2024-06-24T16:17:09.125+0000] {dag.py:2742} INFO - Sync 1 DAGs
[2024-06-24T16:17:09.141+0000] {logging_mixin.py:150} INFO - [2024-06-24T16:17:09.141+0000] {dag.py:3504} INFO - Setting next_dagrun for example_branch_labels to 2024-06-23T00:00:00+00:00, run_after=2024-06-24T00:00:00+00:00
[2024-06-24T16:17:09.183+0000] {processor.py:179} INFO - Processing /usr/local/python/3.10.13/lib/python3.10/site-packages/airflow/example_dags/example_branch_labels.py took 0.080 seconds
[2024-06-24T16:17:55.414+0000] {processor.py:157} INFO - Started process (PID=23732) to work on /usr/local/python/3.10.13/lib/python3.10/site-packages/airflow/example_dags/example_branch_labels.py
[2024-06-24T16:17:55.415+0000] {processor.py:826} INFO - Processing file /usr/local/python/3.10.13/lib/python3.10/site-packages/airflow/example_dags/example_branch_labels.py for tasks to queue
[2024-06-24T16:17:55.415+0000] {logging_mixin.py:150} INFO - [2024-06-24T16:17:55.415+0000] {dagbag.py:541} INFO - Filling up the DagBag from /usr/local/python/3.10.13/lib/python3.10/site-packages/airflow/example_dags/example_branch_labels.py
[2024-06-24T16:17:55.421+0000] {processor.py:836} INFO - DAG(s) dict_keys(['example_branch_labels']) retrieved from /usr/local/python/3.10.13/lib/python3.10/site-packages/airflow/example_dags/example_branch_labels.py
[2024-06-24T16:17:55.434+0000] {logging_mixin.py:150} INFO - [2024-06-24T16:17:55.434+0000] {dag.py:2742} INFO - Sync 1 DAGs
[2024-06-24T16:17:55.452+0000] {logging_mixin.py:150} INFO - [2024-06-24T16:17:55.451+0000] {dag.py:3504} INFO - Setting next_dagrun for example_branch_labels to 2024-06-23T00:00:00+00:00, run_after=2024-06-24T00:00:00+00:00
[2024-06-24T16:17:55.496+0000] {processor.py:179} INFO - Processing /usr/local/python/3.10.13/lib/python3.10/site-packages/airflow/example_dags/example_branch_labels.py took 0.085 seconds
[2024-06-24T16:18:38.823+0000] {processor.py:157} INFO - Started process (PID=24029) to work on /usr/local/python/3.10.13/lib/python3.10/site-packages/airflow/example_dags/example_branch_labels.py
[2024-06-24T16:18:38.824+0000] {processor.py:826} INFO - Processing file /usr/local/python/3.10.13/lib/python3.10/site-packages/airflow/example_dags/example_branch_labels.py for tasks to queue
[2024-06-24T16:18:38.824+0000] {logging_mixin.py:150} INFO - [2024-06-24T16:18:38.824+0000] {dagbag.py:541} INFO - Filling up the DagBag from /usr/local/python/3.10.13/lib/python3.10/site-packages/airflow/example_dags/example_branch_labels.py
[2024-06-24T16:18:38.830+0000] {processor.py:836} INFO - DAG(s) dict_keys(['example_branch_labels']) retrieved from /usr/local/python/3.10.13/lib/python3.10/site-packages/airflow/example_dags/example_branch_labels.py
[2024-06-24T16:18:38.843+0000] {logging_mixin.py:150} INFO - [2024-06-24T16:18:38.843+0000] {dag.py:2742} INFO - Sync 1 DAGs
[2024-06-24T16:18:38.859+0000] {logging_mixin.py:150} INFO - [2024-06-24T16:18:38.859+0000] {dag.py:3504} INFO - Setting next_dagrun for example_branch_labels to 2024-06-23T00:00:00+00:00, run_after=2024-06-24T00:00:00+00:00
[2024-06-24T16:18:38.897+0000] {processor.py:179} INFO - Processing /usr/local/python/3.10.13/lib/python3.10/site-packages/airflow/example_dags/example_branch_labels.py took 0.076 seconds
[2024-06-24T16:19:27.740+0000] {processor.py:157} INFO - Started process (PID=24370) to work on /usr/local/python/3.10.13/lib/python3.10/site-packages/airflow/example_dags/example_branch_labels.py
[2024-06-24T16:19:27.741+0000] {processor.py:826} INFO - Processing file /usr/local/python/3.10.13/lib/python3.10/site-packages/airflow/example_dags/example_branch_labels.py for tasks to queue
[2024-06-24T16:19:27.741+0000] {logging_mixin.py:150} INFO - [2024-06-24T16:19:27.741+0000] {dagbag.py:541} INFO - Filling up the DagBag from /usr/local/python/3.10.13/lib/python3.10/site-packages/airflow/example_dags/example_branch_labels.py
[2024-06-24T16:19:27.747+0000] {processor.py:836} INFO - DAG(s) dict_keys(['example_branch_labels']) retrieved from /usr/local/python/3.10.13/lib/python3.10/site-packages/airflow/example_dags/example_branch_labels.py
[2024-06-24T16:19:27.760+0000] {logging_mixin.py:150} INFO - [2024-06-24T16:19:27.760+0000] {dag.py:2742} INFO - Sync 1 DAGs
[2024-06-24T16:19:27.777+0000] {logging_mixin.py:150} INFO - [2024-06-24T16:19:27.777+0000] {dag.py:3504} INFO - Setting next_dagrun for example_branch_labels to 2024-06-23T00:00:00+00:00, run_after=2024-06-24T00:00:00+00:00
[2024-06-24T16:19:27.818+0000] {processor.py:179} INFO - Processing /usr/local/python/3.10.13/lib/python3.10/site-packages/airflow/example_dags/example_branch_labels.py took 0.080 seconds
[2024-06-24T16:20:14.852+0000] {processor.py:157} INFO - Started process (PID=24702) to work on /usr/local/python/3.10.13/lib/python3.10/site-packages/airflow/example_dags/example_branch_labels.py
[2024-06-24T16:20:14.853+0000] {processor.py:826} INFO - Processing file /usr/local/python/3.10.13/lib/python3.10/site-packages/airflow/example_dags/example_branch_labels.py for tasks to queue
[2024-06-24T16:20:14.853+0000] {logging_mixin.py:150} INFO - [2024-06-24T16:20:14.853+0000] {dagbag.py:541} INFO - Filling up the DagBag from /usr/local/python/3.10.13/lib/python3.10/site-packages/airflow/example_dags/example_branch_labels.py
[2024-06-24T16:20:14.859+0000] {processor.py:836} INFO - DAG(s) dict_keys(['example_branch_labels']) retrieved from /usr/local/python/3.10.13/lib/python3.10/site-packages/airflow/example_dags/example_branch_labels.py
[2024-06-24T16:20:14.873+0000] {logging_mixin.py:150} INFO - [2024-06-24T16:20:14.872+0000] {dag.py:2742} INFO - Sync 1 DAGs
[2024-06-24T16:20:14.889+0000] {logging_mixin.py:150} INFO - [2024-06-24T16:20:14.889+0000] {dag.py:3504} INFO - Setting next_dagrun for example_branch_labels to 2024-06-23T00:00:00+00:00, run_after=2024-06-24T00:00:00+00:00
[2024-06-24T16:20:14.932+0000] {processor.py:179} INFO - Processing /usr/local/python/3.10.13/lib/python3.10/site-packages/airflow/example_dags/example_branch_labels.py took 0.082 seconds
[2024-06-24T16:20:59.751+0000] {processor.py:157} INFO - Started process (PID=25004) to work on /usr/local/python/3.10.13/lib/python3.10/site-packages/airflow/example_dags/example_branch_labels.py
[2024-06-24T16:20:59.751+0000] {processor.py:826} INFO - Processing file /usr/local/python/3.10.13/lib/python3.10/site-packages/airflow/example_dags/example_branch_labels.py for tasks to queue
[2024-06-24T16:20:59.752+0000] {logging_mixin.py:150} INFO - [2024-06-24T16:20:59.752+0000] {dagbag.py:541} INFO - Filling up the DagBag from /usr/local/python/3.10.13/lib/python3.10/site-packages/airflow/example_dags/example_branch_labels.py
[2024-06-24T16:20:59.757+0000] {processor.py:836} INFO - DAG(s) dict_keys(['example_branch_labels']) retrieved from /usr/local/python/3.10.13/lib/python3.10/site-packages/airflow/example_dags/example_branch_labels.py
[2024-06-24T16:20:59.770+0000] {logging_mixin.py:150} INFO - [2024-06-24T16:20:59.770+0000] {dag.py:2742} INFO - Sync 1 DAGs
[2024-06-24T16:20:59.786+0000] {logging_mixin.py:150} INFO - [2024-06-24T16:20:59.786+0000] {dag.py:3504} INFO - Setting next_dagrun for example_branch_labels to 2024-06-23T00:00:00+00:00, run_after=2024-06-24T00:00:00+00:00
[2024-06-24T16:20:59.826+0000] {processor.py:179} INFO - Processing /usr/local/python/3.10.13/lib/python3.10/site-packages/airflow/example_dags/example_branch_labels.py took 0.078 seconds
[2024-06-24T16:21:49.951+0000] {processor.py:157} INFO - Started process (PID=25357) to work on /usr/local/python/3.10.13/lib/python3.10/site-packages/airflow/example_dags/example_branch_labels.py
[2024-06-24T16:21:49.952+0000] {processor.py:826} INFO - Processing file /usr/local/python/3.10.13/lib/python3.10/site-packages/airflow/example_dags/example_branch_labels.py for tasks to queue
[2024-06-24T16:21:49.952+0000] {logging_mixin.py:150} INFO - [2024-06-24T16:21:49.952+0000] {dagbag.py:541} INFO - Filling up the DagBag from /usr/local/python/3.10.13/lib/python3.10/site-packages/airflow/example_dags/example_branch_labels.py
[2024-06-24T16:21:49.958+0000] {processor.py:836} INFO - DAG(s) dict_keys(['example_branch_labels']) retrieved from /usr/local/python/3.10.13/lib/python3.10/site-packages/airflow/example_dags/example_branch_labels.py
[2024-06-24T16:21:49.971+0000] {logging_mixin.py:150} INFO - [2024-06-24T16:21:49.971+0000] {dag.py:2742} INFO - Sync 1 DAGs
[2024-06-24T16:21:49.986+0000] {logging_mixin.py:150} INFO - [2024-06-24T16:21:49.986+0000] {dag.py:3504} INFO - Setting next_dagrun for example_branch_labels to 2024-06-23T00:00:00+00:00, run_after=2024-06-24T00:00:00+00:00
[2024-06-24T16:21:50.038+0000] {processor.py:179} INFO - Processing /usr/local/python/3.10.13/lib/python3.10/site-packages/airflow/example_dags/example_branch_labels.py took 0.090 seconds
[2024-06-24T16:22:39.607+0000] {processor.py:157} INFO - Started process (PID=25700) to work on /usr/local/python/3.10.13/lib/python3.10/site-packages/airflow/example_dags/example_branch_labels.py
[2024-06-24T16:22:39.608+0000] {processor.py:826} INFO - Processing file /usr/local/python/3.10.13/lib/python3.10/site-packages/airflow/example_dags/example_branch_labels.py for tasks to queue
[2024-06-24T16:22:39.608+0000] {logging_mixin.py:150} INFO - [2024-06-24T16:22:39.608+0000] {dagbag.py:541} INFO - Filling up the DagBag from /usr/local/python/3.10.13/lib/python3.10/site-packages/airflow/example_dags/example_branch_labels.py
[2024-06-24T16:22:39.614+0000] {processor.py:836} INFO - DAG(s) dict_keys(['example_branch_labels']) retrieved from /usr/local/python/3.10.13/lib/python3.10/site-packages/airflow/example_dags/example_branch_labels.py
[2024-06-24T16:22:39.627+0000] {logging_mixin.py:150} INFO - [2024-06-24T16:22:39.627+0000] {dag.py:2742} INFO - Sync 1 DAGs
[2024-06-24T16:22:39.643+0000] {logging_mixin.py:150} INFO - [2024-06-24T16:22:39.643+0000] {dag.py:3504} INFO - Setting next_dagrun for example_branch_labels to 2024-06-23T00:00:00+00:00, run_after=2024-06-24T00:00:00+00:00
[2024-06-24T16:22:39.681+0000] {processor.py:179} INFO - Processing /usr/local/python/3.10.13/lib/python3.10/site-packages/airflow/example_dags/example_branch_labels.py took 0.076 seconds
[2024-06-24T16:23:24.481+0000] {processor.py:157} INFO - Started process (PID=26009) to work on /usr/local/python/3.10.13/lib/python3.10/site-packages/airflow/example_dags/example_branch_labels.py
[2024-06-24T16:23:24.482+0000] {processor.py:826} INFO - Processing file /usr/local/python/3.10.13/lib/python3.10/site-packages/airflow/example_dags/example_branch_labels.py for tasks to queue
[2024-06-24T16:23:24.483+0000] {logging_mixin.py:150} INFO - [2024-06-24T16:23:24.482+0000] {dagbag.py:541} INFO - Filling up the DagBag from /usr/local/python/3.10.13/lib/python3.10/site-packages/airflow/example_dags/example_branch_labels.py
[2024-06-24T16:23:24.488+0000] {processor.py:836} INFO - DAG(s) dict_keys(['example_branch_labels']) retrieved from /usr/local/python/3.10.13/lib/python3.10/site-packages/airflow/example_dags/example_branch_labels.py
[2024-06-24T16:23:24.501+0000] {logging_mixin.py:150} INFO - [2024-06-24T16:23:24.501+0000] {dag.py:2742} INFO - Sync 1 DAGs
[2024-06-24T16:23:24.517+0000] {logging_mixin.py:150} INFO - [2024-06-24T16:23:24.517+0000] {dag.py:3504} INFO - Setting next_dagrun for example_branch_labels to 2024-06-23T00:00:00+00:00, run_after=2024-06-24T00:00:00+00:00
[2024-06-24T16:23:24.558+0000] {processor.py:179} INFO - Processing /usr/local/python/3.10.13/lib/python3.10/site-packages/airflow/example_dags/example_branch_labels.py took 0.079 seconds
[2024-06-24T16:24:07.324+0000] {processor.py:157} INFO - Started process (PID=26322) to work on /usr/local/python/3.10.13/lib/python3.10/site-packages/airflow/example_dags/example_branch_labels.py
[2024-06-24T16:24:07.325+0000] {processor.py:826} INFO - Processing file /usr/local/python/3.10.13/lib/python3.10/site-packages/airflow/example_dags/example_branch_labels.py for tasks to queue
[2024-06-24T16:24:07.325+0000] {logging_mixin.py:150} INFO - [2024-06-24T16:24:07.325+0000] {dagbag.py:541} INFO - Filling up the DagBag from /usr/local/python/3.10.13/lib/python3.10/site-packages/airflow/example_dags/example_branch_labels.py
[2024-06-24T16:24:07.331+0000] {processor.py:836} INFO - DAG(s) dict_keys(['example_branch_labels']) retrieved from /usr/local/python/3.10.13/lib/python3.10/site-packages/airflow/example_dags/example_branch_labels.py
[2024-06-24T16:24:07.345+0000] {logging_mixin.py:150} INFO - [2024-06-24T16:24:07.345+0000] {dag.py:2742} INFO - Sync 1 DAGs
[2024-06-24T16:24:07.362+0000] {logging_mixin.py:150} INFO - [2024-06-24T16:24:07.362+0000] {dag.py:3504} INFO - Setting next_dagrun for example_branch_labels to 2024-06-23T00:00:00+00:00, run_after=2024-06-24T00:00:00+00:00
[2024-06-24T16:24:07.401+0000] {processor.py:179} INFO - Processing /usr/local/python/3.10.13/lib/python3.10/site-packages/airflow/example_dags/example_branch_labels.py took 0.079 seconds
[2024-06-24T16:24:54.892+0000] {processor.py:157} INFO - Started process (PID=26633) to work on /usr/local/python/3.10.13/lib/python3.10/site-packages/airflow/example_dags/example_branch_labels.py
[2024-06-24T16:24:54.893+0000] {processor.py:826} INFO - Processing file /usr/local/python/3.10.13/lib/python3.10/site-packages/airflow/example_dags/example_branch_labels.py for tasks to queue
[2024-06-24T16:24:54.893+0000] {logging_mixin.py:150} INFO - [2024-06-24T16:24:54.893+0000] {dagbag.py:541} INFO - Filling up the DagBag from /usr/local/python/3.10.13/lib/python3.10/site-packages/airflow/example_dags/example_branch_labels.py
[2024-06-24T16:24:54.899+0000] {processor.py:836} INFO - DAG(s) dict_keys(['example_branch_labels']) retrieved from /usr/local/python/3.10.13/lib/python3.10/site-packages/airflow/example_dags/example_branch_labels.py
[2024-06-24T16:24:54.914+0000] {logging_mixin.py:150} INFO - [2024-06-24T16:24:54.914+0000] {dag.py:2742} INFO - Sync 1 DAGs
[2024-06-24T16:24:54.932+0000] {logging_mixin.py:150} INFO - [2024-06-24T16:24:54.932+0000] {dag.py:3504} INFO - Setting next_dagrun for example_branch_labels to 2024-06-23T00:00:00+00:00, run_after=2024-06-24T00:00:00+00:00
[2024-06-24T16:24:54.973+0000] {processor.py:179} INFO - Processing /usr/local/python/3.10.13/lib/python3.10/site-packages/airflow/example_dags/example_branch_labels.py took 0.084 seconds
[2024-06-24T16:25:44.101+0000] {processor.py:157} INFO - Started process (PID=26975) to work on /usr/local/python/3.10.13/lib/python3.10/site-packages/airflow/example_dags/example_branch_labels.py
[2024-06-24T16:25:44.102+0000] {processor.py:826} INFO - Processing file /usr/local/python/3.10.13/lib/python3.10/site-packages/airflow/example_dags/example_branch_labels.py for tasks to queue
[2024-06-24T16:25:44.103+0000] {logging_mixin.py:150} INFO - [2024-06-24T16:25:44.102+0000] {dagbag.py:541} INFO - Filling up the DagBag from /usr/local/python/3.10.13/lib/python3.10/site-packages/airflow/example_dags/example_branch_labels.py
[2024-06-24T16:25:44.108+0000] {processor.py:836} INFO - DAG(s) dict_keys(['example_branch_labels']) retrieved from /usr/local/python/3.10.13/lib/python3.10/site-packages/airflow/example_dags/example_branch_labels.py
[2024-06-24T16:25:44.121+0000] {logging_mixin.py:150} INFO - [2024-06-24T16:25:44.121+0000] {dag.py:2742} INFO - Sync 1 DAGs
[2024-06-24T16:25:44.138+0000] {logging_mixin.py:150} INFO - [2024-06-24T16:25:44.138+0000] {dag.py:3504} INFO - Setting next_dagrun for example_branch_labels to 2024-06-23T00:00:00+00:00, run_after=2024-06-24T00:00:00+00:00
[2024-06-24T16:25:44.177+0000] {processor.py:179} INFO - Processing /usr/local/python/3.10.13/lib/python3.10/site-packages/airflow/example_dags/example_branch_labels.py took 0.078 seconds
[2024-06-24T16:26:29.827+0000] {processor.py:157} INFO - Started process (PID=27307) to work on /usr/local/python/3.10.13/lib/python3.10/site-packages/airflow/example_dags/example_branch_labels.py
[2024-06-24T16:26:29.828+0000] {processor.py:826} INFO - Processing file /usr/local/python/3.10.13/lib/python3.10/site-packages/airflow/example_dags/example_branch_labels.py for tasks to queue
[2024-06-24T16:26:29.828+0000] {logging_mixin.py:150} INFO - [2024-06-24T16:26:29.828+0000] {dagbag.py:541} INFO - Filling up the DagBag from /usr/local/python/3.10.13/lib/python3.10/site-packages/airflow/example_dags/example_branch_labels.py
[2024-06-24T16:26:29.834+0000] {processor.py:836} INFO - DAG(s) dict_keys(['example_branch_labels']) retrieved from /usr/local/python/3.10.13/lib/python3.10/site-packages/airflow/example_dags/example_branch_labels.py
[2024-06-24T16:26:29.847+0000] {logging_mixin.py:150} INFO - [2024-06-24T16:26:29.847+0000] {dag.py:2742} INFO - Sync 1 DAGs
[2024-06-24T16:26:29.864+0000] {logging_mixin.py:150} INFO - [2024-06-24T16:26:29.863+0000] {dag.py:3504} INFO - Setting next_dagrun for example_branch_labels to 2024-06-23T00:00:00+00:00, run_after=2024-06-24T00:00:00+00:00
[2024-06-24T16:26:29.902+0000] {processor.py:179} INFO - Processing /usr/local/python/3.10.13/lib/python3.10/site-packages/airflow/example_dags/example_branch_labels.py took 0.078 seconds
[2024-06-24T16:27:17.493+0000] {processor.py:157} INFO - Started process (PID=27624) to work on /usr/local/python/3.10.13/lib/python3.10/site-packages/airflow/example_dags/example_branch_labels.py
[2024-06-24T16:27:17.494+0000] {processor.py:826} INFO - Processing file /usr/local/python/3.10.13/lib/python3.10/site-packages/airflow/example_dags/example_branch_labels.py for tasks to queue
[2024-06-24T16:27:17.495+0000] {logging_mixin.py:150} INFO - [2024-06-24T16:27:17.494+0000] {dagbag.py:541} INFO - Filling up the DagBag from /usr/local/python/3.10.13/lib/python3.10/site-packages/airflow/example_dags/example_branch_labels.py
[2024-06-24T16:27:17.500+0000] {processor.py:836} INFO - DAG(s) dict_keys(['example_branch_labels']) retrieved from /usr/local/python/3.10.13/lib/python3.10/site-packages/airflow/example_dags/example_branch_labels.py
[2024-06-24T16:27:17.514+0000] {logging_mixin.py:150} INFO - [2024-06-24T16:27:17.513+0000] {dag.py:2742} INFO - Sync 1 DAGs
[2024-06-24T16:27:17.530+0000] {logging_mixin.py:150} INFO - [2024-06-24T16:27:17.530+0000] {dag.py:3504} INFO - Setting next_dagrun for example_branch_labels to 2024-06-23T00:00:00+00:00, run_after=2024-06-24T00:00:00+00:00
[2024-06-24T16:27:17.567+0000] {processor.py:179} INFO - Processing /usr/local/python/3.10.13/lib/python3.10/site-packages/airflow/example_dags/example_branch_labels.py took 0.076 seconds
[2024-06-24T16:28:00.825+0000] {processor.py:157} INFO - Started process (PID=27940) to work on /usr/local/python/3.10.13/lib/python3.10/site-packages/airflow/example_dags/example_branch_labels.py
[2024-06-24T16:28:00.826+0000] {processor.py:826} INFO - Processing file /usr/local/python/3.10.13/lib/python3.10/site-packages/airflow/example_dags/example_branch_labels.py for tasks to queue
[2024-06-24T16:28:00.826+0000] {logging_mixin.py:150} INFO - [2024-06-24T16:28:00.826+0000] {dagbag.py:541} INFO - Filling up the DagBag from /usr/local/python/3.10.13/lib/python3.10/site-packages/airflow/example_dags/example_branch_labels.py
[2024-06-24T16:28:00.832+0000] {processor.py:836} INFO - DAG(s) dict_keys(['example_branch_labels']) retrieved from /usr/local/python/3.10.13/lib/python3.10/site-packages/airflow/example_dags/example_branch_labels.py
[2024-06-24T16:28:00.845+0000] {logging_mixin.py:150} INFO - [2024-06-24T16:28:00.844+0000] {dag.py:2742} INFO - Sync 1 DAGs
[2024-06-24T16:28:00.861+0000] {logging_mixin.py:150} INFO - [2024-06-24T16:28:00.861+0000] {dag.py:3504} INFO - Setting next_dagrun for example_branch_labels to 2024-06-23T00:00:00+00:00, run_after=2024-06-24T00:00:00+00:00
[2024-06-24T16:28:00.898+0000] {processor.py:179} INFO - Processing /usr/local/python/3.10.13/lib/python3.10/site-packages/airflow/example_dags/example_branch_labels.py took 0.076 seconds
[2024-06-24T16:28:48.573+0000] {processor.py:157} INFO - Started process (PID=28265) to work on /usr/local/python/3.10.13/lib/python3.10/site-packages/airflow/example_dags/example_branch_labels.py
[2024-06-24T16:28:48.573+0000] {processor.py:826} INFO - Processing file /usr/local/python/3.10.13/lib/python3.10/site-packages/airflow/example_dags/example_branch_labels.py for tasks to queue
[2024-06-24T16:28:48.574+0000] {logging_mixin.py:150} INFO - [2024-06-24T16:28:48.574+0000] {dagbag.py:541} INFO - Filling up the DagBag from /usr/local/python/3.10.13/lib/python3.10/site-packages/airflow/example_dags/example_branch_labels.py
[2024-06-24T16:28:48.580+0000] {processor.py:836} INFO - DAG(s) dict_keys(['example_branch_labels']) retrieved from /usr/local/python/3.10.13/lib/python3.10/site-packages/airflow/example_dags/example_branch_labels.py
[2024-06-24T16:28:48.594+0000] {logging_mixin.py:150} INFO - [2024-06-24T16:28:48.594+0000] {dag.py:2742} INFO - Sync 1 DAGs
[2024-06-24T16:28:48.611+0000] {logging_mixin.py:150} INFO - [2024-06-24T16:28:48.611+0000] {dag.py:3504} INFO - Setting next_dagrun for example_branch_labels to 2024-06-23T00:00:00+00:00, run_after=2024-06-24T00:00:00+00:00
[2024-06-24T16:28:48.650+0000] {processor.py:179} INFO - Processing /usr/local/python/3.10.13/lib/python3.10/site-packages/airflow/example_dags/example_branch_labels.py took 0.080 seconds
[2024-06-24T16:29:36.354+0000] {processor.py:157} INFO - Started process (PID=28594) to work on /usr/local/python/3.10.13/lib/python3.10/site-packages/airflow/example_dags/example_branch_labels.py
[2024-06-24T16:29:36.354+0000] {processor.py:826} INFO - Processing file /usr/local/python/3.10.13/lib/python3.10/site-packages/airflow/example_dags/example_branch_labels.py for tasks to queue
[2024-06-24T16:29:36.355+0000] {logging_mixin.py:150} INFO - [2024-06-24T16:29:36.355+0000] {dagbag.py:541} INFO - Filling up the DagBag from /usr/local/python/3.10.13/lib/python3.10/site-packages/airflow/example_dags/example_branch_labels.py
[2024-06-24T16:29:36.361+0000] {processor.py:836} INFO - DAG(s) dict_keys(['example_branch_labels']) retrieved from /usr/local/python/3.10.13/lib/python3.10/site-packages/airflow/example_dags/example_branch_labels.py
[2024-06-24T16:29:36.374+0000] {logging_mixin.py:150} INFO - [2024-06-24T16:29:36.374+0000] {dag.py:2742} INFO - Sync 1 DAGs
[2024-06-24T16:29:36.392+0000] {logging_mixin.py:150} INFO - [2024-06-24T16:29:36.391+0000] {dag.py:3504} INFO - Setting next_dagrun for example_branch_labels to 2024-06-23T00:00:00+00:00, run_after=2024-06-24T00:00:00+00:00
[2024-06-24T16:29:36.430+0000] {processor.py:179} INFO - Processing /usr/local/python/3.10.13/lib/python3.10/site-packages/airflow/example_dags/example_branch_labels.py took 0.079 seconds
[2024-06-24T16:30:24.808+0000] {processor.py:157} INFO - Started process (PID=28937) to work on /usr/local/python/3.10.13/lib/python3.10/site-packages/airflow/example_dags/example_branch_labels.py
[2024-06-24T16:30:24.809+0000] {processor.py:826} INFO - Processing file /usr/local/python/3.10.13/lib/python3.10/site-packages/airflow/example_dags/example_branch_labels.py for tasks to queue
[2024-06-24T16:30:24.809+0000] {logging_mixin.py:150} INFO - [2024-06-24T16:30:24.809+0000] {dagbag.py:541} INFO - Filling up the DagBag from /usr/local/python/3.10.13/lib/python3.10/site-packages/airflow/example_dags/example_branch_labels.py
[2024-06-24T16:30:24.815+0000] {processor.py:836} INFO - DAG(s) dict_keys(['example_branch_labels']) retrieved from /usr/local/python/3.10.13/lib/python3.10/site-packages/airflow/example_dags/example_branch_labels.py
[2024-06-24T16:30:24.828+0000] {logging_mixin.py:150} INFO - [2024-06-24T16:30:24.828+0000] {dag.py:2742} INFO - Sync 1 DAGs
[2024-06-24T16:30:24.844+0000] {logging_mixin.py:150} INFO - [2024-06-24T16:30:24.843+0000] {dag.py:3504} INFO - Setting next_dagrun for example_branch_labels to 2024-06-23T00:00:00+00:00, run_after=2024-06-24T00:00:00+00:00
[2024-06-24T16:30:24.883+0000] {processor.py:179} INFO - Processing /usr/local/python/3.10.13/lib/python3.10/site-packages/airflow/example_dags/example_branch_labels.py took 0.077 seconds
[2024-06-24T16:31:12.969+0000] {processor.py:157} INFO - Started process (PID=29261) to work on /usr/local/python/3.10.13/lib/python3.10/site-packages/airflow/example_dags/example_branch_labels.py
[2024-06-24T16:31:12.970+0000] {processor.py:826} INFO - Processing file /usr/local/python/3.10.13/lib/python3.10/site-packages/airflow/example_dags/example_branch_labels.py for tasks to queue
[2024-06-24T16:31:12.971+0000] {logging_mixin.py:150} INFO - [2024-06-24T16:31:12.971+0000] {dagbag.py:541} INFO - Filling up the DagBag from /usr/local/python/3.10.13/lib/python3.10/site-packages/airflow/example_dags/example_branch_labels.py
[2024-06-24T16:31:12.982+0000] {processor.py:836} INFO - DAG(s) dict_keys(['example_branch_labels']) retrieved from /usr/local/python/3.10.13/lib/python3.10/site-packages/airflow/example_dags/example_branch_labels.py
[2024-06-24T16:31:13.006+0000] {logging_mixin.py:150} INFO - [2024-06-24T16:31:13.006+0000] {dag.py:2742} INFO - Sync 1 DAGs
[2024-06-24T16:31:13.033+0000] {logging_mixin.py:150} INFO - [2024-06-24T16:31:13.032+0000] {dag.py:3504} INFO - Setting next_dagrun for example_branch_labels to 2024-06-23T00:00:00+00:00, run_after=2024-06-24T00:00:00+00:00
[2024-06-24T16:31:13.089+0000] {processor.py:179} INFO - Processing /usr/local/python/3.10.13/lib/python3.10/site-packages/airflow/example_dags/example_branch_labels.py took 0.123 seconds
[2024-06-24T17:08:21.941+0000] {processor.py:157} INFO - Started process (PID=9607) to work on /usr/local/python/3.10.13/lib/python3.10/site-packages/airflow/example_dags/example_branch_labels.py
[2024-06-24T17:08:21.942+0000] {processor.py:826} INFO - Processing file /usr/local/python/3.10.13/lib/python3.10/site-packages/airflow/example_dags/example_branch_labels.py for tasks to queue
[2024-06-24T17:08:21.943+0000] {logging_mixin.py:150} INFO - [2024-06-24T17:08:21.943+0000] {dagbag.py:541} INFO - Filling up the DagBag from /usr/local/python/3.10.13/lib/python3.10/site-packages/airflow/example_dags/example_branch_labels.py
[2024-06-24T17:08:21.949+0000] {processor.py:836} INFO - DAG(s) dict_keys(['example_branch_labels']) retrieved from /usr/local/python/3.10.13/lib/python3.10/site-packages/airflow/example_dags/example_branch_labels.py
[2024-06-24T17:08:21.964+0000] {logging_mixin.py:150} INFO - [2024-06-24T17:08:21.964+0000] {dag.py:2742} INFO - Sync 1 DAGs
[2024-06-24T17:08:21.980+0000] {logging_mixin.py:150} INFO - [2024-06-24T17:08:21.980+0000] {dag.py:3504} INFO - Setting next_dagrun for example_branch_labels to 2024-06-23T00:00:00+00:00, run_after=2024-06-24T00:00:00+00:00
[2024-06-24T17:08:22.039+0000] {processor.py:179} INFO - Processing /usr/local/python/3.10.13/lib/python3.10/site-packages/airflow/example_dags/example_branch_labels.py took 0.100 seconds
[2024-06-24T17:09:14.272+0000] {processor.py:157} INFO - Started process (PID=9994) to work on /usr/local/python/3.10.13/lib/python3.10/site-packages/airflow/example_dags/example_branch_labels.py
[2024-06-24T17:09:14.273+0000] {processor.py:826} INFO - Processing file /usr/local/python/3.10.13/lib/python3.10/site-packages/airflow/example_dags/example_branch_labels.py for tasks to queue
[2024-06-24T17:09:14.274+0000] {logging_mixin.py:150} INFO - [2024-06-24T17:09:14.273+0000] {dagbag.py:541} INFO - Filling up the DagBag from /usr/local/python/3.10.13/lib/python3.10/site-packages/airflow/example_dags/example_branch_labels.py
[2024-06-24T17:09:14.280+0000] {processor.py:836} INFO - DAG(s) dict_keys(['example_branch_labels']) retrieved from /usr/local/python/3.10.13/lib/python3.10/site-packages/airflow/example_dags/example_branch_labels.py
[2024-06-24T17:09:14.293+0000] {logging_mixin.py:150} INFO - [2024-06-24T17:09:14.293+0000] {dag.py:2742} INFO - Sync 1 DAGs
[2024-06-24T17:09:14.311+0000] {logging_mixin.py:150} INFO - [2024-06-24T17:09:14.310+0000] {dag.py:3504} INFO - Setting next_dagrun for example_branch_labels to 2024-06-23T00:00:00+00:00, run_after=2024-06-24T00:00:00+00:00
[2024-06-24T17:09:14.350+0000] {processor.py:179} INFO - Processing /usr/local/python/3.10.13/lib/python3.10/site-packages/airflow/example_dags/example_branch_labels.py took 0.081 seconds
[2024-06-24T17:10:07.492+0000] {processor.py:157} INFO - Started process (PID=10362) to work on /usr/local/python/3.10.13/lib/python3.10/site-packages/airflow/example_dags/example_branch_labels.py
[2024-06-24T17:10:07.493+0000] {processor.py:826} INFO - Processing file /usr/local/python/3.10.13/lib/python3.10/site-packages/airflow/example_dags/example_branch_labels.py for tasks to queue
[2024-06-24T17:10:07.494+0000] {logging_mixin.py:150} INFO - [2024-06-24T17:10:07.494+0000] {dagbag.py:541} INFO - Filling up the DagBag from /usr/local/python/3.10.13/lib/python3.10/site-packages/airflow/example_dags/example_branch_labels.py
[2024-06-24T17:10:07.499+0000] {processor.py:836} INFO - DAG(s) dict_keys(['example_branch_labels']) retrieved from /usr/local/python/3.10.13/lib/python3.10/site-packages/airflow/example_dags/example_branch_labels.py
[2024-06-24T17:10:07.512+0000] {logging_mixin.py:150} INFO - [2024-06-24T17:10:07.512+0000] {dag.py:2742} INFO - Sync 1 DAGs
[2024-06-24T17:10:07.528+0000] {logging_mixin.py:150} INFO - [2024-06-24T17:10:07.528+0000] {dag.py:3504} INFO - Setting next_dagrun for example_branch_labels to 2024-06-23T00:00:00+00:00, run_after=2024-06-24T00:00:00+00:00
[2024-06-24T17:10:07.572+0000] {processor.py:179} INFO - Processing /usr/local/python/3.10.13/lib/python3.10/site-packages/airflow/example_dags/example_branch_labels.py took 0.082 seconds
[2024-06-24T17:10:55.289+0000] {processor.py:157} INFO - Started process (PID=10721) to work on /usr/local/python/3.10.13/lib/python3.10/site-packages/airflow/example_dags/example_branch_labels.py
[2024-06-24T17:10:55.290+0000] {processor.py:826} INFO - Processing file /usr/local/python/3.10.13/lib/python3.10/site-packages/airflow/example_dags/example_branch_labels.py for tasks to queue
[2024-06-24T17:10:55.290+0000] {logging_mixin.py:150} INFO - [2024-06-24T17:10:55.290+0000] {dagbag.py:541} INFO - Filling up the DagBag from /usr/local/python/3.10.13/lib/python3.10/site-packages/airflow/example_dags/example_branch_labels.py
[2024-06-24T17:10:55.296+0000] {processor.py:836} INFO - DAG(s) dict_keys(['example_branch_labels']) retrieved from /usr/local/python/3.10.13/lib/python3.10/site-packages/airflow/example_dags/example_branch_labels.py
[2024-06-24T17:10:55.309+0000] {logging_mixin.py:150} INFO - [2024-06-24T17:10:55.309+0000] {dag.py:2742} INFO - Sync 1 DAGs
[2024-06-24T17:10:55.326+0000] {logging_mixin.py:150} INFO - [2024-06-24T17:10:55.326+0000] {dag.py:3504} INFO - Setting next_dagrun for example_branch_labels to 2024-06-23T00:00:00+00:00, run_after=2024-06-24T00:00:00+00:00
[2024-06-24T17:10:55.364+0000] {processor.py:179} INFO - Processing /usr/local/python/3.10.13/lib/python3.10/site-packages/airflow/example_dags/example_branch_labels.py took 0.077 seconds
[2024-06-24T17:11:47.455+0000] {processor.py:157} INFO - Started process (PID=11107) to work on /usr/local/python/3.10.13/lib/python3.10/site-packages/airflow/example_dags/example_branch_labels.py
[2024-06-24T17:11:47.456+0000] {processor.py:826} INFO - Processing file /usr/local/python/3.10.13/lib/python3.10/site-packages/airflow/example_dags/example_branch_labels.py for tasks to queue
[2024-06-24T17:11:47.457+0000] {logging_mixin.py:150} INFO - [2024-06-24T17:11:47.456+0000] {dagbag.py:541} INFO - Filling up the DagBag from /usr/local/python/3.10.13/lib/python3.10/site-packages/airflow/example_dags/example_branch_labels.py
[2024-06-24T17:11:47.462+0000] {processor.py:836} INFO - DAG(s) dict_keys(['example_branch_labels']) retrieved from /usr/local/python/3.10.13/lib/python3.10/site-packages/airflow/example_dags/example_branch_labels.py
[2024-06-24T17:11:47.475+0000] {logging_mixin.py:150} INFO - [2024-06-24T17:11:47.475+0000] {dag.py:2742} INFO - Sync 1 DAGs
[2024-06-24T17:11:47.491+0000] {logging_mixin.py:150} INFO - [2024-06-24T17:11:47.491+0000] {dag.py:3504} INFO - Setting next_dagrun for example_branch_labels to 2024-06-23T00:00:00+00:00, run_after=2024-06-24T00:00:00+00:00
[2024-06-24T17:11:47.530+0000] {processor.py:179} INFO - Processing /usr/local/python/3.10.13/lib/python3.10/site-packages/airflow/example_dags/example_branch_labels.py took 0.077 seconds
[2024-06-24T17:12:46.323+0000] {processor.py:157} INFO - Started process (PID=11556) to work on /usr/local/python/3.10.13/lib/python3.10/site-packages/airflow/example_dags/example_branch_labels.py
[2024-06-24T17:12:46.324+0000] {processor.py:826} INFO - Processing file /usr/local/python/3.10.13/lib/python3.10/site-packages/airflow/example_dags/example_branch_labels.py for tasks to queue
[2024-06-24T17:12:46.325+0000] {logging_mixin.py:150} INFO - [2024-06-24T17:12:46.324+0000] {dagbag.py:541} INFO - Filling up the DagBag from /usr/local/python/3.10.13/lib/python3.10/site-packages/airflow/example_dags/example_branch_labels.py
[2024-06-24T17:12:46.330+0000] {processor.py:836} INFO - DAG(s) dict_keys(['example_branch_labels']) retrieved from /usr/local/python/3.10.13/lib/python3.10/site-packages/airflow/example_dags/example_branch_labels.py
[2024-06-24T17:12:46.344+0000] {logging_mixin.py:150} INFO - [2024-06-24T17:12:46.343+0000] {dag.py:2742} INFO - Sync 1 DAGs
[2024-06-24T17:12:46.359+0000] {logging_mixin.py:150} INFO - [2024-06-24T17:12:46.359+0000] {dag.py:3504} INFO - Setting next_dagrun for example_branch_labels to 2024-06-23T00:00:00+00:00, run_after=2024-06-24T00:00:00+00:00
[2024-06-24T17:12:46.404+0000] {processor.py:179} INFO - Processing /usr/local/python/3.10.13/lib/python3.10/site-packages/airflow/example_dags/example_branch_labels.py took 0.083 seconds
[2024-06-24T17:13:33.700+0000] {processor.py:157} INFO - Started process (PID=11928) to work on /usr/local/python/3.10.13/lib/python3.10/site-packages/airflow/example_dags/example_branch_labels.py
[2024-06-24T17:13:33.701+0000] {processor.py:826} INFO - Processing file /usr/local/python/3.10.13/lib/python3.10/site-packages/airflow/example_dags/example_branch_labels.py for tasks to queue
[2024-06-24T17:13:33.702+0000] {logging_mixin.py:150} INFO - [2024-06-24T17:13:33.701+0000] {dagbag.py:541} INFO - Filling up the DagBag from /usr/local/python/3.10.13/lib/python3.10/site-packages/airflow/example_dags/example_branch_labels.py
[2024-06-24T17:13:33.708+0000] {processor.py:836} INFO - DAG(s) dict_keys(['example_branch_labels']) retrieved from /usr/local/python/3.10.13/lib/python3.10/site-packages/airflow/example_dags/example_branch_labels.py
[2024-06-24T17:13:33.721+0000] {logging_mixin.py:150} INFO - [2024-06-24T17:13:33.721+0000] {dag.py:2742} INFO - Sync 1 DAGs
[2024-06-24T17:13:33.737+0000] {logging_mixin.py:150} INFO - [2024-06-24T17:13:33.737+0000] {dag.py:3504} INFO - Setting next_dagrun for example_branch_labels to 2024-06-23T00:00:00+00:00, run_after=2024-06-24T00:00:00+00:00
[2024-06-24T17:13:33.777+0000] {processor.py:179} INFO - Processing /usr/local/python/3.10.13/lib/python3.10/site-packages/airflow/example_dags/example_branch_labels.py took 0.079 seconds
[2024-06-24T17:14:17.977+0000] {processor.py:157} INFO - Started process (PID=12263) to work on /usr/local/python/3.10.13/lib/python3.10/site-packages/airflow/example_dags/example_branch_labels.py
[2024-06-24T17:14:17.978+0000] {processor.py:826} INFO - Processing file /usr/local/python/3.10.13/lib/python3.10/site-packages/airflow/example_dags/example_branch_labels.py for tasks to queue
[2024-06-24T17:14:17.979+0000] {logging_mixin.py:150} INFO - [2024-06-24T17:14:17.978+0000] {dagbag.py:541} INFO - Filling up the DagBag from /usr/local/python/3.10.13/lib/python3.10/site-packages/airflow/example_dags/example_branch_labels.py
[2024-06-24T17:14:17.985+0000] {processor.py:836} INFO - DAG(s) dict_keys(['example_branch_labels']) retrieved from /usr/local/python/3.10.13/lib/python3.10/site-packages/airflow/example_dags/example_branch_labels.py
[2024-06-24T17:14:17.998+0000] {logging_mixin.py:150} INFO - [2024-06-24T17:14:17.998+0000] {dag.py:2742} INFO - Sync 1 DAGs
[2024-06-24T17:14:18.016+0000] {logging_mixin.py:150} INFO - [2024-06-24T17:14:18.015+0000] {dag.py:3504} INFO - Setting next_dagrun for example_branch_labels to 2024-06-23T00:00:00+00:00, run_after=2024-06-24T00:00:00+00:00
[2024-06-24T17:14:18.073+0000] {processor.py:179} INFO - Processing /usr/local/python/3.10.13/lib/python3.10/site-packages/airflow/example_dags/example_branch_labels.py took 0.098 seconds
[2024-06-24T17:15:06.508+0000] {processor.py:157} INFO - Started process (PID=12647) to work on /usr/local/python/3.10.13/lib/python3.10/site-packages/airflow/example_dags/example_branch_labels.py
[2024-06-24T17:15:06.509+0000] {processor.py:826} INFO - Processing file /usr/local/python/3.10.13/lib/python3.10/site-packages/airflow/example_dags/example_branch_labels.py for tasks to queue
[2024-06-24T17:15:06.509+0000] {logging_mixin.py:150} INFO - [2024-06-24T17:15:06.509+0000] {dagbag.py:541} INFO - Filling up the DagBag from /usr/local/python/3.10.13/lib/python3.10/site-packages/airflow/example_dags/example_branch_labels.py
[2024-06-24T17:15:06.515+0000] {processor.py:836} INFO - DAG(s) dict_keys(['example_branch_labels']) retrieved from /usr/local/python/3.10.13/lib/python3.10/site-packages/airflow/example_dags/example_branch_labels.py
[2024-06-24T17:15:06.528+0000] {logging_mixin.py:150} INFO - [2024-06-24T17:15:06.528+0000] {dag.py:2742} INFO - Sync 1 DAGs
[2024-06-24T17:15:06.545+0000] {logging_mixin.py:150} INFO - [2024-06-24T17:15:06.544+0000] {dag.py:3504} INFO - Setting next_dagrun for example_branch_labels to 2024-06-23T00:00:00+00:00, run_after=2024-06-24T00:00:00+00:00
[2024-06-24T17:15:06.589+0000] {processor.py:179} INFO - Processing /usr/local/python/3.10.13/lib/python3.10/site-packages/airflow/example_dags/example_branch_labels.py took 0.083 seconds
[2024-06-24T17:15:57.093+0000] {processor.py:157} INFO - Started process (PID=13013) to work on /usr/local/python/3.10.13/lib/python3.10/site-packages/airflow/example_dags/example_branch_labels.py
[2024-06-24T17:15:57.094+0000] {processor.py:826} INFO - Processing file /usr/local/python/3.10.13/lib/python3.10/site-packages/airflow/example_dags/example_branch_labels.py for tasks to queue
[2024-06-24T17:15:57.095+0000] {logging_mixin.py:150} INFO - [2024-06-24T17:15:57.094+0000] {dagbag.py:541} INFO - Filling up the DagBag from /usr/local/python/3.10.13/lib/python3.10/site-packages/airflow/example_dags/example_branch_labels.py
[2024-06-24T17:15:57.100+0000] {processor.py:836} INFO - DAG(s) dict_keys(['example_branch_labels']) retrieved from /usr/local/python/3.10.13/lib/python3.10/site-packages/airflow/example_dags/example_branch_labels.py
[2024-06-24T17:15:57.114+0000] {logging_mixin.py:150} INFO - [2024-06-24T17:15:57.113+0000] {dag.py:2742} INFO - Sync 1 DAGs
[2024-06-24T17:15:57.131+0000] {logging_mixin.py:150} INFO - [2024-06-24T17:15:57.131+0000] {dag.py:3504} INFO - Setting next_dagrun for example_branch_labels to 2024-06-23T00:00:00+00:00, run_after=2024-06-24T00:00:00+00:00
[2024-06-24T17:15:57.175+0000] {processor.py:179} INFO - Processing /usr/local/python/3.10.13/lib/python3.10/site-packages/airflow/example_dags/example_branch_labels.py took 0.084 seconds
[2024-06-24T17:16:45.506+0000] {processor.py:157} INFO - Started process (PID=13387) to work on /usr/local/python/3.10.13/lib/python3.10/site-packages/airflow/example_dags/example_branch_labels.py
[2024-06-24T17:16:45.507+0000] {processor.py:826} INFO - Processing file /usr/local/python/3.10.13/lib/python3.10/site-packages/airflow/example_dags/example_branch_labels.py for tasks to queue
[2024-06-24T17:16:45.508+0000] {logging_mixin.py:150} INFO - [2024-06-24T17:16:45.508+0000] {dagbag.py:541} INFO - Filling up the DagBag from /usr/local/python/3.10.13/lib/python3.10/site-packages/airflow/example_dags/example_branch_labels.py
[2024-06-24T17:16:45.517+0000] {processor.py:836} INFO - DAG(s) dict_keys(['example_branch_labels']) retrieved from /usr/local/python/3.10.13/lib/python3.10/site-packages/airflow/example_dags/example_branch_labels.py
[2024-06-24T17:16:45.536+0000] {logging_mixin.py:150} INFO - [2024-06-24T17:16:45.536+0000] {dag.py:2742} INFO - Sync 1 DAGs
[2024-06-24T17:16:45.577+0000] {logging_mixin.py:150} INFO - [2024-06-24T17:16:45.577+0000] {dag.py:3504} INFO - Setting next_dagrun for example_branch_labels to 2024-06-23T00:00:00+00:00, run_after=2024-06-24T00:00:00+00:00
[2024-06-24T17:16:45.643+0000] {processor.py:179} INFO - Processing /usr/local/python/3.10.13/lib/python3.10/site-packages/airflow/example_dags/example_branch_labels.py took 0.140 seconds
[2024-06-24T17:17:38.800+0000] {processor.py:157} INFO - Started process (PID=13774) to work on /usr/local/python/3.10.13/lib/python3.10/site-packages/airflow/example_dags/example_branch_labels.py
[2024-06-24T17:17:38.801+0000] {processor.py:826} INFO - Processing file /usr/local/python/3.10.13/lib/python3.10/site-packages/airflow/example_dags/example_branch_labels.py for tasks to queue
[2024-06-24T17:17:38.802+0000] {logging_mixin.py:150} INFO - [2024-06-24T17:17:38.802+0000] {dagbag.py:541} INFO - Filling up the DagBag from /usr/local/python/3.10.13/lib/python3.10/site-packages/airflow/example_dags/example_branch_labels.py
[2024-06-24T17:17:38.808+0000] {processor.py:836} INFO - DAG(s) dict_keys(['example_branch_labels']) retrieved from /usr/local/python/3.10.13/lib/python3.10/site-packages/airflow/example_dags/example_branch_labels.py
[2024-06-24T17:17:38.821+0000] {logging_mixin.py:150} INFO - [2024-06-24T17:17:38.821+0000] {dag.py:2742} INFO - Sync 1 DAGs
[2024-06-24T17:17:38.837+0000] {logging_mixin.py:150} INFO - [2024-06-24T17:17:38.837+0000] {dag.py:3504} INFO - Setting next_dagrun for example_branch_labels to 2024-06-23T00:00:00+00:00, run_after=2024-06-24T00:00:00+00:00
[2024-06-24T17:17:38.874+0000] {processor.py:179} INFO - Processing /usr/local/python/3.10.13/lib/python3.10/site-packages/airflow/example_dags/example_branch_labels.py took 0.076 seconds
[2024-06-24T17:18:46.749+0000] {processor.py:157} INFO - Started process (PID=14269) to work on /usr/local/python/3.10.13/lib/python3.10/site-packages/airflow/example_dags/example_branch_labels.py
[2024-06-24T17:18:46.750+0000] {processor.py:826} INFO - Processing file /usr/local/python/3.10.13/lib/python3.10/site-packages/airflow/example_dags/example_branch_labels.py for tasks to queue
[2024-06-24T17:18:46.750+0000] {logging_mixin.py:150} INFO - [2024-06-24T17:18:46.750+0000] {dagbag.py:541} INFO - Filling up the DagBag from /usr/local/python/3.10.13/lib/python3.10/site-packages/airflow/example_dags/example_branch_labels.py
[2024-06-24T17:18:46.756+0000] {processor.py:836} INFO - DAG(s) dict_keys(['example_branch_labels']) retrieved from /usr/local/python/3.10.13/lib/python3.10/site-packages/airflow/example_dags/example_branch_labels.py
[2024-06-24T17:18:46.769+0000] {logging_mixin.py:150} INFO - [2024-06-24T17:18:46.769+0000] {dag.py:2742} INFO - Sync 1 DAGs
[2024-06-24T17:18:46.786+0000] {logging_mixin.py:150} INFO - [2024-06-24T17:18:46.786+0000] {dag.py:3504} INFO - Setting next_dagrun for example_branch_labels to 2024-06-23T00:00:00+00:00, run_after=2024-06-24T00:00:00+00:00
[2024-06-24T17:18:46.823+0000] {processor.py:179} INFO - Processing /usr/local/python/3.10.13/lib/python3.10/site-packages/airflow/example_dags/example_branch_labels.py took 0.076 seconds
[2024-06-24T17:19:40.954+0000] {processor.py:157} INFO - Started process (PID=14681) to work on /usr/local/python/3.10.13/lib/python3.10/site-packages/airflow/example_dags/example_branch_labels.py
[2024-06-24T17:19:40.955+0000] {processor.py:826} INFO - Processing file /usr/local/python/3.10.13/lib/python3.10/site-packages/airflow/example_dags/example_branch_labels.py for tasks to queue
[2024-06-24T17:19:40.956+0000] {logging_mixin.py:150} INFO - [2024-06-24T17:19:40.955+0000] {dagbag.py:541} INFO - Filling up the DagBag from /usr/local/python/3.10.13/lib/python3.10/site-packages/airflow/example_dags/example_branch_labels.py
[2024-06-24T17:19:40.962+0000] {processor.py:836} INFO - DAG(s) dict_keys(['example_branch_labels']) retrieved from /usr/local/python/3.10.13/lib/python3.10/site-packages/airflow/example_dags/example_branch_labels.py
[2024-06-24T17:19:40.975+0000] {logging_mixin.py:150} INFO - [2024-06-24T17:19:40.974+0000] {dag.py:2742} INFO - Sync 1 DAGs
[2024-06-24T17:19:40.991+0000] {logging_mixin.py:150} INFO - [2024-06-24T17:19:40.991+0000] {dag.py:3504} INFO - Setting next_dagrun for example_branch_labels to 2024-06-23T00:00:00+00:00, run_after=2024-06-24T00:00:00+00:00
[2024-06-24T17:19:41.030+0000] {processor.py:179} INFO - Processing /usr/local/python/3.10.13/lib/python3.10/site-packages/airflow/example_dags/example_branch_labels.py took 0.078 seconds
[2024-06-24T17:20:40.379+0000] {processor.py:157} INFO - Started process (PID=15098) to work on /usr/local/python/3.10.13/lib/python3.10/site-packages/airflow/example_dags/example_branch_labels.py
[2024-06-24T17:20:40.380+0000] {processor.py:826} INFO - Processing file /usr/local/python/3.10.13/lib/python3.10/site-packages/airflow/example_dags/example_branch_labels.py for tasks to queue
[2024-06-24T17:20:40.380+0000] {logging_mixin.py:150} INFO - [2024-06-24T17:20:40.380+0000] {dagbag.py:541} INFO - Filling up the DagBag from /usr/local/python/3.10.13/lib/python3.10/site-packages/airflow/example_dags/example_branch_labels.py
[2024-06-24T17:20:40.387+0000] {processor.py:836} INFO - DAG(s) dict_keys(['example_branch_labels']) retrieved from /usr/local/python/3.10.13/lib/python3.10/site-packages/airflow/example_dags/example_branch_labels.py
[2024-06-24T17:20:40.401+0000] {logging_mixin.py:150} INFO - [2024-06-24T17:20:40.401+0000] {dag.py:2742} INFO - Sync 1 DAGs
[2024-06-24T17:20:40.418+0000] {logging_mixin.py:150} INFO - [2024-06-24T17:20:40.418+0000] {dag.py:3504} INFO - Setting next_dagrun for example_branch_labels to 2024-06-23T00:00:00+00:00, run_after=2024-06-24T00:00:00+00:00
[2024-06-24T17:20:40.456+0000] {processor.py:179} INFO - Processing /usr/local/python/3.10.13/lib/python3.10/site-packages/airflow/example_dags/example_branch_labels.py took 0.079 seconds
[2024-06-24T17:21:36.553+0000] {processor.py:157} INFO - Started process (PID=15499) to work on /usr/local/python/3.10.13/lib/python3.10/site-packages/airflow/example_dags/example_branch_labels.py
[2024-06-24T17:21:36.554+0000] {processor.py:826} INFO - Processing file /usr/local/python/3.10.13/lib/python3.10/site-packages/airflow/example_dags/example_branch_labels.py for tasks to queue
[2024-06-24T17:21:36.555+0000] {logging_mixin.py:150} INFO - [2024-06-24T17:21:36.554+0000] {dagbag.py:541} INFO - Filling up the DagBag from /usr/local/python/3.10.13/lib/python3.10/site-packages/airflow/example_dags/example_branch_labels.py
[2024-06-24T17:21:36.561+0000] {processor.py:836} INFO - DAG(s) dict_keys(['example_branch_labels']) retrieved from /usr/local/python/3.10.13/lib/python3.10/site-packages/airflow/example_dags/example_branch_labels.py
[2024-06-24T17:21:36.574+0000] {logging_mixin.py:150} INFO - [2024-06-24T17:21:36.574+0000] {dag.py:2742} INFO - Sync 1 DAGs
[2024-06-24T17:21:36.590+0000] {logging_mixin.py:150} INFO - [2024-06-24T17:21:36.590+0000] {dag.py:3504} INFO - Setting next_dagrun for example_branch_labels to 2024-06-23T00:00:00+00:00, run_after=2024-06-24T00:00:00+00:00
[2024-06-24T17:21:36.629+0000] {processor.py:179} INFO - Processing /usr/local/python/3.10.13/lib/python3.10/site-packages/airflow/example_dags/example_branch_labels.py took 0.078 seconds
[2024-06-24T17:22:25.040+0000] {processor.py:157} INFO - Started process (PID=15828) to work on /usr/local/python/3.10.13/lib/python3.10/site-packages/airflow/example_dags/example_branch_labels.py
[2024-06-24T17:22:25.041+0000] {processor.py:826} INFO - Processing file /usr/local/python/3.10.13/lib/python3.10/site-packages/airflow/example_dags/example_branch_labels.py for tasks to queue
[2024-06-24T17:22:25.041+0000] {logging_mixin.py:150} INFO - [2024-06-24T17:22:25.041+0000] {dagbag.py:541} INFO - Filling up the DagBag from /usr/local/python/3.10.13/lib/python3.10/site-packages/airflow/example_dags/example_branch_labels.py
[2024-06-24T17:22:25.047+0000] {processor.py:836} INFO - DAG(s) dict_keys(['example_branch_labels']) retrieved from /usr/local/python/3.10.13/lib/python3.10/site-packages/airflow/example_dags/example_branch_labels.py
[2024-06-24T17:22:25.060+0000] {logging_mixin.py:150} INFO - [2024-06-24T17:22:25.060+0000] {dag.py:2742} INFO - Sync 1 DAGs
[2024-06-24T17:22:25.076+0000] {logging_mixin.py:150} INFO - [2024-06-24T17:22:25.076+0000] {dag.py:3504} INFO - Setting next_dagrun for example_branch_labels to 2024-06-23T00:00:00+00:00, run_after=2024-06-24T00:00:00+00:00
[2024-06-24T17:22:25.114+0000] {processor.py:179} INFO - Processing /usr/local/python/3.10.13/lib/python3.10/site-packages/airflow/example_dags/example_branch_labels.py took 0.076 seconds
[2024-06-24T17:23:19.054+0000] {processor.py:157} INFO - Started process (PID=16214) to work on /usr/local/python/3.10.13/lib/python3.10/site-packages/airflow/example_dags/example_branch_labels.py
[2024-06-24T17:23:19.055+0000] {processor.py:826} INFO - Processing file /usr/local/python/3.10.13/lib/python3.10/site-packages/airflow/example_dags/example_branch_labels.py for tasks to queue
[2024-06-24T17:23:19.056+0000] {logging_mixin.py:150} INFO - [2024-06-24T17:23:19.055+0000] {dagbag.py:541} INFO - Filling up the DagBag from /usr/local/python/3.10.13/lib/python3.10/site-packages/airflow/example_dags/example_branch_labels.py
[2024-06-24T17:23:19.062+0000] {processor.py:836} INFO - DAG(s) dict_keys(['example_branch_labels']) retrieved from /usr/local/python/3.10.13/lib/python3.10/site-packages/airflow/example_dags/example_branch_labels.py
[2024-06-24T17:23:19.075+0000] {logging_mixin.py:150} INFO - [2024-06-24T17:23:19.075+0000] {dag.py:2742} INFO - Sync 1 DAGs
[2024-06-24T17:23:19.092+0000] {logging_mixin.py:150} INFO - [2024-06-24T17:23:19.092+0000] {dag.py:3504} INFO - Setting next_dagrun for example_branch_labels to 2024-06-23T00:00:00+00:00, run_after=2024-06-24T00:00:00+00:00
[2024-06-24T17:23:19.133+0000] {processor.py:179} INFO - Processing /usr/local/python/3.10.13/lib/python3.10/site-packages/airflow/example_dags/example_branch_labels.py took 0.081 seconds
[2024-06-24T17:24:08.377+0000] {processor.py:157} INFO - Started process (PID=16541) to work on /usr/local/python/3.10.13/lib/python3.10/site-packages/airflow/example_dags/example_branch_labels.py
[2024-06-24T17:24:08.378+0000] {processor.py:826} INFO - Processing file /usr/local/python/3.10.13/lib/python3.10/site-packages/airflow/example_dags/example_branch_labels.py for tasks to queue
[2024-06-24T17:24:08.378+0000] {logging_mixin.py:150} INFO - [2024-06-24T17:24:08.378+0000] {dagbag.py:541} INFO - Filling up the DagBag from /usr/local/python/3.10.13/lib/python3.10/site-packages/airflow/example_dags/example_branch_labels.py
[2024-06-24T17:24:08.384+0000] {processor.py:836} INFO - DAG(s) dict_keys(['example_branch_labels']) retrieved from /usr/local/python/3.10.13/lib/python3.10/site-packages/airflow/example_dags/example_branch_labels.py
[2024-06-24T17:24:08.397+0000] {logging_mixin.py:150} INFO - [2024-06-24T17:24:08.397+0000] {dag.py:2742} INFO - Sync 1 DAGs
[2024-06-24T17:24:08.414+0000] {logging_mixin.py:150} INFO - [2024-06-24T17:24:08.413+0000] {dag.py:3504} INFO - Setting next_dagrun for example_branch_labels to 2024-06-23T00:00:00+00:00, run_after=2024-06-24T00:00:00+00:00
[2024-06-24T17:24:08.461+0000] {processor.py:179} INFO - Processing /usr/local/python/3.10.13/lib/python3.10/site-packages/airflow/example_dags/example_branch_labels.py took 0.086 seconds
[2024-06-24T17:25:05.485+0000] {processor.py:157} INFO - Started process (PID=16946) to work on /usr/local/python/3.10.13/lib/python3.10/site-packages/airflow/example_dags/example_branch_labels.py
[2024-06-24T17:25:05.486+0000] {processor.py:826} INFO - Processing file /usr/local/python/3.10.13/lib/python3.10/site-packages/airflow/example_dags/example_branch_labels.py for tasks to queue
[2024-06-24T17:25:05.486+0000] {logging_mixin.py:150} INFO - [2024-06-24T17:25:05.486+0000] {dagbag.py:541} INFO - Filling up the DagBag from /usr/local/python/3.10.13/lib/python3.10/site-packages/airflow/example_dags/example_branch_labels.py
[2024-06-24T17:25:05.492+0000] {processor.py:836} INFO - DAG(s) dict_keys(['example_branch_labels']) retrieved from /usr/local/python/3.10.13/lib/python3.10/site-packages/airflow/example_dags/example_branch_labels.py
[2024-06-24T17:25:05.505+0000] {logging_mixin.py:150} INFO - [2024-06-24T17:25:05.505+0000] {dag.py:2742} INFO - Sync 1 DAGs
[2024-06-24T17:25:05.521+0000] {logging_mixin.py:150} INFO - [2024-06-24T17:25:05.520+0000] {dag.py:3504} INFO - Setting next_dagrun for example_branch_labels to 2024-06-23T00:00:00+00:00, run_after=2024-06-24T00:00:00+00:00
[2024-06-24T17:25:05.557+0000] {processor.py:179} INFO - Processing /usr/local/python/3.10.13/lib/python3.10/site-packages/airflow/example_dags/example_branch_labels.py took 0.074 seconds
[2024-06-24T17:25:54.628+0000] {processor.py:157} INFO - Started process (PID=17296) to work on /usr/local/python/3.10.13/lib/python3.10/site-packages/airflow/example_dags/example_branch_labels.py
[2024-06-24T17:25:54.629+0000] {processor.py:826} INFO - Processing file /usr/local/python/3.10.13/lib/python3.10/site-packages/airflow/example_dags/example_branch_labels.py for tasks to queue
[2024-06-24T17:25:54.629+0000] {logging_mixin.py:150} INFO - [2024-06-24T17:25:54.629+0000] {dagbag.py:541} INFO - Filling up the DagBag from /usr/local/python/3.10.13/lib/python3.10/site-packages/airflow/example_dags/example_branch_labels.py
[2024-06-24T17:25:54.635+0000] {processor.py:836} INFO - DAG(s) dict_keys(['example_branch_labels']) retrieved from /usr/local/python/3.10.13/lib/python3.10/site-packages/airflow/example_dags/example_branch_labels.py
[2024-06-24T17:25:54.652+0000] {logging_mixin.py:150} INFO - [2024-06-24T17:25:54.652+0000] {dag.py:2742} INFO - Sync 1 DAGs
[2024-06-24T17:25:54.670+0000] {logging_mixin.py:150} INFO - [2024-06-24T17:25:54.670+0000] {dag.py:3504} INFO - Setting next_dagrun for example_branch_labels to 2024-06-23T00:00:00+00:00, run_after=2024-06-24T00:00:00+00:00
[2024-06-24T17:25:54.712+0000] {processor.py:179} INFO - Processing /usr/local/python/3.10.13/lib/python3.10/site-packages/airflow/example_dags/example_branch_labels.py took 0.086 seconds
[2024-06-24T17:26:44.052+0000] {processor.py:157} INFO - Started process (PID=17644) to work on /usr/local/python/3.10.13/lib/python3.10/site-packages/airflow/example_dags/example_branch_labels.py
[2024-06-24T17:26:44.053+0000] {processor.py:826} INFO - Processing file /usr/local/python/3.10.13/lib/python3.10/site-packages/airflow/example_dags/example_branch_labels.py for tasks to queue
[2024-06-24T17:26:44.055+0000] {logging_mixin.py:150} INFO - [2024-06-24T17:26:44.054+0000] {dagbag.py:541} INFO - Filling up the DagBag from /usr/local/python/3.10.13/lib/python3.10/site-packages/airflow/example_dags/example_branch_labels.py
[2024-06-24T17:26:44.063+0000] {processor.py:836} INFO - DAG(s) dict_keys(['example_branch_labels']) retrieved from /usr/local/python/3.10.13/lib/python3.10/site-packages/airflow/example_dags/example_branch_labels.py
[2024-06-24T17:26:44.084+0000] {logging_mixin.py:150} INFO - [2024-06-24T17:26:44.084+0000] {dag.py:2742} INFO - Sync 1 DAGs
[2024-06-24T17:26:44.105+0000] {logging_mixin.py:150} INFO - [2024-06-24T17:26:44.105+0000] {dag.py:3504} INFO - Setting next_dagrun for example_branch_labels to 2024-06-23T00:00:00+00:00, run_after=2024-06-24T00:00:00+00:00
[2024-06-24T17:26:44.144+0000] {processor.py:179} INFO - Processing /usr/local/python/3.10.13/lib/python3.10/site-packages/airflow/example_dags/example_branch_labels.py took 0.094 seconds
[2024-06-24T17:27:35.726+0000] {processor.py:157} INFO - Started process (PID=18011) to work on /usr/local/python/3.10.13/lib/python3.10/site-packages/airflow/example_dags/example_branch_labels.py
[2024-06-24T17:27:35.727+0000] {processor.py:826} INFO - Processing file /usr/local/python/3.10.13/lib/python3.10/site-packages/airflow/example_dags/example_branch_labels.py for tasks to queue
[2024-06-24T17:27:35.728+0000] {logging_mixin.py:150} INFO - [2024-06-24T17:27:35.728+0000] {dagbag.py:541} INFO - Filling up the DagBag from /usr/local/python/3.10.13/lib/python3.10/site-packages/airflow/example_dags/example_branch_labels.py
[2024-06-24T17:27:35.734+0000] {processor.py:836} INFO - DAG(s) dict_keys(['example_branch_labels']) retrieved from /usr/local/python/3.10.13/lib/python3.10/site-packages/airflow/example_dags/example_branch_labels.py
[2024-06-24T17:27:35.749+0000] {logging_mixin.py:150} INFO - [2024-06-24T17:27:35.749+0000] {dag.py:2742} INFO - Sync 1 DAGs
[2024-06-24T17:27:35.783+0000] {logging_mixin.py:150} INFO - [2024-06-24T17:27:35.783+0000] {dag.py:3504} INFO - Setting next_dagrun for example_branch_labels to 2024-06-23T00:00:00+00:00, run_after=2024-06-24T00:00:00+00:00
[2024-06-24T17:27:35.826+0000] {processor.py:179} INFO - Processing /usr/local/python/3.10.13/lib/python3.10/site-packages/airflow/example_dags/example_branch_labels.py took 0.101 seconds
[2024-06-24T17:28:29.584+0000] {processor.py:157} INFO - Started process (PID=18376) to work on /usr/local/python/3.10.13/lib/python3.10/site-packages/airflow/example_dags/example_branch_labels.py
[2024-06-24T17:28:29.584+0000] {processor.py:826} INFO - Processing file /usr/local/python/3.10.13/lib/python3.10/site-packages/airflow/example_dags/example_branch_labels.py for tasks to queue
[2024-06-24T17:28:29.585+0000] {logging_mixin.py:150} INFO - [2024-06-24T17:28:29.585+0000] {dagbag.py:541} INFO - Filling up the DagBag from /usr/local/python/3.10.13/lib/python3.10/site-packages/airflow/example_dags/example_branch_labels.py
[2024-06-24T17:28:29.591+0000] {processor.py:836} INFO - DAG(s) dict_keys(['example_branch_labels']) retrieved from /usr/local/python/3.10.13/lib/python3.10/site-packages/airflow/example_dags/example_branch_labels.py
[2024-06-24T17:28:29.604+0000] {logging_mixin.py:150} INFO - [2024-06-24T17:28:29.604+0000] {dag.py:2742} INFO - Sync 1 DAGs
[2024-06-24T17:28:29.620+0000] {logging_mixin.py:150} INFO - [2024-06-24T17:28:29.620+0000] {dag.py:3504} INFO - Setting next_dagrun for example_branch_labels to 2024-06-23T00:00:00+00:00, run_after=2024-06-24T00:00:00+00:00
[2024-06-24T17:28:29.670+0000] {processor.py:179} INFO - Processing /usr/local/python/3.10.13/lib/python3.10/site-packages/airflow/example_dags/example_branch_labels.py took 0.088 seconds
[2024-06-24T17:29:22.435+0000] {processor.py:157} INFO - Started process (PID=18734) to work on /usr/local/python/3.10.13/lib/python3.10/site-packages/airflow/example_dags/example_branch_labels.py
[2024-06-24T17:29:22.436+0000] {processor.py:826} INFO - Processing file /usr/local/python/3.10.13/lib/python3.10/site-packages/airflow/example_dags/example_branch_labels.py for tasks to queue
[2024-06-24T17:29:22.437+0000] {logging_mixin.py:150} INFO - [2024-06-24T17:29:22.436+0000] {dagbag.py:541} INFO - Filling up the DagBag from /usr/local/python/3.10.13/lib/python3.10/site-packages/airflow/example_dags/example_branch_labels.py
[2024-06-24T17:29:22.442+0000] {processor.py:836} INFO - DAG(s) dict_keys(['example_branch_labels']) retrieved from /usr/local/python/3.10.13/lib/python3.10/site-packages/airflow/example_dags/example_branch_labels.py
[2024-06-24T17:29:22.455+0000] {logging_mixin.py:150} INFO - [2024-06-24T17:29:22.455+0000] {dag.py:2742} INFO - Sync 1 DAGs
[2024-06-24T17:29:22.471+0000] {logging_mixin.py:150} INFO - [2024-06-24T17:29:22.471+0000] {dag.py:3504} INFO - Setting next_dagrun for example_branch_labels to 2024-06-23T00:00:00+00:00, run_after=2024-06-24T00:00:00+00:00
[2024-06-24T17:29:22.517+0000] {processor.py:179} INFO - Processing /usr/local/python/3.10.13/lib/python3.10/site-packages/airflow/example_dags/example_branch_labels.py took 0.084 seconds
[2024-06-24T17:30:14.920+0000] {processor.py:157} INFO - Started process (PID=19098) to work on /usr/local/python/3.10.13/lib/python3.10/site-packages/airflow/example_dags/example_branch_labels.py
[2024-06-24T17:30:14.921+0000] {processor.py:826} INFO - Processing file /usr/local/python/3.10.13/lib/python3.10/site-packages/airflow/example_dags/example_branch_labels.py for tasks to queue
[2024-06-24T17:30:14.922+0000] {logging_mixin.py:150} INFO - [2024-06-24T17:30:14.921+0000] {dagbag.py:541} INFO - Filling up the DagBag from /usr/local/python/3.10.13/lib/python3.10/site-packages/airflow/example_dags/example_branch_labels.py
[2024-06-24T17:30:14.928+0000] {processor.py:836} INFO - DAG(s) dict_keys(['example_branch_labels']) retrieved from /usr/local/python/3.10.13/lib/python3.10/site-packages/airflow/example_dags/example_branch_labels.py
[2024-06-24T17:30:14.941+0000] {logging_mixin.py:150} INFO - [2024-06-24T17:30:14.941+0000] {dag.py:2742} INFO - Sync 1 DAGs
[2024-06-24T17:30:14.957+0000] {logging_mixin.py:150} INFO - [2024-06-24T17:30:14.957+0000] {dag.py:3504} INFO - Setting next_dagrun for example_branch_labels to 2024-06-23T00:00:00+00:00, run_after=2024-06-24T00:00:00+00:00
[2024-06-24T17:30:14.997+0000] {processor.py:179} INFO - Processing /usr/local/python/3.10.13/lib/python3.10/site-packages/airflow/example_dags/example_branch_labels.py took 0.079 seconds
[2024-06-24T17:31:08.875+0000] {processor.py:157} INFO - Started process (PID=19482) to work on /usr/local/python/3.10.13/lib/python3.10/site-packages/airflow/example_dags/example_branch_labels.py
[2024-06-24T17:31:08.876+0000] {processor.py:826} INFO - Processing file /usr/local/python/3.10.13/lib/python3.10/site-packages/airflow/example_dags/example_branch_labels.py for tasks to queue
[2024-06-24T17:31:08.876+0000] {logging_mixin.py:150} INFO - [2024-06-24T17:31:08.876+0000] {dagbag.py:541} INFO - Filling up the DagBag from /usr/local/python/3.10.13/lib/python3.10/site-packages/airflow/example_dags/example_branch_labels.py
[2024-06-24T17:31:08.882+0000] {processor.py:836} INFO - DAG(s) dict_keys(['example_branch_labels']) retrieved from /usr/local/python/3.10.13/lib/python3.10/site-packages/airflow/example_dags/example_branch_labels.py
[2024-06-24T17:31:08.895+0000] {logging_mixin.py:150} INFO - [2024-06-24T17:31:08.895+0000] {dag.py:2742} INFO - Sync 1 DAGs
[2024-06-24T17:31:08.911+0000] {logging_mixin.py:150} INFO - [2024-06-24T17:31:08.911+0000] {dag.py:3504} INFO - Setting next_dagrun for example_branch_labels to 2024-06-23T00:00:00+00:00, run_after=2024-06-24T00:00:00+00:00
[2024-06-24T17:31:08.950+0000] {processor.py:179} INFO - Processing /usr/local/python/3.10.13/lib/python3.10/site-packages/airflow/example_dags/example_branch_labels.py took 0.077 seconds
