[2024-06-24T15:55:22.626+0000] {processor.py:157} INFO - Started process (PID=13888) to work on /usr/local/python/3.10.13/lib/python3.10/site-packages/airflow/example_dags/example_branch_day_of_week_operator.py
[2024-06-24T15:55:22.627+0000] {processor.py:826} INFO - Processing file /usr/local/python/3.10.13/lib/python3.10/site-packages/airflow/example_dags/example_branch_day_of_week_operator.py for tasks to queue
[2024-06-24T15:55:22.627+0000] {logging_mixin.py:150} INFO - [2024-06-24T15:55:22.627+0000] {dagbag.py:541} INFO - Filling up the DagBag from /usr/local/python/3.10.13/lib/python3.10/site-packages/airflow/example_dags/example_branch_day_of_week_operator.py
[2024-06-24T15:55:22.633+0000] {processor.py:836} INFO - DAG(s) dict_keys(['example_weekday_branch_operator']) retrieved from /usr/local/python/3.10.13/lib/python3.10/site-packages/airflow/example_dags/example_branch_day_of_week_operator.py
[2024-06-24T15:55:22.785+0000] {logging_mixin.py:150} INFO - [2024-06-24T15:55:22.784+0000] {manager.py:504} INFO - Created Permission View: can delete on DAG:example_weekday_branch_operator
[2024-06-24T15:55:22.817+0000] {logging_mixin.py:150} INFO - [2024-06-24T15:55:22.817+0000] {manager.py:504} INFO - Created Permission View: can read on DAG:example_weekday_branch_operator
[2024-06-24T15:55:22.851+0000] {logging_mixin.py:150} INFO - [2024-06-24T15:55:22.851+0000] {manager.py:504} INFO - Created Permission View: can edit on DAG:example_weekday_branch_operator
[2024-06-24T15:55:22.860+0000] {logging_mixin.py:150} INFO - [2024-06-24T15:55:22.860+0000] {dag.py:2742} INFO - Sync 1 DAGs
[2024-06-24T15:55:22.867+0000] {logging_mixin.py:150} INFO - [2024-06-24T15:55:22.867+0000] {dag.py:2763} INFO - Creating ORM DAG for example_weekday_branch_operator
[2024-06-24T15:55:22.876+0000] {logging_mixin.py:150} INFO - [2024-06-24T15:55:22.875+0000] {dag.py:3504} INFO - Setting next_dagrun for example_weekday_branch_operator to 2024-06-23T00:00:00+00:00, run_after=2024-06-24T00:00:00+00:00
[2024-06-24T15:55:22.922+0000] {processor.py:179} INFO - Processing /usr/local/python/3.10.13/lib/python3.10/site-packages/airflow/example_dags/example_branch_day_of_week_operator.py took 0.298 seconds
[2024-06-24T15:56:11.143+0000] {processor.py:157} INFO - Started process (PID=14232) to work on /usr/local/python/3.10.13/lib/python3.10/site-packages/airflow/example_dags/example_branch_day_of_week_operator.py
[2024-06-24T15:56:11.144+0000] {processor.py:826} INFO - Processing file /usr/local/python/3.10.13/lib/python3.10/site-packages/airflow/example_dags/example_branch_day_of_week_operator.py for tasks to queue
[2024-06-24T15:56:11.145+0000] {logging_mixin.py:150} INFO - [2024-06-24T15:56:11.144+0000] {dagbag.py:541} INFO - Filling up the DagBag from /usr/local/python/3.10.13/lib/python3.10/site-packages/airflow/example_dags/example_branch_day_of_week_operator.py
[2024-06-24T15:56:11.152+0000] {processor.py:836} INFO - DAG(s) dict_keys(['example_weekday_branch_operator']) retrieved from /usr/local/python/3.10.13/lib/python3.10/site-packages/airflow/example_dags/example_branch_day_of_week_operator.py
[2024-06-24T15:56:11.167+0000] {logging_mixin.py:150} INFO - [2024-06-24T15:56:11.166+0000] {dag.py:2742} INFO - Sync 1 DAGs
[2024-06-24T15:56:11.184+0000] {logging_mixin.py:150} INFO - [2024-06-24T15:56:11.184+0000] {dag.py:3504} INFO - Setting next_dagrun for example_weekday_branch_operator to 2024-06-23T00:00:00+00:00, run_after=2024-06-24T00:00:00+00:00
[2024-06-24T15:56:11.234+0000] {processor.py:179} INFO - Processing /usr/local/python/3.10.13/lib/python3.10/site-packages/airflow/example_dags/example_branch_day_of_week_operator.py took 0.093 seconds
[2024-06-24T16:02:08.566+0000] {processor.py:157} INFO - Started process (PID=16838) to work on /usr/local/python/3.10.13/lib/python3.10/site-packages/airflow/example_dags/example_branch_day_of_week_operator.py
[2024-06-24T16:02:08.567+0000] {processor.py:826} INFO - Processing file /usr/local/python/3.10.13/lib/python3.10/site-packages/airflow/example_dags/example_branch_day_of_week_operator.py for tasks to queue
[2024-06-24T16:02:08.567+0000] {logging_mixin.py:150} INFO - [2024-06-24T16:02:08.567+0000] {dagbag.py:541} INFO - Filling up the DagBag from /usr/local/python/3.10.13/lib/python3.10/site-packages/airflow/example_dags/example_branch_day_of_week_operator.py
[2024-06-24T16:02:08.574+0000] {processor.py:836} INFO - DAG(s) dict_keys(['example_weekday_branch_operator']) retrieved from /usr/local/python/3.10.13/lib/python3.10/site-packages/airflow/example_dags/example_branch_day_of_week_operator.py
[2024-06-24T16:02:08.590+0000] {logging_mixin.py:150} INFO - [2024-06-24T16:02:08.589+0000] {dag.py:2742} INFO - Sync 1 DAGs
[2024-06-24T16:02:08.607+0000] {logging_mixin.py:150} INFO - [2024-06-24T16:02:08.607+0000] {dag.py:3504} INFO - Setting next_dagrun for example_weekday_branch_operator to 2024-06-23T00:00:00+00:00, run_after=2024-06-24T00:00:00+00:00
[2024-06-24T16:02:08.655+0000] {processor.py:179} INFO - Processing /usr/local/python/3.10.13/lib/python3.10/site-packages/airflow/example_dags/example_branch_day_of_week_operator.py took 0.093 seconds
[2024-06-24T16:03:01.197+0000] {processor.py:157} INFO - Started process (PID=17241) to work on /usr/local/python/3.10.13/lib/python3.10/site-packages/airflow/example_dags/example_branch_day_of_week_operator.py
[2024-06-24T16:03:01.198+0000] {processor.py:826} INFO - Processing file /usr/local/python/3.10.13/lib/python3.10/site-packages/airflow/example_dags/example_branch_day_of_week_operator.py for tasks to queue
[2024-06-24T16:03:01.199+0000] {logging_mixin.py:150} INFO - [2024-06-24T16:03:01.199+0000] {dagbag.py:541} INFO - Filling up the DagBag from /usr/local/python/3.10.13/lib/python3.10/site-packages/airflow/example_dags/example_branch_day_of_week_operator.py
[2024-06-24T16:03:01.210+0000] {processor.py:836} INFO - DAG(s) dict_keys(['example_weekday_branch_operator']) retrieved from /usr/local/python/3.10.13/lib/python3.10/site-packages/airflow/example_dags/example_branch_day_of_week_operator.py
[2024-06-24T16:03:01.227+0000] {logging_mixin.py:150} INFO - [2024-06-24T16:03:01.227+0000] {dag.py:2742} INFO - Sync 1 DAGs
[2024-06-24T16:03:01.248+0000] {logging_mixin.py:150} INFO - [2024-06-24T16:03:01.248+0000] {dag.py:3504} INFO - Setting next_dagrun for example_weekday_branch_operator to 2024-06-23T00:00:00+00:00, run_after=2024-06-24T00:00:00+00:00
[2024-06-24T16:03:01.292+0000] {processor.py:179} INFO - Processing /usr/local/python/3.10.13/lib/python3.10/site-packages/airflow/example_dags/example_branch_day_of_week_operator.py took 0.098 seconds
[2024-06-24T16:03:49.099+0000] {processor.py:157} INFO - Started process (PID=17616) to work on /usr/local/python/3.10.13/lib/python3.10/site-packages/airflow/example_dags/example_branch_day_of_week_operator.py
[2024-06-24T16:03:49.099+0000] {processor.py:826} INFO - Processing file /usr/local/python/3.10.13/lib/python3.10/site-packages/airflow/example_dags/example_branch_day_of_week_operator.py for tasks to queue
[2024-06-24T16:03:49.100+0000] {logging_mixin.py:150} INFO - [2024-06-24T16:03:49.100+0000] {dagbag.py:541} INFO - Filling up the DagBag from /usr/local/python/3.10.13/lib/python3.10/site-packages/airflow/example_dags/example_branch_day_of_week_operator.py
[2024-06-24T16:03:49.106+0000] {processor.py:836} INFO - DAG(s) dict_keys(['example_weekday_branch_operator']) retrieved from /usr/local/python/3.10.13/lib/python3.10/site-packages/airflow/example_dags/example_branch_day_of_week_operator.py
[2024-06-24T16:03:49.118+0000] {logging_mixin.py:150} INFO - [2024-06-24T16:03:49.118+0000] {dag.py:2742} INFO - Sync 1 DAGs
[2024-06-24T16:03:49.134+0000] {logging_mixin.py:150} INFO - [2024-06-24T16:03:49.134+0000] {dag.py:3504} INFO - Setting next_dagrun for example_weekday_branch_operator to 2024-06-23T00:00:00+00:00, run_after=2024-06-24T00:00:00+00:00
[2024-06-24T16:03:49.179+0000] {processor.py:179} INFO - Processing /usr/local/python/3.10.13/lib/python3.10/site-packages/airflow/example_dags/example_branch_day_of_week_operator.py took 0.082 seconds
[2024-06-24T16:04:35.434+0000] {processor.py:157} INFO - Started process (PID=17983) to work on /usr/local/python/3.10.13/lib/python3.10/site-packages/airflow/example_dags/example_branch_day_of_week_operator.py
[2024-06-24T16:04:35.435+0000] {processor.py:826} INFO - Processing file /usr/local/python/3.10.13/lib/python3.10/site-packages/airflow/example_dags/example_branch_day_of_week_operator.py for tasks to queue
[2024-06-24T16:04:35.436+0000] {logging_mixin.py:150} INFO - [2024-06-24T16:04:35.435+0000] {dagbag.py:541} INFO - Filling up the DagBag from /usr/local/python/3.10.13/lib/python3.10/site-packages/airflow/example_dags/example_branch_day_of_week_operator.py
[2024-06-24T16:04:35.441+0000] {processor.py:836} INFO - DAG(s) dict_keys(['example_weekday_branch_operator']) retrieved from /usr/local/python/3.10.13/lib/python3.10/site-packages/airflow/example_dags/example_branch_day_of_week_operator.py
[2024-06-24T16:04:35.454+0000] {logging_mixin.py:150} INFO - [2024-06-24T16:04:35.454+0000] {dag.py:2742} INFO - Sync 1 DAGs
[2024-06-24T16:04:35.470+0000] {logging_mixin.py:150} INFO - [2024-06-24T16:04:35.470+0000] {dag.py:3504} INFO - Setting next_dagrun for example_weekday_branch_operator to 2024-06-23T00:00:00+00:00, run_after=2024-06-24T00:00:00+00:00
[2024-06-24T16:04:35.507+0000] {processor.py:179} INFO - Processing /usr/local/python/3.10.13/lib/python3.10/site-packages/airflow/example_dags/example_branch_day_of_week_operator.py took 0.075 seconds
[2024-06-24T16:05:25.808+0000] {processor.py:157} INFO - Started process (PID=18359) to work on /usr/local/python/3.10.13/lib/python3.10/site-packages/airflow/example_dags/example_branch_day_of_week_operator.py
[2024-06-24T16:05:25.809+0000] {processor.py:826} INFO - Processing file /usr/local/python/3.10.13/lib/python3.10/site-packages/airflow/example_dags/example_branch_day_of_week_operator.py for tasks to queue
[2024-06-24T16:05:25.810+0000] {logging_mixin.py:150} INFO - [2024-06-24T16:05:25.809+0000] {dagbag.py:541} INFO - Filling up the DagBag from /usr/local/python/3.10.13/lib/python3.10/site-packages/airflow/example_dags/example_branch_day_of_week_operator.py
[2024-06-24T16:05:25.815+0000] {processor.py:836} INFO - DAG(s) dict_keys(['example_weekday_branch_operator']) retrieved from /usr/local/python/3.10.13/lib/python3.10/site-packages/airflow/example_dags/example_branch_day_of_week_operator.py
[2024-06-24T16:05:25.828+0000] {logging_mixin.py:150} INFO - [2024-06-24T16:05:25.828+0000] {dag.py:2742} INFO - Sync 1 DAGs
[2024-06-24T16:05:25.844+0000] {logging_mixin.py:150} INFO - [2024-06-24T16:05:25.844+0000] {dag.py:3504} INFO - Setting next_dagrun for example_weekday_branch_operator to 2024-06-23T00:00:00+00:00, run_after=2024-06-24T00:00:00+00:00
[2024-06-24T16:05:25.883+0000] {processor.py:179} INFO - Processing /usr/local/python/3.10.13/lib/python3.10/site-packages/airflow/example_dags/example_branch_day_of_week_operator.py took 0.077 seconds
[2024-06-24T16:06:11.131+0000] {processor.py:157} INFO - Started process (PID=18723) to work on /usr/local/python/3.10.13/lib/python3.10/site-packages/airflow/example_dags/example_branch_day_of_week_operator.py
[2024-06-24T16:06:11.132+0000] {processor.py:826} INFO - Processing file /usr/local/python/3.10.13/lib/python3.10/site-packages/airflow/example_dags/example_branch_day_of_week_operator.py for tasks to queue
[2024-06-24T16:06:11.132+0000] {logging_mixin.py:150} INFO - [2024-06-24T16:06:11.132+0000] {dagbag.py:541} INFO - Filling up the DagBag from /usr/local/python/3.10.13/lib/python3.10/site-packages/airflow/example_dags/example_branch_day_of_week_operator.py
[2024-06-24T16:06:11.138+0000] {processor.py:836} INFO - DAG(s) dict_keys(['example_weekday_branch_operator']) retrieved from /usr/local/python/3.10.13/lib/python3.10/site-packages/airflow/example_dags/example_branch_day_of_week_operator.py
[2024-06-24T16:06:11.151+0000] {logging_mixin.py:150} INFO - [2024-06-24T16:06:11.151+0000] {dag.py:2742} INFO - Sync 1 DAGs
[2024-06-24T16:06:11.167+0000] {logging_mixin.py:150} INFO - [2024-06-24T16:06:11.167+0000] {dag.py:3504} INFO - Setting next_dagrun for example_weekday_branch_operator to 2024-06-23T00:00:00+00:00, run_after=2024-06-24T00:00:00+00:00
[2024-06-24T16:06:11.208+0000] {processor.py:179} INFO - Processing /usr/local/python/3.10.13/lib/python3.10/site-packages/airflow/example_dags/example_branch_day_of_week_operator.py took 0.079 seconds
[2024-06-24T16:06:58.447+0000] {processor.py:157} INFO - Started process (PID=19092) to work on /usr/local/python/3.10.13/lib/python3.10/site-packages/airflow/example_dags/example_branch_day_of_week_operator.py
[2024-06-24T16:06:58.447+0000] {processor.py:826} INFO - Processing file /usr/local/python/3.10.13/lib/python3.10/site-packages/airflow/example_dags/example_branch_day_of_week_operator.py for tasks to queue
[2024-06-24T16:06:58.448+0000] {logging_mixin.py:150} INFO - [2024-06-24T16:06:58.448+0000] {dagbag.py:541} INFO - Filling up the DagBag from /usr/local/python/3.10.13/lib/python3.10/site-packages/airflow/example_dags/example_branch_day_of_week_operator.py
[2024-06-24T16:06:58.454+0000] {processor.py:836} INFO - DAG(s) dict_keys(['example_weekday_branch_operator']) retrieved from /usr/local/python/3.10.13/lib/python3.10/site-packages/airflow/example_dags/example_branch_day_of_week_operator.py
[2024-06-24T16:06:58.467+0000] {logging_mixin.py:150} INFO - [2024-06-24T16:06:58.466+0000] {dag.py:2742} INFO - Sync 1 DAGs
[2024-06-24T16:06:58.483+0000] {logging_mixin.py:150} INFO - [2024-06-24T16:06:58.483+0000] {dag.py:3504} INFO - Setting next_dagrun for example_weekday_branch_operator to 2024-06-23T00:00:00+00:00, run_after=2024-06-24T00:00:00+00:00
[2024-06-24T16:06:58.522+0000] {processor.py:179} INFO - Processing /usr/local/python/3.10.13/lib/python3.10/site-packages/airflow/example_dags/example_branch_day_of_week_operator.py took 0.078 seconds
[2024-06-24T16:07:45.089+0000] {processor.py:157} INFO - Started process (PID=19444) to work on /usr/local/python/3.10.13/lib/python3.10/site-packages/airflow/example_dags/example_branch_day_of_week_operator.py
[2024-06-24T16:07:45.090+0000] {processor.py:826} INFO - Processing file /usr/local/python/3.10.13/lib/python3.10/site-packages/airflow/example_dags/example_branch_day_of_week_operator.py for tasks to queue
[2024-06-24T16:07:45.090+0000] {logging_mixin.py:150} INFO - [2024-06-24T16:07:45.090+0000] {dagbag.py:541} INFO - Filling up the DagBag from /usr/local/python/3.10.13/lib/python3.10/site-packages/airflow/example_dags/example_branch_day_of_week_operator.py
[2024-06-24T16:07:45.096+0000] {processor.py:836} INFO - DAG(s) dict_keys(['example_weekday_branch_operator']) retrieved from /usr/local/python/3.10.13/lib/python3.10/site-packages/airflow/example_dags/example_branch_day_of_week_operator.py
[2024-06-24T16:07:45.109+0000] {logging_mixin.py:150} INFO - [2024-06-24T16:07:45.109+0000] {dag.py:2742} INFO - Sync 1 DAGs
[2024-06-24T16:07:45.126+0000] {logging_mixin.py:150} INFO - [2024-06-24T16:07:45.126+0000] {dag.py:3504} INFO - Setting next_dagrun for example_weekday_branch_operator to 2024-06-23T00:00:00+00:00, run_after=2024-06-24T00:00:00+00:00
[2024-06-24T16:07:45.166+0000] {processor.py:179} INFO - Processing /usr/local/python/3.10.13/lib/python3.10/site-packages/airflow/example_dags/example_branch_day_of_week_operator.py took 0.079 seconds
[2024-06-24T16:08:34.742+0000] {processor.py:157} INFO - Started process (PID=19829) to work on /usr/local/python/3.10.13/lib/python3.10/site-packages/airflow/example_dags/example_branch_day_of_week_operator.py
[2024-06-24T16:08:34.742+0000] {processor.py:826} INFO - Processing file /usr/local/python/3.10.13/lib/python3.10/site-packages/airflow/example_dags/example_branch_day_of_week_operator.py for tasks to queue
[2024-06-24T16:08:34.743+0000] {logging_mixin.py:150} INFO - [2024-06-24T16:08:34.743+0000] {dagbag.py:541} INFO - Filling up the DagBag from /usr/local/python/3.10.13/lib/python3.10/site-packages/airflow/example_dags/example_branch_day_of_week_operator.py
[2024-06-24T16:08:34.749+0000] {processor.py:836} INFO - DAG(s) dict_keys(['example_weekday_branch_operator']) retrieved from /usr/local/python/3.10.13/lib/python3.10/site-packages/airflow/example_dags/example_branch_day_of_week_operator.py
[2024-06-24T16:08:34.762+0000] {logging_mixin.py:150} INFO - [2024-06-24T16:08:34.762+0000] {dag.py:2742} INFO - Sync 1 DAGs
[2024-06-24T16:08:34.779+0000] {logging_mixin.py:150} INFO - [2024-06-24T16:08:34.779+0000] {dag.py:3504} INFO - Setting next_dagrun for example_weekday_branch_operator to 2024-06-23T00:00:00+00:00, run_after=2024-06-24T00:00:00+00:00
[2024-06-24T16:08:34.821+0000] {processor.py:179} INFO - Processing /usr/local/python/3.10.13/lib/python3.10/site-packages/airflow/example_dags/example_branch_day_of_week_operator.py took 0.081 seconds
[2024-06-24T16:09:21.412+0000] {processor.py:157} INFO - Started process (PID=20174) to work on /usr/local/python/3.10.13/lib/python3.10/site-packages/airflow/example_dags/example_branch_day_of_week_operator.py
[2024-06-24T16:09:21.413+0000] {processor.py:826} INFO - Processing file /usr/local/python/3.10.13/lib/python3.10/site-packages/airflow/example_dags/example_branch_day_of_week_operator.py for tasks to queue
[2024-06-24T16:09:21.414+0000] {logging_mixin.py:150} INFO - [2024-06-24T16:09:21.413+0000] {dagbag.py:541} INFO - Filling up the DagBag from /usr/local/python/3.10.13/lib/python3.10/site-packages/airflow/example_dags/example_branch_day_of_week_operator.py
[2024-06-24T16:09:21.419+0000] {processor.py:836} INFO - DAG(s) dict_keys(['example_weekday_branch_operator']) retrieved from /usr/local/python/3.10.13/lib/python3.10/site-packages/airflow/example_dags/example_branch_day_of_week_operator.py
[2024-06-24T16:09:21.432+0000] {logging_mixin.py:150} INFO - [2024-06-24T16:09:21.432+0000] {dag.py:2742} INFO - Sync 1 DAGs
[2024-06-24T16:09:21.448+0000] {logging_mixin.py:150} INFO - [2024-06-24T16:09:21.448+0000] {dag.py:3504} INFO - Setting next_dagrun for example_weekday_branch_operator to 2024-06-23T00:00:00+00:00, run_after=2024-06-24T00:00:00+00:00
[2024-06-24T16:09:21.490+0000] {processor.py:179} INFO - Processing /usr/local/python/3.10.13/lib/python3.10/site-packages/airflow/example_dags/example_branch_day_of_week_operator.py took 0.080 seconds
[2024-06-24T16:10:08.042+0000] {processor.py:157} INFO - Started process (PID=20490) to work on /usr/local/python/3.10.13/lib/python3.10/site-packages/airflow/example_dags/example_branch_day_of_week_operator.py
[2024-06-24T16:10:08.043+0000] {processor.py:826} INFO - Processing file /usr/local/python/3.10.13/lib/python3.10/site-packages/airflow/example_dags/example_branch_day_of_week_operator.py for tasks to queue
[2024-06-24T16:10:08.044+0000] {logging_mixin.py:150} INFO - [2024-06-24T16:10:08.043+0000] {dagbag.py:541} INFO - Filling up the DagBag from /usr/local/python/3.10.13/lib/python3.10/site-packages/airflow/example_dags/example_branch_day_of_week_operator.py
[2024-06-24T16:10:08.049+0000] {processor.py:836} INFO - DAG(s) dict_keys(['example_weekday_branch_operator']) retrieved from /usr/local/python/3.10.13/lib/python3.10/site-packages/airflow/example_dags/example_branch_day_of_week_operator.py
[2024-06-24T16:10:08.062+0000] {logging_mixin.py:150} INFO - [2024-06-24T16:10:08.062+0000] {dag.py:2742} INFO - Sync 1 DAGs
[2024-06-24T16:10:08.078+0000] {logging_mixin.py:150} INFO - [2024-06-24T16:10:08.078+0000] {dag.py:3504} INFO - Setting next_dagrun for example_weekday_branch_operator to 2024-06-23T00:00:00+00:00, run_after=2024-06-24T00:00:00+00:00
[2024-06-24T16:10:08.118+0000] {processor.py:179} INFO - Processing /usr/local/python/3.10.13/lib/python3.10/site-packages/airflow/example_dags/example_branch_day_of_week_operator.py took 0.078 seconds
[2024-06-24T16:10:55.770+0000] {processor.py:157} INFO - Started process (PID=20825) to work on /usr/local/python/3.10.13/lib/python3.10/site-packages/airflow/example_dags/example_branch_day_of_week_operator.py
[2024-06-24T16:10:55.771+0000] {processor.py:826} INFO - Processing file /usr/local/python/3.10.13/lib/python3.10/site-packages/airflow/example_dags/example_branch_day_of_week_operator.py for tasks to queue
[2024-06-24T16:10:55.772+0000] {logging_mixin.py:150} INFO - [2024-06-24T16:10:55.771+0000] {dagbag.py:541} INFO - Filling up the DagBag from /usr/local/python/3.10.13/lib/python3.10/site-packages/airflow/example_dags/example_branch_day_of_week_operator.py
[2024-06-24T16:10:55.778+0000] {processor.py:836} INFO - DAG(s) dict_keys(['example_weekday_branch_operator']) retrieved from /usr/local/python/3.10.13/lib/python3.10/site-packages/airflow/example_dags/example_branch_day_of_week_operator.py
[2024-06-24T16:10:55.791+0000] {logging_mixin.py:150} INFO - [2024-06-24T16:10:55.791+0000] {dag.py:2742} INFO - Sync 1 DAGs
[2024-06-24T16:10:55.807+0000] {logging_mixin.py:150} INFO - [2024-06-24T16:10:55.807+0000] {dag.py:3504} INFO - Setting next_dagrun for example_weekday_branch_operator to 2024-06-23T00:00:00+00:00, run_after=2024-06-24T00:00:00+00:00
[2024-06-24T16:10:55.847+0000] {processor.py:179} INFO - Processing /usr/local/python/3.10.13/lib/python3.10/site-packages/airflow/example_dags/example_branch_day_of_week_operator.py took 0.078 seconds
[2024-06-24T16:11:44.860+0000] {processor.py:157} INFO - Started process (PID=21165) to work on /usr/local/python/3.10.13/lib/python3.10/site-packages/airflow/example_dags/example_branch_day_of_week_operator.py
[2024-06-24T16:11:44.861+0000] {processor.py:826} INFO - Processing file /usr/local/python/3.10.13/lib/python3.10/site-packages/airflow/example_dags/example_branch_day_of_week_operator.py for tasks to queue
[2024-06-24T16:11:44.861+0000] {logging_mixin.py:150} INFO - [2024-06-24T16:11:44.861+0000] {dagbag.py:541} INFO - Filling up the DagBag from /usr/local/python/3.10.13/lib/python3.10/site-packages/airflow/example_dags/example_branch_day_of_week_operator.py
[2024-06-24T16:11:44.867+0000] {processor.py:836} INFO - DAG(s) dict_keys(['example_weekday_branch_operator']) retrieved from /usr/local/python/3.10.13/lib/python3.10/site-packages/airflow/example_dags/example_branch_day_of_week_operator.py
[2024-06-24T16:11:44.882+0000] {logging_mixin.py:150} INFO - [2024-06-24T16:11:44.882+0000] {dag.py:2742} INFO - Sync 1 DAGs
[2024-06-24T16:11:44.900+0000] {logging_mixin.py:150} INFO - [2024-06-24T16:11:44.900+0000] {dag.py:3504} INFO - Setting next_dagrun for example_weekday_branch_operator to 2024-06-23T00:00:00+00:00, run_after=2024-06-24T00:00:00+00:00
[2024-06-24T16:11:44.941+0000] {processor.py:179} INFO - Processing /usr/local/python/3.10.13/lib/python3.10/site-packages/airflow/example_dags/example_branch_day_of_week_operator.py took 0.084 seconds
[2024-06-24T16:12:33.952+0000] {processor.py:157} INFO - Started process (PID=21508) to work on /usr/local/python/3.10.13/lib/python3.10/site-packages/airflow/example_dags/example_branch_day_of_week_operator.py
[2024-06-24T16:12:33.952+0000] {processor.py:826} INFO - Processing file /usr/local/python/3.10.13/lib/python3.10/site-packages/airflow/example_dags/example_branch_day_of_week_operator.py for tasks to queue
[2024-06-24T16:12:33.953+0000] {logging_mixin.py:150} INFO - [2024-06-24T16:12:33.953+0000] {dagbag.py:541} INFO - Filling up the DagBag from /usr/local/python/3.10.13/lib/python3.10/site-packages/airflow/example_dags/example_branch_day_of_week_operator.py
[2024-06-24T16:12:33.959+0000] {processor.py:836} INFO - DAG(s) dict_keys(['example_weekday_branch_operator']) retrieved from /usr/local/python/3.10.13/lib/python3.10/site-packages/airflow/example_dags/example_branch_day_of_week_operator.py
[2024-06-24T16:12:33.972+0000] {logging_mixin.py:150} INFO - [2024-06-24T16:12:33.972+0000] {dag.py:2742} INFO - Sync 1 DAGs
[2024-06-24T16:12:33.989+0000] {logging_mixin.py:150} INFO - [2024-06-24T16:12:33.989+0000] {dag.py:3504} INFO - Setting next_dagrun for example_weekday_branch_operator to 2024-06-23T00:00:00+00:00, run_after=2024-06-24T00:00:00+00:00
[2024-06-24T16:12:34.028+0000] {processor.py:179} INFO - Processing /usr/local/python/3.10.13/lib/python3.10/site-packages/airflow/example_dags/example_branch_day_of_week_operator.py took 0.079 seconds
[2024-06-24T16:13:22.012+0000] {processor.py:157} INFO - Started process (PID=21832) to work on /usr/local/python/3.10.13/lib/python3.10/site-packages/airflow/example_dags/example_branch_day_of_week_operator.py
[2024-06-24T16:13:22.013+0000] {processor.py:826} INFO - Processing file /usr/local/python/3.10.13/lib/python3.10/site-packages/airflow/example_dags/example_branch_day_of_week_operator.py for tasks to queue
[2024-06-24T16:13:22.014+0000] {logging_mixin.py:150} INFO - [2024-06-24T16:13:22.013+0000] {dagbag.py:541} INFO - Filling up the DagBag from /usr/local/python/3.10.13/lib/python3.10/site-packages/airflow/example_dags/example_branch_day_of_week_operator.py
[2024-06-24T16:13:22.019+0000] {processor.py:836} INFO - DAG(s) dict_keys(['example_weekday_branch_operator']) retrieved from /usr/local/python/3.10.13/lib/python3.10/site-packages/airflow/example_dags/example_branch_day_of_week_operator.py
[2024-06-24T16:13:22.032+0000] {logging_mixin.py:150} INFO - [2024-06-24T16:13:22.032+0000] {dag.py:2742} INFO - Sync 1 DAGs
[2024-06-24T16:13:22.049+0000] {logging_mixin.py:150} INFO - [2024-06-24T16:13:22.048+0000] {dag.py:3504} INFO - Setting next_dagrun for example_weekday_branch_operator to 2024-06-23T00:00:00+00:00, run_after=2024-06-24T00:00:00+00:00
[2024-06-24T16:13:22.091+0000] {processor.py:179} INFO - Processing /usr/local/python/3.10.13/lib/python3.10/site-packages/airflow/example_dags/example_branch_day_of_week_operator.py took 0.081 seconds
[2024-06-24T16:14:08.654+0000] {processor.py:157} INFO - Started process (PID=22167) to work on /usr/local/python/3.10.13/lib/python3.10/site-packages/airflow/example_dags/example_branch_day_of_week_operator.py
[2024-06-24T16:14:08.655+0000] {processor.py:826} INFO - Processing file /usr/local/python/3.10.13/lib/python3.10/site-packages/airflow/example_dags/example_branch_day_of_week_operator.py for tasks to queue
[2024-06-24T16:14:08.655+0000] {logging_mixin.py:150} INFO - [2024-06-24T16:14:08.655+0000] {dagbag.py:541} INFO - Filling up the DagBag from /usr/local/python/3.10.13/lib/python3.10/site-packages/airflow/example_dags/example_branch_day_of_week_operator.py
[2024-06-24T16:14:08.661+0000] {processor.py:836} INFO - DAG(s) dict_keys(['example_weekday_branch_operator']) retrieved from /usr/local/python/3.10.13/lib/python3.10/site-packages/airflow/example_dags/example_branch_day_of_week_operator.py
[2024-06-24T16:14:08.678+0000] {logging_mixin.py:150} INFO - [2024-06-24T16:14:08.678+0000] {dag.py:2742} INFO - Sync 1 DAGs
[2024-06-24T16:14:08.705+0000] {logging_mixin.py:150} INFO - [2024-06-24T16:14:08.705+0000] {dag.py:3504} INFO - Setting next_dagrun for example_weekday_branch_operator to 2024-06-23T00:00:00+00:00, run_after=2024-06-24T00:00:00+00:00
[2024-06-24T16:14:08.751+0000] {processor.py:179} INFO - Processing /usr/local/python/3.10.13/lib/python3.10/site-packages/airflow/example_dags/example_branch_day_of_week_operator.py took 0.099 seconds
[2024-06-24T16:14:55.116+0000] {processor.py:157} INFO - Started process (PID=22476) to work on /usr/local/python/3.10.13/lib/python3.10/site-packages/airflow/example_dags/example_branch_day_of_week_operator.py
[2024-06-24T16:14:55.117+0000] {processor.py:826} INFO - Processing file /usr/local/python/3.10.13/lib/python3.10/site-packages/airflow/example_dags/example_branch_day_of_week_operator.py for tasks to queue
[2024-06-24T16:14:55.118+0000] {logging_mixin.py:150} INFO - [2024-06-24T16:14:55.117+0000] {dagbag.py:541} INFO - Filling up the DagBag from /usr/local/python/3.10.13/lib/python3.10/site-packages/airflow/example_dags/example_branch_day_of_week_operator.py
[2024-06-24T16:14:55.123+0000] {processor.py:836} INFO - DAG(s) dict_keys(['example_weekday_branch_operator']) retrieved from /usr/local/python/3.10.13/lib/python3.10/site-packages/airflow/example_dags/example_branch_day_of_week_operator.py
[2024-06-24T16:14:55.140+0000] {logging_mixin.py:150} INFO - [2024-06-24T16:14:55.140+0000] {dag.py:2742} INFO - Sync 1 DAGs
[2024-06-24T16:14:55.156+0000] {logging_mixin.py:150} INFO - [2024-06-24T16:14:55.156+0000] {dag.py:3504} INFO - Setting next_dagrun for example_weekday_branch_operator to 2024-06-23T00:00:00+00:00, run_after=2024-06-24T00:00:00+00:00
[2024-06-24T16:14:55.199+0000] {processor.py:179} INFO - Processing /usr/local/python/3.10.13/lib/python3.10/site-packages/airflow/example_dags/example_branch_day_of_week_operator.py took 0.085 seconds
[2024-06-24T16:15:39.127+0000] {processor.py:157} INFO - Started process (PID=22796) to work on /usr/local/python/3.10.13/lib/python3.10/site-packages/airflow/example_dags/example_branch_day_of_week_operator.py
[2024-06-24T16:15:39.128+0000] {processor.py:826} INFO - Processing file /usr/local/python/3.10.13/lib/python3.10/site-packages/airflow/example_dags/example_branch_day_of_week_operator.py for tasks to queue
[2024-06-24T16:15:39.128+0000] {logging_mixin.py:150} INFO - [2024-06-24T16:15:39.128+0000] {dagbag.py:541} INFO - Filling up the DagBag from /usr/local/python/3.10.13/lib/python3.10/site-packages/airflow/example_dags/example_branch_day_of_week_operator.py
[2024-06-24T16:15:39.134+0000] {processor.py:836} INFO - DAG(s) dict_keys(['example_weekday_branch_operator']) retrieved from /usr/local/python/3.10.13/lib/python3.10/site-packages/airflow/example_dags/example_branch_day_of_week_operator.py
[2024-06-24T16:15:39.147+0000] {logging_mixin.py:150} INFO - [2024-06-24T16:15:39.147+0000] {dag.py:2742} INFO - Sync 1 DAGs
[2024-06-24T16:15:39.163+0000] {logging_mixin.py:150} INFO - [2024-06-24T16:15:39.163+0000] {dag.py:3504} INFO - Setting next_dagrun for example_weekday_branch_operator to 2024-06-23T00:00:00+00:00, run_after=2024-06-24T00:00:00+00:00
[2024-06-24T16:15:39.203+0000] {processor.py:179} INFO - Processing /usr/local/python/3.10.13/lib/python3.10/site-packages/airflow/example_dags/example_branch_day_of_week_operator.py took 0.078 seconds
[2024-06-24T16:16:24.508+0000] {processor.py:157} INFO - Started process (PID=23097) to work on /usr/local/python/3.10.13/lib/python3.10/site-packages/airflow/example_dags/example_branch_day_of_week_operator.py
[2024-06-24T16:16:24.509+0000] {processor.py:826} INFO - Processing file /usr/local/python/3.10.13/lib/python3.10/site-packages/airflow/example_dags/example_branch_day_of_week_operator.py for tasks to queue
[2024-06-24T16:16:24.509+0000] {logging_mixin.py:150} INFO - [2024-06-24T16:16:24.509+0000] {dagbag.py:541} INFO - Filling up the DagBag from /usr/local/python/3.10.13/lib/python3.10/site-packages/airflow/example_dags/example_branch_day_of_week_operator.py
[2024-06-24T16:16:24.515+0000] {processor.py:836} INFO - DAG(s) dict_keys(['example_weekday_branch_operator']) retrieved from /usr/local/python/3.10.13/lib/python3.10/site-packages/airflow/example_dags/example_branch_day_of_week_operator.py
[2024-06-24T16:16:24.531+0000] {logging_mixin.py:150} INFO - [2024-06-24T16:16:24.530+0000] {dag.py:2742} INFO - Sync 1 DAGs
[2024-06-24T16:16:24.551+0000] {logging_mixin.py:150} INFO - [2024-06-24T16:16:24.550+0000] {dag.py:3504} INFO - Setting next_dagrun for example_weekday_branch_operator to 2024-06-23T00:00:00+00:00, run_after=2024-06-24T00:00:00+00:00
[2024-06-24T16:16:24.593+0000] {processor.py:179} INFO - Processing /usr/local/python/3.10.13/lib/python3.10/site-packages/airflow/example_dags/example_branch_day_of_week_operator.py took 0.086 seconds
[2024-06-24T16:17:09.846+0000] {processor.py:157} INFO - Started process (PID=23420) to work on /usr/local/python/3.10.13/lib/python3.10/site-packages/airflow/example_dags/example_branch_day_of_week_operator.py
[2024-06-24T16:17:09.846+0000] {processor.py:826} INFO - Processing file /usr/local/python/3.10.13/lib/python3.10/site-packages/airflow/example_dags/example_branch_day_of_week_operator.py for tasks to queue
[2024-06-24T16:17:09.847+0000] {logging_mixin.py:150} INFO - [2024-06-24T16:17:09.847+0000] {dagbag.py:541} INFO - Filling up the DagBag from /usr/local/python/3.10.13/lib/python3.10/site-packages/airflow/example_dags/example_branch_day_of_week_operator.py
[2024-06-24T16:17:09.853+0000] {processor.py:836} INFO - DAG(s) dict_keys(['example_weekday_branch_operator']) retrieved from /usr/local/python/3.10.13/lib/python3.10/site-packages/airflow/example_dags/example_branch_day_of_week_operator.py
[2024-06-24T16:17:09.865+0000] {logging_mixin.py:150} INFO - [2024-06-24T16:17:09.865+0000] {dag.py:2742} INFO - Sync 1 DAGs
[2024-06-24T16:17:09.881+0000] {logging_mixin.py:150} INFO - [2024-06-24T16:17:09.881+0000] {dag.py:3504} INFO - Setting next_dagrun for example_weekday_branch_operator to 2024-06-23T00:00:00+00:00, run_after=2024-06-24T00:00:00+00:00
[2024-06-24T16:17:09.921+0000] {processor.py:179} INFO - Processing /usr/local/python/3.10.13/lib/python3.10/site-packages/airflow/example_dags/example_branch_day_of_week_operator.py took 0.077 seconds
[2024-06-24T16:17:56.379+0000] {processor.py:157} INFO - Started process (PID=23733) to work on /usr/local/python/3.10.13/lib/python3.10/site-packages/airflow/example_dags/example_branch_day_of_week_operator.py
[2024-06-24T16:17:56.380+0000] {processor.py:826} INFO - Processing file /usr/local/python/3.10.13/lib/python3.10/site-packages/airflow/example_dags/example_branch_day_of_week_operator.py for tasks to queue
[2024-06-24T16:17:56.381+0000] {logging_mixin.py:150} INFO - [2024-06-24T16:17:56.380+0000] {dagbag.py:541} INFO - Filling up the DagBag from /usr/local/python/3.10.13/lib/python3.10/site-packages/airflow/example_dags/example_branch_day_of_week_operator.py
[2024-06-24T16:17:56.386+0000] {processor.py:836} INFO - DAG(s) dict_keys(['example_weekday_branch_operator']) retrieved from /usr/local/python/3.10.13/lib/python3.10/site-packages/airflow/example_dags/example_branch_day_of_week_operator.py
[2024-06-24T16:17:56.399+0000] {logging_mixin.py:150} INFO - [2024-06-24T16:17:56.399+0000] {dag.py:2742} INFO - Sync 1 DAGs
[2024-06-24T16:17:56.415+0000] {logging_mixin.py:150} INFO - [2024-06-24T16:17:56.415+0000] {dag.py:3504} INFO - Setting next_dagrun for example_weekday_branch_operator to 2024-06-23T00:00:00+00:00, run_after=2024-06-24T00:00:00+00:00
[2024-06-24T16:17:56.457+0000] {processor.py:179} INFO - Processing /usr/local/python/3.10.13/lib/python3.10/site-packages/airflow/example_dags/example_branch_day_of_week_operator.py took 0.080 seconds
[2024-06-24T16:18:39.956+0000] {processor.py:157} INFO - Started process (PID=24055) to work on /usr/local/python/3.10.13/lib/python3.10/site-packages/airflow/example_dags/example_branch_day_of_week_operator.py
[2024-06-24T16:18:39.956+0000] {processor.py:826} INFO - Processing file /usr/local/python/3.10.13/lib/python3.10/site-packages/airflow/example_dags/example_branch_day_of_week_operator.py for tasks to queue
[2024-06-24T16:18:39.957+0000] {logging_mixin.py:150} INFO - [2024-06-24T16:18:39.957+0000] {dagbag.py:541} INFO - Filling up the DagBag from /usr/local/python/3.10.13/lib/python3.10/site-packages/airflow/example_dags/example_branch_day_of_week_operator.py
[2024-06-24T16:18:39.964+0000] {processor.py:836} INFO - DAG(s) dict_keys(['example_weekday_branch_operator']) retrieved from /usr/local/python/3.10.13/lib/python3.10/site-packages/airflow/example_dags/example_branch_day_of_week_operator.py
[2024-06-24T16:18:39.981+0000] {logging_mixin.py:150} INFO - [2024-06-24T16:18:39.981+0000] {dag.py:2742} INFO - Sync 1 DAGs
[2024-06-24T16:18:39.997+0000] {logging_mixin.py:150} INFO - [2024-06-24T16:18:39.997+0000] {dag.py:3504} INFO - Setting next_dagrun for example_weekday_branch_operator to 2024-06-23T00:00:00+00:00, run_after=2024-06-24T00:00:00+00:00
[2024-06-24T16:18:40.040+0000] {processor.py:179} INFO - Processing /usr/local/python/3.10.13/lib/python3.10/site-packages/airflow/example_dags/example_branch_day_of_week_operator.py took 0.087 seconds
[2024-06-24T16:19:28.873+0000] {processor.py:157} INFO - Started process (PID=24377) to work on /usr/local/python/3.10.13/lib/python3.10/site-packages/airflow/example_dags/example_branch_day_of_week_operator.py
[2024-06-24T16:19:28.873+0000] {processor.py:826} INFO - Processing file /usr/local/python/3.10.13/lib/python3.10/site-packages/airflow/example_dags/example_branch_day_of_week_operator.py for tasks to queue
[2024-06-24T16:19:28.874+0000] {logging_mixin.py:150} INFO - [2024-06-24T16:19:28.874+0000] {dagbag.py:541} INFO - Filling up the DagBag from /usr/local/python/3.10.13/lib/python3.10/site-packages/airflow/example_dags/example_branch_day_of_week_operator.py
[2024-06-24T16:19:28.880+0000] {processor.py:836} INFO - DAG(s) dict_keys(['example_weekday_branch_operator']) retrieved from /usr/local/python/3.10.13/lib/python3.10/site-packages/airflow/example_dags/example_branch_day_of_week_operator.py
[2024-06-24T16:19:28.893+0000] {logging_mixin.py:150} INFO - [2024-06-24T16:19:28.893+0000] {dag.py:2742} INFO - Sync 1 DAGs
[2024-06-24T16:19:28.910+0000] {logging_mixin.py:150} INFO - [2024-06-24T16:19:28.910+0000] {dag.py:3504} INFO - Setting next_dagrun for example_weekday_branch_operator to 2024-06-23T00:00:00+00:00, run_after=2024-06-24T00:00:00+00:00
[2024-06-24T16:19:28.955+0000] {processor.py:179} INFO - Processing /usr/local/python/3.10.13/lib/python3.10/site-packages/airflow/example_dags/example_branch_day_of_week_operator.py took 0.084 seconds
[2024-06-24T16:20:15.895+0000] {processor.py:157} INFO - Started process (PID=24709) to work on /usr/local/python/3.10.13/lib/python3.10/site-packages/airflow/example_dags/example_branch_day_of_week_operator.py
[2024-06-24T16:20:15.895+0000] {processor.py:826} INFO - Processing file /usr/local/python/3.10.13/lib/python3.10/site-packages/airflow/example_dags/example_branch_day_of_week_operator.py for tasks to queue
[2024-06-24T16:20:15.896+0000] {logging_mixin.py:150} INFO - [2024-06-24T16:20:15.896+0000] {dagbag.py:541} INFO - Filling up the DagBag from /usr/local/python/3.10.13/lib/python3.10/site-packages/airflow/example_dags/example_branch_day_of_week_operator.py
[2024-06-24T16:20:15.902+0000] {processor.py:836} INFO - DAG(s) dict_keys(['example_weekday_branch_operator']) retrieved from /usr/local/python/3.10.13/lib/python3.10/site-packages/airflow/example_dags/example_branch_day_of_week_operator.py
[2024-06-24T16:20:15.915+0000] {logging_mixin.py:150} INFO - [2024-06-24T16:20:15.915+0000] {dag.py:2742} INFO - Sync 1 DAGs
[2024-06-24T16:20:15.931+0000] {logging_mixin.py:150} INFO - [2024-06-24T16:20:15.931+0000] {dag.py:3504} INFO - Setting next_dagrun for example_weekday_branch_operator to 2024-06-23T00:00:00+00:00, run_after=2024-06-24T00:00:00+00:00
[2024-06-24T16:20:15.972+0000] {processor.py:179} INFO - Processing /usr/local/python/3.10.13/lib/python3.10/site-packages/airflow/example_dags/example_branch_day_of_week_operator.py took 0.080 seconds
[2024-06-24T16:21:00.884+0000] {processor.py:157} INFO - Started process (PID=25011) to work on /usr/local/python/3.10.13/lib/python3.10/site-packages/airflow/example_dags/example_branch_day_of_week_operator.py
[2024-06-24T16:21:00.884+0000] {processor.py:826} INFO - Processing file /usr/local/python/3.10.13/lib/python3.10/site-packages/airflow/example_dags/example_branch_day_of_week_operator.py for tasks to queue
[2024-06-24T16:21:00.885+0000] {logging_mixin.py:150} INFO - [2024-06-24T16:21:00.885+0000] {dagbag.py:541} INFO - Filling up the DagBag from /usr/local/python/3.10.13/lib/python3.10/site-packages/airflow/example_dags/example_branch_day_of_week_operator.py
[2024-06-24T16:21:00.891+0000] {processor.py:836} INFO - DAG(s) dict_keys(['example_weekday_branch_operator']) retrieved from /usr/local/python/3.10.13/lib/python3.10/site-packages/airflow/example_dags/example_branch_day_of_week_operator.py
[2024-06-24T16:21:00.904+0000] {logging_mixin.py:150} INFO - [2024-06-24T16:21:00.904+0000] {dag.py:2742} INFO - Sync 1 DAGs
[2024-06-24T16:21:00.921+0000] {logging_mixin.py:150} INFO - [2024-06-24T16:21:00.921+0000] {dag.py:3504} INFO - Setting next_dagrun for example_weekday_branch_operator to 2024-06-23T00:00:00+00:00, run_after=2024-06-24T00:00:00+00:00
[2024-06-24T16:21:00.963+0000] {processor.py:179} INFO - Processing /usr/local/python/3.10.13/lib/python3.10/site-packages/airflow/example_dags/example_branch_day_of_week_operator.py took 0.081 seconds
[2024-06-24T16:21:51.083+0000] {processor.py:157} INFO - Started process (PID=25358) to work on /usr/local/python/3.10.13/lib/python3.10/site-packages/airflow/example_dags/example_branch_day_of_week_operator.py
[2024-06-24T16:21:51.084+0000] {processor.py:826} INFO - Processing file /usr/local/python/3.10.13/lib/python3.10/site-packages/airflow/example_dags/example_branch_day_of_week_operator.py for tasks to queue
[2024-06-24T16:21:51.085+0000] {logging_mixin.py:150} INFO - [2024-06-24T16:21:51.085+0000] {dagbag.py:541} INFO - Filling up the DagBag from /usr/local/python/3.10.13/lib/python3.10/site-packages/airflow/example_dags/example_branch_day_of_week_operator.py
[2024-06-24T16:21:51.090+0000] {processor.py:836} INFO - DAG(s) dict_keys(['example_weekday_branch_operator']) retrieved from /usr/local/python/3.10.13/lib/python3.10/site-packages/airflow/example_dags/example_branch_day_of_week_operator.py
[2024-06-24T16:21:51.103+0000] {logging_mixin.py:150} INFO - [2024-06-24T16:21:51.103+0000] {dag.py:2742} INFO - Sync 1 DAGs
[2024-06-24T16:21:51.118+0000] {logging_mixin.py:150} INFO - [2024-06-24T16:21:51.118+0000] {dag.py:3504} INFO - Setting next_dagrun for example_weekday_branch_operator to 2024-06-23T00:00:00+00:00, run_after=2024-06-24T00:00:00+00:00
[2024-06-24T16:21:51.158+0000] {processor.py:179} INFO - Processing /usr/local/python/3.10.13/lib/python3.10/site-packages/airflow/example_dags/example_branch_day_of_week_operator.py took 0.077 seconds
[2024-06-24T16:22:40.543+0000] {processor.py:157} INFO - Started process (PID=25707) to work on /usr/local/python/3.10.13/lib/python3.10/site-packages/airflow/example_dags/example_branch_day_of_week_operator.py
[2024-06-24T16:22:40.544+0000] {processor.py:826} INFO - Processing file /usr/local/python/3.10.13/lib/python3.10/site-packages/airflow/example_dags/example_branch_day_of_week_operator.py for tasks to queue
[2024-06-24T16:22:40.545+0000] {logging_mixin.py:150} INFO - [2024-06-24T16:22:40.544+0000] {dagbag.py:541} INFO - Filling up the DagBag from /usr/local/python/3.10.13/lib/python3.10/site-packages/airflow/example_dags/example_branch_day_of_week_operator.py
[2024-06-24T16:22:40.553+0000] {processor.py:836} INFO - DAG(s) dict_keys(['example_weekday_branch_operator']) retrieved from /usr/local/python/3.10.13/lib/python3.10/site-packages/airflow/example_dags/example_branch_day_of_week_operator.py
[2024-06-24T16:22:40.567+0000] {logging_mixin.py:150} INFO - [2024-06-24T16:22:40.567+0000] {dag.py:2742} INFO - Sync 1 DAGs
[2024-06-24T16:22:40.583+0000] {logging_mixin.py:150} INFO - [2024-06-24T16:22:40.583+0000] {dag.py:3504} INFO - Setting next_dagrun for example_weekday_branch_operator to 2024-06-23T00:00:00+00:00, run_after=2024-06-24T00:00:00+00:00
[2024-06-24T16:22:40.628+0000] {processor.py:179} INFO - Processing /usr/local/python/3.10.13/lib/python3.10/site-packages/airflow/example_dags/example_branch_day_of_week_operator.py took 0.088 seconds
[2024-06-24T16:23:25.120+0000] {processor.py:157} INFO - Started process (PID=26028) to work on /usr/local/python/3.10.13/lib/python3.10/site-packages/airflow/example_dags/example_branch_day_of_week_operator.py
[2024-06-24T16:23:25.121+0000] {processor.py:826} INFO - Processing file /usr/local/python/3.10.13/lib/python3.10/site-packages/airflow/example_dags/example_branch_day_of_week_operator.py for tasks to queue
[2024-06-24T16:23:25.121+0000] {logging_mixin.py:150} INFO - [2024-06-24T16:23:25.121+0000] {dagbag.py:541} INFO - Filling up the DagBag from /usr/local/python/3.10.13/lib/python3.10/site-packages/airflow/example_dags/example_branch_day_of_week_operator.py
[2024-06-24T16:23:25.127+0000] {processor.py:836} INFO - DAG(s) dict_keys(['example_weekday_branch_operator']) retrieved from /usr/local/python/3.10.13/lib/python3.10/site-packages/airflow/example_dags/example_branch_day_of_week_operator.py
[2024-06-24T16:23:25.140+0000] {logging_mixin.py:150} INFO - [2024-06-24T16:23:25.140+0000] {dag.py:2742} INFO - Sync 1 DAGs
[2024-06-24T16:23:25.157+0000] {logging_mixin.py:150} INFO - [2024-06-24T16:23:25.157+0000] {dag.py:3504} INFO - Setting next_dagrun for example_weekday_branch_operator to 2024-06-23T00:00:00+00:00, run_after=2024-06-24T00:00:00+00:00
[2024-06-24T16:23:25.195+0000] {processor.py:179} INFO - Processing /usr/local/python/3.10.13/lib/python3.10/site-packages/airflow/example_dags/example_branch_day_of_week_operator.py took 0.078 seconds
[2024-06-24T16:24:08.466+0000] {processor.py:157} INFO - Started process (PID=26323) to work on /usr/local/python/3.10.13/lib/python3.10/site-packages/airflow/example_dags/example_branch_day_of_week_operator.py
[2024-06-24T16:24:08.467+0000] {processor.py:826} INFO - Processing file /usr/local/python/3.10.13/lib/python3.10/site-packages/airflow/example_dags/example_branch_day_of_week_operator.py for tasks to queue
[2024-06-24T16:24:08.468+0000] {logging_mixin.py:150} INFO - [2024-06-24T16:24:08.468+0000] {dagbag.py:541} INFO - Filling up the DagBag from /usr/local/python/3.10.13/lib/python3.10/site-packages/airflow/example_dags/example_branch_day_of_week_operator.py
[2024-06-24T16:24:08.477+0000] {processor.py:836} INFO - DAG(s) dict_keys(['example_weekday_branch_operator']) retrieved from /usr/local/python/3.10.13/lib/python3.10/site-packages/airflow/example_dags/example_branch_day_of_week_operator.py
[2024-06-24T16:24:08.491+0000] {logging_mixin.py:150} INFO - [2024-06-24T16:24:08.491+0000] {dag.py:2742} INFO - Sync 1 DAGs
[2024-06-24T16:24:08.508+0000] {logging_mixin.py:150} INFO - [2024-06-24T16:24:08.507+0000] {dag.py:3504} INFO - Setting next_dagrun for example_weekday_branch_operator to 2024-06-23T00:00:00+00:00, run_after=2024-06-24T00:00:00+00:00
[2024-06-24T16:24:08.551+0000] {processor.py:179} INFO - Processing /usr/local/python/3.10.13/lib/python3.10/site-packages/airflow/example_dags/example_branch_day_of_week_operator.py took 0.088 seconds
[2024-06-24T16:24:55.388+0000] {processor.py:157} INFO - Started process (PID=26634) to work on /usr/local/python/3.10.13/lib/python3.10/site-packages/airflow/example_dags/example_branch_day_of_week_operator.py
[2024-06-24T16:24:55.389+0000] {processor.py:826} INFO - Processing file /usr/local/python/3.10.13/lib/python3.10/site-packages/airflow/example_dags/example_branch_day_of_week_operator.py for tasks to queue
[2024-06-24T16:24:55.390+0000] {logging_mixin.py:150} INFO - [2024-06-24T16:24:55.389+0000] {dagbag.py:541} INFO - Filling up the DagBag from /usr/local/python/3.10.13/lib/python3.10/site-packages/airflow/example_dags/example_branch_day_of_week_operator.py
[2024-06-24T16:24:55.396+0000] {processor.py:836} INFO - DAG(s) dict_keys(['example_weekday_branch_operator']) retrieved from /usr/local/python/3.10.13/lib/python3.10/site-packages/airflow/example_dags/example_branch_day_of_week_operator.py
[2024-06-24T16:24:55.409+0000] {logging_mixin.py:150} INFO - [2024-06-24T16:24:55.409+0000] {dag.py:2742} INFO - Sync 1 DAGs
[2024-06-24T16:24:55.425+0000] {logging_mixin.py:150} INFO - [2024-06-24T16:24:55.425+0000] {dag.py:3504} INFO - Setting next_dagrun for example_weekday_branch_operator to 2024-06-23T00:00:00+00:00, run_after=2024-06-24T00:00:00+00:00
[2024-06-24T16:24:55.466+0000] {processor.py:179} INFO - Processing /usr/local/python/3.10.13/lib/python3.10/site-packages/airflow/example_dags/example_branch_day_of_week_operator.py took 0.080 seconds
[2024-06-24T16:25:45.235+0000] {processor.py:157} INFO - Started process (PID=26988) to work on /usr/local/python/3.10.13/lib/python3.10/site-packages/airflow/example_dags/example_branch_day_of_week_operator.py
[2024-06-24T16:25:45.235+0000] {processor.py:826} INFO - Processing file /usr/local/python/3.10.13/lib/python3.10/site-packages/airflow/example_dags/example_branch_day_of_week_operator.py for tasks to queue
[2024-06-24T16:25:45.236+0000] {logging_mixin.py:150} INFO - [2024-06-24T16:25:45.236+0000] {dagbag.py:541} INFO - Filling up the DagBag from /usr/local/python/3.10.13/lib/python3.10/site-packages/airflow/example_dags/example_branch_day_of_week_operator.py
[2024-06-24T16:25:45.242+0000] {processor.py:836} INFO - DAG(s) dict_keys(['example_weekday_branch_operator']) retrieved from /usr/local/python/3.10.13/lib/python3.10/site-packages/airflow/example_dags/example_branch_day_of_week_operator.py
[2024-06-24T16:25:45.254+0000] {logging_mixin.py:150} INFO - [2024-06-24T16:25:45.254+0000] {dag.py:2742} INFO - Sync 1 DAGs
[2024-06-24T16:25:45.271+0000] {logging_mixin.py:150} INFO - [2024-06-24T16:25:45.271+0000] {dag.py:3504} INFO - Setting next_dagrun for example_weekday_branch_operator to 2024-06-23T00:00:00+00:00, run_after=2024-06-24T00:00:00+00:00
[2024-06-24T16:25:45.310+0000] {processor.py:179} INFO - Processing /usr/local/python/3.10.13/lib/python3.10/site-packages/airflow/example_dags/example_branch_day_of_week_operator.py took 0.077 seconds
[2024-06-24T16:26:30.962+0000] {processor.py:157} INFO - Started process (PID=27308) to work on /usr/local/python/3.10.13/lib/python3.10/site-packages/airflow/example_dags/example_branch_day_of_week_operator.py
[2024-06-24T16:26:30.962+0000] {processor.py:826} INFO - Processing file /usr/local/python/3.10.13/lib/python3.10/site-packages/airflow/example_dags/example_branch_day_of_week_operator.py for tasks to queue
[2024-06-24T16:26:30.963+0000] {logging_mixin.py:150} INFO - [2024-06-24T16:26:30.963+0000] {dagbag.py:541} INFO - Filling up the DagBag from /usr/local/python/3.10.13/lib/python3.10/site-packages/airflow/example_dags/example_branch_day_of_week_operator.py
[2024-06-24T16:26:30.969+0000] {processor.py:836} INFO - DAG(s) dict_keys(['example_weekday_branch_operator']) retrieved from /usr/local/python/3.10.13/lib/python3.10/site-packages/airflow/example_dags/example_branch_day_of_week_operator.py
[2024-06-24T16:26:30.982+0000] {logging_mixin.py:150} INFO - [2024-06-24T16:26:30.982+0000] {dag.py:2742} INFO - Sync 1 DAGs
[2024-06-24T16:26:30.998+0000] {logging_mixin.py:150} INFO - [2024-06-24T16:26:30.998+0000] {dag.py:3504} INFO - Setting next_dagrun for example_weekday_branch_operator to 2024-06-23T00:00:00+00:00, run_after=2024-06-24T00:00:00+00:00
[2024-06-24T16:26:31.043+0000] {processor.py:179} INFO - Processing /usr/local/python/3.10.13/lib/python3.10/site-packages/airflow/example_dags/example_branch_day_of_week_operator.py took 0.083 seconds
[2024-06-24T16:27:18.626+0000] {processor.py:157} INFO - Started process (PID=27631) to work on /usr/local/python/3.10.13/lib/python3.10/site-packages/airflow/example_dags/example_branch_day_of_week_operator.py
[2024-06-24T16:27:18.626+0000] {processor.py:826} INFO - Processing file /usr/local/python/3.10.13/lib/python3.10/site-packages/airflow/example_dags/example_branch_day_of_week_operator.py for tasks to queue
[2024-06-24T16:27:18.627+0000] {logging_mixin.py:150} INFO - [2024-06-24T16:27:18.627+0000] {dagbag.py:541} INFO - Filling up the DagBag from /usr/local/python/3.10.13/lib/python3.10/site-packages/airflow/example_dags/example_branch_day_of_week_operator.py
[2024-06-24T16:27:18.633+0000] {processor.py:836} INFO - DAG(s) dict_keys(['example_weekday_branch_operator']) retrieved from /usr/local/python/3.10.13/lib/python3.10/site-packages/airflow/example_dags/example_branch_day_of_week_operator.py
[2024-06-24T16:27:18.646+0000] {logging_mixin.py:150} INFO - [2024-06-24T16:27:18.646+0000] {dag.py:2742} INFO - Sync 1 DAGs
[2024-06-24T16:27:18.662+0000] {logging_mixin.py:150} INFO - [2024-06-24T16:27:18.662+0000] {dag.py:3504} INFO - Setting next_dagrun for example_weekday_branch_operator to 2024-06-23T00:00:00+00:00, run_after=2024-06-24T00:00:00+00:00
[2024-06-24T16:27:18.701+0000] {processor.py:179} INFO - Processing /usr/local/python/3.10.13/lib/python3.10/site-packages/airflow/example_dags/example_branch_day_of_week_operator.py took 0.078 seconds
[2024-06-24T16:28:01.570+0000] {processor.py:157} INFO - Started process (PID=27947) to work on /usr/local/python/3.10.13/lib/python3.10/site-packages/airflow/example_dags/example_branch_day_of_week_operator.py
[2024-06-24T16:28:01.571+0000] {processor.py:826} INFO - Processing file /usr/local/python/3.10.13/lib/python3.10/site-packages/airflow/example_dags/example_branch_day_of_week_operator.py for tasks to queue
[2024-06-24T16:28:01.571+0000] {logging_mixin.py:150} INFO - [2024-06-24T16:28:01.571+0000] {dagbag.py:541} INFO - Filling up the DagBag from /usr/local/python/3.10.13/lib/python3.10/site-packages/airflow/example_dags/example_branch_day_of_week_operator.py
[2024-06-24T16:28:01.577+0000] {processor.py:836} INFO - DAG(s) dict_keys(['example_weekday_branch_operator']) retrieved from /usr/local/python/3.10.13/lib/python3.10/site-packages/airflow/example_dags/example_branch_day_of_week_operator.py
[2024-06-24T16:28:01.590+0000] {logging_mixin.py:150} INFO - [2024-06-24T16:28:01.590+0000] {dag.py:2742} INFO - Sync 1 DAGs
[2024-06-24T16:28:01.606+0000] {logging_mixin.py:150} INFO - [2024-06-24T16:28:01.606+0000] {dag.py:3504} INFO - Setting next_dagrun for example_weekday_branch_operator to 2024-06-23T00:00:00+00:00, run_after=2024-06-24T00:00:00+00:00
[2024-06-24T16:28:01.648+0000] {processor.py:179} INFO - Processing /usr/local/python/3.10.13/lib/python3.10/site-packages/airflow/example_dags/example_branch_day_of_week_operator.py took 0.080 seconds
[2024-06-24T16:28:49.736+0000] {processor.py:157} INFO - Started process (PID=28266) to work on /usr/local/python/3.10.13/lib/python3.10/site-packages/airflow/example_dags/example_branch_day_of_week_operator.py
[2024-06-24T16:28:49.737+0000] {processor.py:826} INFO - Processing file /usr/local/python/3.10.13/lib/python3.10/site-packages/airflow/example_dags/example_branch_day_of_week_operator.py for tasks to queue
[2024-06-24T16:28:49.738+0000] {logging_mixin.py:150} INFO - [2024-06-24T16:28:49.737+0000] {dagbag.py:541} INFO - Filling up the DagBag from /usr/local/python/3.10.13/lib/python3.10/site-packages/airflow/example_dags/example_branch_day_of_week_operator.py
[2024-06-24T16:28:49.743+0000] {processor.py:836} INFO - DAG(s) dict_keys(['example_weekday_branch_operator']) retrieved from /usr/local/python/3.10.13/lib/python3.10/site-packages/airflow/example_dags/example_branch_day_of_week_operator.py
[2024-06-24T16:28:49.757+0000] {logging_mixin.py:150} INFO - [2024-06-24T16:28:49.757+0000] {dag.py:2742} INFO - Sync 1 DAGs
[2024-06-24T16:28:49.773+0000] {logging_mixin.py:150} INFO - [2024-06-24T16:28:49.773+0000] {dag.py:3504} INFO - Setting next_dagrun for example_weekday_branch_operator to 2024-06-23T00:00:00+00:00, run_after=2024-06-24T00:00:00+00:00
[2024-06-24T16:28:49.815+0000] {processor.py:179} INFO - Processing /usr/local/python/3.10.13/lib/python3.10/site-packages/airflow/example_dags/example_branch_day_of_week_operator.py took 0.081 seconds
[2024-06-24T16:29:37.486+0000] {processor.py:157} INFO - Started process (PID=28607) to work on /usr/local/python/3.10.13/lib/python3.10/site-packages/airflow/example_dags/example_branch_day_of_week_operator.py
[2024-06-24T16:29:37.487+0000] {processor.py:826} INFO - Processing file /usr/local/python/3.10.13/lib/python3.10/site-packages/airflow/example_dags/example_branch_day_of_week_operator.py for tasks to queue
[2024-06-24T16:29:37.487+0000] {logging_mixin.py:150} INFO - [2024-06-24T16:29:37.487+0000] {dagbag.py:541} INFO - Filling up the DagBag from /usr/local/python/3.10.13/lib/python3.10/site-packages/airflow/example_dags/example_branch_day_of_week_operator.py
[2024-06-24T16:29:37.493+0000] {processor.py:836} INFO - DAG(s) dict_keys(['example_weekday_branch_operator']) retrieved from /usr/local/python/3.10.13/lib/python3.10/site-packages/airflow/example_dags/example_branch_day_of_week_operator.py
[2024-06-24T16:29:37.511+0000] {logging_mixin.py:150} INFO - [2024-06-24T16:29:37.510+0000] {dag.py:2742} INFO - Sync 1 DAGs
[2024-06-24T16:29:37.537+0000] {logging_mixin.py:150} INFO - [2024-06-24T16:29:37.537+0000] {dag.py:3504} INFO - Setting next_dagrun for example_weekday_branch_operator to 2024-06-23T00:00:00+00:00, run_after=2024-06-24T00:00:00+00:00
[2024-06-24T16:29:37.580+0000] {processor.py:179} INFO - Processing /usr/local/python/3.10.13/lib/python3.10/site-packages/airflow/example_dags/example_branch_day_of_week_operator.py took 0.096 seconds
[2024-06-24T16:30:25.944+0000] {processor.py:157} INFO - Started process (PID=28944) to work on /usr/local/python/3.10.13/lib/python3.10/site-packages/airflow/example_dags/example_branch_day_of_week_operator.py
[2024-06-24T16:30:25.944+0000] {processor.py:826} INFO - Processing file /usr/local/python/3.10.13/lib/python3.10/site-packages/airflow/example_dags/example_branch_day_of_week_operator.py for tasks to queue
[2024-06-24T16:30:25.946+0000] {logging_mixin.py:150} INFO - [2024-06-24T16:30:25.945+0000] {dagbag.py:541} INFO - Filling up the DagBag from /usr/local/python/3.10.13/lib/python3.10/site-packages/airflow/example_dags/example_branch_day_of_week_operator.py
[2024-06-24T16:30:25.954+0000] {processor.py:836} INFO - DAG(s) dict_keys(['example_weekday_branch_operator']) retrieved from /usr/local/python/3.10.13/lib/python3.10/site-packages/airflow/example_dags/example_branch_day_of_week_operator.py
[2024-06-24T16:30:25.971+0000] {logging_mixin.py:150} INFO - [2024-06-24T16:30:25.971+0000] {dag.py:2742} INFO - Sync 1 DAGs
[2024-06-24T16:30:25.996+0000] {logging_mixin.py:150} INFO - [2024-06-24T16:30:25.995+0000] {dag.py:3504} INFO - Setting next_dagrun for example_weekday_branch_operator to 2024-06-23T00:00:00+00:00, run_after=2024-06-24T00:00:00+00:00
[2024-06-24T16:30:26.044+0000] {processor.py:179} INFO - Processing /usr/local/python/3.10.13/lib/python3.10/site-packages/airflow/example_dags/example_branch_day_of_week_operator.py took 0.103 seconds
[2024-06-24T16:31:13.211+0000] {processor.py:157} INFO - Started process (PID=29280) to work on /usr/local/python/3.10.13/lib/python3.10/site-packages/airflow/example_dags/example_branch_day_of_week_operator.py
[2024-06-24T16:31:13.211+0000] {processor.py:826} INFO - Processing file /usr/local/python/3.10.13/lib/python3.10/site-packages/airflow/example_dags/example_branch_day_of_week_operator.py for tasks to queue
[2024-06-24T16:31:13.212+0000] {logging_mixin.py:150} INFO - [2024-06-24T16:31:13.212+0000] {dagbag.py:541} INFO - Filling up the DagBag from /usr/local/python/3.10.13/lib/python3.10/site-packages/airflow/example_dags/example_branch_day_of_week_operator.py
[2024-06-24T16:31:13.218+0000] {processor.py:836} INFO - DAG(s) dict_keys(['example_weekday_branch_operator']) retrieved from /usr/local/python/3.10.13/lib/python3.10/site-packages/airflow/example_dags/example_branch_day_of_week_operator.py
[2024-06-24T16:31:13.231+0000] {logging_mixin.py:150} INFO - [2024-06-24T16:31:13.230+0000] {dag.py:2742} INFO - Sync 1 DAGs
[2024-06-24T16:31:13.247+0000] {logging_mixin.py:150} INFO - [2024-06-24T16:31:13.246+0000] {dag.py:3504} INFO - Setting next_dagrun for example_weekday_branch_operator to 2024-06-23T00:00:00+00:00, run_after=2024-06-24T00:00:00+00:00
[2024-06-24T16:31:13.285+0000] {processor.py:179} INFO - Processing /usr/local/python/3.10.13/lib/python3.10/site-packages/airflow/example_dags/example_branch_day_of_week_operator.py took 0.076 seconds
[2024-06-24T17:08:22.439+0000] {processor.py:157} INFO - Started process (PID=9627) to work on /usr/local/python/3.10.13/lib/python3.10/site-packages/airflow/example_dags/example_branch_day_of_week_operator.py
[2024-06-24T17:08:22.442+0000] {processor.py:826} INFO - Processing file /usr/local/python/3.10.13/lib/python3.10/site-packages/airflow/example_dags/example_branch_day_of_week_operator.py for tasks to queue
[2024-06-24T17:08:22.442+0000] {logging_mixin.py:150} INFO - [2024-06-24T17:08:22.442+0000] {dagbag.py:541} INFO - Filling up the DagBag from /usr/local/python/3.10.13/lib/python3.10/site-packages/airflow/example_dags/example_branch_day_of_week_operator.py
[2024-06-24T17:08:22.448+0000] {processor.py:836} INFO - DAG(s) dict_keys(['example_weekday_branch_operator']) retrieved from /usr/local/python/3.10.13/lib/python3.10/site-packages/airflow/example_dags/example_branch_day_of_week_operator.py
[2024-06-24T17:08:22.461+0000] {logging_mixin.py:150} INFO - [2024-06-24T17:08:22.461+0000] {dag.py:2742} INFO - Sync 1 DAGs
[2024-06-24T17:08:22.477+0000] {logging_mixin.py:150} INFO - [2024-06-24T17:08:22.477+0000] {dag.py:3504} INFO - Setting next_dagrun for example_weekday_branch_operator to 2024-06-23T00:00:00+00:00, run_after=2024-06-24T00:00:00+00:00
[2024-06-24T17:08:22.517+0000] {processor.py:179} INFO - Processing /usr/local/python/3.10.13/lib/python3.10/site-packages/airflow/example_dags/example_branch_day_of_week_operator.py took 0.080 seconds
[2024-06-24T17:09:15.456+0000] {processor.py:157} INFO - Started process (PID=9995) to work on /usr/local/python/3.10.13/lib/python3.10/site-packages/airflow/example_dags/example_branch_day_of_week_operator.py
[2024-06-24T17:09:15.457+0000] {processor.py:826} INFO - Processing file /usr/local/python/3.10.13/lib/python3.10/site-packages/airflow/example_dags/example_branch_day_of_week_operator.py for tasks to queue
[2024-06-24T17:09:15.457+0000] {logging_mixin.py:150} INFO - [2024-06-24T17:09:15.457+0000] {dagbag.py:541} INFO - Filling up the DagBag from /usr/local/python/3.10.13/lib/python3.10/site-packages/airflow/example_dags/example_branch_day_of_week_operator.py
[2024-06-24T17:09:15.463+0000] {processor.py:836} INFO - DAG(s) dict_keys(['example_weekday_branch_operator']) retrieved from /usr/local/python/3.10.13/lib/python3.10/site-packages/airflow/example_dags/example_branch_day_of_week_operator.py
[2024-06-24T17:09:15.475+0000] {logging_mixin.py:150} INFO - [2024-06-24T17:09:15.475+0000] {dag.py:2742} INFO - Sync 1 DAGs
[2024-06-24T17:09:15.491+0000] {logging_mixin.py:150} INFO - [2024-06-24T17:09:15.491+0000] {dag.py:3504} INFO - Setting next_dagrun for example_weekday_branch_operator to 2024-06-23T00:00:00+00:00, run_after=2024-06-24T00:00:00+00:00
[2024-06-24T17:09:15.533+0000] {processor.py:179} INFO - Processing /usr/local/python/3.10.13/lib/python3.10/site-packages/airflow/example_dags/example_branch_day_of_week_operator.py took 0.079 seconds
[2024-06-24T17:10:08.629+0000] {processor.py:157} INFO - Started process (PID=10363) to work on /usr/local/python/3.10.13/lib/python3.10/site-packages/airflow/example_dags/example_branch_day_of_week_operator.py
[2024-06-24T17:10:08.629+0000] {processor.py:826} INFO - Processing file /usr/local/python/3.10.13/lib/python3.10/site-packages/airflow/example_dags/example_branch_day_of_week_operator.py for tasks to queue
[2024-06-24T17:10:08.630+0000] {logging_mixin.py:150} INFO - [2024-06-24T17:10:08.630+0000] {dagbag.py:541} INFO - Filling up the DagBag from /usr/local/python/3.10.13/lib/python3.10/site-packages/airflow/example_dags/example_branch_day_of_week_operator.py
[2024-06-24T17:10:08.636+0000] {processor.py:836} INFO - DAG(s) dict_keys(['example_weekday_branch_operator']) retrieved from /usr/local/python/3.10.13/lib/python3.10/site-packages/airflow/example_dags/example_branch_day_of_week_operator.py
[2024-06-24T17:10:09.567+0000] {logging_mixin.py:150} INFO - [2024-06-24T17:10:09.566+0000] {dag.py:2742} INFO - Sync 1 DAGs
[2024-06-24T17:10:09.583+0000] {logging_mixin.py:150} INFO - [2024-06-24T17:10:09.583+0000] {dag.py:3504} INFO - Setting next_dagrun for example_weekday_branch_operator to 2024-06-23T00:00:00+00:00, run_after=2024-06-24T00:00:00+00:00
[2024-06-24T17:10:09.624+0000] {processor.py:179} INFO - Processing /usr/local/python/3.10.13/lib/python3.10/site-packages/airflow/example_dags/example_branch_day_of_week_operator.py took 0.997 seconds
[2024-06-24T17:10:56.463+0000] {processor.py:157} INFO - Started process (PID=10728) to work on /usr/local/python/3.10.13/lib/python3.10/site-packages/airflow/example_dags/example_branch_day_of_week_operator.py
[2024-06-24T17:10:56.464+0000] {processor.py:826} INFO - Processing file /usr/local/python/3.10.13/lib/python3.10/site-packages/airflow/example_dags/example_branch_day_of_week_operator.py for tasks to queue
[2024-06-24T17:10:56.465+0000] {logging_mixin.py:150} INFO - [2024-06-24T17:10:56.465+0000] {dagbag.py:541} INFO - Filling up the DagBag from /usr/local/python/3.10.13/lib/python3.10/site-packages/airflow/example_dags/example_branch_day_of_week_operator.py
[2024-06-24T17:10:56.473+0000] {processor.py:836} INFO - DAG(s) dict_keys(['example_weekday_branch_operator']) retrieved from /usr/local/python/3.10.13/lib/python3.10/site-packages/airflow/example_dags/example_branch_day_of_week_operator.py
[2024-06-24T17:10:56.487+0000] {logging_mixin.py:150} INFO - [2024-06-24T17:10:56.487+0000] {dag.py:2742} INFO - Sync 1 DAGs
[2024-06-24T17:10:56.506+0000] {logging_mixin.py:150} INFO - [2024-06-24T17:10:56.506+0000] {dag.py:3504} INFO - Setting next_dagrun for example_weekday_branch_operator to 2024-06-23T00:00:00+00:00, run_after=2024-06-24T00:00:00+00:00
[2024-06-24T17:10:56.548+0000] {processor.py:179} INFO - Processing /usr/local/python/3.10.13/lib/python3.10/site-packages/airflow/example_dags/example_branch_day_of_week_operator.py took 0.092 seconds
[2024-06-24T17:11:48.626+0000] {processor.py:157} INFO - Started process (PID=11114) to work on /usr/local/python/3.10.13/lib/python3.10/site-packages/airflow/example_dags/example_branch_day_of_week_operator.py
[2024-06-24T17:11:48.626+0000] {processor.py:826} INFO - Processing file /usr/local/python/3.10.13/lib/python3.10/site-packages/airflow/example_dags/example_branch_day_of_week_operator.py for tasks to queue
[2024-06-24T17:11:48.627+0000] {logging_mixin.py:150} INFO - [2024-06-24T17:11:48.627+0000] {dagbag.py:541} INFO - Filling up the DagBag from /usr/local/python/3.10.13/lib/python3.10/site-packages/airflow/example_dags/example_branch_day_of_week_operator.py
[2024-06-24T17:11:48.633+0000] {processor.py:836} INFO - DAG(s) dict_keys(['example_weekday_branch_operator']) retrieved from /usr/local/python/3.10.13/lib/python3.10/site-packages/airflow/example_dags/example_branch_day_of_week_operator.py
[2024-06-24T17:11:48.647+0000] {logging_mixin.py:150} INFO - [2024-06-24T17:11:48.647+0000] {dag.py:2742} INFO - Sync 1 DAGs
[2024-06-24T17:11:48.680+0000] {logging_mixin.py:150} INFO - [2024-06-24T17:11:48.680+0000] {dag.py:3504} INFO - Setting next_dagrun for example_weekday_branch_operator to 2024-06-23T00:00:00+00:00, run_after=2024-06-24T00:00:00+00:00
[2024-06-24T17:11:48.723+0000] {processor.py:179} INFO - Processing /usr/local/python/3.10.13/lib/python3.10/site-packages/airflow/example_dags/example_branch_day_of_week_operator.py took 0.100 seconds
[2024-06-24T17:12:46.549+0000] {processor.py:157} INFO - Started process (PID=11557) to work on /usr/local/python/3.10.13/lib/python3.10/site-packages/airflow/example_dags/example_branch_day_of_week_operator.py
[2024-06-24T17:12:46.550+0000] {processor.py:826} INFO - Processing file /usr/local/python/3.10.13/lib/python3.10/site-packages/airflow/example_dags/example_branch_day_of_week_operator.py for tasks to queue
[2024-06-24T17:12:46.550+0000] {logging_mixin.py:150} INFO - [2024-06-24T17:12:46.550+0000] {dagbag.py:541} INFO - Filling up the DagBag from /usr/local/python/3.10.13/lib/python3.10/site-packages/airflow/example_dags/example_branch_day_of_week_operator.py
[2024-06-24T17:12:46.556+0000] {processor.py:836} INFO - DAG(s) dict_keys(['example_weekday_branch_operator']) retrieved from /usr/local/python/3.10.13/lib/python3.10/site-packages/airflow/example_dags/example_branch_day_of_week_operator.py
[2024-06-24T17:12:46.569+0000] {logging_mixin.py:150} INFO - [2024-06-24T17:12:46.569+0000] {dag.py:2742} INFO - Sync 1 DAGs
[2024-06-24T17:12:46.585+0000] {logging_mixin.py:150} INFO - [2024-06-24T17:12:46.585+0000] {dag.py:3504} INFO - Setting next_dagrun for example_weekday_branch_operator to 2024-06-23T00:00:00+00:00, run_after=2024-06-24T00:00:00+00:00
[2024-06-24T17:12:46.628+0000] {processor.py:179} INFO - Processing /usr/local/python/3.10.13/lib/python3.10/site-packages/airflow/example_dags/example_branch_day_of_week_operator.py took 0.081 seconds
[2024-06-24T17:13:34.869+0000] {processor.py:157} INFO - Started process (PID=11929) to work on /usr/local/python/3.10.13/lib/python3.10/site-packages/airflow/example_dags/example_branch_day_of_week_operator.py
[2024-06-24T17:13:34.869+0000] {processor.py:826} INFO - Processing file /usr/local/python/3.10.13/lib/python3.10/site-packages/airflow/example_dags/example_branch_day_of_week_operator.py for tasks to queue
[2024-06-24T17:13:34.870+0000] {logging_mixin.py:150} INFO - [2024-06-24T17:13:34.870+0000] {dagbag.py:541} INFO - Filling up the DagBag from /usr/local/python/3.10.13/lib/python3.10/site-packages/airflow/example_dags/example_branch_day_of_week_operator.py
[2024-06-24T17:13:34.876+0000] {processor.py:836} INFO - DAG(s) dict_keys(['example_weekday_branch_operator']) retrieved from /usr/local/python/3.10.13/lib/python3.10/site-packages/airflow/example_dags/example_branch_day_of_week_operator.py
[2024-06-24T17:13:34.890+0000] {logging_mixin.py:150} INFO - [2024-06-24T17:13:34.889+0000] {dag.py:2742} INFO - Sync 1 DAGs
[2024-06-24T17:13:34.906+0000] {logging_mixin.py:150} INFO - [2024-06-24T17:13:34.906+0000] {dag.py:3504} INFO - Setting next_dagrun for example_weekday_branch_operator to 2024-06-23T00:00:00+00:00, run_after=2024-06-24T00:00:00+00:00
[2024-06-24T17:13:34.954+0000] {processor.py:179} INFO - Processing /usr/local/python/3.10.13/lib/python3.10/site-packages/airflow/example_dags/example_branch_day_of_week_operator.py took 0.087 seconds
[2024-06-24T17:14:19.218+0000] {processor.py:157} INFO - Started process (PID=12289) to work on /usr/local/python/3.10.13/lib/python3.10/site-packages/airflow/example_dags/example_branch_day_of_week_operator.py
[2024-06-24T17:14:19.218+0000] {processor.py:826} INFO - Processing file /usr/local/python/3.10.13/lib/python3.10/site-packages/airflow/example_dags/example_branch_day_of_week_operator.py for tasks to queue
[2024-06-24T17:14:19.219+0000] {logging_mixin.py:150} INFO - [2024-06-24T17:14:19.219+0000] {dagbag.py:541} INFO - Filling up the DagBag from /usr/local/python/3.10.13/lib/python3.10/site-packages/airflow/example_dags/example_branch_day_of_week_operator.py
[2024-06-24T17:14:19.225+0000] {processor.py:836} INFO - DAG(s) dict_keys(['example_weekday_branch_operator']) retrieved from /usr/local/python/3.10.13/lib/python3.10/site-packages/airflow/example_dags/example_branch_day_of_week_operator.py
[2024-06-24T17:14:19.238+0000] {logging_mixin.py:150} INFO - [2024-06-24T17:14:19.238+0000] {dag.py:2742} INFO - Sync 1 DAGs
[2024-06-24T17:14:19.254+0000] {logging_mixin.py:150} INFO - [2024-06-24T17:14:19.254+0000] {dag.py:3504} INFO - Setting next_dagrun for example_weekday_branch_operator to 2024-06-23T00:00:00+00:00, run_after=2024-06-24T00:00:00+00:00
[2024-06-24T17:14:19.309+0000] {processor.py:179} INFO - Processing /usr/local/python/3.10.13/lib/python3.10/site-packages/airflow/example_dags/example_branch_day_of_week_operator.py took 0.094 seconds
[2024-06-24T17:15:06.899+0000] {processor.py:157} INFO - Started process (PID=12648) to work on /usr/local/python/3.10.13/lib/python3.10/site-packages/airflow/example_dags/example_branch_day_of_week_operator.py
[2024-06-24T17:15:06.900+0000] {processor.py:826} INFO - Processing file /usr/local/python/3.10.13/lib/python3.10/site-packages/airflow/example_dags/example_branch_day_of_week_operator.py for tasks to queue
[2024-06-24T17:15:06.901+0000] {logging_mixin.py:150} INFO - [2024-06-24T17:15:06.901+0000] {dagbag.py:541} INFO - Filling up the DagBag from /usr/local/python/3.10.13/lib/python3.10/site-packages/airflow/example_dags/example_branch_day_of_week_operator.py
[2024-06-24T17:15:06.906+0000] {processor.py:836} INFO - DAG(s) dict_keys(['example_weekday_branch_operator']) retrieved from /usr/local/python/3.10.13/lib/python3.10/site-packages/airflow/example_dags/example_branch_day_of_week_operator.py
[2024-06-24T17:15:06.919+0000] {logging_mixin.py:150} INFO - [2024-06-24T17:15:06.919+0000] {dag.py:2742} INFO - Sync 1 DAGs
[2024-06-24T17:15:06.935+0000] {logging_mixin.py:150} INFO - [2024-06-24T17:15:06.935+0000] {dag.py:3504} INFO - Setting next_dagrun for example_weekday_branch_operator to 2024-06-23T00:00:00+00:00, run_after=2024-06-24T00:00:00+00:00
[2024-06-24T17:15:06.991+0000] {processor.py:179} INFO - Processing /usr/local/python/3.10.13/lib/python3.10/site-packages/airflow/example_dags/example_branch_day_of_week_operator.py took 0.094 seconds
[2024-06-24T17:15:58.227+0000] {processor.py:157} INFO - Started process (PID=13025) to work on /usr/local/python/3.10.13/lib/python3.10/site-packages/airflow/example_dags/example_branch_day_of_week_operator.py
[2024-06-24T17:15:58.228+0000] {processor.py:826} INFO - Processing file /usr/local/python/3.10.13/lib/python3.10/site-packages/airflow/example_dags/example_branch_day_of_week_operator.py for tasks to queue
[2024-06-24T17:15:58.229+0000] {logging_mixin.py:150} INFO - [2024-06-24T17:15:58.228+0000] {dagbag.py:541} INFO - Filling up the DagBag from /usr/local/python/3.10.13/lib/python3.10/site-packages/airflow/example_dags/example_branch_day_of_week_operator.py
[2024-06-24T17:15:58.235+0000] {processor.py:836} INFO - DAG(s) dict_keys(['example_weekday_branch_operator']) retrieved from /usr/local/python/3.10.13/lib/python3.10/site-packages/airflow/example_dags/example_branch_day_of_week_operator.py
[2024-06-24T17:15:58.248+0000] {logging_mixin.py:150} INFO - [2024-06-24T17:15:58.248+0000] {dag.py:2742} INFO - Sync 1 DAGs
[2024-06-24T17:15:58.264+0000] {logging_mixin.py:150} INFO - [2024-06-24T17:15:58.264+0000] {dag.py:3504} INFO - Setting next_dagrun for example_weekday_branch_operator to 2024-06-23T00:00:00+00:00, run_after=2024-06-24T00:00:00+00:00
[2024-06-24T17:15:58.306+0000] {processor.py:179} INFO - Processing /usr/local/python/3.10.13/lib/python3.10/site-packages/airflow/example_dags/example_branch_day_of_week_operator.py took 0.082 seconds
[2024-06-24T17:16:46.738+0000] {processor.py:157} INFO - Started process (PID=13400) to work on /usr/local/python/3.10.13/lib/python3.10/site-packages/airflow/example_dags/example_branch_day_of_week_operator.py
[2024-06-24T17:16:46.739+0000] {processor.py:826} INFO - Processing file /usr/local/python/3.10.13/lib/python3.10/site-packages/airflow/example_dags/example_branch_day_of_week_operator.py for tasks to queue
[2024-06-24T17:16:46.739+0000] {logging_mixin.py:150} INFO - [2024-06-24T17:16:46.739+0000] {dagbag.py:541} INFO - Filling up the DagBag from /usr/local/python/3.10.13/lib/python3.10/site-packages/airflow/example_dags/example_branch_day_of_week_operator.py
[2024-06-24T17:16:46.745+0000] {processor.py:836} INFO - DAG(s) dict_keys(['example_weekday_branch_operator']) retrieved from /usr/local/python/3.10.13/lib/python3.10/site-packages/airflow/example_dags/example_branch_day_of_week_operator.py
[2024-06-24T17:16:46.757+0000] {logging_mixin.py:150} INFO - [2024-06-24T17:16:46.757+0000] {dag.py:2742} INFO - Sync 1 DAGs
[2024-06-24T17:16:46.774+0000] {logging_mixin.py:150} INFO - [2024-06-24T17:16:46.773+0000] {dag.py:3504} INFO - Setting next_dagrun for example_weekday_branch_operator to 2024-06-23T00:00:00+00:00, run_after=2024-06-24T00:00:00+00:00
[2024-06-24T17:16:46.812+0000] {processor.py:179} INFO - Processing /usr/local/python/3.10.13/lib/python3.10/site-packages/airflow/example_dags/example_branch_day_of_week_operator.py took 0.077 seconds
[2024-06-24T17:17:39.934+0000] {processor.py:157} INFO - Started process (PID=13775) to work on /usr/local/python/3.10.13/lib/python3.10/site-packages/airflow/example_dags/example_branch_day_of_week_operator.py
[2024-06-24T17:17:39.935+0000] {processor.py:826} INFO - Processing file /usr/local/python/3.10.13/lib/python3.10/site-packages/airflow/example_dags/example_branch_day_of_week_operator.py for tasks to queue
[2024-06-24T17:17:39.936+0000] {logging_mixin.py:150} INFO - [2024-06-24T17:17:39.936+0000] {dagbag.py:541} INFO - Filling up the DagBag from /usr/local/python/3.10.13/lib/python3.10/site-packages/airflow/example_dags/example_branch_day_of_week_operator.py
[2024-06-24T17:17:39.945+0000] {processor.py:836} INFO - DAG(s) dict_keys(['example_weekday_branch_operator']) retrieved from /usr/local/python/3.10.13/lib/python3.10/site-packages/airflow/example_dags/example_branch_day_of_week_operator.py
[2024-06-24T17:17:39.967+0000] {logging_mixin.py:150} INFO - [2024-06-24T17:17:39.966+0000] {dag.py:2742} INFO - Sync 1 DAGs
[2024-06-24T17:17:39.993+0000] {logging_mixin.py:150} INFO - [2024-06-24T17:17:39.993+0000] {dag.py:3504} INFO - Setting next_dagrun for example_weekday_branch_operator to 2024-06-23T00:00:00+00:00, run_after=2024-06-24T00:00:00+00:00
[2024-06-24T17:17:40.033+0000] {processor.py:179} INFO - Processing /usr/local/python/3.10.13/lib/python3.10/site-packages/airflow/example_dags/example_branch_day_of_week_operator.py took 0.102 seconds
[2024-06-24T17:18:47.881+0000] {processor.py:157} INFO - Started process (PID=14270) to work on /usr/local/python/3.10.13/lib/python3.10/site-packages/airflow/example_dags/example_branch_day_of_week_operator.py
[2024-06-24T17:18:47.882+0000] {processor.py:826} INFO - Processing file /usr/local/python/3.10.13/lib/python3.10/site-packages/airflow/example_dags/example_branch_day_of_week_operator.py for tasks to queue
[2024-06-24T17:18:47.882+0000] {logging_mixin.py:150} INFO - [2024-06-24T17:18:47.882+0000] {dagbag.py:541} INFO - Filling up the DagBag from /usr/local/python/3.10.13/lib/python3.10/site-packages/airflow/example_dags/example_branch_day_of_week_operator.py
[2024-06-24T17:18:47.888+0000] {processor.py:836} INFO - DAG(s) dict_keys(['example_weekday_branch_operator']) retrieved from /usr/local/python/3.10.13/lib/python3.10/site-packages/airflow/example_dags/example_branch_day_of_week_operator.py
[2024-06-24T17:18:47.901+0000] {logging_mixin.py:150} INFO - [2024-06-24T17:18:47.901+0000] {dag.py:2742} INFO - Sync 1 DAGs
[2024-06-24T17:18:47.917+0000] {logging_mixin.py:150} INFO - [2024-06-24T17:18:47.917+0000] {dag.py:3504} INFO - Setting next_dagrun for example_weekday_branch_operator to 2024-06-23T00:00:00+00:00, run_after=2024-06-24T00:00:00+00:00
[2024-06-24T17:18:47.956+0000] {processor.py:179} INFO - Processing /usr/local/python/3.10.13/lib/python3.10/site-packages/airflow/example_dags/example_branch_day_of_week_operator.py took 0.077 seconds
[2024-06-24T17:19:41.762+0000] {processor.py:157} INFO - Started process (PID=14688) to work on /usr/local/python/3.10.13/lib/python3.10/site-packages/airflow/example_dags/example_branch_day_of_week_operator.py
[2024-06-24T17:19:41.763+0000] {processor.py:826} INFO - Processing file /usr/local/python/3.10.13/lib/python3.10/site-packages/airflow/example_dags/example_branch_day_of_week_operator.py for tasks to queue
[2024-06-24T17:19:41.764+0000] {logging_mixin.py:150} INFO - [2024-06-24T17:19:41.763+0000] {dagbag.py:541} INFO - Filling up the DagBag from /usr/local/python/3.10.13/lib/python3.10/site-packages/airflow/example_dags/example_branch_day_of_week_operator.py
[2024-06-24T17:19:41.769+0000] {processor.py:836} INFO - DAG(s) dict_keys(['example_weekday_branch_operator']) retrieved from /usr/local/python/3.10.13/lib/python3.10/site-packages/airflow/example_dags/example_branch_day_of_week_operator.py
[2024-06-24T17:19:41.782+0000] {logging_mixin.py:150} INFO - [2024-06-24T17:19:41.782+0000] {dag.py:2742} INFO - Sync 1 DAGs
[2024-06-24T17:19:41.799+0000] {logging_mixin.py:150} INFO - [2024-06-24T17:19:41.799+0000] {dag.py:3504} INFO - Setting next_dagrun for example_weekday_branch_operator to 2024-06-23T00:00:00+00:00, run_after=2024-06-24T00:00:00+00:00
[2024-06-24T17:19:41.840+0000] {processor.py:179} INFO - Processing /usr/local/python/3.10.13/lib/python3.10/site-packages/airflow/example_dags/example_branch_day_of_week_operator.py took 0.081 seconds
[2024-06-24T17:20:41.561+0000] {processor.py:157} INFO - Started process (PID=15105) to work on /usr/local/python/3.10.13/lib/python3.10/site-packages/airflow/example_dags/example_branch_day_of_week_operator.py
[2024-06-24T17:20:41.562+0000] {processor.py:826} INFO - Processing file /usr/local/python/3.10.13/lib/python3.10/site-packages/airflow/example_dags/example_branch_day_of_week_operator.py for tasks to queue
[2024-06-24T17:20:41.563+0000] {logging_mixin.py:150} INFO - [2024-06-24T17:20:41.562+0000] {dagbag.py:541} INFO - Filling up the DagBag from /usr/local/python/3.10.13/lib/python3.10/site-packages/airflow/example_dags/example_branch_day_of_week_operator.py
[2024-06-24T17:20:41.568+0000] {processor.py:836} INFO - DAG(s) dict_keys(['example_weekday_branch_operator']) retrieved from /usr/local/python/3.10.13/lib/python3.10/site-packages/airflow/example_dags/example_branch_day_of_week_operator.py
[2024-06-24T17:20:41.581+0000] {logging_mixin.py:150} INFO - [2024-06-24T17:20:41.581+0000] {dag.py:2742} INFO - Sync 1 DAGs
[2024-06-24T17:20:41.596+0000] {logging_mixin.py:150} INFO - [2024-06-24T17:20:41.596+0000] {dag.py:3504} INFO - Setting next_dagrun for example_weekday_branch_operator to 2024-06-23T00:00:00+00:00, run_after=2024-06-24T00:00:00+00:00
[2024-06-24T17:20:41.645+0000] {processor.py:179} INFO - Processing /usr/local/python/3.10.13/lib/python3.10/site-packages/airflow/example_dags/example_branch_day_of_week_operator.py took 0.085 seconds
[2024-06-24T17:21:37.400+0000] {processor.py:157} INFO - Started process (PID=15500) to work on /usr/local/python/3.10.13/lib/python3.10/site-packages/airflow/example_dags/example_branch_day_of_week_operator.py
[2024-06-24T17:21:37.401+0000] {processor.py:826} INFO - Processing file /usr/local/python/3.10.13/lib/python3.10/site-packages/airflow/example_dags/example_branch_day_of_week_operator.py for tasks to queue
[2024-06-24T17:21:37.402+0000] {logging_mixin.py:150} INFO - [2024-06-24T17:21:37.401+0000] {dagbag.py:541} INFO - Filling up the DagBag from /usr/local/python/3.10.13/lib/python3.10/site-packages/airflow/example_dags/example_branch_day_of_week_operator.py
[2024-06-24T17:21:37.407+0000] {processor.py:836} INFO - DAG(s) dict_keys(['example_weekday_branch_operator']) retrieved from /usr/local/python/3.10.13/lib/python3.10/site-packages/airflow/example_dags/example_branch_day_of_week_operator.py
[2024-06-24T17:21:37.420+0000] {logging_mixin.py:150} INFO - [2024-06-24T17:21:37.420+0000] {dag.py:2742} INFO - Sync 1 DAGs
[2024-06-24T17:21:37.436+0000] {logging_mixin.py:150} INFO - [2024-06-24T17:21:37.436+0000] {dag.py:3504} INFO - Setting next_dagrun for example_weekday_branch_operator to 2024-06-23T00:00:00+00:00, run_after=2024-06-24T00:00:00+00:00
[2024-06-24T17:21:37.473+0000] {processor.py:179} INFO - Processing /usr/local/python/3.10.13/lib/python3.10/site-packages/airflow/example_dags/example_branch_day_of_week_operator.py took 0.075 seconds
[2024-06-24T17:22:26.173+0000] {processor.py:157} INFO - Started process (PID=15829) to work on /usr/local/python/3.10.13/lib/python3.10/site-packages/airflow/example_dags/example_branch_day_of_week_operator.py
[2024-06-24T17:22:26.174+0000] {processor.py:826} INFO - Processing file /usr/local/python/3.10.13/lib/python3.10/site-packages/airflow/example_dags/example_branch_day_of_week_operator.py for tasks to queue
[2024-06-24T17:22:26.175+0000] {logging_mixin.py:150} INFO - [2024-06-24T17:22:26.174+0000] {dagbag.py:541} INFO - Filling up the DagBag from /usr/local/python/3.10.13/lib/python3.10/site-packages/airflow/example_dags/example_branch_day_of_week_operator.py
[2024-06-24T17:22:26.180+0000] {processor.py:836} INFO - DAG(s) dict_keys(['example_weekday_branch_operator']) retrieved from /usr/local/python/3.10.13/lib/python3.10/site-packages/airflow/example_dags/example_branch_day_of_week_operator.py
[2024-06-24T17:22:26.193+0000] {logging_mixin.py:150} INFO - [2024-06-24T17:22:26.193+0000] {dag.py:2742} INFO - Sync 1 DAGs
[2024-06-24T17:22:26.209+0000] {logging_mixin.py:150} INFO - [2024-06-24T17:22:26.208+0000] {dag.py:3504} INFO - Setting next_dagrun for example_weekday_branch_operator to 2024-06-23T00:00:00+00:00, run_after=2024-06-24T00:00:00+00:00
[2024-06-24T17:22:26.247+0000] {processor.py:179} INFO - Processing /usr/local/python/3.10.13/lib/python3.10/site-packages/airflow/example_dags/example_branch_day_of_week_operator.py took 0.075 seconds
[2024-06-24T17:23:19.337+0000] {processor.py:157} INFO - Started process (PID=16215) to work on /usr/local/python/3.10.13/lib/python3.10/site-packages/airflow/example_dags/example_branch_day_of_week_operator.py
[2024-06-24T17:23:19.337+0000] {processor.py:826} INFO - Processing file /usr/local/python/3.10.13/lib/python3.10/site-packages/airflow/example_dags/example_branch_day_of_week_operator.py for tasks to queue
[2024-06-24T17:23:19.338+0000] {logging_mixin.py:150} INFO - [2024-06-24T17:23:19.338+0000] {dagbag.py:541} INFO - Filling up the DagBag from /usr/local/python/3.10.13/lib/python3.10/site-packages/airflow/example_dags/example_branch_day_of_week_operator.py
[2024-06-24T17:23:19.344+0000] {processor.py:836} INFO - DAG(s) dict_keys(['example_weekday_branch_operator']) retrieved from /usr/local/python/3.10.13/lib/python3.10/site-packages/airflow/example_dags/example_branch_day_of_week_operator.py
[2024-06-24T17:23:19.357+0000] {logging_mixin.py:150} INFO - [2024-06-24T17:23:19.357+0000] {dag.py:2742} INFO - Sync 1 DAGs
[2024-06-24T17:23:19.374+0000] {logging_mixin.py:150} INFO - [2024-06-24T17:23:19.373+0000] {dag.py:3504} INFO - Setting next_dagrun for example_weekday_branch_operator to 2024-06-23T00:00:00+00:00, run_after=2024-06-24T00:00:00+00:00
[2024-06-24T17:23:19.413+0000] {processor.py:179} INFO - Processing /usr/local/python/3.10.13/lib/python3.10/site-packages/airflow/example_dags/example_branch_day_of_week_operator.py took 0.079 seconds
[2024-06-24T17:24:09.509+0000] {processor.py:157} INFO - Started process (PID=16567) to work on /usr/local/python/3.10.13/lib/python3.10/site-packages/airflow/example_dags/example_branch_day_of_week_operator.py
[2024-06-24T17:24:09.510+0000] {processor.py:826} INFO - Processing file /usr/local/python/3.10.13/lib/python3.10/site-packages/airflow/example_dags/example_branch_day_of_week_operator.py for tasks to queue
[2024-06-24T17:24:09.511+0000] {logging_mixin.py:150} INFO - [2024-06-24T17:24:09.511+0000] {dagbag.py:541} INFO - Filling up the DagBag from /usr/local/python/3.10.13/lib/python3.10/site-packages/airflow/example_dags/example_branch_day_of_week_operator.py
[2024-06-24T17:24:09.517+0000] {processor.py:836} INFO - DAG(s) dict_keys(['example_weekday_branch_operator']) retrieved from /usr/local/python/3.10.13/lib/python3.10/site-packages/airflow/example_dags/example_branch_day_of_week_operator.py
[2024-06-24T17:24:09.529+0000] {logging_mixin.py:150} INFO - [2024-06-24T17:24:09.529+0000] {dag.py:2742} INFO - Sync 1 DAGs
[2024-06-24T17:24:09.545+0000] {logging_mixin.py:150} INFO - [2024-06-24T17:24:09.545+0000] {dag.py:3504} INFO - Setting next_dagrun for example_weekday_branch_operator to 2024-06-23T00:00:00+00:00, run_after=2024-06-24T00:00:00+00:00
[2024-06-24T17:24:09.583+0000] {processor.py:179} INFO - Processing /usr/local/python/3.10.13/lib/python3.10/site-packages/airflow/example_dags/example_branch_day_of_week_operator.py took 0.076 seconds
[2024-06-24T17:25:06.617+0000] {processor.py:157} INFO - Started process (PID=16953) to work on /usr/local/python/3.10.13/lib/python3.10/site-packages/airflow/example_dags/example_branch_day_of_week_operator.py
[2024-06-24T17:25:06.618+0000] {processor.py:826} INFO - Processing file /usr/local/python/3.10.13/lib/python3.10/site-packages/airflow/example_dags/example_branch_day_of_week_operator.py for tasks to queue
[2024-06-24T17:25:06.619+0000] {logging_mixin.py:150} INFO - [2024-06-24T17:25:06.618+0000] {dagbag.py:541} INFO - Filling up the DagBag from /usr/local/python/3.10.13/lib/python3.10/site-packages/airflow/example_dags/example_branch_day_of_week_operator.py
[2024-06-24T17:25:06.624+0000] {processor.py:836} INFO - DAG(s) dict_keys(['example_weekday_branch_operator']) retrieved from /usr/local/python/3.10.13/lib/python3.10/site-packages/airflow/example_dags/example_branch_day_of_week_operator.py
[2024-06-24T17:25:06.637+0000] {logging_mixin.py:150} INFO - [2024-06-24T17:25:06.637+0000] {dag.py:2742} INFO - Sync 1 DAGs
[2024-06-24T17:25:06.653+0000] {logging_mixin.py:150} INFO - [2024-06-24T17:25:06.653+0000] {dag.py:3504} INFO - Setting next_dagrun for example_weekday_branch_operator to 2024-06-23T00:00:00+00:00, run_after=2024-06-24T00:00:00+00:00
[2024-06-24T17:25:06.690+0000] {processor.py:179} INFO - Processing /usr/local/python/3.10.13/lib/python3.10/site-packages/airflow/example_dags/example_branch_day_of_week_operator.py took 0.074 seconds
[2024-06-24T17:25:55.762+0000] {processor.py:157} INFO - Started process (PID=17303) to work on /usr/local/python/3.10.13/lib/python3.10/site-packages/airflow/example_dags/example_branch_day_of_week_operator.py
[2024-06-24T17:25:55.762+0000] {processor.py:826} INFO - Processing file /usr/local/python/3.10.13/lib/python3.10/site-packages/airflow/example_dags/example_branch_day_of_week_operator.py for tasks to queue
[2024-06-24T17:25:55.763+0000] {logging_mixin.py:150} INFO - [2024-06-24T17:25:55.763+0000] {dagbag.py:541} INFO - Filling up the DagBag from /usr/local/python/3.10.13/lib/python3.10/site-packages/airflow/example_dags/example_branch_day_of_week_operator.py
[2024-06-24T17:25:55.769+0000] {processor.py:836} INFO - DAG(s) dict_keys(['example_weekday_branch_operator']) retrieved from /usr/local/python/3.10.13/lib/python3.10/site-packages/airflow/example_dags/example_branch_day_of_week_operator.py
[2024-06-24T17:25:55.782+0000] {logging_mixin.py:150} INFO - [2024-06-24T17:25:55.782+0000] {dag.py:2742} INFO - Sync 1 DAGs
[2024-06-24T17:25:55.798+0000] {logging_mixin.py:150} INFO - [2024-06-24T17:25:55.798+0000] {dag.py:3504} INFO - Setting next_dagrun for example_weekday_branch_operator to 2024-06-23T00:00:00+00:00, run_after=2024-06-24T00:00:00+00:00
[2024-06-24T17:25:55.839+0000] {processor.py:179} INFO - Processing /usr/local/python/3.10.13/lib/python3.10/site-packages/airflow/example_dags/example_branch_day_of_week_operator.py took 0.079 seconds
[2024-06-24T17:26:45.186+0000] {processor.py:157} INFO - Started process (PID=17651) to work on /usr/local/python/3.10.13/lib/python3.10/site-packages/airflow/example_dags/example_branch_day_of_week_operator.py
[2024-06-24T17:26:45.186+0000] {processor.py:826} INFO - Processing file /usr/local/python/3.10.13/lib/python3.10/site-packages/airflow/example_dags/example_branch_day_of_week_operator.py for tasks to queue
[2024-06-24T17:26:45.187+0000] {logging_mixin.py:150} INFO - [2024-06-24T17:26:45.187+0000] {dagbag.py:541} INFO - Filling up the DagBag from /usr/local/python/3.10.13/lib/python3.10/site-packages/airflow/example_dags/example_branch_day_of_week_operator.py
[2024-06-24T17:26:45.193+0000] {processor.py:836} INFO - DAG(s) dict_keys(['example_weekday_branch_operator']) retrieved from /usr/local/python/3.10.13/lib/python3.10/site-packages/airflow/example_dags/example_branch_day_of_week_operator.py
[2024-06-24T17:26:45.211+0000] {logging_mixin.py:150} INFO - [2024-06-24T17:26:45.211+0000] {dag.py:2742} INFO - Sync 1 DAGs
[2024-06-24T17:26:45.228+0000] {logging_mixin.py:150} INFO - [2024-06-24T17:26:45.228+0000] {dag.py:3504} INFO - Setting next_dagrun for example_weekday_branch_operator to 2024-06-23T00:00:00+00:00, run_after=2024-06-24T00:00:00+00:00
[2024-06-24T17:26:45.267+0000] {processor.py:179} INFO - Processing /usr/local/python/3.10.13/lib/python3.10/site-packages/airflow/example_dags/example_branch_day_of_week_operator.py took 0.083 seconds
[2024-06-24T17:27:36.960+0000] {processor.py:157} INFO - Started process (PID=18012) to work on /usr/local/python/3.10.13/lib/python3.10/site-packages/airflow/example_dags/example_branch_day_of_week_operator.py
[2024-06-24T17:27:36.961+0000] {processor.py:826} INFO - Processing file /usr/local/python/3.10.13/lib/python3.10/site-packages/airflow/example_dags/example_branch_day_of_week_operator.py for tasks to queue
[2024-06-24T17:27:36.962+0000] {logging_mixin.py:150} INFO - [2024-06-24T17:27:36.961+0000] {dagbag.py:541} INFO - Filling up the DagBag from /usr/local/python/3.10.13/lib/python3.10/site-packages/airflow/example_dags/example_branch_day_of_week_operator.py
[2024-06-24T17:27:36.967+0000] {processor.py:836} INFO - DAG(s) dict_keys(['example_weekday_branch_operator']) retrieved from /usr/local/python/3.10.13/lib/python3.10/site-packages/airflow/example_dags/example_branch_day_of_week_operator.py
[2024-06-24T17:27:36.980+0000] {logging_mixin.py:150} INFO - [2024-06-24T17:27:36.980+0000] {dag.py:2742} INFO - Sync 1 DAGs
[2024-06-24T17:27:36.997+0000] {logging_mixin.py:150} INFO - [2024-06-24T17:27:36.997+0000] {dag.py:3504} INFO - Setting next_dagrun for example_weekday_branch_operator to 2024-06-23T00:00:00+00:00, run_after=2024-06-24T00:00:00+00:00
[2024-06-24T17:27:37.038+0000] {processor.py:179} INFO - Processing /usr/local/python/3.10.13/lib/python3.10/site-packages/airflow/example_dags/example_branch_day_of_week_operator.py took 0.080 seconds
[2024-06-24T17:28:30.720+0000] {processor.py:157} INFO - Started process (PID=18383) to work on /usr/local/python/3.10.13/lib/python3.10/site-packages/airflow/example_dags/example_branch_day_of_week_operator.py
[2024-06-24T17:28:30.721+0000] {processor.py:826} INFO - Processing file /usr/local/python/3.10.13/lib/python3.10/site-packages/airflow/example_dags/example_branch_day_of_week_operator.py for tasks to queue
[2024-06-24T17:28:30.722+0000] {logging_mixin.py:150} INFO - [2024-06-24T17:28:30.721+0000] {dagbag.py:541} INFO - Filling up the DagBag from /usr/local/python/3.10.13/lib/python3.10/site-packages/airflow/example_dags/example_branch_day_of_week_operator.py
[2024-06-24T17:28:30.727+0000] {processor.py:836} INFO - DAG(s) dict_keys(['example_weekday_branch_operator']) retrieved from /usr/local/python/3.10.13/lib/python3.10/site-packages/airflow/example_dags/example_branch_day_of_week_operator.py
[2024-06-24T17:28:30.740+0000] {logging_mixin.py:150} INFO - [2024-06-24T17:28:30.740+0000] {dag.py:2742} INFO - Sync 1 DAGs
[2024-06-24T17:28:30.756+0000] {logging_mixin.py:150} INFO - [2024-06-24T17:28:30.756+0000] {dag.py:3504} INFO - Setting next_dagrun for example_weekday_branch_operator to 2024-06-23T00:00:00+00:00, run_after=2024-06-24T00:00:00+00:00
[2024-06-24T17:28:30.794+0000] {processor.py:179} INFO - Processing /usr/local/python/3.10.13/lib/python3.10/site-packages/airflow/example_dags/example_branch_day_of_week_operator.py took 0.075 seconds
[2024-06-24T17:29:23.036+0000] {processor.py:157} INFO - Started process (PID=18735) to work on /usr/local/python/3.10.13/lib/python3.10/site-packages/airflow/example_dags/example_branch_day_of_week_operator.py
[2024-06-24T17:29:23.037+0000] {processor.py:826} INFO - Processing file /usr/local/python/3.10.13/lib/python3.10/site-packages/airflow/example_dags/example_branch_day_of_week_operator.py for tasks to queue
[2024-06-24T17:29:23.038+0000] {logging_mixin.py:150} INFO - [2024-06-24T17:29:23.037+0000] {dagbag.py:541} INFO - Filling up the DagBag from /usr/local/python/3.10.13/lib/python3.10/site-packages/airflow/example_dags/example_branch_day_of_week_operator.py
[2024-06-24T17:29:23.044+0000] {processor.py:836} INFO - DAG(s) dict_keys(['example_weekday_branch_operator']) retrieved from /usr/local/python/3.10.13/lib/python3.10/site-packages/airflow/example_dags/example_branch_day_of_week_operator.py
[2024-06-24T17:29:23.057+0000] {logging_mixin.py:150} INFO - [2024-06-24T17:29:23.057+0000] {dag.py:2742} INFO - Sync 1 DAGs
[2024-06-24T17:29:23.074+0000] {logging_mixin.py:150} INFO - [2024-06-24T17:29:23.074+0000] {dag.py:3504} INFO - Setting next_dagrun for example_weekday_branch_operator to 2024-06-23T00:00:00+00:00, run_after=2024-06-24T00:00:00+00:00
[2024-06-24T17:29:23.116+0000] {processor.py:179} INFO - Processing /usr/local/python/3.10.13/lib/python3.10/site-packages/airflow/example_dags/example_branch_day_of_week_operator.py took 0.082 seconds
[2024-06-24T17:30:15.123+0000] {processor.py:157} INFO - Started process (PID=19105) to work on /usr/local/python/3.10.13/lib/python3.10/site-packages/airflow/example_dags/example_branch_day_of_week_operator.py
[2024-06-24T17:30:15.124+0000] {processor.py:826} INFO - Processing file /usr/local/python/3.10.13/lib/python3.10/site-packages/airflow/example_dags/example_branch_day_of_week_operator.py for tasks to queue
[2024-06-24T17:30:15.125+0000] {logging_mixin.py:150} INFO - [2024-06-24T17:30:15.125+0000] {dagbag.py:541} INFO - Filling up the DagBag from /usr/local/python/3.10.13/lib/python3.10/site-packages/airflow/example_dags/example_branch_day_of_week_operator.py
[2024-06-24T17:30:15.132+0000] {processor.py:836} INFO - DAG(s) dict_keys(['example_weekday_branch_operator']) retrieved from /usr/local/python/3.10.13/lib/python3.10/site-packages/airflow/example_dags/example_branch_day_of_week_operator.py
[2024-06-24T17:30:15.158+0000] {logging_mixin.py:150} INFO - [2024-06-24T17:30:15.158+0000] {dag.py:2742} INFO - Sync 1 DAGs
[2024-06-24T17:30:15.186+0000] {logging_mixin.py:150} INFO - [2024-06-24T17:30:15.185+0000] {dag.py:3504} INFO - Setting next_dagrun for example_weekday_branch_operator to 2024-06-23T00:00:00+00:00, run_after=2024-06-24T00:00:00+00:00
[2024-06-24T17:30:15.229+0000] {processor.py:179} INFO - Processing /usr/local/python/3.10.13/lib/python3.10/site-packages/airflow/example_dags/example_branch_day_of_week_operator.py took 0.108 seconds
[2024-06-24T17:31:10.012+0000] {processor.py:157} INFO - Started process (PID=19489) to work on /usr/local/python/3.10.13/lib/python3.10/site-packages/airflow/example_dags/example_branch_day_of_week_operator.py
[2024-06-24T17:31:10.013+0000] {processor.py:826} INFO - Processing file /usr/local/python/3.10.13/lib/python3.10/site-packages/airflow/example_dags/example_branch_day_of_week_operator.py for tasks to queue
[2024-06-24T17:31:10.013+0000] {logging_mixin.py:150} INFO - [2024-06-24T17:31:10.013+0000] {dagbag.py:541} INFO - Filling up the DagBag from /usr/local/python/3.10.13/lib/python3.10/site-packages/airflow/example_dags/example_branch_day_of_week_operator.py
[2024-06-24T17:31:10.020+0000] {processor.py:836} INFO - DAG(s) dict_keys(['example_weekday_branch_operator']) retrieved from /usr/local/python/3.10.13/lib/python3.10/site-packages/airflow/example_dags/example_branch_day_of_week_operator.py
[2024-06-24T17:31:10.034+0000] {logging_mixin.py:150} INFO - [2024-06-24T17:31:10.033+0000] {dag.py:2742} INFO - Sync 1 DAGs
[2024-06-24T17:31:10.050+0000] {logging_mixin.py:150} INFO - [2024-06-24T17:31:10.050+0000] {dag.py:3504} INFO - Setting next_dagrun for example_weekday_branch_operator to 2024-06-23T00:00:00+00:00, run_after=2024-06-24T00:00:00+00:00
[2024-06-24T17:31:10.092+0000] {processor.py:179} INFO - Processing /usr/local/python/3.10.13/lib/python3.10/site-packages/airflow/example_dags/example_branch_day_of_week_operator.py took 0.082 seconds
