[2024-06-24T15:54:59.821+0000] {processor.py:157} INFO - Started process (PID=13735) to work on /usr/local/python/3.10.13/lib/python3.10/site-packages/airflow/example_dags/example_nested_branch_dag.py
[2024-06-24T15:54:59.822+0000] {processor.py:826} INFO - Processing file /usr/local/python/3.10.13/lib/python3.10/site-packages/airflow/example_dags/example_nested_branch_dag.py for tasks to queue
[2024-06-24T15:54:59.823+0000] {logging_mixin.py:150} INFO - [2024-06-24T15:54:59.823+0000] {dagbag.py:541} INFO - Filling up the DagBag from /usr/local/python/3.10.13/lib/python3.10/site-packages/airflow/example_dags/example_nested_branch_dag.py
[2024-06-24T15:54:59.839+0000] {processor.py:836} INFO - DAG(s) dict_keys(['example_nested_branch_dag']) retrieved from /usr/local/python/3.10.13/lib/python3.10/site-packages/airflow/example_dags/example_nested_branch_dag.py
[2024-06-24T15:54:59.985+0000] {logging_mixin.py:150} INFO - [2024-06-24T15:54:59.985+0000] {manager.py:504} INFO - Created Permission View: can delete on DAG:example_nested_branch_dag
[2024-06-24T15:55:00.022+0000] {logging_mixin.py:150} INFO - [2024-06-24T15:55:00.021+0000] {manager.py:504} INFO - Created Permission View: can read on DAG:example_nested_branch_dag
[2024-06-24T15:55:00.056+0000] {logging_mixin.py:150} INFO - [2024-06-24T15:55:00.056+0000] {manager.py:504} INFO - Created Permission View: can edit on DAG:example_nested_branch_dag
[2024-06-24T15:55:00.066+0000] {logging_mixin.py:150} INFO - [2024-06-24T15:55:00.066+0000] {dag.py:2742} INFO - Sync 1 DAGs
[2024-06-24T15:55:00.075+0000] {logging_mixin.py:150} INFO - [2024-06-24T15:55:00.075+0000] {dag.py:2763} INFO - Creating ORM DAG for example_nested_branch_dag
[2024-06-24T15:55:00.084+0000] {logging_mixin.py:150} INFO - [2024-06-24T15:55:00.084+0000] {dag.py:3504} INFO - Setting next_dagrun for example_nested_branch_dag to 2024-06-23T00:00:00+00:00, run_after=2024-06-24T00:00:00+00:00
[2024-06-24T15:55:00.135+0000] {processor.py:179} INFO - Processing /usr/local/python/3.10.13/lib/python3.10/site-packages/airflow/example_dags/example_nested_branch_dag.py took 0.317 seconds
[2024-06-24T15:55:50.847+0000] {processor.py:157} INFO - Started process (PID=14090) to work on /usr/local/python/3.10.13/lib/python3.10/site-packages/airflow/example_dags/example_nested_branch_dag.py
[2024-06-24T15:55:50.848+0000] {processor.py:826} INFO - Processing file /usr/local/python/3.10.13/lib/python3.10/site-packages/airflow/example_dags/example_nested_branch_dag.py for tasks to queue
[2024-06-24T15:55:50.848+0000] {logging_mixin.py:150} INFO - [2024-06-24T15:55:50.848+0000] {dagbag.py:541} INFO - Filling up the DagBag from /usr/local/python/3.10.13/lib/python3.10/site-packages/airflow/example_dags/example_nested_branch_dag.py
[2024-06-24T15:55:50.856+0000] {processor.py:836} INFO - DAG(s) dict_keys(['example_nested_branch_dag']) retrieved from /usr/local/python/3.10.13/lib/python3.10/site-packages/airflow/example_dags/example_nested_branch_dag.py
[2024-06-24T15:55:50.870+0000] {logging_mixin.py:150} INFO - [2024-06-24T15:55:50.870+0000] {dag.py:2742} INFO - Sync 1 DAGs
[2024-06-24T15:55:50.886+0000] {logging_mixin.py:150} INFO - [2024-06-24T15:55:50.886+0000] {dag.py:3504} INFO - Setting next_dagrun for example_nested_branch_dag to 2024-06-23T00:00:00+00:00, run_after=2024-06-24T00:00:00+00:00
[2024-06-24T15:55:50.925+0000] {processor.py:179} INFO - Processing /usr/local/python/3.10.13/lib/python3.10/site-packages/airflow/example_dags/example_nested_branch_dag.py took 0.080 seconds
[2024-06-24T15:56:37.507+0000] {processor.py:157} INFO - Started process (PID=14462) to work on /usr/local/python/3.10.13/lib/python3.10/site-packages/airflow/example_dags/example_nested_branch_dag.py
[2024-06-24T15:56:37.507+0000] {processor.py:826} INFO - Processing file /usr/local/python/3.10.13/lib/python3.10/site-packages/airflow/example_dags/example_nested_branch_dag.py for tasks to queue
[2024-06-24T15:56:37.508+0000] {logging_mixin.py:150} INFO - [2024-06-24T15:56:37.508+0000] {dagbag.py:541} INFO - Filling up the DagBag from /usr/local/python/3.10.13/lib/python3.10/site-packages/airflow/example_dags/example_nested_branch_dag.py
[2024-06-24T15:56:37.516+0000] {processor.py:836} INFO - DAG(s) dict_keys(['example_nested_branch_dag']) retrieved from /usr/local/python/3.10.13/lib/python3.10/site-packages/airflow/example_dags/example_nested_branch_dag.py
[2024-06-24T15:56:37.531+0000] {logging_mixin.py:150} INFO - [2024-06-24T15:56:37.531+0000] {dag.py:2742} INFO - Sync 1 DAGs
[2024-06-24T15:56:37.548+0000] {logging_mixin.py:150} INFO - [2024-06-24T15:56:37.548+0000] {dag.py:3504} INFO - Setting next_dagrun for example_nested_branch_dag to 2024-06-23T00:00:00+00:00, run_after=2024-06-24T00:00:00+00:00
[2024-06-24T15:56:37.589+0000] {processor.py:179} INFO - Processing /usr/local/python/3.10.13/lib/python3.10/site-packages/airflow/example_dags/example_nested_branch_dag.py took 0.085 seconds
[2024-06-24T16:01:48.282+0000] {processor.py:157} INFO - Started process (PID=16680) to work on /usr/local/python/3.10.13/lib/python3.10/site-packages/airflow/example_dags/example_nested_branch_dag.py
[2024-06-24T16:01:48.283+0000] {processor.py:826} INFO - Processing file /usr/local/python/3.10.13/lib/python3.10/site-packages/airflow/example_dags/example_nested_branch_dag.py for tasks to queue
[2024-06-24T16:01:48.284+0000] {logging_mixin.py:150} INFO - [2024-06-24T16:01:48.283+0000] {dagbag.py:541} INFO - Filling up the DagBag from /usr/local/python/3.10.13/lib/python3.10/site-packages/airflow/example_dags/example_nested_branch_dag.py
[2024-06-24T16:01:48.294+0000] {processor.py:836} INFO - DAG(s) dict_keys(['example_nested_branch_dag']) retrieved from /usr/local/python/3.10.13/lib/python3.10/site-packages/airflow/example_dags/example_nested_branch_dag.py
[2024-06-24T16:01:48.316+0000] {logging_mixin.py:150} INFO - [2024-06-24T16:01:48.315+0000] {dag.py:2742} INFO - Sync 1 DAGs
[2024-06-24T16:01:48.337+0000] {logging_mixin.py:150} INFO - [2024-06-24T16:01:48.337+0000] {dag.py:3504} INFO - Setting next_dagrun for example_nested_branch_dag to 2024-06-23T00:00:00+00:00, run_after=2024-06-24T00:00:00+00:00
[2024-06-24T16:01:48.376+0000] {processor.py:179} INFO - Processing /usr/local/python/3.10.13/lib/python3.10/site-packages/airflow/example_dags/example_nested_branch_dag.py took 0.097 seconds
[2024-06-24T16:02:36.432+0000] {processor.py:157} INFO - Started process (PID=17063) to work on /usr/local/python/3.10.13/lib/python3.10/site-packages/airflow/example_dags/example_nested_branch_dag.py
[2024-06-24T16:02:36.432+0000] {processor.py:826} INFO - Processing file /usr/local/python/3.10.13/lib/python3.10/site-packages/airflow/example_dags/example_nested_branch_dag.py for tasks to queue
[2024-06-24T16:02:36.433+0000] {logging_mixin.py:150} INFO - [2024-06-24T16:02:36.433+0000] {dagbag.py:541} INFO - Filling up the DagBag from /usr/local/python/3.10.13/lib/python3.10/site-packages/airflow/example_dags/example_nested_branch_dag.py
[2024-06-24T16:02:36.441+0000] {processor.py:836} INFO - DAG(s) dict_keys(['example_nested_branch_dag']) retrieved from /usr/local/python/3.10.13/lib/python3.10/site-packages/airflow/example_dags/example_nested_branch_dag.py
[2024-06-24T16:02:36.454+0000] {logging_mixin.py:150} INFO - [2024-06-24T16:02:36.454+0000] {dag.py:2742} INFO - Sync 1 DAGs
[2024-06-24T16:02:36.472+0000] {logging_mixin.py:150} INFO - [2024-06-24T16:02:36.472+0000] {dag.py:3504} INFO - Setting next_dagrun for example_nested_branch_dag to 2024-06-23T00:00:00+00:00, run_after=2024-06-24T00:00:00+00:00
[2024-06-24T16:02:36.517+0000] {processor.py:179} INFO - Processing /usr/local/python/3.10.13/lib/python3.10/site-packages/airflow/example_dags/example_nested_branch_dag.py took 0.088 seconds
[2024-06-24T16:03:22.185+0000] {processor.py:157} INFO - Started process (PID=17402) to work on /usr/local/python/3.10.13/lib/python3.10/site-packages/airflow/example_dags/example_nested_branch_dag.py
[2024-06-24T16:03:22.186+0000] {processor.py:826} INFO - Processing file /usr/local/python/3.10.13/lib/python3.10/site-packages/airflow/example_dags/example_nested_branch_dag.py for tasks to queue
[2024-06-24T16:03:22.186+0000] {logging_mixin.py:150} INFO - [2024-06-24T16:03:22.186+0000] {dagbag.py:541} INFO - Filling up the DagBag from /usr/local/python/3.10.13/lib/python3.10/site-packages/airflow/example_dags/example_nested_branch_dag.py
[2024-06-24T16:03:22.194+0000] {processor.py:836} INFO - DAG(s) dict_keys(['example_nested_branch_dag']) retrieved from /usr/local/python/3.10.13/lib/python3.10/site-packages/airflow/example_dags/example_nested_branch_dag.py
[2024-06-24T16:03:22.208+0000] {logging_mixin.py:150} INFO - [2024-06-24T16:03:22.207+0000] {dag.py:2742} INFO - Sync 1 DAGs
[2024-06-24T16:03:22.224+0000] {logging_mixin.py:150} INFO - [2024-06-24T16:03:22.224+0000] {dag.py:3504} INFO - Setting next_dagrun for example_nested_branch_dag to 2024-06-23T00:00:00+00:00, run_after=2024-06-24T00:00:00+00:00
[2024-06-24T16:03:22.263+0000] {processor.py:179} INFO - Processing /usr/local/python/3.10.13/lib/python3.10/site-packages/airflow/example_dags/example_nested_branch_dag.py took 0.081 seconds
[2024-06-24T16:04:08.445+0000] {processor.py:157} INFO - Started process (PID=17773) to work on /usr/local/python/3.10.13/lib/python3.10/site-packages/airflow/example_dags/example_nested_branch_dag.py
[2024-06-24T16:04:08.446+0000] {processor.py:826} INFO - Processing file /usr/local/python/3.10.13/lib/python3.10/site-packages/airflow/example_dags/example_nested_branch_dag.py for tasks to queue
[2024-06-24T16:04:08.446+0000] {logging_mixin.py:150} INFO - [2024-06-24T16:04:08.446+0000] {dagbag.py:541} INFO - Filling up the DagBag from /usr/local/python/3.10.13/lib/python3.10/site-packages/airflow/example_dags/example_nested_branch_dag.py
[2024-06-24T16:04:08.454+0000] {processor.py:836} INFO - DAG(s) dict_keys(['example_nested_branch_dag']) retrieved from /usr/local/python/3.10.13/lib/python3.10/site-packages/airflow/example_dags/example_nested_branch_dag.py
[2024-06-24T16:04:08.467+0000] {logging_mixin.py:150} INFO - [2024-06-24T16:04:08.467+0000] {dag.py:2742} INFO - Sync 1 DAGs
[2024-06-24T16:04:08.484+0000] {logging_mixin.py:150} INFO - [2024-06-24T16:04:08.484+0000] {dag.py:3504} INFO - Setting next_dagrun for example_nested_branch_dag to 2024-06-23T00:00:00+00:00, run_after=2024-06-24T00:00:00+00:00
[2024-06-24T16:04:08.534+0000] {processor.py:179} INFO - Processing /usr/local/python/3.10.13/lib/python3.10/site-packages/airflow/example_dags/example_nested_branch_dag.py took 0.091 seconds
[2024-06-24T16:04:56.366+0000] {processor.py:157} INFO - Started process (PID=18150) to work on /usr/local/python/3.10.13/lib/python3.10/site-packages/airflow/example_dags/example_nested_branch_dag.py
[2024-06-24T16:04:56.366+0000] {processor.py:826} INFO - Processing file /usr/local/python/3.10.13/lib/python3.10/site-packages/airflow/example_dags/example_nested_branch_dag.py for tasks to queue
[2024-06-24T16:04:56.367+0000] {logging_mixin.py:150} INFO - [2024-06-24T16:04:56.367+0000] {dagbag.py:541} INFO - Filling up the DagBag from /usr/local/python/3.10.13/lib/python3.10/site-packages/airflow/example_dags/example_nested_branch_dag.py
[2024-06-24T16:04:56.375+0000] {processor.py:836} INFO - DAG(s) dict_keys(['example_nested_branch_dag']) retrieved from /usr/local/python/3.10.13/lib/python3.10/site-packages/airflow/example_dags/example_nested_branch_dag.py
[2024-06-24T16:04:56.388+0000] {logging_mixin.py:150} INFO - [2024-06-24T16:04:56.388+0000] {dag.py:2742} INFO - Sync 1 DAGs
[2024-06-24T16:04:56.405+0000] {logging_mixin.py:150} INFO - [2024-06-24T16:04:56.405+0000] {dag.py:3504} INFO - Setting next_dagrun for example_nested_branch_dag to 2024-06-23T00:00:00+00:00, run_after=2024-06-24T00:00:00+00:00
[2024-06-24T16:04:56.443+0000] {processor.py:179} INFO - Processing /usr/local/python/3.10.13/lib/python3.10/site-packages/airflow/example_dags/example_nested_branch_dag.py took 0.079 seconds
[2024-06-24T16:05:43.173+0000] {processor.py:157} INFO - Started process (PID=18499) to work on /usr/local/python/3.10.13/lib/python3.10/site-packages/airflow/example_dags/example_nested_branch_dag.py
[2024-06-24T16:05:43.173+0000] {processor.py:826} INFO - Processing file /usr/local/python/3.10.13/lib/python3.10/site-packages/airflow/example_dags/example_nested_branch_dag.py for tasks to queue
[2024-06-24T16:05:43.174+0000] {logging_mixin.py:150} INFO - [2024-06-24T16:05:43.174+0000] {dagbag.py:541} INFO - Filling up the DagBag from /usr/local/python/3.10.13/lib/python3.10/site-packages/airflow/example_dags/example_nested_branch_dag.py
[2024-06-24T16:05:43.182+0000] {processor.py:836} INFO - DAG(s) dict_keys(['example_nested_branch_dag']) retrieved from /usr/local/python/3.10.13/lib/python3.10/site-packages/airflow/example_dags/example_nested_branch_dag.py
[2024-06-24T16:05:43.195+0000] {logging_mixin.py:150} INFO - [2024-06-24T16:05:43.195+0000] {dag.py:2742} INFO - Sync 1 DAGs
[2024-06-24T16:05:43.213+0000] {logging_mixin.py:150} INFO - [2024-06-24T16:05:43.213+0000] {dag.py:3504} INFO - Setting next_dagrun for example_nested_branch_dag to 2024-06-23T00:00:00+00:00, run_after=2024-06-24T00:00:00+00:00
[2024-06-24T16:05:43.254+0000] {processor.py:179} INFO - Processing /usr/local/python/3.10.13/lib/python3.10/site-packages/airflow/example_dags/example_nested_branch_dag.py took 0.084 seconds
[2024-06-24T16:06:31.901+0000] {processor.py:157} INFO - Started process (PID=18880) to work on /usr/local/python/3.10.13/lib/python3.10/site-packages/airflow/example_dags/example_nested_branch_dag.py
[2024-06-24T16:06:31.902+0000] {processor.py:826} INFO - Processing file /usr/local/python/3.10.13/lib/python3.10/site-packages/airflow/example_dags/example_nested_branch_dag.py for tasks to queue
[2024-06-24T16:06:31.903+0000] {logging_mixin.py:150} INFO - [2024-06-24T16:06:31.902+0000] {dagbag.py:541} INFO - Filling up the DagBag from /usr/local/python/3.10.13/lib/python3.10/site-packages/airflow/example_dags/example_nested_branch_dag.py
[2024-06-24T16:06:31.910+0000] {processor.py:836} INFO - DAG(s) dict_keys(['example_nested_branch_dag']) retrieved from /usr/local/python/3.10.13/lib/python3.10/site-packages/airflow/example_dags/example_nested_branch_dag.py
[2024-06-24T16:06:31.924+0000] {logging_mixin.py:150} INFO - [2024-06-24T16:06:31.923+0000] {dag.py:2742} INFO - Sync 1 DAGs
[2024-06-24T16:06:31.940+0000] {logging_mixin.py:150} INFO - [2024-06-24T16:06:31.940+0000] {dag.py:3504} INFO - Setting next_dagrun for example_nested_branch_dag to 2024-06-23T00:00:00+00:00, run_after=2024-06-24T00:00:00+00:00
[2024-06-24T16:06:31.981+0000] {processor.py:179} INFO - Processing /usr/local/python/3.10.13/lib/python3.10/site-packages/airflow/example_dags/example_nested_branch_dag.py took 0.082 seconds
[2024-06-24T16:07:19.067+0000] {processor.py:157} INFO - Started process (PID=19250) to work on /usr/local/python/3.10.13/lib/python3.10/site-packages/airflow/example_dags/example_nested_branch_dag.py
[2024-06-24T16:07:19.067+0000] {processor.py:826} INFO - Processing file /usr/local/python/3.10.13/lib/python3.10/site-packages/airflow/example_dags/example_nested_branch_dag.py for tasks to queue
[2024-06-24T16:07:19.068+0000] {logging_mixin.py:150} INFO - [2024-06-24T16:07:19.068+0000] {dagbag.py:541} INFO - Filling up the DagBag from /usr/local/python/3.10.13/lib/python3.10/site-packages/airflow/example_dags/example_nested_branch_dag.py
[2024-06-24T16:07:19.076+0000] {processor.py:836} INFO - DAG(s) dict_keys(['example_nested_branch_dag']) retrieved from /usr/local/python/3.10.13/lib/python3.10/site-packages/airflow/example_dags/example_nested_branch_dag.py
[2024-06-24T16:07:19.091+0000] {logging_mixin.py:150} INFO - [2024-06-24T16:07:19.090+0000] {dag.py:2742} INFO - Sync 1 DAGs
[2024-06-24T16:07:19.107+0000] {logging_mixin.py:150} INFO - [2024-06-24T16:07:19.107+0000] {dag.py:3504} INFO - Setting next_dagrun for example_nested_branch_dag to 2024-06-23T00:00:00+00:00, run_after=2024-06-24T00:00:00+00:00
[2024-06-24T16:07:19.151+0000] {processor.py:179} INFO - Processing /usr/local/python/3.10.13/lib/python3.10/site-packages/airflow/example_dags/example_nested_branch_dag.py took 0.087 seconds
[2024-06-24T16:08:04.429+0000] {processor.py:157} INFO - Started process (PID=19596) to work on /usr/local/python/3.10.13/lib/python3.10/site-packages/airflow/example_dags/example_nested_branch_dag.py
[2024-06-24T16:08:04.430+0000] {processor.py:826} INFO - Processing file /usr/local/python/3.10.13/lib/python3.10/site-packages/airflow/example_dags/example_nested_branch_dag.py for tasks to queue
[2024-06-24T16:08:04.430+0000] {logging_mixin.py:150} INFO - [2024-06-24T16:08:04.430+0000] {dagbag.py:541} INFO - Filling up the DagBag from /usr/local/python/3.10.13/lib/python3.10/site-packages/airflow/example_dags/example_nested_branch_dag.py
[2024-06-24T16:08:04.438+0000] {processor.py:836} INFO - DAG(s) dict_keys(['example_nested_branch_dag']) retrieved from /usr/local/python/3.10.13/lib/python3.10/site-packages/airflow/example_dags/example_nested_branch_dag.py
[2024-06-24T16:08:04.451+0000] {logging_mixin.py:150} INFO - [2024-06-24T16:08:04.451+0000] {dag.py:2742} INFO - Sync 1 DAGs
[2024-06-24T16:08:04.468+0000] {logging_mixin.py:150} INFO - [2024-06-24T16:08:04.467+0000] {dag.py:3504} INFO - Setting next_dagrun for example_nested_branch_dag to 2024-06-23T00:00:00+00:00, run_after=2024-06-24T00:00:00+00:00
[2024-06-24T16:08:04.509+0000] {processor.py:179} INFO - Processing /usr/local/python/3.10.13/lib/python3.10/site-packages/airflow/example_dags/example_nested_branch_dag.py took 0.082 seconds
[2024-06-24T16:08:53.875+0000] {processor.py:157} INFO - Started process (PID=19977) to work on /usr/local/python/3.10.13/lib/python3.10/site-packages/airflow/example_dags/example_nested_branch_dag.py
[2024-06-24T16:08:53.875+0000] {processor.py:826} INFO - Processing file /usr/local/python/3.10.13/lib/python3.10/site-packages/airflow/example_dags/example_nested_branch_dag.py for tasks to queue
[2024-06-24T16:08:53.876+0000] {logging_mixin.py:150} INFO - [2024-06-24T16:08:53.876+0000] {dagbag.py:541} INFO - Filling up the DagBag from /usr/local/python/3.10.13/lib/python3.10/site-packages/airflow/example_dags/example_nested_branch_dag.py
[2024-06-24T16:08:53.884+0000] {processor.py:836} INFO - DAG(s) dict_keys(['example_nested_branch_dag']) retrieved from /usr/local/python/3.10.13/lib/python3.10/site-packages/airflow/example_dags/example_nested_branch_dag.py
[2024-06-24T16:08:53.897+0000] {logging_mixin.py:150} INFO - [2024-06-24T16:08:53.897+0000] {dag.py:2742} INFO - Sync 1 DAGs
[2024-06-24T16:08:53.914+0000] {logging_mixin.py:150} INFO - [2024-06-24T16:08:53.914+0000] {dag.py:3504} INFO - Setting next_dagrun for example_nested_branch_dag to 2024-06-23T00:00:00+00:00, run_after=2024-06-24T00:00:00+00:00
[2024-06-24T16:08:53.952+0000] {processor.py:179} INFO - Processing /usr/local/python/3.10.13/lib/python3.10/site-packages/airflow/example_dags/example_nested_branch_dag.py took 0.079 seconds
[2024-06-24T16:09:40.987+0000] {processor.py:157} INFO - Started process (PID=20309) to work on /usr/local/python/3.10.13/lib/python3.10/site-packages/airflow/example_dags/example_nested_branch_dag.py
[2024-06-24T16:09:40.988+0000] {processor.py:826} INFO - Processing file /usr/local/python/3.10.13/lib/python3.10/site-packages/airflow/example_dags/example_nested_branch_dag.py for tasks to queue
[2024-06-24T16:09:40.989+0000] {logging_mixin.py:150} INFO - [2024-06-24T16:09:40.988+0000] {dagbag.py:541} INFO - Filling up the DagBag from /usr/local/python/3.10.13/lib/python3.10/site-packages/airflow/example_dags/example_nested_branch_dag.py
[2024-06-24T16:09:41.000+0000] {processor.py:836} INFO - DAG(s) dict_keys(['example_nested_branch_dag']) retrieved from /usr/local/python/3.10.13/lib/python3.10/site-packages/airflow/example_dags/example_nested_branch_dag.py
[2024-06-24T16:09:41.014+0000] {logging_mixin.py:150} INFO - [2024-06-24T16:09:41.013+0000] {dag.py:2742} INFO - Sync 1 DAGs
[2024-06-24T16:09:41.029+0000] {logging_mixin.py:150} INFO - [2024-06-24T16:09:41.029+0000] {dag.py:3504} INFO - Setting next_dagrun for example_nested_branch_dag to 2024-06-23T00:00:00+00:00, run_after=2024-06-24T00:00:00+00:00
[2024-06-24T16:09:41.078+0000] {processor.py:179} INFO - Processing /usr/local/python/3.10.13/lib/python3.10/site-packages/airflow/example_dags/example_nested_branch_dag.py took 0.094 seconds
[2024-06-24T16:10:28.889+0000] {processor.py:157} INFO - Started process (PID=20631) to work on /usr/local/python/3.10.13/lib/python3.10/site-packages/airflow/example_dags/example_nested_branch_dag.py
[2024-06-24T16:10:28.889+0000] {processor.py:826} INFO - Processing file /usr/local/python/3.10.13/lib/python3.10/site-packages/airflow/example_dags/example_nested_branch_dag.py for tasks to queue
[2024-06-24T16:10:28.890+0000] {logging_mixin.py:150} INFO - [2024-06-24T16:10:28.890+0000] {dagbag.py:541} INFO - Filling up the DagBag from /usr/local/python/3.10.13/lib/python3.10/site-packages/airflow/example_dags/example_nested_branch_dag.py
[2024-06-24T16:10:28.897+0000] {processor.py:836} INFO - DAG(s) dict_keys(['example_nested_branch_dag']) retrieved from /usr/local/python/3.10.13/lib/python3.10/site-packages/airflow/example_dags/example_nested_branch_dag.py
[2024-06-24T16:10:28.910+0000] {logging_mixin.py:150} INFO - [2024-06-24T16:10:28.910+0000] {dag.py:2742} INFO - Sync 1 DAGs
[2024-06-24T16:10:28.926+0000] {logging_mixin.py:150} INFO - [2024-06-24T16:10:28.926+0000] {dag.py:3504} INFO - Setting next_dagrun for example_nested_branch_dag to 2024-06-23T00:00:00+00:00, run_after=2024-06-24T00:00:00+00:00
[2024-06-24T16:10:28.973+0000] {processor.py:179} INFO - Processing /usr/local/python/3.10.13/lib/python3.10/site-packages/airflow/example_dags/example_nested_branch_dag.py took 0.086 seconds
[2024-06-24T16:11:16.039+0000] {processor.py:157} INFO - Started process (PID=20968) to work on /usr/local/python/3.10.13/lib/python3.10/site-packages/airflow/example_dags/example_nested_branch_dag.py
[2024-06-24T16:11:16.040+0000] {processor.py:826} INFO - Processing file /usr/local/python/3.10.13/lib/python3.10/site-packages/airflow/example_dags/example_nested_branch_dag.py for tasks to queue
[2024-06-24T16:11:16.041+0000] {logging_mixin.py:150} INFO - [2024-06-24T16:11:16.040+0000] {dagbag.py:541} INFO - Filling up the DagBag from /usr/local/python/3.10.13/lib/python3.10/site-packages/airflow/example_dags/example_nested_branch_dag.py
[2024-06-24T16:11:16.048+0000] {processor.py:836} INFO - DAG(s) dict_keys(['example_nested_branch_dag']) retrieved from /usr/local/python/3.10.13/lib/python3.10/site-packages/airflow/example_dags/example_nested_branch_dag.py
[2024-06-24T16:11:16.062+0000] {logging_mixin.py:150} INFO - [2024-06-24T16:11:16.062+0000] {dag.py:2742} INFO - Sync 1 DAGs
[2024-06-24T16:11:16.079+0000] {logging_mixin.py:150} INFO - [2024-06-24T16:11:16.079+0000] {dag.py:3504} INFO - Setting next_dagrun for example_nested_branch_dag to 2024-06-23T00:00:00+00:00, run_after=2024-06-24T00:00:00+00:00
[2024-06-24T16:11:16.120+0000] {processor.py:179} INFO - Processing /usr/local/python/3.10.13/lib/python3.10/site-packages/airflow/example_dags/example_nested_branch_dag.py took 0.083 seconds
[2024-06-24T16:12:04.135+0000] {processor.py:157} INFO - Started process (PID=21308) to work on /usr/local/python/3.10.13/lib/python3.10/site-packages/airflow/example_dags/example_nested_branch_dag.py
[2024-06-24T16:12:04.136+0000] {processor.py:826} INFO - Processing file /usr/local/python/3.10.13/lib/python3.10/site-packages/airflow/example_dags/example_nested_branch_dag.py for tasks to queue
[2024-06-24T16:12:04.137+0000] {logging_mixin.py:150} INFO - [2024-06-24T16:12:04.136+0000] {dagbag.py:541} INFO - Filling up the DagBag from /usr/local/python/3.10.13/lib/python3.10/site-packages/airflow/example_dags/example_nested_branch_dag.py
[2024-06-24T16:12:04.144+0000] {processor.py:836} INFO - DAG(s) dict_keys(['example_nested_branch_dag']) retrieved from /usr/local/python/3.10.13/lib/python3.10/site-packages/airflow/example_dags/example_nested_branch_dag.py
[2024-06-24T16:12:04.158+0000] {logging_mixin.py:150} INFO - [2024-06-24T16:12:04.157+0000] {dag.py:2742} INFO - Sync 1 DAGs
[2024-06-24T16:12:04.173+0000] {logging_mixin.py:150} INFO - [2024-06-24T16:12:04.173+0000] {dag.py:3504} INFO - Setting next_dagrun for example_nested_branch_dag to 2024-06-23T00:00:00+00:00, run_after=2024-06-24T00:00:00+00:00
[2024-06-24T16:12:04.215+0000] {processor.py:179} INFO - Processing /usr/local/python/3.10.13/lib/python3.10/site-packages/airflow/example_dags/example_nested_branch_dag.py took 0.081 seconds
[2024-06-24T16:12:53.572+0000] {processor.py:157} INFO - Started process (PID=21632) to work on /usr/local/python/3.10.13/lib/python3.10/site-packages/airflow/example_dags/example_nested_branch_dag.py
[2024-06-24T16:12:53.572+0000] {processor.py:826} INFO - Processing file /usr/local/python/3.10.13/lib/python3.10/site-packages/airflow/example_dags/example_nested_branch_dag.py for tasks to queue
[2024-06-24T16:12:53.573+0000] {logging_mixin.py:150} INFO - [2024-06-24T16:12:53.573+0000] {dagbag.py:541} INFO - Filling up the DagBag from /usr/local/python/3.10.13/lib/python3.10/site-packages/airflow/example_dags/example_nested_branch_dag.py
[2024-06-24T16:12:53.582+0000] {processor.py:836} INFO - DAG(s) dict_keys(['example_nested_branch_dag']) retrieved from /usr/local/python/3.10.13/lib/python3.10/site-packages/airflow/example_dags/example_nested_branch_dag.py
[2024-06-24T16:12:53.601+0000] {logging_mixin.py:150} INFO - [2024-06-24T16:12:53.601+0000] {dag.py:2742} INFO - Sync 1 DAGs
[2024-06-24T16:12:53.621+0000] {logging_mixin.py:150} INFO - [2024-06-24T16:12:53.621+0000] {dag.py:3504} INFO - Setting next_dagrun for example_nested_branch_dag to 2024-06-23T00:00:00+00:00, run_after=2024-06-24T00:00:00+00:00
[2024-06-24T16:12:53.659+0000] {processor.py:179} INFO - Processing /usr/local/python/3.10.13/lib/python3.10/site-packages/airflow/example_dags/example_nested_branch_dag.py took 0.090 seconds
[2024-06-24T16:13:41.644+0000] {processor.py:157} INFO - Started process (PID=21969) to work on /usr/local/python/3.10.13/lib/python3.10/site-packages/airflow/example_dags/example_nested_branch_dag.py
[2024-06-24T16:13:41.644+0000] {processor.py:826} INFO - Processing file /usr/local/python/3.10.13/lib/python3.10/site-packages/airflow/example_dags/example_nested_branch_dag.py for tasks to queue
[2024-06-24T16:13:41.645+0000] {logging_mixin.py:150} INFO - [2024-06-24T16:13:41.645+0000] {dagbag.py:541} INFO - Filling up the DagBag from /usr/local/python/3.10.13/lib/python3.10/site-packages/airflow/example_dags/example_nested_branch_dag.py
[2024-06-24T16:13:41.652+0000] {processor.py:836} INFO - DAG(s) dict_keys(['example_nested_branch_dag']) retrieved from /usr/local/python/3.10.13/lib/python3.10/site-packages/airflow/example_dags/example_nested_branch_dag.py
[2024-06-24T16:13:41.665+0000] {logging_mixin.py:150} INFO - [2024-06-24T16:13:41.665+0000] {dag.py:2742} INFO - Sync 1 DAGs
[2024-06-24T16:13:41.681+0000] {logging_mixin.py:150} INFO - [2024-06-24T16:13:41.681+0000] {dag.py:3504} INFO - Setting next_dagrun for example_nested_branch_dag to 2024-06-23T00:00:00+00:00, run_after=2024-06-24T00:00:00+00:00
[2024-06-24T16:13:41.723+0000] {processor.py:179} INFO - Processing /usr/local/python/3.10.13/lib/python3.10/site-packages/airflow/example_dags/example_nested_branch_dag.py took 0.081 seconds
[2024-06-24T16:14:28.740+0000] {processor.py:157} INFO - Started process (PID=22301) to work on /usr/local/python/3.10.13/lib/python3.10/site-packages/airflow/example_dags/example_nested_branch_dag.py
[2024-06-24T16:14:28.741+0000] {processor.py:826} INFO - Processing file /usr/local/python/3.10.13/lib/python3.10/site-packages/airflow/example_dags/example_nested_branch_dag.py for tasks to queue
[2024-06-24T16:14:28.741+0000] {logging_mixin.py:150} INFO - [2024-06-24T16:14:28.741+0000] {dagbag.py:541} INFO - Filling up the DagBag from /usr/local/python/3.10.13/lib/python3.10/site-packages/airflow/example_dags/example_nested_branch_dag.py
[2024-06-24T16:14:28.749+0000] {processor.py:836} INFO - DAG(s) dict_keys(['example_nested_branch_dag']) retrieved from /usr/local/python/3.10.13/lib/python3.10/site-packages/airflow/example_dags/example_nested_branch_dag.py
[2024-06-24T16:14:28.766+0000] {logging_mixin.py:150} INFO - [2024-06-24T16:14:28.766+0000] {dag.py:2742} INFO - Sync 1 DAGs
[2024-06-24T16:14:28.793+0000] {logging_mixin.py:150} INFO - [2024-06-24T16:14:28.792+0000] {dag.py:3504} INFO - Setting next_dagrun for example_nested_branch_dag to 2024-06-23T00:00:00+00:00, run_after=2024-06-24T00:00:00+00:00
[2024-06-24T16:14:28.836+0000] {processor.py:179} INFO - Processing /usr/local/python/3.10.13/lib/python3.10/site-packages/airflow/example_dags/example_nested_branch_dag.py took 0.098 seconds
[2024-06-24T16:15:14.516+0000] {processor.py:157} INFO - Started process (PID=22611) to work on /usr/local/python/3.10.13/lib/python3.10/site-packages/airflow/example_dags/example_nested_branch_dag.py
[2024-06-24T16:15:14.517+0000] {processor.py:826} INFO - Processing file /usr/local/python/3.10.13/lib/python3.10/site-packages/airflow/example_dags/example_nested_branch_dag.py for tasks to queue
[2024-06-24T16:15:14.518+0000] {logging_mixin.py:150} INFO - [2024-06-24T16:15:14.517+0000] {dagbag.py:541} INFO - Filling up the DagBag from /usr/local/python/3.10.13/lib/python3.10/site-packages/airflow/example_dags/example_nested_branch_dag.py
[2024-06-24T16:15:14.526+0000] {processor.py:836} INFO - DAG(s) dict_keys(['example_nested_branch_dag']) retrieved from /usr/local/python/3.10.13/lib/python3.10/site-packages/airflow/example_dags/example_nested_branch_dag.py
[2024-06-24T16:15:14.540+0000] {logging_mixin.py:150} INFO - [2024-06-24T16:15:14.540+0000] {dag.py:2742} INFO - Sync 1 DAGs
[2024-06-24T16:15:14.558+0000] {logging_mixin.py:150} INFO - [2024-06-24T16:15:14.558+0000] {dag.py:3504} INFO - Setting next_dagrun for example_nested_branch_dag to 2024-06-23T00:00:00+00:00, run_after=2024-06-24T00:00:00+00:00
[2024-06-24T16:15:14.602+0000] {processor.py:179} INFO - Processing /usr/local/python/3.10.13/lib/python3.10/site-packages/airflow/example_dags/example_nested_branch_dag.py took 0.088 seconds
[2024-06-24T16:15:57.019+0000] {processor.py:157} INFO - Started process (PID=22918) to work on /usr/local/python/3.10.13/lib/python3.10/site-packages/airflow/example_dags/example_nested_branch_dag.py
[2024-06-24T16:15:57.022+0000] {processor.py:826} INFO - Processing file /usr/local/python/3.10.13/lib/python3.10/site-packages/airflow/example_dags/example_nested_branch_dag.py for tasks to queue
[2024-06-24T16:15:57.023+0000] {logging_mixin.py:150} INFO - [2024-06-24T16:15:57.023+0000] {dagbag.py:541} INFO - Filling up the DagBag from /usr/local/python/3.10.13/lib/python3.10/site-packages/airflow/example_dags/example_nested_branch_dag.py
[2024-06-24T16:15:57.037+0000] {processor.py:836} INFO - DAG(s) dict_keys(['example_nested_branch_dag']) retrieved from /usr/local/python/3.10.13/lib/python3.10/site-packages/airflow/example_dags/example_nested_branch_dag.py
[2024-06-24T16:15:57.057+0000] {logging_mixin.py:150} INFO - [2024-06-24T16:15:57.057+0000] {dag.py:2742} INFO - Sync 1 DAGs
[2024-06-24T16:15:57.087+0000] {logging_mixin.py:150} INFO - [2024-06-24T16:15:57.087+0000] {dag.py:3504} INFO - Setting next_dagrun for example_nested_branch_dag to 2024-06-23T00:00:00+00:00, run_after=2024-06-24T00:00:00+00:00
[2024-06-24T16:15:57.134+0000] {processor.py:179} INFO - Processing /usr/local/python/3.10.13/lib/python3.10/site-packages/airflow/example_dags/example_nested_branch_dag.py took 0.118 seconds
[2024-06-24T16:16:41.787+0000] {processor.py:157} INFO - Started process (PID=23226) to work on /usr/local/python/3.10.13/lib/python3.10/site-packages/airflow/example_dags/example_nested_branch_dag.py
[2024-06-24T16:16:41.788+0000] {processor.py:826} INFO - Processing file /usr/local/python/3.10.13/lib/python3.10/site-packages/airflow/example_dags/example_nested_branch_dag.py for tasks to queue
[2024-06-24T16:16:41.788+0000] {logging_mixin.py:150} INFO - [2024-06-24T16:16:41.788+0000] {dagbag.py:541} INFO - Filling up the DagBag from /usr/local/python/3.10.13/lib/python3.10/site-packages/airflow/example_dags/example_nested_branch_dag.py
[2024-06-24T16:16:41.796+0000] {processor.py:836} INFO - DAG(s) dict_keys(['example_nested_branch_dag']) retrieved from /usr/local/python/3.10.13/lib/python3.10/site-packages/airflow/example_dags/example_nested_branch_dag.py
[2024-06-24T16:16:41.809+0000] {logging_mixin.py:150} INFO - [2024-06-24T16:16:41.809+0000] {dag.py:2742} INFO - Sync 1 DAGs
[2024-06-24T16:16:41.825+0000] {logging_mixin.py:150} INFO - [2024-06-24T16:16:41.825+0000] {dag.py:3504} INFO - Setting next_dagrun for example_nested_branch_dag to 2024-06-23T00:00:00+00:00, run_after=2024-06-24T00:00:00+00:00
[2024-06-24T16:16:41.875+0000] {processor.py:179} INFO - Processing /usr/local/python/3.10.13/lib/python3.10/site-packages/airflow/example_dags/example_nested_branch_dag.py took 0.090 seconds
[2024-06-24T16:17:29.010+0000] {processor.py:157} INFO - Started process (PID=23560) to work on /usr/local/python/3.10.13/lib/python3.10/site-packages/airflow/example_dags/example_nested_branch_dag.py
[2024-06-24T16:17:29.010+0000] {processor.py:826} INFO - Processing file /usr/local/python/3.10.13/lib/python3.10/site-packages/airflow/example_dags/example_nested_branch_dag.py for tasks to queue
[2024-06-24T16:17:29.011+0000] {logging_mixin.py:150} INFO - [2024-06-24T16:17:29.011+0000] {dagbag.py:541} INFO - Filling up the DagBag from /usr/local/python/3.10.13/lib/python3.10/site-packages/airflow/example_dags/example_nested_branch_dag.py
[2024-06-24T16:17:29.018+0000] {processor.py:836} INFO - DAG(s) dict_keys(['example_nested_branch_dag']) retrieved from /usr/local/python/3.10.13/lib/python3.10/site-packages/airflow/example_dags/example_nested_branch_dag.py
[2024-06-24T16:17:29.031+0000] {logging_mixin.py:150} INFO - [2024-06-24T16:17:29.031+0000] {dag.py:2742} INFO - Sync 1 DAGs
[2024-06-24T16:17:29.047+0000] {logging_mixin.py:150} INFO - [2024-06-24T16:17:29.047+0000] {dag.py:3504} INFO - Setting next_dagrun for example_nested_branch_dag to 2024-06-23T00:00:00+00:00, run_after=2024-06-24T00:00:00+00:00
[2024-06-24T16:17:29.091+0000] {processor.py:179} INFO - Processing /usr/local/python/3.10.13/lib/python3.10/site-packages/airflow/example_dags/example_nested_branch_dag.py took 0.083 seconds
[2024-06-24T16:18:16.598+0000] {processor.py:157} INFO - Started process (PID=23876) to work on /usr/local/python/3.10.13/lib/python3.10/site-packages/airflow/example_dags/example_nested_branch_dag.py
[2024-06-24T16:18:16.599+0000] {processor.py:826} INFO - Processing file /usr/local/python/3.10.13/lib/python3.10/site-packages/airflow/example_dags/example_nested_branch_dag.py for tasks to queue
[2024-06-24T16:18:16.599+0000] {logging_mixin.py:150} INFO - [2024-06-24T16:18:16.599+0000] {dagbag.py:541} INFO - Filling up the DagBag from /usr/local/python/3.10.13/lib/python3.10/site-packages/airflow/example_dags/example_nested_branch_dag.py
[2024-06-24T16:18:16.607+0000] {processor.py:836} INFO - DAG(s) dict_keys(['example_nested_branch_dag']) retrieved from /usr/local/python/3.10.13/lib/python3.10/site-packages/airflow/example_dags/example_nested_branch_dag.py
[2024-06-24T16:18:16.620+0000] {logging_mixin.py:150} INFO - [2024-06-24T16:18:16.620+0000] {dag.py:2742} INFO - Sync 1 DAGs
[2024-06-24T16:18:16.637+0000] {logging_mixin.py:150} INFO - [2024-06-24T16:18:16.637+0000] {dag.py:3504} INFO - Setting next_dagrun for example_nested_branch_dag to 2024-06-23T00:00:00+00:00, run_after=2024-06-24T00:00:00+00:00
[2024-06-24T16:18:16.679+0000] {processor.py:179} INFO - Processing /usr/local/python/3.10.13/lib/python3.10/site-packages/airflow/example_dags/example_nested_branch_dag.py took 0.083 seconds
[2024-06-24T16:19:00.924+0000] {processor.py:157} INFO - Started process (PID=24197) to work on /usr/local/python/3.10.13/lib/python3.10/site-packages/airflow/example_dags/example_nested_branch_dag.py
[2024-06-24T16:19:00.924+0000] {processor.py:826} INFO - Processing file /usr/local/python/3.10.13/lib/python3.10/site-packages/airflow/example_dags/example_nested_branch_dag.py for tasks to queue
[2024-06-24T16:19:00.925+0000] {logging_mixin.py:150} INFO - [2024-06-24T16:19:00.925+0000] {dagbag.py:541} INFO - Filling up the DagBag from /usr/local/python/3.10.13/lib/python3.10/site-packages/airflow/example_dags/example_nested_branch_dag.py
[2024-06-24T16:19:00.932+0000] {processor.py:836} INFO - DAG(s) dict_keys(['example_nested_branch_dag']) retrieved from /usr/local/python/3.10.13/lib/python3.10/site-packages/airflow/example_dags/example_nested_branch_dag.py
[2024-06-24T16:19:00.945+0000] {logging_mixin.py:150} INFO - [2024-06-24T16:19:00.945+0000] {dag.py:2742} INFO - Sync 1 DAGs
[2024-06-24T16:19:00.962+0000] {logging_mixin.py:150} INFO - [2024-06-24T16:19:00.962+0000] {dag.py:3504} INFO - Setting next_dagrun for example_nested_branch_dag to 2024-06-23T00:00:00+00:00, run_after=2024-06-24T00:00:00+00:00
[2024-06-24T16:19:01.003+0000] {processor.py:179} INFO - Processing /usr/local/python/3.10.13/lib/python3.10/site-packages/airflow/example_dags/example_nested_branch_dag.py took 0.081 seconds
[2024-06-24T16:19:49.651+0000] {processor.py:157} INFO - Started process (PID=24518) to work on /usr/local/python/3.10.13/lib/python3.10/site-packages/airflow/example_dags/example_nested_branch_dag.py
[2024-06-24T16:19:49.652+0000] {processor.py:826} INFO - Processing file /usr/local/python/3.10.13/lib/python3.10/site-packages/airflow/example_dags/example_nested_branch_dag.py for tasks to queue
[2024-06-24T16:19:49.652+0000] {logging_mixin.py:150} INFO - [2024-06-24T16:19:49.652+0000] {dagbag.py:541} INFO - Filling up the DagBag from /usr/local/python/3.10.13/lib/python3.10/site-packages/airflow/example_dags/example_nested_branch_dag.py
[2024-06-24T16:19:49.660+0000] {processor.py:836} INFO - DAG(s) dict_keys(['example_nested_branch_dag']) retrieved from /usr/local/python/3.10.13/lib/python3.10/site-packages/airflow/example_dags/example_nested_branch_dag.py
[2024-06-24T16:19:49.674+0000] {logging_mixin.py:150} INFO - [2024-06-24T16:19:49.674+0000] {dag.py:2742} INFO - Sync 1 DAGs
[2024-06-24T16:19:49.690+0000] {logging_mixin.py:150} INFO - [2024-06-24T16:19:49.690+0000] {dag.py:3504} INFO - Setting next_dagrun for example_nested_branch_dag to 2024-06-23T00:00:00+00:00, run_after=2024-06-24T00:00:00+00:00
[2024-06-24T16:19:49.739+0000] {processor.py:179} INFO - Processing /usr/local/python/3.10.13/lib/python3.10/site-packages/airflow/example_dags/example_nested_branch_dag.py took 0.090 seconds
[2024-06-24T16:20:35.327+0000] {processor.py:157} INFO - Started process (PID=24838) to work on /usr/local/python/3.10.13/lib/python3.10/site-packages/airflow/example_dags/example_nested_branch_dag.py
[2024-06-24T16:20:35.328+0000] {processor.py:826} INFO - Processing file /usr/local/python/3.10.13/lib/python3.10/site-packages/airflow/example_dags/example_nested_branch_dag.py for tasks to queue
[2024-06-24T16:20:35.329+0000] {logging_mixin.py:150} INFO - [2024-06-24T16:20:35.328+0000] {dagbag.py:541} INFO - Filling up the DagBag from /usr/local/python/3.10.13/lib/python3.10/site-packages/airflow/example_dags/example_nested_branch_dag.py
[2024-06-24T16:20:35.336+0000] {processor.py:836} INFO - DAG(s) dict_keys(['example_nested_branch_dag']) retrieved from /usr/local/python/3.10.13/lib/python3.10/site-packages/airflow/example_dags/example_nested_branch_dag.py
[2024-06-24T16:20:35.350+0000] {logging_mixin.py:150} INFO - [2024-06-24T16:20:35.350+0000] {dag.py:2742} INFO - Sync 1 DAGs
[2024-06-24T16:20:35.366+0000] {logging_mixin.py:150} INFO - [2024-06-24T16:20:35.366+0000] {dag.py:3504} INFO - Setting next_dagrun for example_nested_branch_dag to 2024-06-23T00:00:00+00:00, run_after=2024-06-24T00:00:00+00:00
[2024-06-24T16:20:35.407+0000] {processor.py:179} INFO - Processing /usr/local/python/3.10.13/lib/python3.10/site-packages/airflow/example_dags/example_nested_branch_dag.py took 0.081 seconds
[2024-06-24T16:21:20.641+0000] {processor.py:157} INFO - Started process (PID=25146) to work on /usr/local/python/3.10.13/lib/python3.10/site-packages/airflow/example_dags/example_nested_branch_dag.py
[2024-06-24T16:21:20.642+0000] {processor.py:826} INFO - Processing file /usr/local/python/3.10.13/lib/python3.10/site-packages/airflow/example_dags/example_nested_branch_dag.py for tasks to queue
[2024-06-24T16:21:20.642+0000] {logging_mixin.py:150} INFO - [2024-06-24T16:21:20.642+0000] {dagbag.py:541} INFO - Filling up the DagBag from /usr/local/python/3.10.13/lib/python3.10/site-packages/airflow/example_dags/example_nested_branch_dag.py
[2024-06-24T16:21:20.650+0000] {processor.py:836} INFO - DAG(s) dict_keys(['example_nested_branch_dag']) retrieved from /usr/local/python/3.10.13/lib/python3.10/site-packages/airflow/example_dags/example_nested_branch_dag.py
[2024-06-24T16:21:20.663+0000] {logging_mixin.py:150} INFO - [2024-06-24T16:21:20.663+0000] {dag.py:2742} INFO - Sync 1 DAGs
[2024-06-24T16:21:20.680+0000] {logging_mixin.py:150} INFO - [2024-06-24T16:21:20.679+0000] {dag.py:3504} INFO - Setting next_dagrun for example_nested_branch_dag to 2024-06-23T00:00:00+00:00, run_after=2024-06-24T00:00:00+00:00
[2024-06-24T16:21:20.720+0000] {processor.py:179} INFO - Processing /usr/local/python/3.10.13/lib/python3.10/site-packages/airflow/example_dags/example_nested_branch_dag.py took 0.081 seconds
[2024-06-24T16:22:09.222+0000] {processor.py:157} INFO - Started process (PID=25494) to work on /usr/local/python/3.10.13/lib/python3.10/site-packages/airflow/example_dags/example_nested_branch_dag.py
[2024-06-24T16:22:09.223+0000] {processor.py:826} INFO - Processing file /usr/local/python/3.10.13/lib/python3.10/site-packages/airflow/example_dags/example_nested_branch_dag.py for tasks to queue
[2024-06-24T16:22:09.223+0000] {logging_mixin.py:150} INFO - [2024-06-24T16:22:09.223+0000] {dagbag.py:541} INFO - Filling up the DagBag from /usr/local/python/3.10.13/lib/python3.10/site-packages/airflow/example_dags/example_nested_branch_dag.py
[2024-06-24T16:22:09.231+0000] {processor.py:836} INFO - DAG(s) dict_keys(['example_nested_branch_dag']) retrieved from /usr/local/python/3.10.13/lib/python3.10/site-packages/airflow/example_dags/example_nested_branch_dag.py
[2024-06-24T16:22:09.244+0000] {logging_mixin.py:150} INFO - [2024-06-24T16:22:09.244+0000] {dag.py:2742} INFO - Sync 1 DAGs
[2024-06-24T16:22:09.261+0000] {logging_mixin.py:150} INFO - [2024-06-24T16:22:09.261+0000] {dag.py:3504} INFO - Setting next_dagrun for example_nested_branch_dag to 2024-06-23T00:00:00+00:00, run_after=2024-06-24T00:00:00+00:00
[2024-06-24T16:22:09.302+0000] {processor.py:179} INFO - Processing /usr/local/python/3.10.13/lib/python3.10/site-packages/airflow/example_dags/example_nested_branch_dag.py took 0.082 seconds
[2024-06-24T16:22:57.520+0000] {processor.py:157} INFO - Started process (PID=25836) to work on /usr/local/python/3.10.13/lib/python3.10/site-packages/airflow/example_dags/example_nested_branch_dag.py
[2024-06-24T16:22:57.521+0000] {processor.py:826} INFO - Processing file /usr/local/python/3.10.13/lib/python3.10/site-packages/airflow/example_dags/example_nested_branch_dag.py for tasks to queue
[2024-06-24T16:22:57.521+0000] {logging_mixin.py:150} INFO - [2024-06-24T16:22:57.521+0000] {dagbag.py:541} INFO - Filling up the DagBag from /usr/local/python/3.10.13/lib/python3.10/site-packages/airflow/example_dags/example_nested_branch_dag.py
[2024-06-24T16:22:57.529+0000] {processor.py:836} INFO - DAG(s) dict_keys(['example_nested_branch_dag']) retrieved from /usr/local/python/3.10.13/lib/python3.10/site-packages/airflow/example_dags/example_nested_branch_dag.py
[2024-06-24T16:22:57.543+0000] {logging_mixin.py:150} INFO - [2024-06-24T16:22:57.542+0000] {dag.py:2742} INFO - Sync 1 DAGs
[2024-06-24T16:22:57.560+0000] {logging_mixin.py:150} INFO - [2024-06-24T16:22:57.559+0000] {dag.py:3504} INFO - Setting next_dagrun for example_nested_branch_dag to 2024-06-23T00:00:00+00:00, run_after=2024-06-24T00:00:00+00:00
[2024-06-24T16:22:57.602+0000] {processor.py:179} INFO - Processing /usr/local/python/3.10.13/lib/python3.10/site-packages/airflow/example_dags/example_nested_branch_dag.py took 0.084 seconds
[2024-06-24T16:23:41.444+0000] {processor.py:157} INFO - Started process (PID=26130) to work on /usr/local/python/3.10.13/lib/python3.10/site-packages/airflow/example_dags/example_nested_branch_dag.py
[2024-06-24T16:23:41.445+0000] {processor.py:826} INFO - Processing file /usr/local/python/3.10.13/lib/python3.10/site-packages/airflow/example_dags/example_nested_branch_dag.py for tasks to queue
[2024-06-24T16:23:41.445+0000] {logging_mixin.py:150} INFO - [2024-06-24T16:23:41.445+0000] {dagbag.py:541} INFO - Filling up the DagBag from /usr/local/python/3.10.13/lib/python3.10/site-packages/airflow/example_dags/example_nested_branch_dag.py
[2024-06-24T16:23:41.453+0000] {processor.py:836} INFO - DAG(s) dict_keys(['example_nested_branch_dag']) retrieved from /usr/local/python/3.10.13/lib/python3.10/site-packages/airflow/example_dags/example_nested_branch_dag.py
[2024-06-24T16:23:41.466+0000] {logging_mixin.py:150} INFO - [2024-06-24T16:23:41.466+0000] {dag.py:2742} INFO - Sync 1 DAGs
[2024-06-24T16:23:41.482+0000] {logging_mixin.py:150} INFO - [2024-06-24T16:23:41.482+0000] {dag.py:3504} INFO - Setting next_dagrun for example_nested_branch_dag to 2024-06-23T00:00:00+00:00, run_after=2024-06-24T00:00:00+00:00
[2024-06-24T16:23:41.522+0000] {processor.py:179} INFO - Processing /usr/local/python/3.10.13/lib/python3.10/site-packages/airflow/example_dags/example_nested_branch_dag.py took 0.080 seconds
[2024-06-24T16:24:24.373+0000] {processor.py:157} INFO - Started process (PID=26426) to work on /usr/local/python/3.10.13/lib/python3.10/site-packages/airflow/example_dags/example_nested_branch_dag.py
[2024-06-24T16:24:24.373+0000] {processor.py:826} INFO - Processing file /usr/local/python/3.10.13/lib/python3.10/site-packages/airflow/example_dags/example_nested_branch_dag.py for tasks to queue
[2024-06-24T16:24:24.374+0000] {logging_mixin.py:150} INFO - [2024-06-24T16:24:24.374+0000] {dagbag.py:541} INFO - Filling up the DagBag from /usr/local/python/3.10.13/lib/python3.10/site-packages/airflow/example_dags/example_nested_branch_dag.py
[2024-06-24T16:24:24.382+0000] {processor.py:836} INFO - DAG(s) dict_keys(['example_nested_branch_dag']) retrieved from /usr/local/python/3.10.13/lib/python3.10/site-packages/airflow/example_dags/example_nested_branch_dag.py
[2024-06-24T16:24:24.395+0000] {logging_mixin.py:150} INFO - [2024-06-24T16:24:24.395+0000] {dag.py:2742} INFO - Sync 1 DAGs
[2024-06-24T16:24:24.411+0000] {logging_mixin.py:150} INFO - [2024-06-24T16:24:24.411+0000] {dag.py:3504} INFO - Setting next_dagrun for example_nested_branch_dag to 2024-06-23T00:00:00+00:00, run_after=2024-06-24T00:00:00+00:00
[2024-06-24T16:24:24.451+0000] {processor.py:179} INFO - Processing /usr/local/python/3.10.13/lib/python3.10/site-packages/airflow/example_dags/example_nested_branch_dag.py took 0.081 seconds
[2024-06-24T16:25:12.663+0000] {processor.py:157} INFO - Started process (PID=26768) to work on /usr/local/python/3.10.13/lib/python3.10/site-packages/airflow/example_dags/example_nested_branch_dag.py
[2024-06-24T16:25:12.664+0000] {processor.py:826} INFO - Processing file /usr/local/python/3.10.13/lib/python3.10/site-packages/airflow/example_dags/example_nested_branch_dag.py for tasks to queue
[2024-06-24T16:25:12.664+0000] {logging_mixin.py:150} INFO - [2024-06-24T16:25:12.664+0000] {dagbag.py:541} INFO - Filling up the DagBag from /usr/local/python/3.10.13/lib/python3.10/site-packages/airflow/example_dags/example_nested_branch_dag.py
[2024-06-24T16:25:12.672+0000] {processor.py:836} INFO - DAG(s) dict_keys(['example_nested_branch_dag']) retrieved from /usr/local/python/3.10.13/lib/python3.10/site-packages/airflow/example_dags/example_nested_branch_dag.py
[2024-06-24T16:25:12.685+0000] {logging_mixin.py:150} INFO - [2024-06-24T16:25:12.685+0000] {dag.py:2742} INFO - Sync 1 DAGs
[2024-06-24T16:25:12.701+0000] {logging_mixin.py:150} INFO - [2024-06-24T16:25:12.701+0000] {dag.py:3504} INFO - Setting next_dagrun for example_nested_branch_dag to 2024-06-23T00:00:00+00:00, run_after=2024-06-24T00:00:00+00:00
[2024-06-24T16:25:12.741+0000] {processor.py:179} INFO - Processing /usr/local/python/3.10.13/lib/python3.10/site-packages/airflow/example_dags/example_nested_branch_dag.py took 0.080 seconds
[2024-06-24T16:26:00.556+0000] {processor.py:157} INFO - Started process (PID=27095) to work on /usr/local/python/3.10.13/lib/python3.10/site-packages/airflow/example_dags/example_nested_branch_dag.py
[2024-06-24T16:26:00.556+0000] {processor.py:826} INFO - Processing file /usr/local/python/3.10.13/lib/python3.10/site-packages/airflow/example_dags/example_nested_branch_dag.py for tasks to queue
[2024-06-24T16:26:00.557+0000] {logging_mixin.py:150} INFO - [2024-06-24T16:26:00.557+0000] {dagbag.py:541} INFO - Filling up the DagBag from /usr/local/python/3.10.13/lib/python3.10/site-packages/airflow/example_dags/example_nested_branch_dag.py
[2024-06-24T16:26:00.564+0000] {processor.py:836} INFO - DAG(s) dict_keys(['example_nested_branch_dag']) retrieved from /usr/local/python/3.10.13/lib/python3.10/site-packages/airflow/example_dags/example_nested_branch_dag.py
[2024-06-24T16:26:00.578+0000] {logging_mixin.py:150} INFO - [2024-06-24T16:26:00.577+0000] {dag.py:2742} INFO - Sync 1 DAGs
[2024-06-24T16:26:00.596+0000] {logging_mixin.py:150} INFO - [2024-06-24T16:26:00.595+0000] {dag.py:3504} INFO - Setting next_dagrun for example_nested_branch_dag to 2024-06-23T00:00:00+00:00, run_after=2024-06-24T00:00:00+00:00
[2024-06-24T16:26:00.637+0000] {processor.py:179} INFO - Processing /usr/local/python/3.10.13/lib/python3.10/site-packages/airflow/example_dags/example_nested_branch_dag.py took 0.083 seconds
[2024-06-24T16:26:45.223+0000] {processor.py:157} INFO - Started process (PID=27403) to work on /usr/local/python/3.10.13/lib/python3.10/site-packages/airflow/example_dags/example_nested_branch_dag.py
[2024-06-24T16:26:45.224+0000] {processor.py:826} INFO - Processing file /usr/local/python/3.10.13/lib/python3.10/site-packages/airflow/example_dags/example_nested_branch_dag.py for tasks to queue
[2024-06-24T16:26:45.225+0000] {logging_mixin.py:150} INFO - [2024-06-24T16:26:45.224+0000] {dagbag.py:541} INFO - Filling up the DagBag from /usr/local/python/3.10.13/lib/python3.10/site-packages/airflow/example_dags/example_nested_branch_dag.py
[2024-06-24T16:26:45.232+0000] {processor.py:836} INFO - DAG(s) dict_keys(['example_nested_branch_dag']) retrieved from /usr/local/python/3.10.13/lib/python3.10/site-packages/airflow/example_dags/example_nested_branch_dag.py
[2024-06-24T16:26:45.245+0000] {logging_mixin.py:150} INFO - [2024-06-24T16:26:45.245+0000] {dag.py:2742} INFO - Sync 1 DAGs
[2024-06-24T16:26:45.262+0000] {logging_mixin.py:150} INFO - [2024-06-24T16:26:45.262+0000] {dag.py:3504} INFO - Setting next_dagrun for example_nested_branch_dag to 2024-06-23T00:00:00+00:00, run_after=2024-06-24T00:00:00+00:00
[2024-06-24T16:26:45.300+0000] {processor.py:179} INFO - Processing /usr/local/python/3.10.13/lib/python3.10/site-packages/airflow/example_dags/example_nested_branch_dag.py took 0.079 seconds
[2024-06-24T16:27:34.330+0000] {processor.py:157} INFO - Started process (PID=27747) to work on /usr/local/python/3.10.13/lib/python3.10/site-packages/airflow/example_dags/example_nested_branch_dag.py
[2024-06-24T16:27:34.330+0000] {processor.py:826} INFO - Processing file /usr/local/python/3.10.13/lib/python3.10/site-packages/airflow/example_dags/example_nested_branch_dag.py for tasks to queue
[2024-06-24T16:27:34.331+0000] {logging_mixin.py:150} INFO - [2024-06-24T16:27:34.331+0000] {dagbag.py:541} INFO - Filling up the DagBag from /usr/local/python/3.10.13/lib/python3.10/site-packages/airflow/example_dags/example_nested_branch_dag.py
[2024-06-24T16:27:34.338+0000] {processor.py:836} INFO - DAG(s) dict_keys(['example_nested_branch_dag']) retrieved from /usr/local/python/3.10.13/lib/python3.10/site-packages/airflow/example_dags/example_nested_branch_dag.py
[2024-06-24T16:27:34.352+0000] {logging_mixin.py:150} INFO - [2024-06-24T16:27:34.352+0000] {dag.py:2742} INFO - Sync 1 DAGs
[2024-06-24T16:27:34.368+0000] {logging_mixin.py:150} INFO - [2024-06-24T16:27:34.368+0000] {dag.py:3504} INFO - Setting next_dagrun for example_nested_branch_dag to 2024-06-23T00:00:00+00:00, run_after=2024-06-24T00:00:00+00:00
[2024-06-24T16:27:34.406+0000] {processor.py:179} INFO - Processing /usr/local/python/3.10.13/lib/python3.10/site-packages/airflow/example_dags/example_nested_branch_dag.py took 0.079 seconds
[2024-06-24T16:28:18.532+0000] {processor.py:157} INFO - Started process (PID=28049) to work on /usr/local/python/3.10.13/lib/python3.10/site-packages/airflow/example_dags/example_nested_branch_dag.py
[2024-06-24T16:28:18.533+0000] {processor.py:826} INFO - Processing file /usr/local/python/3.10.13/lib/python3.10/site-packages/airflow/example_dags/example_nested_branch_dag.py for tasks to queue
[2024-06-24T16:28:18.533+0000] {logging_mixin.py:150} INFO - [2024-06-24T16:28:18.533+0000] {dagbag.py:541} INFO - Filling up the DagBag from /usr/local/python/3.10.13/lib/python3.10/site-packages/airflow/example_dags/example_nested_branch_dag.py
[2024-06-24T16:28:18.541+0000] {processor.py:836} INFO - DAG(s) dict_keys(['example_nested_branch_dag']) retrieved from /usr/local/python/3.10.13/lib/python3.10/site-packages/airflow/example_dags/example_nested_branch_dag.py
[2024-06-24T16:28:18.556+0000] {logging_mixin.py:150} INFO - [2024-06-24T16:28:18.556+0000] {dag.py:2742} INFO - Sync 1 DAGs
[2024-06-24T16:28:18.574+0000] {logging_mixin.py:150} INFO - [2024-06-24T16:28:18.574+0000] {dag.py:3504} INFO - Setting next_dagrun for example_nested_branch_dag to 2024-06-23T00:00:00+00:00, run_after=2024-06-24T00:00:00+00:00
[2024-06-24T16:28:18.615+0000] {processor.py:179} INFO - Processing /usr/local/python/3.10.13/lib/python3.10/site-packages/airflow/example_dags/example_nested_branch_dag.py took 0.086 seconds
[2024-06-24T16:29:05.362+0000] {processor.py:157} INFO - Started process (PID=28387) to work on /usr/local/python/3.10.13/lib/python3.10/site-packages/airflow/example_dags/example_nested_branch_dag.py
[2024-06-24T16:29:05.363+0000] {processor.py:826} INFO - Processing file /usr/local/python/3.10.13/lib/python3.10/site-packages/airflow/example_dags/example_nested_branch_dag.py for tasks to queue
[2024-06-24T16:29:05.363+0000] {logging_mixin.py:150} INFO - [2024-06-24T16:29:05.363+0000] {dagbag.py:541} INFO - Filling up the DagBag from /usr/local/python/3.10.13/lib/python3.10/site-packages/airflow/example_dags/example_nested_branch_dag.py
[2024-06-24T16:29:05.371+0000] {processor.py:836} INFO - DAG(s) dict_keys(['example_nested_branch_dag']) retrieved from /usr/local/python/3.10.13/lib/python3.10/site-packages/airflow/example_dags/example_nested_branch_dag.py
[2024-06-24T16:29:05.384+0000] {logging_mixin.py:150} INFO - [2024-06-24T16:29:05.384+0000] {dag.py:2742} INFO - Sync 1 DAGs
[2024-06-24T16:29:05.400+0000] {logging_mixin.py:150} INFO - [2024-06-24T16:29:05.400+0000] {dag.py:3504} INFO - Setting next_dagrun for example_nested_branch_dag to 2024-06-23T00:00:00+00:00, run_after=2024-06-24T00:00:00+00:00
[2024-06-24T16:29:05.447+0000] {processor.py:179} INFO - Processing /usr/local/python/3.10.13/lib/python3.10/site-packages/airflow/example_dags/example_nested_branch_dag.py took 0.087 seconds
[2024-06-24T16:29:53.384+0000] {processor.py:157} INFO - Started process (PID=28722) to work on /usr/local/python/3.10.13/lib/python3.10/site-packages/airflow/example_dags/example_nested_branch_dag.py
[2024-06-24T16:29:53.385+0000] {processor.py:826} INFO - Processing file /usr/local/python/3.10.13/lib/python3.10/site-packages/airflow/example_dags/example_nested_branch_dag.py for tasks to queue
[2024-06-24T16:29:53.385+0000] {logging_mixin.py:150} INFO - [2024-06-24T16:29:53.385+0000] {dagbag.py:541} INFO - Filling up the DagBag from /usr/local/python/3.10.13/lib/python3.10/site-packages/airflow/example_dags/example_nested_branch_dag.py
[2024-06-24T16:29:53.397+0000] {processor.py:836} INFO - DAG(s) dict_keys(['example_nested_branch_dag']) retrieved from /usr/local/python/3.10.13/lib/python3.10/site-packages/airflow/example_dags/example_nested_branch_dag.py
[2024-06-24T16:29:53.421+0000] {logging_mixin.py:150} INFO - [2024-06-24T16:29:53.421+0000] {dag.py:2742} INFO - Sync 1 DAGs
[2024-06-24T16:29:53.444+0000] {logging_mixin.py:150} INFO - [2024-06-24T16:29:53.444+0000] {dag.py:3504} INFO - Setting next_dagrun for example_nested_branch_dag to 2024-06-23T00:00:00+00:00, run_after=2024-06-24T00:00:00+00:00
[2024-06-24T16:29:53.486+0000] {processor.py:179} INFO - Processing /usr/local/python/3.10.13/lib/python3.10/site-packages/airflow/example_dags/example_nested_branch_dag.py took 0.105 seconds
[2024-06-24T16:30:40.949+0000] {processor.py:157} INFO - Started process (PID=29040) to work on /usr/local/python/3.10.13/lib/python3.10/site-packages/airflow/example_dags/example_nested_branch_dag.py
[2024-06-24T16:30:40.950+0000] {processor.py:826} INFO - Processing file /usr/local/python/3.10.13/lib/python3.10/site-packages/airflow/example_dags/example_nested_branch_dag.py for tasks to queue
[2024-06-24T16:30:40.951+0000] {logging_mixin.py:150} INFO - [2024-06-24T16:30:40.950+0000] {dagbag.py:541} INFO - Filling up the DagBag from /usr/local/python/3.10.13/lib/python3.10/site-packages/airflow/example_dags/example_nested_branch_dag.py
[2024-06-24T16:30:40.958+0000] {processor.py:836} INFO - DAG(s) dict_keys(['example_nested_branch_dag']) retrieved from /usr/local/python/3.10.13/lib/python3.10/site-packages/airflow/example_dags/example_nested_branch_dag.py
[2024-06-24T16:30:40.971+0000] {logging_mixin.py:150} INFO - [2024-06-24T16:30:40.971+0000] {dag.py:2742} INFO - Sync 1 DAGs
[2024-06-24T16:30:40.987+0000] {logging_mixin.py:150} INFO - [2024-06-24T16:30:40.987+0000] {dag.py:3504} INFO - Setting next_dagrun for example_nested_branch_dag to 2024-06-23T00:00:00+00:00, run_after=2024-06-24T00:00:00+00:00
[2024-06-24T16:30:41.026+0000] {processor.py:179} INFO - Processing /usr/local/python/3.10.13/lib/python3.10/site-packages/airflow/example_dags/example_nested_branch_dag.py took 0.080 seconds
[2024-06-24T17:08:02.897+0000] {processor.py:157} INFO - Started process (PID=9491) to work on /usr/local/python/3.10.13/lib/python3.10/site-packages/airflow/example_dags/example_nested_branch_dag.py
[2024-06-24T17:08:02.898+0000] {processor.py:826} INFO - Processing file /usr/local/python/3.10.13/lib/python3.10/site-packages/airflow/example_dags/example_nested_branch_dag.py for tasks to queue
[2024-06-24T17:08:02.898+0000] {logging_mixin.py:150} INFO - [2024-06-24T17:08:02.898+0000] {dagbag.py:541} INFO - Filling up the DagBag from /usr/local/python/3.10.13/lib/python3.10/site-packages/airflow/example_dags/example_nested_branch_dag.py
[2024-06-24T17:08:02.906+0000] {processor.py:836} INFO - DAG(s) dict_keys(['example_nested_branch_dag']) retrieved from /usr/local/python/3.10.13/lib/python3.10/site-packages/airflow/example_dags/example_nested_branch_dag.py
[2024-06-24T17:08:02.921+0000] {logging_mixin.py:150} INFO - [2024-06-24T17:08:02.921+0000] {dag.py:2742} INFO - Sync 1 DAGs
[2024-06-24T17:08:02.938+0000] {logging_mixin.py:150} INFO - [2024-06-24T17:08:02.938+0000] {dag.py:3504} INFO - Setting next_dagrun for example_nested_branch_dag to 2024-06-23T00:00:00+00:00, run_after=2024-06-24T00:00:00+00:00
[2024-06-24T17:08:02.977+0000] {processor.py:179} INFO - Processing /usr/local/python/3.10.13/lib/python3.10/site-packages/airflow/example_dags/example_nested_branch_dag.py took 0.082 seconds
[2024-06-24T17:08:50.862+0000] {processor.py:157} INFO - Started process (PID=9818) to work on /usr/local/python/3.10.13/lib/python3.10/site-packages/airflow/example_dags/example_nested_branch_dag.py
[2024-06-24T17:08:50.863+0000] {processor.py:826} INFO - Processing file /usr/local/python/3.10.13/lib/python3.10/site-packages/airflow/example_dags/example_nested_branch_dag.py for tasks to queue
[2024-06-24T17:08:50.864+0000] {logging_mixin.py:150} INFO - [2024-06-24T17:08:50.863+0000] {dagbag.py:541} INFO - Filling up the DagBag from /usr/local/python/3.10.13/lib/python3.10/site-packages/airflow/example_dags/example_nested_branch_dag.py
[2024-06-24T17:08:50.871+0000] {processor.py:836} INFO - DAG(s) dict_keys(['example_nested_branch_dag']) retrieved from /usr/local/python/3.10.13/lib/python3.10/site-packages/airflow/example_dags/example_nested_branch_dag.py
[2024-06-24T17:08:50.885+0000] {logging_mixin.py:150} INFO - [2024-06-24T17:08:50.885+0000] {dag.py:2742} INFO - Sync 1 DAGs
[2024-06-24T17:08:50.901+0000] {logging_mixin.py:150} INFO - [2024-06-24T17:08:50.901+0000] {dag.py:3504} INFO - Setting next_dagrun for example_nested_branch_dag to 2024-06-23T00:00:00+00:00, run_after=2024-06-24T00:00:00+00:00
[2024-06-24T17:08:50.942+0000] {processor.py:179} INFO - Processing /usr/local/python/3.10.13/lib/python3.10/site-packages/airflow/example_dags/example_nested_branch_dag.py took 0.082 seconds
[2024-06-24T17:09:38.906+0000] {processor.py:157} INFO - Started process (PID=10161) to work on /usr/local/python/3.10.13/lib/python3.10/site-packages/airflow/example_dags/example_nested_branch_dag.py
[2024-06-24T17:09:38.907+0000] {processor.py:826} INFO - Processing file /usr/local/python/3.10.13/lib/python3.10/site-packages/airflow/example_dags/example_nested_branch_dag.py for tasks to queue
[2024-06-24T17:09:38.907+0000] {logging_mixin.py:150} INFO - [2024-06-24T17:09:38.907+0000] {dagbag.py:541} INFO - Filling up the DagBag from /usr/local/python/3.10.13/lib/python3.10/site-packages/airflow/example_dags/example_nested_branch_dag.py
[2024-06-24T17:09:38.915+0000] {processor.py:836} INFO - DAG(s) dict_keys(['example_nested_branch_dag']) retrieved from /usr/local/python/3.10.13/lib/python3.10/site-packages/airflow/example_dags/example_nested_branch_dag.py
[2024-06-24T17:09:38.928+0000] {logging_mixin.py:150} INFO - [2024-06-24T17:09:38.928+0000] {dag.py:2742} INFO - Sync 1 DAGs
[2024-06-24T17:09:38.945+0000] {logging_mixin.py:150} INFO - [2024-06-24T17:09:38.945+0000] {dag.py:3504} INFO - Setting next_dagrun for example_nested_branch_dag to 2024-06-23T00:00:00+00:00, run_after=2024-06-24T00:00:00+00:00
[2024-06-24T17:09:38.989+0000] {processor.py:179} INFO - Processing /usr/local/python/3.10.13/lib/python3.10/site-packages/airflow/example_dags/example_nested_branch_dag.py took 0.085 seconds
[2024-06-24T17:10:34.267+0000] {processor.py:157} INFO - Started process (PID=10538) to work on /usr/local/python/3.10.13/lib/python3.10/site-packages/airflow/example_dags/example_nested_branch_dag.py
[2024-06-24T17:10:34.268+0000] {processor.py:826} INFO - Processing file /usr/local/python/3.10.13/lib/python3.10/site-packages/airflow/example_dags/example_nested_branch_dag.py for tasks to queue
[2024-06-24T17:10:34.268+0000] {logging_mixin.py:150} INFO - [2024-06-24T17:10:34.268+0000] {dagbag.py:541} INFO - Filling up the DagBag from /usr/local/python/3.10.13/lib/python3.10/site-packages/airflow/example_dags/example_nested_branch_dag.py
[2024-06-24T17:10:34.276+0000] {processor.py:836} INFO - DAG(s) dict_keys(['example_nested_branch_dag']) retrieved from /usr/local/python/3.10.13/lib/python3.10/site-packages/airflow/example_dags/example_nested_branch_dag.py
[2024-06-24T17:10:34.289+0000] {logging_mixin.py:150} INFO - [2024-06-24T17:10:34.289+0000] {dag.py:2742} INFO - Sync 1 DAGs
[2024-06-24T17:10:34.306+0000] {logging_mixin.py:150} INFO - [2024-06-24T17:10:34.305+0000] {dag.py:3504} INFO - Setting next_dagrun for example_nested_branch_dag to 2024-06-23T00:00:00+00:00, run_after=2024-06-24T00:00:00+00:00
[2024-06-24T17:10:34.344+0000] {processor.py:179} INFO - Processing /usr/local/python/3.10.13/lib/python3.10/site-packages/airflow/example_dags/example_nested_branch_dag.py took 0.080 seconds
[2024-06-24T17:11:25.471+0000] {processor.py:157} INFO - Started process (PID=10939) to work on /usr/local/python/3.10.13/lib/python3.10/site-packages/airflow/example_dags/example_nested_branch_dag.py
[2024-06-24T17:11:25.472+0000] {processor.py:826} INFO - Processing file /usr/local/python/3.10.13/lib/python3.10/site-packages/airflow/example_dags/example_nested_branch_dag.py for tasks to queue
[2024-06-24T17:11:25.472+0000] {logging_mixin.py:150} INFO - [2024-06-24T17:11:25.472+0000] {dagbag.py:541} INFO - Filling up the DagBag from /usr/local/python/3.10.13/lib/python3.10/site-packages/airflow/example_dags/example_nested_branch_dag.py
[2024-06-24T17:11:25.480+0000] {processor.py:836} INFO - DAG(s) dict_keys(['example_nested_branch_dag']) retrieved from /usr/local/python/3.10.13/lib/python3.10/site-packages/airflow/example_dags/example_nested_branch_dag.py
[2024-06-24T17:11:25.493+0000] {logging_mixin.py:150} INFO - [2024-06-24T17:11:25.492+0000] {dag.py:2742} INFO - Sync 1 DAGs
[2024-06-24T17:11:25.508+0000] {logging_mixin.py:150} INFO - [2024-06-24T17:11:25.508+0000] {dag.py:3504} INFO - Setting next_dagrun for example_nested_branch_dag to 2024-06-23T00:00:00+00:00, run_after=2024-06-24T00:00:00+00:00
[2024-06-24T17:11:25.553+0000] {processor.py:179} INFO - Processing /usr/local/python/3.10.13/lib/python3.10/site-packages/airflow/example_dags/example_nested_branch_dag.py took 0.084 seconds
[2024-06-24T17:12:20.091+0000] {processor.py:157} INFO - Started process (PID=11360) to work on /usr/local/python/3.10.13/lib/python3.10/site-packages/airflow/example_dags/example_nested_branch_dag.py
[2024-06-24T17:12:20.092+0000] {processor.py:826} INFO - Processing file /usr/local/python/3.10.13/lib/python3.10/site-packages/airflow/example_dags/example_nested_branch_dag.py for tasks to queue
[2024-06-24T17:12:20.093+0000] {logging_mixin.py:150} INFO - [2024-06-24T17:12:20.092+0000] {dagbag.py:541} INFO - Filling up the DagBag from /usr/local/python/3.10.13/lib/python3.10/site-packages/airflow/example_dags/example_nested_branch_dag.py
[2024-06-24T17:12:20.100+0000] {processor.py:836} INFO - DAG(s) dict_keys(['example_nested_branch_dag']) retrieved from /usr/local/python/3.10.13/lib/python3.10/site-packages/airflow/example_dags/example_nested_branch_dag.py
[2024-06-24T17:12:20.114+0000] {logging_mixin.py:150} INFO - [2024-06-24T17:12:20.113+0000] {dag.py:2742} INFO - Sync 1 DAGs
[2024-06-24T17:12:20.130+0000] {logging_mixin.py:150} INFO - [2024-06-24T17:12:20.130+0000] {dag.py:3504} INFO - Setting next_dagrun for example_nested_branch_dag to 2024-06-23T00:00:00+00:00, run_after=2024-06-24T00:00:00+00:00
[2024-06-24T17:12:20.175+0000] {processor.py:179} INFO - Processing /usr/local/python/3.10.13/lib/python3.10/site-packages/airflow/example_dags/example_nested_branch_dag.py took 0.086 seconds
[2024-06-24T17:13:07.962+0000] {processor.py:157} INFO - Started process (PID=11734) to work on /usr/local/python/3.10.13/lib/python3.10/site-packages/airflow/example_dags/example_nested_branch_dag.py
[2024-06-24T17:13:07.963+0000] {processor.py:826} INFO - Processing file /usr/local/python/3.10.13/lib/python3.10/site-packages/airflow/example_dags/example_nested_branch_dag.py for tasks to queue
[2024-06-24T17:13:07.964+0000] {logging_mixin.py:150} INFO - [2024-06-24T17:13:07.963+0000] {dagbag.py:541} INFO - Filling up the DagBag from /usr/local/python/3.10.13/lib/python3.10/site-packages/airflow/example_dags/example_nested_branch_dag.py
[2024-06-24T17:13:07.971+0000] {processor.py:836} INFO - DAG(s) dict_keys(['example_nested_branch_dag']) retrieved from /usr/local/python/3.10.13/lib/python3.10/site-packages/airflow/example_dags/example_nested_branch_dag.py
[2024-06-24T17:13:07.985+0000] {logging_mixin.py:150} INFO - [2024-06-24T17:13:07.985+0000] {dag.py:2742} INFO - Sync 1 DAGs
[2024-06-24T17:13:08.002+0000] {logging_mixin.py:150} INFO - [2024-06-24T17:13:08.002+0000] {dag.py:3504} INFO - Setting next_dagrun for example_nested_branch_dag to 2024-06-23T00:00:00+00:00, run_after=2024-06-24T00:00:00+00:00
[2024-06-24T17:13:08.048+0000] {processor.py:179} INFO - Processing /usr/local/python/3.10.13/lib/python3.10/site-packages/airflow/example_dags/example_nested_branch_dag.py took 0.088 seconds
[2024-06-24T17:13:51.616+0000] {processor.py:157} INFO - Started process (PID=12075) to work on /usr/local/python/3.10.13/lib/python3.10/site-packages/airflow/example_dags/example_nested_branch_dag.py
[2024-06-24T17:13:51.617+0000] {processor.py:826} INFO - Processing file /usr/local/python/3.10.13/lib/python3.10/site-packages/airflow/example_dags/example_nested_branch_dag.py for tasks to queue
[2024-06-24T17:13:51.618+0000] {logging_mixin.py:150} INFO - [2024-06-24T17:13:51.618+0000] {dagbag.py:541} INFO - Filling up the DagBag from /usr/local/python/3.10.13/lib/python3.10/site-packages/airflow/example_dags/example_nested_branch_dag.py
[2024-06-24T17:13:51.626+0000] {processor.py:836} INFO - DAG(s) dict_keys(['example_nested_branch_dag']) retrieved from /usr/local/python/3.10.13/lib/python3.10/site-packages/airflow/example_dags/example_nested_branch_dag.py
[2024-06-24T17:13:51.639+0000] {logging_mixin.py:150} INFO - [2024-06-24T17:13:51.639+0000] {dag.py:2742} INFO - Sync 1 DAGs
[2024-06-24T17:13:51.655+0000] {logging_mixin.py:150} INFO - [2024-06-24T17:13:51.655+0000] {dag.py:3504} INFO - Setting next_dagrun for example_nested_branch_dag to 2024-06-23T00:00:00+00:00, run_after=2024-06-24T00:00:00+00:00
[2024-06-24T17:13:51.696+0000] {processor.py:179} INFO - Processing /usr/local/python/3.10.13/lib/python3.10/site-packages/airflow/example_dags/example_nested_branch_dag.py took 0.081 seconds
[2024-06-24T17:14:38.185+0000] {processor.py:157} INFO - Started process (PID=12422) to work on /usr/local/python/3.10.13/lib/python3.10/site-packages/airflow/example_dags/example_nested_branch_dag.py
[2024-06-24T17:14:38.186+0000] {processor.py:826} INFO - Processing file /usr/local/python/3.10.13/lib/python3.10/site-packages/airflow/example_dags/example_nested_branch_dag.py for tasks to queue
[2024-06-24T17:14:38.187+0000] {logging_mixin.py:150} INFO - [2024-06-24T17:14:38.187+0000] {dagbag.py:541} INFO - Filling up the DagBag from /usr/local/python/3.10.13/lib/python3.10/site-packages/airflow/example_dags/example_nested_branch_dag.py
[2024-06-24T17:14:38.195+0000] {processor.py:836} INFO - DAG(s) dict_keys(['example_nested_branch_dag']) retrieved from /usr/local/python/3.10.13/lib/python3.10/site-packages/airflow/example_dags/example_nested_branch_dag.py
[2024-06-24T17:14:38.208+0000] {logging_mixin.py:150} INFO - [2024-06-24T17:14:38.208+0000] {dag.py:2742} INFO - Sync 1 DAGs
[2024-06-24T17:14:38.224+0000] {logging_mixin.py:150} INFO - [2024-06-24T17:14:38.224+0000] {dag.py:3504} INFO - Setting next_dagrun for example_nested_branch_dag to 2024-06-23T00:00:00+00:00, run_after=2024-06-24T00:00:00+00:00
[2024-06-24T17:14:38.265+0000] {processor.py:179} INFO - Processing /usr/local/python/3.10.13/lib/python3.10/site-packages/airflow/example_dags/example_nested_branch_dag.py took 0.082 seconds
[2024-06-24T17:15:27.061+0000] {processor.py:157} INFO - Started process (PID=12798) to work on /usr/local/python/3.10.13/lib/python3.10/site-packages/airflow/example_dags/example_nested_branch_dag.py
[2024-06-24T17:15:27.062+0000] {processor.py:826} INFO - Processing file /usr/local/python/3.10.13/lib/python3.10/site-packages/airflow/example_dags/example_nested_branch_dag.py for tasks to queue
[2024-06-24T17:15:27.062+0000] {logging_mixin.py:150} INFO - [2024-06-24T17:15:27.062+0000] {dagbag.py:541} INFO - Filling up the DagBag from /usr/local/python/3.10.13/lib/python3.10/site-packages/airflow/example_dags/example_nested_branch_dag.py
[2024-06-24T17:15:27.070+0000] {processor.py:836} INFO - DAG(s) dict_keys(['example_nested_branch_dag']) retrieved from /usr/local/python/3.10.13/lib/python3.10/site-packages/airflow/example_dags/example_nested_branch_dag.py
[2024-06-24T17:15:27.083+0000] {logging_mixin.py:150} INFO - [2024-06-24T17:15:27.083+0000] {dag.py:2742} INFO - Sync 1 DAGs
[2024-06-24T17:15:27.099+0000] {logging_mixin.py:150} INFO - [2024-06-24T17:15:27.099+0000] {dag.py:3504} INFO - Setting next_dagrun for example_nested_branch_dag to 2024-06-23T00:00:00+00:00, run_after=2024-06-24T00:00:00+00:00
[2024-06-24T17:15:27.142+0000] {processor.py:179} INFO - Processing /usr/local/python/3.10.13/lib/python3.10/site-packages/airflow/example_dags/example_nested_branch_dag.py took 0.083 seconds
[2024-06-24T17:16:06.494+0000] {processor.py:157} INFO - Started process (PID=13084) to work on /usr/local/python/3.10.13/lib/python3.10/site-packages/airflow/example_dags/example_nested_branch_dag.py
[2024-06-24T17:16:06.495+0000] {processor.py:826} INFO - Processing file /usr/local/python/3.10.13/lib/python3.10/site-packages/airflow/example_dags/example_nested_branch_dag.py for tasks to queue
[2024-06-24T17:16:06.496+0000] {logging_mixin.py:150} INFO - [2024-06-24T17:16:06.496+0000] {dagbag.py:541} INFO - Filling up the DagBag from /usr/local/python/3.10.13/lib/python3.10/site-packages/airflow/example_dags/example_nested_branch_dag.py
[2024-06-24T17:16:06.503+0000] {processor.py:836} INFO - DAG(s) dict_keys(['example_nested_branch_dag']) retrieved from /usr/local/python/3.10.13/lib/python3.10/site-packages/airflow/example_dags/example_nested_branch_dag.py
[2024-06-24T17:16:06.517+0000] {logging_mixin.py:150} INFO - [2024-06-24T17:16:06.517+0000] {dag.py:2742} INFO - Sync 1 DAGs
[2024-06-24T17:16:06.533+0000] {logging_mixin.py:150} INFO - [2024-06-24T17:16:06.533+0000] {dag.py:3504} INFO - Setting next_dagrun for example_nested_branch_dag to 2024-06-23T00:00:00+00:00, run_after=2024-06-24T00:00:00+00:00
[2024-06-24T17:16:06.575+0000] {processor.py:179} INFO - Processing /usr/local/python/3.10.13/lib/python3.10/site-packages/airflow/example_dags/example_nested_branch_dag.py took 0.083 seconds
[2024-06-24T17:16:55.540+0000] {processor.py:157} INFO - Started process (PID=13467) to work on /usr/local/python/3.10.13/lib/python3.10/site-packages/airflow/example_dags/example_nested_branch_dag.py
[2024-06-24T17:16:55.541+0000] {processor.py:826} INFO - Processing file /usr/local/python/3.10.13/lib/python3.10/site-packages/airflow/example_dags/example_nested_branch_dag.py for tasks to queue
[2024-06-24T17:16:55.541+0000] {logging_mixin.py:150} INFO - [2024-06-24T17:16:55.541+0000] {dagbag.py:541} INFO - Filling up the DagBag from /usr/local/python/3.10.13/lib/python3.10/site-packages/airflow/example_dags/example_nested_branch_dag.py
[2024-06-24T17:16:55.549+0000] {processor.py:836} INFO - DAG(s) dict_keys(['example_nested_branch_dag']) retrieved from /usr/local/python/3.10.13/lib/python3.10/site-packages/airflow/example_dags/example_nested_branch_dag.py
[2024-06-24T17:16:55.562+0000] {logging_mixin.py:150} INFO - [2024-06-24T17:16:55.562+0000] {dag.py:2742} INFO - Sync 1 DAGs
[2024-06-24T17:16:55.578+0000] {logging_mixin.py:150} INFO - [2024-06-24T17:16:55.578+0000] {dag.py:3504} INFO - Setting next_dagrun for example_nested_branch_dag to 2024-06-23T00:00:00+00:00, run_after=2024-06-24T00:00:00+00:00
[2024-06-24T17:16:55.618+0000] {processor.py:179} INFO - Processing /usr/local/python/3.10.13/lib/python3.10/site-packages/airflow/example_dags/example_nested_branch_dag.py took 0.080 seconds
[2024-06-24T17:17:46.787+0000] {processor.py:157} INFO - Started process (PID=13833) to work on /usr/local/python/3.10.13/lib/python3.10/site-packages/airflow/example_dags/example_nested_branch_dag.py
[2024-06-24T17:17:46.787+0000] {processor.py:826} INFO - Processing file /usr/local/python/3.10.13/lib/python3.10/site-packages/airflow/example_dags/example_nested_branch_dag.py for tasks to queue
[2024-06-24T17:17:46.788+0000] {logging_mixin.py:150} INFO - [2024-06-24T17:17:46.788+0000] {dagbag.py:541} INFO - Filling up the DagBag from /usr/local/python/3.10.13/lib/python3.10/site-packages/airflow/example_dags/example_nested_branch_dag.py
[2024-06-24T17:17:46.796+0000] {processor.py:836} INFO - DAG(s) dict_keys(['example_nested_branch_dag']) retrieved from /usr/local/python/3.10.13/lib/python3.10/site-packages/airflow/example_dags/example_nested_branch_dag.py
[2024-06-24T17:17:46.809+0000] {logging_mixin.py:150} INFO - [2024-06-24T17:17:46.809+0000] {dag.py:2742} INFO - Sync 1 DAGs
[2024-06-24T17:17:46.826+0000] {logging_mixin.py:150} INFO - [2024-06-24T17:17:46.826+0000] {dag.py:3504} INFO - Setting next_dagrun for example_nested_branch_dag to 2024-06-23T00:00:00+00:00, run_after=2024-06-24T00:00:00+00:00
[2024-06-24T17:17:46.872+0000] {processor.py:179} INFO - Processing /usr/local/python/3.10.13/lib/python3.10/site-packages/airflow/example_dags/example_nested_branch_dag.py took 0.088 seconds
[2024-06-24T17:18:38.787+0000] {processor.py:157} INFO - Started process (PID=14198) to work on /usr/local/python/3.10.13/lib/python3.10/site-packages/airflow/example_dags/example_nested_branch_dag.py
[2024-06-24T17:18:38.787+0000] {processor.py:826} INFO - Processing file /usr/local/python/3.10.13/lib/python3.10/site-packages/airflow/example_dags/example_nested_branch_dag.py for tasks to queue
[2024-06-24T17:18:38.788+0000] {logging_mixin.py:150} INFO - [2024-06-24T17:18:38.788+0000] {dagbag.py:541} INFO - Filling up the DagBag from /usr/local/python/3.10.13/lib/python3.10/site-packages/airflow/example_dags/example_nested_branch_dag.py
[2024-06-24T17:18:38.796+0000] {processor.py:836} INFO - DAG(s) dict_keys(['example_nested_branch_dag']) retrieved from /usr/local/python/3.10.13/lib/python3.10/site-packages/airflow/example_dags/example_nested_branch_dag.py
[2024-06-24T17:18:38.809+0000] {logging_mixin.py:150} INFO - [2024-06-24T17:18:38.809+0000] {dag.py:2742} INFO - Sync 1 DAGs
[2024-06-24T17:18:38.825+0000] {logging_mixin.py:150} INFO - [2024-06-24T17:18:38.825+0000] {dag.py:3504} INFO - Setting next_dagrun for example_nested_branch_dag to 2024-06-23T00:00:00+00:00, run_after=2024-06-24T00:00:00+00:00
[2024-06-24T17:18:38.866+0000] {processor.py:179} INFO - Processing /usr/local/python/3.10.13/lib/python3.10/site-packages/airflow/example_dags/example_nested_branch_dag.py took 0.082 seconds
[2024-06-24T17:19:31.673+0000] {processor.py:157} INFO - Started process (PID=14610) to work on /usr/local/python/3.10.13/lib/python3.10/site-packages/airflow/example_dags/example_nested_branch_dag.py
[2024-06-24T17:19:31.674+0000] {processor.py:826} INFO - Processing file /usr/local/python/3.10.13/lib/python3.10/site-packages/airflow/example_dags/example_nested_branch_dag.py for tasks to queue
[2024-06-24T17:19:31.675+0000] {logging_mixin.py:150} INFO - [2024-06-24T17:19:31.675+0000] {dagbag.py:541} INFO - Filling up the DagBag from /usr/local/python/3.10.13/lib/python3.10/site-packages/airflow/example_dags/example_nested_branch_dag.py
[2024-06-24T17:19:31.683+0000] {processor.py:836} INFO - DAG(s) dict_keys(['example_nested_branch_dag']) retrieved from /usr/local/python/3.10.13/lib/python3.10/site-packages/airflow/example_dags/example_nested_branch_dag.py
[2024-06-24T17:19:31.696+0000] {logging_mixin.py:150} INFO - [2024-06-24T17:19:31.696+0000] {dag.py:2742} INFO - Sync 1 DAGs
[2024-06-24T17:19:31.712+0000] {logging_mixin.py:150} INFO - [2024-06-24T17:19:31.712+0000] {dag.py:3504} INFO - Setting next_dagrun for example_nested_branch_dag to 2024-06-23T00:00:00+00:00, run_after=2024-06-24T00:00:00+00:00
[2024-06-24T17:19:31.751+0000] {processor.py:179} INFO - Processing /usr/local/python/3.10.13/lib/python3.10/site-packages/airflow/example_dags/example_nested_branch_dag.py took 0.079 seconds
[2024-06-24T17:20:18.000+0000] {processor.py:157} INFO - Started process (PID=14949) to work on /usr/local/python/3.10.13/lib/python3.10/site-packages/airflow/example_dags/example_nested_branch_dag.py
[2024-06-24T17:20:18.001+0000] {processor.py:826} INFO - Processing file /usr/local/python/3.10.13/lib/python3.10/site-packages/airflow/example_dags/example_nested_branch_dag.py for tasks to queue
[2024-06-24T17:20:18.002+0000] {logging_mixin.py:150} INFO - [2024-06-24T17:20:18.002+0000] {dagbag.py:541} INFO - Filling up the DagBag from /usr/local/python/3.10.13/lib/python3.10/site-packages/airflow/example_dags/example_nested_branch_dag.py
[2024-06-24T17:20:18.010+0000] {processor.py:836} INFO - DAG(s) dict_keys(['example_nested_branch_dag']) retrieved from /usr/local/python/3.10.13/lib/python3.10/site-packages/airflow/example_dags/example_nested_branch_dag.py
[2024-06-24T17:20:18.024+0000] {logging_mixin.py:150} INFO - [2024-06-24T17:20:18.024+0000] {dag.py:2742} INFO - Sync 1 DAGs
[2024-06-24T17:20:18.045+0000] {logging_mixin.py:150} INFO - [2024-06-24T17:20:18.045+0000] {dag.py:3504} INFO - Setting next_dagrun for example_nested_branch_dag to 2024-06-23T00:00:00+00:00, run_after=2024-06-24T00:00:00+00:00
[2024-06-24T17:20:18.088+0000] {processor.py:179} INFO - Processing /usr/local/python/3.10.13/lib/python3.10/site-packages/airflow/example_dags/example_nested_branch_dag.py took 0.089 seconds
[2024-06-24T17:21:16.251+0000] {processor.py:157} INFO - Started process (PID=15355) to work on /usr/local/python/3.10.13/lib/python3.10/site-packages/airflow/example_dags/example_nested_branch_dag.py
[2024-06-24T17:21:16.252+0000] {processor.py:826} INFO - Processing file /usr/local/python/3.10.13/lib/python3.10/site-packages/airflow/example_dags/example_nested_branch_dag.py for tasks to queue
[2024-06-24T17:21:16.253+0000] {logging_mixin.py:150} INFO - [2024-06-24T17:21:16.253+0000] {dagbag.py:541} INFO - Filling up the DagBag from /usr/local/python/3.10.13/lib/python3.10/site-packages/airflow/example_dags/example_nested_branch_dag.py
[2024-06-24T17:21:16.260+0000] {processor.py:836} INFO - DAG(s) dict_keys(['example_nested_branch_dag']) retrieved from /usr/local/python/3.10.13/lib/python3.10/site-packages/airflow/example_dags/example_nested_branch_dag.py
[2024-06-24T17:21:16.274+0000] {logging_mixin.py:150} INFO - [2024-06-24T17:21:16.273+0000] {dag.py:2742} INFO - Sync 1 DAGs
[2024-06-24T17:21:16.291+0000] {logging_mixin.py:150} INFO - [2024-06-24T17:21:16.291+0000] {dag.py:3504} INFO - Setting next_dagrun for example_nested_branch_dag to 2024-06-23T00:00:00+00:00, run_after=2024-06-24T00:00:00+00:00
[2024-06-24T17:21:16.334+0000] {processor.py:179} INFO - Processing /usr/local/python/3.10.13/lib/python3.10/site-packages/airflow/example_dags/example_nested_branch_dag.py took 0.085 seconds
[2024-06-24T17:22:07.024+0000] {processor.py:157} INFO - Started process (PID=15718) to work on /usr/local/python/3.10.13/lib/python3.10/site-packages/airflow/example_dags/example_nested_branch_dag.py
[2024-06-24T17:22:07.025+0000] {processor.py:826} INFO - Processing file /usr/local/python/3.10.13/lib/python3.10/site-packages/airflow/example_dags/example_nested_branch_dag.py for tasks to queue
[2024-06-24T17:22:07.026+0000] {logging_mixin.py:150} INFO - [2024-06-24T17:22:07.026+0000] {dagbag.py:541} INFO - Filling up the DagBag from /usr/local/python/3.10.13/lib/python3.10/site-packages/airflow/example_dags/example_nested_branch_dag.py
[2024-06-24T17:22:07.033+0000] {processor.py:836} INFO - DAG(s) dict_keys(['example_nested_branch_dag']) retrieved from /usr/local/python/3.10.13/lib/python3.10/site-packages/airflow/example_dags/example_nested_branch_dag.py
[2024-06-24T17:22:07.047+0000] {logging_mixin.py:150} INFO - [2024-06-24T17:22:07.047+0000] {dag.py:2742} INFO - Sync 1 DAGs
[2024-06-24T17:22:07.064+0000] {logging_mixin.py:150} INFO - [2024-06-24T17:22:07.063+0000] {dag.py:3504} INFO - Setting next_dagrun for example_nested_branch_dag to 2024-06-23T00:00:00+00:00, run_after=2024-06-24T00:00:00+00:00
[2024-06-24T17:22:07.109+0000] {processor.py:179} INFO - Processing /usr/local/python/3.10.13/lib/python3.10/site-packages/airflow/example_dags/example_nested_branch_dag.py took 0.087 seconds
[2024-06-24T17:22:56.146+0000] {processor.py:157} INFO - Started process (PID=16044) to work on /usr/local/python/3.10.13/lib/python3.10/site-packages/airflow/example_dags/example_nested_branch_dag.py
[2024-06-24T17:22:56.147+0000] {processor.py:826} INFO - Processing file /usr/local/python/3.10.13/lib/python3.10/site-packages/airflow/example_dags/example_nested_branch_dag.py for tasks to queue
[2024-06-24T17:22:56.148+0000] {logging_mixin.py:150} INFO - [2024-06-24T17:22:56.148+0000] {dagbag.py:541} INFO - Filling up the DagBag from /usr/local/python/3.10.13/lib/python3.10/site-packages/airflow/example_dags/example_nested_branch_dag.py
[2024-06-24T17:22:56.155+0000] {processor.py:836} INFO - DAG(s) dict_keys(['example_nested_branch_dag']) retrieved from /usr/local/python/3.10.13/lib/python3.10/site-packages/airflow/example_dags/example_nested_branch_dag.py
[2024-06-24T17:22:56.168+0000] {logging_mixin.py:150} INFO - [2024-06-24T17:22:56.168+0000] {dag.py:2742} INFO - Sync 1 DAGs
[2024-06-24T17:22:56.184+0000] {logging_mixin.py:150} INFO - [2024-06-24T17:22:56.184+0000] {dag.py:3504} INFO - Setting next_dagrun for example_nested_branch_dag to 2024-06-23T00:00:00+00:00, run_after=2024-06-24T00:00:00+00:00
[2024-06-24T17:22:56.237+0000] {processor.py:179} INFO - Processing /usr/local/python/3.10.13/lib/python3.10/site-packages/airflow/example_dags/example_nested_branch_dag.py took 0.093 seconds
[2024-06-24T17:23:49.758+0000] {processor.py:157} INFO - Started process (PID=16431) to work on /usr/local/python/3.10.13/lib/python3.10/site-packages/airflow/example_dags/example_nested_branch_dag.py
[2024-06-24T17:23:49.759+0000] {processor.py:826} INFO - Processing file /usr/local/python/3.10.13/lib/python3.10/site-packages/airflow/example_dags/example_nested_branch_dag.py for tasks to queue
[2024-06-24T17:23:49.760+0000] {logging_mixin.py:150} INFO - [2024-06-24T17:23:49.759+0000] {dagbag.py:541} INFO - Filling up the DagBag from /usr/local/python/3.10.13/lib/python3.10/site-packages/airflow/example_dags/example_nested_branch_dag.py
[2024-06-24T17:23:49.767+0000] {processor.py:836} INFO - DAG(s) dict_keys(['example_nested_branch_dag']) retrieved from /usr/local/python/3.10.13/lib/python3.10/site-packages/airflow/example_dags/example_nested_branch_dag.py
[2024-06-24T17:23:49.780+0000] {logging_mixin.py:150} INFO - [2024-06-24T17:23:49.780+0000] {dag.py:2742} INFO - Sync 1 DAGs
[2024-06-24T17:23:49.796+0000] {logging_mixin.py:150} INFO - [2024-06-24T17:23:49.796+0000] {dag.py:3504} INFO - Setting next_dagrun for example_nested_branch_dag to 2024-06-23T00:00:00+00:00, run_after=2024-06-24T00:00:00+00:00
[2024-06-24T17:23:49.833+0000] {processor.py:179} INFO - Processing /usr/local/python/3.10.13/lib/python3.10/site-packages/airflow/example_dags/example_nested_branch_dag.py took 0.077 seconds
[2024-06-24T17:24:42.639+0000] {processor.py:157} INFO - Started process (PID=16797) to work on /usr/local/python/3.10.13/lib/python3.10/site-packages/airflow/example_dags/example_nested_branch_dag.py
[2024-06-24T17:24:42.640+0000] {processor.py:826} INFO - Processing file /usr/local/python/3.10.13/lib/python3.10/site-packages/airflow/example_dags/example_nested_branch_dag.py for tasks to queue
[2024-06-24T17:24:42.641+0000] {logging_mixin.py:150} INFO - [2024-06-24T17:24:42.640+0000] {dagbag.py:541} INFO - Filling up the DagBag from /usr/local/python/3.10.13/lib/python3.10/site-packages/airflow/example_dags/example_nested_branch_dag.py
[2024-06-24T17:24:42.648+0000] {processor.py:836} INFO - DAG(s) dict_keys(['example_nested_branch_dag']) retrieved from /usr/local/python/3.10.13/lib/python3.10/site-packages/airflow/example_dags/example_nested_branch_dag.py
[2024-06-24T17:24:42.661+0000] {logging_mixin.py:150} INFO - [2024-06-24T17:24:42.661+0000] {dag.py:2742} INFO - Sync 1 DAGs
[2024-06-24T17:24:42.678+0000] {logging_mixin.py:150} INFO - [2024-06-24T17:24:42.677+0000] {dag.py:3504} INFO - Setting next_dagrun for example_nested_branch_dag to 2024-06-23T00:00:00+00:00, run_after=2024-06-24T00:00:00+00:00
[2024-06-24T17:24:42.719+0000] {processor.py:179} INFO - Processing /usr/local/python/3.10.13/lib/python3.10/site-packages/airflow/example_dags/example_nested_branch_dag.py took 0.082 seconds
[2024-06-24T17:25:36.887+0000] {processor.py:157} INFO - Started process (PID=17171) to work on /usr/local/python/3.10.13/lib/python3.10/site-packages/airflow/example_dags/example_nested_branch_dag.py
[2024-06-24T17:25:36.888+0000] {processor.py:826} INFO - Processing file /usr/local/python/3.10.13/lib/python3.10/site-packages/airflow/example_dags/example_nested_branch_dag.py for tasks to queue
[2024-06-24T17:25:36.889+0000] {logging_mixin.py:150} INFO - [2024-06-24T17:25:36.888+0000] {dagbag.py:541} INFO - Filling up the DagBag from /usr/local/python/3.10.13/lib/python3.10/site-packages/airflow/example_dags/example_nested_branch_dag.py
[2024-06-24T17:25:36.897+0000] {processor.py:836} INFO - DAG(s) dict_keys(['example_nested_branch_dag']) retrieved from /usr/local/python/3.10.13/lib/python3.10/site-packages/airflow/example_dags/example_nested_branch_dag.py
[2024-06-24T17:25:36.910+0000] {logging_mixin.py:150} INFO - [2024-06-24T17:25:36.910+0000] {dag.py:2742} INFO - Sync 1 DAGs
[2024-06-24T17:25:36.926+0000] {logging_mixin.py:150} INFO - [2024-06-24T17:25:36.926+0000] {dag.py:3504} INFO - Setting next_dagrun for example_nested_branch_dag to 2024-06-23T00:00:00+00:00, run_after=2024-06-24T00:00:00+00:00
[2024-06-24T17:25:36.963+0000] {processor.py:179} INFO - Processing /usr/local/python/3.10.13/lib/python3.10/site-packages/airflow/example_dags/example_nested_branch_dag.py took 0.078 seconds
[2024-06-24T17:26:26.235+0000] {processor.py:157} INFO - Started process (PID=17519) to work on /usr/local/python/3.10.13/lib/python3.10/site-packages/airflow/example_dags/example_nested_branch_dag.py
[2024-06-24T17:26:26.235+0000] {processor.py:826} INFO - Processing file /usr/local/python/3.10.13/lib/python3.10/site-packages/airflow/example_dags/example_nested_branch_dag.py for tasks to queue
[2024-06-24T17:26:26.236+0000] {logging_mixin.py:150} INFO - [2024-06-24T17:26:26.236+0000] {dagbag.py:541} INFO - Filling up the DagBag from /usr/local/python/3.10.13/lib/python3.10/site-packages/airflow/example_dags/example_nested_branch_dag.py
[2024-06-24T17:26:26.243+0000] {processor.py:836} INFO - DAG(s) dict_keys(['example_nested_branch_dag']) retrieved from /usr/local/python/3.10.13/lib/python3.10/site-packages/airflow/example_dags/example_nested_branch_dag.py
[2024-06-24T17:26:26.256+0000] {logging_mixin.py:150} INFO - [2024-06-24T17:26:26.256+0000] {dag.py:2742} INFO - Sync 1 DAGs
[2024-06-24T17:26:26.272+0000] {logging_mixin.py:150} INFO - [2024-06-24T17:26:26.272+0000] {dag.py:3504} INFO - Setting next_dagrun for example_nested_branch_dag to 2024-06-23T00:00:00+00:00, run_after=2024-06-24T00:00:00+00:00
[2024-06-24T17:26:26.310+0000] {processor.py:179} INFO - Processing /usr/local/python/3.10.13/lib/python3.10/site-packages/airflow/example_dags/example_nested_branch_dag.py took 0.077 seconds
[2024-06-24T17:27:13.901+0000] {processor.py:157} INFO - Started process (PID=17859) to work on /usr/local/python/3.10.13/lib/python3.10/site-packages/airflow/example_dags/example_nested_branch_dag.py
[2024-06-24T17:27:13.902+0000] {processor.py:826} INFO - Processing file /usr/local/python/3.10.13/lib/python3.10/site-packages/airflow/example_dags/example_nested_branch_dag.py for tasks to queue
[2024-06-24T17:27:13.902+0000] {logging_mixin.py:150} INFO - [2024-06-24T17:27:13.902+0000] {dagbag.py:541} INFO - Filling up the DagBag from /usr/local/python/3.10.13/lib/python3.10/site-packages/airflow/example_dags/example_nested_branch_dag.py
[2024-06-24T17:27:13.910+0000] {processor.py:836} INFO - DAG(s) dict_keys(['example_nested_branch_dag']) retrieved from /usr/local/python/3.10.13/lib/python3.10/site-packages/airflow/example_dags/example_nested_branch_dag.py
[2024-06-24T17:27:13.924+0000] {logging_mixin.py:150} INFO - [2024-06-24T17:27:13.923+0000] {dag.py:2742} INFO - Sync 1 DAGs
[2024-06-24T17:27:13.940+0000] {logging_mixin.py:150} INFO - [2024-06-24T17:27:13.940+0000] {dag.py:3504} INFO - Setting next_dagrun for example_nested_branch_dag to 2024-06-23T00:00:00+00:00, run_after=2024-06-24T00:00:00+00:00
[2024-06-24T17:27:13.982+0000] {processor.py:179} INFO - Processing /usr/local/python/3.10.13/lib/python3.10/site-packages/airflow/example_dags/example_nested_branch_dag.py took 0.083 seconds
[2024-06-24T17:28:08.096+0000] {processor.py:157} INFO - Started process (PID=18232) to work on /usr/local/python/3.10.13/lib/python3.10/site-packages/airflow/example_dags/example_nested_branch_dag.py
[2024-06-24T17:28:08.096+0000] {processor.py:826} INFO - Processing file /usr/local/python/3.10.13/lib/python3.10/site-packages/airflow/example_dags/example_nested_branch_dag.py for tasks to queue
[2024-06-24T17:28:08.097+0000] {logging_mixin.py:150} INFO - [2024-06-24T17:28:08.097+0000] {dagbag.py:541} INFO - Filling up the DagBag from /usr/local/python/3.10.13/lib/python3.10/site-packages/airflow/example_dags/example_nested_branch_dag.py
[2024-06-24T17:28:08.105+0000] {processor.py:836} INFO - DAG(s) dict_keys(['example_nested_branch_dag']) retrieved from /usr/local/python/3.10.13/lib/python3.10/site-packages/airflow/example_dags/example_nested_branch_dag.py
[2024-06-24T17:28:08.119+0000] {logging_mixin.py:150} INFO - [2024-06-24T17:28:08.119+0000] {dag.py:2742} INFO - Sync 1 DAGs
[2024-06-24T17:28:08.135+0000] {logging_mixin.py:150} INFO - [2024-06-24T17:28:08.135+0000] {dag.py:3504} INFO - Setting next_dagrun for example_nested_branch_dag to 2024-06-23T00:00:00+00:00, run_after=2024-06-24T00:00:00+00:00
[2024-06-24T17:28:08.177+0000] {processor.py:179} INFO - Processing /usr/local/python/3.10.13/lib/python3.10/site-packages/airflow/example_dags/example_nested_branch_dag.py took 0.083 seconds
[2024-06-24T17:29:02.395+0000] {processor.py:157} INFO - Started process (PID=18596) to work on /usr/local/python/3.10.13/lib/python3.10/site-packages/airflow/example_dags/example_nested_branch_dag.py
[2024-06-24T17:29:02.396+0000] {processor.py:826} INFO - Processing file /usr/local/python/3.10.13/lib/python3.10/site-packages/airflow/example_dags/example_nested_branch_dag.py for tasks to queue
[2024-06-24T17:29:02.396+0000] {logging_mixin.py:150} INFO - [2024-06-24T17:29:02.396+0000] {dagbag.py:541} INFO - Filling up the DagBag from /usr/local/python/3.10.13/lib/python3.10/site-packages/airflow/example_dags/example_nested_branch_dag.py
[2024-06-24T17:29:02.404+0000] {processor.py:836} INFO - DAG(s) dict_keys(['example_nested_branch_dag']) retrieved from /usr/local/python/3.10.13/lib/python3.10/site-packages/airflow/example_dags/example_nested_branch_dag.py
[2024-06-24T17:29:02.418+0000] {logging_mixin.py:150} INFO - [2024-06-24T17:29:02.418+0000] {dag.py:2742} INFO - Sync 1 DAGs
[2024-06-24T17:29:02.435+0000] {logging_mixin.py:150} INFO - [2024-06-24T17:29:02.435+0000] {dag.py:3504} INFO - Setting next_dagrun for example_nested_branch_dag to 2024-06-23T00:00:00+00:00, run_after=2024-06-24T00:00:00+00:00
[2024-06-24T17:29:02.472+0000] {processor.py:179} INFO - Processing /usr/local/python/3.10.13/lib/python3.10/site-packages/airflow/example_dags/example_nested_branch_dag.py took 0.079 seconds
[2024-06-24T17:29:54.844+0000] {processor.py:157} INFO - Started process (PID=18974) to work on /usr/local/python/3.10.13/lib/python3.10/site-packages/airflow/example_dags/example_nested_branch_dag.py
[2024-06-24T17:29:54.845+0000] {processor.py:826} INFO - Processing file /usr/local/python/3.10.13/lib/python3.10/site-packages/airflow/example_dags/example_nested_branch_dag.py for tasks to queue
[2024-06-24T17:29:54.846+0000] {logging_mixin.py:150} INFO - [2024-06-24T17:29:54.846+0000] {dagbag.py:541} INFO - Filling up the DagBag from /usr/local/python/3.10.13/lib/python3.10/site-packages/airflow/example_dags/example_nested_branch_dag.py
[2024-06-24T17:29:54.855+0000] {processor.py:836} INFO - DAG(s) dict_keys(['example_nested_branch_dag']) retrieved from /usr/local/python/3.10.13/lib/python3.10/site-packages/airflow/example_dags/example_nested_branch_dag.py
[2024-06-24T17:29:54.871+0000] {logging_mixin.py:150} INFO - [2024-06-24T17:29:54.870+0000] {dag.py:2742} INFO - Sync 1 DAGs
[2024-06-24T17:29:54.887+0000] {logging_mixin.py:150} INFO - [2024-06-24T17:29:54.886+0000] {dag.py:3504} INFO - Setting next_dagrun for example_nested_branch_dag to 2024-06-23T00:00:00+00:00, run_after=2024-06-24T00:00:00+00:00
[2024-06-24T17:29:54.932+0000] {processor.py:179} INFO - Processing /usr/local/python/3.10.13/lib/python3.10/site-packages/airflow/example_dags/example_nested_branch_dag.py took 0.092 seconds
[2024-06-24T17:30:48.383+0000] {processor.py:157} INFO - Started process (PID=19338) to work on /usr/local/python/3.10.13/lib/python3.10/site-packages/airflow/example_dags/example_nested_branch_dag.py
[2024-06-24T17:30:48.384+0000] {processor.py:826} INFO - Processing file /usr/local/python/3.10.13/lib/python3.10/site-packages/airflow/example_dags/example_nested_branch_dag.py for tasks to queue
[2024-06-24T17:30:48.385+0000] {logging_mixin.py:150} INFO - [2024-06-24T17:30:48.385+0000] {dagbag.py:541} INFO - Filling up the DagBag from /usr/local/python/3.10.13/lib/python3.10/site-packages/airflow/example_dags/example_nested_branch_dag.py
[2024-06-24T17:30:48.397+0000] {processor.py:836} INFO - DAG(s) dict_keys(['example_nested_branch_dag']) retrieved from /usr/local/python/3.10.13/lib/python3.10/site-packages/airflow/example_dags/example_nested_branch_dag.py
[2024-06-24T17:30:48.411+0000] {logging_mixin.py:150} INFO - [2024-06-24T17:30:48.411+0000] {dag.py:2742} INFO - Sync 1 DAGs
[2024-06-24T17:30:48.427+0000] {logging_mixin.py:150} INFO - [2024-06-24T17:30:48.427+0000] {dag.py:3504} INFO - Setting next_dagrun for example_nested_branch_dag to 2024-06-23T00:00:00+00:00, run_after=2024-06-24T00:00:00+00:00
[2024-06-24T17:30:48.467+0000] {processor.py:179} INFO - Processing /usr/local/python/3.10.13/lib/python3.10/site-packages/airflow/example_dags/example_nested_branch_dag.py took 0.087 seconds
