[2024-06-24T15:55:17.263+0000] {processor.py:157} INFO - Started process (PID=13859) to work on /usr/local/python/3.10.13/lib/python3.10/site-packages/airflow/example_dags/example_latest_only_with_trigger.py
[2024-06-24T15:55:17.264+0000] {processor.py:826} INFO - Processing file /usr/local/python/3.10.13/lib/python3.10/site-packages/airflow/example_dags/example_latest_only_with_trigger.py for tasks to queue
[2024-06-24T15:55:17.264+0000] {logging_mixin.py:150} INFO - [2024-06-24T15:55:17.264+0000] {dagbag.py:541} INFO - Filling up the DagBag from /usr/local/python/3.10.13/lib/python3.10/site-packages/airflow/example_dags/example_latest_only_with_trigger.py
[2024-06-24T15:55:17.269+0000] {processor.py:836} INFO - DAG(s) dict_keys(['latest_only_with_trigger']) retrieved from /usr/local/python/3.10.13/lib/python3.10/site-packages/airflow/example_dags/example_latest_only_with_trigger.py
[2024-06-24T15:55:17.401+0000] {logging_mixin.py:150} INFO - [2024-06-24T15:55:17.401+0000] {manager.py:504} INFO - Created Permission View: can delete on DAG:latest_only_with_trigger
[2024-06-24T15:55:17.436+0000] {logging_mixin.py:150} INFO - [2024-06-24T15:55:17.436+0000] {manager.py:504} INFO - Created Permission View: can read on DAG:latest_only_with_trigger
[2024-06-24T15:55:17.476+0000] {logging_mixin.py:150} INFO - [2024-06-24T15:55:17.475+0000] {manager.py:504} INFO - Created Permission View: can edit on DAG:latest_only_with_trigger
[2024-06-24T15:55:17.486+0000] {logging_mixin.py:150} INFO - [2024-06-24T15:55:17.486+0000] {dag.py:2742} INFO - Sync 1 DAGs
[2024-06-24T15:55:17.494+0000] {logging_mixin.py:150} INFO - [2024-06-24T15:55:17.494+0000] {dag.py:2763} INFO - Creating ORM DAG for latest_only_with_trigger
[2024-06-24T15:55:17.502+0000] {logging_mixin.py:150} INFO - [2024-06-24T15:55:17.502+0000] {dag.py:3504} INFO - Setting next_dagrun for latest_only_with_trigger to 2024-06-24T11:55:17.502239+00:00, run_after=2024-06-24T15:55:17.502239+00:00
[2024-06-24T15:55:17.554+0000] {processor.py:179} INFO - Processing /usr/local/python/3.10.13/lib/python3.10/site-packages/airflow/example_dags/example_latest_only_with_trigger.py took 0.293 seconds
[2024-06-24T15:56:05.878+0000] {processor.py:157} INFO - Started process (PID=14185) to work on /usr/local/python/3.10.13/lib/python3.10/site-packages/airflow/example_dags/example_latest_only_with_trigger.py
[2024-06-24T15:56:05.878+0000] {processor.py:826} INFO - Processing file /usr/local/python/3.10.13/lib/python3.10/site-packages/airflow/example_dags/example_latest_only_with_trigger.py for tasks to queue
[2024-06-24T15:56:05.879+0000] {logging_mixin.py:150} INFO - [2024-06-24T15:56:05.879+0000] {dagbag.py:541} INFO - Filling up the DagBag from /usr/local/python/3.10.13/lib/python3.10/site-packages/airflow/example_dags/example_latest_only_with_trigger.py
[2024-06-24T15:56:05.884+0000] {processor.py:836} INFO - DAG(s) dict_keys(['latest_only_with_trigger']) retrieved from /usr/local/python/3.10.13/lib/python3.10/site-packages/airflow/example_dags/example_latest_only_with_trigger.py
[2024-06-24T15:56:05.896+0000] {logging_mixin.py:150} INFO - [2024-06-24T15:56:05.896+0000] {dag.py:2742} INFO - Sync 1 DAGs
[2024-06-24T15:56:05.911+0000] {logging_mixin.py:150} INFO - [2024-06-24T15:56:05.911+0000] {dag.py:3504} INFO - Setting next_dagrun for latest_only_with_trigger to 2024-06-24T11:56:05.910979+00:00, run_after=2024-06-24T15:56:05.910979+00:00
[2024-06-24T15:56:05.950+0000] {processor.py:179} INFO - Processing /usr/local/python/3.10.13/lib/python3.10/site-packages/airflow/example_dags/example_latest_only_with_trigger.py took 0.075 seconds
[2024-06-24T16:02:03.377+0000] {processor.py:157} INFO - Started process (PID=16805) to work on /usr/local/python/3.10.13/lib/python3.10/site-packages/airflow/example_dags/example_latest_only_with_trigger.py
[2024-06-24T16:02:03.378+0000] {processor.py:826} INFO - Processing file /usr/local/python/3.10.13/lib/python3.10/site-packages/airflow/example_dags/example_latest_only_with_trigger.py for tasks to queue
[2024-06-24T16:02:03.378+0000] {logging_mixin.py:150} INFO - [2024-06-24T16:02:03.378+0000] {dagbag.py:541} INFO - Filling up the DagBag from /usr/local/python/3.10.13/lib/python3.10/site-packages/airflow/example_dags/example_latest_only_with_trigger.py
[2024-06-24T16:02:03.383+0000] {processor.py:836} INFO - DAG(s) dict_keys(['latest_only_with_trigger']) retrieved from /usr/local/python/3.10.13/lib/python3.10/site-packages/airflow/example_dags/example_latest_only_with_trigger.py
[2024-06-24T16:02:03.395+0000] {logging_mixin.py:150} INFO - [2024-06-24T16:02:03.395+0000] {dag.py:2742} INFO - Sync 1 DAGs
[2024-06-24T16:02:03.410+0000] {logging_mixin.py:150} INFO - [2024-06-24T16:02:03.410+0000] {dag.py:3504} INFO - Setting next_dagrun for latest_only_with_trigger to 2024-06-24T12:02:03.410245+00:00, run_after=2024-06-24T16:02:03.410245+00:00
[2024-06-24T16:02:03.455+0000] {processor.py:179} INFO - Processing /usr/local/python/3.10.13/lib/python3.10/site-packages/airflow/example_dags/example_latest_only_with_trigger.py took 0.080 seconds
[2024-06-24T16:02:50.217+0000] {processor.py:157} INFO - Started process (PID=17155) to work on /usr/local/python/3.10.13/lib/python3.10/site-packages/airflow/example_dags/example_latest_only_with_trigger.py
[2024-06-24T16:02:50.218+0000] {processor.py:826} INFO - Processing file /usr/local/python/3.10.13/lib/python3.10/site-packages/airflow/example_dags/example_latest_only_with_trigger.py for tasks to queue
[2024-06-24T16:02:50.219+0000] {logging_mixin.py:150} INFO - [2024-06-24T16:02:50.219+0000] {dagbag.py:541} INFO - Filling up the DagBag from /usr/local/python/3.10.13/lib/python3.10/site-packages/airflow/example_dags/example_latest_only_with_trigger.py
[2024-06-24T16:02:50.226+0000] {processor.py:836} INFO - DAG(s) dict_keys(['latest_only_with_trigger']) retrieved from /usr/local/python/3.10.13/lib/python3.10/site-packages/airflow/example_dags/example_latest_only_with_trigger.py
[2024-06-24T16:02:50.240+0000] {logging_mixin.py:150} INFO - [2024-06-24T16:02:50.240+0000] {dag.py:2742} INFO - Sync 1 DAGs
[2024-06-24T16:02:50.259+0000] {logging_mixin.py:150} INFO - [2024-06-24T16:02:50.259+0000] {dag.py:3504} INFO - Setting next_dagrun for latest_only_with_trigger to 2024-06-24T12:02:50.259067+00:00, run_after=2024-06-24T16:02:50.259067+00:00
[2024-06-24T16:02:50.305+0000] {processor.py:179} INFO - Processing /usr/local/python/3.10.13/lib/python3.10/site-packages/airflow/example_dags/example_latest_only_with_trigger.py took 0.091 seconds
[2024-06-24T16:03:39.590+0000] {processor.py:157} INFO - Started process (PID=17550) to work on /usr/local/python/3.10.13/lib/python3.10/site-packages/airflow/example_dags/example_latest_only_with_trigger.py
[2024-06-24T16:03:39.591+0000] {processor.py:826} INFO - Processing file /usr/local/python/3.10.13/lib/python3.10/site-packages/airflow/example_dags/example_latest_only_with_trigger.py for tasks to queue
[2024-06-24T16:03:39.592+0000] {logging_mixin.py:150} INFO - [2024-06-24T16:03:39.591+0000] {dagbag.py:541} INFO - Filling up the DagBag from /usr/local/python/3.10.13/lib/python3.10/site-packages/airflow/example_dags/example_latest_only_with_trigger.py
[2024-06-24T16:03:39.596+0000] {processor.py:836} INFO - DAG(s) dict_keys(['latest_only_with_trigger']) retrieved from /usr/local/python/3.10.13/lib/python3.10/site-packages/airflow/example_dags/example_latest_only_with_trigger.py
[2024-06-24T16:03:39.610+0000] {logging_mixin.py:150} INFO - [2024-06-24T16:03:39.609+0000] {dag.py:2742} INFO - Sync 1 DAGs
[2024-06-24T16:03:39.626+0000] {logging_mixin.py:150} INFO - [2024-06-24T16:03:39.625+0000] {dag.py:3504} INFO - Setting next_dagrun for latest_only_with_trigger to 2024-06-24T12:03:39.625680+00:00, run_after=2024-06-24T16:03:39.625680+00:00
[2024-06-24T16:03:39.664+0000] {processor.py:179} INFO - Processing /usr/local/python/3.10.13/lib/python3.10/site-packages/airflow/example_dags/example_latest_only_with_trigger.py took 0.076 seconds
[2024-06-24T16:04:26.249+0000] {processor.py:157} INFO - Started process (PID=17908) to work on /usr/local/python/3.10.13/lib/python3.10/site-packages/airflow/example_dags/example_latest_only_with_trigger.py
[2024-06-24T16:04:26.249+0000] {processor.py:826} INFO - Processing file /usr/local/python/3.10.13/lib/python3.10/site-packages/airflow/example_dags/example_latest_only_with_trigger.py for tasks to queue
[2024-06-24T16:04:26.250+0000] {logging_mixin.py:150} INFO - [2024-06-24T16:04:26.250+0000] {dagbag.py:541} INFO - Filling up the DagBag from /usr/local/python/3.10.13/lib/python3.10/site-packages/airflow/example_dags/example_latest_only_with_trigger.py
[2024-06-24T16:04:26.255+0000] {processor.py:836} INFO - DAG(s) dict_keys(['latest_only_with_trigger']) retrieved from /usr/local/python/3.10.13/lib/python3.10/site-packages/airflow/example_dags/example_latest_only_with_trigger.py
[2024-06-24T16:04:26.267+0000] {logging_mixin.py:150} INFO - [2024-06-24T16:04:26.267+0000] {dag.py:2742} INFO - Sync 1 DAGs
[2024-06-24T16:04:26.283+0000] {logging_mixin.py:150} INFO - [2024-06-24T16:04:26.283+0000] {dag.py:3504} INFO - Setting next_dagrun for latest_only_with_trigger to 2024-06-24T12:04:26.282905+00:00, run_after=2024-06-24T16:04:26.282905+00:00
[2024-06-24T16:04:26.322+0000] {processor.py:179} INFO - Processing /usr/local/python/3.10.13/lib/python3.10/site-packages/airflow/example_dags/example_latest_only_with_trigger.py took 0.075 seconds
[2024-06-24T16:05:15.255+0000] {processor.py:157} INFO - Started process (PID=18271) to work on /usr/local/python/3.10.13/lib/python3.10/site-packages/airflow/example_dags/example_latest_only_with_trigger.py
[2024-06-24T16:05:15.256+0000] {processor.py:826} INFO - Processing file /usr/local/python/3.10.13/lib/python3.10/site-packages/airflow/example_dags/example_latest_only_with_trigger.py for tasks to queue
[2024-06-24T16:05:15.256+0000] {logging_mixin.py:150} INFO - [2024-06-24T16:05:15.256+0000] {dagbag.py:541} INFO - Filling up the DagBag from /usr/local/python/3.10.13/lib/python3.10/site-packages/airflow/example_dags/example_latest_only_with_trigger.py
[2024-06-24T16:05:15.261+0000] {processor.py:836} INFO - DAG(s) dict_keys(['latest_only_with_trigger']) retrieved from /usr/local/python/3.10.13/lib/python3.10/site-packages/airflow/example_dags/example_latest_only_with_trigger.py
[2024-06-24T16:05:15.273+0000] {logging_mixin.py:150} INFO - [2024-06-24T16:05:15.272+0000] {dag.py:2742} INFO - Sync 1 DAGs
[2024-06-24T16:05:15.287+0000] {logging_mixin.py:150} INFO - [2024-06-24T16:05:15.287+0000] {dag.py:3504} INFO - Setting next_dagrun for latest_only_with_trigger to 2024-06-24T12:05:15.287636+00:00, run_after=2024-06-24T16:05:15.287636+00:00
[2024-06-24T16:05:15.329+0000] {processor.py:179} INFO - Processing /usr/local/python/3.10.13/lib/python3.10/site-packages/airflow/example_dags/example_latest_only_with_trigger.py took 0.076 seconds
[2024-06-24T16:05:59.805+0000] {processor.py:157} INFO - Started process (PID=18637) to work on /usr/local/python/3.10.13/lib/python3.10/site-packages/airflow/example_dags/example_latest_only_with_trigger.py
[2024-06-24T16:05:59.805+0000] {processor.py:826} INFO - Processing file /usr/local/python/3.10.13/lib/python3.10/site-packages/airflow/example_dags/example_latest_only_with_trigger.py for tasks to queue
[2024-06-24T16:05:59.806+0000] {logging_mixin.py:150} INFO - [2024-06-24T16:05:59.806+0000] {dagbag.py:541} INFO - Filling up the DagBag from /usr/local/python/3.10.13/lib/python3.10/site-packages/airflow/example_dags/example_latest_only_with_trigger.py
[2024-06-24T16:05:59.811+0000] {processor.py:836} INFO - DAG(s) dict_keys(['latest_only_with_trigger']) retrieved from /usr/local/python/3.10.13/lib/python3.10/site-packages/airflow/example_dags/example_latest_only_with_trigger.py
[2024-06-24T16:05:59.823+0000] {logging_mixin.py:150} INFO - [2024-06-24T16:05:59.823+0000] {dag.py:2742} INFO - Sync 1 DAGs
[2024-06-24T16:05:59.841+0000] {logging_mixin.py:150} INFO - [2024-06-24T16:05:59.841+0000] {dag.py:3504} INFO - Setting next_dagrun for latest_only_with_trigger to 2024-06-24T12:05:59.840862+00:00, run_after=2024-06-24T16:05:59.840862+00:00
[2024-06-24T16:05:59.887+0000] {processor.py:179} INFO - Processing /usr/local/python/3.10.13/lib/python3.10/site-packages/airflow/example_dags/example_latest_only_with_trigger.py took 0.084 seconds
[2024-06-24T16:06:48.711+0000] {processor.py:157} INFO - Started process (PID=19020) to work on /usr/local/python/3.10.13/lib/python3.10/site-packages/airflow/example_dags/example_latest_only_with_trigger.py
[2024-06-24T16:06:48.711+0000] {processor.py:826} INFO - Processing file /usr/local/python/3.10.13/lib/python3.10/site-packages/airflow/example_dags/example_latest_only_with_trigger.py for tasks to queue
[2024-06-24T16:06:48.712+0000] {logging_mixin.py:150} INFO - [2024-06-24T16:06:48.712+0000] {dagbag.py:541} INFO - Filling up the DagBag from /usr/local/python/3.10.13/lib/python3.10/site-packages/airflow/example_dags/example_latest_only_with_trigger.py
[2024-06-24T16:06:48.717+0000] {processor.py:836} INFO - DAG(s) dict_keys(['latest_only_with_trigger']) retrieved from /usr/local/python/3.10.13/lib/python3.10/site-packages/airflow/example_dags/example_latest_only_with_trigger.py
[2024-06-24T16:06:48.731+0000] {logging_mixin.py:150} INFO - [2024-06-24T16:06:48.731+0000] {dag.py:2742} INFO - Sync 1 DAGs
[2024-06-24T16:06:48.751+0000] {logging_mixin.py:150} INFO - [2024-06-24T16:06:48.751+0000] {dag.py:3504} INFO - Setting next_dagrun for latest_only_with_trigger to 2024-06-24T12:06:48.751097+00:00, run_after=2024-06-24T16:06:48.751097+00:00
[2024-06-24T16:06:48.798+0000] {processor.py:179} INFO - Processing /usr/local/python/3.10.13/lib/python3.10/site-packages/airflow/example_dags/example_latest_only_with_trigger.py took 0.090 seconds
[2024-06-24T16:07:35.509+0000] {processor.py:157} INFO - Started process (PID=19366) to work on /usr/local/python/3.10.13/lib/python3.10/site-packages/airflow/example_dags/example_latest_only_with_trigger.py
[2024-06-24T16:07:35.510+0000] {processor.py:826} INFO - Processing file /usr/local/python/3.10.13/lib/python3.10/site-packages/airflow/example_dags/example_latest_only_with_trigger.py for tasks to queue
[2024-06-24T16:07:35.511+0000] {logging_mixin.py:150} INFO - [2024-06-24T16:07:35.510+0000] {dagbag.py:541} INFO - Filling up the DagBag from /usr/local/python/3.10.13/lib/python3.10/site-packages/airflow/example_dags/example_latest_only_with_trigger.py
[2024-06-24T16:07:35.515+0000] {processor.py:836} INFO - DAG(s) dict_keys(['latest_only_with_trigger']) retrieved from /usr/local/python/3.10.13/lib/python3.10/site-packages/airflow/example_dags/example_latest_only_with_trigger.py
[2024-06-24T16:07:35.528+0000] {logging_mixin.py:150} INFO - [2024-06-24T16:07:35.528+0000] {dag.py:2742} INFO - Sync 1 DAGs
[2024-06-24T16:07:35.543+0000] {logging_mixin.py:150} INFO - [2024-06-24T16:07:35.543+0000] {dag.py:3504} INFO - Setting next_dagrun for latest_only_with_trigger to 2024-06-24T12:07:35.543213+00:00, run_after=2024-06-24T16:07:35.543213+00:00
[2024-06-24T16:07:35.580+0000] {processor.py:179} INFO - Processing /usr/local/python/3.10.13/lib/python3.10/site-packages/airflow/example_dags/example_latest_only_with_trigger.py took 0.073 seconds
[2024-06-24T16:08:23.580+0000] {processor.py:157} INFO - Started process (PID=19749) to work on /usr/local/python/3.10.13/lib/python3.10/site-packages/airflow/example_dags/example_latest_only_with_trigger.py
[2024-06-24T16:08:23.580+0000] {processor.py:826} INFO - Processing file /usr/local/python/3.10.13/lib/python3.10/site-packages/airflow/example_dags/example_latest_only_with_trigger.py for tasks to queue
[2024-06-24T16:08:23.581+0000] {logging_mixin.py:150} INFO - [2024-06-24T16:08:23.581+0000] {dagbag.py:541} INFO - Filling up the DagBag from /usr/local/python/3.10.13/lib/python3.10/site-packages/airflow/example_dags/example_latest_only_with_trigger.py
[2024-06-24T16:08:23.587+0000] {processor.py:836} INFO - DAG(s) dict_keys(['latest_only_with_trigger']) retrieved from /usr/local/python/3.10.13/lib/python3.10/site-packages/airflow/example_dags/example_latest_only_with_trigger.py
[2024-06-24T16:08:23.600+0000] {logging_mixin.py:150} INFO - [2024-06-24T16:08:23.600+0000] {dag.py:2742} INFO - Sync 1 DAGs
[2024-06-24T16:08:23.617+0000] {logging_mixin.py:150} INFO - [2024-06-24T16:08:23.617+0000] {dag.py:3504} INFO - Setting next_dagrun for latest_only_with_trigger to 2024-06-24T12:08:23.617517+00:00, run_after=2024-06-24T16:08:23.617517+00:00
[2024-06-24T16:08:23.661+0000] {processor.py:179} INFO - Processing /usr/local/python/3.10.13/lib/python3.10/site-packages/airflow/example_dags/example_latest_only_with_trigger.py took 0.084 seconds
[2024-06-24T16:09:12.199+0000] {processor.py:157} INFO - Started process (PID=20104) to work on /usr/local/python/3.10.13/lib/python3.10/site-packages/airflow/example_dags/example_latest_only_with_trigger.py
[2024-06-24T16:09:12.199+0000] {processor.py:826} INFO - Processing file /usr/local/python/3.10.13/lib/python3.10/site-packages/airflow/example_dags/example_latest_only_with_trigger.py for tasks to queue
[2024-06-24T16:09:12.200+0000] {logging_mixin.py:150} INFO - [2024-06-24T16:09:12.200+0000] {dagbag.py:541} INFO - Filling up the DagBag from /usr/local/python/3.10.13/lib/python3.10/site-packages/airflow/example_dags/example_latest_only_with_trigger.py
[2024-06-24T16:09:12.205+0000] {processor.py:836} INFO - DAG(s) dict_keys(['latest_only_with_trigger']) retrieved from /usr/local/python/3.10.13/lib/python3.10/site-packages/airflow/example_dags/example_latest_only_with_trigger.py
[2024-06-24T16:09:12.217+0000] {logging_mixin.py:150} INFO - [2024-06-24T16:09:12.217+0000] {dag.py:2742} INFO - Sync 1 DAGs
[2024-06-24T16:09:12.231+0000] {logging_mixin.py:150} INFO - [2024-06-24T16:09:12.231+0000] {dag.py:3504} INFO - Setting next_dagrun for latest_only_with_trigger to 2024-06-24T12:09:12.231694+00:00, run_after=2024-06-24T16:09:12.231694+00:00
[2024-06-24T16:09:12.271+0000] {processor.py:179} INFO - Processing /usr/local/python/3.10.13/lib/python3.10/site-packages/airflow/example_dags/example_latest_only_with_trigger.py took 0.075 seconds
[2024-06-24T16:09:58.738+0000] {processor.py:157} INFO - Started process (PID=20425) to work on /usr/local/python/3.10.13/lib/python3.10/site-packages/airflow/example_dags/example_latest_only_with_trigger.py
[2024-06-24T16:09:58.738+0000] {processor.py:826} INFO - Processing file /usr/local/python/3.10.13/lib/python3.10/site-packages/airflow/example_dags/example_latest_only_with_trigger.py for tasks to queue
[2024-06-24T16:09:58.739+0000] {logging_mixin.py:150} INFO - [2024-06-24T16:09:58.739+0000] {dagbag.py:541} INFO - Filling up the DagBag from /usr/local/python/3.10.13/lib/python3.10/site-packages/airflow/example_dags/example_latest_only_with_trigger.py
[2024-06-24T16:09:58.744+0000] {processor.py:836} INFO - DAG(s) dict_keys(['latest_only_with_trigger']) retrieved from /usr/local/python/3.10.13/lib/python3.10/site-packages/airflow/example_dags/example_latest_only_with_trigger.py
[2024-06-24T16:09:58.756+0000] {logging_mixin.py:150} INFO - [2024-06-24T16:09:58.756+0000] {dag.py:2742} INFO - Sync 1 DAGs
[2024-06-24T16:09:58.771+0000] {logging_mixin.py:150} INFO - [2024-06-24T16:09:58.771+0000] {dag.py:3504} INFO - Setting next_dagrun for latest_only_with_trigger to 2024-06-24T12:09:58.771593+00:00, run_after=2024-06-24T16:09:58.771593+00:00
[2024-06-24T16:09:58.811+0000] {processor.py:179} INFO - Processing /usr/local/python/3.10.13/lib/python3.10/site-packages/airflow/example_dags/example_latest_only_with_trigger.py took 0.076 seconds
[2024-06-24T16:10:46.772+0000] {processor.py:157} INFO - Started process (PID=20766) to work on /usr/local/python/3.10.13/lib/python3.10/site-packages/airflow/example_dags/example_latest_only_with_trigger.py
[2024-06-24T16:10:46.772+0000] {processor.py:826} INFO - Processing file /usr/local/python/3.10.13/lib/python3.10/site-packages/airflow/example_dags/example_latest_only_with_trigger.py for tasks to queue
[2024-06-24T16:10:46.773+0000] {logging_mixin.py:150} INFO - [2024-06-24T16:10:46.773+0000] {dagbag.py:541} INFO - Filling up the DagBag from /usr/local/python/3.10.13/lib/python3.10/site-packages/airflow/example_dags/example_latest_only_with_trigger.py
[2024-06-24T16:10:46.779+0000] {processor.py:836} INFO - DAG(s) dict_keys(['latest_only_with_trigger']) retrieved from /usr/local/python/3.10.13/lib/python3.10/site-packages/airflow/example_dags/example_latest_only_with_trigger.py
[2024-06-24T16:10:46.791+0000] {logging_mixin.py:150} INFO - [2024-06-24T16:10:46.791+0000] {dag.py:2742} INFO - Sync 1 DAGs
[2024-06-24T16:10:46.807+0000] {logging_mixin.py:150} INFO - [2024-06-24T16:10:46.807+0000] {dag.py:3504} INFO - Setting next_dagrun for latest_only_with_trigger to 2024-06-24T12:10:46.807343+00:00, run_after=2024-06-24T16:10:46.807343+00:00
[2024-06-24T16:10:46.849+0000] {processor.py:179} INFO - Processing /usr/local/python/3.10.13/lib/python3.10/site-packages/airflow/example_dags/example_latest_only_with_trigger.py took 0.079 seconds
[2024-06-24T16:11:33.976+0000] {processor.py:157} INFO - Started process (PID=21096) to work on /usr/local/python/3.10.13/lib/python3.10/site-packages/airflow/example_dags/example_latest_only_with_trigger.py
[2024-06-24T16:11:33.976+0000] {processor.py:826} INFO - Processing file /usr/local/python/3.10.13/lib/python3.10/site-packages/airflow/example_dags/example_latest_only_with_trigger.py for tasks to queue
[2024-06-24T16:11:33.977+0000] {logging_mixin.py:150} INFO - [2024-06-24T16:11:33.977+0000] {dagbag.py:541} INFO - Filling up the DagBag from /usr/local/python/3.10.13/lib/python3.10/site-packages/airflow/example_dags/example_latest_only_with_trigger.py
[2024-06-24T16:11:33.982+0000] {processor.py:836} INFO - DAG(s) dict_keys(['latest_only_with_trigger']) retrieved from /usr/local/python/3.10.13/lib/python3.10/site-packages/airflow/example_dags/example_latest_only_with_trigger.py
[2024-06-24T16:11:33.997+0000] {logging_mixin.py:150} INFO - [2024-06-24T16:11:33.996+0000] {dag.py:2742} INFO - Sync 1 DAGs
[2024-06-24T16:11:34.016+0000] {logging_mixin.py:150} INFO - [2024-06-24T16:11:34.016+0000] {dag.py:3504} INFO - Setting next_dagrun for latest_only_with_trigger to 2024-06-24T12:11:34.015994+00:00, run_after=2024-06-24T16:11:34.015994+00:00
[2024-06-24T16:11:34.056+0000] {processor.py:179} INFO - Processing /usr/local/python/3.10.13/lib/python3.10/site-packages/airflow/example_dags/example_latest_only_with_trigger.py took 0.083 seconds
[2024-06-24T16:12:23.518+0000] {processor.py:157} INFO - Started process (PID=21437) to work on /usr/local/python/3.10.13/lib/python3.10/site-packages/airflow/example_dags/example_latest_only_with_trigger.py
[2024-06-24T16:12:23.518+0000] {processor.py:826} INFO - Processing file /usr/local/python/3.10.13/lib/python3.10/site-packages/airflow/example_dags/example_latest_only_with_trigger.py for tasks to queue
[2024-06-24T16:12:23.519+0000] {logging_mixin.py:150} INFO - [2024-06-24T16:12:23.519+0000] {dagbag.py:541} INFO - Filling up the DagBag from /usr/local/python/3.10.13/lib/python3.10/site-packages/airflow/example_dags/example_latest_only_with_trigger.py
[2024-06-24T16:12:23.524+0000] {processor.py:836} INFO - DAG(s) dict_keys(['latest_only_with_trigger']) retrieved from /usr/local/python/3.10.13/lib/python3.10/site-packages/airflow/example_dags/example_latest_only_with_trigger.py
[2024-06-24T16:12:23.536+0000] {logging_mixin.py:150} INFO - [2024-06-24T16:12:23.536+0000] {dag.py:2742} INFO - Sync 1 DAGs
[2024-06-24T16:12:23.552+0000] {logging_mixin.py:150} INFO - [2024-06-24T16:12:23.552+0000] {dag.py:3504} INFO - Setting next_dagrun for latest_only_with_trigger to 2024-06-24T12:12:23.552540+00:00, run_after=2024-06-24T16:12:23.552540+00:00
[2024-06-24T16:12:23.610+0000] {processor.py:179} INFO - Processing /usr/local/python/3.10.13/lib/python3.10/site-packages/airflow/example_dags/example_latest_only_with_trigger.py took 0.095 seconds
[2024-06-24T16:13:11.832+0000] {processor.py:157} INFO - Started process (PID=21761) to work on /usr/local/python/3.10.13/lib/python3.10/site-packages/airflow/example_dags/example_latest_only_with_trigger.py
[2024-06-24T16:13:11.833+0000] {processor.py:826} INFO - Processing file /usr/local/python/3.10.13/lib/python3.10/site-packages/airflow/example_dags/example_latest_only_with_trigger.py for tasks to queue
[2024-06-24T16:13:11.834+0000] {logging_mixin.py:150} INFO - [2024-06-24T16:13:11.833+0000] {dagbag.py:541} INFO - Filling up the DagBag from /usr/local/python/3.10.13/lib/python3.10/site-packages/airflow/example_dags/example_latest_only_with_trigger.py
[2024-06-24T16:13:11.838+0000] {processor.py:836} INFO - DAG(s) dict_keys(['latest_only_with_trigger']) retrieved from /usr/local/python/3.10.13/lib/python3.10/site-packages/airflow/example_dags/example_latest_only_with_trigger.py
[2024-06-24T16:13:11.850+0000] {logging_mixin.py:150} INFO - [2024-06-24T16:13:11.850+0000] {dag.py:2742} INFO - Sync 1 DAGs
[2024-06-24T16:13:11.866+0000] {logging_mixin.py:150} INFO - [2024-06-24T16:13:11.865+0000] {dag.py:3504} INFO - Setting next_dagrun for latest_only_with_trigger to 2024-06-24T12:13:11.865630+00:00, run_after=2024-06-24T16:13:11.865630+00:00
[2024-06-24T16:13:11.911+0000] {processor.py:179} INFO - Processing /usr/local/python/3.10.13/lib/python3.10/site-packages/airflow/example_dags/example_latest_only_with_trigger.py took 0.081 seconds
[2024-06-24T16:13:59.471+0000] {processor.py:157} INFO - Started process (PID=22095) to work on /usr/local/python/3.10.13/lib/python3.10/site-packages/airflow/example_dags/example_latest_only_with_trigger.py
[2024-06-24T16:13:59.471+0000] {processor.py:826} INFO - Processing file /usr/local/python/3.10.13/lib/python3.10/site-packages/airflow/example_dags/example_latest_only_with_trigger.py for tasks to queue
[2024-06-24T16:13:59.472+0000] {logging_mixin.py:150} INFO - [2024-06-24T16:13:59.472+0000] {dagbag.py:541} INFO - Filling up the DagBag from /usr/local/python/3.10.13/lib/python3.10/site-packages/airflow/example_dags/example_latest_only_with_trigger.py
[2024-06-24T16:13:59.477+0000] {processor.py:836} INFO - DAG(s) dict_keys(['latest_only_with_trigger']) retrieved from /usr/local/python/3.10.13/lib/python3.10/site-packages/airflow/example_dags/example_latest_only_with_trigger.py
[2024-06-24T16:13:59.488+0000] {logging_mixin.py:150} INFO - [2024-06-24T16:13:59.488+0000] {dag.py:2742} INFO - Sync 1 DAGs
[2024-06-24T16:13:59.503+0000] {logging_mixin.py:150} INFO - [2024-06-24T16:13:59.503+0000] {dag.py:3504} INFO - Setting next_dagrun for latest_only_with_trigger to 2024-06-24T12:13:59.503676+00:00, run_after=2024-06-24T16:13:59.503676+00:00
[2024-06-24T16:13:59.545+0000] {processor.py:179} INFO - Processing /usr/local/python/3.10.13/lib/python3.10/site-packages/airflow/example_dags/example_latest_only_with_trigger.py took 0.076 seconds
[2024-06-24T16:14:46.282+0000] {processor.py:157} INFO - Started process (PID=22430) to work on /usr/local/python/3.10.13/lib/python3.10/site-packages/airflow/example_dags/example_latest_only_with_trigger.py
[2024-06-24T16:14:46.282+0000] {processor.py:826} INFO - Processing file /usr/local/python/3.10.13/lib/python3.10/site-packages/airflow/example_dags/example_latest_only_with_trigger.py for tasks to queue
[2024-06-24T16:14:46.283+0000] {logging_mixin.py:150} INFO - [2024-06-24T16:14:46.283+0000] {dagbag.py:541} INFO - Filling up the DagBag from /usr/local/python/3.10.13/lib/python3.10/site-packages/airflow/example_dags/example_latest_only_with_trigger.py
[2024-06-24T16:14:46.288+0000] {processor.py:836} INFO - DAG(s) dict_keys(['latest_only_with_trigger']) retrieved from /usr/local/python/3.10.13/lib/python3.10/site-packages/airflow/example_dags/example_latest_only_with_trigger.py
[2024-06-24T16:14:46.300+0000] {logging_mixin.py:150} INFO - [2024-06-24T16:14:46.299+0000] {dag.py:2742} INFO - Sync 1 DAGs
[2024-06-24T16:14:46.315+0000] {logging_mixin.py:150} INFO - [2024-06-24T16:14:46.314+0000] {dag.py:3504} INFO - Setting next_dagrun for latest_only_with_trigger to 2024-06-24T12:14:46.314753+00:00, run_after=2024-06-24T16:14:46.314753+00:00
[2024-06-24T16:14:46.357+0000] {processor.py:179} INFO - Processing /usr/local/python/3.10.13/lib/python3.10/site-packages/airflow/example_dags/example_latest_only_with_trigger.py took 0.077 seconds
[2024-06-24T16:15:29.419+0000] {processor.py:157} INFO - Started process (PID=22725) to work on /usr/local/python/3.10.13/lib/python3.10/site-packages/airflow/example_dags/example_latest_only_with_trigger.py
[2024-06-24T16:15:29.419+0000] {processor.py:826} INFO - Processing file /usr/local/python/3.10.13/lib/python3.10/site-packages/airflow/example_dags/example_latest_only_with_trigger.py for tasks to queue
[2024-06-24T16:15:29.420+0000] {logging_mixin.py:150} INFO - [2024-06-24T16:15:29.420+0000] {dagbag.py:541} INFO - Filling up the DagBag from /usr/local/python/3.10.13/lib/python3.10/site-packages/airflow/example_dags/example_latest_only_with_trigger.py
[2024-06-24T16:15:29.425+0000] {processor.py:836} INFO - DAG(s) dict_keys(['latest_only_with_trigger']) retrieved from /usr/local/python/3.10.13/lib/python3.10/site-packages/airflow/example_dags/example_latest_only_with_trigger.py
[2024-06-24T16:15:29.437+0000] {logging_mixin.py:150} INFO - [2024-06-24T16:15:29.437+0000] {dag.py:2742} INFO - Sync 1 DAGs
[2024-06-24T16:15:29.452+0000] {logging_mixin.py:150} INFO - [2024-06-24T16:15:29.452+0000] {dag.py:3504} INFO - Setting next_dagrun for latest_only_with_trigger to 2024-06-24T12:15:29.451988+00:00, run_after=2024-06-24T16:15:29.451988+00:00
[2024-06-24T16:15:29.491+0000] {processor.py:179} INFO - Processing /usr/local/python/3.10.13/lib/python3.10/site-packages/airflow/example_dags/example_latest_only_with_trigger.py took 0.074 seconds
[2024-06-24T16:16:14.173+0000] {processor.py:157} INFO - Started process (PID=23026) to work on /usr/local/python/3.10.13/lib/python3.10/site-packages/airflow/example_dags/example_latest_only_with_trigger.py
[2024-06-24T16:16:14.174+0000] {processor.py:826} INFO - Processing file /usr/local/python/3.10.13/lib/python3.10/site-packages/airflow/example_dags/example_latest_only_with_trigger.py for tasks to queue
[2024-06-24T16:16:14.174+0000] {logging_mixin.py:150} INFO - [2024-06-24T16:16:14.174+0000] {dagbag.py:541} INFO - Filling up the DagBag from /usr/local/python/3.10.13/lib/python3.10/site-packages/airflow/example_dags/example_latest_only_with_trigger.py
[2024-06-24T16:16:14.179+0000] {processor.py:836} INFO - DAG(s) dict_keys(['latest_only_with_trigger']) retrieved from /usr/local/python/3.10.13/lib/python3.10/site-packages/airflow/example_dags/example_latest_only_with_trigger.py
[2024-06-24T16:16:14.192+0000] {logging_mixin.py:150} INFO - [2024-06-24T16:16:14.192+0000] {dag.py:2742} INFO - Sync 1 DAGs
[2024-06-24T16:16:14.208+0000] {logging_mixin.py:150} INFO - [2024-06-24T16:16:14.208+0000] {dag.py:3504} INFO - Setting next_dagrun for latest_only_with_trigger to 2024-06-24T12:16:14.208161+00:00, run_after=2024-06-24T16:16:14.208161+00:00
[2024-06-24T16:16:14.250+0000] {processor.py:179} INFO - Processing /usr/local/python/3.10.13/lib/python3.10/site-packages/airflow/example_dags/example_latest_only_with_trigger.py took 0.080 seconds
[2024-06-24T16:16:59.512+0000] {processor.py:157} INFO - Started process (PID=23349) to work on /usr/local/python/3.10.13/lib/python3.10/site-packages/airflow/example_dags/example_latest_only_with_trigger.py
[2024-06-24T16:16:59.513+0000] {processor.py:826} INFO - Processing file /usr/local/python/3.10.13/lib/python3.10/site-packages/airflow/example_dags/example_latest_only_with_trigger.py for tasks to queue
[2024-06-24T16:16:59.514+0000] {logging_mixin.py:150} INFO - [2024-06-24T16:16:59.514+0000] {dagbag.py:541} INFO - Filling up the DagBag from /usr/local/python/3.10.13/lib/python3.10/site-packages/airflow/example_dags/example_latest_only_with_trigger.py
[2024-06-24T16:16:59.520+0000] {processor.py:836} INFO - DAG(s) dict_keys(['latest_only_with_trigger']) retrieved from /usr/local/python/3.10.13/lib/python3.10/site-packages/airflow/example_dags/example_latest_only_with_trigger.py
[2024-06-24T16:16:59.532+0000] {logging_mixin.py:150} INFO - [2024-06-24T16:16:59.532+0000] {dag.py:2742} INFO - Sync 1 DAGs
[2024-06-24T16:16:59.553+0000] {logging_mixin.py:150} INFO - [2024-06-24T16:16:59.552+0000] {dag.py:3504} INFO - Setting next_dagrun for latest_only_with_trigger to 2024-06-24T12:16:59.552799+00:00, run_after=2024-06-24T16:16:59.552799+00:00
[2024-06-24T16:16:59.601+0000] {processor.py:179} INFO - Processing /usr/local/python/3.10.13/lib/python3.10/site-packages/airflow/example_dags/example_latest_only_with_trigger.py took 0.092 seconds
[2024-06-24T16:17:46.039+0000] {processor.py:157} INFO - Started process (PID=23662) to work on /usr/local/python/3.10.13/lib/python3.10/site-packages/airflow/example_dags/example_latest_only_with_trigger.py
[2024-06-24T16:17:46.039+0000] {processor.py:826} INFO - Processing file /usr/local/python/3.10.13/lib/python3.10/site-packages/airflow/example_dags/example_latest_only_with_trigger.py for tasks to queue
[2024-06-24T16:17:46.040+0000] {logging_mixin.py:150} INFO - [2024-06-24T16:17:46.040+0000] {dagbag.py:541} INFO - Filling up the DagBag from /usr/local/python/3.10.13/lib/python3.10/site-packages/airflow/example_dags/example_latest_only_with_trigger.py
[2024-06-24T16:17:46.045+0000] {processor.py:836} INFO - DAG(s) dict_keys(['latest_only_with_trigger']) retrieved from /usr/local/python/3.10.13/lib/python3.10/site-packages/airflow/example_dags/example_latest_only_with_trigger.py
[2024-06-24T16:17:46.057+0000] {logging_mixin.py:150} INFO - [2024-06-24T16:17:46.057+0000] {dag.py:2742} INFO - Sync 1 DAGs
[2024-06-24T16:17:46.082+0000] {logging_mixin.py:150} INFO - [2024-06-24T16:17:46.082+0000] {dag.py:3504} INFO - Setting next_dagrun for latest_only_with_trigger to 2024-06-24T12:17:46.082069+00:00, run_after=2024-06-24T16:17:46.082069+00:00
[2024-06-24T16:17:46.133+0000] {processor.py:179} INFO - Processing /usr/local/python/3.10.13/lib/python3.10/site-packages/airflow/example_dags/example_latest_only_with_trigger.py took 0.096 seconds
[2024-06-24T16:18:32.129+0000] {processor.py:157} INFO - Started process (PID=23997) to work on /usr/local/python/3.10.13/lib/python3.10/site-packages/airflow/example_dags/example_latest_only_with_trigger.py
[2024-06-24T16:18:32.130+0000] {processor.py:826} INFO - Processing file /usr/local/python/3.10.13/lib/python3.10/site-packages/airflow/example_dags/example_latest_only_with_trigger.py for tasks to queue
[2024-06-24T16:18:32.131+0000] {logging_mixin.py:150} INFO - [2024-06-24T16:18:32.130+0000] {dagbag.py:541} INFO - Filling up the DagBag from /usr/local/python/3.10.13/lib/python3.10/site-packages/airflow/example_dags/example_latest_only_with_trigger.py
[2024-06-24T16:18:32.135+0000] {processor.py:836} INFO - DAG(s) dict_keys(['latest_only_with_trigger']) retrieved from /usr/local/python/3.10.13/lib/python3.10/site-packages/airflow/example_dags/example_latest_only_with_trigger.py
[2024-06-24T16:18:32.148+0000] {logging_mixin.py:150} INFO - [2024-06-24T16:18:32.148+0000] {dag.py:2742} INFO - Sync 1 DAGs
[2024-06-24T16:18:32.163+0000] {logging_mixin.py:150} INFO - [2024-06-24T16:18:32.163+0000] {dag.py:3504} INFO - Setting next_dagrun for latest_only_with_trigger to 2024-06-24T12:18:32.162960+00:00, run_after=2024-06-24T16:18:32.162960+00:00
[2024-06-24T16:18:32.202+0000] {processor.py:179} INFO - Processing /usr/local/python/3.10.13/lib/python3.10/site-packages/airflow/example_dags/example_latest_only_with_trigger.py took 0.075 seconds
[2024-06-24T16:19:17.398+0000] {processor.py:157} INFO - Started process (PID=24298) to work on /usr/local/python/3.10.13/lib/python3.10/site-packages/airflow/example_dags/example_latest_only_with_trigger.py
[2024-06-24T16:19:17.399+0000] {processor.py:826} INFO - Processing file /usr/local/python/3.10.13/lib/python3.10/site-packages/airflow/example_dags/example_latest_only_with_trigger.py for tasks to queue
[2024-06-24T16:19:17.400+0000] {logging_mixin.py:150} INFO - [2024-06-24T16:19:17.399+0000] {dagbag.py:541} INFO - Filling up the DagBag from /usr/local/python/3.10.13/lib/python3.10/site-packages/airflow/example_dags/example_latest_only_with_trigger.py
[2024-06-24T16:19:17.404+0000] {processor.py:836} INFO - DAG(s) dict_keys(['latest_only_with_trigger']) retrieved from /usr/local/python/3.10.13/lib/python3.10/site-packages/airflow/example_dags/example_latest_only_with_trigger.py
[2024-06-24T16:19:17.417+0000] {logging_mixin.py:150} INFO - [2024-06-24T16:19:17.417+0000] {dag.py:2742} INFO - Sync 1 DAGs
[2024-06-24T16:19:17.433+0000] {logging_mixin.py:150} INFO - [2024-06-24T16:19:17.433+0000] {dag.py:3504} INFO - Setting next_dagrun for latest_only_with_trigger to 2024-06-24T12:19:17.432849+00:00, run_after=2024-06-24T16:19:17.432849+00:00
[2024-06-24T16:19:17.477+0000] {processor.py:179} INFO - Processing /usr/local/python/3.10.13/lib/python3.10/site-packages/airflow/example_dags/example_latest_only_with_trigger.py took 0.080 seconds
[2024-06-24T16:20:05.561+0000] {processor.py:157} INFO - Started process (PID=24638) to work on /usr/local/python/3.10.13/lib/python3.10/site-packages/airflow/example_dags/example_latest_only_with_trigger.py
[2024-06-24T16:20:05.562+0000] {processor.py:826} INFO - Processing file /usr/local/python/3.10.13/lib/python3.10/site-packages/airflow/example_dags/example_latest_only_with_trigger.py for tasks to queue
[2024-06-24T16:20:05.563+0000] {logging_mixin.py:150} INFO - [2024-06-24T16:20:05.563+0000] {dagbag.py:541} INFO - Filling up the DagBag from /usr/local/python/3.10.13/lib/python3.10/site-packages/airflow/example_dags/example_latest_only_with_trigger.py
[2024-06-24T16:20:05.568+0000] {processor.py:836} INFO - DAG(s) dict_keys(['latest_only_with_trigger']) retrieved from /usr/local/python/3.10.13/lib/python3.10/site-packages/airflow/example_dags/example_latest_only_with_trigger.py
[2024-06-24T16:20:05.581+0000] {logging_mixin.py:150} INFO - [2024-06-24T16:20:05.581+0000] {dag.py:2742} INFO - Sync 1 DAGs
[2024-06-24T16:20:05.597+0000] {logging_mixin.py:150} INFO - [2024-06-24T16:20:05.597+0000] {dag.py:3504} INFO - Setting next_dagrun for latest_only_with_trigger to 2024-06-24T12:20:05.597153+00:00, run_after=2024-06-24T16:20:05.597153+00:00
[2024-06-24T16:20:05.639+0000] {processor.py:179} INFO - Processing /usr/local/python/3.10.13/lib/python3.10/site-packages/airflow/example_dags/example_latest_only_with_trigger.py took 0.079 seconds
[2024-06-24T16:20:50.556+0000] {processor.py:157} INFO - Started process (PID=24940) to work on /usr/local/python/3.10.13/lib/python3.10/site-packages/airflow/example_dags/example_latest_only_with_trigger.py
[2024-06-24T16:20:50.556+0000] {processor.py:826} INFO - Processing file /usr/local/python/3.10.13/lib/python3.10/site-packages/airflow/example_dags/example_latest_only_with_trigger.py for tasks to queue
[2024-06-24T16:20:50.557+0000] {logging_mixin.py:150} INFO - [2024-06-24T16:20:50.557+0000] {dagbag.py:541} INFO - Filling up the DagBag from /usr/local/python/3.10.13/lib/python3.10/site-packages/airflow/example_dags/example_latest_only_with_trigger.py
[2024-06-24T16:20:50.562+0000] {processor.py:836} INFO - DAG(s) dict_keys(['latest_only_with_trigger']) retrieved from /usr/local/python/3.10.13/lib/python3.10/site-packages/airflow/example_dags/example_latest_only_with_trigger.py
[2024-06-24T16:20:50.574+0000] {logging_mixin.py:150} INFO - [2024-06-24T16:20:50.574+0000] {dag.py:2742} INFO - Sync 1 DAGs
[2024-06-24T16:20:50.588+0000] {logging_mixin.py:150} INFO - [2024-06-24T16:20:50.588+0000] {dag.py:3504} INFO - Setting next_dagrun for latest_only_with_trigger to 2024-06-24T12:20:50.588660+00:00, run_after=2024-06-24T16:20:50.588660+00:00
[2024-06-24T16:20:50.629+0000] {processor.py:179} INFO - Processing /usr/local/python/3.10.13/lib/python3.10/site-packages/airflow/example_dags/example_latest_only_with_trigger.py took 0.075 seconds
[2024-06-24T16:21:38.540+0000] {processor.py:157} INFO - Started process (PID=25276) to work on /usr/local/python/3.10.13/lib/python3.10/site-packages/airflow/example_dags/example_latest_only_with_trigger.py
[2024-06-24T16:21:38.540+0000] {processor.py:826} INFO - Processing file /usr/local/python/3.10.13/lib/python3.10/site-packages/airflow/example_dags/example_latest_only_with_trigger.py for tasks to queue
[2024-06-24T16:21:38.541+0000] {logging_mixin.py:150} INFO - [2024-06-24T16:21:38.541+0000] {dagbag.py:541} INFO - Filling up the DagBag from /usr/local/python/3.10.13/lib/python3.10/site-packages/airflow/example_dags/example_latest_only_with_trigger.py
[2024-06-24T16:21:38.546+0000] {processor.py:836} INFO - DAG(s) dict_keys(['latest_only_with_trigger']) retrieved from /usr/local/python/3.10.13/lib/python3.10/site-packages/airflow/example_dags/example_latest_only_with_trigger.py
[2024-06-24T16:21:38.558+0000] {logging_mixin.py:150} INFO - [2024-06-24T16:21:38.558+0000] {dag.py:2742} INFO - Sync 1 DAGs
[2024-06-24T16:21:38.572+0000] {logging_mixin.py:150} INFO - [2024-06-24T16:21:38.572+0000] {dag.py:3504} INFO - Setting next_dagrun for latest_only_with_trigger to 2024-06-24T12:21:38.572603+00:00, run_after=2024-06-24T16:21:38.572603+00:00
[2024-06-24T16:21:38.614+0000] {processor.py:179} INFO - Processing /usr/local/python/3.10.13/lib/python3.10/site-packages/airflow/example_dags/example_latest_only_with_trigger.py took 0.076 seconds
[2024-06-24T16:22:28.084+0000] {processor.py:157} INFO - Started process (PID=25622) to work on /usr/local/python/3.10.13/lib/python3.10/site-packages/airflow/example_dags/example_latest_only_with_trigger.py
[2024-06-24T16:22:28.085+0000] {processor.py:826} INFO - Processing file /usr/local/python/3.10.13/lib/python3.10/site-packages/airflow/example_dags/example_latest_only_with_trigger.py for tasks to queue
[2024-06-24T16:22:28.086+0000] {logging_mixin.py:150} INFO - [2024-06-24T16:22:28.085+0000] {dagbag.py:541} INFO - Filling up the DagBag from /usr/local/python/3.10.13/lib/python3.10/site-packages/airflow/example_dags/example_latest_only_with_trigger.py
[2024-06-24T16:22:28.090+0000] {processor.py:836} INFO - DAG(s) dict_keys(['latest_only_with_trigger']) retrieved from /usr/local/python/3.10.13/lib/python3.10/site-packages/airflow/example_dags/example_latest_only_with_trigger.py
[2024-06-24T16:22:28.102+0000] {logging_mixin.py:150} INFO - [2024-06-24T16:22:28.102+0000] {dag.py:2742} INFO - Sync 1 DAGs
[2024-06-24T16:22:28.117+0000] {logging_mixin.py:150} INFO - [2024-06-24T16:22:28.117+0000] {dag.py:3504} INFO - Setting next_dagrun for latest_only_with_trigger to 2024-06-24T12:22:28.117539+00:00, run_after=2024-06-24T16:22:28.117539+00:00
[2024-06-24T16:22:28.158+0000] {processor.py:179} INFO - Processing /usr/local/python/3.10.13/lib/python3.10/site-packages/airflow/example_dags/example_latest_only_with_trigger.py took 0.076 seconds
[2024-06-24T16:23:14.164+0000] {processor.py:157} INFO - Started process (PID=25937) to work on /usr/local/python/3.10.13/lib/python3.10/site-packages/airflow/example_dags/example_latest_only_with_trigger.py
[2024-06-24T16:23:14.164+0000] {processor.py:826} INFO - Processing file /usr/local/python/3.10.13/lib/python3.10/site-packages/airflow/example_dags/example_latest_only_with_trigger.py for tasks to queue
[2024-06-24T16:23:14.165+0000] {logging_mixin.py:150} INFO - [2024-06-24T16:23:14.165+0000] {dagbag.py:541} INFO - Filling up the DagBag from /usr/local/python/3.10.13/lib/python3.10/site-packages/airflow/example_dags/example_latest_only_with_trigger.py
[2024-06-24T16:23:14.169+0000] {processor.py:836} INFO - DAG(s) dict_keys(['latest_only_with_trigger']) retrieved from /usr/local/python/3.10.13/lib/python3.10/site-packages/airflow/example_dags/example_latest_only_with_trigger.py
[2024-06-24T16:23:14.181+0000] {logging_mixin.py:150} INFO - [2024-06-24T16:23:14.181+0000] {dag.py:2742} INFO - Sync 1 DAGs
[2024-06-24T16:23:14.196+0000] {logging_mixin.py:150} INFO - [2024-06-24T16:23:14.196+0000] {dag.py:3504} INFO - Setting next_dagrun for latest_only_with_trigger to 2024-06-24T12:23:14.196064+00:00, run_after=2024-06-24T16:23:14.196064+00:00
[2024-06-24T16:23:14.236+0000] {processor.py:179} INFO - Processing /usr/local/python/3.10.13/lib/python3.10/site-packages/airflow/example_dags/example_latest_only_with_trigger.py took 0.074 seconds
[2024-06-24T16:24:03.699+0000] {processor.py:157} INFO - Started process (PID=26282) to work on /usr/local/python/3.10.13/lib/python3.10/site-packages/airflow/example_dags/example_latest_only_with_trigger.py
[2024-06-24T16:24:03.699+0000] {processor.py:826} INFO - Processing file /usr/local/python/3.10.13/lib/python3.10/site-packages/airflow/example_dags/example_latest_only_with_trigger.py for tasks to queue
[2024-06-24T16:24:03.700+0000] {logging_mixin.py:150} INFO - [2024-06-24T16:24:03.700+0000] {dagbag.py:541} INFO - Filling up the DagBag from /usr/local/python/3.10.13/lib/python3.10/site-packages/airflow/example_dags/example_latest_only_with_trigger.py
[2024-06-24T16:24:03.705+0000] {processor.py:836} INFO - DAG(s) dict_keys(['latest_only_with_trigger']) retrieved from /usr/local/python/3.10.13/lib/python3.10/site-packages/airflow/example_dags/example_latest_only_with_trigger.py
[2024-06-24T16:24:03.717+0000] {logging_mixin.py:150} INFO - [2024-06-24T16:24:03.717+0000] {dag.py:2742} INFO - Sync 1 DAGs
[2024-06-24T16:24:03.732+0000] {logging_mixin.py:150} INFO - [2024-06-24T16:24:03.732+0000] {dag.py:3504} INFO - Setting next_dagrun for latest_only_with_trigger to 2024-06-24T12:24:03.732354+00:00, run_after=2024-06-24T16:24:03.732354+00:00
[2024-06-24T16:24:03.770+0000] {processor.py:179} INFO - Processing /usr/local/python/3.10.13/lib/python3.10/site-packages/airflow/example_dags/example_latest_only_with_trigger.py took 0.074 seconds
[2024-06-24T16:24:50.206+0000] {processor.py:157} INFO - Started process (PID=26611) to work on /usr/local/python/3.10.13/lib/python3.10/site-packages/airflow/example_dags/example_latest_only_with_trigger.py
[2024-06-24T16:24:50.206+0000] {processor.py:826} INFO - Processing file /usr/local/python/3.10.13/lib/python3.10/site-packages/airflow/example_dags/example_latest_only_with_trigger.py for tasks to queue
[2024-06-24T16:24:50.207+0000] {logging_mixin.py:150} INFO - [2024-06-24T16:24:50.207+0000] {dagbag.py:541} INFO - Filling up the DagBag from /usr/local/python/3.10.13/lib/python3.10/site-packages/airflow/example_dags/example_latest_only_with_trigger.py
[2024-06-24T16:24:50.215+0000] {processor.py:836} INFO - DAG(s) dict_keys(['latest_only_with_trigger']) retrieved from /usr/local/python/3.10.13/lib/python3.10/site-packages/airflow/example_dags/example_latest_only_with_trigger.py
[2024-06-24T16:24:50.231+0000] {logging_mixin.py:150} INFO - [2024-06-24T16:24:50.231+0000] {dag.py:2742} INFO - Sync 1 DAGs
[2024-06-24T16:24:50.254+0000] {logging_mixin.py:150} INFO - [2024-06-24T16:24:50.254+0000] {dag.py:3504} INFO - Setting next_dagrun for latest_only_with_trigger to 2024-06-24T12:24:50.253834+00:00, run_after=2024-06-24T16:24:50.253834+00:00
[2024-06-24T16:24:50.299+0000] {processor.py:179} INFO - Processing /usr/local/python/3.10.13/lib/python3.10/site-packages/airflow/example_dags/example_latest_only_with_trigger.py took 0.097 seconds
[2024-06-24T16:25:39.984+0000] {processor.py:157} INFO - Started process (PID=26959) to work on /usr/local/python/3.10.13/lib/python3.10/site-packages/airflow/example_dags/example_latest_only_with_trigger.py
[2024-06-24T16:25:39.985+0000] {processor.py:826} INFO - Processing file /usr/local/python/3.10.13/lib/python3.10/site-packages/airflow/example_dags/example_latest_only_with_trigger.py for tasks to queue
[2024-06-24T16:25:39.986+0000] {logging_mixin.py:150} INFO - [2024-06-24T16:25:39.985+0000] {dagbag.py:541} INFO - Filling up the DagBag from /usr/local/python/3.10.13/lib/python3.10/site-packages/airflow/example_dags/example_latest_only_with_trigger.py
[2024-06-24T16:25:39.991+0000] {processor.py:836} INFO - DAG(s) dict_keys(['latest_only_with_trigger']) retrieved from /usr/local/python/3.10.13/lib/python3.10/site-packages/airflow/example_dags/example_latest_only_with_trigger.py
[2024-06-24T16:25:40.003+0000] {logging_mixin.py:150} INFO - [2024-06-24T16:25:40.003+0000] {dag.py:2742} INFO - Sync 1 DAGs
[2024-06-24T16:25:40.019+0000] {logging_mixin.py:150} INFO - [2024-06-24T16:25:40.018+0000] {dag.py:3504} INFO - Setting next_dagrun for latest_only_with_trigger to 2024-06-24T12:25:40.018737+00:00, run_after=2024-06-24T16:25:40.018737+00:00
[2024-06-24T16:25:40.059+0000] {processor.py:179} INFO - Processing /usr/local/python/3.10.13/lib/python3.10/site-packages/airflow/example_dags/example_latest_only_with_trigger.py took 0.077 seconds
[2024-06-24T16:26:26.535+0000] {processor.py:157} INFO - Started process (PID=27267) to work on /usr/local/python/3.10.13/lib/python3.10/site-packages/airflow/example_dags/example_latest_only_with_trigger.py
[2024-06-24T16:26:26.536+0000] {processor.py:826} INFO - Processing file /usr/local/python/3.10.13/lib/python3.10/site-packages/airflow/example_dags/example_latest_only_with_trigger.py for tasks to queue
[2024-06-24T16:26:26.536+0000] {logging_mixin.py:150} INFO - [2024-06-24T16:26:26.536+0000] {dagbag.py:541} INFO - Filling up the DagBag from /usr/local/python/3.10.13/lib/python3.10/site-packages/airflow/example_dags/example_latest_only_with_trigger.py
[2024-06-24T16:26:26.542+0000] {processor.py:836} INFO - DAG(s) dict_keys(['latest_only_with_trigger']) retrieved from /usr/local/python/3.10.13/lib/python3.10/site-packages/airflow/example_dags/example_latest_only_with_trigger.py
[2024-06-24T16:26:26.555+0000] {logging_mixin.py:150} INFO - [2024-06-24T16:26:26.554+0000] {dag.py:2742} INFO - Sync 1 DAGs
[2024-06-24T16:26:26.570+0000] {logging_mixin.py:150} INFO - [2024-06-24T16:26:26.570+0000] {dag.py:3504} INFO - Setting next_dagrun for latest_only_with_trigger to 2024-06-24T12:26:26.569828+00:00, run_after=2024-06-24T16:26:26.569828+00:00
[2024-06-24T16:26:26.611+0000] {processor.py:179} INFO - Processing /usr/local/python/3.10.13/lib/python3.10/site-packages/airflow/example_dags/example_latest_only_with_trigger.py took 0.078 seconds
[2024-06-24T16:27:13.675+0000] {processor.py:157} INFO - Started process (PID=27603) to work on /usr/local/python/3.10.13/lib/python3.10/site-packages/airflow/example_dags/example_latest_only_with_trigger.py
[2024-06-24T16:27:13.675+0000] {processor.py:826} INFO - Processing file /usr/local/python/3.10.13/lib/python3.10/site-packages/airflow/example_dags/example_latest_only_with_trigger.py for tasks to queue
[2024-06-24T16:27:13.676+0000] {logging_mixin.py:150} INFO - [2024-06-24T16:27:13.676+0000] {dagbag.py:541} INFO - Filling up the DagBag from /usr/local/python/3.10.13/lib/python3.10/site-packages/airflow/example_dags/example_latest_only_with_trigger.py
[2024-06-24T16:27:13.681+0000] {processor.py:836} INFO - DAG(s) dict_keys(['latest_only_with_trigger']) retrieved from /usr/local/python/3.10.13/lib/python3.10/site-packages/airflow/example_dags/example_latest_only_with_trigger.py
[2024-06-24T16:27:13.693+0000] {logging_mixin.py:150} INFO - [2024-06-24T16:27:13.693+0000] {dag.py:2742} INFO - Sync 1 DAGs
[2024-06-24T16:27:13.708+0000] {logging_mixin.py:150} INFO - [2024-06-24T16:27:13.708+0000] {dag.py:3504} INFO - Setting next_dagrun for latest_only_with_trigger to 2024-06-24T12:27:13.708208+00:00, run_after=2024-06-24T16:27:13.708208+00:00
[2024-06-24T16:27:13.747+0000] {processor.py:179} INFO - Processing /usr/local/python/3.10.13/lib/python3.10/site-packages/airflow/example_dags/example_latest_only_with_trigger.py took 0.075 seconds
[2024-06-24T16:27:57.571+0000] {processor.py:157} INFO - Started process (PID=27906) to work on /usr/local/python/3.10.13/lib/python3.10/site-packages/airflow/example_dags/example_latest_only_with_trigger.py
[2024-06-24T16:27:57.571+0000] {processor.py:826} INFO - Processing file /usr/local/python/3.10.13/lib/python3.10/site-packages/airflow/example_dags/example_latest_only_with_trigger.py for tasks to queue
[2024-06-24T16:27:57.572+0000] {logging_mixin.py:150} INFO - [2024-06-24T16:27:57.572+0000] {dagbag.py:541} INFO - Filling up the DagBag from /usr/local/python/3.10.13/lib/python3.10/site-packages/airflow/example_dags/example_latest_only_with_trigger.py
[2024-06-24T16:27:57.578+0000] {processor.py:836} INFO - DAG(s) dict_keys(['latest_only_with_trigger']) retrieved from /usr/local/python/3.10.13/lib/python3.10/site-packages/airflow/example_dags/example_latest_only_with_trigger.py
[2024-06-24T16:27:57.590+0000] {logging_mixin.py:150} INFO - [2024-06-24T16:27:57.590+0000] {dag.py:2742} INFO - Sync 1 DAGs
[2024-06-24T16:27:57.606+0000] {logging_mixin.py:150} INFO - [2024-06-24T16:27:57.606+0000] {dag.py:3504} INFO - Setting next_dagrun for latest_only_with_trigger to 2024-06-24T12:27:57.606242+00:00, run_after=2024-06-24T16:27:57.606242+00:00
[2024-06-24T16:27:57.646+0000] {processor.py:179} INFO - Processing /usr/local/python/3.10.13/lib/python3.10/site-packages/airflow/example_dags/example_latest_only_with_trigger.py took 0.078 seconds
[2024-06-24T16:28:44.569+0000] {processor.py:157} INFO - Started process (PID=28243) to work on /usr/local/python/3.10.13/lib/python3.10/site-packages/airflow/example_dags/example_latest_only_with_trigger.py
[2024-06-24T16:28:44.570+0000] {processor.py:826} INFO - Processing file /usr/local/python/3.10.13/lib/python3.10/site-packages/airflow/example_dags/example_latest_only_with_trigger.py for tasks to queue
[2024-06-24T16:28:44.570+0000] {logging_mixin.py:150} INFO - [2024-06-24T16:28:44.570+0000] {dagbag.py:541} INFO - Filling up the DagBag from /usr/local/python/3.10.13/lib/python3.10/site-packages/airflow/example_dags/example_latest_only_with_trigger.py
[2024-06-24T16:28:44.576+0000] {processor.py:836} INFO - DAG(s) dict_keys(['latest_only_with_trigger']) retrieved from /usr/local/python/3.10.13/lib/python3.10/site-packages/airflow/example_dags/example_latest_only_with_trigger.py
[2024-06-24T16:28:44.588+0000] {logging_mixin.py:150} INFO - [2024-06-24T16:28:44.588+0000] {dag.py:2742} INFO - Sync 1 DAGs
[2024-06-24T16:28:44.603+0000] {logging_mixin.py:150} INFO - [2024-06-24T16:28:44.603+0000] {dag.py:3504} INFO - Setting next_dagrun for latest_only_with_trigger to 2024-06-24T12:28:44.603083+00:00, run_after=2024-06-24T16:28:44.603083+00:00
[2024-06-24T16:28:44.645+0000] {processor.py:179} INFO - Processing /usr/local/python/3.10.13/lib/python3.10/site-packages/airflow/example_dags/example_latest_only_with_trigger.py took 0.078 seconds
[2024-06-24T16:29:31.941+0000] {processor.py:157} INFO - Started process (PID=28578) to work on /usr/local/python/3.10.13/lib/python3.10/site-packages/airflow/example_dags/example_latest_only_with_trigger.py
[2024-06-24T16:29:31.941+0000] {processor.py:826} INFO - Processing file /usr/local/python/3.10.13/lib/python3.10/site-packages/airflow/example_dags/example_latest_only_with_trigger.py for tasks to queue
[2024-06-24T16:29:31.942+0000] {logging_mixin.py:150} INFO - [2024-06-24T16:29:31.942+0000] {dagbag.py:541} INFO - Filling up the DagBag from /usr/local/python/3.10.13/lib/python3.10/site-packages/airflow/example_dags/example_latest_only_with_trigger.py
[2024-06-24T16:29:31.949+0000] {processor.py:836} INFO - DAG(s) dict_keys(['latest_only_with_trigger']) retrieved from /usr/local/python/3.10.13/lib/python3.10/site-packages/airflow/example_dags/example_latest_only_with_trigger.py
[2024-06-24T16:29:31.963+0000] {logging_mixin.py:150} INFO - [2024-06-24T16:29:31.963+0000] {dag.py:2742} INFO - Sync 1 DAGs
[2024-06-24T16:29:31.980+0000] {logging_mixin.py:150} INFO - [2024-06-24T16:29:31.979+0000] {dag.py:3504} INFO - Setting next_dagrun for latest_only_with_trigger to 2024-06-24T12:29:31.979613+00:00, run_after=2024-06-24T16:29:31.979613+00:00
[2024-06-24T16:29:32.021+0000] {processor.py:179} INFO - Processing /usr/local/python/3.10.13/lib/python3.10/site-packages/airflow/example_dags/example_latest_only_with_trigger.py took 0.083 seconds
[2024-06-24T16:30:21.160+0000] {processor.py:157} INFO - Started process (PID=28902) to work on /usr/local/python/3.10.13/lib/python3.10/site-packages/airflow/example_dags/example_latest_only_with_trigger.py
[2024-06-24T16:30:21.161+0000] {processor.py:826} INFO - Processing file /usr/local/python/3.10.13/lib/python3.10/site-packages/airflow/example_dags/example_latest_only_with_trigger.py for tasks to queue
[2024-06-24T16:30:21.161+0000] {logging_mixin.py:150} INFO - [2024-06-24T16:30:21.161+0000] {dagbag.py:541} INFO - Filling up the DagBag from /usr/local/python/3.10.13/lib/python3.10/site-packages/airflow/example_dags/example_latest_only_with_trigger.py
[2024-06-24T16:30:21.166+0000] {processor.py:836} INFO - DAG(s) dict_keys(['latest_only_with_trigger']) retrieved from /usr/local/python/3.10.13/lib/python3.10/site-packages/airflow/example_dags/example_latest_only_with_trigger.py
[2024-06-24T16:30:21.178+0000] {logging_mixin.py:150} INFO - [2024-06-24T16:30:21.178+0000] {dag.py:2742} INFO - Sync 1 DAGs
[2024-06-24T16:30:21.192+0000] {logging_mixin.py:150} INFO - [2024-06-24T16:30:21.192+0000] {dag.py:3504} INFO - Setting next_dagrun for latest_only_with_trigger to 2024-06-24T12:30:21.192712+00:00, run_after=2024-06-24T16:30:21.192712+00:00
[2024-06-24T16:30:21.246+0000] {processor.py:179} INFO - Processing /usr/local/python/3.10.13/lib/python3.10/site-packages/airflow/example_dags/example_latest_only_with_trigger.py took 0.088 seconds
[2024-06-24T16:31:08.403+0000] {processor.py:157} INFO - Started process (PID=29233) to work on /usr/local/python/3.10.13/lib/python3.10/site-packages/airflow/example_dags/example_latest_only_with_trigger.py
[2024-06-24T16:31:08.404+0000] {processor.py:826} INFO - Processing file /usr/local/python/3.10.13/lib/python3.10/site-packages/airflow/example_dags/example_latest_only_with_trigger.py for tasks to queue
[2024-06-24T16:31:08.405+0000] {logging_mixin.py:150} INFO - [2024-06-24T16:31:08.405+0000] {dagbag.py:541} INFO - Filling up the DagBag from /usr/local/python/3.10.13/lib/python3.10/site-packages/airflow/example_dags/example_latest_only_with_trigger.py
[2024-06-24T16:31:08.412+0000] {processor.py:836} INFO - DAG(s) dict_keys(['latest_only_with_trigger']) retrieved from /usr/local/python/3.10.13/lib/python3.10/site-packages/airflow/example_dags/example_latest_only_with_trigger.py
[2024-06-24T16:31:08.428+0000] {logging_mixin.py:150} INFO - [2024-06-24T16:31:08.428+0000] {dag.py:2742} INFO - Sync 1 DAGs
[2024-06-24T16:31:08.450+0000] {logging_mixin.py:150} INFO - [2024-06-24T16:31:08.450+0000] {dag.py:3504} INFO - Setting next_dagrun for latest_only_with_trigger to 2024-06-24T12:31:08.450169+00:00, run_after=2024-06-24T16:31:08.450169+00:00
[2024-06-24T16:31:08.493+0000] {processor.py:179} INFO - Processing /usr/local/python/3.10.13/lib/python3.10/site-packages/airflow/example_dags/example_latest_only_with_trigger.py took 0.093 seconds
[2024-06-24T17:08:17.175+0000] {processor.py:157} INFO - Started process (PID=9585) to work on /usr/local/python/3.10.13/lib/python3.10/site-packages/airflow/example_dags/example_latest_only_with_trigger.py
[2024-06-24T17:08:17.178+0000] {processor.py:826} INFO - Processing file /usr/local/python/3.10.13/lib/python3.10/site-packages/airflow/example_dags/example_latest_only_with_trigger.py for tasks to queue
[2024-06-24T17:08:17.179+0000] {logging_mixin.py:150} INFO - [2024-06-24T17:08:17.179+0000] {dagbag.py:541} INFO - Filling up the DagBag from /usr/local/python/3.10.13/lib/python3.10/site-packages/airflow/example_dags/example_latest_only_with_trigger.py
[2024-06-24T17:08:17.185+0000] {processor.py:836} INFO - DAG(s) dict_keys(['latest_only_with_trigger']) retrieved from /usr/local/python/3.10.13/lib/python3.10/site-packages/airflow/example_dags/example_latest_only_with_trigger.py
[2024-06-24T17:08:17.204+0000] {logging_mixin.py:150} INFO - [2024-06-24T17:08:17.203+0000] {dag.py:2742} INFO - Sync 1 DAGs
[2024-06-24T17:08:17.232+0000] {logging_mixin.py:150} INFO - [2024-06-24T17:08:17.232+0000] {dag.py:3504} INFO - Setting next_dagrun for latest_only_with_trigger to 2024-06-24T13:08:17.232113+00:00, run_after=2024-06-24T17:08:17.232113+00:00
[2024-06-24T17:08:17.275+0000] {processor.py:179} INFO - Processing /usr/local/python/3.10.13/lib/python3.10/site-packages/airflow/example_dags/example_latest_only_with_trigger.py took 0.102 seconds
[2024-06-24T17:09:05.109+0000] {processor.py:157} INFO - Started process (PID=9923) to work on /usr/local/python/3.10.13/lib/python3.10/site-packages/airflow/example_dags/example_latest_only_with_trigger.py
[2024-06-24T17:09:05.110+0000] {processor.py:826} INFO - Processing file /usr/local/python/3.10.13/lib/python3.10/site-packages/airflow/example_dags/example_latest_only_with_trigger.py for tasks to queue
[2024-06-24T17:09:05.110+0000] {logging_mixin.py:150} INFO - [2024-06-24T17:09:05.110+0000] {dagbag.py:541} INFO - Filling up the DagBag from /usr/local/python/3.10.13/lib/python3.10/site-packages/airflow/example_dags/example_latest_only_with_trigger.py
[2024-06-24T17:09:05.115+0000] {processor.py:836} INFO - DAG(s) dict_keys(['latest_only_with_trigger']) retrieved from /usr/local/python/3.10.13/lib/python3.10/site-packages/airflow/example_dags/example_latest_only_with_trigger.py
[2024-06-24T17:09:05.127+0000] {logging_mixin.py:150} INFO - [2024-06-24T17:09:05.127+0000] {dag.py:2742} INFO - Sync 1 DAGs
[2024-06-24T17:09:05.143+0000] {logging_mixin.py:150} INFO - [2024-06-24T17:09:05.143+0000] {dag.py:3504} INFO - Setting next_dagrun for latest_only_with_trigger to 2024-06-24T13:09:05.142859+00:00, run_after=2024-06-24T17:09:05.142859+00:00
[2024-06-24T17:09:05.188+0000] {processor.py:179} INFO - Processing /usr/local/python/3.10.13/lib/python3.10/site-packages/airflow/example_dags/example_latest_only_with_trigger.py took 0.081 seconds
[2024-06-24T17:09:56.365+0000] {processor.py:157} INFO - Started process (PID=10285) to work on /usr/local/python/3.10.13/lib/python3.10/site-packages/airflow/example_dags/example_latest_only_with_trigger.py
[2024-06-24T17:09:56.365+0000] {processor.py:826} INFO - Processing file /usr/local/python/3.10.13/lib/python3.10/site-packages/airflow/example_dags/example_latest_only_with_trigger.py for tasks to queue
[2024-06-24T17:09:56.366+0000] {logging_mixin.py:150} INFO - [2024-06-24T17:09:56.366+0000] {dagbag.py:541} INFO - Filling up the DagBag from /usr/local/python/3.10.13/lib/python3.10/site-packages/airflow/example_dags/example_latest_only_with_trigger.py
[2024-06-24T17:09:56.371+0000] {processor.py:836} INFO - DAG(s) dict_keys(['latest_only_with_trigger']) retrieved from /usr/local/python/3.10.13/lib/python3.10/site-packages/airflow/example_dags/example_latest_only_with_trigger.py
[2024-06-24T17:09:56.383+0000] {logging_mixin.py:150} INFO - [2024-06-24T17:09:56.382+0000] {dag.py:2742} INFO - Sync 1 DAGs
[2024-06-24T17:09:56.398+0000] {logging_mixin.py:150} INFO - [2024-06-24T17:09:56.397+0000] {dag.py:3504} INFO - Setting next_dagrun for latest_only_with_trigger to 2024-06-24T13:09:56.397770+00:00, run_after=2024-06-24T17:09:56.397770+00:00
[2024-06-24T17:09:56.447+0000] {processor.py:179} INFO - Processing /usr/local/python/3.10.13/lib/python3.10/site-packages/airflow/example_dags/example_latest_only_with_trigger.py took 0.084 seconds
[2024-06-24T17:10:52.431+0000] {processor.py:157} INFO - Started process (PID=10684) to work on /usr/local/python/3.10.13/lib/python3.10/site-packages/airflow/example_dags/example_latest_only_with_trigger.py
[2024-06-24T17:10:52.432+0000] {processor.py:826} INFO - Processing file /usr/local/python/3.10.13/lib/python3.10/site-packages/airflow/example_dags/example_latest_only_with_trigger.py for tasks to queue
[2024-06-24T17:10:52.433+0000] {logging_mixin.py:150} INFO - [2024-06-24T17:10:52.432+0000] {dagbag.py:541} INFO - Filling up the DagBag from /usr/local/python/3.10.13/lib/python3.10/site-packages/airflow/example_dags/example_latest_only_with_trigger.py
[2024-06-24T17:10:52.437+0000] {processor.py:836} INFO - DAG(s) dict_keys(['latest_only_with_trigger']) retrieved from /usr/local/python/3.10.13/lib/python3.10/site-packages/airflow/example_dags/example_latest_only_with_trigger.py
[2024-06-24T17:10:52.449+0000] {logging_mixin.py:150} INFO - [2024-06-24T17:10:52.449+0000] {dag.py:2742} INFO - Sync 1 DAGs
[2024-06-24T17:10:52.464+0000] {logging_mixin.py:150} INFO - [2024-06-24T17:10:52.464+0000] {dag.py:3504} INFO - Setting next_dagrun for latest_only_with_trigger to 2024-06-24T13:10:52.464073+00:00, run_after=2024-06-24T17:10:52.464073+00:00
[2024-06-24T17:10:52.504+0000] {processor.py:179} INFO - Processing /usr/local/python/3.10.13/lib/python3.10/site-packages/airflow/example_dags/example_latest_only_with_trigger.py took 0.075 seconds
[2024-06-24T17:11:43.458+0000] {processor.py:157} INFO - Started process (PID=11073) to work on /usr/local/python/3.10.13/lib/python3.10/site-packages/airflow/example_dags/example_latest_only_with_trigger.py
[2024-06-24T17:11:43.458+0000] {processor.py:826} INFO - Processing file /usr/local/python/3.10.13/lib/python3.10/site-packages/airflow/example_dags/example_latest_only_with_trigger.py for tasks to queue
[2024-06-24T17:11:43.459+0000] {logging_mixin.py:150} INFO - [2024-06-24T17:11:43.459+0000] {dagbag.py:541} INFO - Filling up the DagBag from /usr/local/python/3.10.13/lib/python3.10/site-packages/airflow/example_dags/example_latest_only_with_trigger.py
[2024-06-24T17:11:43.464+0000] {processor.py:836} INFO - DAG(s) dict_keys(['latest_only_with_trigger']) retrieved from /usr/local/python/3.10.13/lib/python3.10/site-packages/airflow/example_dags/example_latest_only_with_trigger.py
[2024-06-24T17:11:43.475+0000] {logging_mixin.py:150} INFO - [2024-06-24T17:11:43.475+0000] {dag.py:2742} INFO - Sync 1 DAGs
[2024-06-24T17:11:43.490+0000] {logging_mixin.py:150} INFO - [2024-06-24T17:11:43.490+0000] {dag.py:3504} INFO - Setting next_dagrun for latest_only_with_trigger to 2024-06-24T13:11:43.490011+00:00, run_after=2024-06-24T17:11:43.490011+00:00
[2024-06-24T17:11:43.541+0000] {processor.py:179} INFO - Processing /usr/local/python/3.10.13/lib/python3.10/site-packages/airflow/example_dags/example_latest_only_with_trigger.py took 0.085 seconds
[2024-06-24T17:12:42.281+0000] {processor.py:157} INFO - Started process (PID=11529) to work on /usr/local/python/3.10.13/lib/python3.10/site-packages/airflow/example_dags/example_latest_only_with_trigger.py
[2024-06-24T17:12:42.282+0000] {processor.py:826} INFO - Processing file /usr/local/python/3.10.13/lib/python3.10/site-packages/airflow/example_dags/example_latest_only_with_trigger.py for tasks to queue
[2024-06-24T17:12:42.283+0000] {logging_mixin.py:150} INFO - [2024-06-24T17:12:42.282+0000] {dagbag.py:541} INFO - Filling up the DagBag from /usr/local/python/3.10.13/lib/python3.10/site-packages/airflow/example_dags/example_latest_only_with_trigger.py
[2024-06-24T17:12:42.287+0000] {processor.py:836} INFO - DAG(s) dict_keys(['latest_only_with_trigger']) retrieved from /usr/local/python/3.10.13/lib/python3.10/site-packages/airflow/example_dags/example_latest_only_with_trigger.py
[2024-06-24T17:12:42.299+0000] {logging_mixin.py:150} INFO - [2024-06-24T17:12:42.299+0000] {dag.py:2742} INFO - Sync 1 DAGs
[2024-06-24T17:12:42.314+0000] {logging_mixin.py:150} INFO - [2024-06-24T17:12:42.314+0000] {dag.py:3504} INFO - Setting next_dagrun for latest_only_with_trigger to 2024-06-24T13:12:42.314474+00:00, run_after=2024-06-24T17:12:42.314474+00:00
[2024-06-24T17:12:42.352+0000] {processor.py:179} INFO - Processing /usr/local/python/3.10.13/lib/python3.10/site-packages/airflow/example_dags/example_latest_only_with_trigger.py took 0.073 seconds
[2024-06-24T17:13:29.701+0000] {processor.py:157} INFO - Started process (PID=11902) to work on /usr/local/python/3.10.13/lib/python3.10/site-packages/airflow/example_dags/example_latest_only_with_trigger.py
[2024-06-24T17:13:29.701+0000] {processor.py:826} INFO - Processing file /usr/local/python/3.10.13/lib/python3.10/site-packages/airflow/example_dags/example_latest_only_with_trigger.py for tasks to queue
[2024-06-24T17:13:29.702+0000] {logging_mixin.py:150} INFO - [2024-06-24T17:13:29.702+0000] {dagbag.py:541} INFO - Filling up the DagBag from /usr/local/python/3.10.13/lib/python3.10/site-packages/airflow/example_dags/example_latest_only_with_trigger.py
[2024-06-24T17:13:29.707+0000] {processor.py:836} INFO - DAG(s) dict_keys(['latest_only_with_trigger']) retrieved from /usr/local/python/3.10.13/lib/python3.10/site-packages/airflow/example_dags/example_latest_only_with_trigger.py
[2024-06-24T17:13:29.719+0000] {logging_mixin.py:150} INFO - [2024-06-24T17:13:29.718+0000] {dag.py:2742} INFO - Sync 1 DAGs
[2024-06-24T17:13:29.733+0000] {logging_mixin.py:150} INFO - [2024-06-24T17:13:29.733+0000] {dag.py:3504} INFO - Setting next_dagrun for latest_only_with_trigger to 2024-06-24T13:13:29.733319+00:00, run_after=2024-06-24T17:13:29.733319+00:00
[2024-06-24T17:13:29.775+0000] {processor.py:179} INFO - Processing /usr/local/python/3.10.13/lib/python3.10/site-packages/airflow/example_dags/example_latest_only_with_trigger.py took 0.076 seconds
[2024-06-24T17:14:14.874+0000] {processor.py:157} INFO - Started process (PID=12249) to work on /usr/local/python/3.10.13/lib/python3.10/site-packages/airflow/example_dags/example_latest_only_with_trigger.py
[2024-06-24T17:14:14.874+0000] {processor.py:826} INFO - Processing file /usr/local/python/3.10.13/lib/python3.10/site-packages/airflow/example_dags/example_latest_only_with_trigger.py for tasks to queue
[2024-06-24T17:14:14.875+0000] {logging_mixin.py:150} INFO - [2024-06-24T17:14:14.875+0000] {dagbag.py:541} INFO - Filling up the DagBag from /usr/local/python/3.10.13/lib/python3.10/site-packages/airflow/example_dags/example_latest_only_with_trigger.py
[2024-06-24T17:14:14.880+0000] {processor.py:836} INFO - DAG(s) dict_keys(['latest_only_with_trigger']) retrieved from /usr/local/python/3.10.13/lib/python3.10/site-packages/airflow/example_dags/example_latest_only_with_trigger.py
[2024-06-24T17:14:14.893+0000] {logging_mixin.py:150} INFO - [2024-06-24T17:14:14.893+0000] {dag.py:2742} INFO - Sync 1 DAGs
[2024-06-24T17:14:14.909+0000] {logging_mixin.py:150} INFO - [2024-06-24T17:14:14.908+0000] {dag.py:3504} INFO - Setting next_dagrun for latest_only_with_trigger to 2024-06-24T13:14:14.908772+00:00, run_after=2024-06-24T17:14:14.908772+00:00
[2024-06-24T17:14:14.958+0000] {processor.py:179} INFO - Processing /usr/local/python/3.10.13/lib/python3.10/site-packages/airflow/example_dags/example_latest_only_with_trigger.py took 0.087 seconds
[2024-06-24T17:15:01.716+0000] {processor.py:157} INFO - Started process (PID=12620) to work on /usr/local/python/3.10.13/lib/python3.10/site-packages/airflow/example_dags/example_latest_only_with_trigger.py
[2024-06-24T17:15:01.717+0000] {processor.py:826} INFO - Processing file /usr/local/python/3.10.13/lib/python3.10/site-packages/airflow/example_dags/example_latest_only_with_trigger.py for tasks to queue
[2024-06-24T17:15:01.717+0000] {logging_mixin.py:150} INFO - [2024-06-24T17:15:01.717+0000] {dagbag.py:541} INFO - Filling up the DagBag from /usr/local/python/3.10.13/lib/python3.10/site-packages/airflow/example_dags/example_latest_only_with_trigger.py
[2024-06-24T17:15:01.723+0000] {processor.py:836} INFO - DAG(s) dict_keys(['latest_only_with_trigger']) retrieved from /usr/local/python/3.10.13/lib/python3.10/site-packages/airflow/example_dags/example_latest_only_with_trigger.py
[2024-06-24T17:15:01.738+0000] {logging_mixin.py:150} INFO - [2024-06-24T17:15:01.738+0000] {dag.py:2742} INFO - Sync 1 DAGs
[2024-06-24T17:15:01.754+0000] {logging_mixin.py:150} INFO - [2024-06-24T17:15:01.754+0000] {dag.py:3504} INFO - Setting next_dagrun for latest_only_with_trigger to 2024-06-24T13:15:01.754480+00:00, run_after=2024-06-24T17:15:01.754480+00:00
[2024-06-24T17:15:01.797+0000] {processor.py:179} INFO - Processing /usr/local/python/3.10.13/lib/python3.10/site-packages/airflow/example_dags/example_latest_only_with_trigger.py took 0.084 seconds
[2024-06-24T17:15:52.659+0000] {processor.py:157} INFO - Started process (PID=12993) to work on /usr/local/python/3.10.13/lib/python3.10/site-packages/airflow/example_dags/example_latest_only_with_trigger.py
[2024-06-24T17:15:52.660+0000] {processor.py:826} INFO - Processing file /usr/local/python/3.10.13/lib/python3.10/site-packages/airflow/example_dags/example_latest_only_with_trigger.py for tasks to queue
[2024-06-24T17:15:52.661+0000] {logging_mixin.py:150} INFO - [2024-06-24T17:15:52.660+0000] {dagbag.py:541} INFO - Filling up the DagBag from /usr/local/python/3.10.13/lib/python3.10/site-packages/airflow/example_dags/example_latest_only_with_trigger.py
[2024-06-24T17:15:52.668+0000] {processor.py:836} INFO - DAG(s) dict_keys(['latest_only_with_trigger']) retrieved from /usr/local/python/3.10.13/lib/python3.10/site-packages/airflow/example_dags/example_latest_only_with_trigger.py
[2024-06-24T17:15:52.682+0000] {logging_mixin.py:150} INFO - [2024-06-24T17:15:52.682+0000] {dag.py:2742} INFO - Sync 1 DAGs
[2024-06-24T17:15:52.697+0000] {logging_mixin.py:150} INFO - [2024-06-24T17:15:52.697+0000] {dag.py:3504} INFO - Setting next_dagrun for latest_only_with_trigger to 2024-06-24T13:15:52.697057+00:00, run_after=2024-06-24T17:15:52.697057+00:00
[2024-06-24T17:15:52.746+0000] {processor.py:179} INFO - Processing /usr/local/python/3.10.13/lib/python3.10/site-packages/airflow/example_dags/example_latest_only_with_trigger.py took 0.090 seconds
[2024-06-24T17:16:42.490+0000] {processor.py:157} INFO - Started process (PID=13373) to work on /usr/local/python/3.10.13/lib/python3.10/site-packages/airflow/example_dags/example_latest_only_with_trigger.py
[2024-06-24T17:16:42.491+0000] {processor.py:826} INFO - Processing file /usr/local/python/3.10.13/lib/python3.10/site-packages/airflow/example_dags/example_latest_only_with_trigger.py for tasks to queue
[2024-06-24T17:16:42.492+0000] {logging_mixin.py:150} INFO - [2024-06-24T17:16:42.491+0000] {dagbag.py:541} INFO - Filling up the DagBag from /usr/local/python/3.10.13/lib/python3.10/site-packages/airflow/example_dags/example_latest_only_with_trigger.py
[2024-06-24T17:16:42.496+0000] {processor.py:836} INFO - DAG(s) dict_keys(['latest_only_with_trigger']) retrieved from /usr/local/python/3.10.13/lib/python3.10/site-packages/airflow/example_dags/example_latest_only_with_trigger.py
[2024-06-24T17:16:42.508+0000] {logging_mixin.py:150} INFO - [2024-06-24T17:16:42.508+0000] {dag.py:2742} INFO - Sync 1 DAGs
[2024-06-24T17:16:42.522+0000] {logging_mixin.py:150} INFO - [2024-06-24T17:16:42.522+0000] {dag.py:3504} INFO - Setting next_dagrun for latest_only_with_trigger to 2024-06-24T13:16:42.522650+00:00, run_after=2024-06-24T17:16:42.522650+00:00
[2024-06-24T17:16:42.565+0000] {processor.py:179} INFO - Processing /usr/local/python/3.10.13/lib/python3.10/site-packages/airflow/example_dags/example_latest_only_with_trigger.py took 0.077 seconds
[2024-06-24T17:17:34.771+0000] {processor.py:157} INFO - Started process (PID=13758) to work on /usr/local/python/3.10.13/lib/python3.10/site-packages/airflow/example_dags/example_latest_only_with_trigger.py
[2024-06-24T17:17:34.772+0000] {processor.py:826} INFO - Processing file /usr/local/python/3.10.13/lib/python3.10/site-packages/airflow/example_dags/example_latest_only_with_trigger.py for tasks to queue
[2024-06-24T17:17:34.772+0000] {logging_mixin.py:150} INFO - [2024-06-24T17:17:34.772+0000] {dagbag.py:541} INFO - Filling up the DagBag from /usr/local/python/3.10.13/lib/python3.10/site-packages/airflow/example_dags/example_latest_only_with_trigger.py
[2024-06-24T17:17:34.777+0000] {processor.py:836} INFO - DAG(s) dict_keys(['latest_only_with_trigger']) retrieved from /usr/local/python/3.10.13/lib/python3.10/site-packages/airflow/example_dags/example_latest_only_with_trigger.py
[2024-06-24T17:17:34.791+0000] {logging_mixin.py:150} INFO - [2024-06-24T17:17:34.791+0000] {dag.py:2742} INFO - Sync 1 DAGs
[2024-06-24T17:17:34.807+0000] {logging_mixin.py:150} INFO - [2024-06-24T17:17:34.807+0000] {dag.py:3504} INFO - Setting next_dagrun for latest_only_with_trigger to 2024-06-24T13:17:34.807477+00:00, run_after=2024-06-24T17:17:34.807477+00:00
[2024-06-24T17:17:34.855+0000] {processor.py:179} INFO - Processing /usr/local/python/3.10.13/lib/python3.10/site-packages/airflow/example_dags/example_latest_only_with_trigger.py took 0.087 seconds
[2024-06-24T17:18:42.765+0000] {processor.py:157} INFO - Started process (PID=14225) to work on /usr/local/python/3.10.13/lib/python3.10/site-packages/airflow/example_dags/example_latest_only_with_trigger.py
[2024-06-24T17:18:42.766+0000] {processor.py:826} INFO - Processing file /usr/local/python/3.10.13/lib/python3.10/site-packages/airflow/example_dags/example_latest_only_with_trigger.py for tasks to queue
[2024-06-24T17:18:42.767+0000] {logging_mixin.py:150} INFO - [2024-06-24T17:18:42.766+0000] {dagbag.py:541} INFO - Filling up the DagBag from /usr/local/python/3.10.13/lib/python3.10/site-packages/airflow/example_dags/example_latest_only_with_trigger.py
[2024-06-24T17:18:42.771+0000] {processor.py:836} INFO - DAG(s) dict_keys(['latest_only_with_trigger']) retrieved from /usr/local/python/3.10.13/lib/python3.10/site-packages/airflow/example_dags/example_latest_only_with_trigger.py
[2024-06-24T17:18:42.783+0000] {logging_mixin.py:150} INFO - [2024-06-24T17:18:42.783+0000] {dag.py:2742} INFO - Sync 1 DAGs
[2024-06-24T17:18:42.803+0000] {logging_mixin.py:150} INFO - [2024-06-24T17:18:42.803+0000] {dag.py:3504} INFO - Setting next_dagrun for latest_only_with_trigger to 2024-06-24T13:18:42.803055+00:00, run_after=2024-06-24T17:18:42.803055+00:00
[2024-06-24T17:18:42.841+0000] {processor.py:179} INFO - Processing /usr/local/python/3.10.13/lib/python3.10/site-packages/airflow/example_dags/example_latest_only_with_trigger.py took 0.078 seconds
[2024-06-24T17:19:36.579+0000] {processor.py:157} INFO - Started process (PID=14655) to work on /usr/local/python/3.10.13/lib/python3.10/site-packages/airflow/example_dags/example_latest_only_with_trigger.py
[2024-06-24T17:19:36.580+0000] {processor.py:826} INFO - Processing file /usr/local/python/3.10.13/lib/python3.10/site-packages/airflow/example_dags/example_latest_only_with_trigger.py for tasks to queue
[2024-06-24T17:19:36.581+0000] {logging_mixin.py:150} INFO - [2024-06-24T17:19:36.580+0000] {dagbag.py:541} INFO - Filling up the DagBag from /usr/local/python/3.10.13/lib/python3.10/site-packages/airflow/example_dags/example_latest_only_with_trigger.py
[2024-06-24T17:19:36.585+0000] {processor.py:836} INFO - DAG(s) dict_keys(['latest_only_with_trigger']) retrieved from /usr/local/python/3.10.13/lib/python3.10/site-packages/airflow/example_dags/example_latest_only_with_trigger.py
[2024-06-24T17:19:36.597+0000] {logging_mixin.py:150} INFO - [2024-06-24T17:19:36.597+0000] {dag.py:2742} INFO - Sync 1 DAGs
[2024-06-24T17:19:36.612+0000] {logging_mixin.py:150} INFO - [2024-06-24T17:19:36.612+0000] {dag.py:3504} INFO - Setting next_dagrun for latest_only_with_trigger to 2024-06-24T13:19:36.612307+00:00, run_after=2024-06-24T17:19:36.612307+00:00
[2024-06-24T17:19:36.655+0000] {processor.py:179} INFO - Processing /usr/local/python/3.10.13/lib/python3.10/site-packages/airflow/example_dags/example_latest_only_with_trigger.py took 0.078 seconds
[2024-06-24T17:20:36.379+0000] {processor.py:157} INFO - Started process (PID=15076) to work on /usr/local/python/3.10.13/lib/python3.10/site-packages/airflow/example_dags/example_latest_only_with_trigger.py
[2024-06-24T17:20:36.380+0000] {processor.py:826} INFO - Processing file /usr/local/python/3.10.13/lib/python3.10/site-packages/airflow/example_dags/example_latest_only_with_trigger.py for tasks to queue
[2024-06-24T17:20:36.380+0000] {logging_mixin.py:150} INFO - [2024-06-24T17:20:36.380+0000] {dagbag.py:541} INFO - Filling up the DagBag from /usr/local/python/3.10.13/lib/python3.10/site-packages/airflow/example_dags/example_latest_only_with_trigger.py
[2024-06-24T17:20:36.385+0000] {processor.py:836} INFO - DAG(s) dict_keys(['latest_only_with_trigger']) retrieved from /usr/local/python/3.10.13/lib/python3.10/site-packages/airflow/example_dags/example_latest_only_with_trigger.py
[2024-06-24T17:20:36.397+0000] {logging_mixin.py:150} INFO - [2024-06-24T17:20:36.397+0000] {dag.py:2742} INFO - Sync 1 DAGs
[2024-06-24T17:20:36.412+0000] {logging_mixin.py:150} INFO - [2024-06-24T17:20:36.412+0000] {dag.py:3504} INFO - Setting next_dagrun for latest_only_with_trigger to 2024-06-24T13:20:36.412216+00:00, run_after=2024-06-24T17:20:36.412216+00:00
[2024-06-24T17:20:36.453+0000] {processor.py:179} INFO - Processing /usr/local/python/3.10.13/lib/python3.10/site-packages/airflow/example_dags/example_latest_only_with_trigger.py took 0.076 seconds
[2024-06-24T17:21:32.238+0000] {processor.py:157} INFO - Started process (PID=15458) to work on /usr/local/python/3.10.13/lib/python3.10/site-packages/airflow/example_dags/example_latest_only_with_trigger.py
[2024-06-24T17:21:32.239+0000] {processor.py:826} INFO - Processing file /usr/local/python/3.10.13/lib/python3.10/site-packages/airflow/example_dags/example_latest_only_with_trigger.py for tasks to queue
[2024-06-24T17:21:32.240+0000] {logging_mixin.py:150} INFO - [2024-06-24T17:21:32.239+0000] {dagbag.py:541} INFO - Filling up the DagBag from /usr/local/python/3.10.13/lib/python3.10/site-packages/airflow/example_dags/example_latest_only_with_trigger.py
[2024-06-24T17:21:32.244+0000] {processor.py:836} INFO - DAG(s) dict_keys(['latest_only_with_trigger']) retrieved from /usr/local/python/3.10.13/lib/python3.10/site-packages/airflow/example_dags/example_latest_only_with_trigger.py
[2024-06-24T17:21:32.256+0000] {logging_mixin.py:150} INFO - [2024-06-24T17:21:32.256+0000] {dag.py:2742} INFO - Sync 1 DAGs
[2024-06-24T17:21:32.271+0000] {logging_mixin.py:150} INFO - [2024-06-24T17:21:32.271+0000] {dag.py:3504} INFO - Setting next_dagrun for latest_only_with_trigger to 2024-06-24T13:21:32.270952+00:00, run_after=2024-06-24T17:21:32.270952+00:00
[2024-06-24T17:21:32.308+0000] {processor.py:179} INFO - Processing /usr/local/python/3.10.13/lib/python3.10/site-packages/airflow/example_dags/example_latest_only_with_trigger.py took 0.072 seconds
[2024-06-24T17:22:21.004+0000] {processor.py:157} INFO - Started process (PID=15806) to work on /usr/local/python/3.10.13/lib/python3.10/site-packages/airflow/example_dags/example_latest_only_with_trigger.py
[2024-06-24T17:22:21.005+0000] {processor.py:826} INFO - Processing file /usr/local/python/3.10.13/lib/python3.10/site-packages/airflow/example_dags/example_latest_only_with_trigger.py for tasks to queue
[2024-06-24T17:22:21.006+0000] {logging_mixin.py:150} INFO - [2024-06-24T17:22:21.005+0000] {dagbag.py:541} INFO - Filling up the DagBag from /usr/local/python/3.10.13/lib/python3.10/site-packages/airflow/example_dags/example_latest_only_with_trigger.py
[2024-06-24T17:22:21.011+0000] {processor.py:836} INFO - DAG(s) dict_keys(['latest_only_with_trigger']) retrieved from /usr/local/python/3.10.13/lib/python3.10/site-packages/airflow/example_dags/example_latest_only_with_trigger.py
[2024-06-24T17:22:21.024+0000] {logging_mixin.py:150} INFO - [2024-06-24T17:22:21.024+0000] {dag.py:2742} INFO - Sync 1 DAGs
[2024-06-24T17:22:21.038+0000] {logging_mixin.py:150} INFO - [2024-06-24T17:22:21.038+0000] {dag.py:3504} INFO - Setting next_dagrun for latest_only_with_trigger to 2024-06-24T13:22:21.038622+00:00, run_after=2024-06-24T17:22:21.038622+00:00
[2024-06-24T17:22:21.107+0000] {processor.py:179} INFO - Processing /usr/local/python/3.10.13/lib/python3.10/site-packages/airflow/example_dags/example_latest_only_with_trigger.py took 0.105 seconds
[2024-06-24T17:23:14.909+0000] {processor.py:157} INFO - Started process (PID=16173) to work on /usr/local/python/3.10.13/lib/python3.10/site-packages/airflow/example_dags/example_latest_only_with_trigger.py
[2024-06-24T17:23:14.910+0000] {processor.py:826} INFO - Processing file /usr/local/python/3.10.13/lib/python3.10/site-packages/airflow/example_dags/example_latest_only_with_trigger.py for tasks to queue
[2024-06-24T17:23:14.910+0000] {logging_mixin.py:150} INFO - [2024-06-24T17:23:14.910+0000] {dagbag.py:541} INFO - Filling up the DagBag from /usr/local/python/3.10.13/lib/python3.10/site-packages/airflow/example_dags/example_latest_only_with_trigger.py
[2024-06-24T17:23:14.915+0000] {processor.py:836} INFO - DAG(s) dict_keys(['latest_only_with_trigger']) retrieved from /usr/local/python/3.10.13/lib/python3.10/site-packages/airflow/example_dags/example_latest_only_with_trigger.py
[2024-06-24T17:23:14.927+0000] {logging_mixin.py:150} INFO - [2024-06-24T17:23:14.927+0000] {dag.py:2742} INFO - Sync 1 DAGs
[2024-06-24T17:23:14.942+0000] {logging_mixin.py:150} INFO - [2024-06-24T17:23:14.941+0000] {dag.py:3504} INFO - Setting next_dagrun for latest_only_with_trigger to 2024-06-24T13:23:14.941832+00:00, run_after=2024-06-24T17:23:14.941832+00:00
[2024-06-24T17:23:14.983+0000] {processor.py:179} INFO - Processing /usr/local/python/3.10.13/lib/python3.10/site-packages/airflow/example_dags/example_latest_only_with_trigger.py took 0.076 seconds
[2024-06-24T17:24:04.401+0000] {processor.py:157} INFO - Started process (PID=16519) to work on /usr/local/python/3.10.13/lib/python3.10/site-packages/airflow/example_dags/example_latest_only_with_trigger.py
[2024-06-24T17:24:04.402+0000] {processor.py:826} INFO - Processing file /usr/local/python/3.10.13/lib/python3.10/site-packages/airflow/example_dags/example_latest_only_with_trigger.py for tasks to queue
[2024-06-24T17:24:04.403+0000] {logging_mixin.py:150} INFO - [2024-06-24T17:24:04.402+0000] {dagbag.py:541} INFO - Filling up the DagBag from /usr/local/python/3.10.13/lib/python3.10/site-packages/airflow/example_dags/example_latest_only_with_trigger.py
[2024-06-24T17:24:04.407+0000] {processor.py:836} INFO - DAG(s) dict_keys(['latest_only_with_trigger']) retrieved from /usr/local/python/3.10.13/lib/python3.10/site-packages/airflow/example_dags/example_latest_only_with_trigger.py
[2024-06-24T17:24:04.420+0000] {logging_mixin.py:150} INFO - [2024-06-24T17:24:04.419+0000] {dag.py:2742} INFO - Sync 1 DAGs
[2024-06-24T17:24:04.435+0000] {logging_mixin.py:150} INFO - [2024-06-24T17:24:04.435+0000] {dag.py:3504} INFO - Setting next_dagrun for latest_only_with_trigger to 2024-06-24T13:24:04.435046+00:00, run_after=2024-06-24T17:24:04.435046+00:00
[2024-06-24T17:24:04.480+0000] {processor.py:179} INFO - Processing /usr/local/python/3.10.13/lib/python3.10/site-packages/airflow/example_dags/example_latest_only_with_trigger.py took 0.081 seconds
[2024-06-24T17:25:00.837+0000] {processor.py:157} INFO - Started process (PID=16924) to work on /usr/local/python/3.10.13/lib/python3.10/site-packages/airflow/example_dags/example_latest_only_with_trigger.py
[2024-06-24T17:25:00.837+0000] {processor.py:826} INFO - Processing file /usr/local/python/3.10.13/lib/python3.10/site-packages/airflow/example_dags/example_latest_only_with_trigger.py for tasks to queue
[2024-06-24T17:25:00.838+0000] {logging_mixin.py:150} INFO - [2024-06-24T17:25:00.838+0000] {dagbag.py:541} INFO - Filling up the DagBag from /usr/local/python/3.10.13/lib/python3.10/site-packages/airflow/example_dags/example_latest_only_with_trigger.py
[2024-06-24T17:25:00.843+0000] {processor.py:836} INFO - DAG(s) dict_keys(['latest_only_with_trigger']) retrieved from /usr/local/python/3.10.13/lib/python3.10/site-packages/airflow/example_dags/example_latest_only_with_trigger.py
[2024-06-24T17:25:00.855+0000] {logging_mixin.py:150} INFO - [2024-06-24T17:25:00.855+0000] {dag.py:2742} INFO - Sync 1 DAGs
[2024-06-24T17:25:00.870+0000] {logging_mixin.py:150} INFO - [2024-06-24T17:25:00.870+0000] {dag.py:3504} INFO - Setting next_dagrun for latest_only_with_trigger to 2024-06-24T13:25:00.869995+00:00, run_after=2024-06-24T17:25:00.869995+00:00
[2024-06-24T17:25:00.907+0000] {processor.py:179} INFO - Processing /usr/local/python/3.10.13/lib/python3.10/site-packages/airflow/example_dags/example_latest_only_with_trigger.py took 0.073 seconds
[2024-06-24T17:25:51.221+0000] {processor.py:157} INFO - Started process (PID=17280) to work on /usr/local/python/3.10.13/lib/python3.10/site-packages/airflow/example_dags/example_latest_only_with_trigger.py
[2024-06-24T17:25:51.221+0000] {processor.py:826} INFO - Processing file /usr/local/python/3.10.13/lib/python3.10/site-packages/airflow/example_dags/example_latest_only_with_trigger.py for tasks to queue
[2024-06-24T17:25:51.222+0000] {logging_mixin.py:150} INFO - [2024-06-24T17:25:51.222+0000] {dagbag.py:541} INFO - Filling up the DagBag from /usr/local/python/3.10.13/lib/python3.10/site-packages/airflow/example_dags/example_latest_only_with_trigger.py
[2024-06-24T17:25:51.227+0000] {processor.py:836} INFO - DAG(s) dict_keys(['latest_only_with_trigger']) retrieved from /usr/local/python/3.10.13/lib/python3.10/site-packages/airflow/example_dags/example_latest_only_with_trigger.py
[2024-06-24T17:25:51.241+0000] {logging_mixin.py:150} INFO - [2024-06-24T17:25:51.241+0000] {dag.py:2742} INFO - Sync 1 DAGs
[2024-06-24T17:25:51.257+0000] {logging_mixin.py:150} INFO - [2024-06-24T17:25:51.256+0000] {dag.py:3504} INFO - Setting next_dagrun for latest_only_with_trigger to 2024-06-24T13:25:51.256702+00:00, run_after=2024-06-24T17:25:51.256702+00:00
[2024-06-24T17:25:51.296+0000] {processor.py:179} INFO - Processing /usr/local/python/3.10.13/lib/python3.10/site-packages/airflow/example_dags/example_latest_only_with_trigger.py took 0.078 seconds
[2024-06-24T17:26:41.168+0000] {processor.py:157} INFO - Started process (PID=17610) to work on /usr/local/python/3.10.13/lib/python3.10/site-packages/airflow/example_dags/example_latest_only_with_trigger.py
[2024-06-24T17:26:41.168+0000] {processor.py:826} INFO - Processing file /usr/local/python/3.10.13/lib/python3.10/site-packages/airflow/example_dags/example_latest_only_with_trigger.py for tasks to queue
[2024-06-24T17:26:41.169+0000] {logging_mixin.py:150} INFO - [2024-06-24T17:26:41.169+0000] {dagbag.py:541} INFO - Filling up the DagBag from /usr/local/python/3.10.13/lib/python3.10/site-packages/airflow/example_dags/example_latest_only_with_trigger.py
[2024-06-24T17:26:41.174+0000] {processor.py:836} INFO - DAG(s) dict_keys(['latest_only_with_trigger']) retrieved from /usr/local/python/3.10.13/lib/python3.10/site-packages/airflow/example_dags/example_latest_only_with_trigger.py
[2024-06-24T17:26:41.185+0000] {logging_mixin.py:150} INFO - [2024-06-24T17:26:41.185+0000] {dag.py:2742} INFO - Sync 1 DAGs
[2024-06-24T17:26:41.200+0000] {logging_mixin.py:150} INFO - [2024-06-24T17:26:41.200+0000] {dag.py:3504} INFO - Setting next_dagrun for latest_only_with_trigger to 2024-06-24T13:26:41.200031+00:00, run_after=2024-06-24T17:26:41.200031+00:00
[2024-06-24T17:26:41.238+0000] {processor.py:179} INFO - Processing /usr/local/python/3.10.13/lib/python3.10/site-packages/airflow/example_dags/example_latest_only_with_trigger.py took 0.073 seconds
[2024-06-24T17:27:32.831+0000] {processor.py:157} INFO - Started process (PID=17989) to work on /usr/local/python/3.10.13/lib/python3.10/site-packages/airflow/example_dags/example_latest_only_with_trigger.py
[2024-06-24T17:27:32.832+0000] {processor.py:826} INFO - Processing file /usr/local/python/3.10.13/lib/python3.10/site-packages/airflow/example_dags/example_latest_only_with_trigger.py for tasks to queue
[2024-06-24T17:27:32.833+0000] {logging_mixin.py:150} INFO - [2024-06-24T17:27:32.832+0000] {dagbag.py:541} INFO - Filling up the DagBag from /usr/local/python/3.10.13/lib/python3.10/site-packages/airflow/example_dags/example_latest_only_with_trigger.py
[2024-06-24T17:27:32.837+0000] {processor.py:836} INFO - DAG(s) dict_keys(['latest_only_with_trigger']) retrieved from /usr/local/python/3.10.13/lib/python3.10/site-packages/airflow/example_dags/example_latest_only_with_trigger.py
[2024-06-24T17:27:32.849+0000] {logging_mixin.py:150} INFO - [2024-06-24T17:27:32.849+0000] {dag.py:2742} INFO - Sync 1 DAGs
[2024-06-24T17:27:32.864+0000] {logging_mixin.py:150} INFO - [2024-06-24T17:27:32.864+0000] {dag.py:3504} INFO - Setting next_dagrun for latest_only_with_trigger to 2024-06-24T13:27:32.864631+00:00, run_after=2024-06-24T17:27:32.864631+00:00
[2024-06-24T17:27:32.902+0000] {processor.py:179} INFO - Processing /usr/local/python/3.10.13/lib/python3.10/site-packages/airflow/example_dags/example_latest_only_with_trigger.py took 0.073 seconds
[2024-06-24T17:28:25.831+0000] {processor.py:157} INFO - Started process (PID=18354) to work on /usr/local/python/3.10.13/lib/python3.10/site-packages/airflow/example_dags/example_latest_only_with_trigger.py
[2024-06-24T17:28:25.832+0000] {processor.py:826} INFO - Processing file /usr/local/python/3.10.13/lib/python3.10/site-packages/airflow/example_dags/example_latest_only_with_trigger.py for tasks to queue
[2024-06-24T17:28:25.832+0000] {logging_mixin.py:150} INFO - [2024-06-24T17:28:25.832+0000] {dagbag.py:541} INFO - Filling up the DagBag from /usr/local/python/3.10.13/lib/python3.10/site-packages/airflow/example_dags/example_latest_only_with_trigger.py
[2024-06-24T17:28:25.837+0000] {processor.py:836} INFO - DAG(s) dict_keys(['latest_only_with_trigger']) retrieved from /usr/local/python/3.10.13/lib/python3.10/site-packages/airflow/example_dags/example_latest_only_with_trigger.py
[2024-06-24T17:28:25.849+0000] {logging_mixin.py:150} INFO - [2024-06-24T17:28:25.849+0000] {dag.py:2742} INFO - Sync 1 DAGs
[2024-06-24T17:28:25.864+0000] {logging_mixin.py:150} INFO - [2024-06-24T17:28:25.864+0000] {dag.py:3504} INFO - Setting next_dagrun for latest_only_with_trigger to 2024-06-24T13:28:25.863950+00:00, run_after=2024-06-24T17:28:25.863950+00:00
[2024-06-24T17:28:25.901+0000] {processor.py:179} INFO - Processing /usr/local/python/3.10.13/lib/python3.10/site-packages/airflow/example_dags/example_latest_only_with_trigger.py took 0.072 seconds
[2024-06-24T17:29:17.871+0000] {processor.py:157} INFO - Started process (PID=18712) to work on /usr/local/python/3.10.13/lib/python3.10/site-packages/airflow/example_dags/example_latest_only_with_trigger.py
[2024-06-24T17:29:17.872+0000] {processor.py:826} INFO - Processing file /usr/local/python/3.10.13/lib/python3.10/site-packages/airflow/example_dags/example_latest_only_with_trigger.py for tasks to queue
[2024-06-24T17:29:17.873+0000] {logging_mixin.py:150} INFO - [2024-06-24T17:29:17.872+0000] {dagbag.py:541} INFO - Filling up the DagBag from /usr/local/python/3.10.13/lib/python3.10/site-packages/airflow/example_dags/example_latest_only_with_trigger.py
[2024-06-24T17:29:17.877+0000] {processor.py:836} INFO - DAG(s) dict_keys(['latest_only_with_trigger']) retrieved from /usr/local/python/3.10.13/lib/python3.10/site-packages/airflow/example_dags/example_latest_only_with_trigger.py
[2024-06-24T17:29:17.889+0000] {logging_mixin.py:150} INFO - [2024-06-24T17:29:17.889+0000] {dag.py:2742} INFO - Sync 1 DAGs
[2024-06-24T17:29:17.904+0000] {logging_mixin.py:150} INFO - [2024-06-24T17:29:17.904+0000] {dag.py:3504} INFO - Setting next_dagrun for latest_only_with_trigger to 2024-06-24T13:29:17.904634+00:00, run_after=2024-06-24T17:29:17.904634+00:00
[2024-06-24T17:29:17.944+0000] {processor.py:179} INFO - Processing /usr/local/python/3.10.13/lib/python3.10/site-packages/airflow/example_dags/example_latest_only_with_trigger.py took 0.075 seconds
[2024-06-24T17:30:10.845+0000] {processor.py:157} INFO - Started process (PID=19076) to work on /usr/local/python/3.10.13/lib/python3.10/site-packages/airflow/example_dags/example_latest_only_with_trigger.py
[2024-06-24T17:30:10.846+0000] {processor.py:826} INFO - Processing file /usr/local/python/3.10.13/lib/python3.10/site-packages/airflow/example_dags/example_latest_only_with_trigger.py for tasks to queue
[2024-06-24T17:30:10.847+0000] {logging_mixin.py:150} INFO - [2024-06-24T17:30:10.847+0000] {dagbag.py:541} INFO - Filling up the DagBag from /usr/local/python/3.10.13/lib/python3.10/site-packages/airflow/example_dags/example_latest_only_with_trigger.py
[2024-06-24T17:30:10.852+0000] {processor.py:836} INFO - DAG(s) dict_keys(['latest_only_with_trigger']) retrieved from /usr/local/python/3.10.13/lib/python3.10/site-packages/airflow/example_dags/example_latest_only_with_trigger.py
[2024-06-24T17:30:10.864+0000] {logging_mixin.py:150} INFO - [2024-06-24T17:30:10.864+0000] {dag.py:2742} INFO - Sync 1 DAGs
[2024-06-24T17:30:10.879+0000] {logging_mixin.py:150} INFO - [2024-06-24T17:30:10.879+0000] {dag.py:3504} INFO - Setting next_dagrun for latest_only_with_trigger to 2024-06-24T13:30:10.879082+00:00, run_after=2024-06-24T17:30:10.879082+00:00
[2024-06-24T17:30:10.920+0000] {processor.py:179} INFO - Processing /usr/local/python/3.10.13/lib/python3.10/site-packages/airflow/example_dags/example_latest_only_with_trigger.py took 0.077 seconds
[2024-06-24T17:31:04.845+0000] {processor.py:157} INFO - Started process (PID=19440) to work on /usr/local/python/3.10.13/lib/python3.10/site-packages/airflow/example_dags/example_latest_only_with_trigger.py
[2024-06-24T17:31:04.845+0000] {processor.py:826} INFO - Processing file /usr/local/python/3.10.13/lib/python3.10/site-packages/airflow/example_dags/example_latest_only_with_trigger.py for tasks to queue
[2024-06-24T17:31:04.846+0000] {logging_mixin.py:150} INFO - [2024-06-24T17:31:04.846+0000] {dagbag.py:541} INFO - Filling up the DagBag from /usr/local/python/3.10.13/lib/python3.10/site-packages/airflow/example_dags/example_latest_only_with_trigger.py
[2024-06-24T17:31:04.851+0000] {processor.py:836} INFO - DAG(s) dict_keys(['latest_only_with_trigger']) retrieved from /usr/local/python/3.10.13/lib/python3.10/site-packages/airflow/example_dags/example_latest_only_with_trigger.py
[2024-06-24T17:31:04.863+0000] {logging_mixin.py:150} INFO - [2024-06-24T17:31:04.863+0000] {dag.py:2742} INFO - Sync 1 DAGs
[2024-06-24T17:31:04.878+0000] {logging_mixin.py:150} INFO - [2024-06-24T17:31:04.878+0000] {dag.py:3504} INFO - Setting next_dagrun for latest_only_with_trigger to 2024-06-24T13:31:04.878526+00:00, run_after=2024-06-24T17:31:04.878526+00:00
[2024-06-24T17:31:04.915+0000] {processor.py:179} INFO - Processing /usr/local/python/3.10.13/lib/python3.10/site-packages/airflow/example_dags/example_latest_only_with_trigger.py took 0.073 seconds
