[2024-06-24T15:55:25.331+0000] {processor.py:157} INFO - Started process (PID=13896) to work on /usr/local/python/3.10.13/lib/python3.10/site-packages/airflow/example_dags/example_bash_operator.py
[2024-06-24T15:55:25.331+0000] {processor.py:826} INFO - Processing file /usr/local/python/3.10.13/lib/python3.10/site-packages/airflow/example_dags/example_bash_operator.py for tasks to queue
[2024-06-24T15:55:25.332+0000] {logging_mixin.py:150} INFO - [2024-06-24T15:55:25.332+0000] {dagbag.py:541} INFO - Filling up the DagBag from /usr/local/python/3.10.13/lib/python3.10/site-packages/airflow/example_dags/example_bash_operator.py
[2024-06-24T15:55:25.340+0000] {processor.py:836} INFO - DAG(s) dict_keys(['example_bash_operator']) retrieved from /usr/local/python/3.10.13/lib/python3.10/site-packages/airflow/example_dags/example_bash_operator.py
[2024-06-24T15:55:25.476+0000] {logging_mixin.py:150} INFO - [2024-06-24T15:55:25.475+0000] {manager.py:504} INFO - Created Permission View: can delete on DAG:example_bash_operator
[2024-06-24T15:55:25.508+0000] {logging_mixin.py:150} INFO - [2024-06-24T15:55:25.508+0000] {manager.py:504} INFO - Created Permission View: can read on DAG:example_bash_operator
[2024-06-24T15:55:25.544+0000] {logging_mixin.py:150} INFO - [2024-06-24T15:55:25.544+0000] {manager.py:504} INFO - Created Permission View: can edit on DAG:example_bash_operator
[2024-06-24T15:55:25.555+0000] {logging_mixin.py:150} INFO - [2024-06-24T15:55:25.555+0000] {dag.py:2742} INFO - Sync 1 DAGs
[2024-06-24T15:55:25.562+0000] {logging_mixin.py:150} INFO - [2024-06-24T15:55:25.562+0000] {dag.py:2763} INFO - Creating ORM DAG for example_bash_operator
[2024-06-24T15:55:25.570+0000] {logging_mixin.py:150} INFO - [2024-06-24T15:55:25.570+0000] {dag.py:3504} INFO - Setting next_dagrun for example_bash_operator to 2024-06-23T00:00:00+00:00, run_after=2024-06-24T00:00:00+00:00
[2024-06-24T15:55:25.619+0000] {processor.py:179} INFO - Processing /usr/local/python/3.10.13/lib/python3.10/site-packages/airflow/example_dags/example_bash_operator.py took 0.290 seconds
[2024-06-24T15:56:23.305+0000] {processor.py:157} INFO - Started process (PID=14321) to work on /usr/local/python/3.10.13/lib/python3.10/site-packages/airflow/example_dags/example_bash_operator.py
[2024-06-24T15:56:23.306+0000] {processor.py:826} INFO - Processing file /usr/local/python/3.10.13/lib/python3.10/site-packages/airflow/example_dags/example_bash_operator.py for tasks to queue
[2024-06-24T15:56:23.307+0000] {logging_mixin.py:150} INFO - [2024-06-24T15:56:23.306+0000] {dagbag.py:541} INFO - Filling up the DagBag from /usr/local/python/3.10.13/lib/python3.10/site-packages/airflow/example_dags/example_bash_operator.py
[2024-06-24T15:56:23.315+0000] {processor.py:836} INFO - DAG(s) dict_keys(['example_bash_operator']) retrieved from /usr/local/python/3.10.13/lib/python3.10/site-packages/airflow/example_dags/example_bash_operator.py
[2024-06-24T15:56:23.333+0000] {logging_mixin.py:150} INFO - [2024-06-24T15:56:23.333+0000] {dag.py:2742} INFO - Sync 1 DAGs
[2024-06-24T15:56:23.351+0000] {logging_mixin.py:150} INFO - [2024-06-24T15:56:23.350+0000] {dag.py:3504} INFO - Setting next_dagrun for example_bash_operator to 2024-06-23T00:00:00+00:00, run_after=2024-06-24T00:00:00+00:00
[2024-06-24T15:56:23.392+0000] {processor.py:179} INFO - Processing /usr/local/python/3.10.13/lib/python3.10/site-packages/airflow/example_dags/example_bash_operator.py took 0.089 seconds
[2024-06-24T16:02:10.305+0000] {processor.py:157} INFO - Started process (PID=16850) to work on /usr/local/python/3.10.13/lib/python3.10/site-packages/airflow/example_dags/example_bash_operator.py
[2024-06-24T16:02:10.306+0000] {processor.py:826} INFO - Processing file /usr/local/python/3.10.13/lib/python3.10/site-packages/airflow/example_dags/example_bash_operator.py for tasks to queue
[2024-06-24T16:02:10.307+0000] {logging_mixin.py:150} INFO - [2024-06-24T16:02:10.306+0000] {dagbag.py:541} INFO - Filling up the DagBag from /usr/local/python/3.10.13/lib/python3.10/site-packages/airflow/example_dags/example_bash_operator.py
[2024-06-24T16:02:10.316+0000] {processor.py:836} INFO - DAG(s) dict_keys(['example_bash_operator']) retrieved from /usr/local/python/3.10.13/lib/python3.10/site-packages/airflow/example_dags/example_bash_operator.py
[2024-06-24T16:02:10.337+0000] {logging_mixin.py:150} INFO - [2024-06-24T16:02:10.336+0000] {dag.py:2742} INFO - Sync 1 DAGs
[2024-06-24T16:02:10.354+0000] {logging_mixin.py:150} INFO - [2024-06-24T16:02:10.354+0000] {dag.py:3504} INFO - Setting next_dagrun for example_bash_operator to 2024-06-23T00:00:00+00:00, run_after=2024-06-24T00:00:00+00:00
[2024-06-24T16:02:10.397+0000] {processor.py:179} INFO - Processing /usr/local/python/3.10.13/lib/python3.10/site-packages/airflow/example_dags/example_bash_operator.py took 0.094 seconds
[2024-06-24T16:03:03.607+0000] {processor.py:157} INFO - Started process (PID=17255) to work on /usr/local/python/3.10.13/lib/python3.10/site-packages/airflow/example_dags/example_bash_operator.py
[2024-06-24T16:03:03.607+0000] {processor.py:826} INFO - Processing file /usr/local/python/3.10.13/lib/python3.10/site-packages/airflow/example_dags/example_bash_operator.py for tasks to queue
[2024-06-24T16:03:03.608+0000] {logging_mixin.py:150} INFO - [2024-06-24T16:03:03.608+0000] {dagbag.py:541} INFO - Filling up the DagBag from /usr/local/python/3.10.13/lib/python3.10/site-packages/airflow/example_dags/example_bash_operator.py
[2024-06-24T16:03:03.618+0000] {processor.py:836} INFO - DAG(s) dict_keys(['example_bash_operator']) retrieved from /usr/local/python/3.10.13/lib/python3.10/site-packages/airflow/example_dags/example_bash_operator.py
[2024-06-24T16:03:03.636+0000] {logging_mixin.py:150} INFO - [2024-06-24T16:03:03.636+0000] {dag.py:2742} INFO - Sync 1 DAGs
[2024-06-24T16:03:03.658+0000] {logging_mixin.py:150} INFO - [2024-06-24T16:03:03.658+0000] {dag.py:3504} INFO - Setting next_dagrun for example_bash_operator to 2024-06-23T00:00:00+00:00, run_after=2024-06-24T00:00:00+00:00
[2024-06-24T16:03:03.702+0000] {processor.py:179} INFO - Processing /usr/local/python/3.10.13/lib/python3.10/site-packages/airflow/example_dags/example_bash_operator.py took 0.098 seconds
[2024-06-24T16:03:50.865+0000] {processor.py:157} INFO - Started process (PID=17634) to work on /usr/local/python/3.10.13/lib/python3.10/site-packages/airflow/example_dags/example_bash_operator.py
[2024-06-24T16:03:50.866+0000] {processor.py:826} INFO - Processing file /usr/local/python/3.10.13/lib/python3.10/site-packages/airflow/example_dags/example_bash_operator.py for tasks to queue
[2024-06-24T16:03:50.867+0000] {logging_mixin.py:150} INFO - [2024-06-24T16:03:50.866+0000] {dagbag.py:541} INFO - Filling up the DagBag from /usr/local/python/3.10.13/lib/python3.10/site-packages/airflow/example_dags/example_bash_operator.py
[2024-06-24T16:03:50.875+0000] {processor.py:836} INFO - DAG(s) dict_keys(['example_bash_operator']) retrieved from /usr/local/python/3.10.13/lib/python3.10/site-packages/airflow/example_dags/example_bash_operator.py
[2024-06-24T16:03:50.895+0000] {logging_mixin.py:150} INFO - [2024-06-24T16:03:50.894+0000] {dag.py:2742} INFO - Sync 1 DAGs
[2024-06-24T16:03:50.911+0000] {logging_mixin.py:150} INFO - [2024-06-24T16:03:50.911+0000] {dag.py:3504} INFO - Setting next_dagrun for example_bash_operator to 2024-06-23T00:00:00+00:00, run_after=2024-06-24T00:00:00+00:00
[2024-06-24T16:03:50.950+0000] {processor.py:179} INFO - Processing /usr/local/python/3.10.13/lib/python3.10/site-packages/airflow/example_dags/example_bash_operator.py took 0.087 seconds
[2024-06-24T16:04:37.711+0000] {processor.py:157} INFO - Started process (PID=17995) to work on /usr/local/python/3.10.13/lib/python3.10/site-packages/airflow/example_dags/example_bash_operator.py
[2024-06-24T16:04:37.712+0000] {processor.py:826} INFO - Processing file /usr/local/python/3.10.13/lib/python3.10/site-packages/airflow/example_dags/example_bash_operator.py for tasks to queue
[2024-06-24T16:04:37.713+0000] {logging_mixin.py:150} INFO - [2024-06-24T16:04:37.713+0000] {dagbag.py:541} INFO - Filling up the DagBag from /usr/local/python/3.10.13/lib/python3.10/site-packages/airflow/example_dags/example_bash_operator.py
[2024-06-24T16:04:37.724+0000] {processor.py:836} INFO - DAG(s) dict_keys(['example_bash_operator']) retrieved from /usr/local/python/3.10.13/lib/python3.10/site-packages/airflow/example_dags/example_bash_operator.py
[2024-06-24T16:04:37.744+0000] {logging_mixin.py:150} INFO - [2024-06-24T16:04:37.744+0000] {dag.py:2742} INFO - Sync 1 DAGs
[2024-06-24T16:04:37.762+0000] {logging_mixin.py:150} INFO - [2024-06-24T16:04:37.762+0000] {dag.py:3504} INFO - Setting next_dagrun for example_bash_operator to 2024-06-23T00:00:00+00:00, run_after=2024-06-24T00:00:00+00:00
[2024-06-24T16:04:37.804+0000] {processor.py:179} INFO - Processing /usr/local/python/3.10.13/lib/python3.10/site-packages/airflow/example_dags/example_bash_operator.py took 0.096 seconds
[2024-06-24T16:05:27.469+0000] {processor.py:157} INFO - Started process (PID=18389) to work on /usr/local/python/3.10.13/lib/python3.10/site-packages/airflow/example_dags/example_bash_operator.py
[2024-06-24T16:05:27.470+0000] {processor.py:826} INFO - Processing file /usr/local/python/3.10.13/lib/python3.10/site-packages/airflow/example_dags/example_bash_operator.py for tasks to queue
[2024-06-24T16:05:27.471+0000] {logging_mixin.py:150} INFO - [2024-06-24T16:05:27.470+0000] {dagbag.py:541} INFO - Filling up the DagBag from /usr/local/python/3.10.13/lib/python3.10/site-packages/airflow/example_dags/example_bash_operator.py
[2024-06-24T16:05:27.479+0000] {processor.py:836} INFO - DAG(s) dict_keys(['example_bash_operator']) retrieved from /usr/local/python/3.10.13/lib/python3.10/site-packages/airflow/example_dags/example_bash_operator.py
[2024-06-24T16:05:27.517+0000] {logging_mixin.py:150} INFO - [2024-06-24T16:05:27.516+0000] {dag.py:2742} INFO - Sync 1 DAGs
[2024-06-24T16:05:27.535+0000] {logging_mixin.py:150} INFO - [2024-06-24T16:05:27.535+0000] {dag.py:3504} INFO - Setting next_dagrun for example_bash_operator to 2024-06-23T00:00:00+00:00, run_after=2024-06-24T00:00:00+00:00
[2024-06-24T16:05:27.582+0000] {processor.py:179} INFO - Processing /usr/local/python/3.10.13/lib/python3.10/site-packages/airflow/example_dags/example_bash_operator.py took 0.115 seconds
[2024-06-24T16:06:12.667+0000] {processor.py:157} INFO - Started process (PID=18729) to work on /usr/local/python/3.10.13/lib/python3.10/site-packages/airflow/example_dags/example_bash_operator.py
[2024-06-24T16:06:12.667+0000] {processor.py:826} INFO - Processing file /usr/local/python/3.10.13/lib/python3.10/site-packages/airflow/example_dags/example_bash_operator.py for tasks to queue
[2024-06-24T16:06:12.668+0000] {logging_mixin.py:150} INFO - [2024-06-24T16:06:12.668+0000] {dagbag.py:541} INFO - Filling up the DagBag from /usr/local/python/3.10.13/lib/python3.10/site-packages/airflow/example_dags/example_bash_operator.py
[2024-06-24T16:06:12.676+0000] {processor.py:836} INFO - DAG(s) dict_keys(['example_bash_operator']) retrieved from /usr/local/python/3.10.13/lib/python3.10/site-packages/airflow/example_dags/example_bash_operator.py
[2024-06-24T16:06:12.705+0000] {logging_mixin.py:150} INFO - [2024-06-24T16:06:12.705+0000] {dag.py:2742} INFO - Sync 1 DAGs
[2024-06-24T16:06:12.731+0000] {logging_mixin.py:150} INFO - [2024-06-24T16:06:12.731+0000] {dag.py:3504} INFO - Setting next_dagrun for example_bash_operator to 2024-06-23T00:00:00+00:00, run_after=2024-06-24T00:00:00+00:00
[2024-06-24T16:06:12.787+0000] {processor.py:179} INFO - Processing /usr/local/python/3.10.13/lib/python3.10/site-packages/airflow/example_dags/example_bash_operator.py took 0.123 seconds
[2024-06-24T16:07:00.210+0000] {processor.py:157} INFO - Started process (PID=19106) to work on /usr/local/python/3.10.13/lib/python3.10/site-packages/airflow/example_dags/example_bash_operator.py
[2024-06-24T16:07:00.210+0000] {processor.py:826} INFO - Processing file /usr/local/python/3.10.13/lib/python3.10/site-packages/airflow/example_dags/example_bash_operator.py for tasks to queue
[2024-06-24T16:07:00.211+0000] {logging_mixin.py:150} INFO - [2024-06-24T16:07:00.211+0000] {dagbag.py:541} INFO - Filling up the DagBag from /usr/local/python/3.10.13/lib/python3.10/site-packages/airflow/example_dags/example_bash_operator.py
[2024-06-24T16:07:00.219+0000] {processor.py:836} INFO - DAG(s) dict_keys(['example_bash_operator']) retrieved from /usr/local/python/3.10.13/lib/python3.10/site-packages/airflow/example_dags/example_bash_operator.py
[2024-06-24T16:07:00.238+0000] {logging_mixin.py:150} INFO - [2024-06-24T16:07:00.238+0000] {dag.py:2742} INFO - Sync 1 DAGs
[2024-06-24T16:07:00.255+0000] {logging_mixin.py:150} INFO - [2024-06-24T16:07:00.255+0000] {dag.py:3504} INFO - Setting next_dagrun for example_bash_operator to 2024-06-23T00:00:00+00:00, run_after=2024-06-24T00:00:00+00:00
[2024-06-24T16:07:00.296+0000] {processor.py:179} INFO - Processing /usr/local/python/3.10.13/lib/python3.10/site-packages/airflow/example_dags/example_bash_operator.py took 0.089 seconds
[2024-06-24T16:07:46.959+0000] {processor.py:157} INFO - Started process (PID=19452) to work on /usr/local/python/3.10.13/lib/python3.10/site-packages/airflow/example_dags/example_bash_operator.py
[2024-06-24T16:07:46.960+0000] {processor.py:826} INFO - Processing file /usr/local/python/3.10.13/lib/python3.10/site-packages/airflow/example_dags/example_bash_operator.py for tasks to queue
[2024-06-24T16:07:46.961+0000] {logging_mixin.py:150} INFO - [2024-06-24T16:07:46.960+0000] {dagbag.py:541} INFO - Filling up the DagBag from /usr/local/python/3.10.13/lib/python3.10/site-packages/airflow/example_dags/example_bash_operator.py
[2024-06-24T16:07:46.969+0000] {processor.py:836} INFO - DAG(s) dict_keys(['example_bash_operator']) retrieved from /usr/local/python/3.10.13/lib/python3.10/site-packages/airflow/example_dags/example_bash_operator.py
[2024-06-24T16:07:46.987+0000] {logging_mixin.py:150} INFO - [2024-06-24T16:07:46.987+0000] {dag.py:2742} INFO - Sync 1 DAGs
[2024-06-24T16:07:47.003+0000] {logging_mixin.py:150} INFO - [2024-06-24T16:07:47.003+0000] {dag.py:3504} INFO - Setting next_dagrun for example_bash_operator to 2024-06-23T00:00:00+00:00, run_after=2024-06-24T00:00:00+00:00
[2024-06-24T16:07:47.054+0000] {processor.py:179} INFO - Processing /usr/local/python/3.10.13/lib/python3.10/site-packages/airflow/example_dags/example_bash_operator.py took 0.096 seconds
[2024-06-24T16:08:37.010+0000] {processor.py:157} INFO - Started process (PID=19843) to work on /usr/local/python/3.10.13/lib/python3.10/site-packages/airflow/example_dags/example_bash_operator.py
[2024-06-24T16:08:37.010+0000] {processor.py:826} INFO - Processing file /usr/local/python/3.10.13/lib/python3.10/site-packages/airflow/example_dags/example_bash_operator.py for tasks to queue
[2024-06-24T16:08:37.011+0000] {logging_mixin.py:150} INFO - [2024-06-24T16:08:37.011+0000] {dagbag.py:541} INFO - Filling up the DagBag from /usr/local/python/3.10.13/lib/python3.10/site-packages/airflow/example_dags/example_bash_operator.py
[2024-06-24T16:08:37.020+0000] {processor.py:836} INFO - DAG(s) dict_keys(['example_bash_operator']) retrieved from /usr/local/python/3.10.13/lib/python3.10/site-packages/airflow/example_dags/example_bash_operator.py
[2024-06-24T16:08:37.039+0000] {logging_mixin.py:150} INFO - [2024-06-24T16:08:37.039+0000] {dag.py:2742} INFO - Sync 1 DAGs
[2024-06-24T16:08:37.056+0000] {logging_mixin.py:150} INFO - [2024-06-24T16:08:37.056+0000] {dag.py:3504} INFO - Setting next_dagrun for example_bash_operator to 2024-06-23T00:00:00+00:00, run_after=2024-06-24T00:00:00+00:00
[2024-06-24T16:08:37.101+0000] {processor.py:179} INFO - Processing /usr/local/python/3.10.13/lib/python3.10/site-packages/airflow/example_dags/example_bash_operator.py took 0.093 seconds
[2024-06-24T16:09:23.681+0000] {processor.py:157} INFO - Started process (PID=20182) to work on /usr/local/python/3.10.13/lib/python3.10/site-packages/airflow/example_dags/example_bash_operator.py
[2024-06-24T16:09:23.682+0000] {processor.py:826} INFO - Processing file /usr/local/python/3.10.13/lib/python3.10/site-packages/airflow/example_dags/example_bash_operator.py for tasks to queue
[2024-06-24T16:09:23.682+0000] {logging_mixin.py:150} INFO - [2024-06-24T16:09:23.682+0000] {dagbag.py:541} INFO - Filling up the DagBag from /usr/local/python/3.10.13/lib/python3.10/site-packages/airflow/example_dags/example_bash_operator.py
[2024-06-24T16:09:23.690+0000] {processor.py:836} INFO - DAG(s) dict_keys(['example_bash_operator']) retrieved from /usr/local/python/3.10.13/lib/python3.10/site-packages/airflow/example_dags/example_bash_operator.py
[2024-06-24T16:09:23.709+0000] {logging_mixin.py:150} INFO - [2024-06-24T16:09:23.708+0000] {dag.py:2742} INFO - Sync 1 DAGs
[2024-06-24T16:09:23.725+0000] {logging_mixin.py:150} INFO - [2024-06-24T16:09:23.725+0000] {dag.py:3504} INFO - Setting next_dagrun for example_bash_operator to 2024-06-23T00:00:00+00:00, run_after=2024-06-24T00:00:00+00:00
[2024-06-24T16:09:23.768+0000] {processor.py:179} INFO - Processing /usr/local/python/3.10.13/lib/python3.10/site-packages/airflow/example_dags/example_bash_operator.py took 0.090 seconds
[2024-06-24T16:10:10.308+0000] {processor.py:157} INFO - Started process (PID=20504) to work on /usr/local/python/3.10.13/lib/python3.10/site-packages/airflow/example_dags/example_bash_operator.py
[2024-06-24T16:10:10.308+0000] {processor.py:826} INFO - Processing file /usr/local/python/3.10.13/lib/python3.10/site-packages/airflow/example_dags/example_bash_operator.py for tasks to queue
[2024-06-24T16:10:10.309+0000] {logging_mixin.py:150} INFO - [2024-06-24T16:10:10.309+0000] {dagbag.py:541} INFO - Filling up the DagBag from /usr/local/python/3.10.13/lib/python3.10/site-packages/airflow/example_dags/example_bash_operator.py
[2024-06-24T16:10:10.318+0000] {processor.py:836} INFO - DAG(s) dict_keys(['example_bash_operator']) retrieved from /usr/local/python/3.10.13/lib/python3.10/site-packages/airflow/example_dags/example_bash_operator.py
[2024-06-24T16:10:10.336+0000] {logging_mixin.py:150} INFO - [2024-06-24T16:10:10.336+0000] {dag.py:2742} INFO - Sync 1 DAGs
[2024-06-24T16:10:10.353+0000] {logging_mixin.py:150} INFO - [2024-06-24T16:10:10.353+0000] {dag.py:3504} INFO - Setting next_dagrun for example_bash_operator to 2024-06-23T00:00:00+00:00, run_after=2024-06-24T00:00:00+00:00
[2024-06-24T16:10:10.398+0000] {processor.py:179} INFO - Processing /usr/local/python/3.10.13/lib/python3.10/site-packages/airflow/example_dags/example_bash_operator.py took 0.093 seconds
[2024-06-24T16:10:57.265+0000] {processor.py:157} INFO - Started process (PID=20840) to work on /usr/local/python/3.10.13/lib/python3.10/site-packages/airflow/example_dags/example_bash_operator.py
[2024-06-24T16:10:57.265+0000] {processor.py:826} INFO - Processing file /usr/local/python/3.10.13/lib/python3.10/site-packages/airflow/example_dags/example_bash_operator.py for tasks to queue
[2024-06-24T16:10:57.266+0000] {logging_mixin.py:150} INFO - [2024-06-24T16:10:57.266+0000] {dagbag.py:541} INFO - Filling up the DagBag from /usr/local/python/3.10.13/lib/python3.10/site-packages/airflow/example_dags/example_bash_operator.py
[2024-06-24T16:10:57.274+0000] {processor.py:836} INFO - DAG(s) dict_keys(['example_bash_operator']) retrieved from /usr/local/python/3.10.13/lib/python3.10/site-packages/airflow/example_dags/example_bash_operator.py
[2024-06-24T16:10:57.293+0000] {logging_mixin.py:150} INFO - [2024-06-24T16:10:57.293+0000] {dag.py:2742} INFO - Sync 1 DAGs
[2024-06-24T16:10:57.310+0000] {logging_mixin.py:150} INFO - [2024-06-24T16:10:57.310+0000] {dag.py:3504} INFO - Setting next_dagrun for example_bash_operator to 2024-06-23T00:00:00+00:00, run_after=2024-06-24T00:00:00+00:00
[2024-06-24T16:10:57.348+0000] {processor.py:179} INFO - Processing /usr/local/python/3.10.13/lib/python3.10/site-packages/airflow/example_dags/example_bash_operator.py took 0.086 seconds
[2024-06-24T16:11:46.390+0000] {processor.py:157} INFO - Started process (PID=21179) to work on /usr/local/python/3.10.13/lib/python3.10/site-packages/airflow/example_dags/example_bash_operator.py
[2024-06-24T16:11:46.391+0000] {processor.py:826} INFO - Processing file /usr/local/python/3.10.13/lib/python3.10/site-packages/airflow/example_dags/example_bash_operator.py for tasks to queue
[2024-06-24T16:11:46.392+0000] {logging_mixin.py:150} INFO - [2024-06-24T16:11:46.391+0000] {dagbag.py:541} INFO - Filling up the DagBag from /usr/local/python/3.10.13/lib/python3.10/site-packages/airflow/example_dags/example_bash_operator.py
[2024-06-24T16:11:46.400+0000] {processor.py:836} INFO - DAG(s) dict_keys(['example_bash_operator']) retrieved from /usr/local/python/3.10.13/lib/python3.10/site-packages/airflow/example_dags/example_bash_operator.py
[2024-06-24T16:11:46.419+0000] {logging_mixin.py:150} INFO - [2024-06-24T16:11:46.419+0000] {dag.py:2742} INFO - Sync 1 DAGs
[2024-06-24T16:11:46.436+0000] {logging_mixin.py:150} INFO - [2024-06-24T16:11:46.436+0000] {dag.py:3504} INFO - Setting next_dagrun for example_bash_operator to 2024-06-23T00:00:00+00:00, run_after=2024-06-24T00:00:00+00:00
[2024-06-24T16:11:46.478+0000] {processor.py:179} INFO - Processing /usr/local/python/3.10.13/lib/python3.10/site-packages/airflow/example_dags/example_bash_operator.py took 0.090 seconds
[2024-06-24T16:12:35.462+0000] {processor.py:157} INFO - Started process (PID=21523) to work on /usr/local/python/3.10.13/lib/python3.10/site-packages/airflow/example_dags/example_bash_operator.py
[2024-06-24T16:12:35.462+0000] {processor.py:826} INFO - Processing file /usr/local/python/3.10.13/lib/python3.10/site-packages/airflow/example_dags/example_bash_operator.py for tasks to queue
[2024-06-24T16:12:35.463+0000] {logging_mixin.py:150} INFO - [2024-06-24T16:12:35.463+0000] {dagbag.py:541} INFO - Filling up the DagBag from /usr/local/python/3.10.13/lib/python3.10/site-packages/airflow/example_dags/example_bash_operator.py
[2024-06-24T16:12:35.471+0000] {processor.py:836} INFO - DAG(s) dict_keys(['example_bash_operator']) retrieved from /usr/local/python/3.10.13/lib/python3.10/site-packages/airflow/example_dags/example_bash_operator.py
[2024-06-24T16:12:35.491+0000] {logging_mixin.py:150} INFO - [2024-06-24T16:12:35.491+0000] {dag.py:2742} INFO - Sync 1 DAGs
[2024-06-24T16:12:35.510+0000] {logging_mixin.py:150} INFO - [2024-06-24T16:12:35.510+0000] {dag.py:3504} INFO - Setting next_dagrun for example_bash_operator to 2024-06-23T00:00:00+00:00, run_after=2024-06-24T00:00:00+00:00
[2024-06-24T16:12:35.554+0000] {processor.py:179} INFO - Processing /usr/local/python/3.10.13/lib/python3.10/site-packages/airflow/example_dags/example_bash_operator.py took 0.095 seconds
[2024-06-24T16:13:24.418+0000] {processor.py:157} INFO - Started process (PID=21858) to work on /usr/local/python/3.10.13/lib/python3.10/site-packages/airflow/example_dags/example_bash_operator.py
[2024-06-24T16:13:24.419+0000] {processor.py:826} INFO - Processing file /usr/local/python/3.10.13/lib/python3.10/site-packages/airflow/example_dags/example_bash_operator.py for tasks to queue
[2024-06-24T16:13:24.419+0000] {logging_mixin.py:150} INFO - [2024-06-24T16:13:24.419+0000] {dagbag.py:541} INFO - Filling up the DagBag from /usr/local/python/3.10.13/lib/python3.10/site-packages/airflow/example_dags/example_bash_operator.py
[2024-06-24T16:13:24.433+0000] {processor.py:836} INFO - DAG(s) dict_keys(['example_bash_operator']) retrieved from /usr/local/python/3.10.13/lib/python3.10/site-packages/airflow/example_dags/example_bash_operator.py
[2024-06-24T16:13:24.466+0000] {logging_mixin.py:150} INFO - [2024-06-24T16:13:24.465+0000] {dag.py:2742} INFO - Sync 1 DAGs
[2024-06-24T16:13:24.496+0000] {logging_mixin.py:150} INFO - [2024-06-24T16:13:24.496+0000] {dag.py:3504} INFO - Setting next_dagrun for example_bash_operator to 2024-06-23T00:00:00+00:00, run_after=2024-06-24T00:00:00+00:00
[2024-06-24T16:13:24.539+0000] {processor.py:179} INFO - Processing /usr/local/python/3.10.13/lib/python3.10/site-packages/airflow/example_dags/example_bash_operator.py took 0.123 seconds
[2024-06-24T16:14:11.054+0000] {processor.py:157} INFO - Started process (PID=22175) to work on /usr/local/python/3.10.13/lib/python3.10/site-packages/airflow/example_dags/example_bash_operator.py
[2024-06-24T16:14:11.054+0000] {processor.py:826} INFO - Processing file /usr/local/python/3.10.13/lib/python3.10/site-packages/airflow/example_dags/example_bash_operator.py for tasks to queue
[2024-06-24T16:14:11.055+0000] {logging_mixin.py:150} INFO - [2024-06-24T16:14:11.055+0000] {dagbag.py:541} INFO - Filling up the DagBag from /usr/local/python/3.10.13/lib/python3.10/site-packages/airflow/example_dags/example_bash_operator.py
[2024-06-24T16:14:11.063+0000] {processor.py:836} INFO - DAG(s) dict_keys(['example_bash_operator']) retrieved from /usr/local/python/3.10.13/lib/python3.10/site-packages/airflow/example_dags/example_bash_operator.py
[2024-06-24T16:14:11.083+0000] {logging_mixin.py:150} INFO - [2024-06-24T16:14:11.082+0000] {dag.py:2742} INFO - Sync 1 DAGs
[2024-06-24T16:14:11.100+0000] {logging_mixin.py:150} INFO - [2024-06-24T16:14:11.100+0000] {dag.py:3504} INFO - Setting next_dagrun for example_bash_operator to 2024-06-23T00:00:00+00:00, run_after=2024-06-24T00:00:00+00:00
[2024-06-24T16:14:11.145+0000] {processor.py:179} INFO - Processing /usr/local/python/3.10.13/lib/python3.10/site-packages/airflow/example_dags/example_bash_operator.py took 0.094 seconds
[2024-06-24T16:14:56.707+0000] {processor.py:157} INFO - Started process (PID=22502) to work on /usr/local/python/3.10.13/lib/python3.10/site-packages/airflow/example_dags/example_bash_operator.py
[2024-06-24T16:14:56.708+0000] {processor.py:826} INFO - Processing file /usr/local/python/3.10.13/lib/python3.10/site-packages/airflow/example_dags/example_bash_operator.py for tasks to queue
[2024-06-24T16:14:56.708+0000] {logging_mixin.py:150} INFO - [2024-06-24T16:14:56.708+0000] {dagbag.py:541} INFO - Filling up the DagBag from /usr/local/python/3.10.13/lib/python3.10/site-packages/airflow/example_dags/example_bash_operator.py
[2024-06-24T16:14:56.717+0000] {processor.py:836} INFO - DAG(s) dict_keys(['example_bash_operator']) retrieved from /usr/local/python/3.10.13/lib/python3.10/site-packages/airflow/example_dags/example_bash_operator.py
[2024-06-24T16:14:56.734+0000] {logging_mixin.py:150} INFO - [2024-06-24T16:14:56.734+0000] {dag.py:2742} INFO - Sync 1 DAGs
[2024-06-24T16:14:56.751+0000] {logging_mixin.py:150} INFO - [2024-06-24T16:14:56.751+0000] {dag.py:3504} INFO - Setting next_dagrun for example_bash_operator to 2024-06-23T00:00:00+00:00, run_after=2024-06-24T00:00:00+00:00
[2024-06-24T16:14:56.791+0000] {processor.py:179} INFO - Processing /usr/local/python/3.10.13/lib/python3.10/site-packages/airflow/example_dags/example_bash_operator.py took 0.086 seconds
[2024-06-24T16:15:40.688+0000] {processor.py:157} INFO - Started process (PID=22804) to work on /usr/local/python/3.10.13/lib/python3.10/site-packages/airflow/example_dags/example_bash_operator.py
[2024-06-24T16:15:40.688+0000] {processor.py:826} INFO - Processing file /usr/local/python/3.10.13/lib/python3.10/site-packages/airflow/example_dags/example_bash_operator.py for tasks to queue
[2024-06-24T16:15:40.689+0000] {logging_mixin.py:150} INFO - [2024-06-24T16:15:40.689+0000] {dagbag.py:541} INFO - Filling up the DagBag from /usr/local/python/3.10.13/lib/python3.10/site-packages/airflow/example_dags/example_bash_operator.py
[2024-06-24T16:15:40.697+0000] {processor.py:836} INFO - DAG(s) dict_keys(['example_bash_operator']) retrieved from /usr/local/python/3.10.13/lib/python3.10/site-packages/airflow/example_dags/example_bash_operator.py
[2024-06-24T16:15:40.716+0000] {logging_mixin.py:150} INFO - [2024-06-24T16:15:40.715+0000] {dag.py:2742} INFO - Sync 1 DAGs
[2024-06-24T16:15:40.732+0000] {logging_mixin.py:150} INFO - [2024-06-24T16:15:40.732+0000] {dag.py:3504} INFO - Setting next_dagrun for example_bash_operator to 2024-06-23T00:00:00+00:00, run_after=2024-06-24T00:00:00+00:00
[2024-06-24T16:15:40.770+0000] {processor.py:179} INFO - Processing /usr/local/python/3.10.13/lib/python3.10/site-packages/airflow/example_dags/example_bash_operator.py took 0.085 seconds
[2024-06-24T16:16:26.774+0000] {processor.py:157} INFO - Started process (PID=23105) to work on /usr/local/python/3.10.13/lib/python3.10/site-packages/airflow/example_dags/example_bash_operator.py
[2024-06-24T16:16:26.775+0000] {processor.py:826} INFO - Processing file /usr/local/python/3.10.13/lib/python3.10/site-packages/airflow/example_dags/example_bash_operator.py for tasks to queue
[2024-06-24T16:16:26.776+0000] {logging_mixin.py:150} INFO - [2024-06-24T16:16:26.775+0000] {dagbag.py:541} INFO - Filling up the DagBag from /usr/local/python/3.10.13/lib/python3.10/site-packages/airflow/example_dags/example_bash_operator.py
[2024-06-24T16:16:26.784+0000] {processor.py:836} INFO - DAG(s) dict_keys(['example_bash_operator']) retrieved from /usr/local/python/3.10.13/lib/python3.10/site-packages/airflow/example_dags/example_bash_operator.py
[2024-06-24T16:16:26.803+0000] {logging_mixin.py:150} INFO - [2024-06-24T16:16:26.802+0000] {dag.py:2742} INFO - Sync 1 DAGs
[2024-06-24T16:16:26.819+0000] {logging_mixin.py:150} INFO - [2024-06-24T16:16:26.819+0000] {dag.py:3504} INFO - Setting next_dagrun for example_bash_operator to 2024-06-23T00:00:00+00:00, run_after=2024-06-24T00:00:00+00:00
[2024-06-24T16:16:26.860+0000] {processor.py:179} INFO - Processing /usr/local/python/3.10.13/lib/python3.10/site-packages/airflow/example_dags/example_bash_operator.py took 0.088 seconds
[2024-06-24T16:17:12.151+0000] {processor.py:157} INFO - Started process (PID=23440) to work on /usr/local/python/3.10.13/lib/python3.10/site-packages/airflow/example_dags/example_bash_operator.py
[2024-06-24T16:17:12.152+0000] {processor.py:826} INFO - Processing file /usr/local/python/3.10.13/lib/python3.10/site-packages/airflow/example_dags/example_bash_operator.py for tasks to queue
[2024-06-24T16:17:12.152+0000] {logging_mixin.py:150} INFO - [2024-06-24T16:17:12.152+0000] {dagbag.py:541} INFO - Filling up the DagBag from /usr/local/python/3.10.13/lib/python3.10/site-packages/airflow/example_dags/example_bash_operator.py
[2024-06-24T16:17:12.161+0000] {processor.py:836} INFO - DAG(s) dict_keys(['example_bash_operator']) retrieved from /usr/local/python/3.10.13/lib/python3.10/site-packages/airflow/example_dags/example_bash_operator.py
[2024-06-24T16:17:12.179+0000] {logging_mixin.py:150} INFO - [2024-06-24T16:17:12.178+0000] {dag.py:2742} INFO - Sync 1 DAGs
[2024-06-24T16:17:12.195+0000] {logging_mixin.py:150} INFO - [2024-06-24T16:17:12.195+0000] {dag.py:3504} INFO - Setting next_dagrun for example_bash_operator to 2024-06-23T00:00:00+00:00, run_after=2024-06-24T00:00:00+00:00
[2024-06-24T16:17:12.233+0000] {processor.py:179} INFO - Processing /usr/local/python/3.10.13/lib/python3.10/site-packages/airflow/example_dags/example_bash_operator.py took 0.084 seconds
[2024-06-24T16:17:58.689+0000] {processor.py:157} INFO - Started process (PID=23741) to work on /usr/local/python/3.10.13/lib/python3.10/site-packages/airflow/example_dags/example_bash_operator.py
[2024-06-24T16:17:58.690+0000] {processor.py:826} INFO - Processing file /usr/local/python/3.10.13/lib/python3.10/site-packages/airflow/example_dags/example_bash_operator.py for tasks to queue
[2024-06-24T16:17:58.690+0000] {logging_mixin.py:150} INFO - [2024-06-24T16:17:58.690+0000] {dagbag.py:541} INFO - Filling up the DagBag from /usr/local/python/3.10.13/lib/python3.10/site-packages/airflow/example_dags/example_bash_operator.py
[2024-06-24T16:17:58.699+0000] {processor.py:836} INFO - DAG(s) dict_keys(['example_bash_operator']) retrieved from /usr/local/python/3.10.13/lib/python3.10/site-packages/airflow/example_dags/example_bash_operator.py
[2024-06-24T16:17:58.717+0000] {logging_mixin.py:150} INFO - [2024-06-24T16:17:58.717+0000] {dag.py:2742} INFO - Sync 1 DAGs
[2024-06-24T16:17:58.733+0000] {logging_mixin.py:150} INFO - [2024-06-24T16:17:58.733+0000] {dag.py:3504} INFO - Setting next_dagrun for example_bash_operator to 2024-06-23T00:00:00+00:00, run_after=2024-06-24T00:00:00+00:00
[2024-06-24T16:17:58.788+0000] {processor.py:179} INFO - Processing /usr/local/python/3.10.13/lib/python3.10/site-packages/airflow/example_dags/example_bash_operator.py took 0.101 seconds
[2024-06-24T16:18:42.221+0000] {processor.py:157} INFO - Started process (PID=24063) to work on /usr/local/python/3.10.13/lib/python3.10/site-packages/airflow/example_dags/example_bash_operator.py
[2024-06-24T16:18:42.222+0000] {processor.py:826} INFO - Processing file /usr/local/python/3.10.13/lib/python3.10/site-packages/airflow/example_dags/example_bash_operator.py for tasks to queue
[2024-06-24T16:18:42.223+0000] {logging_mixin.py:150} INFO - [2024-06-24T16:18:42.223+0000] {dagbag.py:541} INFO - Filling up the DagBag from /usr/local/python/3.10.13/lib/python3.10/site-packages/airflow/example_dags/example_bash_operator.py
[2024-06-24T16:18:42.231+0000] {processor.py:836} INFO - DAG(s) dict_keys(['example_bash_operator']) retrieved from /usr/local/python/3.10.13/lib/python3.10/site-packages/airflow/example_dags/example_bash_operator.py
[2024-06-24T16:18:42.259+0000] {logging_mixin.py:150} INFO - [2024-06-24T16:18:42.259+0000] {dag.py:2742} INFO - Sync 1 DAGs
[2024-06-24T16:18:42.286+0000] {logging_mixin.py:150} INFO - [2024-06-24T16:18:42.285+0000] {dag.py:3504} INFO - Setting next_dagrun for example_bash_operator to 2024-06-23T00:00:00+00:00, run_after=2024-06-24T00:00:00+00:00
[2024-06-24T16:18:42.328+0000] {processor.py:179} INFO - Processing /usr/local/python/3.10.13/lib/python3.10/site-packages/airflow/example_dags/example_bash_operator.py took 0.109 seconds
[2024-06-24T16:19:30.558+0000] {processor.py:157} INFO - Started process (PID=24379) to work on /usr/local/python/3.10.13/lib/python3.10/site-packages/airflow/example_dags/example_bash_operator.py
[2024-06-24T16:19:30.559+0000] {processor.py:826} INFO - Processing file /usr/local/python/3.10.13/lib/python3.10/site-packages/airflow/example_dags/example_bash_operator.py for tasks to queue
[2024-06-24T16:19:30.559+0000] {logging_mixin.py:150} INFO - [2024-06-24T16:19:30.559+0000] {dagbag.py:541} INFO - Filling up the DagBag from /usr/local/python/3.10.13/lib/python3.10/site-packages/airflow/example_dags/example_bash_operator.py
[2024-06-24T16:19:30.568+0000] {processor.py:836} INFO - DAG(s) dict_keys(['example_bash_operator']) retrieved from /usr/local/python/3.10.13/lib/python3.10/site-packages/airflow/example_dags/example_bash_operator.py
[2024-06-24T16:19:30.586+0000] {logging_mixin.py:150} INFO - [2024-06-24T16:19:30.586+0000] {dag.py:2742} INFO - Sync 1 DAGs
[2024-06-24T16:19:30.604+0000] {logging_mixin.py:150} INFO - [2024-06-24T16:19:30.603+0000] {dag.py:3504} INFO - Setting next_dagrun for example_bash_operator to 2024-06-23T00:00:00+00:00, run_after=2024-06-24T00:00:00+00:00
[2024-06-24T16:19:30.658+0000] {processor.py:179} INFO - Processing /usr/local/python/3.10.13/lib/python3.10/site-packages/airflow/example_dags/example_bash_operator.py took 0.102 seconds
[2024-06-24T16:20:18.196+0000] {processor.py:157} INFO - Started process (PID=24717) to work on /usr/local/python/3.10.13/lib/python3.10/site-packages/airflow/example_dags/example_bash_operator.py
[2024-06-24T16:20:18.197+0000] {processor.py:826} INFO - Processing file /usr/local/python/3.10.13/lib/python3.10/site-packages/airflow/example_dags/example_bash_operator.py for tasks to queue
[2024-06-24T16:20:18.197+0000] {logging_mixin.py:150} INFO - [2024-06-24T16:20:18.197+0000] {dagbag.py:541} INFO - Filling up the DagBag from /usr/local/python/3.10.13/lib/python3.10/site-packages/airflow/example_dags/example_bash_operator.py
[2024-06-24T16:20:18.206+0000] {processor.py:836} INFO - DAG(s) dict_keys(['example_bash_operator']) retrieved from /usr/local/python/3.10.13/lib/python3.10/site-packages/airflow/example_dags/example_bash_operator.py
[2024-06-24T16:20:18.225+0000] {logging_mixin.py:150} INFO - [2024-06-24T16:20:18.225+0000] {dag.py:2742} INFO - Sync 1 DAGs
[2024-06-24T16:20:18.242+0000] {logging_mixin.py:150} INFO - [2024-06-24T16:20:18.241+0000] {dag.py:3504} INFO - Setting next_dagrun for example_bash_operator to 2024-06-23T00:00:00+00:00, run_after=2024-06-24T00:00:00+00:00
[2024-06-24T16:20:18.284+0000] {processor.py:179} INFO - Processing /usr/local/python/3.10.13/lib/python3.10/site-packages/airflow/example_dags/example_bash_operator.py took 0.090 seconds
[2024-06-24T16:21:02.607+0000] {processor.py:157} INFO - Started process (PID=25032) to work on /usr/local/python/3.10.13/lib/python3.10/site-packages/airflow/example_dags/example_bash_operator.py
[2024-06-24T16:21:02.607+0000] {processor.py:826} INFO - Processing file /usr/local/python/3.10.13/lib/python3.10/site-packages/airflow/example_dags/example_bash_operator.py for tasks to queue
[2024-06-24T16:21:02.608+0000] {logging_mixin.py:150} INFO - [2024-06-24T16:21:02.608+0000] {dagbag.py:541} INFO - Filling up the DagBag from /usr/local/python/3.10.13/lib/python3.10/site-packages/airflow/example_dags/example_bash_operator.py
[2024-06-24T16:21:02.617+0000] {processor.py:836} INFO - DAG(s) dict_keys(['example_bash_operator']) retrieved from /usr/local/python/3.10.13/lib/python3.10/site-packages/airflow/example_dags/example_bash_operator.py
[2024-06-24T16:21:02.636+0000] {logging_mixin.py:150} INFO - [2024-06-24T16:21:02.636+0000] {dag.py:2742} INFO - Sync 1 DAGs
[2024-06-24T16:21:02.652+0000] {logging_mixin.py:150} INFO - [2024-06-24T16:21:02.652+0000] {dag.py:3504} INFO - Setting next_dagrun for example_bash_operator to 2024-06-23T00:00:00+00:00, run_after=2024-06-24T00:00:00+00:00
[2024-06-24T16:21:02.691+0000] {processor.py:179} INFO - Processing /usr/local/python/3.10.13/lib/python3.10/site-packages/airflow/example_dags/example_bash_operator.py took 0.086 seconds
[2024-06-24T16:21:53.350+0000] {processor.py:157} INFO - Started process (PID=25392) to work on /usr/local/python/3.10.13/lib/python3.10/site-packages/airflow/example_dags/example_bash_operator.py
[2024-06-24T16:21:53.351+0000] {processor.py:826} INFO - Processing file /usr/local/python/3.10.13/lib/python3.10/site-packages/airflow/example_dags/example_bash_operator.py for tasks to queue
[2024-06-24T16:21:53.351+0000] {logging_mixin.py:150} INFO - [2024-06-24T16:21:53.351+0000] {dagbag.py:541} INFO - Filling up the DagBag from /usr/local/python/3.10.13/lib/python3.10/site-packages/airflow/example_dags/example_bash_operator.py
[2024-06-24T16:21:53.360+0000] {processor.py:836} INFO - DAG(s) dict_keys(['example_bash_operator']) retrieved from /usr/local/python/3.10.13/lib/python3.10/site-packages/airflow/example_dags/example_bash_operator.py
[2024-06-24T16:21:53.379+0000] {logging_mixin.py:150} INFO - [2024-06-24T16:21:53.379+0000] {dag.py:2742} INFO - Sync 1 DAGs
[2024-06-24T16:21:53.397+0000] {logging_mixin.py:150} INFO - [2024-06-24T16:21:53.397+0000] {dag.py:3504} INFO - Setting next_dagrun for example_bash_operator to 2024-06-23T00:00:00+00:00, run_after=2024-06-24T00:00:00+00:00
[2024-06-24T16:21:53.437+0000] {processor.py:179} INFO - Processing /usr/local/python/3.10.13/lib/python3.10/site-packages/airflow/example_dags/example_bash_operator.py took 0.089 seconds
[2024-06-24T16:22:42.843+0000] {processor.py:157} INFO - Started process (PID=25721) to work on /usr/local/python/3.10.13/lib/python3.10/site-packages/airflow/example_dags/example_bash_operator.py
[2024-06-24T16:22:42.843+0000] {processor.py:826} INFO - Processing file /usr/local/python/3.10.13/lib/python3.10/site-packages/airflow/example_dags/example_bash_operator.py for tasks to queue
[2024-06-24T16:22:42.844+0000] {logging_mixin.py:150} INFO - [2024-06-24T16:22:42.844+0000] {dagbag.py:541} INFO - Filling up the DagBag from /usr/local/python/3.10.13/lib/python3.10/site-packages/airflow/example_dags/example_bash_operator.py
[2024-06-24T16:22:42.852+0000] {processor.py:836} INFO - DAG(s) dict_keys(['example_bash_operator']) retrieved from /usr/local/python/3.10.13/lib/python3.10/site-packages/airflow/example_dags/example_bash_operator.py
[2024-06-24T16:22:42.871+0000] {logging_mixin.py:150} INFO - [2024-06-24T16:22:42.871+0000] {dag.py:2742} INFO - Sync 1 DAGs
[2024-06-24T16:22:42.888+0000] {logging_mixin.py:150} INFO - [2024-06-24T16:22:42.887+0000] {dag.py:3504} INFO - Setting next_dagrun for example_bash_operator to 2024-06-23T00:00:00+00:00, run_after=2024-06-24T00:00:00+00:00
[2024-06-24T16:22:42.929+0000] {processor.py:179} INFO - Processing /usr/local/python/3.10.13/lib/python3.10/site-packages/airflow/example_dags/example_bash_operator.py took 0.089 seconds
[2024-06-24T16:23:26.787+0000] {processor.py:157} INFO - Started process (PID=26036) to work on /usr/local/python/3.10.13/lib/python3.10/site-packages/airflow/example_dags/example_bash_operator.py
[2024-06-24T16:23:26.788+0000] {processor.py:826} INFO - Processing file /usr/local/python/3.10.13/lib/python3.10/site-packages/airflow/example_dags/example_bash_operator.py for tasks to queue
[2024-06-24T16:23:26.788+0000] {logging_mixin.py:150} INFO - [2024-06-24T16:23:26.788+0000] {dagbag.py:541} INFO - Filling up the DagBag from /usr/local/python/3.10.13/lib/python3.10/site-packages/airflow/example_dags/example_bash_operator.py
[2024-06-24T16:23:26.796+0000] {processor.py:836} INFO - DAG(s) dict_keys(['example_bash_operator']) retrieved from /usr/local/python/3.10.13/lib/python3.10/site-packages/airflow/example_dags/example_bash_operator.py
[2024-06-24T16:23:26.814+0000] {logging_mixin.py:150} INFO - [2024-06-24T16:23:26.814+0000] {dag.py:2742} INFO - Sync 1 DAGs
[2024-06-24T16:23:26.831+0000] {logging_mixin.py:150} INFO - [2024-06-24T16:23:26.831+0000] {dag.py:3504} INFO - Setting next_dagrun for example_bash_operator to 2024-06-23T00:00:00+00:00, run_after=2024-06-24T00:00:00+00:00
[2024-06-24T16:23:26.874+0000] {processor.py:179} INFO - Processing /usr/local/python/3.10.13/lib/python3.10/site-packages/airflow/example_dags/example_bash_operator.py took 0.089 seconds
[2024-06-24T16:24:10.043+0000] {processor.py:157} INFO - Started process (PID=26331) to work on /usr/local/python/3.10.13/lib/python3.10/site-packages/airflow/example_dags/example_bash_operator.py
[2024-06-24T16:24:10.043+0000] {processor.py:826} INFO - Processing file /usr/local/python/3.10.13/lib/python3.10/site-packages/airflow/example_dags/example_bash_operator.py for tasks to queue
[2024-06-24T16:24:10.044+0000] {logging_mixin.py:150} INFO - [2024-06-24T16:24:10.044+0000] {dagbag.py:541} INFO - Filling up the DagBag from /usr/local/python/3.10.13/lib/python3.10/site-packages/airflow/example_dags/example_bash_operator.py
[2024-06-24T16:24:10.053+0000] {processor.py:836} INFO - DAG(s) dict_keys(['example_bash_operator']) retrieved from /usr/local/python/3.10.13/lib/python3.10/site-packages/airflow/example_dags/example_bash_operator.py
[2024-06-24T16:24:10.073+0000] {logging_mixin.py:150} INFO - [2024-06-24T16:24:10.073+0000] {dag.py:2742} INFO - Sync 1 DAGs
[2024-06-24T16:24:10.091+0000] {logging_mixin.py:150} INFO - [2024-06-24T16:24:10.090+0000] {dag.py:3504} INFO - Setting next_dagrun for example_bash_operator to 2024-06-23T00:00:00+00:00, run_after=2024-06-24T00:00:00+00:00
[2024-06-24T16:24:10.132+0000] {processor.py:179} INFO - Processing /usr/local/python/3.10.13/lib/python3.10/site-packages/airflow/example_dags/example_bash_operator.py took 0.091 seconds
[2024-06-24T16:24:57.321+0000] {processor.py:157} INFO - Started process (PID=26668) to work on /usr/local/python/3.10.13/lib/python3.10/site-packages/airflow/example_dags/example_bash_operator.py
[2024-06-24T16:24:57.322+0000] {processor.py:826} INFO - Processing file /usr/local/python/3.10.13/lib/python3.10/site-packages/airflow/example_dags/example_bash_operator.py for tasks to queue
[2024-06-24T16:24:57.322+0000] {logging_mixin.py:150} INFO - [2024-06-24T16:24:57.322+0000] {dagbag.py:541} INFO - Filling up the DagBag from /usr/local/python/3.10.13/lib/python3.10/site-packages/airflow/example_dags/example_bash_operator.py
[2024-06-24T16:24:57.331+0000] {processor.py:836} INFO - DAG(s) dict_keys(['example_bash_operator']) retrieved from /usr/local/python/3.10.13/lib/python3.10/site-packages/airflow/example_dags/example_bash_operator.py
[2024-06-24T16:24:57.350+0000] {logging_mixin.py:150} INFO - [2024-06-24T16:24:57.350+0000] {dag.py:2742} INFO - Sync 1 DAGs
[2024-06-24T16:24:57.368+0000] {logging_mixin.py:150} INFO - [2024-06-24T16:24:57.367+0000] {dag.py:3504} INFO - Setting next_dagrun for example_bash_operator to 2024-06-23T00:00:00+00:00, run_after=2024-06-24T00:00:00+00:00
[2024-06-24T16:24:57.408+0000] {processor.py:179} INFO - Processing /usr/local/python/3.10.13/lib/python3.10/site-packages/airflow/example_dags/example_bash_operator.py took 0.089 seconds
[2024-06-24T16:25:46.968+0000] {processor.py:157} INFO - Started process (PID=26996) to work on /usr/local/python/3.10.13/lib/python3.10/site-packages/airflow/example_dags/example_bash_operator.py
[2024-06-24T16:25:46.969+0000] {processor.py:826} INFO - Processing file /usr/local/python/3.10.13/lib/python3.10/site-packages/airflow/example_dags/example_bash_operator.py for tasks to queue
[2024-06-24T16:25:46.969+0000] {logging_mixin.py:150} INFO - [2024-06-24T16:25:46.969+0000] {dagbag.py:541} INFO - Filling up the DagBag from /usr/local/python/3.10.13/lib/python3.10/site-packages/airflow/example_dags/example_bash_operator.py
[2024-06-24T16:25:46.978+0000] {processor.py:836} INFO - DAG(s) dict_keys(['example_bash_operator']) retrieved from /usr/local/python/3.10.13/lib/python3.10/site-packages/airflow/example_dags/example_bash_operator.py
[2024-06-24T16:25:46.999+0000] {logging_mixin.py:150} INFO - [2024-06-24T16:25:46.999+0000] {dag.py:2742} INFO - Sync 1 DAGs
[2024-06-24T16:25:47.018+0000] {logging_mixin.py:150} INFO - [2024-06-24T16:25:47.018+0000] {dag.py:3504} INFO - Setting next_dagrun for example_bash_operator to 2024-06-23T00:00:00+00:00, run_after=2024-06-24T00:00:00+00:00
[2024-06-24T16:25:47.057+0000] {processor.py:179} INFO - Processing /usr/local/python/3.10.13/lib/python3.10/site-packages/airflow/example_dags/example_bash_operator.py took 0.091 seconds
[2024-06-24T16:26:32.789+0000] {processor.py:157} INFO - Started process (PID=27316) to work on /usr/local/python/3.10.13/lib/python3.10/site-packages/airflow/example_dags/example_bash_operator.py
[2024-06-24T16:26:32.789+0000] {processor.py:826} INFO - Processing file /usr/local/python/3.10.13/lib/python3.10/site-packages/airflow/example_dags/example_bash_operator.py for tasks to queue
[2024-06-24T16:26:32.790+0000] {logging_mixin.py:150} INFO - [2024-06-24T16:26:32.790+0000] {dagbag.py:541} INFO - Filling up the DagBag from /usr/local/python/3.10.13/lib/python3.10/site-packages/airflow/example_dags/example_bash_operator.py
[2024-06-24T16:26:32.798+0000] {processor.py:836} INFO - DAG(s) dict_keys(['example_bash_operator']) retrieved from /usr/local/python/3.10.13/lib/python3.10/site-packages/airflow/example_dags/example_bash_operator.py
[2024-06-24T16:26:32.816+0000] {logging_mixin.py:150} INFO - [2024-06-24T16:26:32.816+0000] {dag.py:2742} INFO - Sync 1 DAGs
[2024-06-24T16:26:32.833+0000] {logging_mixin.py:150} INFO - [2024-06-24T16:26:32.833+0000] {dag.py:3504} INFO - Setting next_dagrun for example_bash_operator to 2024-06-23T00:00:00+00:00, run_after=2024-06-24T00:00:00+00:00
[2024-06-24T16:26:32.883+0000] {processor.py:179} INFO - Processing /usr/local/python/3.10.13/lib/python3.10/site-packages/airflow/example_dags/example_bash_operator.py took 0.096 seconds
[2024-06-24T16:27:20.254+0000] {processor.py:157} INFO - Started process (PID=27651) to work on /usr/local/python/3.10.13/lib/python3.10/site-packages/airflow/example_dags/example_bash_operator.py
[2024-06-24T16:27:20.255+0000] {processor.py:826} INFO - Processing file /usr/local/python/3.10.13/lib/python3.10/site-packages/airflow/example_dags/example_bash_operator.py for tasks to queue
[2024-06-24T16:27:20.255+0000] {logging_mixin.py:150} INFO - [2024-06-24T16:27:20.255+0000] {dagbag.py:541} INFO - Filling up the DagBag from /usr/local/python/3.10.13/lib/python3.10/site-packages/airflow/example_dags/example_bash_operator.py
[2024-06-24T16:27:20.264+0000] {processor.py:836} INFO - DAG(s) dict_keys(['example_bash_operator']) retrieved from /usr/local/python/3.10.13/lib/python3.10/site-packages/airflow/example_dags/example_bash_operator.py
[2024-06-24T16:27:20.282+0000] {logging_mixin.py:150} INFO - [2024-06-24T16:27:20.282+0000] {dag.py:2742} INFO - Sync 1 DAGs
[2024-06-24T16:27:20.298+0000] {logging_mixin.py:150} INFO - [2024-06-24T16:27:20.298+0000] {dag.py:3504} INFO - Setting next_dagrun for example_bash_operator to 2024-06-23T00:00:00+00:00, run_after=2024-06-24T00:00:00+00:00
[2024-06-24T16:27:20.337+0000] {processor.py:179} INFO - Processing /usr/local/python/3.10.13/lib/python3.10/site-packages/airflow/example_dags/example_bash_operator.py took 0.085 seconds
[2024-06-24T16:28:03.868+0000] {processor.py:157} INFO - Started process (PID=27955) to work on /usr/local/python/3.10.13/lib/python3.10/site-packages/airflow/example_dags/example_bash_operator.py
[2024-06-24T16:28:03.868+0000] {processor.py:826} INFO - Processing file /usr/local/python/3.10.13/lib/python3.10/site-packages/airflow/example_dags/example_bash_operator.py for tasks to queue
[2024-06-24T16:28:03.869+0000] {logging_mixin.py:150} INFO - [2024-06-24T16:28:03.869+0000] {dagbag.py:541} INFO - Filling up the DagBag from /usr/local/python/3.10.13/lib/python3.10/site-packages/airflow/example_dags/example_bash_operator.py
[2024-06-24T16:28:03.877+0000] {processor.py:836} INFO - DAG(s) dict_keys(['example_bash_operator']) retrieved from /usr/local/python/3.10.13/lib/python3.10/site-packages/airflow/example_dags/example_bash_operator.py
[2024-06-24T16:28:03.896+0000] {logging_mixin.py:150} INFO - [2024-06-24T16:28:03.895+0000] {dag.py:2742} INFO - Sync 1 DAGs
[2024-06-24T16:28:03.912+0000] {logging_mixin.py:150} INFO - [2024-06-24T16:28:03.912+0000] {dag.py:3504} INFO - Setting next_dagrun for example_bash_operator to 2024-06-23T00:00:00+00:00, run_after=2024-06-24T00:00:00+00:00
[2024-06-24T16:28:03.952+0000] {processor.py:179} INFO - Processing /usr/local/python/3.10.13/lib/python3.10/site-packages/airflow/example_dags/example_bash_operator.py took 0.087 seconds
[2024-06-24T16:28:51.498+0000] {processor.py:157} INFO - Started process (PID=28293) to work on /usr/local/python/3.10.13/lib/python3.10/site-packages/airflow/example_dags/example_bash_operator.py
[2024-06-24T16:28:51.499+0000] {processor.py:826} INFO - Processing file /usr/local/python/3.10.13/lib/python3.10/site-packages/airflow/example_dags/example_bash_operator.py for tasks to queue
[2024-06-24T16:28:51.500+0000] {logging_mixin.py:150} INFO - [2024-06-24T16:28:51.500+0000] {dagbag.py:541} INFO - Filling up the DagBag from /usr/local/python/3.10.13/lib/python3.10/site-packages/airflow/example_dags/example_bash_operator.py
[2024-06-24T16:28:51.508+0000] {processor.py:836} INFO - DAG(s) dict_keys(['example_bash_operator']) retrieved from /usr/local/python/3.10.13/lib/python3.10/site-packages/airflow/example_dags/example_bash_operator.py
[2024-06-24T16:28:51.528+0000] {logging_mixin.py:150} INFO - [2024-06-24T16:28:51.528+0000] {dag.py:2742} INFO - Sync 1 DAGs
[2024-06-24T16:28:51.550+0000] {logging_mixin.py:150} INFO - [2024-06-24T16:28:51.550+0000] {dag.py:3504} INFO - Setting next_dagrun for example_bash_operator to 2024-06-23T00:00:00+00:00, run_after=2024-06-24T00:00:00+00:00
[2024-06-24T16:28:51.587+0000] {processor.py:179} INFO - Processing /usr/local/python/3.10.13/lib/python3.10/site-packages/airflow/example_dags/example_bash_operator.py took 0.091 seconds
[2024-06-24T16:29:39.753+0000] {processor.py:157} INFO - Started process (PID=28615) to work on /usr/local/python/3.10.13/lib/python3.10/site-packages/airflow/example_dags/example_bash_operator.py
[2024-06-24T16:29:39.754+0000] {processor.py:826} INFO - Processing file /usr/local/python/3.10.13/lib/python3.10/site-packages/airflow/example_dags/example_bash_operator.py for tasks to queue
[2024-06-24T16:29:39.754+0000] {logging_mixin.py:150} INFO - [2024-06-24T16:29:39.754+0000] {dagbag.py:541} INFO - Filling up the DagBag from /usr/local/python/3.10.13/lib/python3.10/site-packages/airflow/example_dags/example_bash_operator.py
[2024-06-24T16:29:39.763+0000] {processor.py:836} INFO - DAG(s) dict_keys(['example_bash_operator']) retrieved from /usr/local/python/3.10.13/lib/python3.10/site-packages/airflow/example_dags/example_bash_operator.py
[2024-06-24T16:29:39.781+0000] {logging_mixin.py:150} INFO - [2024-06-24T16:29:39.781+0000] {dag.py:2742} INFO - Sync 1 DAGs
[2024-06-24T16:29:39.797+0000] {logging_mixin.py:150} INFO - [2024-06-24T16:29:39.797+0000] {dag.py:3504} INFO - Setting next_dagrun for example_bash_operator to 2024-06-23T00:00:00+00:00, run_after=2024-06-24T00:00:00+00:00
[2024-06-24T16:29:39.834+0000] {processor.py:179} INFO - Processing /usr/local/python/3.10.13/lib/python3.10/site-packages/airflow/example_dags/example_bash_operator.py took 0.083 seconds
[2024-06-24T16:30:28.093+0000] {processor.py:157} INFO - Started process (PID=28958) to work on /usr/local/python/3.10.13/lib/python3.10/site-packages/airflow/example_dags/example_bash_operator.py
[2024-06-24T16:30:28.093+0000] {processor.py:826} INFO - Processing file /usr/local/python/3.10.13/lib/python3.10/site-packages/airflow/example_dags/example_bash_operator.py for tasks to queue
[2024-06-24T16:30:28.094+0000] {logging_mixin.py:150} INFO - [2024-06-24T16:30:28.094+0000] {dagbag.py:541} INFO - Filling up the DagBag from /usr/local/python/3.10.13/lib/python3.10/site-packages/airflow/example_dags/example_bash_operator.py
[2024-06-24T16:30:28.107+0000] {processor.py:836} INFO - DAG(s) dict_keys(['example_bash_operator']) retrieved from /usr/local/python/3.10.13/lib/python3.10/site-packages/airflow/example_dags/example_bash_operator.py
[2024-06-24T16:30:28.129+0000] {logging_mixin.py:150} INFO - [2024-06-24T16:30:28.129+0000] {dag.py:2742} INFO - Sync 1 DAGs
[2024-06-24T16:30:28.146+0000] {logging_mixin.py:150} INFO - [2024-06-24T16:30:28.146+0000] {dag.py:3504} INFO - Setting next_dagrun for example_bash_operator to 2024-06-23T00:00:00+00:00, run_after=2024-06-24T00:00:00+00:00
[2024-06-24T16:30:28.186+0000] {processor.py:179} INFO - Processing /usr/local/python/3.10.13/lib/python3.10/site-packages/airflow/example_dags/example_bash_operator.py took 0.096 seconds
[2024-06-24T16:31:14.727+0000] {processor.py:157} INFO - Started process (PID=29288) to work on /usr/local/python/3.10.13/lib/python3.10/site-packages/airflow/example_dags/example_bash_operator.py
[2024-06-24T16:31:14.728+0000] {processor.py:826} INFO - Processing file /usr/local/python/3.10.13/lib/python3.10/site-packages/airflow/example_dags/example_bash_operator.py for tasks to queue
[2024-06-24T16:31:14.729+0000] {logging_mixin.py:150} INFO - [2024-06-24T16:31:14.729+0000] {dagbag.py:541} INFO - Filling up the DagBag from /usr/local/python/3.10.13/lib/python3.10/site-packages/airflow/example_dags/example_bash_operator.py
[2024-06-24T16:31:14.737+0000] {processor.py:836} INFO - DAG(s) dict_keys(['example_bash_operator']) retrieved from /usr/local/python/3.10.13/lib/python3.10/site-packages/airflow/example_dags/example_bash_operator.py
[2024-06-24T16:31:14.756+0000] {logging_mixin.py:150} INFO - [2024-06-24T16:31:14.756+0000] {dag.py:2742} INFO - Sync 1 DAGs
[2024-06-24T16:31:14.773+0000] {logging_mixin.py:150} INFO - [2024-06-24T16:31:14.773+0000] {dag.py:3504} INFO - Setting next_dagrun for example_bash_operator to 2024-06-23T00:00:00+00:00, run_after=2024-06-24T00:00:00+00:00
[2024-06-24T16:31:14.814+0000] {processor.py:179} INFO - Processing /usr/local/python/3.10.13/lib/python3.10/site-packages/airflow/example_dags/example_bash_operator.py took 0.088 seconds
[2024-06-24T17:08:24.744+0000] {processor.py:157} INFO - Started process (PID=9642) to work on /usr/local/python/3.10.13/lib/python3.10/site-packages/airflow/example_dags/example_bash_operator.py
[2024-06-24T17:08:24.745+0000] {processor.py:826} INFO - Processing file /usr/local/python/3.10.13/lib/python3.10/site-packages/airflow/example_dags/example_bash_operator.py for tasks to queue
[2024-06-24T17:08:24.746+0000] {logging_mixin.py:150} INFO - [2024-06-24T17:08:24.745+0000] {dagbag.py:541} INFO - Filling up the DagBag from /usr/local/python/3.10.13/lib/python3.10/site-packages/airflow/example_dags/example_bash_operator.py
[2024-06-24T17:08:24.754+0000] {processor.py:836} INFO - DAG(s) dict_keys(['example_bash_operator']) retrieved from /usr/local/python/3.10.13/lib/python3.10/site-packages/airflow/example_dags/example_bash_operator.py
[2024-06-24T17:08:24.773+0000] {logging_mixin.py:150} INFO - [2024-06-24T17:08:24.773+0000] {dag.py:2742} INFO - Sync 1 DAGs
[2024-06-24T17:08:24.796+0000] {logging_mixin.py:150} INFO - [2024-06-24T17:08:24.796+0000] {dag.py:3504} INFO - Setting next_dagrun for example_bash_operator to 2024-06-23T00:00:00+00:00, run_after=2024-06-24T00:00:00+00:00
[2024-06-24T17:08:24.855+0000] {processor.py:179} INFO - Processing /usr/local/python/3.10.13/lib/python3.10/site-packages/airflow/example_dags/example_bash_operator.py took 0.113 seconds
[2024-06-24T17:09:18.850+0000] {processor.py:157} INFO - Started process (PID=10016) to work on /usr/local/python/3.10.13/lib/python3.10/site-packages/airflow/example_dags/example_bash_operator.py
[2024-06-24T17:09:18.851+0000] {processor.py:826} INFO - Processing file /usr/local/python/3.10.13/lib/python3.10/site-packages/airflow/example_dags/example_bash_operator.py for tasks to queue
[2024-06-24T17:09:18.852+0000] {logging_mixin.py:150} INFO - [2024-06-24T17:09:18.851+0000] {dagbag.py:541} INFO - Filling up the DagBag from /usr/local/python/3.10.13/lib/python3.10/site-packages/airflow/example_dags/example_bash_operator.py
[2024-06-24T17:09:18.863+0000] {processor.py:836} INFO - DAG(s) dict_keys(['example_bash_operator']) retrieved from /usr/local/python/3.10.13/lib/python3.10/site-packages/airflow/example_dags/example_bash_operator.py
[2024-06-24T17:09:18.887+0000] {logging_mixin.py:150} INFO - [2024-06-24T17:09:18.886+0000] {dag.py:2742} INFO - Sync 1 DAGs
[2024-06-24T17:09:18.903+0000] {logging_mixin.py:150} INFO - [2024-06-24T17:09:18.903+0000] {dag.py:3504} INFO - Setting next_dagrun for example_bash_operator to 2024-06-23T00:00:00+00:00, run_after=2024-06-24T00:00:00+00:00
[2024-06-24T17:09:18.943+0000] {processor.py:179} INFO - Processing /usr/local/python/3.10.13/lib/python3.10/site-packages/airflow/example_dags/example_bash_operator.py took 0.096 seconds
[2024-06-24T17:10:11.492+0000] {processor.py:157} INFO - Started process (PID=10383) to work on /usr/local/python/3.10.13/lib/python3.10/site-packages/airflow/example_dags/example_bash_operator.py
[2024-06-24T17:10:11.493+0000] {processor.py:826} INFO - Processing file /usr/local/python/3.10.13/lib/python3.10/site-packages/airflow/example_dags/example_bash_operator.py for tasks to queue
[2024-06-24T17:10:11.494+0000] {logging_mixin.py:150} INFO - [2024-06-24T17:10:11.493+0000] {dagbag.py:541} INFO - Filling up the DagBag from /usr/local/python/3.10.13/lib/python3.10/site-packages/airflow/example_dags/example_bash_operator.py
[2024-06-24T17:10:11.502+0000] {processor.py:836} INFO - DAG(s) dict_keys(['example_bash_operator']) retrieved from /usr/local/python/3.10.13/lib/python3.10/site-packages/airflow/example_dags/example_bash_operator.py
[2024-06-24T17:10:11.521+0000] {logging_mixin.py:150} INFO - [2024-06-24T17:10:11.521+0000] {dag.py:2742} INFO - Sync 1 DAGs
[2024-06-24T17:10:11.537+0000] {logging_mixin.py:150} INFO - [2024-06-24T17:10:11.537+0000] {dag.py:3504} INFO - Setting next_dagrun for example_bash_operator to 2024-06-23T00:00:00+00:00, run_after=2024-06-24T00:00:00+00:00
[2024-06-24T17:10:11.578+0000] {processor.py:179} INFO - Processing /usr/local/python/3.10.13/lib/python3.10/site-packages/airflow/example_dags/example_bash_operator.py took 0.088 seconds
[2024-06-24T17:10:58.070+0000] {processor.py:157} INFO - Started process (PID=10742) to work on /usr/local/python/3.10.13/lib/python3.10/site-packages/airflow/example_dags/example_bash_operator.py
[2024-06-24T17:10:58.071+0000] {processor.py:826} INFO - Processing file /usr/local/python/3.10.13/lib/python3.10/site-packages/airflow/example_dags/example_bash_operator.py for tasks to queue
[2024-06-24T17:10:58.071+0000] {logging_mixin.py:150} INFO - [2024-06-24T17:10:58.071+0000] {dagbag.py:541} INFO - Filling up the DagBag from /usr/local/python/3.10.13/lib/python3.10/site-packages/airflow/example_dags/example_bash_operator.py
[2024-06-24T17:10:58.080+0000] {processor.py:836} INFO - DAG(s) dict_keys(['example_bash_operator']) retrieved from /usr/local/python/3.10.13/lib/python3.10/site-packages/airflow/example_dags/example_bash_operator.py
[2024-06-24T17:10:58.099+0000] {logging_mixin.py:150} INFO - [2024-06-24T17:10:58.099+0000] {dag.py:2742} INFO - Sync 1 DAGs
[2024-06-24T17:10:58.115+0000] {logging_mixin.py:150} INFO - [2024-06-24T17:10:58.115+0000] {dag.py:3504} INFO - Setting next_dagrun for example_bash_operator to 2024-06-23T00:00:00+00:00, run_after=2024-06-24T00:00:00+00:00
[2024-06-24T17:10:58.156+0000] {processor.py:179} INFO - Processing /usr/local/python/3.10.13/lib/python3.10/site-packages/airflow/example_dags/example_bash_operator.py took 0.088 seconds
[2024-06-24T17:11:50.996+0000] {processor.py:157} INFO - Started process (PID=11122) to work on /usr/local/python/3.10.13/lib/python3.10/site-packages/airflow/example_dags/example_bash_operator.py
[2024-06-24T17:11:50.997+0000] {processor.py:826} INFO - Processing file /usr/local/python/3.10.13/lib/python3.10/site-packages/airflow/example_dags/example_bash_operator.py for tasks to queue
[2024-06-24T17:11:50.998+0000] {logging_mixin.py:150} INFO - [2024-06-24T17:11:50.998+0000] {dagbag.py:541} INFO - Filling up the DagBag from /usr/local/python/3.10.13/lib/python3.10/site-packages/airflow/example_dags/example_bash_operator.py
[2024-06-24T17:11:51.008+0000] {processor.py:836} INFO - DAG(s) dict_keys(['example_bash_operator']) retrieved from /usr/local/python/3.10.13/lib/python3.10/site-packages/airflow/example_dags/example_bash_operator.py
[2024-06-24T17:11:51.037+0000] {logging_mixin.py:150} INFO - [2024-06-24T17:11:51.037+0000] {dag.py:2742} INFO - Sync 1 DAGs
[2024-06-24T17:11:51.056+0000] {logging_mixin.py:150} INFO - [2024-06-24T17:11:51.056+0000] {dag.py:3504} INFO - Setting next_dagrun for example_bash_operator to 2024-06-23T00:00:00+00:00, run_after=2024-06-24T00:00:00+00:00
[2024-06-24T17:11:51.101+0000] {processor.py:179} INFO - Processing /usr/local/python/3.10.13/lib/python3.10/site-packages/airflow/example_dags/example_bash_operator.py took 0.108 seconds
[2024-06-24T17:12:48.724+0000] {processor.py:157} INFO - Started process (PID=11589) to work on /usr/local/python/3.10.13/lib/python3.10/site-packages/airflow/example_dags/example_bash_operator.py
[2024-06-24T17:12:48.725+0000] {processor.py:826} INFO - Processing file /usr/local/python/3.10.13/lib/python3.10/site-packages/airflow/example_dags/example_bash_operator.py for tasks to queue
[2024-06-24T17:12:48.726+0000] {logging_mixin.py:150} INFO - [2024-06-24T17:12:48.726+0000] {dagbag.py:541} INFO - Filling up the DagBag from /usr/local/python/3.10.13/lib/python3.10/site-packages/airflow/example_dags/example_bash_operator.py
[2024-06-24T17:12:48.735+0000] {processor.py:836} INFO - DAG(s) dict_keys(['example_bash_operator']) retrieved from /usr/local/python/3.10.13/lib/python3.10/site-packages/airflow/example_dags/example_bash_operator.py
[2024-06-24T17:12:48.755+0000] {logging_mixin.py:150} INFO - [2024-06-24T17:12:48.754+0000] {dag.py:2742} INFO - Sync 1 DAGs
[2024-06-24T17:12:48.772+0000] {logging_mixin.py:150} INFO - [2024-06-24T17:12:48.772+0000] {dag.py:3504} INFO - Setting next_dagrun for example_bash_operator to 2024-06-23T00:00:00+00:00, run_after=2024-06-24T00:00:00+00:00
[2024-06-24T17:12:48.812+0000] {processor.py:179} INFO - Processing /usr/local/python/3.10.13/lib/python3.10/site-packages/airflow/example_dags/example_bash_operator.py took 0.090 seconds
[2024-06-24T17:13:37.142+0000] {processor.py:157} INFO - Started process (PID=11947) to work on /usr/local/python/3.10.13/lib/python3.10/site-packages/airflow/example_dags/example_bash_operator.py
[2024-06-24T17:13:37.142+0000] {processor.py:826} INFO - Processing file /usr/local/python/3.10.13/lib/python3.10/site-packages/airflow/example_dags/example_bash_operator.py for tasks to queue
[2024-06-24T17:13:37.143+0000] {logging_mixin.py:150} INFO - [2024-06-24T17:13:37.143+0000] {dagbag.py:541} INFO - Filling up the DagBag from /usr/local/python/3.10.13/lib/python3.10/site-packages/airflow/example_dags/example_bash_operator.py
[2024-06-24T17:13:37.151+0000] {processor.py:836} INFO - DAG(s) dict_keys(['example_bash_operator']) retrieved from /usr/local/python/3.10.13/lib/python3.10/site-packages/airflow/example_dags/example_bash_operator.py
[2024-06-24T17:13:37.170+0000] {logging_mixin.py:150} INFO - [2024-06-24T17:13:37.170+0000] {dag.py:2742} INFO - Sync 1 DAGs
[2024-06-24T17:13:37.186+0000] {logging_mixin.py:150} INFO - [2024-06-24T17:13:37.186+0000] {dag.py:3504} INFO - Setting next_dagrun for example_bash_operator to 2024-06-23T00:00:00+00:00, run_after=2024-06-24T00:00:00+00:00
[2024-06-24T17:13:37.228+0000] {processor.py:179} INFO - Processing /usr/local/python/3.10.13/lib/python3.10/site-packages/airflow/example_dags/example_bash_operator.py took 0.089 seconds
[2024-06-24T17:14:31.890+0000] {processor.py:157} INFO - Started process (PID=12388) to work on /usr/local/python/3.10.13/lib/python3.10/site-packages/airflow/example_dags/example_bash_operator.py
[2024-06-24T17:14:31.891+0000] {processor.py:826} INFO - Processing file /usr/local/python/3.10.13/lib/python3.10/site-packages/airflow/example_dags/example_bash_operator.py for tasks to queue
[2024-06-24T17:14:31.891+0000] {logging_mixin.py:150} INFO - [2024-06-24T17:14:31.891+0000] {dagbag.py:541} INFO - Filling up the DagBag from /usr/local/python/3.10.13/lib/python3.10/site-packages/airflow/example_dags/example_bash_operator.py
[2024-06-24T17:14:31.900+0000] {processor.py:836} INFO - DAG(s) dict_keys(['example_bash_operator']) retrieved from /usr/local/python/3.10.13/lib/python3.10/site-packages/airflow/example_dags/example_bash_operator.py
[2024-06-24T17:14:31.920+0000] {logging_mixin.py:150} INFO - [2024-06-24T17:14:31.920+0000] {dag.py:2742} INFO - Sync 1 DAGs
[2024-06-24T17:14:31.937+0000] {logging_mixin.py:150} INFO - [2024-06-24T17:14:31.937+0000] {dag.py:3504} INFO - Setting next_dagrun for example_bash_operator to 2024-06-23T00:00:00+00:00, run_after=2024-06-24T00:00:00+00:00
[2024-06-24T17:14:31.979+0000] {processor.py:179} INFO - Processing /usr/local/python/3.10.13/lib/python3.10/site-packages/airflow/example_dags/example_bash_operator.py took 0.091 seconds
[2024-06-24T17:15:18.891+0000] {processor.py:157} INFO - Started process (PID=12736) to work on /usr/local/python/3.10.13/lib/python3.10/site-packages/airflow/example_dags/example_bash_operator.py
[2024-06-24T17:15:18.891+0000] {processor.py:826} INFO - Processing file /usr/local/python/3.10.13/lib/python3.10/site-packages/airflow/example_dags/example_bash_operator.py for tasks to queue
[2024-06-24T17:15:18.892+0000] {logging_mixin.py:150} INFO - [2024-06-24T17:15:18.892+0000] {dagbag.py:541} INFO - Filling up the DagBag from /usr/local/python/3.10.13/lib/python3.10/site-packages/airflow/example_dags/example_bash_operator.py
[2024-06-24T17:15:18.901+0000] {processor.py:836} INFO - DAG(s) dict_keys(['example_bash_operator']) retrieved from /usr/local/python/3.10.13/lib/python3.10/site-packages/airflow/example_dags/example_bash_operator.py
[2024-06-24T17:15:18.920+0000] {logging_mixin.py:150} INFO - [2024-06-24T17:15:18.920+0000] {dag.py:2742} INFO - Sync 1 DAGs
[2024-06-24T17:15:18.937+0000] {logging_mixin.py:150} INFO - [2024-06-24T17:15:18.936+0000] {dag.py:3504} INFO - Setting next_dagrun for example_bash_operator to 2024-06-23T00:00:00+00:00, run_after=2024-06-24T00:00:00+00:00
[2024-06-24T17:15:18.979+0000] {processor.py:179} INFO - Processing /usr/local/python/3.10.13/lib/python3.10/site-packages/airflow/example_dags/example_bash_operator.py took 0.090 seconds
[2024-06-24T17:16:09.159+0000] {processor.py:157} INFO - Started process (PID=13105) to work on /usr/local/python/3.10.13/lib/python3.10/site-packages/airflow/example_dags/example_bash_operator.py
[2024-06-24T17:16:09.160+0000] {processor.py:826} INFO - Processing file /usr/local/python/3.10.13/lib/python3.10/site-packages/airflow/example_dags/example_bash_operator.py for tasks to queue
[2024-06-24T17:16:09.160+0000] {logging_mixin.py:150} INFO - [2024-06-24T17:16:09.160+0000] {dagbag.py:541} INFO - Filling up the DagBag from /usr/local/python/3.10.13/lib/python3.10/site-packages/airflow/example_dags/example_bash_operator.py
[2024-06-24T17:16:09.170+0000] {processor.py:836} INFO - DAG(s) dict_keys(['example_bash_operator']) retrieved from /usr/local/python/3.10.13/lib/python3.10/site-packages/airflow/example_dags/example_bash_operator.py
[2024-06-24T17:16:09.189+0000] {logging_mixin.py:150} INFO - [2024-06-24T17:16:09.189+0000] {dag.py:2742} INFO - Sync 1 DAGs
[2024-06-24T17:16:09.205+0000] {logging_mixin.py:150} INFO - [2024-06-24T17:16:09.205+0000] {dag.py:3504} INFO - Setting next_dagrun for example_bash_operator to 2024-06-23T00:00:00+00:00, run_after=2024-06-24T00:00:00+00:00
[2024-06-24T17:16:09.244+0000] {processor.py:179} INFO - Processing /usr/local/python/3.10.13/lib/python3.10/site-packages/airflow/example_dags/example_bash_operator.py took 0.088 seconds
[2024-06-24T17:17:00.111+0000] {processor.py:157} INFO - Started process (PID=13499) to work on /usr/local/python/3.10.13/lib/python3.10/site-packages/airflow/example_dags/example_bash_operator.py
[2024-06-24T17:17:00.111+0000] {processor.py:826} INFO - Processing file /usr/local/python/3.10.13/lib/python3.10/site-packages/airflow/example_dags/example_bash_operator.py for tasks to queue
[2024-06-24T17:17:00.112+0000] {logging_mixin.py:150} INFO - [2024-06-24T17:17:00.112+0000] {dagbag.py:541} INFO - Filling up the DagBag from /usr/local/python/3.10.13/lib/python3.10/site-packages/airflow/example_dags/example_bash_operator.py
[2024-06-24T17:17:00.120+0000] {processor.py:836} INFO - DAG(s) dict_keys(['example_bash_operator']) retrieved from /usr/local/python/3.10.13/lib/python3.10/site-packages/airflow/example_dags/example_bash_operator.py
[2024-06-24T17:17:00.139+0000] {logging_mixin.py:150} INFO - [2024-06-24T17:17:00.139+0000] {dag.py:2742} INFO - Sync 1 DAGs
[2024-06-24T17:17:00.156+0000] {logging_mixin.py:150} INFO - [2024-06-24T17:17:00.156+0000] {dag.py:3504} INFO - Setting next_dagrun for example_bash_operator to 2024-06-23T00:00:00+00:00, run_after=2024-06-24T00:00:00+00:00
[2024-06-24T17:17:00.195+0000] {processor.py:179} INFO - Processing /usr/local/python/3.10.13/lib/python3.10/site-packages/airflow/example_dags/example_bash_operator.py took 0.087 seconds
[2024-06-24T17:17:52.605+0000] {processor.py:157} INFO - Started process (PID=13883) to work on /usr/local/python/3.10.13/lib/python3.10/site-packages/airflow/example_dags/example_bash_operator.py
[2024-06-24T17:17:52.606+0000] {processor.py:826} INFO - Processing file /usr/local/python/3.10.13/lib/python3.10/site-packages/airflow/example_dags/example_bash_operator.py for tasks to queue
[2024-06-24T17:17:52.607+0000] {logging_mixin.py:150} INFO - [2024-06-24T17:17:52.607+0000] {dagbag.py:541} INFO - Filling up the DagBag from /usr/local/python/3.10.13/lib/python3.10/site-packages/airflow/example_dags/example_bash_operator.py
[2024-06-24T17:17:52.618+0000] {processor.py:836} INFO - DAG(s) dict_keys(['example_bash_operator']) retrieved from /usr/local/python/3.10.13/lib/python3.10/site-packages/airflow/example_dags/example_bash_operator.py
[2024-06-24T17:17:52.683+0000] {logging_mixin.py:150} INFO - [2024-06-24T17:17:52.683+0000] {dag.py:2742} INFO - Sync 1 DAGs
[2024-06-24T17:17:53.175+0000] {logging_mixin.py:150} INFO - [2024-06-24T17:17:53.175+0000] {dag.py:3504} INFO - Setting next_dagrun for example_bash_operator to 2024-06-23T00:00:00+00:00, run_after=2024-06-24T00:00:00+00:00
[2024-06-24T17:17:53.249+0000] {processor.py:179} INFO - Processing /usr/local/python/3.10.13/lib/python3.10/site-packages/airflow/example_dags/example_bash_operator.py took 0.646 seconds
[2024-06-24T17:18:50.044+0000] {processor.py:157} INFO - Started process (PID=14282) to work on /usr/local/python/3.10.13/lib/python3.10/site-packages/airflow/example_dags/example_bash_operator.py
[2024-06-24T17:18:50.045+0000] {processor.py:826} INFO - Processing file /usr/local/python/3.10.13/lib/python3.10/site-packages/airflow/example_dags/example_bash_operator.py for tasks to queue
[2024-06-24T17:18:50.046+0000] {logging_mixin.py:150} INFO - [2024-06-24T17:18:50.046+0000] {dagbag.py:541} INFO - Filling up the DagBag from /usr/local/python/3.10.13/lib/python3.10/site-packages/airflow/example_dags/example_bash_operator.py
[2024-06-24T17:18:50.054+0000] {processor.py:836} INFO - DAG(s) dict_keys(['example_bash_operator']) retrieved from /usr/local/python/3.10.13/lib/python3.10/site-packages/airflow/example_dags/example_bash_operator.py
[2024-06-24T17:18:50.073+0000] {logging_mixin.py:150} INFO - [2024-06-24T17:18:50.073+0000] {dag.py:2742} INFO - Sync 1 DAGs
[2024-06-24T17:18:50.090+0000] {logging_mixin.py:150} INFO - [2024-06-24T17:18:50.090+0000] {dag.py:3504} INFO - Setting next_dagrun for example_bash_operator to 2024-06-23T00:00:00+00:00, run_after=2024-06-24T00:00:00+00:00
[2024-06-24T17:18:50.130+0000] {processor.py:179} INFO - Processing /usr/local/python/3.10.13/lib/python3.10/site-packages/airflow/example_dags/example_bash_operator.py took 0.088 seconds
[2024-06-24T17:19:43.867+0000] {processor.py:157} INFO - Started process (PID=14696) to work on /usr/local/python/3.10.13/lib/python3.10/site-packages/airflow/example_dags/example_bash_operator.py
[2024-06-24T17:19:43.867+0000] {processor.py:826} INFO - Processing file /usr/local/python/3.10.13/lib/python3.10/site-packages/airflow/example_dags/example_bash_operator.py for tasks to queue
[2024-06-24T17:19:43.868+0000] {logging_mixin.py:150} INFO - [2024-06-24T17:19:43.868+0000] {dagbag.py:541} INFO - Filling up the DagBag from /usr/local/python/3.10.13/lib/python3.10/site-packages/airflow/example_dags/example_bash_operator.py
[2024-06-24T17:19:43.876+0000] {processor.py:836} INFO - DAG(s) dict_keys(['example_bash_operator']) retrieved from /usr/local/python/3.10.13/lib/python3.10/site-packages/airflow/example_dags/example_bash_operator.py
[2024-06-24T17:19:43.895+0000] {logging_mixin.py:150} INFO - [2024-06-24T17:19:43.895+0000] {dag.py:2742} INFO - Sync 1 DAGs
[2024-06-24T17:19:43.912+0000] {logging_mixin.py:150} INFO - [2024-06-24T17:19:43.912+0000] {dag.py:3504} INFO - Setting next_dagrun for example_bash_operator to 2024-06-23T00:00:00+00:00, run_after=2024-06-24T00:00:00+00:00
[2024-06-24T17:19:43.953+0000] {processor.py:179} INFO - Processing /usr/local/python/3.10.13/lib/python3.10/site-packages/airflow/example_dags/example_bash_operator.py took 0.088 seconds
[2024-06-24T17:20:43.151+0000] {processor.py:157} INFO - Started process (PID=15113) to work on /usr/local/python/3.10.13/lib/python3.10/site-packages/airflow/example_dags/example_bash_operator.py
[2024-06-24T17:20:43.152+0000] {processor.py:826} INFO - Processing file /usr/local/python/3.10.13/lib/python3.10/site-packages/airflow/example_dags/example_bash_operator.py for tasks to queue
[2024-06-24T17:20:43.153+0000] {logging_mixin.py:150} INFO - [2024-06-24T17:20:43.153+0000] {dagbag.py:541} INFO - Filling up the DagBag from /usr/local/python/3.10.13/lib/python3.10/site-packages/airflow/example_dags/example_bash_operator.py
[2024-06-24T17:20:43.166+0000] {processor.py:836} INFO - DAG(s) dict_keys(['example_bash_operator']) retrieved from /usr/local/python/3.10.13/lib/python3.10/site-packages/airflow/example_dags/example_bash_operator.py
[2024-06-24T17:20:43.233+0000] {logging_mixin.py:150} INFO - [2024-06-24T17:20:43.232+0000] {dag.py:2742} INFO - Sync 1 DAGs
[2024-06-24T17:20:43.250+0000] {logging_mixin.py:150} INFO - [2024-06-24T17:20:43.250+0000] {dag.py:3504} INFO - Setting next_dagrun for example_bash_operator to 2024-06-23T00:00:00+00:00, run_after=2024-06-24T00:00:00+00:00
[2024-06-24T17:20:43.298+0000] {processor.py:179} INFO - Processing /usr/local/python/3.10.13/lib/python3.10/site-packages/airflow/example_dags/example_bash_operator.py took 0.150 seconds
[2024-06-24T17:21:39.102+0000] {processor.py:157} INFO - Started process (PID=15514) to work on /usr/local/python/3.10.13/lib/python3.10/site-packages/airflow/example_dags/example_bash_operator.py
[2024-06-24T17:21:39.103+0000] {processor.py:826} INFO - Processing file /usr/local/python/3.10.13/lib/python3.10/site-packages/airflow/example_dags/example_bash_operator.py for tasks to queue
[2024-06-24T17:21:39.104+0000] {logging_mixin.py:150} INFO - [2024-06-24T17:21:39.103+0000] {dagbag.py:541} INFO - Filling up the DagBag from /usr/local/python/3.10.13/lib/python3.10/site-packages/airflow/example_dags/example_bash_operator.py
[2024-06-24T17:21:39.112+0000] {processor.py:836} INFO - DAG(s) dict_keys(['example_bash_operator']) retrieved from /usr/local/python/3.10.13/lib/python3.10/site-packages/airflow/example_dags/example_bash_operator.py
[2024-06-24T17:21:39.131+0000] {logging_mixin.py:150} INFO - [2024-06-24T17:21:39.130+0000] {dag.py:2742} INFO - Sync 1 DAGs
[2024-06-24T17:21:39.146+0000] {logging_mixin.py:150} INFO - [2024-06-24T17:21:39.146+0000] {dag.py:3504} INFO - Setting next_dagrun for example_bash_operator to 2024-06-23T00:00:00+00:00, run_after=2024-06-24T00:00:00+00:00
[2024-06-24T17:21:39.197+0000] {processor.py:179} INFO - Processing /usr/local/python/3.10.13/lib/python3.10/site-packages/airflow/example_dags/example_bash_operator.py took 0.097 seconds
[2024-06-24T17:22:28.456+0000] {processor.py:157} INFO - Started process (PID=15863) to work on /usr/local/python/3.10.13/lib/python3.10/site-packages/airflow/example_dags/example_bash_operator.py
[2024-06-24T17:22:28.457+0000] {processor.py:826} INFO - Processing file /usr/local/python/3.10.13/lib/python3.10/site-packages/airflow/example_dags/example_bash_operator.py for tasks to queue
[2024-06-24T17:22:28.458+0000] {logging_mixin.py:150} INFO - [2024-06-24T17:22:28.458+0000] {dagbag.py:541} INFO - Filling up the DagBag from /usr/local/python/3.10.13/lib/python3.10/site-packages/airflow/example_dags/example_bash_operator.py
[2024-06-24T17:22:28.466+0000] {processor.py:836} INFO - DAG(s) dict_keys(['example_bash_operator']) retrieved from /usr/local/python/3.10.13/lib/python3.10/site-packages/airflow/example_dags/example_bash_operator.py
[2024-06-24T17:22:28.485+0000] {logging_mixin.py:150} INFO - [2024-06-24T17:22:28.485+0000] {dag.py:2742} INFO - Sync 1 DAGs
[2024-06-24T17:22:28.502+0000] {logging_mixin.py:150} INFO - [2024-06-24T17:22:28.501+0000] {dag.py:3504} INFO - Setting next_dagrun for example_bash_operator to 2024-06-23T00:00:00+00:00, run_after=2024-06-24T00:00:00+00:00
[2024-06-24T17:22:28.557+0000] {processor.py:179} INFO - Processing /usr/local/python/3.10.13/lib/python3.10/site-packages/airflow/example_dags/example_bash_operator.py took 0.103 seconds
[2024-06-24T17:23:20.681+0000] {processor.py:157} INFO - Started process (PID=16223) to work on /usr/local/python/3.10.13/lib/python3.10/site-packages/airflow/example_dags/example_bash_operator.py
[2024-06-24T17:23:20.681+0000] {processor.py:826} INFO - Processing file /usr/local/python/3.10.13/lib/python3.10/site-packages/airflow/example_dags/example_bash_operator.py for tasks to queue
[2024-06-24T17:23:20.682+0000] {logging_mixin.py:150} INFO - [2024-06-24T17:23:20.682+0000] {dagbag.py:541} INFO - Filling up the DagBag from /usr/local/python/3.10.13/lib/python3.10/site-packages/airflow/example_dags/example_bash_operator.py
[2024-06-24T17:23:20.690+0000] {processor.py:836} INFO - DAG(s) dict_keys(['example_bash_operator']) retrieved from /usr/local/python/3.10.13/lib/python3.10/site-packages/airflow/example_dags/example_bash_operator.py
[2024-06-24T17:23:20.710+0000] {logging_mixin.py:150} INFO - [2024-06-24T17:23:20.710+0000] {dag.py:2742} INFO - Sync 1 DAGs
[2024-06-24T17:23:20.727+0000] {logging_mixin.py:150} INFO - [2024-06-24T17:23:20.727+0000] {dag.py:3504} INFO - Setting next_dagrun for example_bash_operator to 2024-06-23T00:00:00+00:00, run_after=2024-06-24T00:00:00+00:00
[2024-06-24T17:23:20.770+0000] {processor.py:179} INFO - Processing /usr/local/python/3.10.13/lib/python3.10/site-packages/airflow/example_dags/example_bash_operator.py took 0.092 seconds
[2024-06-24T17:24:11.193+0000] {processor.py:157} INFO - Started process (PID=16581) to work on /usr/local/python/3.10.13/lib/python3.10/site-packages/airflow/example_dags/example_bash_operator.py
[2024-06-24T17:24:11.194+0000] {processor.py:826} INFO - Processing file /usr/local/python/3.10.13/lib/python3.10/site-packages/airflow/example_dags/example_bash_operator.py for tasks to queue
[2024-06-24T17:24:11.195+0000] {logging_mixin.py:150} INFO - [2024-06-24T17:24:11.194+0000] {dagbag.py:541} INFO - Filling up the DagBag from /usr/local/python/3.10.13/lib/python3.10/site-packages/airflow/example_dags/example_bash_operator.py
[2024-06-24T17:24:11.203+0000] {processor.py:836} INFO - DAG(s) dict_keys(['example_bash_operator']) retrieved from /usr/local/python/3.10.13/lib/python3.10/site-packages/airflow/example_dags/example_bash_operator.py
[2024-06-24T17:24:11.222+0000] {logging_mixin.py:150} INFO - [2024-06-24T17:24:11.221+0000] {dag.py:2742} INFO - Sync 1 DAGs
[2024-06-24T17:24:11.238+0000] {logging_mixin.py:150} INFO - [2024-06-24T17:24:11.238+0000] {dag.py:3504} INFO - Setting next_dagrun for example_bash_operator to 2024-06-23T00:00:00+00:00, run_after=2024-06-24T00:00:00+00:00
[2024-06-24T17:24:11.276+0000] {processor.py:179} INFO - Processing /usr/local/python/3.10.13/lib/python3.10/site-packages/airflow/example_dags/example_bash_operator.py took 0.084 seconds
[2024-06-24T17:25:07.889+0000] {processor.py:157} INFO - Started process (PID=16955) to work on /usr/local/python/3.10.13/lib/python3.10/site-packages/airflow/example_dags/example_bash_operator.py
[2024-06-24T17:25:07.889+0000] {processor.py:826} INFO - Processing file /usr/local/python/3.10.13/lib/python3.10/site-packages/airflow/example_dags/example_bash_operator.py for tasks to queue
[2024-06-24T17:25:07.890+0000] {logging_mixin.py:150} INFO - [2024-06-24T17:25:07.890+0000] {dagbag.py:541} INFO - Filling up the DagBag from /usr/local/python/3.10.13/lib/python3.10/site-packages/airflow/example_dags/example_bash_operator.py
[2024-06-24T17:25:07.899+0000] {processor.py:836} INFO - DAG(s) dict_keys(['example_bash_operator']) retrieved from /usr/local/python/3.10.13/lib/python3.10/site-packages/airflow/example_dags/example_bash_operator.py
[2024-06-24T17:25:07.918+0000] {logging_mixin.py:150} INFO - [2024-06-24T17:25:07.917+0000] {dag.py:2742} INFO - Sync 1 DAGs
[2024-06-24T17:25:07.935+0000] {logging_mixin.py:150} INFO - [2024-06-24T17:25:07.935+0000] {dag.py:3504} INFO - Setting next_dagrun for example_bash_operator to 2024-06-23T00:00:00+00:00, run_after=2024-06-24T00:00:00+00:00
[2024-06-24T17:25:07.974+0000] {processor.py:179} INFO - Processing /usr/local/python/3.10.13/lib/python3.10/site-packages/airflow/example_dags/example_bash_operator.py took 0.088 seconds
[2024-06-24T17:25:57.548+0000] {processor.py:157} INFO - Started process (PID=17311) to work on /usr/local/python/3.10.13/lib/python3.10/site-packages/airflow/example_dags/example_bash_operator.py
[2024-06-24T17:25:57.548+0000] {processor.py:826} INFO - Processing file /usr/local/python/3.10.13/lib/python3.10/site-packages/airflow/example_dags/example_bash_operator.py for tasks to queue
[2024-06-24T17:25:57.549+0000] {logging_mixin.py:150} INFO - [2024-06-24T17:25:57.549+0000] {dagbag.py:541} INFO - Filling up the DagBag from /usr/local/python/3.10.13/lib/python3.10/site-packages/airflow/example_dags/example_bash_operator.py
[2024-06-24T17:25:57.557+0000] {processor.py:836} INFO - DAG(s) dict_keys(['example_bash_operator']) retrieved from /usr/local/python/3.10.13/lib/python3.10/site-packages/airflow/example_dags/example_bash_operator.py
[2024-06-24T17:25:57.575+0000] {logging_mixin.py:150} INFO - [2024-06-24T17:25:57.575+0000] {dag.py:2742} INFO - Sync 1 DAGs
[2024-06-24T17:25:57.591+0000] {logging_mixin.py:150} INFO - [2024-06-24T17:25:57.591+0000] {dag.py:3504} INFO - Setting next_dagrun for example_bash_operator to 2024-06-23T00:00:00+00:00, run_after=2024-06-24T00:00:00+00:00
[2024-06-24T17:25:57.630+0000] {processor.py:179} INFO - Processing /usr/local/python/3.10.13/lib/python3.10/site-packages/airflow/example_dags/example_bash_operator.py took 0.085 seconds
[2024-06-24T17:26:47.455+0000] {processor.py:157} INFO - Started process (PID=17666) to work on /usr/local/python/3.10.13/lib/python3.10/site-packages/airflow/example_dags/example_bash_operator.py
[2024-06-24T17:26:47.455+0000] {processor.py:826} INFO - Processing file /usr/local/python/3.10.13/lib/python3.10/site-packages/airflow/example_dags/example_bash_operator.py for tasks to queue
[2024-06-24T17:26:47.456+0000] {logging_mixin.py:150} INFO - [2024-06-24T17:26:47.456+0000] {dagbag.py:541} INFO - Filling up the DagBag from /usr/local/python/3.10.13/lib/python3.10/site-packages/airflow/example_dags/example_bash_operator.py
[2024-06-24T17:26:47.464+0000] {processor.py:836} INFO - DAG(s) dict_keys(['example_bash_operator']) retrieved from /usr/local/python/3.10.13/lib/python3.10/site-packages/airflow/example_dags/example_bash_operator.py
[2024-06-24T17:26:47.483+0000] {logging_mixin.py:150} INFO - [2024-06-24T17:26:47.482+0000] {dag.py:2742} INFO - Sync 1 DAGs
[2024-06-24T17:26:47.499+0000] {logging_mixin.py:150} INFO - [2024-06-24T17:26:47.498+0000] {dag.py:3504} INFO - Setting next_dagrun for example_bash_operator to 2024-06-23T00:00:00+00:00, run_after=2024-06-24T00:00:00+00:00
[2024-06-24T17:26:47.538+0000] {processor.py:179} INFO - Processing /usr/local/python/3.10.13/lib/python3.10/site-packages/airflow/example_dags/example_bash_operator.py took 0.085 seconds
[2024-06-24T17:27:39.232+0000] {processor.py:157} INFO - Started process (PID=18023) to work on /usr/local/python/3.10.13/lib/python3.10/site-packages/airflow/example_dags/example_bash_operator.py
[2024-06-24T17:27:39.233+0000] {processor.py:826} INFO - Processing file /usr/local/python/3.10.13/lib/python3.10/site-packages/airflow/example_dags/example_bash_operator.py for tasks to queue
[2024-06-24T17:27:39.234+0000] {logging_mixin.py:150} INFO - [2024-06-24T17:27:39.234+0000] {dagbag.py:541} INFO - Filling up the DagBag from /usr/local/python/3.10.13/lib/python3.10/site-packages/airflow/example_dags/example_bash_operator.py
[2024-06-24T17:27:39.246+0000] {processor.py:836} INFO - DAG(s) dict_keys(['example_bash_operator']) retrieved from /usr/local/python/3.10.13/lib/python3.10/site-packages/airflow/example_dags/example_bash_operator.py
[2024-06-24T17:27:39.267+0000] {logging_mixin.py:150} INFO - [2024-06-24T17:27:39.266+0000] {dag.py:2742} INFO - Sync 1 DAGs
[2024-06-24T17:27:39.284+0000] {logging_mixin.py:150} INFO - [2024-06-24T17:27:39.283+0000] {dag.py:3504} INFO - Setting next_dagrun for example_bash_operator to 2024-06-23T00:00:00+00:00, run_after=2024-06-24T00:00:00+00:00
[2024-06-24T17:27:39.328+0000] {processor.py:179} INFO - Processing /usr/local/python/3.10.13/lib/python3.10/site-packages/airflow/example_dags/example_bash_operator.py took 0.099 seconds
[2024-06-24T17:28:32.480+0000] {processor.py:157} INFO - Started process (PID=18391) to work on /usr/local/python/3.10.13/lib/python3.10/site-packages/airflow/example_dags/example_bash_operator.py
[2024-06-24T17:28:32.481+0000] {processor.py:826} INFO - Processing file /usr/local/python/3.10.13/lib/python3.10/site-packages/airflow/example_dags/example_bash_operator.py for tasks to queue
[2024-06-24T17:28:32.482+0000] {logging_mixin.py:150} INFO - [2024-06-24T17:28:32.482+0000] {dagbag.py:541} INFO - Filling up the DagBag from /usr/local/python/3.10.13/lib/python3.10/site-packages/airflow/example_dags/example_bash_operator.py
[2024-06-24T17:28:32.490+0000] {processor.py:836} INFO - DAG(s) dict_keys(['example_bash_operator']) retrieved from /usr/local/python/3.10.13/lib/python3.10/site-packages/airflow/example_dags/example_bash_operator.py
[2024-06-24T17:28:32.509+0000] {logging_mixin.py:150} INFO - [2024-06-24T17:28:32.508+0000] {dag.py:2742} INFO - Sync 1 DAGs
[2024-06-24T17:28:32.525+0000] {logging_mixin.py:150} INFO - [2024-06-24T17:28:32.524+0000] {dag.py:3504} INFO - Setting next_dagrun for example_bash_operator to 2024-06-23T00:00:00+00:00, run_after=2024-06-24T00:00:00+00:00
[2024-06-24T17:28:32.561+0000] {processor.py:179} INFO - Processing /usr/local/python/3.10.13/lib/python3.10/site-packages/airflow/example_dags/example_bash_operator.py took 0.083 seconds
[2024-06-24T17:29:25.239+0000] {processor.py:157} INFO - Started process (PID=18768) to work on /usr/local/python/3.10.13/lib/python3.10/site-packages/airflow/example_dags/example_bash_operator.py
[2024-06-24T17:29:25.239+0000] {processor.py:826} INFO - Processing file /usr/local/python/3.10.13/lib/python3.10/site-packages/airflow/example_dags/example_bash_operator.py for tasks to queue
[2024-06-24T17:29:25.240+0000] {logging_mixin.py:150} INFO - [2024-06-24T17:29:25.240+0000] {dagbag.py:541} INFO - Filling up the DagBag from /usr/local/python/3.10.13/lib/python3.10/site-packages/airflow/example_dags/example_bash_operator.py
[2024-06-24T17:29:25.248+0000] {processor.py:836} INFO - DAG(s) dict_keys(['example_bash_operator']) retrieved from /usr/local/python/3.10.13/lib/python3.10/site-packages/airflow/example_dags/example_bash_operator.py
[2024-06-24T17:29:25.268+0000] {logging_mixin.py:150} INFO - [2024-06-24T17:29:25.267+0000] {dag.py:2742} INFO - Sync 1 DAGs
[2024-06-24T17:29:25.294+0000] {logging_mixin.py:150} INFO - [2024-06-24T17:29:25.294+0000] {dag.py:3504} INFO - Setting next_dagrun for example_bash_operator to 2024-06-23T00:00:00+00:00, run_after=2024-06-24T00:00:00+00:00
[2024-06-24T17:29:25.354+0000] {processor.py:179} INFO - Processing /usr/local/python/3.10.13/lib/python3.10/site-packages/airflow/example_dags/example_bash_operator.py took 0.118 seconds
[2024-06-24T17:30:17.594+0000] {processor.py:157} INFO - Started process (PID=19125) to work on /usr/local/python/3.10.13/lib/python3.10/site-packages/airflow/example_dags/example_bash_operator.py
[2024-06-24T17:30:17.594+0000] {processor.py:826} INFO - Processing file /usr/local/python/3.10.13/lib/python3.10/site-packages/airflow/example_dags/example_bash_operator.py for tasks to queue
[2024-06-24T17:30:17.595+0000] {logging_mixin.py:150} INFO - [2024-06-24T17:30:17.595+0000] {dagbag.py:541} INFO - Filling up the DagBag from /usr/local/python/3.10.13/lib/python3.10/site-packages/airflow/example_dags/example_bash_operator.py
[2024-06-24T17:30:17.609+0000] {processor.py:836} INFO - DAG(s) dict_keys(['example_bash_operator']) retrieved from /usr/local/python/3.10.13/lib/python3.10/site-packages/airflow/example_dags/example_bash_operator.py
[2024-06-24T17:30:17.639+0000] {logging_mixin.py:150} INFO - [2024-06-24T17:30:17.639+0000] {dag.py:2742} INFO - Sync 1 DAGs
[2024-06-24T17:30:17.661+0000] {logging_mixin.py:150} INFO - [2024-06-24T17:30:17.660+0000] {dag.py:3504} INFO - Setting next_dagrun for example_bash_operator to 2024-06-23T00:00:00+00:00, run_after=2024-06-24T00:00:00+00:00
[2024-06-24T17:30:17.700+0000] {processor.py:179} INFO - Processing /usr/local/python/3.10.13/lib/python3.10/site-packages/airflow/example_dags/example_bash_operator.py took 0.109 seconds
[2024-06-24T17:31:11.418+0000] {processor.py:157} INFO - Started process (PID=19491) to work on /usr/local/python/3.10.13/lib/python3.10/site-packages/airflow/example_dags/example_bash_operator.py
[2024-06-24T17:31:11.418+0000] {processor.py:826} INFO - Processing file /usr/local/python/3.10.13/lib/python3.10/site-packages/airflow/example_dags/example_bash_operator.py for tasks to queue
[2024-06-24T17:31:11.419+0000] {logging_mixin.py:150} INFO - [2024-06-24T17:31:11.419+0000] {dagbag.py:541} INFO - Filling up the DagBag from /usr/local/python/3.10.13/lib/python3.10/site-packages/airflow/example_dags/example_bash_operator.py
[2024-06-24T17:31:11.428+0000] {processor.py:836} INFO - DAG(s) dict_keys(['example_bash_operator']) retrieved from /usr/local/python/3.10.13/lib/python3.10/site-packages/airflow/example_dags/example_bash_operator.py
[2024-06-24T17:31:11.446+0000] {logging_mixin.py:150} INFO - [2024-06-24T17:31:11.446+0000] {dag.py:2742} INFO - Sync 1 DAGs
[2024-06-24T17:31:11.463+0000] {logging_mixin.py:150} INFO - [2024-06-24T17:31:11.462+0000] {dag.py:3504} INFO - Setting next_dagrun for example_bash_operator to 2024-06-23T00:00:00+00:00, run_after=2024-06-24T00:00:00+00:00
[2024-06-24T17:31:11.502+0000] {processor.py:179} INFO - Processing /usr/local/python/3.10.13/lib/python3.10/site-packages/airflow/example_dags/example_bash_operator.py took 0.087 seconds
