[2024-06-24T15:55:15.828+0000] {processor.py:157} INFO - Started process (PID=13833) to work on /usr/local/python/3.10.13/lib/python3.10/site-packages/airflow/example_dags/example_sensor_decorator.py
[2024-06-24T15:55:15.829+0000] {processor.py:826} INFO - Processing file /usr/local/python/3.10.13/lib/python3.10/site-packages/airflow/example_dags/example_sensor_decorator.py for tasks to queue
[2024-06-24T15:55:15.829+0000] {logging_mixin.py:150} INFO - [2024-06-24T15:55:15.829+0000] {dagbag.py:541} INFO - Filling up the DagBag from /usr/local/python/3.10.13/lib/python3.10/site-packages/airflow/example_dags/example_sensor_decorator.py
[2024-06-24T15:55:15.833+0000] {processor.py:836} INFO - DAG(s) dict_keys(['example_sensor_decorator']) retrieved from /usr/local/python/3.10.13/lib/python3.10/site-packages/airflow/example_dags/example_sensor_decorator.py
[2024-06-24T15:55:15.974+0000] {logging_mixin.py:150} INFO - [2024-06-24T15:55:15.973+0000] {manager.py:504} INFO - Created Permission View: can delete on DAG:example_sensor_decorator
[2024-06-24T15:55:16.018+0000] {logging_mixin.py:150} INFO - [2024-06-24T15:55:16.017+0000] {manager.py:504} INFO - Created Permission View: can read on DAG:example_sensor_decorator
[2024-06-24T15:55:16.063+0000] {logging_mixin.py:150} INFO - [2024-06-24T15:55:16.063+0000] {manager.py:504} INFO - Created Permission View: can edit on DAG:example_sensor_decorator
[2024-06-24T15:55:16.074+0000] {logging_mixin.py:150} INFO - [2024-06-24T15:55:16.073+0000] {dag.py:2742} INFO - Sync 1 DAGs
[2024-06-24T15:55:16.088+0000] {logging_mixin.py:150} INFO - [2024-06-24T15:55:16.087+0000] {dag.py:2763} INFO - Creating ORM DAG for example_sensor_decorator
[2024-06-24T15:55:16.096+0000] {logging_mixin.py:150} INFO - [2024-06-24T15:55:16.096+0000] {dag.py:3504} INFO - Setting next_dagrun for example_sensor_decorator to None, run_after=None
[2024-06-24T15:55:16.141+0000] {processor.py:179} INFO - Processing /usr/local/python/3.10.13/lib/python3.10/site-packages/airflow/example_dags/example_sensor_decorator.py took 0.315 seconds
[2024-06-24T15:56:04.703+0000] {processor.py:157} INFO - Started process (PID=14178) to work on /usr/local/python/3.10.13/lib/python3.10/site-packages/airflow/example_dags/example_sensor_decorator.py
[2024-06-24T15:56:04.703+0000] {processor.py:826} INFO - Processing file /usr/local/python/3.10.13/lib/python3.10/site-packages/airflow/example_dags/example_sensor_decorator.py for tasks to queue
[2024-06-24T15:56:04.704+0000] {logging_mixin.py:150} INFO - [2024-06-24T15:56:04.704+0000] {dagbag.py:541} INFO - Filling up the DagBag from /usr/local/python/3.10.13/lib/python3.10/site-packages/airflow/example_dags/example_sensor_decorator.py
[2024-06-24T15:56:04.708+0000] {processor.py:836} INFO - DAG(s) dict_keys(['example_sensor_decorator']) retrieved from /usr/local/python/3.10.13/lib/python3.10/site-packages/airflow/example_dags/example_sensor_decorator.py
[2024-06-24T15:56:04.720+0000] {logging_mixin.py:150} INFO - [2024-06-24T15:56:04.719+0000] {dag.py:2742} INFO - Sync 1 DAGs
[2024-06-24T15:56:04.735+0000] {logging_mixin.py:150} INFO - [2024-06-24T15:56:04.735+0000] {dag.py:3504} INFO - Setting next_dagrun for example_sensor_decorator to None, run_after=None
[2024-06-24T15:56:04.780+0000] {processor.py:179} INFO - Processing /usr/local/python/3.10.13/lib/python3.10/site-packages/airflow/example_dags/example_sensor_decorator.py took 0.079 seconds
[2024-06-24T16:02:02.244+0000] {processor.py:157} INFO - Started process (PID=16784) to work on /usr/local/python/3.10.13/lib/python3.10/site-packages/airflow/example_dags/example_sensor_decorator.py
[2024-06-24T16:02:02.245+0000] {processor.py:826} INFO - Processing file /usr/local/python/3.10.13/lib/python3.10/site-packages/airflow/example_dags/example_sensor_decorator.py for tasks to queue
[2024-06-24T16:02:02.245+0000] {logging_mixin.py:150} INFO - [2024-06-24T16:02:02.245+0000] {dagbag.py:541} INFO - Filling up the DagBag from /usr/local/python/3.10.13/lib/python3.10/site-packages/airflow/example_dags/example_sensor_decorator.py
[2024-06-24T16:02:02.250+0000] {processor.py:836} INFO - DAG(s) dict_keys(['example_sensor_decorator']) retrieved from /usr/local/python/3.10.13/lib/python3.10/site-packages/airflow/example_dags/example_sensor_decorator.py
[2024-06-24T16:02:02.262+0000] {logging_mixin.py:150} INFO - [2024-06-24T16:02:02.262+0000] {dag.py:2742} INFO - Sync 1 DAGs
[2024-06-24T16:02:02.278+0000] {logging_mixin.py:150} INFO - [2024-06-24T16:02:02.277+0000] {dag.py:3504} INFO - Setting next_dagrun for example_sensor_decorator to None, run_after=None
[2024-06-24T16:02:02.320+0000] {processor.py:179} INFO - Processing /usr/local/python/3.10.13/lib/python3.10/site-packages/airflow/example_dags/example_sensor_decorator.py took 0.078 seconds
[2024-06-24T16:02:49.077+0000] {processor.py:157} INFO - Started process (PID=17151) to work on /usr/local/python/3.10.13/lib/python3.10/site-packages/airflow/example_dags/example_sensor_decorator.py
[2024-06-24T16:02:49.078+0000] {processor.py:826} INFO - Processing file /usr/local/python/3.10.13/lib/python3.10/site-packages/airflow/example_dags/example_sensor_decorator.py for tasks to queue
[2024-06-24T16:02:49.078+0000] {logging_mixin.py:150} INFO - [2024-06-24T16:02:49.078+0000] {dagbag.py:541} INFO - Filling up the DagBag from /usr/local/python/3.10.13/lib/python3.10/site-packages/airflow/example_dags/example_sensor_decorator.py
[2024-06-24T16:02:49.083+0000] {processor.py:836} INFO - DAG(s) dict_keys(['example_sensor_decorator']) retrieved from /usr/local/python/3.10.13/lib/python3.10/site-packages/airflow/example_dags/example_sensor_decorator.py
[2024-06-24T16:02:49.094+0000] {logging_mixin.py:150} INFO - [2024-06-24T16:02:49.094+0000] {dag.py:2742} INFO - Sync 1 DAGs
[2024-06-24T16:02:49.110+0000] {logging_mixin.py:150} INFO - [2024-06-24T16:02:49.110+0000] {dag.py:3504} INFO - Setting next_dagrun for example_sensor_decorator to None, run_after=None
[2024-06-24T16:02:49.155+0000] {processor.py:179} INFO - Processing /usr/local/python/3.10.13/lib/python3.10/site-packages/airflow/example_dags/example_sensor_decorator.py took 0.080 seconds
[2024-06-24T16:03:38.835+0000] {processor.py:157} INFO - Started process (PID=17536) to work on /usr/local/python/3.10.13/lib/python3.10/site-packages/airflow/example_dags/example_sensor_decorator.py
[2024-06-24T16:03:38.836+0000] {processor.py:826} INFO - Processing file /usr/local/python/3.10.13/lib/python3.10/site-packages/airflow/example_dags/example_sensor_decorator.py for tasks to queue
[2024-06-24T16:03:38.837+0000] {logging_mixin.py:150} INFO - [2024-06-24T16:03:38.836+0000] {dagbag.py:541} INFO - Filling up the DagBag from /usr/local/python/3.10.13/lib/python3.10/site-packages/airflow/example_dags/example_sensor_decorator.py
[2024-06-24T16:03:38.841+0000] {processor.py:836} INFO - DAG(s) dict_keys(['example_sensor_decorator']) retrieved from /usr/local/python/3.10.13/lib/python3.10/site-packages/airflow/example_dags/example_sensor_decorator.py
[2024-06-24T16:03:38.852+0000] {logging_mixin.py:150} INFO - [2024-06-24T16:03:38.852+0000] {dag.py:2742} INFO - Sync 1 DAGs
[2024-06-24T16:03:38.869+0000] {logging_mixin.py:150} INFO - [2024-06-24T16:03:38.868+0000] {dag.py:3504} INFO - Setting next_dagrun for example_sensor_decorator to None, run_after=None
[2024-06-24T16:03:38.921+0000] {processor.py:179} INFO - Processing /usr/local/python/3.10.13/lib/python3.10/site-packages/airflow/example_dags/example_sensor_decorator.py took 0.088 seconds
[2024-06-24T16:04:25.117+0000] {processor.py:157} INFO - Started process (PID=17897) to work on /usr/local/python/3.10.13/lib/python3.10/site-packages/airflow/example_dags/example_sensor_decorator.py
[2024-06-24T16:04:25.118+0000] {processor.py:826} INFO - Processing file /usr/local/python/3.10.13/lib/python3.10/site-packages/airflow/example_dags/example_sensor_decorator.py for tasks to queue
[2024-06-24T16:04:25.119+0000] {logging_mixin.py:150} INFO - [2024-06-24T16:04:25.119+0000] {dagbag.py:541} INFO - Filling up the DagBag from /usr/local/python/3.10.13/lib/python3.10/site-packages/airflow/example_dags/example_sensor_decorator.py
[2024-06-24T16:04:25.126+0000] {processor.py:836} INFO - DAG(s) dict_keys(['example_sensor_decorator']) retrieved from /usr/local/python/3.10.13/lib/python3.10/site-packages/airflow/example_dags/example_sensor_decorator.py
[2024-06-24T16:04:25.147+0000] {logging_mixin.py:150} INFO - [2024-06-24T16:04:25.147+0000] {dag.py:2742} INFO - Sync 1 DAGs
[2024-06-24T16:04:25.169+0000] {logging_mixin.py:150} INFO - [2024-06-24T16:04:25.169+0000] {dag.py:3504} INFO - Setting next_dagrun for example_sensor_decorator to None, run_after=None
[2024-06-24T16:04:25.206+0000] {processor.py:179} INFO - Processing /usr/local/python/3.10.13/lib/python3.10/site-packages/airflow/example_dags/example_sensor_decorator.py took 0.092 seconds
[2024-06-24T16:05:14.123+0000] {processor.py:157} INFO - Started process (PID=18270) to work on /usr/local/python/3.10.13/lib/python3.10/site-packages/airflow/example_dags/example_sensor_decorator.py
[2024-06-24T16:05:14.123+0000] {processor.py:826} INFO - Processing file /usr/local/python/3.10.13/lib/python3.10/site-packages/airflow/example_dags/example_sensor_decorator.py for tasks to queue
[2024-06-24T16:05:14.124+0000] {logging_mixin.py:150} INFO - [2024-06-24T16:05:14.124+0000] {dagbag.py:541} INFO - Filling up the DagBag from /usr/local/python/3.10.13/lib/python3.10/site-packages/airflow/example_dags/example_sensor_decorator.py
[2024-06-24T16:05:14.129+0000] {processor.py:836} INFO - DAG(s) dict_keys(['example_sensor_decorator']) retrieved from /usr/local/python/3.10.13/lib/python3.10/site-packages/airflow/example_dags/example_sensor_decorator.py
[2024-06-24T16:05:14.141+0000] {logging_mixin.py:150} INFO - [2024-06-24T16:05:14.141+0000] {dag.py:2742} INFO - Sync 1 DAGs
[2024-06-24T16:05:14.156+0000] {logging_mixin.py:150} INFO - [2024-06-24T16:05:14.156+0000] {dag.py:3504} INFO - Setting next_dagrun for example_sensor_decorator to None, run_after=None
[2024-06-24T16:05:14.194+0000] {processor.py:179} INFO - Processing /usr/local/python/3.10.13/lib/python3.10/site-packages/airflow/example_dags/example_sensor_decorator.py took 0.073 seconds
[2024-06-24T16:05:58.672+0000] {processor.py:157} INFO - Started process (PID=18631) to work on /usr/local/python/3.10.13/lib/python3.10/site-packages/airflow/example_dags/example_sensor_decorator.py
[2024-06-24T16:05:58.672+0000] {processor.py:826} INFO - Processing file /usr/local/python/3.10.13/lib/python3.10/site-packages/airflow/example_dags/example_sensor_decorator.py for tasks to queue
[2024-06-24T16:05:58.673+0000] {logging_mixin.py:150} INFO - [2024-06-24T16:05:58.673+0000] {dagbag.py:541} INFO - Filling up the DagBag from /usr/local/python/3.10.13/lib/python3.10/site-packages/airflow/example_dags/example_sensor_decorator.py
[2024-06-24T16:05:58.677+0000] {processor.py:836} INFO - DAG(s) dict_keys(['example_sensor_decorator']) retrieved from /usr/local/python/3.10.13/lib/python3.10/site-packages/airflow/example_dags/example_sensor_decorator.py
[2024-06-24T16:05:58.689+0000] {logging_mixin.py:150} INFO - [2024-06-24T16:05:58.689+0000] {dag.py:2742} INFO - Sync 1 DAGs
[2024-06-24T16:05:58.704+0000] {logging_mixin.py:150} INFO - [2024-06-24T16:05:58.704+0000] {dag.py:3504} INFO - Setting next_dagrun for example_sensor_decorator to None, run_after=None
[2024-06-24T16:05:58.749+0000] {processor.py:179} INFO - Processing /usr/local/python/3.10.13/lib/python3.10/site-packages/airflow/example_dags/example_sensor_decorator.py took 0.079 seconds
[2024-06-24T16:06:47.485+0000] {processor.py:157} INFO - Started process (PID=19001) to work on /usr/local/python/3.10.13/lib/python3.10/site-packages/airflow/example_dags/example_sensor_decorator.py
[2024-06-24T16:06:47.487+0000] {processor.py:826} INFO - Processing file /usr/local/python/3.10.13/lib/python3.10/site-packages/airflow/example_dags/example_sensor_decorator.py for tasks to queue
[2024-06-24T16:06:47.488+0000] {logging_mixin.py:150} INFO - [2024-06-24T16:06:47.487+0000] {dagbag.py:541} INFO - Filling up the DagBag from /usr/local/python/3.10.13/lib/python3.10/site-packages/airflow/example_dags/example_sensor_decorator.py
[2024-06-24T16:06:47.495+0000] {processor.py:836} INFO - DAG(s) dict_keys(['example_sensor_decorator']) retrieved from /usr/local/python/3.10.13/lib/python3.10/site-packages/airflow/example_dags/example_sensor_decorator.py
[2024-06-24T16:06:47.512+0000] {logging_mixin.py:150} INFO - [2024-06-24T16:06:47.512+0000] {dag.py:2742} INFO - Sync 1 DAGs
[2024-06-24T16:06:47.528+0000] {logging_mixin.py:150} INFO - [2024-06-24T16:06:47.528+0000] {dag.py:3504} INFO - Setting next_dagrun for example_sensor_decorator to None, run_after=None
[2024-06-24T16:06:47.579+0000] {processor.py:179} INFO - Processing /usr/local/python/3.10.13/lib/python3.10/site-packages/airflow/example_dags/example_sensor_decorator.py took 0.098 seconds
[2024-06-24T16:07:34.955+0000] {processor.py:157} INFO - Started process (PID=19365) to work on /usr/local/python/3.10.13/lib/python3.10/site-packages/airflow/example_dags/example_sensor_decorator.py
[2024-06-24T16:07:34.956+0000] {processor.py:826} INFO - Processing file /usr/local/python/3.10.13/lib/python3.10/site-packages/airflow/example_dags/example_sensor_decorator.py for tasks to queue
[2024-06-24T16:07:34.956+0000] {logging_mixin.py:150} INFO - [2024-06-24T16:07:34.956+0000] {dagbag.py:541} INFO - Filling up the DagBag from /usr/local/python/3.10.13/lib/python3.10/site-packages/airflow/example_dags/example_sensor_decorator.py
[2024-06-24T16:07:34.961+0000] {processor.py:836} INFO - DAG(s) dict_keys(['example_sensor_decorator']) retrieved from /usr/local/python/3.10.13/lib/python3.10/site-packages/airflow/example_dags/example_sensor_decorator.py
[2024-06-24T16:07:34.972+0000] {logging_mixin.py:150} INFO - [2024-06-24T16:07:34.972+0000] {dag.py:2742} INFO - Sync 1 DAGs
[2024-06-24T16:07:34.987+0000] {logging_mixin.py:150} INFO - [2024-06-24T16:07:34.986+0000] {dag.py:3504} INFO - Setting next_dagrun for example_sensor_decorator to None, run_after=None
[2024-06-24T16:07:35.026+0000] {processor.py:179} INFO - Processing /usr/local/python/3.10.13/lib/python3.10/site-packages/airflow/example_dags/example_sensor_decorator.py took 0.073 seconds
[2024-06-24T16:08:23.154+0000] {processor.py:157} INFO - Started process (PID=19742) to work on /usr/local/python/3.10.13/lib/python3.10/site-packages/airflow/example_dags/example_sensor_decorator.py
[2024-06-24T16:08:23.155+0000] {processor.py:826} INFO - Processing file /usr/local/python/3.10.13/lib/python3.10/site-packages/airflow/example_dags/example_sensor_decorator.py for tasks to queue
[2024-06-24T16:08:23.155+0000] {logging_mixin.py:150} INFO - [2024-06-24T16:08:23.155+0000] {dagbag.py:541} INFO - Filling up the DagBag from /usr/local/python/3.10.13/lib/python3.10/site-packages/airflow/example_dags/example_sensor_decorator.py
[2024-06-24T16:08:23.159+0000] {processor.py:836} INFO - DAG(s) dict_keys(['example_sensor_decorator']) retrieved from /usr/local/python/3.10.13/lib/python3.10/site-packages/airflow/example_dags/example_sensor_decorator.py
[2024-06-24T16:08:23.171+0000] {logging_mixin.py:150} INFO - [2024-06-24T16:08:23.171+0000] {dag.py:2742} INFO - Sync 1 DAGs
[2024-06-24T16:08:23.186+0000] {logging_mixin.py:150} INFO - [2024-06-24T16:08:23.186+0000] {dag.py:3504} INFO - Setting next_dagrun for example_sensor_decorator to None, run_after=None
[2024-06-24T16:08:23.226+0000] {processor.py:179} INFO - Processing /usr/local/python/3.10.13/lib/python3.10/site-packages/airflow/example_dags/example_sensor_decorator.py took 0.074 seconds
[2024-06-24T16:09:11.066+0000] {processor.py:157} INFO - Started process (PID=20103) to work on /usr/local/python/3.10.13/lib/python3.10/site-packages/airflow/example_dags/example_sensor_decorator.py
[2024-06-24T16:09:11.066+0000] {processor.py:826} INFO - Processing file /usr/local/python/3.10.13/lib/python3.10/site-packages/airflow/example_dags/example_sensor_decorator.py for tasks to queue
[2024-06-24T16:09:11.067+0000] {logging_mixin.py:150} INFO - [2024-06-24T16:09:11.067+0000] {dagbag.py:541} INFO - Filling up the DagBag from /usr/local/python/3.10.13/lib/python3.10/site-packages/airflow/example_dags/example_sensor_decorator.py
[2024-06-24T16:09:11.072+0000] {processor.py:836} INFO - DAG(s) dict_keys(['example_sensor_decorator']) retrieved from /usr/local/python/3.10.13/lib/python3.10/site-packages/airflow/example_dags/example_sensor_decorator.py
[2024-06-24T16:09:11.084+0000] {logging_mixin.py:150} INFO - [2024-06-24T16:09:11.084+0000] {dag.py:2742} INFO - Sync 1 DAGs
[2024-06-24T16:09:11.099+0000] {logging_mixin.py:150} INFO - [2024-06-24T16:09:11.099+0000] {dag.py:3504} INFO - Setting next_dagrun for example_sensor_decorator to None, run_after=None
[2024-06-24T16:09:11.139+0000] {processor.py:179} INFO - Processing /usr/local/python/3.10.13/lib/python3.10/site-packages/airflow/example_dags/example_sensor_decorator.py took 0.076 seconds
[2024-06-24T16:09:57.608+0000] {processor.py:157} INFO - Started process (PID=20424) to work on /usr/local/python/3.10.13/lib/python3.10/site-packages/airflow/example_dags/example_sensor_decorator.py
[2024-06-24T16:09:57.608+0000] {processor.py:826} INFO - Processing file /usr/local/python/3.10.13/lib/python3.10/site-packages/airflow/example_dags/example_sensor_decorator.py for tasks to queue
[2024-06-24T16:09:57.609+0000] {logging_mixin.py:150} INFO - [2024-06-24T16:09:57.609+0000] {dagbag.py:541} INFO - Filling up the DagBag from /usr/local/python/3.10.13/lib/python3.10/site-packages/airflow/example_dags/example_sensor_decorator.py
[2024-06-24T16:09:57.614+0000] {processor.py:836} INFO - DAG(s) dict_keys(['example_sensor_decorator']) retrieved from /usr/local/python/3.10.13/lib/python3.10/site-packages/airflow/example_dags/example_sensor_decorator.py
[2024-06-24T16:09:57.625+0000] {logging_mixin.py:150} INFO - [2024-06-24T16:09:57.625+0000] {dag.py:2742} INFO - Sync 1 DAGs
[2024-06-24T16:09:57.641+0000] {logging_mixin.py:150} INFO - [2024-06-24T16:09:57.641+0000] {dag.py:3504} INFO - Setting next_dagrun for example_sensor_decorator to None, run_after=None
[2024-06-24T16:09:57.682+0000] {processor.py:179} INFO - Processing /usr/local/python/3.10.13/lib/python3.10/site-packages/airflow/example_dags/example_sensor_decorator.py took 0.077 seconds
[2024-06-24T16:10:45.637+0000] {processor.py:157} INFO - Started process (PID=20753) to work on /usr/local/python/3.10.13/lib/python3.10/site-packages/airflow/example_dags/example_sensor_decorator.py
[2024-06-24T16:10:45.637+0000] {processor.py:826} INFO - Processing file /usr/local/python/3.10.13/lib/python3.10/site-packages/airflow/example_dags/example_sensor_decorator.py for tasks to queue
[2024-06-24T16:10:45.638+0000] {logging_mixin.py:150} INFO - [2024-06-24T16:10:45.638+0000] {dagbag.py:541} INFO - Filling up the DagBag from /usr/local/python/3.10.13/lib/python3.10/site-packages/airflow/example_dags/example_sensor_decorator.py
[2024-06-24T16:10:45.642+0000] {processor.py:836} INFO - DAG(s) dict_keys(['example_sensor_decorator']) retrieved from /usr/local/python/3.10.13/lib/python3.10/site-packages/airflow/example_dags/example_sensor_decorator.py
[2024-06-24T16:10:45.654+0000] {logging_mixin.py:150} INFO - [2024-06-24T16:10:45.653+0000] {dag.py:2742} INFO - Sync 1 DAGs
[2024-06-24T16:10:45.668+0000] {logging_mixin.py:150} INFO - [2024-06-24T16:10:45.668+0000] {dag.py:3504} INFO - Setting next_dagrun for example_sensor_decorator to None, run_after=None
[2024-06-24T16:10:45.706+0000] {processor.py:179} INFO - Processing /usr/local/python/3.10.13/lib/python3.10/site-packages/airflow/example_dags/example_sensor_decorator.py took 0.072 seconds
[2024-06-24T16:11:33.487+0000] {processor.py:157} INFO - Started process (PID=21095) to work on /usr/local/python/3.10.13/lib/python3.10/site-packages/airflow/example_dags/example_sensor_decorator.py
[2024-06-24T16:11:33.487+0000] {processor.py:826} INFO - Processing file /usr/local/python/3.10.13/lib/python3.10/site-packages/airflow/example_dags/example_sensor_decorator.py for tasks to queue
[2024-06-24T16:11:33.488+0000] {logging_mixin.py:150} INFO - [2024-06-24T16:11:33.488+0000] {dagbag.py:541} INFO - Filling up the DagBag from /usr/local/python/3.10.13/lib/python3.10/site-packages/airflow/example_dags/example_sensor_decorator.py
[2024-06-24T16:11:33.492+0000] {processor.py:836} INFO - DAG(s) dict_keys(['example_sensor_decorator']) retrieved from /usr/local/python/3.10.13/lib/python3.10/site-packages/airflow/example_dags/example_sensor_decorator.py
[2024-06-24T16:11:33.504+0000] {logging_mixin.py:150} INFO - [2024-06-24T16:11:33.504+0000] {dag.py:2742} INFO - Sync 1 DAGs
[2024-06-24T16:11:33.519+0000] {logging_mixin.py:150} INFO - [2024-06-24T16:11:33.519+0000] {dag.py:3504} INFO - Setting next_dagrun for example_sensor_decorator to None, run_after=None
[2024-06-24T16:11:33.564+0000] {processor.py:179} INFO - Processing /usr/local/python/3.10.13/lib/python3.10/site-packages/airflow/example_dags/example_sensor_decorator.py took 0.079 seconds
[2024-06-24T16:12:22.282+0000] {processor.py:157} INFO - Started process (PID=21411) to work on /usr/local/python/3.10.13/lib/python3.10/site-packages/airflow/example_dags/example_sensor_decorator.py
[2024-06-24T16:12:22.282+0000] {processor.py:826} INFO - Processing file /usr/local/python/3.10.13/lib/python3.10/site-packages/airflow/example_dags/example_sensor_decorator.py for tasks to queue
[2024-06-24T16:12:22.283+0000] {logging_mixin.py:150} INFO - [2024-06-24T16:12:22.283+0000] {dagbag.py:541} INFO - Filling up the DagBag from /usr/local/python/3.10.13/lib/python3.10/site-packages/airflow/example_dags/example_sensor_decorator.py
[2024-06-24T16:12:22.289+0000] {processor.py:836} INFO - DAG(s) dict_keys(['example_sensor_decorator']) retrieved from /usr/local/python/3.10.13/lib/python3.10/site-packages/airflow/example_dags/example_sensor_decorator.py
[2024-06-24T16:12:22.307+0000] {logging_mixin.py:150} INFO - [2024-06-24T16:12:22.307+0000] {dag.py:2742} INFO - Sync 1 DAGs
[2024-06-24T16:12:22.328+0000] {logging_mixin.py:150} INFO - [2024-06-24T16:12:22.328+0000] {dag.py:3504} INFO - Setting next_dagrun for example_sensor_decorator to None, run_after=None
[2024-06-24T16:12:22.375+0000] {processor.py:179} INFO - Processing /usr/local/python/3.10.13/lib/python3.10/site-packages/airflow/example_dags/example_sensor_decorator.py took 0.097 seconds
[2024-06-24T16:13:11.036+0000] {processor.py:157} INFO - Started process (PID=21754) to work on /usr/local/python/3.10.13/lib/python3.10/site-packages/airflow/example_dags/example_sensor_decorator.py
[2024-06-24T16:13:11.037+0000] {processor.py:826} INFO - Processing file /usr/local/python/3.10.13/lib/python3.10/site-packages/airflow/example_dags/example_sensor_decorator.py for tasks to queue
[2024-06-24T16:13:11.037+0000] {logging_mixin.py:150} INFO - [2024-06-24T16:13:11.037+0000] {dagbag.py:541} INFO - Filling up the DagBag from /usr/local/python/3.10.13/lib/python3.10/site-packages/airflow/example_dags/example_sensor_decorator.py
[2024-06-24T16:13:11.042+0000] {processor.py:836} INFO - DAG(s) dict_keys(['example_sensor_decorator']) retrieved from /usr/local/python/3.10.13/lib/python3.10/site-packages/airflow/example_dags/example_sensor_decorator.py
[2024-06-24T16:13:11.054+0000] {logging_mixin.py:150} INFO - [2024-06-24T16:13:11.053+0000] {dag.py:2742} INFO - Sync 1 DAGs
[2024-06-24T16:13:11.068+0000] {logging_mixin.py:150} INFO - [2024-06-24T16:13:11.068+0000] {dag.py:3504} INFO - Setting next_dagrun for example_sensor_decorator to None, run_after=None
[2024-06-24T16:13:11.107+0000] {processor.py:179} INFO - Processing /usr/local/python/3.10.13/lib/python3.10/site-packages/airflow/example_dags/example_sensor_decorator.py took 0.073 seconds
[2024-06-24T16:13:58.304+0000] {processor.py:157} INFO - Started process (PID=22094) to work on /usr/local/python/3.10.13/lib/python3.10/site-packages/airflow/example_dags/example_sensor_decorator.py
[2024-06-24T16:13:58.304+0000] {processor.py:826} INFO - Processing file /usr/local/python/3.10.13/lib/python3.10/site-packages/airflow/example_dags/example_sensor_decorator.py for tasks to queue
[2024-06-24T16:13:58.305+0000] {logging_mixin.py:150} INFO - [2024-06-24T16:13:58.305+0000] {dagbag.py:541} INFO - Filling up the DagBag from /usr/local/python/3.10.13/lib/python3.10/site-packages/airflow/example_dags/example_sensor_decorator.py
[2024-06-24T16:13:58.309+0000] {processor.py:836} INFO - DAG(s) dict_keys(['example_sensor_decorator']) retrieved from /usr/local/python/3.10.13/lib/python3.10/site-packages/airflow/example_dags/example_sensor_decorator.py
[2024-06-24T16:13:58.321+0000] {logging_mixin.py:150} INFO - [2024-06-24T16:13:58.321+0000] {dag.py:2742} INFO - Sync 1 DAGs
[2024-06-24T16:13:58.336+0000] {logging_mixin.py:150} INFO - [2024-06-24T16:13:58.336+0000] {dag.py:3504} INFO - Setting next_dagrun for example_sensor_decorator to None, run_after=None
[2024-06-24T16:13:58.376+0000] {processor.py:179} INFO - Processing /usr/local/python/3.10.13/lib/python3.10/site-packages/airflow/example_dags/example_sensor_decorator.py took 0.075 seconds
[2024-06-24T16:14:45.119+0000] {processor.py:157} INFO - Started process (PID=22410) to work on /usr/local/python/3.10.13/lib/python3.10/site-packages/airflow/example_dags/example_sensor_decorator.py
[2024-06-24T16:14:45.119+0000] {processor.py:826} INFO - Processing file /usr/local/python/3.10.13/lib/python3.10/site-packages/airflow/example_dags/example_sensor_decorator.py for tasks to queue
[2024-06-24T16:14:45.120+0000] {logging_mixin.py:150} INFO - [2024-06-24T16:14:45.120+0000] {dagbag.py:541} INFO - Filling up the DagBag from /usr/local/python/3.10.13/lib/python3.10/site-packages/airflow/example_dags/example_sensor_decorator.py
[2024-06-24T16:14:45.124+0000] {processor.py:836} INFO - DAG(s) dict_keys(['example_sensor_decorator']) retrieved from /usr/local/python/3.10.13/lib/python3.10/site-packages/airflow/example_dags/example_sensor_decorator.py
[2024-06-24T16:14:45.135+0000] {logging_mixin.py:150} INFO - [2024-06-24T16:14:45.135+0000] {dag.py:2742} INFO - Sync 1 DAGs
[2024-06-24T16:14:45.150+0000] {logging_mixin.py:150} INFO - [2024-06-24T16:14:45.150+0000] {dag.py:3504} INFO - Setting next_dagrun for example_sensor_decorator to None, run_after=None
[2024-06-24T16:14:45.190+0000] {processor.py:179} INFO - Processing /usr/local/python/3.10.13/lib/python3.10/site-packages/airflow/example_dags/example_sensor_decorator.py took 0.073 seconds
[2024-06-24T16:15:29.117+0000] {processor.py:157} INFO - Started process (PID=22724) to work on /usr/local/python/3.10.13/lib/python3.10/site-packages/airflow/example_dags/example_sensor_decorator.py
[2024-06-24T16:15:29.118+0000] {processor.py:826} INFO - Processing file /usr/local/python/3.10.13/lib/python3.10/site-packages/airflow/example_dags/example_sensor_decorator.py for tasks to queue
[2024-06-24T16:15:29.119+0000] {logging_mixin.py:150} INFO - [2024-06-24T16:15:29.118+0000] {dagbag.py:541} INFO - Filling up the DagBag from /usr/local/python/3.10.13/lib/python3.10/site-packages/airflow/example_dags/example_sensor_decorator.py
[2024-06-24T16:15:29.123+0000] {processor.py:836} INFO - DAG(s) dict_keys(['example_sensor_decorator']) retrieved from /usr/local/python/3.10.13/lib/python3.10/site-packages/airflow/example_dags/example_sensor_decorator.py
[2024-06-24T16:15:29.135+0000] {logging_mixin.py:150} INFO - [2024-06-24T16:15:29.135+0000] {dag.py:2742} INFO - Sync 1 DAGs
[2024-06-24T16:15:29.150+0000] {logging_mixin.py:150} INFO - [2024-06-24T16:15:29.150+0000] {dag.py:3504} INFO - Setting next_dagrun for example_sensor_decorator to None, run_after=None
[2024-06-24T16:15:29.189+0000] {processor.py:179} INFO - Processing /usr/local/python/3.10.13/lib/python3.10/site-packages/airflow/example_dags/example_sensor_decorator.py took 0.074 seconds
[2024-06-24T16:16:13.007+0000] {processor.py:157} INFO - Started process (PID=23025) to work on /usr/local/python/3.10.13/lib/python3.10/site-packages/airflow/example_dags/example_sensor_decorator.py
[2024-06-24T16:16:13.007+0000] {processor.py:826} INFO - Processing file /usr/local/python/3.10.13/lib/python3.10/site-packages/airflow/example_dags/example_sensor_decorator.py for tasks to queue
[2024-06-24T16:16:13.008+0000] {logging_mixin.py:150} INFO - [2024-06-24T16:16:13.008+0000] {dagbag.py:541} INFO - Filling up the DagBag from /usr/local/python/3.10.13/lib/python3.10/site-packages/airflow/example_dags/example_sensor_decorator.py
[2024-06-24T16:16:13.013+0000] {processor.py:836} INFO - DAG(s) dict_keys(['example_sensor_decorator']) retrieved from /usr/local/python/3.10.13/lib/python3.10/site-packages/airflow/example_dags/example_sensor_decorator.py
[2024-06-24T16:16:13.025+0000] {logging_mixin.py:150} INFO - [2024-06-24T16:16:13.024+0000] {dag.py:2742} INFO - Sync 1 DAGs
[2024-06-24T16:16:13.040+0000] {logging_mixin.py:150} INFO - [2024-06-24T16:16:13.040+0000] {dag.py:3504} INFO - Setting next_dagrun for example_sensor_decorator to None, run_after=None
[2024-06-24T16:16:13.085+0000] {processor.py:179} INFO - Processing /usr/local/python/3.10.13/lib/python3.10/site-packages/airflow/example_dags/example_sensor_decorator.py took 0.081 seconds
[2024-06-24T16:16:59.031+0000] {processor.py:157} INFO - Started process (PID=23348) to work on /usr/local/python/3.10.13/lib/python3.10/site-packages/airflow/example_dags/example_sensor_decorator.py
[2024-06-24T16:16:59.031+0000] {processor.py:826} INFO - Processing file /usr/local/python/3.10.13/lib/python3.10/site-packages/airflow/example_dags/example_sensor_decorator.py for tasks to queue
[2024-06-24T16:16:59.032+0000] {logging_mixin.py:150} INFO - [2024-06-24T16:16:59.032+0000] {dagbag.py:541} INFO - Filling up the DagBag from /usr/local/python/3.10.13/lib/python3.10/site-packages/airflow/example_dags/example_sensor_decorator.py
[2024-06-24T16:16:59.036+0000] {processor.py:836} INFO - DAG(s) dict_keys(['example_sensor_decorator']) retrieved from /usr/local/python/3.10.13/lib/python3.10/site-packages/airflow/example_dags/example_sensor_decorator.py
[2024-06-24T16:16:59.048+0000] {logging_mixin.py:150} INFO - [2024-06-24T16:16:59.048+0000] {dag.py:2742} INFO - Sync 1 DAGs
[2024-06-24T16:16:59.063+0000] {logging_mixin.py:150} INFO - [2024-06-24T16:16:59.063+0000] {dag.py:3504} INFO - Setting next_dagrun for example_sensor_decorator to None, run_after=None
[2024-06-24T16:16:59.102+0000] {processor.py:179} INFO - Processing /usr/local/python/3.10.13/lib/python3.10/site-packages/airflow/example_dags/example_sensor_decorator.py took 0.073 seconds
[2024-06-24T16:17:44.931+0000] {processor.py:157} INFO - Started process (PID=23661) to work on /usr/local/python/3.10.13/lib/python3.10/site-packages/airflow/example_dags/example_sensor_decorator.py
[2024-06-24T16:17:44.932+0000] {processor.py:826} INFO - Processing file /usr/local/python/3.10.13/lib/python3.10/site-packages/airflow/example_dags/example_sensor_decorator.py for tasks to queue
[2024-06-24T16:17:44.932+0000] {logging_mixin.py:150} INFO - [2024-06-24T16:17:44.932+0000] {dagbag.py:541} INFO - Filling up the DagBag from /usr/local/python/3.10.13/lib/python3.10/site-packages/airflow/example_dags/example_sensor_decorator.py
[2024-06-24T16:17:44.937+0000] {processor.py:836} INFO - DAG(s) dict_keys(['example_sensor_decorator']) retrieved from /usr/local/python/3.10.13/lib/python3.10/site-packages/airflow/example_dags/example_sensor_decorator.py
[2024-06-24T16:17:44.949+0000] {logging_mixin.py:150} INFO - [2024-06-24T16:17:44.949+0000] {dag.py:2742} INFO - Sync 1 DAGs
[2024-06-24T16:17:44.966+0000] {logging_mixin.py:150} INFO - [2024-06-24T16:17:44.966+0000] {dag.py:3504} INFO - Setting next_dagrun for example_sensor_decorator to None, run_after=None
[2024-06-24T16:17:45.013+0000] {processor.py:179} INFO - Processing /usr/local/python/3.10.13/lib/python3.10/site-packages/airflow/example_dags/example_sensor_decorator.py took 0.084 seconds
[2024-06-24T16:18:31.576+0000] {processor.py:157} INFO - Started process (PID=23996) to work on /usr/local/python/3.10.13/lib/python3.10/site-packages/airflow/example_dags/example_sensor_decorator.py
[2024-06-24T16:18:31.584+0000] {processor.py:826} INFO - Processing file /usr/local/python/3.10.13/lib/python3.10/site-packages/airflow/example_dags/example_sensor_decorator.py for tasks to queue
[2024-06-24T16:18:31.585+0000] {logging_mixin.py:150} INFO - [2024-06-24T16:18:31.584+0000] {dagbag.py:541} INFO - Filling up the DagBag from /usr/local/python/3.10.13/lib/python3.10/site-packages/airflow/example_dags/example_sensor_decorator.py
[2024-06-24T16:18:31.591+0000] {processor.py:836} INFO - DAG(s) dict_keys(['example_sensor_decorator']) retrieved from /usr/local/python/3.10.13/lib/python3.10/site-packages/airflow/example_dags/example_sensor_decorator.py
[2024-06-24T16:18:31.609+0000] {logging_mixin.py:150} INFO - [2024-06-24T16:18:31.608+0000] {dag.py:2742} INFO - Sync 1 DAGs
[2024-06-24T16:18:31.634+0000] {logging_mixin.py:150} INFO - [2024-06-24T16:18:31.633+0000] {dag.py:3504} INFO - Setting next_dagrun for example_sensor_decorator to None, run_after=None
[2024-06-24T16:18:31.690+0000] {processor.py:179} INFO - Processing /usr/local/python/3.10.13/lib/python3.10/site-packages/airflow/example_dags/example_sensor_decorator.py took 0.118 seconds
[2024-06-24T16:19:16.261+0000] {processor.py:157} INFO - Started process (PID=24291) to work on /usr/local/python/3.10.13/lib/python3.10/site-packages/airflow/example_dags/example_sensor_decorator.py
[2024-06-24T16:19:16.262+0000] {processor.py:826} INFO - Processing file /usr/local/python/3.10.13/lib/python3.10/site-packages/airflow/example_dags/example_sensor_decorator.py for tasks to queue
[2024-06-24T16:19:16.262+0000] {logging_mixin.py:150} INFO - [2024-06-24T16:19:16.262+0000] {dagbag.py:541} INFO - Filling up the DagBag from /usr/local/python/3.10.13/lib/python3.10/site-packages/airflow/example_dags/example_sensor_decorator.py
[2024-06-24T16:19:16.267+0000] {processor.py:836} INFO - DAG(s) dict_keys(['example_sensor_decorator']) retrieved from /usr/local/python/3.10.13/lib/python3.10/site-packages/airflow/example_dags/example_sensor_decorator.py
[2024-06-24T16:19:16.279+0000] {logging_mixin.py:150} INFO - [2024-06-24T16:19:16.279+0000] {dag.py:2742} INFO - Sync 1 DAGs
[2024-06-24T16:19:16.294+0000] {logging_mixin.py:150} INFO - [2024-06-24T16:19:16.294+0000] {dag.py:3504} INFO - Setting next_dagrun for example_sensor_decorator to None, run_after=None
[2024-06-24T16:19:16.350+0000] {processor.py:179} INFO - Processing /usr/local/python/3.10.13/lib/python3.10/site-packages/airflow/example_dags/example_sensor_decorator.py took 0.091 seconds
[2024-06-24T16:20:04.616+0000] {processor.py:157} INFO - Started process (PID=24631) to work on /usr/local/python/3.10.13/lib/python3.10/site-packages/airflow/example_dags/example_sensor_decorator.py
[2024-06-24T16:20:04.616+0000] {processor.py:826} INFO - Processing file /usr/local/python/3.10.13/lib/python3.10/site-packages/airflow/example_dags/example_sensor_decorator.py for tasks to queue
[2024-06-24T16:20:04.617+0000] {logging_mixin.py:150} INFO - [2024-06-24T16:20:04.617+0000] {dagbag.py:541} INFO - Filling up the DagBag from /usr/local/python/3.10.13/lib/python3.10/site-packages/airflow/example_dags/example_sensor_decorator.py
[2024-06-24T16:20:04.622+0000] {processor.py:836} INFO - DAG(s) dict_keys(['example_sensor_decorator']) retrieved from /usr/local/python/3.10.13/lib/python3.10/site-packages/airflow/example_dags/example_sensor_decorator.py
[2024-06-24T16:20:04.634+0000] {logging_mixin.py:150} INFO - [2024-06-24T16:20:04.634+0000] {dag.py:2742} INFO - Sync 1 DAGs
[2024-06-24T16:20:04.650+0000] {logging_mixin.py:150} INFO - [2024-06-24T16:20:04.650+0000] {dag.py:3504} INFO - Setting next_dagrun for example_sensor_decorator to None, run_after=None
[2024-06-24T16:20:04.696+0000] {processor.py:179} INFO - Processing /usr/local/python/3.10.13/lib/python3.10/site-packages/airflow/example_dags/example_sensor_decorator.py took 0.083 seconds
[2024-06-24T16:20:49.423+0000] {processor.py:157} INFO - Started process (PID=24933) to work on /usr/local/python/3.10.13/lib/python3.10/site-packages/airflow/example_dags/example_sensor_decorator.py
[2024-06-24T16:20:49.424+0000] {processor.py:826} INFO - Processing file /usr/local/python/3.10.13/lib/python3.10/site-packages/airflow/example_dags/example_sensor_decorator.py for tasks to queue
[2024-06-24T16:20:49.425+0000] {logging_mixin.py:150} INFO - [2024-06-24T16:20:49.424+0000] {dagbag.py:541} INFO - Filling up the DagBag from /usr/local/python/3.10.13/lib/python3.10/site-packages/airflow/example_dags/example_sensor_decorator.py
[2024-06-24T16:20:49.429+0000] {processor.py:836} INFO - DAG(s) dict_keys(['example_sensor_decorator']) retrieved from /usr/local/python/3.10.13/lib/python3.10/site-packages/airflow/example_dags/example_sensor_decorator.py
[2024-06-24T16:20:49.441+0000] {logging_mixin.py:150} INFO - [2024-06-24T16:20:49.441+0000] {dag.py:2742} INFO - Sync 1 DAGs
[2024-06-24T16:20:49.455+0000] {logging_mixin.py:150} INFO - [2024-06-24T16:20:49.455+0000] {dag.py:3504} INFO - Setting next_dagrun for example_sensor_decorator to None, run_after=None
[2024-06-24T16:20:49.495+0000] {processor.py:179} INFO - Processing /usr/local/python/3.10.13/lib/python3.10/site-packages/airflow/example_dags/example_sensor_decorator.py took 0.074 seconds
[2024-06-24T16:21:37.405+0000] {processor.py:157} INFO - Started process (PID=25269) to work on /usr/local/python/3.10.13/lib/python3.10/site-packages/airflow/example_dags/example_sensor_decorator.py
[2024-06-24T16:21:37.406+0000] {processor.py:826} INFO - Processing file /usr/local/python/3.10.13/lib/python3.10/site-packages/airflow/example_dags/example_sensor_decorator.py for tasks to queue
[2024-06-24T16:21:37.406+0000] {logging_mixin.py:150} INFO - [2024-06-24T16:21:37.406+0000] {dagbag.py:541} INFO - Filling up the DagBag from /usr/local/python/3.10.13/lib/python3.10/site-packages/airflow/example_dags/example_sensor_decorator.py
[2024-06-24T16:21:37.411+0000] {processor.py:836} INFO - DAG(s) dict_keys(['example_sensor_decorator']) retrieved from /usr/local/python/3.10.13/lib/python3.10/site-packages/airflow/example_dags/example_sensor_decorator.py
[2024-06-24T16:21:37.422+0000] {logging_mixin.py:150} INFO - [2024-06-24T16:21:37.422+0000] {dag.py:2742} INFO - Sync 1 DAGs
[2024-06-24T16:21:37.437+0000] {logging_mixin.py:150} INFO - [2024-06-24T16:21:37.436+0000] {dag.py:3504} INFO - Setting next_dagrun for example_sensor_decorator to None, run_after=None
[2024-06-24T16:21:37.479+0000] {processor.py:179} INFO - Processing /usr/local/python/3.10.13/lib/python3.10/site-packages/airflow/example_dags/example_sensor_decorator.py took 0.077 seconds
[2024-06-24T16:22:26.950+0000] {processor.py:157} INFO - Started process (PID=25621) to work on /usr/local/python/3.10.13/lib/python3.10/site-packages/airflow/example_dags/example_sensor_decorator.py
[2024-06-24T16:22:26.950+0000] {processor.py:826} INFO - Processing file /usr/local/python/3.10.13/lib/python3.10/site-packages/airflow/example_dags/example_sensor_decorator.py for tasks to queue
[2024-06-24T16:22:26.951+0000] {logging_mixin.py:150} INFO - [2024-06-24T16:22:26.951+0000] {dagbag.py:541} INFO - Filling up the DagBag from /usr/local/python/3.10.13/lib/python3.10/site-packages/airflow/example_dags/example_sensor_decorator.py
[2024-06-24T16:22:26.956+0000] {processor.py:836} INFO - DAG(s) dict_keys(['example_sensor_decorator']) retrieved from /usr/local/python/3.10.13/lib/python3.10/site-packages/airflow/example_dags/example_sensor_decorator.py
[2024-06-24T16:22:26.967+0000] {logging_mixin.py:150} INFO - [2024-06-24T16:22:26.967+0000] {dag.py:2742} INFO - Sync 1 DAGs
[2024-06-24T16:22:26.982+0000] {logging_mixin.py:150} INFO - [2024-06-24T16:22:26.982+0000] {dag.py:3504} INFO - Setting next_dagrun for example_sensor_decorator to None, run_after=None
[2024-06-24T16:22:27.028+0000] {processor.py:179} INFO - Processing /usr/local/python/3.10.13/lib/python3.10/site-packages/airflow/example_dags/example_sensor_decorator.py took 0.080 seconds
[2024-06-24T16:23:13.020+0000] {processor.py:157} INFO - Started process (PID=25930) to work on /usr/local/python/3.10.13/lib/python3.10/site-packages/airflow/example_dags/example_sensor_decorator.py
[2024-06-24T16:23:13.021+0000] {processor.py:826} INFO - Processing file /usr/local/python/3.10.13/lib/python3.10/site-packages/airflow/example_dags/example_sensor_decorator.py for tasks to queue
[2024-06-24T16:23:13.022+0000] {logging_mixin.py:150} INFO - [2024-06-24T16:23:13.021+0000] {dagbag.py:541} INFO - Filling up the DagBag from /usr/local/python/3.10.13/lib/python3.10/site-packages/airflow/example_dags/example_sensor_decorator.py
[2024-06-24T16:23:13.026+0000] {processor.py:836} INFO - DAG(s) dict_keys(['example_sensor_decorator']) retrieved from /usr/local/python/3.10.13/lib/python3.10/site-packages/airflow/example_dags/example_sensor_decorator.py
[2024-06-24T16:23:13.038+0000] {logging_mixin.py:150} INFO - [2024-06-24T16:23:13.038+0000] {dag.py:2742} INFO - Sync 1 DAGs
[2024-06-24T16:23:13.054+0000] {logging_mixin.py:150} INFO - [2024-06-24T16:23:13.054+0000] {dag.py:3504} INFO - Setting next_dagrun for example_sensor_decorator to None, run_after=None
[2024-06-24T16:23:13.097+0000] {processor.py:179} INFO - Processing /usr/local/python/3.10.13/lib/python3.10/site-packages/airflow/example_dags/example_sensor_decorator.py took 0.079 seconds
[2024-06-24T16:23:56.580+0000] {processor.py:157} INFO - Started process (PID=26249) to work on /usr/local/python/3.10.13/lib/python3.10/site-packages/airflow/example_dags/example_sensor_decorator.py
[2024-06-24T16:23:56.581+0000] {processor.py:826} INFO - Processing file /usr/local/python/3.10.13/lib/python3.10/site-packages/airflow/example_dags/example_sensor_decorator.py for tasks to queue
[2024-06-24T16:23:56.581+0000] {logging_mixin.py:150} INFO - [2024-06-24T16:23:56.581+0000] {dagbag.py:541} INFO - Filling up the DagBag from /usr/local/python/3.10.13/lib/python3.10/site-packages/airflow/example_dags/example_sensor_decorator.py
[2024-06-24T16:23:56.586+0000] {processor.py:836} INFO - DAG(s) dict_keys(['example_sensor_decorator']) retrieved from /usr/local/python/3.10.13/lib/python3.10/site-packages/airflow/example_dags/example_sensor_decorator.py
[2024-06-24T16:23:56.598+0000] {logging_mixin.py:150} INFO - [2024-06-24T16:23:56.598+0000] {dag.py:2742} INFO - Sync 1 DAGs
[2024-06-24T16:23:56.622+0000] {logging_mixin.py:150} INFO - [2024-06-24T16:23:56.621+0000] {dag.py:3504} INFO - Setting next_dagrun for example_sensor_decorator to None, run_after=None
[2024-06-24T16:23:56.671+0000] {processor.py:179} INFO - Processing /usr/local/python/3.10.13/lib/python3.10/site-packages/airflow/example_dags/example_sensor_decorator.py took 0.093 seconds
[2024-06-24T16:24:41.042+0000] {processor.py:157} INFO - Started process (PID=26547) to work on /usr/local/python/3.10.13/lib/python3.10/site-packages/airflow/example_dags/example_sensor_decorator.py
[2024-06-24T16:24:41.043+0000] {processor.py:826} INFO - Processing file /usr/local/python/3.10.13/lib/python3.10/site-packages/airflow/example_dags/example_sensor_decorator.py for tasks to queue
[2024-06-24T16:24:41.043+0000] {logging_mixin.py:150} INFO - [2024-06-24T16:24:41.043+0000] {dagbag.py:541} INFO - Filling up the DagBag from /usr/local/python/3.10.13/lib/python3.10/site-packages/airflow/example_dags/example_sensor_decorator.py
[2024-06-24T16:24:41.048+0000] {processor.py:836} INFO - DAG(s) dict_keys(['example_sensor_decorator']) retrieved from /usr/local/python/3.10.13/lib/python3.10/site-packages/airflow/example_dags/example_sensor_decorator.py
[2024-06-24T16:24:41.060+0000] {logging_mixin.py:150} INFO - [2024-06-24T16:24:41.060+0000] {dag.py:2742} INFO - Sync 1 DAGs
[2024-06-24T16:24:41.076+0000] {logging_mixin.py:150} INFO - [2024-06-24T16:24:41.076+0000] {dag.py:3504} INFO - Setting next_dagrun for example_sensor_decorator to None, run_after=None
[2024-06-24T16:24:41.119+0000] {processor.py:179} INFO - Processing /usr/local/python/3.10.13/lib/python3.10/site-packages/airflow/example_dags/example_sensor_decorator.py took 0.079 seconds
[2024-06-24T16:25:32.654+0000] {processor.py:157} INFO - Started process (PID=26904) to work on /usr/local/python/3.10.13/lib/python3.10/site-packages/airflow/example_dags/example_sensor_decorator.py
[2024-06-24T16:25:32.654+0000] {processor.py:826} INFO - Processing file /usr/local/python/3.10.13/lib/python3.10/site-packages/airflow/example_dags/example_sensor_decorator.py for tasks to queue
[2024-06-24T16:25:32.655+0000] {logging_mixin.py:150} INFO - [2024-06-24T16:25:32.655+0000] {dagbag.py:541} INFO - Filling up the DagBag from /usr/local/python/3.10.13/lib/python3.10/site-packages/airflow/example_dags/example_sensor_decorator.py
[2024-06-24T16:25:32.659+0000] {processor.py:836} INFO - DAG(s) dict_keys(['example_sensor_decorator']) retrieved from /usr/local/python/3.10.13/lib/python3.10/site-packages/airflow/example_dags/example_sensor_decorator.py
[2024-06-24T16:25:32.670+0000] {logging_mixin.py:150} INFO - [2024-06-24T16:25:32.670+0000] {dag.py:2742} INFO - Sync 1 DAGs
[2024-06-24T16:25:32.685+0000] {logging_mixin.py:150} INFO - [2024-06-24T16:25:32.685+0000] {dag.py:3504} INFO - Setting next_dagrun for example_sensor_decorator to None, run_after=None
[2024-06-24T16:25:32.725+0000] {processor.py:179} INFO - Processing /usr/local/python/3.10.13/lib/python3.10/site-packages/airflow/example_dags/example_sensor_decorator.py took 0.073 seconds
[2024-06-24T16:26:19.223+0000] {processor.py:157} INFO - Started process (PID=27236) to work on /usr/local/python/3.10.13/lib/python3.10/site-packages/airflow/example_dags/example_sensor_decorator.py
[2024-06-24T16:26:19.224+0000] {processor.py:826} INFO - Processing file /usr/local/python/3.10.13/lib/python3.10/site-packages/airflow/example_dags/example_sensor_decorator.py for tasks to queue
[2024-06-24T16:26:19.225+0000] {logging_mixin.py:150} INFO - [2024-06-24T16:26:19.224+0000] {dagbag.py:541} INFO - Filling up the DagBag from /usr/local/python/3.10.13/lib/python3.10/site-packages/airflow/example_dags/example_sensor_decorator.py
[2024-06-24T16:26:19.229+0000] {processor.py:836} INFO - DAG(s) dict_keys(['example_sensor_decorator']) retrieved from /usr/local/python/3.10.13/lib/python3.10/site-packages/airflow/example_dags/example_sensor_decorator.py
[2024-06-24T16:26:19.241+0000] {logging_mixin.py:150} INFO - [2024-06-24T16:26:19.241+0000] {dag.py:2742} INFO - Sync 1 DAGs
[2024-06-24T16:26:19.257+0000] {logging_mixin.py:150} INFO - [2024-06-24T16:26:19.256+0000] {dag.py:3504} INFO - Setting next_dagrun for example_sensor_decorator to None, run_after=None
[2024-06-24T16:26:19.297+0000] {processor.py:179} INFO - Processing /usr/local/python/3.10.13/lib/python3.10/site-packages/airflow/example_dags/example_sensor_decorator.py took 0.076 seconds
[2024-06-24T16:27:04.767+0000] {processor.py:157} INFO - Started process (PID=27539) to work on /usr/local/python/3.10.13/lib/python3.10/site-packages/airflow/example_dags/example_sensor_decorator.py
[2024-06-24T16:27:04.767+0000] {processor.py:826} INFO - Processing file /usr/local/python/3.10.13/lib/python3.10/site-packages/airflow/example_dags/example_sensor_decorator.py for tasks to queue
[2024-06-24T16:27:04.768+0000] {logging_mixin.py:150} INFO - [2024-06-24T16:27:04.768+0000] {dagbag.py:541} INFO - Filling up the DagBag from /usr/local/python/3.10.13/lib/python3.10/site-packages/airflow/example_dags/example_sensor_decorator.py
[2024-06-24T16:27:04.772+0000] {processor.py:836} INFO - DAG(s) dict_keys(['example_sensor_decorator']) retrieved from /usr/local/python/3.10.13/lib/python3.10/site-packages/airflow/example_dags/example_sensor_decorator.py
[2024-06-24T16:27:04.784+0000] {logging_mixin.py:150} INFO - [2024-06-24T16:27:04.784+0000] {dag.py:2742} INFO - Sync 1 DAGs
[2024-06-24T16:27:04.799+0000] {logging_mixin.py:150} INFO - [2024-06-24T16:27:04.798+0000] {dag.py:3504} INFO - Setting next_dagrun for example_sensor_decorator to None, run_after=None
[2024-06-24T16:27:04.843+0000] {processor.py:179} INFO - Processing /usr/local/python/3.10.13/lib/python3.10/site-packages/airflow/example_dags/example_sensor_decorator.py took 0.078 seconds
[2024-06-24T16:27:50.693+0000] {processor.py:157} INFO - Started process (PID=27868) to work on /usr/local/python/3.10.13/lib/python3.10/site-packages/airflow/example_dags/example_sensor_decorator.py
[2024-06-24T16:27:50.693+0000] {processor.py:826} INFO - Processing file /usr/local/python/3.10.13/lib/python3.10/site-packages/airflow/example_dags/example_sensor_decorator.py for tasks to queue
[2024-06-24T16:27:50.694+0000] {logging_mixin.py:150} INFO - [2024-06-24T16:27:50.694+0000] {dagbag.py:541} INFO - Filling up the DagBag from /usr/local/python/3.10.13/lib/python3.10/site-packages/airflow/example_dags/example_sensor_decorator.py
[2024-06-24T16:27:50.699+0000] {processor.py:836} INFO - DAG(s) dict_keys(['example_sensor_decorator']) retrieved from /usr/local/python/3.10.13/lib/python3.10/site-packages/airflow/example_dags/example_sensor_decorator.py
[2024-06-24T16:27:50.710+0000] {logging_mixin.py:150} INFO - [2024-06-24T16:27:50.710+0000] {dag.py:2742} INFO - Sync 1 DAGs
[2024-06-24T16:27:50.725+0000] {logging_mixin.py:150} INFO - [2024-06-24T16:27:50.725+0000] {dag.py:3504} INFO - Setting next_dagrun for example_sensor_decorator to None, run_after=None
[2024-06-24T16:27:50.766+0000] {processor.py:179} INFO - Processing /usr/local/python/3.10.13/lib/python3.10/site-packages/airflow/example_dags/example_sensor_decorator.py took 0.076 seconds
[2024-06-24T16:28:32.854+0000] {processor.py:157} INFO - Started process (PID=28165) to work on /usr/local/python/3.10.13/lib/python3.10/site-packages/airflow/example_dags/example_sensor_decorator.py
[2024-06-24T16:28:32.855+0000] {processor.py:826} INFO - Processing file /usr/local/python/3.10.13/lib/python3.10/site-packages/airflow/example_dags/example_sensor_decorator.py for tasks to queue
[2024-06-24T16:28:32.856+0000] {logging_mixin.py:150} INFO - [2024-06-24T16:28:32.855+0000] {dagbag.py:541} INFO - Filling up the DagBag from /usr/local/python/3.10.13/lib/python3.10/site-packages/airflow/example_dags/example_sensor_decorator.py
[2024-06-24T16:28:32.861+0000] {processor.py:836} INFO - DAG(s) dict_keys(['example_sensor_decorator']) retrieved from /usr/local/python/3.10.13/lib/python3.10/site-packages/airflow/example_dags/example_sensor_decorator.py
[2024-06-24T16:28:32.874+0000] {logging_mixin.py:150} INFO - [2024-06-24T16:28:32.874+0000] {dag.py:2742} INFO - Sync 1 DAGs
[2024-06-24T16:28:32.890+0000] {logging_mixin.py:150} INFO - [2024-06-24T16:28:32.890+0000] {dag.py:3504} INFO - Setting next_dagrun for example_sensor_decorator to None, run_after=None
[2024-06-24T16:28:32.932+0000] {processor.py:179} INFO - Processing /usr/local/python/3.10.13/lib/python3.10/site-packages/airflow/example_dags/example_sensor_decorator.py took 0.080 seconds
[2024-06-24T16:29:21.798+0000] {processor.py:157} INFO - Started process (PID=28506) to work on /usr/local/python/3.10.13/lib/python3.10/site-packages/airflow/example_dags/example_sensor_decorator.py
[2024-06-24T16:29:21.799+0000] {processor.py:826} INFO - Processing file /usr/local/python/3.10.13/lib/python3.10/site-packages/airflow/example_dags/example_sensor_decorator.py for tasks to queue
[2024-06-24T16:29:21.799+0000] {logging_mixin.py:150} INFO - [2024-06-24T16:29:21.799+0000] {dagbag.py:541} INFO - Filling up the DagBag from /usr/local/python/3.10.13/lib/python3.10/site-packages/airflow/example_dags/example_sensor_decorator.py
[2024-06-24T16:29:21.803+0000] {processor.py:836} INFO - DAG(s) dict_keys(['example_sensor_decorator']) retrieved from /usr/local/python/3.10.13/lib/python3.10/site-packages/airflow/example_dags/example_sensor_decorator.py
[2024-06-24T16:29:21.816+0000] {logging_mixin.py:150} INFO - [2024-06-24T16:29:21.815+0000] {dag.py:2742} INFO - Sync 1 DAGs
[2024-06-24T16:29:21.832+0000] {logging_mixin.py:150} INFO - [2024-06-24T16:29:21.832+0000] {dag.py:3504} INFO - Setting next_dagrun for example_sensor_decorator to None, run_after=None
[2024-06-24T16:29:21.873+0000] {processor.py:179} INFO - Processing /usr/local/python/3.10.13/lib/python3.10/site-packages/airflow/example_dags/example_sensor_decorator.py took 0.077 seconds
[2024-06-24T16:30:08.566+0000] {processor.py:157} INFO - Started process (PID=28816) to work on /usr/local/python/3.10.13/lib/python3.10/site-packages/airflow/example_dags/example_sensor_decorator.py
[2024-06-24T16:30:08.567+0000] {processor.py:826} INFO - Processing file /usr/local/python/3.10.13/lib/python3.10/site-packages/airflow/example_dags/example_sensor_decorator.py for tasks to queue
[2024-06-24T16:30:08.568+0000] {logging_mixin.py:150} INFO - [2024-06-24T16:30:08.568+0000] {dagbag.py:541} INFO - Filling up the DagBag from /usr/local/python/3.10.13/lib/python3.10/site-packages/airflow/example_dags/example_sensor_decorator.py
[2024-06-24T16:30:08.572+0000] {processor.py:836} INFO - DAG(s) dict_keys(['example_sensor_decorator']) retrieved from /usr/local/python/3.10.13/lib/python3.10/site-packages/airflow/example_dags/example_sensor_decorator.py
[2024-06-24T16:30:08.584+0000] {logging_mixin.py:150} INFO - [2024-06-24T16:30:08.584+0000] {dag.py:2742} INFO - Sync 1 DAGs
[2024-06-24T16:30:08.599+0000] {logging_mixin.py:150} INFO - [2024-06-24T16:30:08.599+0000] {dag.py:3504} INFO - Setting next_dagrun for example_sensor_decorator to None, run_after=None
[2024-06-24T16:30:08.640+0000] {processor.py:179} INFO - Processing /usr/local/python/3.10.13/lib/python3.10/site-packages/airflow/example_dags/example_sensor_decorator.py took 0.076 seconds
[2024-06-24T16:30:58.076+0000] {processor.py:157} INFO - Started process (PID=29161) to work on /usr/local/python/3.10.13/lib/python3.10/site-packages/airflow/example_dags/example_sensor_decorator.py
[2024-06-24T16:30:58.076+0000] {processor.py:826} INFO - Processing file /usr/local/python/3.10.13/lib/python3.10/site-packages/airflow/example_dags/example_sensor_decorator.py for tasks to queue
[2024-06-24T16:30:58.077+0000] {logging_mixin.py:150} INFO - [2024-06-24T16:30:58.077+0000] {dagbag.py:541} INFO - Filling up the DagBag from /usr/local/python/3.10.13/lib/python3.10/site-packages/airflow/example_dags/example_sensor_decorator.py
[2024-06-24T16:30:58.081+0000] {processor.py:836} INFO - DAG(s) dict_keys(['example_sensor_decorator']) retrieved from /usr/local/python/3.10.13/lib/python3.10/site-packages/airflow/example_dags/example_sensor_decorator.py
[2024-06-24T16:30:58.093+0000] {logging_mixin.py:150} INFO - [2024-06-24T16:30:58.093+0000] {dag.py:2742} INFO - Sync 1 DAGs
[2024-06-24T16:30:58.108+0000] {logging_mixin.py:150} INFO - [2024-06-24T16:30:58.107+0000] {dag.py:3504} INFO - Setting next_dagrun for example_sensor_decorator to None, run_after=None
[2024-06-24T16:30:58.153+0000] {processor.py:179} INFO - Processing /usr/local/python/3.10.13/lib/python3.10/site-packages/airflow/example_dags/example_sensor_decorator.py took 0.079 seconds
[2024-06-24T17:08:16.677+0000] {processor.py:157} INFO - Started process (PID=9584) to work on /usr/local/python/3.10.13/lib/python3.10/site-packages/airflow/example_dags/example_sensor_decorator.py
[2024-06-24T17:08:16.680+0000] {processor.py:826} INFO - Processing file /usr/local/python/3.10.13/lib/python3.10/site-packages/airflow/example_dags/example_sensor_decorator.py for tasks to queue
[2024-06-24T17:08:16.681+0000] {logging_mixin.py:150} INFO - [2024-06-24T17:08:16.681+0000] {dagbag.py:541} INFO - Filling up the DagBag from /usr/local/python/3.10.13/lib/python3.10/site-packages/airflow/example_dags/example_sensor_decorator.py
[2024-06-24T17:08:16.685+0000] {processor.py:836} INFO - DAG(s) dict_keys(['example_sensor_decorator']) retrieved from /usr/local/python/3.10.13/lib/python3.10/site-packages/airflow/example_dags/example_sensor_decorator.py
[2024-06-24T17:08:16.697+0000] {logging_mixin.py:150} INFO - [2024-06-24T17:08:16.697+0000] {dag.py:2742} INFO - Sync 1 DAGs
[2024-06-24T17:08:16.712+0000] {logging_mixin.py:150} INFO - [2024-06-24T17:08:16.712+0000] {dag.py:3504} INFO - Setting next_dagrun for example_sensor_decorator to None, run_after=None
[2024-06-24T17:08:16.750+0000] {processor.py:179} INFO - Processing /usr/local/python/3.10.13/lib/python3.10/site-packages/airflow/example_dags/example_sensor_decorator.py took 0.075 seconds
[2024-06-24T17:09:03.945+0000] {processor.py:157} INFO - Started process (PID=9922) to work on /usr/local/python/3.10.13/lib/python3.10/site-packages/airflow/example_dags/example_sensor_decorator.py
[2024-06-24T17:09:03.946+0000] {processor.py:826} INFO - Processing file /usr/local/python/3.10.13/lib/python3.10/site-packages/airflow/example_dags/example_sensor_decorator.py for tasks to queue
[2024-06-24T17:09:03.946+0000] {logging_mixin.py:150} INFO - [2024-06-24T17:09:03.946+0000] {dagbag.py:541} INFO - Filling up the DagBag from /usr/local/python/3.10.13/lib/python3.10/site-packages/airflow/example_dags/example_sensor_decorator.py
[2024-06-24T17:09:03.951+0000] {processor.py:836} INFO - DAG(s) dict_keys(['example_sensor_decorator']) retrieved from /usr/local/python/3.10.13/lib/python3.10/site-packages/airflow/example_dags/example_sensor_decorator.py
[2024-06-24T17:09:03.962+0000] {logging_mixin.py:150} INFO - [2024-06-24T17:09:03.962+0000] {dag.py:2742} INFO - Sync 1 DAGs
[2024-06-24T17:09:03.977+0000] {logging_mixin.py:150} INFO - [2024-06-24T17:09:03.977+0000] {dag.py:3504} INFO - Setting next_dagrun for example_sensor_decorator to None, run_after=None
[2024-06-24T17:09:04.024+0000] {processor.py:179} INFO - Processing /usr/local/python/3.10.13/lib/python3.10/site-packages/airflow/example_dags/example_sensor_decorator.py took 0.081 seconds
[2024-06-24T17:09:55.920+0000] {processor.py:157} INFO - Started process (PID=10284) to work on /usr/local/python/3.10.13/lib/python3.10/site-packages/airflow/example_dags/example_sensor_decorator.py
[2024-06-24T17:09:55.921+0000] {processor.py:826} INFO - Processing file /usr/local/python/3.10.13/lib/python3.10/site-packages/airflow/example_dags/example_sensor_decorator.py for tasks to queue
[2024-06-24T17:09:55.922+0000] {logging_mixin.py:150} INFO - [2024-06-24T17:09:55.922+0000] {dagbag.py:541} INFO - Filling up the DagBag from /usr/local/python/3.10.13/lib/python3.10/site-packages/airflow/example_dags/example_sensor_decorator.py
[2024-06-24T17:09:55.926+0000] {processor.py:836} INFO - DAG(s) dict_keys(['example_sensor_decorator']) retrieved from /usr/local/python/3.10.13/lib/python3.10/site-packages/airflow/example_dags/example_sensor_decorator.py
[2024-06-24T17:09:55.938+0000] {logging_mixin.py:150} INFO - [2024-06-24T17:09:55.938+0000] {dag.py:2742} INFO - Sync 1 DAGs
[2024-06-24T17:09:55.953+0000] {logging_mixin.py:150} INFO - [2024-06-24T17:09:55.953+0000] {dag.py:3504} INFO - Setting next_dagrun for example_sensor_decorator to None, run_after=None
[2024-06-24T17:09:55.996+0000] {processor.py:179} INFO - Processing /usr/local/python/3.10.13/lib/python3.10/site-packages/airflow/example_dags/example_sensor_decorator.py took 0.077 seconds
[2024-06-24T17:10:51.290+0000] {processor.py:157} INFO - Started process (PID=10673) to work on /usr/local/python/3.10.13/lib/python3.10/site-packages/airflow/example_dags/example_sensor_decorator.py
[2024-06-24T17:10:51.290+0000] {processor.py:826} INFO - Processing file /usr/local/python/3.10.13/lib/python3.10/site-packages/airflow/example_dags/example_sensor_decorator.py for tasks to queue
[2024-06-24T17:10:51.291+0000] {logging_mixin.py:150} INFO - [2024-06-24T17:10:51.291+0000] {dagbag.py:541} INFO - Filling up the DagBag from /usr/local/python/3.10.13/lib/python3.10/site-packages/airflow/example_dags/example_sensor_decorator.py
[2024-06-24T17:10:51.297+0000] {processor.py:836} INFO - DAG(s) dict_keys(['example_sensor_decorator']) retrieved from /usr/local/python/3.10.13/lib/python3.10/site-packages/airflow/example_dags/example_sensor_decorator.py
[2024-06-24T17:10:51.315+0000] {logging_mixin.py:150} INFO - [2024-06-24T17:10:51.315+0000] {dag.py:2742} INFO - Sync 1 DAGs
[2024-06-24T17:10:51.338+0000] {logging_mixin.py:150} INFO - [2024-06-24T17:10:51.338+0000] {dag.py:3504} INFO - Setting next_dagrun for example_sensor_decorator to None, run_after=None
[2024-06-24T17:10:51.384+0000] {processor.py:179} INFO - Processing /usr/local/python/3.10.13/lib/python3.10/site-packages/airflow/example_dags/example_sensor_decorator.py took 0.096 seconds
[2024-06-24T17:11:42.293+0000] {processor.py:157} INFO - Started process (PID=11060) to work on /usr/local/python/3.10.13/lib/python3.10/site-packages/airflow/example_dags/example_sensor_decorator.py
[2024-06-24T17:11:42.294+0000] {processor.py:826} INFO - Processing file /usr/local/python/3.10.13/lib/python3.10/site-packages/airflow/example_dags/example_sensor_decorator.py for tasks to queue
[2024-06-24T17:11:42.294+0000] {logging_mixin.py:150} INFO - [2024-06-24T17:11:42.294+0000] {dagbag.py:541} INFO - Filling up the DagBag from /usr/local/python/3.10.13/lib/python3.10/site-packages/airflow/example_dags/example_sensor_decorator.py
[2024-06-24T17:11:42.299+0000] {processor.py:836} INFO - DAG(s) dict_keys(['example_sensor_decorator']) retrieved from /usr/local/python/3.10.13/lib/python3.10/site-packages/airflow/example_dags/example_sensor_decorator.py
[2024-06-24T17:11:42.311+0000] {logging_mixin.py:150} INFO - [2024-06-24T17:11:42.311+0000] {dag.py:2742} INFO - Sync 1 DAGs
[2024-06-24T17:11:42.326+0000] {logging_mixin.py:150} INFO - [2024-06-24T17:11:42.326+0000] {dag.py:3504} INFO - Setting next_dagrun for example_sensor_decorator to None, run_after=None
[2024-06-24T17:11:42.366+0000] {processor.py:179} INFO - Processing /usr/local/python/3.10.13/lib/python3.10/site-packages/airflow/example_dags/example_sensor_decorator.py took 0.075 seconds
[2024-06-24T17:12:33.110+0000] {processor.py:157} INFO - Started process (PID=11455) to work on /usr/local/python/3.10.13/lib/python3.10/site-packages/airflow/example_dags/example_sensor_decorator.py
[2024-06-24T17:12:33.111+0000] {processor.py:826} INFO - Processing file /usr/local/python/3.10.13/lib/python3.10/site-packages/airflow/example_dags/example_sensor_decorator.py for tasks to queue
[2024-06-24T17:12:33.112+0000] {logging_mixin.py:150} INFO - [2024-06-24T17:12:33.111+0000] {dagbag.py:541} INFO - Filling up the DagBag from /usr/local/python/3.10.13/lib/python3.10/site-packages/airflow/example_dags/example_sensor_decorator.py
[2024-06-24T17:12:33.116+0000] {processor.py:836} INFO - DAG(s) dict_keys(['example_sensor_decorator']) retrieved from /usr/local/python/3.10.13/lib/python3.10/site-packages/airflow/example_dags/example_sensor_decorator.py
[2024-06-24T17:12:33.128+0000] {logging_mixin.py:150} INFO - [2024-06-24T17:12:33.128+0000] {dag.py:2742} INFO - Sync 1 DAGs
[2024-06-24T17:12:33.143+0000] {logging_mixin.py:150} INFO - [2024-06-24T17:12:33.143+0000] {dag.py:3504} INFO - Setting next_dagrun for example_sensor_decorator to None, run_after=None
[2024-06-24T17:12:33.183+0000] {processor.py:179} INFO - Processing /usr/local/python/3.10.13/lib/python3.10/site-packages/airflow/example_dags/example_sensor_decorator.py took 0.074 seconds
[2024-06-24T17:13:20.510+0000] {processor.py:157} INFO - Started process (PID=11832) to work on /usr/local/python/3.10.13/lib/python3.10/site-packages/airflow/example_dags/example_sensor_decorator.py
[2024-06-24T17:13:20.511+0000] {processor.py:826} INFO - Processing file /usr/local/python/3.10.13/lib/python3.10/site-packages/airflow/example_dags/example_sensor_decorator.py for tasks to queue
[2024-06-24T17:13:20.511+0000] {logging_mixin.py:150} INFO - [2024-06-24T17:13:20.511+0000] {dagbag.py:541} INFO - Filling up the DagBag from /usr/local/python/3.10.13/lib/python3.10/site-packages/airflow/example_dags/example_sensor_decorator.py
[2024-06-24T17:13:20.516+0000] {processor.py:836} INFO - DAG(s) dict_keys(['example_sensor_decorator']) retrieved from /usr/local/python/3.10.13/lib/python3.10/site-packages/airflow/example_dags/example_sensor_decorator.py
[2024-06-24T17:13:20.529+0000] {logging_mixin.py:150} INFO - [2024-06-24T17:13:20.529+0000] {dag.py:2742} INFO - Sync 1 DAGs
[2024-06-24T17:13:20.544+0000] {logging_mixin.py:150} INFO - [2024-06-24T17:13:20.544+0000] {dag.py:3504} INFO - Setting next_dagrun for example_sensor_decorator to None, run_after=None
[2024-06-24T17:13:20.590+0000] {processor.py:179} INFO - Processing /usr/local/python/3.10.13/lib/python3.10/site-packages/airflow/example_dags/example_sensor_decorator.py took 0.082 seconds
[2024-06-24T17:14:04.814+0000] {processor.py:157} INFO - Started process (PID=12169) to work on /usr/local/python/3.10.13/lib/python3.10/site-packages/airflow/example_dags/example_sensor_decorator.py
[2024-06-24T17:14:04.815+0000] {processor.py:826} INFO - Processing file /usr/local/python/3.10.13/lib/python3.10/site-packages/airflow/example_dags/example_sensor_decorator.py for tasks to queue
[2024-06-24T17:14:04.816+0000] {logging_mixin.py:150} INFO - [2024-06-24T17:14:04.815+0000] {dagbag.py:541} INFO - Filling up the DagBag from /usr/local/python/3.10.13/lib/python3.10/site-packages/airflow/example_dags/example_sensor_decorator.py
[2024-06-24T17:14:04.821+0000] {processor.py:836} INFO - DAG(s) dict_keys(['example_sensor_decorator']) retrieved from /usr/local/python/3.10.13/lib/python3.10/site-packages/airflow/example_dags/example_sensor_decorator.py
[2024-06-24T17:14:04.833+0000] {logging_mixin.py:150} INFO - [2024-06-24T17:14:04.832+0000] {dag.py:2742} INFO - Sync 1 DAGs
[2024-06-24T17:14:04.847+0000] {logging_mixin.py:150} INFO - [2024-06-24T17:14:04.847+0000] {dag.py:3504} INFO - Setting next_dagrun for example_sensor_decorator to None, run_after=None
[2024-06-24T17:14:04.897+0000] {processor.py:179} INFO - Processing /usr/local/python/3.10.13/lib/python3.10/site-packages/airflow/example_dags/example_sensor_decorator.py took 0.085 seconds
[2024-06-24T17:14:50.753+0000] {processor.py:157} INFO - Started process (PID=12530) to work on /usr/local/python/3.10.13/lib/python3.10/site-packages/airflow/example_dags/example_sensor_decorator.py
[2024-06-24T17:14:50.754+0000] {processor.py:826} INFO - Processing file /usr/local/python/3.10.13/lib/python3.10/site-packages/airflow/example_dags/example_sensor_decorator.py for tasks to queue
[2024-06-24T17:14:50.755+0000] {logging_mixin.py:150} INFO - [2024-06-24T17:14:50.754+0000] {dagbag.py:541} INFO - Filling up the DagBag from /usr/local/python/3.10.13/lib/python3.10/site-packages/airflow/example_dags/example_sensor_decorator.py
[2024-06-24T17:14:50.759+0000] {processor.py:836} INFO - DAG(s) dict_keys(['example_sensor_decorator']) retrieved from /usr/local/python/3.10.13/lib/python3.10/site-packages/airflow/example_dags/example_sensor_decorator.py
[2024-06-24T17:14:50.771+0000] {logging_mixin.py:150} INFO - [2024-06-24T17:14:50.771+0000] {dag.py:2742} INFO - Sync 1 DAGs
[2024-06-24T17:14:50.791+0000] {logging_mixin.py:150} INFO - [2024-06-24T17:14:50.791+0000] {dag.py:3504} INFO - Setting next_dagrun for example_sensor_decorator to None, run_after=None
[2024-06-24T17:14:50.855+0000] {processor.py:179} INFO - Processing /usr/local/python/3.10.13/lib/python3.10/site-packages/airflow/example_dags/example_sensor_decorator.py took 0.104 seconds
[2024-06-24T17:15:40.248+0000] {processor.py:157} INFO - Started process (PID=12904) to work on /usr/local/python/3.10.13/lib/python3.10/site-packages/airflow/example_dags/example_sensor_decorator.py
[2024-06-24T17:15:40.249+0000] {processor.py:826} INFO - Processing file /usr/local/python/3.10.13/lib/python3.10/site-packages/airflow/example_dags/example_sensor_decorator.py for tasks to queue
[2024-06-24T17:15:40.249+0000] {logging_mixin.py:150} INFO - [2024-06-24T17:15:40.249+0000] {dagbag.py:541} INFO - Filling up the DagBag from /usr/local/python/3.10.13/lib/python3.10/site-packages/airflow/example_dags/example_sensor_decorator.py
[2024-06-24T17:15:40.254+0000] {processor.py:836} INFO - DAG(s) dict_keys(['example_sensor_decorator']) retrieved from /usr/local/python/3.10.13/lib/python3.10/site-packages/airflow/example_dags/example_sensor_decorator.py
[2024-06-24T17:15:40.266+0000] {logging_mixin.py:150} INFO - [2024-06-24T17:15:40.265+0000] {dag.py:2742} INFO - Sync 1 DAGs
[2024-06-24T17:15:40.280+0000] {logging_mixin.py:150} INFO - [2024-06-24T17:15:40.280+0000] {dag.py:3504} INFO - Setting next_dagrun for example_sensor_decorator to None, run_after=None
[2024-06-24T17:15:40.326+0000] {processor.py:179} INFO - Processing /usr/local/python/3.10.13/lib/python3.10/site-packages/airflow/example_dags/example_sensor_decorator.py took 0.080 seconds
[2024-06-24T17:16:29.348+0000] {processor.py:157} INFO - Started process (PID=13259) to work on /usr/local/python/3.10.13/lib/python3.10/site-packages/airflow/example_dags/example_sensor_decorator.py
[2024-06-24T17:16:29.349+0000] {processor.py:826} INFO - Processing file /usr/local/python/3.10.13/lib/python3.10/site-packages/airflow/example_dags/example_sensor_decorator.py for tasks to queue
[2024-06-24T17:16:29.349+0000] {logging_mixin.py:150} INFO - [2024-06-24T17:16:29.349+0000] {dagbag.py:541} INFO - Filling up the DagBag from /usr/local/python/3.10.13/lib/python3.10/site-packages/airflow/example_dags/example_sensor_decorator.py
[2024-06-24T17:16:29.354+0000] {processor.py:836} INFO - DAG(s) dict_keys(['example_sensor_decorator']) retrieved from /usr/local/python/3.10.13/lib/python3.10/site-packages/airflow/example_dags/example_sensor_decorator.py
[2024-06-24T17:16:29.365+0000] {logging_mixin.py:150} INFO - [2024-06-24T17:16:29.365+0000] {dag.py:2742} INFO - Sync 1 DAGs
[2024-06-24T17:16:29.380+0000] {logging_mixin.py:150} INFO - [2024-06-24T17:16:29.379+0000] {dag.py:3504} INFO - Setting next_dagrun for example_sensor_decorator to None, run_after=None
[2024-06-24T17:16:29.423+0000] {processor.py:179} INFO - Processing /usr/local/python/3.10.13/lib/python3.10/site-packages/airflow/example_dags/example_sensor_decorator.py took 0.078 seconds
[2024-06-24T17:17:20.306+0000] {processor.py:157} INFO - Started process (PID=13648) to work on /usr/local/python/3.10.13/lib/python3.10/site-packages/airflow/example_dags/example_sensor_decorator.py
[2024-06-24T17:17:20.307+0000] {processor.py:826} INFO - Processing file /usr/local/python/3.10.13/lib/python3.10/site-packages/airflow/example_dags/example_sensor_decorator.py for tasks to queue
[2024-06-24T17:17:20.308+0000] {logging_mixin.py:150} INFO - [2024-06-24T17:17:20.307+0000] {dagbag.py:541} INFO - Filling up the DagBag from /usr/local/python/3.10.13/lib/python3.10/site-packages/airflow/example_dags/example_sensor_decorator.py
[2024-06-24T17:17:20.312+0000] {processor.py:836} INFO - DAG(s) dict_keys(['example_sensor_decorator']) retrieved from /usr/local/python/3.10.13/lib/python3.10/site-packages/airflow/example_dags/example_sensor_decorator.py
[2024-06-24T17:17:20.324+0000] {logging_mixin.py:150} INFO - [2024-06-24T17:17:20.323+0000] {dag.py:2742} INFO - Sync 1 DAGs
[2024-06-24T17:17:20.341+0000] {logging_mixin.py:150} INFO - [2024-06-24T17:17:20.341+0000] {dag.py:3504} INFO - Setting next_dagrun for example_sensor_decorator to None, run_after=None
[2024-06-24T17:17:20.391+0000] {processor.py:179} INFO - Processing /usr/local/python/3.10.13/lib/python3.10/site-packages/airflow/example_dags/example_sensor_decorator.py took 0.087 seconds
[2024-06-24T17:18:24.323+0000] {processor.py:157} INFO - Started process (PID=14100) to work on /usr/local/python/3.10.13/lib/python3.10/site-packages/airflow/example_dags/example_sensor_decorator.py
[2024-06-24T17:18:24.324+0000] {processor.py:826} INFO - Processing file /usr/local/python/3.10.13/lib/python3.10/site-packages/airflow/example_dags/example_sensor_decorator.py for tasks to queue
[2024-06-24T17:18:24.324+0000] {logging_mixin.py:150} INFO - [2024-06-24T17:18:24.324+0000] {dagbag.py:541} INFO - Filling up the DagBag from /usr/local/python/3.10.13/lib/python3.10/site-packages/airflow/example_dags/example_sensor_decorator.py
[2024-06-24T17:18:24.329+0000] {processor.py:836} INFO - DAG(s) dict_keys(['example_sensor_decorator']) retrieved from /usr/local/python/3.10.13/lib/python3.10/site-packages/airflow/example_dags/example_sensor_decorator.py
[2024-06-24T17:18:24.341+0000] {logging_mixin.py:150} INFO - [2024-06-24T17:18:24.341+0000] {dag.py:2742} INFO - Sync 1 DAGs
[2024-06-24T17:18:24.357+0000] {logging_mixin.py:150} INFO - [2024-06-24T17:18:24.357+0000] {dag.py:3504} INFO - Setting next_dagrun for example_sensor_decorator to None, run_after=None
[2024-06-24T17:18:24.400+0000] {processor.py:179} INFO - Processing /usr/local/python/3.10.13/lib/python3.10/site-packages/airflow/example_dags/example_sensor_decorator.py took 0.079 seconds
[2024-06-24T17:19:24.254+0000] {processor.py:157} INFO - Started process (PID=14564) to work on /usr/local/python/3.10.13/lib/python3.10/site-packages/airflow/example_dags/example_sensor_decorator.py
[2024-06-24T17:19:24.255+0000] {processor.py:826} INFO - Processing file /usr/local/python/3.10.13/lib/python3.10/site-packages/airflow/example_dags/example_sensor_decorator.py for tasks to queue
[2024-06-24T17:19:24.255+0000] {logging_mixin.py:150} INFO - [2024-06-24T17:19:24.255+0000] {dagbag.py:541} INFO - Filling up the DagBag from /usr/local/python/3.10.13/lib/python3.10/site-packages/airflow/example_dags/example_sensor_decorator.py
[2024-06-24T17:19:24.260+0000] {processor.py:836} INFO - DAG(s) dict_keys(['example_sensor_decorator']) retrieved from /usr/local/python/3.10.13/lib/python3.10/site-packages/airflow/example_dags/example_sensor_decorator.py
[2024-06-24T17:19:24.276+0000] {logging_mixin.py:150} INFO - [2024-06-24T17:19:24.276+0000] {dag.py:2742} INFO - Sync 1 DAGs
[2024-06-24T17:19:24.292+0000] {logging_mixin.py:150} INFO - [2024-06-24T17:19:24.292+0000] {dag.py:3504} INFO - Setting next_dagrun for example_sensor_decorator to None, run_after=None
[2024-06-24T17:19:24.348+0000] {processor.py:179} INFO - Processing /usr/local/python/3.10.13/lib/python3.10/site-packages/airflow/example_dags/example_sensor_decorator.py took 0.096 seconds
[2024-06-24T17:20:23.134+0000] {processor.py:157} INFO - Started process (PID=14978) to work on /usr/local/python/3.10.13/lib/python3.10/site-packages/airflow/example_dags/example_sensor_decorator.py
[2024-06-24T17:20:23.134+0000] {processor.py:826} INFO - Processing file /usr/local/python/3.10.13/lib/python3.10/site-packages/airflow/example_dags/example_sensor_decorator.py for tasks to queue
[2024-06-24T17:20:23.135+0000] {logging_mixin.py:150} INFO - [2024-06-24T17:20:23.135+0000] {dagbag.py:541} INFO - Filling up the DagBag from /usr/local/python/3.10.13/lib/python3.10/site-packages/airflow/example_dags/example_sensor_decorator.py
[2024-06-24T17:20:23.139+0000] {processor.py:836} INFO - DAG(s) dict_keys(['example_sensor_decorator']) retrieved from /usr/local/python/3.10.13/lib/python3.10/site-packages/airflow/example_dags/example_sensor_decorator.py
[2024-06-24T17:20:23.151+0000] {logging_mixin.py:150} INFO - [2024-06-24T17:20:23.151+0000] {dag.py:2742} INFO - Sync 1 DAGs
[2024-06-24T17:20:23.166+0000] {logging_mixin.py:150} INFO - [2024-06-24T17:20:23.165+0000] {dag.py:3504} INFO - Setting next_dagrun for example_sensor_decorator to None, run_after=None
[2024-06-24T17:20:23.204+0000] {processor.py:179} INFO - Processing /usr/local/python/3.10.13/lib/python3.10/site-packages/airflow/example_dags/example_sensor_decorator.py took 0.073 seconds
[2024-06-24T17:21:21.418+0000] {processor.py:157} INFO - Started process (PID=15379) to work on /usr/local/python/3.10.13/lib/python3.10/site-packages/airflow/example_dags/example_sensor_decorator.py
[2024-06-24T17:21:21.418+0000] {processor.py:826} INFO - Processing file /usr/local/python/3.10.13/lib/python3.10/site-packages/airflow/example_dags/example_sensor_decorator.py for tasks to queue
[2024-06-24T17:21:21.419+0000] {logging_mixin.py:150} INFO - [2024-06-24T17:21:21.419+0000] {dagbag.py:541} INFO - Filling up the DagBag from /usr/local/python/3.10.13/lib/python3.10/site-packages/airflow/example_dags/example_sensor_decorator.py
[2024-06-24T17:21:21.424+0000] {processor.py:836} INFO - DAG(s) dict_keys(['example_sensor_decorator']) retrieved from /usr/local/python/3.10.13/lib/python3.10/site-packages/airflow/example_dags/example_sensor_decorator.py
[2024-06-24T17:21:21.435+0000] {logging_mixin.py:150} INFO - [2024-06-24T17:21:21.435+0000] {dag.py:2742} INFO - Sync 1 DAGs
[2024-06-24T17:21:21.450+0000] {logging_mixin.py:150} INFO - [2024-06-24T17:21:21.450+0000] {dag.py:3504} INFO - Setting next_dagrun for example_sensor_decorator to None, run_after=None
[2024-06-24T17:21:21.498+0000] {processor.py:179} INFO - Processing /usr/local/python/3.10.13/lib/python3.10/site-packages/airflow/example_dags/example_sensor_decorator.py took 0.083 seconds
[2024-06-24T17:22:12.942+0000] {processor.py:157} INFO - Started process (PID=15749) to work on /usr/local/python/3.10.13/lib/python3.10/site-packages/airflow/example_dags/example_sensor_decorator.py
[2024-06-24T17:22:12.943+0000] {processor.py:826} INFO - Processing file /usr/local/python/3.10.13/lib/python3.10/site-packages/airflow/example_dags/example_sensor_decorator.py for tasks to queue
[2024-06-24T17:22:12.944+0000] {logging_mixin.py:150} INFO - [2024-06-24T17:22:12.943+0000] {dagbag.py:541} INFO - Filling up the DagBag from /usr/local/python/3.10.13/lib/python3.10/site-packages/airflow/example_dags/example_sensor_decorator.py
[2024-06-24T17:22:12.948+0000] {processor.py:836} INFO - DAG(s) dict_keys(['example_sensor_decorator']) retrieved from /usr/local/python/3.10.13/lib/python3.10/site-packages/airflow/example_dags/example_sensor_decorator.py
[2024-06-24T17:22:12.959+0000] {logging_mixin.py:150} INFO - [2024-06-24T17:22:12.959+0000] {dag.py:2742} INFO - Sync 1 DAGs
[2024-06-24T17:22:12.974+0000] {logging_mixin.py:150} INFO - [2024-06-24T17:22:12.974+0000] {dag.py:3504} INFO - Setting next_dagrun for example_sensor_decorator to None, run_after=None
[2024-06-24T17:22:13.013+0000] {processor.py:179} INFO - Processing /usr/local/python/3.10.13/lib/python3.10/site-packages/airflow/example_dags/example_sensor_decorator.py took 0.073 seconds
[2024-06-24T17:23:02.442+0000] {processor.py:157} INFO - Started process (PID=16094) to work on /usr/local/python/3.10.13/lib/python3.10/site-packages/airflow/example_dags/example_sensor_decorator.py
[2024-06-24T17:23:02.443+0000] {processor.py:826} INFO - Processing file /usr/local/python/3.10.13/lib/python3.10/site-packages/airflow/example_dags/example_sensor_decorator.py for tasks to queue
[2024-06-24T17:23:02.444+0000] {logging_mixin.py:150} INFO - [2024-06-24T17:23:02.444+0000] {dagbag.py:541} INFO - Filling up the DagBag from /usr/local/python/3.10.13/lib/python3.10/site-packages/airflow/example_dags/example_sensor_decorator.py
[2024-06-24T17:23:02.448+0000] {processor.py:836} INFO - DAG(s) dict_keys(['example_sensor_decorator']) retrieved from /usr/local/python/3.10.13/lib/python3.10/site-packages/airflow/example_dags/example_sensor_decorator.py
[2024-06-24T17:23:02.459+0000] {logging_mixin.py:150} INFO - [2024-06-24T17:23:02.459+0000] {dag.py:2742} INFO - Sync 1 DAGs
[2024-06-24T17:23:02.474+0000] {logging_mixin.py:150} INFO - [2024-06-24T17:23:02.474+0000] {dag.py:3504} INFO - Setting next_dagrun for example_sensor_decorator to None, run_after=None
[2024-06-24T17:23:02.514+0000] {processor.py:179} INFO - Processing /usr/local/python/3.10.13/lib/python3.10/site-packages/airflow/example_dags/example_sensor_decorator.py took 0.074 seconds
[2024-06-24T17:23:55.380+0000] {processor.py:157} INFO - Started process (PID=16461) to work on /usr/local/python/3.10.13/lib/python3.10/site-packages/airflow/example_dags/example_sensor_decorator.py
[2024-06-24T17:23:55.381+0000] {processor.py:826} INFO - Processing file /usr/local/python/3.10.13/lib/python3.10/site-packages/airflow/example_dags/example_sensor_decorator.py for tasks to queue
[2024-06-24T17:23:55.382+0000] {logging_mixin.py:150} INFO - [2024-06-24T17:23:55.381+0000] {dagbag.py:541} INFO - Filling up the DagBag from /usr/local/python/3.10.13/lib/python3.10/site-packages/airflow/example_dags/example_sensor_decorator.py
[2024-06-24T17:23:55.386+0000] {processor.py:836} INFO - DAG(s) dict_keys(['example_sensor_decorator']) retrieved from /usr/local/python/3.10.13/lib/python3.10/site-packages/airflow/example_dags/example_sensor_decorator.py
[2024-06-24T17:23:55.398+0000] {logging_mixin.py:150} INFO - [2024-06-24T17:23:55.398+0000] {dag.py:2742} INFO - Sync 1 DAGs
[2024-06-24T17:23:55.412+0000] {logging_mixin.py:150} INFO - [2024-06-24T17:23:55.412+0000] {dag.py:3504} INFO - Setting next_dagrun for example_sensor_decorator to None, run_after=None
[2024-06-24T17:23:55.452+0000] {processor.py:179} INFO - Processing /usr/local/python/3.10.13/lib/python3.10/site-packages/airflow/example_dags/example_sensor_decorator.py took 0.074 seconds
[2024-06-24T17:24:48.690+0000] {processor.py:157} INFO - Started process (PID=16827) to work on /usr/local/python/3.10.13/lib/python3.10/site-packages/airflow/example_dags/example_sensor_decorator.py
[2024-06-24T17:24:48.691+0000] {processor.py:826} INFO - Processing file /usr/local/python/3.10.13/lib/python3.10/site-packages/airflow/example_dags/example_sensor_decorator.py for tasks to queue
[2024-06-24T17:24:48.692+0000] {logging_mixin.py:150} INFO - [2024-06-24T17:24:48.691+0000] {dagbag.py:541} INFO - Filling up the DagBag from /usr/local/python/3.10.13/lib/python3.10/site-packages/airflow/example_dags/example_sensor_decorator.py
[2024-06-24T17:24:48.696+0000] {processor.py:836} INFO - DAG(s) dict_keys(['example_sensor_decorator']) retrieved from /usr/local/python/3.10.13/lib/python3.10/site-packages/airflow/example_dags/example_sensor_decorator.py
[2024-06-24T17:24:48.707+0000] {logging_mixin.py:150} INFO - [2024-06-24T17:24:48.707+0000] {dag.py:2742} INFO - Sync 1 DAGs
[2024-06-24T17:24:48.722+0000] {logging_mixin.py:150} INFO - [2024-06-24T17:24:48.722+0000] {dag.py:3504} INFO - Setting next_dagrun for example_sensor_decorator to None, run_after=None
[2024-06-24T17:24:48.761+0000] {processor.py:179} INFO - Processing /usr/local/python/3.10.13/lib/python3.10/site-packages/airflow/example_dags/example_sensor_decorator.py took 0.073 seconds
[2024-06-24T17:25:41.359+0000] {processor.py:157} INFO - Started process (PID=17209) to work on /usr/local/python/3.10.13/lib/python3.10/site-packages/airflow/example_dags/example_sensor_decorator.py
[2024-06-24T17:25:41.360+0000] {processor.py:826} INFO - Processing file /usr/local/python/3.10.13/lib/python3.10/site-packages/airflow/example_dags/example_sensor_decorator.py for tasks to queue
[2024-06-24T17:25:41.360+0000] {logging_mixin.py:150} INFO - [2024-06-24T17:25:41.360+0000] {dagbag.py:541} INFO - Filling up the DagBag from /usr/local/python/3.10.13/lib/python3.10/site-packages/airflow/example_dags/example_sensor_decorator.py
[2024-06-24T17:25:41.364+0000] {processor.py:836} INFO - DAG(s) dict_keys(['example_sensor_decorator']) retrieved from /usr/local/python/3.10.13/lib/python3.10/site-packages/airflow/example_dags/example_sensor_decorator.py
[2024-06-24T17:25:41.376+0000] {logging_mixin.py:150} INFO - [2024-06-24T17:25:41.376+0000] {dag.py:2742} INFO - Sync 1 DAGs
[2024-06-24T17:25:41.390+0000] {logging_mixin.py:150} INFO - [2024-06-24T17:25:41.390+0000] {dag.py:3504} INFO - Setting next_dagrun for example_sensor_decorator to None, run_after=None
[2024-06-24T17:25:41.426+0000] {processor.py:179} INFO - Processing /usr/local/python/3.10.13/lib/python3.10/site-packages/airflow/example_dags/example_sensor_decorator.py took 0.069 seconds
[2024-06-24T17:26:32.033+0000] {processor.py:157} INFO - Started process (PID=17569) to work on /usr/local/python/3.10.13/lib/python3.10/site-packages/airflow/example_dags/example_sensor_decorator.py
[2024-06-24T17:26:32.034+0000] {processor.py:826} INFO - Processing file /usr/local/python/3.10.13/lib/python3.10/site-packages/airflow/example_dags/example_sensor_decorator.py for tasks to queue
[2024-06-24T17:26:32.035+0000] {logging_mixin.py:150} INFO - [2024-06-24T17:26:32.035+0000] {dagbag.py:541} INFO - Filling up the DagBag from /usr/local/python/3.10.13/lib/python3.10/site-packages/airflow/example_dags/example_sensor_decorator.py
[2024-06-24T17:26:32.039+0000] {processor.py:836} INFO - DAG(s) dict_keys(['example_sensor_decorator']) retrieved from /usr/local/python/3.10.13/lib/python3.10/site-packages/airflow/example_dags/example_sensor_decorator.py
[2024-06-24T17:26:32.051+0000] {logging_mixin.py:150} INFO - [2024-06-24T17:26:32.051+0000] {dag.py:2742} INFO - Sync 1 DAGs
[2024-06-24T17:26:32.072+0000] {logging_mixin.py:150} INFO - [2024-06-24T17:26:32.071+0000] {dag.py:3504} INFO - Setting next_dagrun for example_sensor_decorator to None, run_after=None
[2024-06-24T17:26:32.111+0000] {processor.py:179} INFO - Processing /usr/local/python/3.10.13/lib/python3.10/site-packages/airflow/example_dags/example_sensor_decorator.py took 0.080 seconds
[2024-06-24T17:27:20.239+0000] {processor.py:157} INFO - Started process (PID=17890) to work on /usr/local/python/3.10.13/lib/python3.10/site-packages/airflow/example_dags/example_sensor_decorator.py
[2024-06-24T17:27:20.240+0000] {processor.py:826} INFO - Processing file /usr/local/python/3.10.13/lib/python3.10/site-packages/airflow/example_dags/example_sensor_decorator.py for tasks to queue
[2024-06-24T17:27:20.241+0000] {logging_mixin.py:150} INFO - [2024-06-24T17:27:20.240+0000] {dagbag.py:541} INFO - Filling up the DagBag from /usr/local/python/3.10.13/lib/python3.10/site-packages/airflow/example_dags/example_sensor_decorator.py
[2024-06-24T17:27:20.245+0000] {processor.py:836} INFO - DAG(s) dict_keys(['example_sensor_decorator']) retrieved from /usr/local/python/3.10.13/lib/python3.10/site-packages/airflow/example_dags/example_sensor_decorator.py
[2024-06-24T17:27:20.256+0000] {logging_mixin.py:150} INFO - [2024-06-24T17:27:20.256+0000] {dag.py:2742} INFO - Sync 1 DAGs
[2024-06-24T17:27:20.271+0000] {logging_mixin.py:150} INFO - [2024-06-24T17:27:20.271+0000] {dag.py:3504} INFO - Setting next_dagrun for example_sensor_decorator to None, run_after=None
[2024-06-24T17:27:20.326+0000] {processor.py:179} INFO - Processing /usr/local/python/3.10.13/lib/python3.10/site-packages/airflow/example_dags/example_sensor_decorator.py took 0.089 seconds
[2024-06-24T17:28:13.462+0000] {processor.py:157} INFO - Started process (PID=18275) to work on /usr/local/python/3.10.13/lib/python3.10/site-packages/airflow/example_dags/example_sensor_decorator.py
[2024-06-24T17:28:13.463+0000] {processor.py:826} INFO - Processing file /usr/local/python/3.10.13/lib/python3.10/site-packages/airflow/example_dags/example_sensor_decorator.py for tasks to queue
[2024-06-24T17:28:13.464+0000] {logging_mixin.py:150} INFO - [2024-06-24T17:28:13.464+0000] {dagbag.py:541} INFO - Filling up the DagBag from /usr/local/python/3.10.13/lib/python3.10/site-packages/airflow/example_dags/example_sensor_decorator.py
[2024-06-24T17:28:13.471+0000] {processor.py:836} INFO - DAG(s) dict_keys(['example_sensor_decorator']) retrieved from /usr/local/python/3.10.13/lib/python3.10/site-packages/airflow/example_dags/example_sensor_decorator.py
[2024-06-24T17:28:13.485+0000] {logging_mixin.py:150} INFO - [2024-06-24T17:28:13.485+0000] {dag.py:2742} INFO - Sync 1 DAGs
[2024-06-24T17:28:13.500+0000] {logging_mixin.py:150} INFO - [2024-06-24T17:28:13.500+0000] {dag.py:3504} INFO - Setting next_dagrun for example_sensor_decorator to None, run_after=None
[2024-06-24T17:28:13.543+0000] {processor.py:179} INFO - Processing /usr/local/python/3.10.13/lib/python3.10/site-packages/airflow/example_dags/example_sensor_decorator.py took 0.083 seconds
[2024-06-24T17:29:08.706+0000] {processor.py:157} INFO - Started process (PID=18645) to work on /usr/local/python/3.10.13/lib/python3.10/site-packages/airflow/example_dags/example_sensor_decorator.py
[2024-06-24T17:29:08.707+0000] {processor.py:826} INFO - Processing file /usr/local/python/3.10.13/lib/python3.10/site-packages/airflow/example_dags/example_sensor_decorator.py for tasks to queue
[2024-06-24T17:29:08.707+0000] {logging_mixin.py:150} INFO - [2024-06-24T17:29:08.707+0000] {dagbag.py:541} INFO - Filling up the DagBag from /usr/local/python/3.10.13/lib/python3.10/site-packages/airflow/example_dags/example_sensor_decorator.py
[2024-06-24T17:29:08.714+0000] {processor.py:836} INFO - DAG(s) dict_keys(['example_sensor_decorator']) retrieved from /usr/local/python/3.10.13/lib/python3.10/site-packages/airflow/example_dags/example_sensor_decorator.py
[2024-06-24T17:29:08.729+0000] {logging_mixin.py:150} INFO - [2024-06-24T17:29:08.728+0000] {dag.py:2742} INFO - Sync 1 DAGs
[2024-06-24T17:29:08.745+0000] {logging_mixin.py:150} INFO - [2024-06-24T17:29:08.744+0000] {dag.py:3504} INFO - Setting next_dagrun for example_sensor_decorator to None, run_after=None
[2024-06-24T17:29:08.784+0000] {processor.py:179} INFO - Processing /usr/local/python/3.10.13/lib/python3.10/site-packages/airflow/example_dags/example_sensor_decorator.py took 0.080 seconds
[2024-06-24T17:30:00.586+0000] {processor.py:157} INFO - Started process (PID=19004) to work on /usr/local/python/3.10.13/lib/python3.10/site-packages/airflow/example_dags/example_sensor_decorator.py
[2024-06-24T17:30:00.586+0000] {processor.py:826} INFO - Processing file /usr/local/python/3.10.13/lib/python3.10/site-packages/airflow/example_dags/example_sensor_decorator.py for tasks to queue
[2024-06-24T17:30:00.587+0000] {logging_mixin.py:150} INFO - [2024-06-24T17:30:00.587+0000] {dagbag.py:541} INFO - Filling up the DagBag from /usr/local/python/3.10.13/lib/python3.10/site-packages/airflow/example_dags/example_sensor_decorator.py
[2024-06-24T17:30:00.592+0000] {processor.py:836} INFO - DAG(s) dict_keys(['example_sensor_decorator']) retrieved from /usr/local/python/3.10.13/lib/python3.10/site-packages/airflow/example_dags/example_sensor_decorator.py
[2024-06-24T17:30:00.603+0000] {logging_mixin.py:150} INFO - [2024-06-24T17:30:00.603+0000] {dag.py:2742} INFO - Sync 1 DAGs
[2024-06-24T17:30:00.618+0000] {logging_mixin.py:150} INFO - [2024-06-24T17:30:00.618+0000] {dag.py:3504} INFO - Setting next_dagrun for example_sensor_decorator to None, run_after=None
[2024-06-24T17:30:00.659+0000] {processor.py:179} INFO - Processing /usr/local/python/3.10.13/lib/python3.10/site-packages/airflow/example_dags/example_sensor_decorator.py took 0.075 seconds
[2024-06-24T17:30:54.567+0000] {processor.py:157} INFO - Started process (PID=19368) to work on /usr/local/python/3.10.13/lib/python3.10/site-packages/airflow/example_dags/example_sensor_decorator.py
[2024-06-24T17:30:54.568+0000] {processor.py:826} INFO - Processing file /usr/local/python/3.10.13/lib/python3.10/site-packages/airflow/example_dags/example_sensor_decorator.py for tasks to queue
[2024-06-24T17:30:54.568+0000] {logging_mixin.py:150} INFO - [2024-06-24T17:30:54.568+0000] {dagbag.py:541} INFO - Filling up the DagBag from /usr/local/python/3.10.13/lib/python3.10/site-packages/airflow/example_dags/example_sensor_decorator.py
[2024-06-24T17:30:54.573+0000] {processor.py:836} INFO - DAG(s) dict_keys(['example_sensor_decorator']) retrieved from /usr/local/python/3.10.13/lib/python3.10/site-packages/airflow/example_dags/example_sensor_decorator.py
[2024-06-24T17:30:54.584+0000] {logging_mixin.py:150} INFO - [2024-06-24T17:30:54.584+0000] {dag.py:2742} INFO - Sync 1 DAGs
[2024-06-24T17:30:54.599+0000] {logging_mixin.py:150} INFO - [2024-06-24T17:30:54.599+0000] {dag.py:3504} INFO - Setting next_dagrun for example_sensor_decorator to None, run_after=None
[2024-06-24T17:30:54.638+0000] {processor.py:179} INFO - Processing /usr/local/python/3.10.13/lib/python3.10/site-packages/airflow/example_dags/example_sensor_decorator.py took 0.073 seconds
