[2024-06-24T15:55:05.021+0000] {processor.py:157} INFO - Started process (PID=13757) to work on /usr/local/python/3.10.13/lib/python3.10/site-packages/airflow/example_dags/example_dynamic_task_mapping.py
[2024-06-24T15:55:05.022+0000] {processor.py:826} INFO - Processing file /usr/local/python/3.10.13/lib/python3.10/site-packages/airflow/example_dags/example_dynamic_task_mapping.py for tasks to queue
[2024-06-24T15:55:05.022+0000] {logging_mixin.py:150} INFO - [2024-06-24T15:55:05.022+0000] {dagbag.py:541} INFO - Filling up the DagBag from /usr/local/python/3.10.13/lib/python3.10/site-packages/airflow/example_dags/example_dynamic_task_mapping.py
[2024-06-24T15:55:05.028+0000] {processor.py:836} INFO - DAG(s) dict_keys(['example_dynamic_task_mapping']) retrieved from /usr/local/python/3.10.13/lib/python3.10/site-packages/airflow/example_dags/example_dynamic_task_mapping.py
[2024-06-24T15:55:05.162+0000] {logging_mixin.py:150} INFO - [2024-06-24T15:55:05.162+0000] {manager.py:504} INFO - Created Permission View: can delete on DAG:example_dynamic_task_mapping
[2024-06-24T15:55:05.194+0000] {logging_mixin.py:150} INFO - [2024-06-24T15:55:05.194+0000] {manager.py:504} INFO - Created Permission View: can read on DAG:example_dynamic_task_mapping
[2024-06-24T15:55:05.230+0000] {logging_mixin.py:150} INFO - [2024-06-24T15:55:05.230+0000] {manager.py:504} INFO - Created Permission View: can edit on DAG:example_dynamic_task_mapping
[2024-06-24T15:55:05.248+0000] {logging_mixin.py:150} INFO - [2024-06-24T15:55:05.248+0000] {dag.py:2742} INFO - Sync 1 DAGs
[2024-06-24T15:55:05.259+0000] {logging_mixin.py:150} INFO - [2024-06-24T15:55:05.259+0000] {dag.py:2763} INFO - Creating ORM DAG for example_dynamic_task_mapping
[2024-06-24T15:55:05.272+0000] {logging_mixin.py:150} INFO - [2024-06-24T15:55:05.271+0000] {dag.py:3504} INFO - Setting next_dagrun for example_dynamic_task_mapping to 2022-03-04T00:00:00+00:00, run_after=2022-03-05T00:00:00+00:00
[2024-06-24T15:55:05.310+0000] {processor.py:179} INFO - Processing /usr/local/python/3.10.13/lib/python3.10/site-packages/airflow/example_dags/example_dynamic_task_mapping.py took 0.291 seconds
[2024-06-24T15:55:55.437+0000] {processor.py:157} INFO - Started process (PID=14113) to work on /usr/local/python/3.10.13/lib/python3.10/site-packages/airflow/example_dags/example_dynamic_task_mapping.py
[2024-06-24T15:55:55.437+0000] {processor.py:826} INFO - Processing file /usr/local/python/3.10.13/lib/python3.10/site-packages/airflow/example_dags/example_dynamic_task_mapping.py for tasks to queue
[2024-06-24T15:55:55.438+0000] {logging_mixin.py:150} INFO - [2024-06-24T15:55:55.437+0000] {dagbag.py:541} INFO - Filling up the DagBag from /usr/local/python/3.10.13/lib/python3.10/site-packages/airflow/example_dags/example_dynamic_task_mapping.py
[2024-06-24T15:55:55.443+0000] {processor.py:836} INFO - DAG(s) dict_keys(['example_dynamic_task_mapping']) retrieved from /usr/local/python/3.10.13/lib/python3.10/site-packages/airflow/example_dags/example_dynamic_task_mapping.py
[2024-06-24T15:55:55.454+0000] {logging_mixin.py:150} INFO - [2024-06-24T15:55:55.454+0000] {dag.py:2742} INFO - Sync 1 DAGs
[2024-06-24T15:55:55.469+0000] {logging_mixin.py:150} INFO - [2024-06-24T15:55:55.468+0000] {dag.py:3504} INFO - Setting next_dagrun for example_dynamic_task_mapping to 2022-03-04T00:00:00+00:00, run_after=2022-03-05T00:00:00+00:00
[2024-06-24T15:55:55.511+0000] {processor.py:179} INFO - Processing /usr/local/python/3.10.13/lib/python3.10/site-packages/airflow/example_dags/example_dynamic_task_mapping.py took 0.076 seconds
[2024-06-24T15:56:40.886+0000] {processor.py:157} INFO - Started process (PID=14476) to work on /usr/local/python/3.10.13/lib/python3.10/site-packages/airflow/example_dags/example_dynamic_task_mapping.py
[2024-06-24T15:56:40.887+0000] {processor.py:826} INFO - Processing file /usr/local/python/3.10.13/lib/python3.10/site-packages/airflow/example_dags/example_dynamic_task_mapping.py for tasks to queue
[2024-06-24T15:56:40.888+0000] {logging_mixin.py:150} INFO - [2024-06-24T15:56:40.887+0000] {dagbag.py:541} INFO - Filling up the DagBag from /usr/local/python/3.10.13/lib/python3.10/site-packages/airflow/example_dags/example_dynamic_task_mapping.py
[2024-06-24T15:56:40.893+0000] {processor.py:836} INFO - DAG(s) dict_keys(['example_dynamic_task_mapping']) retrieved from /usr/local/python/3.10.13/lib/python3.10/site-packages/airflow/example_dags/example_dynamic_task_mapping.py
[2024-06-24T15:56:40.903+0000] {logging_mixin.py:150} INFO - [2024-06-24T15:56:40.903+0000] {dag.py:2742} INFO - Sync 1 DAGs
[2024-06-24T15:56:40.918+0000] {logging_mixin.py:150} INFO - [2024-06-24T15:56:40.918+0000] {dag.py:3504} INFO - Setting next_dagrun for example_dynamic_task_mapping to 2022-03-04T00:00:00+00:00, run_after=2022-03-05T00:00:00+00:00
[2024-06-24T15:56:40.958+0000] {processor.py:179} INFO - Processing /usr/local/python/3.10.13/lib/python3.10/site-packages/airflow/example_dags/example_dynamic_task_mapping.py took 0.074 seconds
[2024-06-24T16:01:52.949+0000] {processor.py:157} INFO - Started process (PID=16725) to work on /usr/local/python/3.10.13/lib/python3.10/site-packages/airflow/example_dags/example_dynamic_task_mapping.py
[2024-06-24T16:01:52.950+0000] {processor.py:826} INFO - Processing file /usr/local/python/3.10.13/lib/python3.10/site-packages/airflow/example_dags/example_dynamic_task_mapping.py for tasks to queue
[2024-06-24T16:01:52.951+0000] {logging_mixin.py:150} INFO - [2024-06-24T16:01:52.950+0000] {dagbag.py:541} INFO - Filling up the DagBag from /usr/local/python/3.10.13/lib/python3.10/site-packages/airflow/example_dags/example_dynamic_task_mapping.py
[2024-06-24T16:01:52.956+0000] {processor.py:836} INFO - DAG(s) dict_keys(['example_dynamic_task_mapping']) retrieved from /usr/local/python/3.10.13/lib/python3.10/site-packages/airflow/example_dags/example_dynamic_task_mapping.py
[2024-06-24T16:01:52.967+0000] {logging_mixin.py:150} INFO - [2024-06-24T16:01:52.967+0000] {dag.py:2742} INFO - Sync 1 DAGs
[2024-06-24T16:01:52.983+0000] {logging_mixin.py:150} INFO - [2024-06-24T16:01:52.983+0000] {dag.py:3504} INFO - Setting next_dagrun for example_dynamic_task_mapping to 2022-03-04T00:00:00+00:00, run_after=2022-03-05T00:00:00+00:00
[2024-06-24T16:01:53.023+0000] {processor.py:179} INFO - Processing /usr/local/python/3.10.13/lib/python3.10/site-packages/airflow/example_dags/example_dynamic_task_mapping.py took 0.076 seconds
[2024-06-24T16:02:40.077+0000] {processor.py:157} INFO - Started process (PID=17079) to work on /usr/local/python/3.10.13/lib/python3.10/site-packages/airflow/example_dags/example_dynamic_task_mapping.py
[2024-06-24T16:02:40.078+0000] {processor.py:826} INFO - Processing file /usr/local/python/3.10.13/lib/python3.10/site-packages/airflow/example_dags/example_dynamic_task_mapping.py for tasks to queue
[2024-06-24T16:02:40.079+0000] {logging_mixin.py:150} INFO - [2024-06-24T16:02:40.078+0000] {dagbag.py:541} INFO - Filling up the DagBag from /usr/local/python/3.10.13/lib/python3.10/site-packages/airflow/example_dags/example_dynamic_task_mapping.py
[2024-06-24T16:02:40.084+0000] {processor.py:836} INFO - DAG(s) dict_keys(['example_dynamic_task_mapping']) retrieved from /usr/local/python/3.10.13/lib/python3.10/site-packages/airflow/example_dags/example_dynamic_task_mapping.py
[2024-06-24T16:02:40.098+0000] {logging_mixin.py:150} INFO - [2024-06-24T16:02:40.098+0000] {dag.py:2742} INFO - Sync 1 DAGs
[2024-06-24T16:02:40.121+0000] {logging_mixin.py:150} INFO - [2024-06-24T16:02:40.121+0000] {dag.py:3504} INFO - Setting next_dagrun for example_dynamic_task_mapping to 2022-03-04T00:00:00+00:00, run_after=2022-03-05T00:00:00+00:00
[2024-06-24T16:02:40.171+0000] {processor.py:179} INFO - Processing /usr/local/python/3.10.13/lib/python3.10/site-packages/airflow/example_dags/example_dynamic_task_mapping.py took 0.095 seconds
[2024-06-24T16:03:29.456+0000] {processor.py:157} INFO - Started process (PID=17469) to work on /usr/local/python/3.10.13/lib/python3.10/site-packages/airflow/example_dags/example_dynamic_task_mapping.py
[2024-06-24T16:03:29.457+0000] {processor.py:826} INFO - Processing file /usr/local/python/3.10.13/lib/python3.10/site-packages/airflow/example_dags/example_dynamic_task_mapping.py for tasks to queue
[2024-06-24T16:03:29.457+0000] {logging_mixin.py:150} INFO - [2024-06-24T16:03:29.457+0000] {dagbag.py:541} INFO - Filling up the DagBag from /usr/local/python/3.10.13/lib/python3.10/site-packages/airflow/example_dags/example_dynamic_task_mapping.py
[2024-06-24T16:03:29.463+0000] {processor.py:836} INFO - DAG(s) dict_keys(['example_dynamic_task_mapping']) retrieved from /usr/local/python/3.10.13/lib/python3.10/site-packages/airflow/example_dags/example_dynamic_task_mapping.py
[2024-06-24T16:03:29.477+0000] {logging_mixin.py:150} INFO - [2024-06-24T16:03:29.477+0000] {dag.py:2742} INFO - Sync 1 DAGs
[2024-06-24T16:03:29.492+0000] {logging_mixin.py:150} INFO - [2024-06-24T16:03:29.492+0000] {dag.py:3504} INFO - Setting next_dagrun for example_dynamic_task_mapping to 2022-03-04T00:00:00+00:00, run_after=2022-03-05T00:00:00+00:00
[2024-06-24T16:03:29.529+0000] {processor.py:179} INFO - Processing /usr/local/python/3.10.13/lib/python3.10/site-packages/airflow/example_dags/example_dynamic_task_mapping.py took 0.075 seconds
[2024-06-24T16:04:15.921+0000] {processor.py:157} INFO - Started process (PID=17830) to work on /usr/local/python/3.10.13/lib/python3.10/site-packages/airflow/example_dags/example_dynamic_task_mapping.py
[2024-06-24T16:04:15.921+0000] {processor.py:826} INFO - Processing file /usr/local/python/3.10.13/lib/python3.10/site-packages/airflow/example_dags/example_dynamic_task_mapping.py for tasks to queue
[2024-06-24T16:04:15.922+0000] {logging_mixin.py:150} INFO - [2024-06-24T16:04:15.922+0000] {dagbag.py:541} INFO - Filling up the DagBag from /usr/local/python/3.10.13/lib/python3.10/site-packages/airflow/example_dags/example_dynamic_task_mapping.py
[2024-06-24T16:04:15.928+0000] {processor.py:836} INFO - DAG(s) dict_keys(['example_dynamic_task_mapping']) retrieved from /usr/local/python/3.10.13/lib/python3.10/site-packages/airflow/example_dags/example_dynamic_task_mapping.py
[2024-06-24T16:04:15.941+0000] {logging_mixin.py:150} INFO - [2024-06-24T16:04:15.940+0000] {dag.py:2742} INFO - Sync 1 DAGs
[2024-06-24T16:04:15.958+0000] {logging_mixin.py:150} INFO - [2024-06-24T16:04:15.958+0000] {dag.py:3504} INFO - Setting next_dagrun for example_dynamic_task_mapping to 2022-03-04T00:00:00+00:00, run_after=2022-03-05T00:00:00+00:00
[2024-06-24T16:04:15.998+0000] {processor.py:179} INFO - Processing /usr/local/python/3.10.13/lib/python3.10/site-packages/airflow/example_dags/example_dynamic_task_mapping.py took 0.080 seconds
[2024-06-24T16:05:04.193+0000] {processor.py:157} INFO - Started process (PID=18192) to work on /usr/local/python/3.10.13/lib/python3.10/site-packages/airflow/example_dags/example_dynamic_task_mapping.py
[2024-06-24T16:05:04.194+0000] {processor.py:826} INFO - Processing file /usr/local/python/3.10.13/lib/python3.10/site-packages/airflow/example_dags/example_dynamic_task_mapping.py for tasks to queue
[2024-06-24T16:05:04.194+0000] {logging_mixin.py:150} INFO - [2024-06-24T16:05:04.194+0000] {dagbag.py:541} INFO - Filling up the DagBag from /usr/local/python/3.10.13/lib/python3.10/site-packages/airflow/example_dags/example_dynamic_task_mapping.py
[2024-06-24T16:05:04.200+0000] {processor.py:836} INFO - DAG(s) dict_keys(['example_dynamic_task_mapping']) retrieved from /usr/local/python/3.10.13/lib/python3.10/site-packages/airflow/example_dags/example_dynamic_task_mapping.py
[2024-06-24T16:05:04.212+0000] {logging_mixin.py:150} INFO - [2024-06-24T16:05:04.211+0000] {dag.py:2742} INFO - Sync 1 DAGs
[2024-06-24T16:05:04.228+0000] {logging_mixin.py:150} INFO - [2024-06-24T16:05:04.228+0000] {dag.py:3504} INFO - Setting next_dagrun for example_dynamic_task_mapping to 2022-03-04T00:00:00+00:00, run_after=2022-03-05T00:00:00+00:00
[2024-06-24T16:05:04.268+0000] {processor.py:179} INFO - Processing /usr/local/python/3.10.13/lib/python3.10/site-packages/airflow/example_dags/example_dynamic_task_mapping.py took 0.077 seconds
[2024-06-24T16:05:49.467+0000] {processor.py:157} INFO - Started process (PID=18558) to work on /usr/local/python/3.10.13/lib/python3.10/site-packages/airflow/example_dags/example_dynamic_task_mapping.py
[2024-06-24T16:05:49.468+0000] {processor.py:826} INFO - Processing file /usr/local/python/3.10.13/lib/python3.10/site-packages/airflow/example_dags/example_dynamic_task_mapping.py for tasks to queue
[2024-06-24T16:05:49.468+0000] {logging_mixin.py:150} INFO - [2024-06-24T16:05:49.468+0000] {dagbag.py:541} INFO - Filling up the DagBag from /usr/local/python/3.10.13/lib/python3.10/site-packages/airflow/example_dags/example_dynamic_task_mapping.py
[2024-06-24T16:05:49.474+0000] {processor.py:836} INFO - DAG(s) dict_keys(['example_dynamic_task_mapping']) retrieved from /usr/local/python/3.10.13/lib/python3.10/site-packages/airflow/example_dags/example_dynamic_task_mapping.py
[2024-06-24T16:05:49.485+0000] {logging_mixin.py:150} INFO - [2024-06-24T16:05:49.485+0000] {dag.py:2742} INFO - Sync 1 DAGs
[2024-06-24T16:05:49.501+0000] {logging_mixin.py:150} INFO - [2024-06-24T16:05:49.500+0000] {dag.py:3504} INFO - Setting next_dagrun for example_dynamic_task_mapping to 2022-03-04T00:00:00+00:00, run_after=2022-03-05T00:00:00+00:00
[2024-06-24T16:05:49.539+0000] {processor.py:179} INFO - Processing /usr/local/python/3.10.13/lib/python3.10/site-packages/airflow/example_dags/example_dynamic_task_mapping.py took 0.074 seconds
[2024-06-24T16:06:39.625+0000] {processor.py:157} INFO - Started process (PID=18947) to work on /usr/local/python/3.10.13/lib/python3.10/site-packages/airflow/example_dags/example_dynamic_task_mapping.py
[2024-06-24T16:06:39.625+0000] {processor.py:826} INFO - Processing file /usr/local/python/3.10.13/lib/python3.10/site-packages/airflow/example_dags/example_dynamic_task_mapping.py for tasks to queue
[2024-06-24T16:06:39.626+0000] {logging_mixin.py:150} INFO - [2024-06-24T16:06:39.626+0000] {dagbag.py:541} INFO - Filling up the DagBag from /usr/local/python/3.10.13/lib/python3.10/site-packages/airflow/example_dags/example_dynamic_task_mapping.py
[2024-06-24T16:06:39.631+0000] {processor.py:836} INFO - DAG(s) dict_keys(['example_dynamic_task_mapping']) retrieved from /usr/local/python/3.10.13/lib/python3.10/site-packages/airflow/example_dags/example_dynamic_task_mapping.py
[2024-06-24T16:06:39.642+0000] {logging_mixin.py:150} INFO - [2024-06-24T16:06:39.642+0000] {dag.py:2742} INFO - Sync 1 DAGs
[2024-06-24T16:06:39.657+0000] {logging_mixin.py:150} INFO - [2024-06-24T16:06:39.656+0000] {dag.py:3504} INFO - Setting next_dagrun for example_dynamic_task_mapping to 2022-03-04T00:00:00+00:00, run_after=2022-03-05T00:00:00+00:00
[2024-06-24T16:06:39.699+0000] {processor.py:179} INFO - Processing /usr/local/python/3.10.13/lib/python3.10/site-packages/airflow/example_dags/example_dynamic_task_mapping.py took 0.076 seconds
[2024-06-24T16:07:27.391+0000] {processor.py:157} INFO - Started process (PID=19303) to work on /usr/local/python/3.10.13/lib/python3.10/site-packages/airflow/example_dags/example_dynamic_task_mapping.py
[2024-06-24T16:07:27.392+0000] {processor.py:826} INFO - Processing file /usr/local/python/3.10.13/lib/python3.10/site-packages/airflow/example_dags/example_dynamic_task_mapping.py for tasks to queue
[2024-06-24T16:07:27.393+0000] {logging_mixin.py:150} INFO - [2024-06-24T16:07:27.392+0000] {dagbag.py:541} INFO - Filling up the DagBag from /usr/local/python/3.10.13/lib/python3.10/site-packages/airflow/example_dags/example_dynamic_task_mapping.py
[2024-06-24T16:07:27.398+0000] {processor.py:836} INFO - DAG(s) dict_keys(['example_dynamic_task_mapping']) retrieved from /usr/local/python/3.10.13/lib/python3.10/site-packages/airflow/example_dags/example_dynamic_task_mapping.py
[2024-06-24T16:07:27.410+0000] {logging_mixin.py:150} INFO - [2024-06-24T16:07:27.410+0000] {dag.py:2742} INFO - Sync 1 DAGs
[2024-06-24T16:07:27.426+0000] {logging_mixin.py:150} INFO - [2024-06-24T16:07:27.426+0000] {dag.py:3504} INFO - Setting next_dagrun for example_dynamic_task_mapping to 2022-03-04T00:00:00+00:00, run_after=2022-03-05T00:00:00+00:00
[2024-06-24T16:07:27.468+0000] {processor.py:179} INFO - Processing /usr/local/python/3.10.13/lib/python3.10/site-packages/airflow/example_dags/example_dynamic_task_mapping.py took 0.078 seconds
[2024-06-24T16:08:13.424+0000] {processor.py:157} INFO - Started process (PID=19668) to work on /usr/local/python/3.10.13/lib/python3.10/site-packages/airflow/example_dags/example_dynamic_task_mapping.py
[2024-06-24T16:08:13.425+0000] {processor.py:826} INFO - Processing file /usr/local/python/3.10.13/lib/python3.10/site-packages/airflow/example_dags/example_dynamic_task_mapping.py for tasks to queue
[2024-06-24T16:08:13.425+0000] {logging_mixin.py:150} INFO - [2024-06-24T16:08:13.425+0000] {dagbag.py:541} INFO - Filling up the DagBag from /usr/local/python/3.10.13/lib/python3.10/site-packages/airflow/example_dags/example_dynamic_task_mapping.py
[2024-06-24T16:08:13.431+0000] {processor.py:836} INFO - DAG(s) dict_keys(['example_dynamic_task_mapping']) retrieved from /usr/local/python/3.10.13/lib/python3.10/site-packages/airflow/example_dags/example_dynamic_task_mapping.py
[2024-06-24T16:08:13.442+0000] {logging_mixin.py:150} INFO - [2024-06-24T16:08:13.442+0000] {dag.py:2742} INFO - Sync 1 DAGs
[2024-06-24T16:08:13.457+0000] {logging_mixin.py:150} INFO - [2024-06-24T16:08:13.457+0000] {dag.py:3504} INFO - Setting next_dagrun for example_dynamic_task_mapping to 2022-03-04T00:00:00+00:00, run_after=2022-03-05T00:00:00+00:00
[2024-06-24T16:08:13.502+0000] {processor.py:179} INFO - Processing /usr/local/python/3.10.13/lib/python3.10/site-packages/airflow/example_dags/example_dynamic_task_mapping.py took 0.080 seconds
[2024-06-24T16:09:02.110+0000] {processor.py:157} INFO - Started process (PID=20034) to work on /usr/local/python/3.10.13/lib/python3.10/site-packages/airflow/example_dags/example_dynamic_task_mapping.py
[2024-06-24T16:09:02.111+0000] {processor.py:826} INFO - Processing file /usr/local/python/3.10.13/lib/python3.10/site-packages/airflow/example_dags/example_dynamic_task_mapping.py for tasks to queue
[2024-06-24T16:09:02.111+0000] {logging_mixin.py:150} INFO - [2024-06-24T16:09:02.111+0000] {dagbag.py:541} INFO - Filling up the DagBag from /usr/local/python/3.10.13/lib/python3.10/site-packages/airflow/example_dags/example_dynamic_task_mapping.py
[2024-06-24T16:09:02.117+0000] {processor.py:836} INFO - DAG(s) dict_keys(['example_dynamic_task_mapping']) retrieved from /usr/local/python/3.10.13/lib/python3.10/site-packages/airflow/example_dags/example_dynamic_task_mapping.py
[2024-06-24T16:09:02.128+0000] {logging_mixin.py:150} INFO - [2024-06-24T16:09:02.128+0000] {dag.py:2742} INFO - Sync 1 DAGs
[2024-06-24T16:09:02.143+0000] {logging_mixin.py:150} INFO - [2024-06-24T16:09:02.142+0000] {dag.py:3504} INFO - Setting next_dagrun for example_dynamic_task_mapping to 2022-03-04T00:00:00+00:00, run_after=2022-03-05T00:00:00+00:00
[2024-06-24T16:09:02.185+0000] {processor.py:179} INFO - Processing /usr/local/python/3.10.13/lib/python3.10/site-packages/airflow/example_dags/example_dynamic_task_mapping.py took 0.077 seconds
[2024-06-24T16:09:48.027+0000] {processor.py:157} INFO - Started process (PID=20354) to work on /usr/local/python/3.10.13/lib/python3.10/site-packages/airflow/example_dags/example_dynamic_task_mapping.py
[2024-06-24T16:09:48.027+0000] {processor.py:826} INFO - Processing file /usr/local/python/3.10.13/lib/python3.10/site-packages/airflow/example_dags/example_dynamic_task_mapping.py for tasks to queue
[2024-06-24T16:09:48.028+0000] {logging_mixin.py:150} INFO - [2024-06-24T16:09:48.028+0000] {dagbag.py:541} INFO - Filling up the DagBag from /usr/local/python/3.10.13/lib/python3.10/site-packages/airflow/example_dags/example_dynamic_task_mapping.py
[2024-06-24T16:09:48.034+0000] {processor.py:836} INFO - DAG(s) dict_keys(['example_dynamic_task_mapping']) retrieved from /usr/local/python/3.10.13/lib/python3.10/site-packages/airflow/example_dags/example_dynamic_task_mapping.py
[2024-06-24T16:09:48.045+0000] {logging_mixin.py:150} INFO - [2024-06-24T16:09:48.045+0000] {dag.py:2742} INFO - Sync 1 DAGs
[2024-06-24T16:09:48.061+0000] {logging_mixin.py:150} INFO - [2024-06-24T16:09:48.061+0000] {dag.py:3504} INFO - Setting next_dagrun for example_dynamic_task_mapping to 2022-03-04T00:00:00+00:00, run_after=2022-03-05T00:00:00+00:00
[2024-06-24T16:09:48.101+0000] {processor.py:179} INFO - Processing /usr/local/python/3.10.13/lib/python3.10/site-packages/airflow/example_dags/example_dynamic_task_mapping.py took 0.077 seconds
[2024-06-24T16:10:36.637+0000] {processor.py:157} INFO - Started process (PID=20695) to work on /usr/local/python/3.10.13/lib/python3.10/site-packages/airflow/example_dags/example_dynamic_task_mapping.py
[2024-06-24T16:10:36.638+0000] {processor.py:826} INFO - Processing file /usr/local/python/3.10.13/lib/python3.10/site-packages/airflow/example_dags/example_dynamic_task_mapping.py for tasks to queue
[2024-06-24T16:10:36.639+0000] {logging_mixin.py:150} INFO - [2024-06-24T16:10:36.639+0000] {dagbag.py:541} INFO - Filling up the DagBag from /usr/local/python/3.10.13/lib/python3.10/site-packages/airflow/example_dags/example_dynamic_task_mapping.py
[2024-06-24T16:10:36.644+0000] {processor.py:836} INFO - DAG(s) dict_keys(['example_dynamic_task_mapping']) retrieved from /usr/local/python/3.10.13/lib/python3.10/site-packages/airflow/example_dags/example_dynamic_task_mapping.py
[2024-06-24T16:10:36.656+0000] {logging_mixin.py:150} INFO - [2024-06-24T16:10:36.656+0000] {dag.py:2742} INFO - Sync 1 DAGs
[2024-06-24T16:10:36.672+0000] {logging_mixin.py:150} INFO - [2024-06-24T16:10:36.672+0000] {dag.py:3504} INFO - Setting next_dagrun for example_dynamic_task_mapping to 2022-03-04T00:00:00+00:00, run_after=2022-03-05T00:00:00+00:00
[2024-06-24T16:10:36.713+0000] {processor.py:179} INFO - Processing /usr/local/python/3.10.13/lib/python3.10/site-packages/airflow/example_dags/example_dynamic_task_mapping.py took 0.078 seconds
[2024-06-24T16:11:25.597+0000] {processor.py:157} INFO - Started process (PID=21038) to work on /usr/local/python/3.10.13/lib/python3.10/site-packages/airflow/example_dags/example_dynamic_task_mapping.py
[2024-06-24T16:11:25.598+0000] {processor.py:826} INFO - Processing file /usr/local/python/3.10.13/lib/python3.10/site-packages/airflow/example_dags/example_dynamic_task_mapping.py for tasks to queue
[2024-06-24T16:11:25.599+0000] {logging_mixin.py:150} INFO - [2024-06-24T16:11:25.598+0000] {dagbag.py:541} INFO - Filling up the DagBag from /usr/local/python/3.10.13/lib/python3.10/site-packages/airflow/example_dags/example_dynamic_task_mapping.py
[2024-06-24T16:11:25.604+0000] {processor.py:836} INFO - DAG(s) dict_keys(['example_dynamic_task_mapping']) retrieved from /usr/local/python/3.10.13/lib/python3.10/site-packages/airflow/example_dags/example_dynamic_task_mapping.py
[2024-06-24T16:11:25.615+0000] {logging_mixin.py:150} INFO - [2024-06-24T16:11:25.615+0000] {dag.py:2742} INFO - Sync 1 DAGs
[2024-06-24T16:11:25.632+0000] {logging_mixin.py:150} INFO - [2024-06-24T16:11:25.632+0000] {dag.py:3504} INFO - Setting next_dagrun for example_dynamic_task_mapping to 2022-03-04T00:00:00+00:00, run_after=2022-03-05T00:00:00+00:00
[2024-06-24T16:11:25.673+0000] {processor.py:179} INFO - Processing /usr/local/python/3.10.13/lib/python3.10/site-packages/airflow/example_dags/example_dynamic_task_mapping.py took 0.078 seconds
[2024-06-24T16:12:13.069+0000] {processor.py:157} INFO - Started process (PID=21353) to work on /usr/local/python/3.10.13/lib/python3.10/site-packages/airflow/example_dags/example_dynamic_task_mapping.py
[2024-06-24T16:12:13.069+0000] {processor.py:826} INFO - Processing file /usr/local/python/3.10.13/lib/python3.10/site-packages/airflow/example_dags/example_dynamic_task_mapping.py for tasks to queue
[2024-06-24T16:12:13.070+0000] {logging_mixin.py:150} INFO - [2024-06-24T16:12:13.070+0000] {dagbag.py:541} INFO - Filling up the DagBag from /usr/local/python/3.10.13/lib/python3.10/site-packages/airflow/example_dags/example_dynamic_task_mapping.py
[2024-06-24T16:12:13.075+0000] {processor.py:836} INFO - DAG(s) dict_keys(['example_dynamic_task_mapping']) retrieved from /usr/local/python/3.10.13/lib/python3.10/site-packages/airflow/example_dags/example_dynamic_task_mapping.py
[2024-06-24T16:12:13.085+0000] {logging_mixin.py:150} INFO - [2024-06-24T16:12:13.085+0000] {dag.py:2742} INFO - Sync 1 DAGs
[2024-06-24T16:12:13.100+0000] {logging_mixin.py:150} INFO - [2024-06-24T16:12:13.100+0000] {dag.py:3504} INFO - Setting next_dagrun for example_dynamic_task_mapping to 2022-03-04T00:00:00+00:00, run_after=2022-03-05T00:00:00+00:00
[2024-06-24T16:12:13.155+0000] {processor.py:179} INFO - Processing /usr/local/python/3.10.13/lib/python3.10/site-packages/airflow/example_dags/example_dynamic_task_mapping.py took 0.089 seconds
[2024-06-24T16:13:01.405+0000] {processor.py:157} INFO - Started process (PID=21689) to work on /usr/local/python/3.10.13/lib/python3.10/site-packages/airflow/example_dags/example_dynamic_task_mapping.py
[2024-06-24T16:13:01.406+0000] {processor.py:826} INFO - Processing file /usr/local/python/3.10.13/lib/python3.10/site-packages/airflow/example_dags/example_dynamic_task_mapping.py for tasks to queue
[2024-06-24T16:13:01.408+0000] {logging_mixin.py:150} INFO - [2024-06-24T16:13:01.407+0000] {dagbag.py:541} INFO - Filling up the DagBag from /usr/local/python/3.10.13/lib/python3.10/site-packages/airflow/example_dags/example_dynamic_task_mapping.py
[2024-06-24T16:13:01.416+0000] {processor.py:836} INFO - DAG(s) dict_keys(['example_dynamic_task_mapping']) retrieved from /usr/local/python/3.10.13/lib/python3.10/site-packages/airflow/example_dags/example_dynamic_task_mapping.py
[2024-06-24T16:13:01.440+0000] {logging_mixin.py:150} INFO - [2024-06-24T16:13:01.435+0000] {dag.py:2742} INFO - Sync 1 DAGs
[2024-06-24T16:13:01.462+0000] {logging_mixin.py:150} INFO - [2024-06-24T16:13:01.462+0000] {dag.py:3504} INFO - Setting next_dagrun for example_dynamic_task_mapping to 2022-03-04T00:00:00+00:00, run_after=2022-03-05T00:00:00+00:00
[2024-06-24T16:13:01.503+0000] {processor.py:179} INFO - Processing /usr/local/python/3.10.13/lib/python3.10/site-packages/airflow/example_dags/example_dynamic_task_mapping.py took 0.101 seconds
[2024-06-24T16:13:49.304+0000] {processor.py:157} INFO - Started process (PID=22025) to work on /usr/local/python/3.10.13/lib/python3.10/site-packages/airflow/example_dags/example_dynamic_task_mapping.py
[2024-06-24T16:13:49.305+0000] {processor.py:826} INFO - Processing file /usr/local/python/3.10.13/lib/python3.10/site-packages/airflow/example_dags/example_dynamic_task_mapping.py for tasks to queue
[2024-06-24T16:13:49.306+0000] {logging_mixin.py:150} INFO - [2024-06-24T16:13:49.305+0000] {dagbag.py:541} INFO - Filling up the DagBag from /usr/local/python/3.10.13/lib/python3.10/site-packages/airflow/example_dags/example_dynamic_task_mapping.py
[2024-06-24T16:13:49.311+0000] {processor.py:836} INFO - DAG(s) dict_keys(['example_dynamic_task_mapping']) retrieved from /usr/local/python/3.10.13/lib/python3.10/site-packages/airflow/example_dags/example_dynamic_task_mapping.py
[2024-06-24T16:13:49.322+0000] {logging_mixin.py:150} INFO - [2024-06-24T16:13:49.321+0000] {dag.py:2742} INFO - Sync 1 DAGs
[2024-06-24T16:13:49.337+0000] {logging_mixin.py:150} INFO - [2024-06-24T16:13:49.336+0000] {dag.py:3504} INFO - Setting next_dagrun for example_dynamic_task_mapping to 2022-03-04T00:00:00+00:00, run_after=2022-03-05T00:00:00+00:00
[2024-06-24T16:13:49.381+0000] {processor.py:179} INFO - Processing /usr/local/python/3.10.13/lib/python3.10/site-packages/airflow/example_dags/example_dynamic_task_mapping.py took 0.078 seconds
[2024-06-24T16:14:35.430+0000] {processor.py:157} INFO - Started process (PID=22339) to work on /usr/local/python/3.10.13/lib/python3.10/site-packages/airflow/example_dags/example_dynamic_task_mapping.py
[2024-06-24T16:14:35.431+0000] {processor.py:826} INFO - Processing file /usr/local/python/3.10.13/lib/python3.10/site-packages/airflow/example_dags/example_dynamic_task_mapping.py for tasks to queue
[2024-06-24T16:14:35.432+0000] {logging_mixin.py:150} INFO - [2024-06-24T16:14:35.431+0000] {dagbag.py:541} INFO - Filling up the DagBag from /usr/local/python/3.10.13/lib/python3.10/site-packages/airflow/example_dags/example_dynamic_task_mapping.py
[2024-06-24T16:14:35.437+0000] {processor.py:836} INFO - DAG(s) dict_keys(['example_dynamic_task_mapping']) retrieved from /usr/local/python/3.10.13/lib/python3.10/site-packages/airflow/example_dags/example_dynamic_task_mapping.py
[2024-06-24T16:14:35.448+0000] {logging_mixin.py:150} INFO - [2024-06-24T16:14:35.448+0000] {dag.py:2742} INFO - Sync 1 DAGs
[2024-06-24T16:14:35.463+0000] {logging_mixin.py:150} INFO - [2024-06-24T16:14:35.462+0000] {dag.py:3504} INFO - Setting next_dagrun for example_dynamic_task_mapping to 2022-03-04T00:00:00+00:00, run_after=2022-03-05T00:00:00+00:00
[2024-06-24T16:14:35.507+0000] {processor.py:179} INFO - Processing /usr/local/python/3.10.13/lib/python3.10/site-packages/airflow/example_dags/example_dynamic_task_mapping.py took 0.078 seconds
[2024-06-24T16:15:20.883+0000] {processor.py:157} INFO - Started process (PID=22660) to work on /usr/local/python/3.10.13/lib/python3.10/site-packages/airflow/example_dags/example_dynamic_task_mapping.py
[2024-06-24T16:15:20.884+0000] {processor.py:826} INFO - Processing file /usr/local/python/3.10.13/lib/python3.10/site-packages/airflow/example_dags/example_dynamic_task_mapping.py for tasks to queue
[2024-06-24T16:15:20.885+0000] {logging_mixin.py:150} INFO - [2024-06-24T16:15:20.884+0000] {dagbag.py:541} INFO - Filling up the DagBag from /usr/local/python/3.10.13/lib/python3.10/site-packages/airflow/example_dags/example_dynamic_task_mapping.py
[2024-06-24T16:15:20.890+0000] {processor.py:836} INFO - DAG(s) dict_keys(['example_dynamic_task_mapping']) retrieved from /usr/local/python/3.10.13/lib/python3.10/site-packages/airflow/example_dags/example_dynamic_task_mapping.py
[2024-06-24T16:15:20.901+0000] {logging_mixin.py:150} INFO - [2024-06-24T16:15:20.901+0000] {dag.py:2742} INFO - Sync 1 DAGs
[2024-06-24T16:15:20.916+0000] {logging_mixin.py:150} INFO - [2024-06-24T16:15:20.916+0000] {dag.py:3504} INFO - Setting next_dagrun for example_dynamic_task_mapping to 2022-03-04T00:00:00+00:00, run_after=2022-03-05T00:00:00+00:00
[2024-06-24T16:15:20.965+0000] {processor.py:179} INFO - Processing /usr/local/python/3.10.13/lib/python3.10/site-packages/airflow/example_dags/example_dynamic_task_mapping.py took 0.084 seconds
[2024-06-24T16:16:04.877+0000] {processor.py:157} INFO - Started process (PID=22962) to work on /usr/local/python/3.10.13/lib/python3.10/site-packages/airflow/example_dags/example_dynamic_task_mapping.py
[2024-06-24T16:16:04.878+0000] {processor.py:826} INFO - Processing file /usr/local/python/3.10.13/lib/python3.10/site-packages/airflow/example_dags/example_dynamic_task_mapping.py for tasks to queue
[2024-06-24T16:16:04.879+0000] {logging_mixin.py:150} INFO - [2024-06-24T16:16:04.878+0000] {dagbag.py:541} INFO - Filling up the DagBag from /usr/local/python/3.10.13/lib/python3.10/site-packages/airflow/example_dags/example_dynamic_task_mapping.py
[2024-06-24T16:16:04.884+0000] {processor.py:836} INFO - DAG(s) dict_keys(['example_dynamic_task_mapping']) retrieved from /usr/local/python/3.10.13/lib/python3.10/site-packages/airflow/example_dags/example_dynamic_task_mapping.py
[2024-06-24T16:16:04.894+0000] {logging_mixin.py:150} INFO - [2024-06-24T16:16:04.894+0000] {dag.py:2742} INFO - Sync 1 DAGs
[2024-06-24T16:16:04.909+0000] {logging_mixin.py:150} INFO - [2024-06-24T16:16:04.909+0000] {dag.py:3504} INFO - Setting next_dagrun for example_dynamic_task_mapping to 2022-03-04T00:00:00+00:00, run_after=2022-03-05T00:00:00+00:00
[2024-06-24T16:16:04.947+0000] {processor.py:179} INFO - Processing /usr/local/python/3.10.13/lib/python3.10/site-packages/airflow/example_dags/example_dynamic_task_mapping.py took 0.072 seconds
[2024-06-24T16:16:50.338+0000] {processor.py:157} INFO - Started process (PID=23289) to work on /usr/local/python/3.10.13/lib/python3.10/site-packages/airflow/example_dags/example_dynamic_task_mapping.py
[2024-06-24T16:16:50.338+0000] {processor.py:826} INFO - Processing file /usr/local/python/3.10.13/lib/python3.10/site-packages/airflow/example_dags/example_dynamic_task_mapping.py for tasks to queue
[2024-06-24T16:16:50.339+0000] {logging_mixin.py:150} INFO - [2024-06-24T16:16:50.339+0000] {dagbag.py:541} INFO - Filling up the DagBag from /usr/local/python/3.10.13/lib/python3.10/site-packages/airflow/example_dags/example_dynamic_task_mapping.py
[2024-06-24T16:16:50.344+0000] {processor.py:836} INFO - DAG(s) dict_keys(['example_dynamic_task_mapping']) retrieved from /usr/local/python/3.10.13/lib/python3.10/site-packages/airflow/example_dags/example_dynamic_task_mapping.py
[2024-06-24T16:16:50.355+0000] {logging_mixin.py:150} INFO - [2024-06-24T16:16:50.355+0000] {dag.py:2742} INFO - Sync 1 DAGs
[2024-06-24T16:16:50.371+0000] {logging_mixin.py:150} INFO - [2024-06-24T16:16:50.371+0000] {dag.py:3504} INFO - Setting next_dagrun for example_dynamic_task_mapping to 2022-03-04T00:00:00+00:00, run_after=2022-03-05T00:00:00+00:00
[2024-06-24T16:16:50.415+0000] {processor.py:179} INFO - Processing /usr/local/python/3.10.13/lib/python3.10/site-packages/airflow/example_dags/example_dynamic_task_mapping.py took 0.080 seconds
[2024-06-24T16:17:35.706+0000] {processor.py:157} INFO - Started process (PID=23592) to work on /usr/local/python/3.10.13/lib/python3.10/site-packages/airflow/example_dags/example_dynamic_task_mapping.py
[2024-06-24T16:17:35.706+0000] {processor.py:826} INFO - Processing file /usr/local/python/3.10.13/lib/python3.10/site-packages/airflow/example_dags/example_dynamic_task_mapping.py for tasks to queue
[2024-06-24T16:17:35.707+0000] {logging_mixin.py:150} INFO - [2024-06-24T16:17:35.707+0000] {dagbag.py:541} INFO - Filling up the DagBag from /usr/local/python/3.10.13/lib/python3.10/site-packages/airflow/example_dags/example_dynamic_task_mapping.py
[2024-06-24T16:17:35.712+0000] {processor.py:836} INFO - DAG(s) dict_keys(['example_dynamic_task_mapping']) retrieved from /usr/local/python/3.10.13/lib/python3.10/site-packages/airflow/example_dags/example_dynamic_task_mapping.py
[2024-06-24T16:17:35.723+0000] {logging_mixin.py:150} INFO - [2024-06-24T16:17:35.722+0000] {dag.py:2742} INFO - Sync 1 DAGs
[2024-06-24T16:17:35.738+0000] {logging_mixin.py:150} INFO - [2024-06-24T16:17:35.737+0000] {dag.py:3504} INFO - Setting next_dagrun for example_dynamic_task_mapping to 2022-03-04T00:00:00+00:00, run_after=2022-03-05T00:00:00+00:00
[2024-06-24T16:17:35.779+0000] {processor.py:179} INFO - Processing /usr/local/python/3.10.13/lib/python3.10/site-packages/airflow/example_dags/example_dynamic_task_mapping.py took 0.076 seconds
[2024-06-24T16:18:22.160+0000] {processor.py:157} INFO - Started process (PID=23925) to work on /usr/local/python/3.10.13/lib/python3.10/site-packages/airflow/example_dags/example_dynamic_task_mapping.py
[2024-06-24T16:18:22.161+0000] {processor.py:826} INFO - Processing file /usr/local/python/3.10.13/lib/python3.10/site-packages/airflow/example_dags/example_dynamic_task_mapping.py for tasks to queue
[2024-06-24T16:18:22.162+0000] {logging_mixin.py:150} INFO - [2024-06-24T16:18:22.162+0000] {dagbag.py:541} INFO - Filling up the DagBag from /usr/local/python/3.10.13/lib/python3.10/site-packages/airflow/example_dags/example_dynamic_task_mapping.py
[2024-06-24T16:18:22.167+0000] {processor.py:836} INFO - DAG(s) dict_keys(['example_dynamic_task_mapping']) retrieved from /usr/local/python/3.10.13/lib/python3.10/site-packages/airflow/example_dags/example_dynamic_task_mapping.py
[2024-06-24T16:18:22.179+0000] {logging_mixin.py:150} INFO - [2024-06-24T16:18:22.178+0000] {dag.py:2742} INFO - Sync 1 DAGs
[2024-06-24T16:18:22.194+0000] {logging_mixin.py:150} INFO - [2024-06-24T16:18:22.194+0000] {dag.py:3504} INFO - Setting next_dagrun for example_dynamic_task_mapping to 2022-03-04T00:00:00+00:00, run_after=2022-03-05T00:00:00+00:00
[2024-06-24T16:18:22.234+0000] {processor.py:179} INFO - Processing /usr/local/python/3.10.13/lib/python3.10/site-packages/airflow/example_dags/example_dynamic_task_mapping.py took 0.076 seconds
[2024-06-24T16:19:07.042+0000] {processor.py:157} INFO - Started process (PID=24227) to work on /usr/local/python/3.10.13/lib/python3.10/site-packages/airflow/example_dags/example_dynamic_task_mapping.py
[2024-06-24T16:19:07.043+0000] {processor.py:826} INFO - Processing file /usr/local/python/3.10.13/lib/python3.10/site-packages/airflow/example_dags/example_dynamic_task_mapping.py for tasks to queue
[2024-06-24T16:19:07.044+0000] {logging_mixin.py:150} INFO - [2024-06-24T16:19:07.044+0000] {dagbag.py:541} INFO - Filling up the DagBag from /usr/local/python/3.10.13/lib/python3.10/site-packages/airflow/example_dags/example_dynamic_task_mapping.py
[2024-06-24T16:19:07.054+0000] {processor.py:836} INFO - DAG(s) dict_keys(['example_dynamic_task_mapping']) retrieved from /usr/local/python/3.10.13/lib/python3.10/site-packages/airflow/example_dags/example_dynamic_task_mapping.py
[2024-06-24T16:19:07.075+0000] {logging_mixin.py:150} INFO - [2024-06-24T16:19:07.075+0000] {dag.py:2742} INFO - Sync 1 DAGs
[2024-06-24T16:19:07.101+0000] {logging_mixin.py:150} INFO - [2024-06-24T16:19:07.101+0000] {dag.py:3504} INFO - Setting next_dagrun for example_dynamic_task_mapping to 2022-03-04T00:00:00+00:00, run_after=2022-03-05T00:00:00+00:00
[2024-06-24T16:19:07.148+0000] {processor.py:179} INFO - Processing /usr/local/python/3.10.13/lib/python3.10/site-packages/airflow/example_dags/example_dynamic_task_mapping.py took 0.112 seconds
[2024-06-24T16:19:55.218+0000] {processor.py:157} INFO - Started process (PID=24562) to work on /usr/local/python/3.10.13/lib/python3.10/site-packages/airflow/example_dags/example_dynamic_task_mapping.py
[2024-06-24T16:19:55.219+0000] {processor.py:826} INFO - Processing file /usr/local/python/3.10.13/lib/python3.10/site-packages/airflow/example_dags/example_dynamic_task_mapping.py for tasks to queue
[2024-06-24T16:19:55.220+0000] {logging_mixin.py:150} INFO - [2024-06-24T16:19:55.219+0000] {dagbag.py:541} INFO - Filling up the DagBag from /usr/local/python/3.10.13/lib/python3.10/site-packages/airflow/example_dags/example_dynamic_task_mapping.py
[2024-06-24T16:19:55.225+0000] {processor.py:836} INFO - DAG(s) dict_keys(['example_dynamic_task_mapping']) retrieved from /usr/local/python/3.10.13/lib/python3.10/site-packages/airflow/example_dags/example_dynamic_task_mapping.py
[2024-06-24T16:19:55.237+0000] {logging_mixin.py:150} INFO - [2024-06-24T16:19:55.237+0000] {dag.py:2742} INFO - Sync 1 DAGs
[2024-06-24T16:19:55.253+0000] {logging_mixin.py:150} INFO - [2024-06-24T16:19:55.252+0000] {dag.py:3504} INFO - Setting next_dagrun for example_dynamic_task_mapping to 2022-03-04T00:00:00+00:00, run_after=2022-03-05T00:00:00+00:00
[2024-06-24T16:19:55.301+0000] {processor.py:179} INFO - Processing /usr/local/python/3.10.13/lib/python3.10/site-packages/airflow/example_dags/example_dynamic_task_mapping.py took 0.085 seconds
[2024-06-24T16:20:39.622+0000] {processor.py:157} INFO - Started process (PID=24862) to work on /usr/local/python/3.10.13/lib/python3.10/site-packages/airflow/example_dags/example_dynamic_task_mapping.py
[2024-06-24T16:20:39.622+0000] {processor.py:826} INFO - Processing file /usr/local/python/3.10.13/lib/python3.10/site-packages/airflow/example_dags/example_dynamic_task_mapping.py for tasks to queue
[2024-06-24T16:20:39.623+0000] {logging_mixin.py:150} INFO - [2024-06-24T16:20:39.623+0000] {dagbag.py:541} INFO - Filling up the DagBag from /usr/local/python/3.10.13/lib/python3.10/site-packages/airflow/example_dags/example_dynamic_task_mapping.py
[2024-06-24T16:20:39.628+0000] {processor.py:836} INFO - DAG(s) dict_keys(['example_dynamic_task_mapping']) retrieved from /usr/local/python/3.10.13/lib/python3.10/site-packages/airflow/example_dags/example_dynamic_task_mapping.py
[2024-06-24T16:20:39.640+0000] {logging_mixin.py:150} INFO - [2024-06-24T16:20:39.640+0000] {dag.py:2742} INFO - Sync 1 DAGs
[2024-06-24T16:20:39.656+0000] {logging_mixin.py:150} INFO - [2024-06-24T16:20:39.655+0000] {dag.py:3504} INFO - Setting next_dagrun for example_dynamic_task_mapping to 2022-03-04T00:00:00+00:00, run_after=2022-03-05T00:00:00+00:00
[2024-06-24T16:20:39.706+0000] {processor.py:179} INFO - Processing /usr/local/python/3.10.13/lib/python3.10/site-packages/airflow/example_dags/example_dynamic_task_mapping.py took 0.086 seconds
[2024-06-24T16:21:28.714+0000] {processor.py:157} INFO - Started process (PID=25205) to work on /usr/local/python/3.10.13/lib/python3.10/site-packages/airflow/example_dags/example_dynamic_task_mapping.py
[2024-06-24T16:21:28.715+0000] {processor.py:826} INFO - Processing file /usr/local/python/3.10.13/lib/python3.10/site-packages/airflow/example_dags/example_dynamic_task_mapping.py for tasks to queue
[2024-06-24T16:21:28.716+0000] {logging_mixin.py:150} INFO - [2024-06-24T16:21:28.715+0000] {dagbag.py:541} INFO - Filling up the DagBag from /usr/local/python/3.10.13/lib/python3.10/site-packages/airflow/example_dags/example_dynamic_task_mapping.py
[2024-06-24T16:21:28.724+0000] {processor.py:836} INFO - DAG(s) dict_keys(['example_dynamic_task_mapping']) retrieved from /usr/local/python/3.10.13/lib/python3.10/site-packages/airflow/example_dags/example_dynamic_task_mapping.py
[2024-06-24T16:21:28.738+0000] {logging_mixin.py:150} INFO - [2024-06-24T16:21:28.738+0000] {dag.py:2742} INFO - Sync 1 DAGs
[2024-06-24T16:21:28.754+0000] {logging_mixin.py:150} INFO - [2024-06-24T16:21:28.754+0000] {dag.py:3504} INFO - Setting next_dagrun for example_dynamic_task_mapping to 2022-03-04T00:00:00+00:00, run_after=2022-03-05T00:00:00+00:00
[2024-06-24T16:21:28.793+0000] {processor.py:179} INFO - Processing /usr/local/python/3.10.13/lib/python3.10/site-packages/airflow/example_dags/example_dynamic_task_mapping.py took 0.082 seconds
[2024-06-24T16:22:17.948+0000] {processor.py:157} INFO - Started process (PID=25550) to work on /usr/local/python/3.10.13/lib/python3.10/site-packages/airflow/example_dags/example_dynamic_task_mapping.py
[2024-06-24T16:22:17.949+0000] {processor.py:826} INFO - Processing file /usr/local/python/3.10.13/lib/python3.10/site-packages/airflow/example_dags/example_dynamic_task_mapping.py for tasks to queue
[2024-06-24T16:22:17.950+0000] {logging_mixin.py:150} INFO - [2024-06-24T16:22:17.949+0000] {dagbag.py:541} INFO - Filling up the DagBag from /usr/local/python/3.10.13/lib/python3.10/site-packages/airflow/example_dags/example_dynamic_task_mapping.py
[2024-06-24T16:22:17.955+0000] {processor.py:836} INFO - DAG(s) dict_keys(['example_dynamic_task_mapping']) retrieved from /usr/local/python/3.10.13/lib/python3.10/site-packages/airflow/example_dags/example_dynamic_task_mapping.py
[2024-06-24T16:22:17.966+0000] {logging_mixin.py:150} INFO - [2024-06-24T16:22:17.965+0000] {dag.py:2742} INFO - Sync 1 DAGs
[2024-06-24T16:22:17.981+0000] {logging_mixin.py:150} INFO - [2024-06-24T16:22:17.981+0000] {dag.py:3504} INFO - Setting next_dagrun for example_dynamic_task_mapping to 2022-03-04T00:00:00+00:00, run_after=2022-03-05T00:00:00+00:00
[2024-06-24T16:22:18.032+0000] {processor.py:179} INFO - Processing /usr/local/python/3.10.13/lib/python3.10/site-packages/airflow/example_dags/example_dynamic_task_mapping.py took 0.087 seconds
[2024-06-24T16:23:04.950+0000] {processor.py:157} INFO - Started process (PID=25885) to work on /usr/local/python/3.10.13/lib/python3.10/site-packages/airflow/example_dags/example_dynamic_task_mapping.py
[2024-06-24T16:23:04.950+0000] {processor.py:826} INFO - Processing file /usr/local/python/3.10.13/lib/python3.10/site-packages/airflow/example_dags/example_dynamic_task_mapping.py for tasks to queue
[2024-06-24T16:23:04.951+0000] {logging_mixin.py:150} INFO - [2024-06-24T16:23:04.951+0000] {dagbag.py:541} INFO - Filling up the DagBag from /usr/local/python/3.10.13/lib/python3.10/site-packages/airflow/example_dags/example_dynamic_task_mapping.py
[2024-06-24T16:23:04.956+0000] {processor.py:836} INFO - DAG(s) dict_keys(['example_dynamic_task_mapping']) retrieved from /usr/local/python/3.10.13/lib/python3.10/site-packages/airflow/example_dags/example_dynamic_task_mapping.py
[2024-06-24T16:23:04.967+0000] {logging_mixin.py:150} INFO - [2024-06-24T16:23:04.967+0000] {dag.py:2742} INFO - Sync 1 DAGs
[2024-06-24T16:23:04.983+0000] {logging_mixin.py:150} INFO - [2024-06-24T16:23:04.983+0000] {dag.py:3504} INFO - Setting next_dagrun for example_dynamic_task_mapping to 2022-03-04T00:00:00+00:00, run_after=2022-03-05T00:00:00+00:00
[2024-06-24T16:23:05.029+0000] {processor.py:179} INFO - Processing /usr/local/python/3.10.13/lib/python3.10/site-packages/airflow/example_dags/example_dynamic_task_mapping.py took 0.082 seconds
[2024-06-24T16:23:47.055+0000] {processor.py:157} INFO - Started process (PID=26180) to work on /usr/local/python/3.10.13/lib/python3.10/site-packages/airflow/example_dags/example_dynamic_task_mapping.py
[2024-06-24T16:23:47.056+0000] {processor.py:826} INFO - Processing file /usr/local/python/3.10.13/lib/python3.10/site-packages/airflow/example_dags/example_dynamic_task_mapping.py for tasks to queue
[2024-06-24T16:23:47.056+0000] {logging_mixin.py:150} INFO - [2024-06-24T16:23:47.056+0000] {dagbag.py:541} INFO - Filling up the DagBag from /usr/local/python/3.10.13/lib/python3.10/site-packages/airflow/example_dags/example_dynamic_task_mapping.py
[2024-06-24T16:23:47.062+0000] {processor.py:836} INFO - DAG(s) dict_keys(['example_dynamic_task_mapping']) retrieved from /usr/local/python/3.10.13/lib/python3.10/site-packages/airflow/example_dags/example_dynamic_task_mapping.py
[2024-06-24T16:23:47.072+0000] {logging_mixin.py:150} INFO - [2024-06-24T16:23:47.072+0000] {dag.py:2742} INFO - Sync 1 DAGs
[2024-06-24T16:23:47.087+0000] {logging_mixin.py:150} INFO - [2024-06-24T16:23:47.087+0000] {dag.py:3504} INFO - Setting next_dagrun for example_dynamic_task_mapping to 2022-03-04T00:00:00+00:00, run_after=2022-03-05T00:00:00+00:00
[2024-06-24T16:23:47.128+0000] {processor.py:179} INFO - Processing /usr/local/python/3.10.13/lib/python3.10/site-packages/airflow/example_dags/example_dynamic_task_mapping.py took 0.075 seconds
[2024-06-24T16:24:31.363+0000] {processor.py:157} INFO - Started process (PID=26483) to work on /usr/local/python/3.10.13/lib/python3.10/site-packages/airflow/example_dags/example_dynamic_task_mapping.py
[2024-06-24T16:24:31.364+0000] {processor.py:826} INFO - Processing file /usr/local/python/3.10.13/lib/python3.10/site-packages/airflow/example_dags/example_dynamic_task_mapping.py for tasks to queue
[2024-06-24T16:24:31.364+0000] {logging_mixin.py:150} INFO - [2024-06-24T16:24:31.364+0000] {dagbag.py:541} INFO - Filling up the DagBag from /usr/local/python/3.10.13/lib/python3.10/site-packages/airflow/example_dags/example_dynamic_task_mapping.py
[2024-06-24T16:24:31.370+0000] {processor.py:836} INFO - DAG(s) dict_keys(['example_dynamic_task_mapping']) retrieved from /usr/local/python/3.10.13/lib/python3.10/site-packages/airflow/example_dags/example_dynamic_task_mapping.py
[2024-06-24T16:24:31.381+0000] {logging_mixin.py:150} INFO - [2024-06-24T16:24:31.381+0000] {dag.py:2742} INFO - Sync 1 DAGs
[2024-06-24T16:24:31.399+0000] {logging_mixin.py:150} INFO - [2024-06-24T16:24:31.399+0000] {dag.py:3504} INFO - Setting next_dagrun for example_dynamic_task_mapping to 2022-03-04T00:00:00+00:00, run_after=2022-03-05T00:00:00+00:00
[2024-06-24T16:24:31.443+0000] {processor.py:179} INFO - Processing /usr/local/python/3.10.13/lib/python3.10/site-packages/airflow/example_dags/example_dynamic_task_mapping.py took 0.082 seconds
[2024-06-24T16:25:24.587+0000] {processor.py:157} INFO - Started process (PID=26846) to work on /usr/local/python/3.10.13/lib/python3.10/site-packages/airflow/example_dags/example_dynamic_task_mapping.py
[2024-06-24T16:25:24.588+0000] {processor.py:826} INFO - Processing file /usr/local/python/3.10.13/lib/python3.10/site-packages/airflow/example_dags/example_dynamic_task_mapping.py for tasks to queue
[2024-06-24T16:25:24.588+0000] {logging_mixin.py:150} INFO - [2024-06-24T16:25:24.588+0000] {dagbag.py:541} INFO - Filling up the DagBag from /usr/local/python/3.10.13/lib/python3.10/site-packages/airflow/example_dags/example_dynamic_task_mapping.py
[2024-06-24T16:25:24.594+0000] {processor.py:836} INFO - DAG(s) dict_keys(['example_dynamic_task_mapping']) retrieved from /usr/local/python/3.10.13/lib/python3.10/site-packages/airflow/example_dags/example_dynamic_task_mapping.py
[2024-06-24T16:25:24.605+0000] {logging_mixin.py:150} INFO - [2024-06-24T16:25:24.605+0000] {dag.py:2742} INFO - Sync 1 DAGs
[2024-06-24T16:25:24.622+0000] {logging_mixin.py:150} INFO - [2024-06-24T16:25:24.622+0000] {dag.py:3504} INFO - Setting next_dagrun for example_dynamic_task_mapping to 2022-03-04T00:00:00+00:00, run_after=2022-03-05T00:00:00+00:00
[2024-06-24T16:25:24.660+0000] {processor.py:179} INFO - Processing /usr/local/python/3.10.13/lib/python3.10/site-packages/airflow/example_dags/example_dynamic_task_mapping.py took 0.076 seconds
[2024-06-24T16:26:10.693+0000] {processor.py:157} INFO - Started process (PID=27166) to work on /usr/local/python/3.10.13/lib/python3.10/site-packages/airflow/example_dags/example_dynamic_task_mapping.py
[2024-06-24T16:26:10.694+0000] {processor.py:826} INFO - Processing file /usr/local/python/3.10.13/lib/python3.10/site-packages/airflow/example_dags/example_dynamic_task_mapping.py for tasks to queue
[2024-06-24T16:26:10.694+0000] {logging_mixin.py:150} INFO - [2024-06-24T16:26:10.694+0000] {dagbag.py:541} INFO - Filling up the DagBag from /usr/local/python/3.10.13/lib/python3.10/site-packages/airflow/example_dags/example_dynamic_task_mapping.py
[2024-06-24T16:26:10.700+0000] {processor.py:836} INFO - DAG(s) dict_keys(['example_dynamic_task_mapping']) retrieved from /usr/local/python/3.10.13/lib/python3.10/site-packages/airflow/example_dags/example_dynamic_task_mapping.py
[2024-06-24T16:26:10.711+0000] {logging_mixin.py:150} INFO - [2024-06-24T16:26:10.711+0000] {dag.py:2742} INFO - Sync 1 DAGs
[2024-06-24T16:26:10.727+0000] {logging_mixin.py:150} INFO - [2024-06-24T16:26:10.727+0000] {dag.py:3504} INFO - Setting next_dagrun for example_dynamic_task_mapping to 2022-03-04T00:00:00+00:00, run_after=2022-03-05T00:00:00+00:00
[2024-06-24T16:26:10.773+0000] {processor.py:179} INFO - Processing /usr/local/python/3.10.13/lib/python3.10/site-packages/airflow/example_dags/example_dynamic_task_mapping.py took 0.083 seconds
[2024-06-24T16:26:55.656+0000] {processor.py:157} INFO - Started process (PID=27475) to work on /usr/local/python/3.10.13/lib/python3.10/site-packages/airflow/example_dags/example_dynamic_task_mapping.py
[2024-06-24T16:26:55.657+0000] {processor.py:826} INFO - Processing file /usr/local/python/3.10.13/lib/python3.10/site-packages/airflow/example_dags/example_dynamic_task_mapping.py for tasks to queue
[2024-06-24T16:26:55.657+0000] {logging_mixin.py:150} INFO - [2024-06-24T16:26:55.657+0000] {dagbag.py:541} INFO - Filling up the DagBag from /usr/local/python/3.10.13/lib/python3.10/site-packages/airflow/example_dags/example_dynamic_task_mapping.py
[2024-06-24T16:26:55.663+0000] {processor.py:836} INFO - DAG(s) dict_keys(['example_dynamic_task_mapping']) retrieved from /usr/local/python/3.10.13/lib/python3.10/site-packages/airflow/example_dags/example_dynamic_task_mapping.py
[2024-06-24T16:26:55.674+0000] {logging_mixin.py:150} INFO - [2024-06-24T16:26:55.674+0000] {dag.py:2742} INFO - Sync 1 DAGs
[2024-06-24T16:26:55.689+0000] {logging_mixin.py:150} INFO - [2024-06-24T16:26:55.688+0000] {dag.py:3504} INFO - Setting next_dagrun for example_dynamic_task_mapping to 2022-03-04T00:00:00+00:00, run_after=2022-03-05T00:00:00+00:00
[2024-06-24T16:26:55.725+0000] {processor.py:179} INFO - Processing /usr/local/python/3.10.13/lib/python3.10/site-packages/airflow/example_dags/example_dynamic_task_mapping.py took 0.071 seconds
[2024-06-24T16:27:40.914+0000] {processor.py:157} INFO - Started process (PID=27804) to work on /usr/local/python/3.10.13/lib/python3.10/site-packages/airflow/example_dags/example_dynamic_task_mapping.py
[2024-06-24T16:27:40.915+0000] {processor.py:826} INFO - Processing file /usr/local/python/3.10.13/lib/python3.10/site-packages/airflow/example_dags/example_dynamic_task_mapping.py for tasks to queue
[2024-06-24T16:27:40.915+0000] {logging_mixin.py:150} INFO - [2024-06-24T16:27:40.915+0000] {dagbag.py:541} INFO - Filling up the DagBag from /usr/local/python/3.10.13/lib/python3.10/site-packages/airflow/example_dags/example_dynamic_task_mapping.py
[2024-06-24T16:27:40.921+0000] {processor.py:836} INFO - DAG(s) dict_keys(['example_dynamic_task_mapping']) retrieved from /usr/local/python/3.10.13/lib/python3.10/site-packages/airflow/example_dags/example_dynamic_task_mapping.py
[2024-06-24T16:27:40.931+0000] {logging_mixin.py:150} INFO - [2024-06-24T16:27:40.931+0000] {dag.py:2742} INFO - Sync 1 DAGs
[2024-06-24T16:27:40.948+0000] {logging_mixin.py:150} INFO - [2024-06-24T16:27:40.948+0000] {dag.py:3504} INFO - Setting next_dagrun for example_dynamic_task_mapping to 2022-03-04T00:00:00+00:00, run_after=2022-03-05T00:00:00+00:00
[2024-06-24T16:27:40.986+0000] {processor.py:179} INFO - Processing /usr/local/python/3.10.13/lib/python3.10/site-packages/airflow/example_dags/example_dynamic_task_mapping.py took 0.074 seconds
[2024-06-24T16:28:24.825+0000] {processor.py:157} INFO - Started process (PID=28099) to work on /usr/local/python/3.10.13/lib/python3.10/site-packages/airflow/example_dags/example_dynamic_task_mapping.py
[2024-06-24T16:28:24.826+0000] {processor.py:826} INFO - Processing file /usr/local/python/3.10.13/lib/python3.10/site-packages/airflow/example_dags/example_dynamic_task_mapping.py for tasks to queue
[2024-06-24T16:28:24.827+0000] {logging_mixin.py:150} INFO - [2024-06-24T16:28:24.826+0000] {dagbag.py:541} INFO - Filling up the DagBag from /usr/local/python/3.10.13/lib/python3.10/site-packages/airflow/example_dags/example_dynamic_task_mapping.py
[2024-06-24T16:28:24.832+0000] {processor.py:836} INFO - DAG(s) dict_keys(['example_dynamic_task_mapping']) retrieved from /usr/local/python/3.10.13/lib/python3.10/site-packages/airflow/example_dags/example_dynamic_task_mapping.py
[2024-06-24T16:28:24.843+0000] {logging_mixin.py:150} INFO - [2024-06-24T16:28:24.843+0000] {dag.py:2742} INFO - Sync 1 DAGs
[2024-06-24T16:28:24.858+0000] {logging_mixin.py:150} INFO - [2024-06-24T16:28:24.858+0000] {dag.py:3504} INFO - Setting next_dagrun for example_dynamic_task_mapping to 2022-03-04T00:00:00+00:00, run_after=2022-03-05T00:00:00+00:00
[2024-06-24T16:28:24.902+0000] {processor.py:179} INFO - Processing /usr/local/python/3.10.13/lib/python3.10/site-packages/airflow/example_dags/example_dynamic_task_mapping.py took 0.079 seconds
[2024-06-24T16:29:12.798+0000] {processor.py:157} INFO - Started process (PID=28443) to work on /usr/local/python/3.10.13/lib/python3.10/site-packages/airflow/example_dags/example_dynamic_task_mapping.py
[2024-06-24T16:29:12.799+0000] {processor.py:826} INFO - Processing file /usr/local/python/3.10.13/lib/python3.10/site-packages/airflow/example_dags/example_dynamic_task_mapping.py for tasks to queue
[2024-06-24T16:29:12.800+0000] {logging_mixin.py:150} INFO - [2024-06-24T16:29:12.799+0000] {dagbag.py:541} INFO - Filling up the DagBag from /usr/local/python/3.10.13/lib/python3.10/site-packages/airflow/example_dags/example_dynamic_task_mapping.py
[2024-06-24T16:29:12.805+0000] {processor.py:836} INFO - DAG(s) dict_keys(['example_dynamic_task_mapping']) retrieved from /usr/local/python/3.10.13/lib/python3.10/site-packages/airflow/example_dags/example_dynamic_task_mapping.py
[2024-06-24T16:29:12.817+0000] {logging_mixin.py:150} INFO - [2024-06-24T16:29:12.817+0000] {dag.py:2742} INFO - Sync 1 DAGs
[2024-06-24T16:29:12.833+0000] {logging_mixin.py:150} INFO - [2024-06-24T16:29:12.833+0000] {dag.py:3504} INFO - Setting next_dagrun for example_dynamic_task_mapping to 2022-03-04T00:00:00+00:00, run_after=2022-03-05T00:00:00+00:00
[2024-06-24T16:29:12.873+0000] {processor.py:179} INFO - Processing /usr/local/python/3.10.13/lib/python3.10/site-packages/airflow/example_dags/example_dynamic_task_mapping.py took 0.077 seconds
[2024-06-24T16:29:59.222+0000] {processor.py:157} INFO - Started process (PID=28752) to work on /usr/local/python/3.10.13/lib/python3.10/site-packages/airflow/example_dags/example_dynamic_task_mapping.py
[2024-06-24T16:29:59.223+0000] {processor.py:826} INFO - Processing file /usr/local/python/3.10.13/lib/python3.10/site-packages/airflow/example_dags/example_dynamic_task_mapping.py for tasks to queue
[2024-06-24T16:29:59.223+0000] {logging_mixin.py:150} INFO - [2024-06-24T16:29:59.223+0000] {dagbag.py:541} INFO - Filling up the DagBag from /usr/local/python/3.10.13/lib/python3.10/site-packages/airflow/example_dags/example_dynamic_task_mapping.py
[2024-06-24T16:29:59.229+0000] {processor.py:836} INFO - DAG(s) dict_keys(['example_dynamic_task_mapping']) retrieved from /usr/local/python/3.10.13/lib/python3.10/site-packages/airflow/example_dags/example_dynamic_task_mapping.py
[2024-06-24T16:29:59.241+0000] {logging_mixin.py:150} INFO - [2024-06-24T16:29:59.240+0000] {dag.py:2742} INFO - Sync 1 DAGs
[2024-06-24T16:29:59.256+0000] {logging_mixin.py:150} INFO - [2024-06-24T16:29:59.256+0000] {dag.py:3504} INFO - Setting next_dagrun for example_dynamic_task_mapping to 2022-03-04T00:00:00+00:00, run_after=2022-03-05T00:00:00+00:00
[2024-06-24T16:29:59.297+0000] {processor.py:179} INFO - Processing /usr/local/python/3.10.13/lib/python3.10/site-packages/airflow/example_dags/example_dynamic_task_mapping.py took 0.077 seconds
[2024-06-24T16:30:43.950+0000] {processor.py:157} INFO - Started process (PID=29075) to work on /usr/local/python/3.10.13/lib/python3.10/site-packages/airflow/example_dags/example_dynamic_task_mapping.py
[2024-06-24T16:30:43.950+0000] {processor.py:826} INFO - Processing file /usr/local/python/3.10.13/lib/python3.10/site-packages/airflow/example_dags/example_dynamic_task_mapping.py for tasks to queue
[2024-06-24T16:30:43.951+0000] {logging_mixin.py:150} INFO - [2024-06-24T16:30:43.951+0000] {dagbag.py:541} INFO - Filling up the DagBag from /usr/local/python/3.10.13/lib/python3.10/site-packages/airflow/example_dags/example_dynamic_task_mapping.py
[2024-06-24T16:30:43.957+0000] {processor.py:836} INFO - DAG(s) dict_keys(['example_dynamic_task_mapping']) retrieved from /usr/local/python/3.10.13/lib/python3.10/site-packages/airflow/example_dags/example_dynamic_task_mapping.py
[2024-06-24T16:30:43.968+0000] {logging_mixin.py:150} INFO - [2024-06-24T16:30:43.968+0000] {dag.py:2742} INFO - Sync 1 DAGs
[2024-06-24T16:30:43.986+0000] {logging_mixin.py:150} INFO - [2024-06-24T16:30:43.986+0000] {dag.py:3504} INFO - Setting next_dagrun for example_dynamic_task_mapping to 2022-03-04T00:00:00+00:00, run_after=2022-03-05T00:00:00+00:00
[2024-06-24T16:30:44.026+0000] {processor.py:179} INFO - Processing /usr/local/python/3.10.13/lib/python3.10/site-packages/airflow/example_dags/example_dynamic_task_mapping.py took 0.079 seconds
[2024-06-24T17:08:06.896+0000] {processor.py:157} INFO - Started process (PID=9517) to work on /usr/local/python/3.10.13/lib/python3.10/site-packages/airflow/example_dags/example_dynamic_task_mapping.py
[2024-06-24T17:08:06.901+0000] {processor.py:826} INFO - Processing file /usr/local/python/3.10.13/lib/python3.10/site-packages/airflow/example_dags/example_dynamic_task_mapping.py for tasks to queue
[2024-06-24T17:08:06.902+0000] {logging_mixin.py:150} INFO - [2024-06-24T17:08:06.901+0000] {dagbag.py:541} INFO - Filling up the DagBag from /usr/local/python/3.10.13/lib/python3.10/site-packages/airflow/example_dags/example_dynamic_task_mapping.py
[2024-06-24T17:08:06.907+0000] {processor.py:836} INFO - DAG(s) dict_keys(['example_dynamic_task_mapping']) retrieved from /usr/local/python/3.10.13/lib/python3.10/site-packages/airflow/example_dags/example_dynamic_task_mapping.py
[2024-06-24T17:08:06.919+0000] {logging_mixin.py:150} INFO - [2024-06-24T17:08:06.918+0000] {dag.py:2742} INFO - Sync 1 DAGs
[2024-06-24T17:08:06.934+0000] {logging_mixin.py:150} INFO - [2024-06-24T17:08:06.934+0000] {dag.py:3504} INFO - Setting next_dagrun for example_dynamic_task_mapping to 2022-03-04T00:00:00+00:00, run_after=2022-03-05T00:00:00+00:00
[2024-06-24T17:08:06.985+0000] {processor.py:179} INFO - Processing /usr/local/python/3.10.13/lib/python3.10/site-packages/airflow/example_dags/example_dynamic_task_mapping.py took 0.091 seconds
[2024-06-24T17:08:54.694+0000] {processor.py:157} INFO - Started process (PID=9853) to work on /usr/local/python/3.10.13/lib/python3.10/site-packages/airflow/example_dags/example_dynamic_task_mapping.py
[2024-06-24T17:08:54.695+0000] {processor.py:826} INFO - Processing file /usr/local/python/3.10.13/lib/python3.10/site-packages/airflow/example_dags/example_dynamic_task_mapping.py for tasks to queue
[2024-06-24T17:08:54.696+0000] {logging_mixin.py:150} INFO - [2024-06-24T17:08:54.695+0000] {dagbag.py:541} INFO - Filling up the DagBag from /usr/local/python/3.10.13/lib/python3.10/site-packages/airflow/example_dags/example_dynamic_task_mapping.py
[2024-06-24T17:08:54.701+0000] {processor.py:836} INFO - DAG(s) dict_keys(['example_dynamic_task_mapping']) retrieved from /usr/local/python/3.10.13/lib/python3.10/site-packages/airflow/example_dags/example_dynamic_task_mapping.py
[2024-06-24T17:08:54.712+0000] {logging_mixin.py:150} INFO - [2024-06-24T17:08:54.712+0000] {dag.py:2742} INFO - Sync 1 DAGs
[2024-06-24T17:08:54.726+0000] {logging_mixin.py:150} INFO - [2024-06-24T17:08:54.726+0000] {dag.py:3504} INFO - Setting next_dagrun for example_dynamic_task_mapping to 2022-03-04T00:00:00+00:00, run_after=2022-03-05T00:00:00+00:00
[2024-06-24T17:08:54.765+0000] {processor.py:179} INFO - Processing /usr/local/python/3.10.13/lib/python3.10/site-packages/airflow/example_dags/example_dynamic_task_mapping.py took 0.073 seconds
[2024-06-24T17:09:46.653+0000] {processor.py:157} INFO - Started process (PID=10221) to work on /usr/local/python/3.10.13/lib/python3.10/site-packages/airflow/example_dags/example_dynamic_task_mapping.py
[2024-06-24T17:09:46.654+0000] {processor.py:826} INFO - Processing file /usr/local/python/3.10.13/lib/python3.10/site-packages/airflow/example_dags/example_dynamic_task_mapping.py for tasks to queue
[2024-06-24T17:09:46.654+0000] {logging_mixin.py:150} INFO - [2024-06-24T17:09:46.654+0000] {dagbag.py:541} INFO - Filling up the DagBag from /usr/local/python/3.10.13/lib/python3.10/site-packages/airflow/example_dags/example_dynamic_task_mapping.py
[2024-06-24T17:09:46.660+0000] {processor.py:836} INFO - DAG(s) dict_keys(['example_dynamic_task_mapping']) retrieved from /usr/local/python/3.10.13/lib/python3.10/site-packages/airflow/example_dags/example_dynamic_task_mapping.py
[2024-06-24T17:09:46.671+0000] {logging_mixin.py:150} INFO - [2024-06-24T17:09:46.671+0000] {dag.py:2742} INFO - Sync 1 DAGs
[2024-06-24T17:09:46.686+0000] {logging_mixin.py:150} INFO - [2024-06-24T17:09:46.686+0000] {dag.py:3504} INFO - Setting next_dagrun for example_dynamic_task_mapping to 2022-03-04T00:00:00+00:00, run_after=2022-03-05T00:00:00+00:00
[2024-06-24T17:09:46.723+0000] {processor.py:179} INFO - Processing /usr/local/python/3.10.13/lib/python3.10/site-packages/airflow/example_dags/example_dynamic_task_mapping.py took 0.072 seconds
[2024-06-24T17:10:38.069+0000] {processor.py:157} INFO - Started process (PID=10583) to work on /usr/local/python/3.10.13/lib/python3.10/site-packages/airflow/example_dags/example_dynamic_task_mapping.py
[2024-06-24T17:10:38.070+0000] {processor.py:826} INFO - Processing file /usr/local/python/3.10.13/lib/python3.10/site-packages/airflow/example_dags/example_dynamic_task_mapping.py for tasks to queue
[2024-06-24T17:10:38.071+0000] {logging_mixin.py:150} INFO - [2024-06-24T17:10:38.071+0000] {dagbag.py:541} INFO - Filling up the DagBag from /usr/local/python/3.10.13/lib/python3.10/site-packages/airflow/example_dags/example_dynamic_task_mapping.py
[2024-06-24T17:10:38.076+0000] {processor.py:836} INFO - DAG(s) dict_keys(['example_dynamic_task_mapping']) retrieved from /usr/local/python/3.10.13/lib/python3.10/site-packages/airflow/example_dags/example_dynamic_task_mapping.py
[2024-06-24T17:10:38.088+0000] {logging_mixin.py:150} INFO - [2024-06-24T17:10:38.088+0000] {dag.py:2742} INFO - Sync 1 DAGs
[2024-06-24T17:10:38.103+0000] {logging_mixin.py:150} INFO - [2024-06-24T17:10:38.103+0000] {dag.py:3504} INFO - Setting next_dagrun for example_dynamic_task_mapping to 2022-03-04T00:00:00+00:00, run_after=2022-03-05T00:00:00+00:00
[2024-06-24T17:10:38.152+0000] {processor.py:179} INFO - Processing /usr/local/python/3.10.13/lib/python3.10/site-packages/airflow/example_dags/example_dynamic_task_mapping.py took 0.084 seconds
[2024-06-24T17:11:29.579+0000] {processor.py:157} INFO - Started process (PID=10981) to work on /usr/local/python/3.10.13/lib/python3.10/site-packages/airflow/example_dags/example_dynamic_task_mapping.py
[2024-06-24T17:11:29.580+0000] {processor.py:826} INFO - Processing file /usr/local/python/3.10.13/lib/python3.10/site-packages/airflow/example_dags/example_dynamic_task_mapping.py for tasks to queue
[2024-06-24T17:11:29.581+0000] {logging_mixin.py:150} INFO - [2024-06-24T17:11:29.581+0000] {dagbag.py:541} INFO - Filling up the DagBag from /usr/local/python/3.10.13/lib/python3.10/site-packages/airflow/example_dags/example_dynamic_task_mapping.py
[2024-06-24T17:11:29.586+0000] {processor.py:836} INFO - DAG(s) dict_keys(['example_dynamic_task_mapping']) retrieved from /usr/local/python/3.10.13/lib/python3.10/site-packages/airflow/example_dags/example_dynamic_task_mapping.py
[2024-06-24T17:11:29.597+0000] {logging_mixin.py:150} INFO - [2024-06-24T17:11:29.597+0000] {dag.py:2742} INFO - Sync 1 DAGs
[2024-06-24T17:11:29.612+0000] {logging_mixin.py:150} INFO - [2024-06-24T17:11:29.612+0000] {dag.py:3504} INFO - Setting next_dagrun for example_dynamic_task_mapping to 2022-03-04T00:00:00+00:00, run_after=2022-03-05T00:00:00+00:00
[2024-06-24T17:11:29.652+0000] {processor.py:179} INFO - Processing /usr/local/python/3.10.13/lib/python3.10/site-packages/airflow/example_dags/example_dynamic_task_mapping.py took 0.075 seconds
[2024-06-24T17:12:23.913+0000] {processor.py:157} INFO - Started process (PID=11382) to work on /usr/local/python/3.10.13/lib/python3.10/site-packages/airflow/example_dags/example_dynamic_task_mapping.py
[2024-06-24T17:12:23.914+0000] {processor.py:826} INFO - Processing file /usr/local/python/3.10.13/lib/python3.10/site-packages/airflow/example_dags/example_dynamic_task_mapping.py for tasks to queue
[2024-06-24T17:12:23.915+0000] {logging_mixin.py:150} INFO - [2024-06-24T17:12:23.914+0000] {dagbag.py:541} INFO - Filling up the DagBag from /usr/local/python/3.10.13/lib/python3.10/site-packages/airflow/example_dags/example_dynamic_task_mapping.py
[2024-06-24T17:12:23.920+0000] {processor.py:836} INFO - DAG(s) dict_keys(['example_dynamic_task_mapping']) retrieved from /usr/local/python/3.10.13/lib/python3.10/site-packages/airflow/example_dags/example_dynamic_task_mapping.py
[2024-06-24T17:12:23.930+0000] {logging_mixin.py:150} INFO - [2024-06-24T17:12:23.930+0000] {dag.py:2742} INFO - Sync 1 DAGs
[2024-06-24T17:12:23.946+0000] {logging_mixin.py:150} INFO - [2024-06-24T17:12:23.946+0000] {dag.py:3504} INFO - Setting next_dagrun for example_dynamic_task_mapping to 2022-03-04T00:00:00+00:00, run_after=2022-03-05T00:00:00+00:00
[2024-06-24T17:12:23.986+0000] {processor.py:179} INFO - Processing /usr/local/python/3.10.13/lib/python3.10/site-packages/airflow/example_dags/example_dynamic_task_mapping.py took 0.074 seconds
[2024-06-24T17:13:11.585+0000] {processor.py:157} INFO - Started process (PID=11760) to work on /usr/local/python/3.10.13/lib/python3.10/site-packages/airflow/example_dags/example_dynamic_task_mapping.py
[2024-06-24T17:13:11.586+0000] {processor.py:826} INFO - Processing file /usr/local/python/3.10.13/lib/python3.10/site-packages/airflow/example_dags/example_dynamic_task_mapping.py for tasks to queue
[2024-06-24T17:13:11.586+0000] {logging_mixin.py:150} INFO - [2024-06-24T17:13:11.586+0000] {dagbag.py:541} INFO - Filling up the DagBag from /usr/local/python/3.10.13/lib/python3.10/site-packages/airflow/example_dags/example_dynamic_task_mapping.py
[2024-06-24T17:13:11.592+0000] {processor.py:836} INFO - DAG(s) dict_keys(['example_dynamic_task_mapping']) retrieved from /usr/local/python/3.10.13/lib/python3.10/site-packages/airflow/example_dags/example_dynamic_task_mapping.py
[2024-06-24T17:13:11.602+0000] {logging_mixin.py:150} INFO - [2024-06-24T17:13:11.602+0000] {dag.py:2742} INFO - Sync 1 DAGs
[2024-06-24T17:13:11.617+0000] {logging_mixin.py:150} INFO - [2024-06-24T17:13:11.617+0000] {dag.py:3504} INFO - Setting next_dagrun for example_dynamic_task_mapping to 2022-03-04T00:00:00+00:00, run_after=2022-03-05T00:00:00+00:00
[2024-06-24T17:13:11.665+0000] {processor.py:179} INFO - Processing /usr/local/python/3.10.13/lib/python3.10/site-packages/airflow/example_dags/example_dynamic_task_mapping.py took 0.083 seconds
[2024-06-24T17:13:55.549+0000] {processor.py:157} INFO - Started process (PID=12095) to work on /usr/local/python/3.10.13/lib/python3.10/site-packages/airflow/example_dags/example_dynamic_task_mapping.py
[2024-06-24T17:13:55.550+0000] {processor.py:826} INFO - Processing file /usr/local/python/3.10.13/lib/python3.10/site-packages/airflow/example_dags/example_dynamic_task_mapping.py for tasks to queue
[2024-06-24T17:13:55.551+0000] {logging_mixin.py:150} INFO - [2024-06-24T17:13:55.550+0000] {dagbag.py:541} INFO - Filling up the DagBag from /usr/local/python/3.10.13/lib/python3.10/site-packages/airflow/example_dags/example_dynamic_task_mapping.py
[2024-06-24T17:13:55.556+0000] {processor.py:836} INFO - DAG(s) dict_keys(['example_dynamic_task_mapping']) retrieved from /usr/local/python/3.10.13/lib/python3.10/site-packages/airflow/example_dags/example_dynamic_task_mapping.py
[2024-06-24T17:13:55.570+0000] {logging_mixin.py:150} INFO - [2024-06-24T17:13:55.569+0000] {dag.py:2742} INFO - Sync 1 DAGs
[2024-06-24T17:13:55.585+0000] {logging_mixin.py:150} INFO - [2024-06-24T17:13:55.584+0000] {dag.py:3504} INFO - Setting next_dagrun for example_dynamic_task_mapping to 2022-03-04T00:00:00+00:00, run_after=2022-03-05T00:00:00+00:00
[2024-06-24T17:13:55.625+0000] {processor.py:179} INFO - Processing /usr/local/python/3.10.13/lib/python3.10/site-packages/airflow/example_dags/example_dynamic_task_mapping.py took 0.078 seconds
[2024-06-24T17:14:41.022+0000] {processor.py:157} INFO - Started process (PID=12461) to work on /usr/local/python/3.10.13/lib/python3.10/site-packages/airflow/example_dags/example_dynamic_task_mapping.py
[2024-06-24T17:14:41.022+0000] {processor.py:826} INFO - Processing file /usr/local/python/3.10.13/lib/python3.10/site-packages/airflow/example_dags/example_dynamic_task_mapping.py for tasks to queue
[2024-06-24T17:14:41.023+0000] {logging_mixin.py:150} INFO - [2024-06-24T17:14:41.023+0000] {dagbag.py:541} INFO - Filling up the DagBag from /usr/local/python/3.10.13/lib/python3.10/site-packages/airflow/example_dags/example_dynamic_task_mapping.py
[2024-06-24T17:14:41.029+0000] {processor.py:836} INFO - DAG(s) dict_keys(['example_dynamic_task_mapping']) retrieved from /usr/local/python/3.10.13/lib/python3.10/site-packages/airflow/example_dags/example_dynamic_task_mapping.py
[2024-06-24T17:14:41.041+0000] {logging_mixin.py:150} INFO - [2024-06-24T17:14:41.041+0000] {dag.py:2742} INFO - Sync 1 DAGs
[2024-06-24T17:14:41.057+0000] {logging_mixin.py:150} INFO - [2024-06-24T17:14:41.057+0000] {dag.py:3504} INFO - Setting next_dagrun for example_dynamic_task_mapping to 2022-03-04T00:00:00+00:00, run_after=2022-03-05T00:00:00+00:00
[2024-06-24T17:14:41.105+0000] {processor.py:179} INFO - Processing /usr/local/python/3.10.13/lib/python3.10/site-packages/airflow/example_dags/example_dynamic_task_mapping.py took 0.085 seconds
[2024-06-24T17:15:30.842+0000] {processor.py:157} INFO - Started process (PID=12839) to work on /usr/local/python/3.10.13/lib/python3.10/site-packages/airflow/example_dags/example_dynamic_task_mapping.py
[2024-06-24T17:15:30.843+0000] {processor.py:826} INFO - Processing file /usr/local/python/3.10.13/lib/python3.10/site-packages/airflow/example_dags/example_dynamic_task_mapping.py for tasks to queue
[2024-06-24T17:15:30.844+0000] {logging_mixin.py:150} INFO - [2024-06-24T17:15:30.844+0000] {dagbag.py:541} INFO - Filling up the DagBag from /usr/local/python/3.10.13/lib/python3.10/site-packages/airflow/example_dags/example_dynamic_task_mapping.py
[2024-06-24T17:15:30.849+0000] {processor.py:836} INFO - DAG(s) dict_keys(['example_dynamic_task_mapping']) retrieved from /usr/local/python/3.10.13/lib/python3.10/site-packages/airflow/example_dags/example_dynamic_task_mapping.py
[2024-06-24T17:15:30.860+0000] {logging_mixin.py:150} INFO - [2024-06-24T17:15:30.860+0000] {dag.py:2742} INFO - Sync 1 DAGs
[2024-06-24T17:15:30.875+0000] {logging_mixin.py:150} INFO - [2024-06-24T17:15:30.875+0000] {dag.py:3504} INFO - Setting next_dagrun for example_dynamic_task_mapping to 2022-03-04T00:00:00+00:00, run_after=2022-03-05T00:00:00+00:00
[2024-06-24T17:15:30.926+0000] {processor.py:179} INFO - Processing /usr/local/python/3.10.13/lib/python3.10/site-packages/airflow/example_dags/example_dynamic_task_mapping.py took 0.086 seconds
[2024-06-24T17:16:19.488+0000] {processor.py:157} INFO - Started process (PID=13184) to work on /usr/local/python/3.10.13/lib/python3.10/site-packages/airflow/example_dags/example_dynamic_task_mapping.py
[2024-06-24T17:16:19.489+0000] {processor.py:826} INFO - Processing file /usr/local/python/3.10.13/lib/python3.10/site-packages/airflow/example_dags/example_dynamic_task_mapping.py for tasks to queue
[2024-06-24T17:16:19.489+0000] {logging_mixin.py:150} INFO - [2024-06-24T17:16:19.489+0000] {dagbag.py:541} INFO - Filling up the DagBag from /usr/local/python/3.10.13/lib/python3.10/site-packages/airflow/example_dags/example_dynamic_task_mapping.py
[2024-06-24T17:16:19.494+0000] {processor.py:836} INFO - DAG(s) dict_keys(['example_dynamic_task_mapping']) retrieved from /usr/local/python/3.10.13/lib/python3.10/site-packages/airflow/example_dags/example_dynamic_task_mapping.py
[2024-06-24T17:16:19.505+0000] {logging_mixin.py:150} INFO - [2024-06-24T17:16:19.505+0000] {dag.py:2742} INFO - Sync 1 DAGs
[2024-06-24T17:16:19.520+0000] {logging_mixin.py:150} INFO - [2024-06-24T17:16:19.520+0000] {dag.py:3504} INFO - Setting next_dagrun for example_dynamic_task_mapping to 2022-03-04T00:00:00+00:00, run_after=2022-03-05T00:00:00+00:00
[2024-06-24T17:16:19.559+0000] {processor.py:179} INFO - Processing /usr/local/python/3.10.13/lib/python3.10/site-packages/airflow/example_dags/example_dynamic_task_mapping.py took 0.073 seconds
[2024-06-24T17:17:09.414+0000] {processor.py:157} INFO - Started process (PID=13573) to work on /usr/local/python/3.10.13/lib/python3.10/site-packages/airflow/example_dags/example_dynamic_task_mapping.py
[2024-06-24T17:17:09.415+0000] {processor.py:826} INFO - Processing file /usr/local/python/3.10.13/lib/python3.10/site-packages/airflow/example_dags/example_dynamic_task_mapping.py for tasks to queue
[2024-06-24T17:17:09.415+0000] {logging_mixin.py:150} INFO - [2024-06-24T17:17:09.415+0000] {dagbag.py:541} INFO - Filling up the DagBag from /usr/local/python/3.10.13/lib/python3.10/site-packages/airflow/example_dags/example_dynamic_task_mapping.py
[2024-06-24T17:17:09.421+0000] {processor.py:836} INFO - DAG(s) dict_keys(['example_dynamic_task_mapping']) retrieved from /usr/local/python/3.10.13/lib/python3.10/site-packages/airflow/example_dags/example_dynamic_task_mapping.py
[2024-06-24T17:17:09.433+0000] {logging_mixin.py:150} INFO - [2024-06-24T17:17:09.433+0000] {dag.py:2742} INFO - Sync 1 DAGs
[2024-06-24T17:17:09.449+0000] {logging_mixin.py:150} INFO - [2024-06-24T17:17:09.449+0000] {dag.py:3504} INFO - Setting next_dagrun for example_dynamic_task_mapping to 2022-03-04T00:00:00+00:00, run_after=2022-03-05T00:00:00+00:00
[2024-06-24T17:17:09.496+0000] {processor.py:179} INFO - Processing /usr/local/python/3.10.13/lib/python3.10/site-packages/airflow/example_dags/example_dynamic_task_mapping.py took 0.085 seconds
[2024-06-24T17:17:50.363+0000] {processor.py:157} INFO - Started process (PID=13849) to work on /usr/local/python/3.10.13/lib/python3.10/site-packages/airflow/example_dags/example_dynamic_task_mapping.py
[2024-06-24T17:17:50.363+0000] {processor.py:826} INFO - Processing file /usr/local/python/3.10.13/lib/python3.10/site-packages/airflow/example_dags/example_dynamic_task_mapping.py for tasks to queue
[2024-06-24T17:17:50.364+0000] {logging_mixin.py:150} INFO - [2024-06-24T17:17:50.364+0000] {dagbag.py:541} INFO - Filling up the DagBag from /usr/local/python/3.10.13/lib/python3.10/site-packages/airflow/example_dags/example_dynamic_task_mapping.py
[2024-06-24T17:17:50.369+0000] {processor.py:836} INFO - DAG(s) dict_keys(['example_dynamic_task_mapping']) retrieved from /usr/local/python/3.10.13/lib/python3.10/site-packages/airflow/example_dags/example_dynamic_task_mapping.py
[2024-06-24T17:17:50.380+0000] {logging_mixin.py:150} INFO - [2024-06-24T17:17:50.380+0000] {dag.py:2742} INFO - Sync 1 DAGs
[2024-06-24T17:17:50.395+0000] {logging_mixin.py:150} INFO - [2024-06-24T17:17:50.395+0000] {dag.py:3504} INFO - Setting next_dagrun for example_dynamic_task_mapping to 2022-03-04T00:00:00+00:00, run_after=2022-03-05T00:00:00+00:00
[2024-06-24T17:17:50.437+0000] {processor.py:179} INFO - Processing /usr/local/python/3.10.13/lib/python3.10/site-packages/airflow/example_dags/example_dynamic_task_mapping.py took 0.077 seconds
[2024-06-24T17:18:41.625+0000] {processor.py:157} INFO - Started process (PID=14218) to work on /usr/local/python/3.10.13/lib/python3.10/site-packages/airflow/example_dags/example_dynamic_task_mapping.py
[2024-06-24T17:18:41.626+0000] {processor.py:826} INFO - Processing file /usr/local/python/3.10.13/lib/python3.10/site-packages/airflow/example_dags/example_dynamic_task_mapping.py for tasks to queue
[2024-06-24T17:18:41.627+0000] {logging_mixin.py:150} INFO - [2024-06-24T17:18:41.627+0000] {dagbag.py:541} INFO - Filling up the DagBag from /usr/local/python/3.10.13/lib/python3.10/site-packages/airflow/example_dags/example_dynamic_task_mapping.py
[2024-06-24T17:18:41.633+0000] {processor.py:836} INFO - DAG(s) dict_keys(['example_dynamic_task_mapping']) retrieved from /usr/local/python/3.10.13/lib/python3.10/site-packages/airflow/example_dags/example_dynamic_task_mapping.py
[2024-06-24T17:18:41.644+0000] {logging_mixin.py:150} INFO - [2024-06-24T17:18:41.644+0000] {dag.py:2742} INFO - Sync 1 DAGs
[2024-06-24T17:18:41.659+0000] {logging_mixin.py:150} INFO - [2024-06-24T17:18:41.659+0000] {dag.py:3504} INFO - Setting next_dagrun for example_dynamic_task_mapping to 2022-03-04T00:00:00+00:00, run_after=2022-03-05T00:00:00+00:00
[2024-06-24T17:18:41.699+0000] {processor.py:179} INFO - Processing /usr/local/python/3.10.13/lib/python3.10/site-packages/airflow/example_dags/example_dynamic_task_mapping.py took 0.076 seconds
[2024-06-24T17:19:35.445+0000] {processor.py:157} INFO - Started process (PID=14654) to work on /usr/local/python/3.10.13/lib/python3.10/site-packages/airflow/example_dags/example_dynamic_task_mapping.py
[2024-06-24T17:19:35.446+0000] {processor.py:826} INFO - Processing file /usr/local/python/3.10.13/lib/python3.10/site-packages/airflow/example_dags/example_dynamic_task_mapping.py for tasks to queue
[2024-06-24T17:19:35.447+0000] {logging_mixin.py:150} INFO - [2024-06-24T17:19:35.447+0000] {dagbag.py:541} INFO - Filling up the DagBag from /usr/local/python/3.10.13/lib/python3.10/site-packages/airflow/example_dags/example_dynamic_task_mapping.py
[2024-06-24T17:19:35.453+0000] {processor.py:836} INFO - DAG(s) dict_keys(['example_dynamic_task_mapping']) retrieved from /usr/local/python/3.10.13/lib/python3.10/site-packages/airflow/example_dags/example_dynamic_task_mapping.py
[2024-06-24T17:19:35.466+0000] {logging_mixin.py:150} INFO - [2024-06-24T17:19:35.466+0000] {dag.py:2742} INFO - Sync 1 DAGs
[2024-06-24T17:19:35.482+0000] {logging_mixin.py:150} INFO - [2024-06-24T17:19:35.482+0000] {dag.py:3504} INFO - Setting next_dagrun for example_dynamic_task_mapping to 2022-03-04T00:00:00+00:00, run_after=2022-03-05T00:00:00+00:00
[2024-06-24T17:19:35.525+0000] {processor.py:179} INFO - Processing /usr/local/python/3.10.13/lib/python3.10/site-packages/airflow/example_dags/example_dynamic_task_mapping.py took 0.082 seconds
[2024-06-24T17:20:35.206+0000] {processor.py:157} INFO - Started process (PID=15063) to work on /usr/local/python/3.10.13/lib/python3.10/site-packages/airflow/example_dags/example_dynamic_task_mapping.py
[2024-06-24T17:20:35.207+0000] {processor.py:826} INFO - Processing file /usr/local/python/3.10.13/lib/python3.10/site-packages/airflow/example_dags/example_dynamic_task_mapping.py for tasks to queue
[2024-06-24T17:20:35.208+0000] {logging_mixin.py:150} INFO - [2024-06-24T17:20:35.208+0000] {dagbag.py:541} INFO - Filling up the DagBag from /usr/local/python/3.10.13/lib/python3.10/site-packages/airflow/example_dags/example_dynamic_task_mapping.py
[2024-06-24T17:20:35.216+0000] {processor.py:836} INFO - DAG(s) dict_keys(['example_dynamic_task_mapping']) retrieved from /usr/local/python/3.10.13/lib/python3.10/site-packages/airflow/example_dags/example_dynamic_task_mapping.py
[2024-06-24T17:20:35.235+0000] {logging_mixin.py:150} INFO - [2024-06-24T17:20:35.235+0000] {dag.py:2742} INFO - Sync 1 DAGs
[2024-06-24T17:20:35.255+0000] {logging_mixin.py:150} INFO - [2024-06-24T17:20:35.255+0000] {dag.py:3504} INFO - Setting next_dagrun for example_dynamic_task_mapping to 2022-03-04T00:00:00+00:00, run_after=2022-03-05T00:00:00+00:00
[2024-06-24T17:20:35.299+0000] {processor.py:179} INFO - Processing /usr/local/python/3.10.13/lib/python3.10/site-packages/airflow/example_dags/example_dynamic_task_mapping.py took 0.096 seconds
[2024-06-24T17:21:31.233+0000] {processor.py:157} INFO - Started process (PID=15451) to work on /usr/local/python/3.10.13/lib/python3.10/site-packages/airflow/example_dags/example_dynamic_task_mapping.py
[2024-06-24T17:21:31.234+0000] {processor.py:826} INFO - Processing file /usr/local/python/3.10.13/lib/python3.10/site-packages/airflow/example_dags/example_dynamic_task_mapping.py for tasks to queue
[2024-06-24T17:21:31.234+0000] {logging_mixin.py:150} INFO - [2024-06-24T17:21:31.234+0000] {dagbag.py:541} INFO - Filling up the DagBag from /usr/local/python/3.10.13/lib/python3.10/site-packages/airflow/example_dags/example_dynamic_task_mapping.py
[2024-06-24T17:21:31.240+0000] {processor.py:836} INFO - DAG(s) dict_keys(['example_dynamic_task_mapping']) retrieved from /usr/local/python/3.10.13/lib/python3.10/site-packages/airflow/example_dags/example_dynamic_task_mapping.py
[2024-06-24T17:21:31.250+0000] {logging_mixin.py:150} INFO - [2024-06-24T17:21:31.250+0000] {dag.py:2742} INFO - Sync 1 DAGs
[2024-06-24T17:21:31.265+0000] {logging_mixin.py:150} INFO - [2024-06-24T17:21:31.265+0000] {dag.py:3504} INFO - Setting next_dagrun for example_dynamic_task_mapping to 2022-03-04T00:00:00+00:00, run_after=2022-03-05T00:00:00+00:00
[2024-06-24T17:21:31.309+0000] {processor.py:179} INFO - Processing /usr/local/python/3.10.13/lib/python3.10/site-packages/airflow/example_dags/example_dynamic_task_mapping.py took 0.078 seconds
[2024-06-24T17:22:19.872+0000] {processor.py:157} INFO - Started process (PID=15799) to work on /usr/local/python/3.10.13/lib/python3.10/site-packages/airflow/example_dags/example_dynamic_task_mapping.py
[2024-06-24T17:22:19.872+0000] {processor.py:826} INFO - Processing file /usr/local/python/3.10.13/lib/python3.10/site-packages/airflow/example_dags/example_dynamic_task_mapping.py for tasks to queue
[2024-06-24T17:22:19.873+0000] {logging_mixin.py:150} INFO - [2024-06-24T17:22:19.873+0000] {dagbag.py:541} INFO - Filling up the DagBag from /usr/local/python/3.10.13/lib/python3.10/site-packages/airflow/example_dags/example_dynamic_task_mapping.py
[2024-06-24T17:22:19.878+0000] {processor.py:836} INFO - DAG(s) dict_keys(['example_dynamic_task_mapping']) retrieved from /usr/local/python/3.10.13/lib/python3.10/site-packages/airflow/example_dags/example_dynamic_task_mapping.py
[2024-06-24T17:22:19.889+0000] {logging_mixin.py:150} INFO - [2024-06-24T17:22:19.889+0000] {dag.py:2742} INFO - Sync 1 DAGs
[2024-06-24T17:22:19.904+0000] {logging_mixin.py:150} INFO - [2024-06-24T17:22:19.904+0000] {dag.py:3504} INFO - Setting next_dagrun for example_dynamic_task_mapping to 2022-03-04T00:00:00+00:00, run_after=2022-03-05T00:00:00+00:00
[2024-06-24T17:22:19.942+0000] {processor.py:179} INFO - Processing /usr/local/python/3.10.13/lib/python3.10/site-packages/airflow/example_dags/example_dynamic_task_mapping.py took 0.073 seconds
[2024-06-24T17:23:13.776+0000] {processor.py:157} INFO - Started process (PID=16172) to work on /usr/local/python/3.10.13/lib/python3.10/site-packages/airflow/example_dags/example_dynamic_task_mapping.py
[2024-06-24T17:23:13.777+0000] {processor.py:826} INFO - Processing file /usr/local/python/3.10.13/lib/python3.10/site-packages/airflow/example_dags/example_dynamic_task_mapping.py for tasks to queue
[2024-06-24T17:23:13.778+0000] {logging_mixin.py:150} INFO - [2024-06-24T17:23:13.778+0000] {dagbag.py:541} INFO - Filling up the DagBag from /usr/local/python/3.10.13/lib/python3.10/site-packages/airflow/example_dags/example_dynamic_task_mapping.py
[2024-06-24T17:23:13.783+0000] {processor.py:836} INFO - DAG(s) dict_keys(['example_dynamic_task_mapping']) retrieved from /usr/local/python/3.10.13/lib/python3.10/site-packages/airflow/example_dags/example_dynamic_task_mapping.py
[2024-06-24T17:23:13.794+0000] {logging_mixin.py:150} INFO - [2024-06-24T17:23:13.794+0000] {dag.py:2742} INFO - Sync 1 DAGs
[2024-06-24T17:23:13.809+0000] {logging_mixin.py:150} INFO - [2024-06-24T17:23:13.809+0000] {dag.py:3504} INFO - Setting next_dagrun for example_dynamic_task_mapping to 2022-03-04T00:00:00+00:00, run_after=2022-03-05T00:00:00+00:00
[2024-06-24T17:23:13.850+0000] {processor.py:179} INFO - Processing /usr/local/python/3.10.13/lib/python3.10/site-packages/airflow/example_dags/example_dynamic_task_mapping.py took 0.076 seconds
[2024-06-24T17:24:03.265+0000] {processor.py:157} INFO - Started process (PID=16518) to work on /usr/local/python/3.10.13/lib/python3.10/site-packages/airflow/example_dags/example_dynamic_task_mapping.py
[2024-06-24T17:24:03.266+0000] {processor.py:826} INFO - Processing file /usr/local/python/3.10.13/lib/python3.10/site-packages/airflow/example_dags/example_dynamic_task_mapping.py for tasks to queue
[2024-06-24T17:24:03.267+0000] {logging_mixin.py:150} INFO - [2024-06-24T17:24:03.266+0000] {dagbag.py:541} INFO - Filling up the DagBag from /usr/local/python/3.10.13/lib/python3.10/site-packages/airflow/example_dags/example_dynamic_task_mapping.py
[2024-06-24T17:24:03.272+0000] {processor.py:836} INFO - DAG(s) dict_keys(['example_dynamic_task_mapping']) retrieved from /usr/local/python/3.10.13/lib/python3.10/site-packages/airflow/example_dags/example_dynamic_task_mapping.py
[2024-06-24T17:24:03.284+0000] {logging_mixin.py:150} INFO - [2024-06-24T17:24:03.284+0000] {dag.py:2742} INFO - Sync 1 DAGs
[2024-06-24T17:24:03.300+0000] {logging_mixin.py:150} INFO - [2024-06-24T17:24:03.300+0000] {dag.py:3504} INFO - Setting next_dagrun for example_dynamic_task_mapping to 2022-03-04T00:00:00+00:00, run_after=2022-03-05T00:00:00+00:00
[2024-06-24T17:24:03.338+0000] {processor.py:179} INFO - Processing /usr/local/python/3.10.13/lib/python3.10/site-packages/airflow/example_dags/example_dynamic_task_mapping.py took 0.075 seconds
[2024-06-24T17:25:00.207+0000] {processor.py:157} INFO - Started process (PID=16923) to work on /usr/local/python/3.10.13/lib/python3.10/site-packages/airflow/example_dags/example_dynamic_task_mapping.py
[2024-06-24T17:25:00.208+0000] {processor.py:826} INFO - Processing file /usr/local/python/3.10.13/lib/python3.10/site-packages/airflow/example_dags/example_dynamic_task_mapping.py for tasks to queue
[2024-06-24T17:25:00.209+0000] {logging_mixin.py:150} INFO - [2024-06-24T17:25:00.209+0000] {dagbag.py:541} INFO - Filling up the DagBag from /usr/local/python/3.10.13/lib/python3.10/site-packages/airflow/example_dags/example_dynamic_task_mapping.py
[2024-06-24T17:25:00.214+0000] {processor.py:836} INFO - DAG(s) dict_keys(['example_dynamic_task_mapping']) retrieved from /usr/local/python/3.10.13/lib/python3.10/site-packages/airflow/example_dags/example_dynamic_task_mapping.py
[2024-06-24T17:25:00.225+0000] {logging_mixin.py:150} INFO - [2024-06-24T17:25:00.225+0000] {dag.py:2742} INFO - Sync 1 DAGs
[2024-06-24T17:25:00.240+0000] {logging_mixin.py:150} INFO - [2024-06-24T17:25:00.240+0000] {dag.py:3504} INFO - Setting next_dagrun for example_dynamic_task_mapping to 2022-03-04T00:00:00+00:00, run_after=2022-03-05T00:00:00+00:00
[2024-06-24T17:25:00.280+0000] {processor.py:179} INFO - Processing /usr/local/python/3.10.13/lib/python3.10/site-packages/airflow/example_dags/example_dynamic_task_mapping.py took 0.075 seconds
[2024-06-24T17:25:50.731+0000] {processor.py:157} INFO - Started process (PID=17273) to work on /usr/local/python/3.10.13/lib/python3.10/site-packages/airflow/example_dags/example_dynamic_task_mapping.py
[2024-06-24T17:25:50.732+0000] {processor.py:826} INFO - Processing file /usr/local/python/3.10.13/lib/python3.10/site-packages/airflow/example_dags/example_dynamic_task_mapping.py for tasks to queue
[2024-06-24T17:25:50.733+0000] {logging_mixin.py:150} INFO - [2024-06-24T17:25:50.732+0000] {dagbag.py:541} INFO - Filling up the DagBag from /usr/local/python/3.10.13/lib/python3.10/site-packages/airflow/example_dags/example_dynamic_task_mapping.py
[2024-06-24T17:25:50.739+0000] {processor.py:836} INFO - DAG(s) dict_keys(['example_dynamic_task_mapping']) retrieved from /usr/local/python/3.10.13/lib/python3.10/site-packages/airflow/example_dags/example_dynamic_task_mapping.py
[2024-06-24T17:25:50.750+0000] {logging_mixin.py:150} INFO - [2024-06-24T17:25:50.750+0000] {dag.py:2742} INFO - Sync 1 DAGs
[2024-06-24T17:25:50.765+0000] {logging_mixin.py:150} INFO - [2024-06-24T17:25:50.765+0000] {dag.py:3504} INFO - Setting next_dagrun for example_dynamic_task_mapping to 2022-03-04T00:00:00+00:00, run_after=2022-03-05T00:00:00+00:00
[2024-06-24T17:25:50.814+0000] {processor.py:179} INFO - Processing /usr/local/python/3.10.13/lib/python3.10/site-packages/airflow/example_dags/example_dynamic_task_mapping.py took 0.086 seconds
[2024-06-24T17:26:40.031+0000] {processor.py:157} INFO - Started process (PID=17609) to work on /usr/local/python/3.10.13/lib/python3.10/site-packages/airflow/example_dags/example_dynamic_task_mapping.py
[2024-06-24T17:26:40.032+0000] {processor.py:826} INFO - Processing file /usr/local/python/3.10.13/lib/python3.10/site-packages/airflow/example_dags/example_dynamic_task_mapping.py for tasks to queue
[2024-06-24T17:26:40.032+0000] {logging_mixin.py:150} INFO - [2024-06-24T17:26:40.032+0000] {dagbag.py:541} INFO - Filling up the DagBag from /usr/local/python/3.10.13/lib/python3.10/site-packages/airflow/example_dags/example_dynamic_task_mapping.py
[2024-06-24T17:26:40.038+0000] {processor.py:836} INFO - DAG(s) dict_keys(['example_dynamic_task_mapping']) retrieved from /usr/local/python/3.10.13/lib/python3.10/site-packages/airflow/example_dags/example_dynamic_task_mapping.py
[2024-06-24T17:26:40.049+0000] {logging_mixin.py:150} INFO - [2024-06-24T17:26:40.048+0000] {dag.py:2742} INFO - Sync 1 DAGs
[2024-06-24T17:26:40.063+0000] {logging_mixin.py:150} INFO - [2024-06-24T17:26:40.063+0000] {dag.py:3504} INFO - Setting next_dagrun for example_dynamic_task_mapping to 2022-03-04T00:00:00+00:00, run_after=2022-03-05T00:00:00+00:00
[2024-06-24T17:26:40.102+0000] {processor.py:179} INFO - Processing /usr/local/python/3.10.13/lib/python3.10/site-packages/airflow/example_dags/example_dynamic_task_mapping.py took 0.073 seconds
[2024-06-24T17:27:31.699+0000] {processor.py:157} INFO - Started process (PID=17969) to work on /usr/local/python/3.10.13/lib/python3.10/site-packages/airflow/example_dags/example_dynamic_task_mapping.py
[2024-06-24T17:27:31.700+0000] {processor.py:826} INFO - Processing file /usr/local/python/3.10.13/lib/python3.10/site-packages/airflow/example_dags/example_dynamic_task_mapping.py for tasks to queue
[2024-06-24T17:27:31.701+0000] {logging_mixin.py:150} INFO - [2024-06-24T17:27:31.701+0000] {dagbag.py:541} INFO - Filling up the DagBag from /usr/local/python/3.10.13/lib/python3.10/site-packages/airflow/example_dags/example_dynamic_task_mapping.py
[2024-06-24T17:27:31.709+0000] {processor.py:836} INFO - DAG(s) dict_keys(['example_dynamic_task_mapping']) retrieved from /usr/local/python/3.10.13/lib/python3.10/site-packages/airflow/example_dags/example_dynamic_task_mapping.py
[2024-06-24T17:27:31.721+0000] {logging_mixin.py:150} INFO - [2024-06-24T17:27:31.721+0000] {dag.py:2742} INFO - Sync 1 DAGs
[2024-06-24T17:27:31.736+0000] {logging_mixin.py:150} INFO - [2024-06-24T17:27:31.736+0000] {dag.py:3504} INFO - Setting next_dagrun for example_dynamic_task_mapping to 2022-03-04T00:00:00+00:00, run_after=2022-03-05T00:00:00+00:00
[2024-06-24T17:27:31.789+0000] {processor.py:179} INFO - Processing /usr/local/python/3.10.13/lib/python3.10/site-packages/airflow/example_dags/example_dynamic_task_mapping.py took 0.093 seconds
[2024-06-24T17:28:24.697+0000] {processor.py:157} INFO - Started process (PID=18353) to work on /usr/local/python/3.10.13/lib/python3.10/site-packages/airflow/example_dags/example_dynamic_task_mapping.py
[2024-06-24T17:28:24.697+0000] {processor.py:826} INFO - Processing file /usr/local/python/3.10.13/lib/python3.10/site-packages/airflow/example_dags/example_dynamic_task_mapping.py for tasks to queue
[2024-06-24T17:28:24.698+0000] {logging_mixin.py:150} INFO - [2024-06-24T17:28:24.698+0000] {dagbag.py:541} INFO - Filling up the DagBag from /usr/local/python/3.10.13/lib/python3.10/site-packages/airflow/example_dags/example_dynamic_task_mapping.py
[2024-06-24T17:28:24.703+0000] {processor.py:836} INFO - DAG(s) dict_keys(['example_dynamic_task_mapping']) retrieved from /usr/local/python/3.10.13/lib/python3.10/site-packages/airflow/example_dags/example_dynamic_task_mapping.py
[2024-06-24T17:28:24.714+0000] {logging_mixin.py:150} INFO - [2024-06-24T17:28:24.714+0000] {dag.py:2742} INFO - Sync 1 DAGs
[2024-06-24T17:28:24.733+0000] {logging_mixin.py:150} INFO - [2024-06-24T17:28:24.732+0000] {dag.py:3504} INFO - Setting next_dagrun for example_dynamic_task_mapping to 2022-03-04T00:00:00+00:00, run_after=2022-03-05T00:00:00+00:00
[2024-06-24T17:28:24.776+0000] {processor.py:179} INFO - Processing /usr/local/python/3.10.13/lib/python3.10/site-packages/airflow/example_dags/example_dynamic_task_mapping.py took 0.082 seconds
[2024-06-24T17:29:17.663+0000] {processor.py:157} INFO - Started process (PID=18711) to work on /usr/local/python/3.10.13/lib/python3.10/site-packages/airflow/example_dags/example_dynamic_task_mapping.py
[2024-06-24T17:29:17.664+0000] {processor.py:826} INFO - Processing file /usr/local/python/3.10.13/lib/python3.10/site-packages/airflow/example_dags/example_dynamic_task_mapping.py for tasks to queue
[2024-06-24T17:29:17.665+0000] {logging_mixin.py:150} INFO - [2024-06-24T17:29:17.665+0000] {dagbag.py:541} INFO - Filling up the DagBag from /usr/local/python/3.10.13/lib/python3.10/site-packages/airflow/example_dags/example_dynamic_task_mapping.py
[2024-06-24T17:29:17.670+0000] {processor.py:836} INFO - DAG(s) dict_keys(['example_dynamic_task_mapping']) retrieved from /usr/local/python/3.10.13/lib/python3.10/site-packages/airflow/example_dags/example_dynamic_task_mapping.py
[2024-06-24T17:29:17.681+0000] {logging_mixin.py:150} INFO - [2024-06-24T17:29:17.680+0000] {dag.py:2742} INFO - Sync 1 DAGs
[2024-06-24T17:29:17.695+0000] {logging_mixin.py:150} INFO - [2024-06-24T17:29:17.695+0000] {dag.py:3504} INFO - Setting next_dagrun for example_dynamic_task_mapping to 2022-03-04T00:00:00+00:00, run_after=2022-03-05T00:00:00+00:00
[2024-06-24T17:29:17.734+0000] {processor.py:179} INFO - Processing /usr/local/python/3.10.13/lib/python3.10/site-packages/airflow/example_dags/example_dynamic_task_mapping.py took 0.073 seconds
[2024-06-24T17:30:09.759+0000] {processor.py:157} INFO - Started process (PID=19069) to work on /usr/local/python/3.10.13/lib/python3.10/site-packages/airflow/example_dags/example_dynamic_task_mapping.py
[2024-06-24T17:30:09.759+0000] {processor.py:826} INFO - Processing file /usr/local/python/3.10.13/lib/python3.10/site-packages/airflow/example_dags/example_dynamic_task_mapping.py for tasks to queue
[2024-06-24T17:30:09.760+0000] {logging_mixin.py:150} INFO - [2024-06-24T17:30:09.760+0000] {dagbag.py:541} INFO - Filling up the DagBag from /usr/local/python/3.10.13/lib/python3.10/site-packages/airflow/example_dags/example_dynamic_task_mapping.py
[2024-06-24T17:30:09.765+0000] {processor.py:836} INFO - DAG(s) dict_keys(['example_dynamic_task_mapping']) retrieved from /usr/local/python/3.10.13/lib/python3.10/site-packages/airflow/example_dags/example_dynamic_task_mapping.py
[2024-06-24T17:30:09.776+0000] {logging_mixin.py:150} INFO - [2024-06-24T17:30:09.776+0000] {dag.py:2742} INFO - Sync 1 DAGs
[2024-06-24T17:30:09.791+0000] {logging_mixin.py:150} INFO - [2024-06-24T17:30:09.791+0000] {dag.py:3504} INFO - Setting next_dagrun for example_dynamic_task_mapping to 2022-03-04T00:00:00+00:00, run_after=2022-03-05T00:00:00+00:00
[2024-06-24T17:30:09.832+0000] {processor.py:179} INFO - Processing /usr/local/python/3.10.13/lib/python3.10/site-packages/airflow/example_dags/example_dynamic_task_mapping.py took 0.076 seconds
[2024-06-24T17:31:03.712+0000] {processor.py:157} INFO - Started process (PID=19439) to work on /usr/local/python/3.10.13/lib/python3.10/site-packages/airflow/example_dags/example_dynamic_task_mapping.py
[2024-06-24T17:31:03.712+0000] {processor.py:826} INFO - Processing file /usr/local/python/3.10.13/lib/python3.10/site-packages/airflow/example_dags/example_dynamic_task_mapping.py for tasks to queue
[2024-06-24T17:31:03.713+0000] {logging_mixin.py:150} INFO - [2024-06-24T17:31:03.713+0000] {dagbag.py:541} INFO - Filling up the DagBag from /usr/local/python/3.10.13/lib/python3.10/site-packages/airflow/example_dags/example_dynamic_task_mapping.py
[2024-06-24T17:31:03.718+0000] {processor.py:836} INFO - DAG(s) dict_keys(['example_dynamic_task_mapping']) retrieved from /usr/local/python/3.10.13/lib/python3.10/site-packages/airflow/example_dags/example_dynamic_task_mapping.py
[2024-06-24T17:31:03.729+0000] {logging_mixin.py:150} INFO - [2024-06-24T17:31:03.729+0000] {dag.py:2742} INFO - Sync 1 DAGs
[2024-06-24T17:31:03.744+0000] {logging_mixin.py:150} INFO - [2024-06-24T17:31:03.744+0000] {dag.py:3504} INFO - Setting next_dagrun for example_dynamic_task_mapping to 2022-03-04T00:00:00+00:00, run_after=2022-03-05T00:00:00+00:00
[2024-06-24T17:31:03.783+0000] {processor.py:179} INFO - Processing /usr/local/python/3.10.13/lib/python3.10/site-packages/airflow/example_dags/example_dynamic_task_mapping.py took 0.073 seconds
