[2024-06-24T15:55:10.654+0000] {processor.py:157} INFO - Started process (PID=13805) to work on /usr/local/python/3.10.13/lib/python3.10/site-packages/airflow/example_dags/example_python_operator.py
[2024-06-24T15:55:10.655+0000] {processor.py:826} INFO - Processing file /usr/local/python/3.10.13/lib/python3.10/site-packages/airflow/example_dags/example_python_operator.py for tasks to queue
[2024-06-24T15:55:10.655+0000] {logging_mixin.py:150} INFO - [2024-06-24T15:55:10.655+0000] {dagbag.py:541} INFO - Filling up the DagBag from /usr/local/python/3.10.13/lib/python3.10/site-packages/airflow/example_dags/example_python_operator.py
[2024-06-24T15:55:10.666+0000] {processor.py:836} INFO - DAG(s) dict_keys(['example_python_operator']) retrieved from /usr/local/python/3.10.13/lib/python3.10/site-packages/airflow/example_dags/example_python_operator.py
[2024-06-24T15:55:10.831+0000] {logging_mixin.py:150} INFO - [2024-06-24T15:55:10.831+0000] {manager.py:504} INFO - Created Permission View: can delete on DAG:example_python_operator
[2024-06-24T15:55:10.868+0000] {logging_mixin.py:150} INFO - [2024-06-24T15:55:10.867+0000] {manager.py:504} INFO - Created Permission View: can read on DAG:example_python_operator
[2024-06-24T15:55:10.898+0000] {logging_mixin.py:150} INFO - [2024-06-24T15:55:10.897+0000] {manager.py:504} INFO - Created Permission View: can edit on DAG:example_python_operator
[2024-06-24T15:55:10.914+0000] {logging_mixin.py:150} INFO - [2024-06-24T15:55:10.914+0000] {dag.py:2742} INFO - Sync 1 DAGs
[2024-06-24T15:55:10.926+0000] {logging_mixin.py:150} INFO - [2024-06-24T15:55:10.926+0000] {dag.py:2763} INFO - Creating ORM DAG for example_python_operator
[2024-06-24T15:55:10.934+0000] {logging_mixin.py:150} INFO - [2024-06-24T15:55:10.934+0000] {dag.py:3504} INFO - Setting next_dagrun for example_python_operator to None, run_after=None
[2024-06-24T15:55:10.983+0000] {processor.py:179} INFO - Processing /usr/local/python/3.10.13/lib/python3.10/site-packages/airflow/example_dags/example_python_operator.py took 0.331 seconds
[2024-06-24T15:56:00.704+0000] {processor.py:157} INFO - Started process (PID=14162) to work on /usr/local/python/3.10.13/lib/python3.10/site-packages/airflow/example_dags/example_python_operator.py
[2024-06-24T15:56:00.705+0000] {processor.py:826} INFO - Processing file /usr/local/python/3.10.13/lib/python3.10/site-packages/airflow/example_dags/example_python_operator.py for tasks to queue
[2024-06-24T15:56:00.705+0000] {logging_mixin.py:150} INFO - [2024-06-24T15:56:00.705+0000] {dagbag.py:541} INFO - Filling up the DagBag from /usr/local/python/3.10.13/lib/python3.10/site-packages/airflow/example_dags/example_python_operator.py
[2024-06-24T15:56:00.715+0000] {processor.py:836} INFO - DAG(s) dict_keys(['example_python_operator']) retrieved from /usr/local/python/3.10.13/lib/python3.10/site-packages/airflow/example_dags/example_python_operator.py
[2024-06-24T15:56:00.730+0000] {logging_mixin.py:150} INFO - [2024-06-24T15:56:00.730+0000] {dag.py:2742} INFO - Sync 1 DAGs
[2024-06-24T15:56:00.745+0000] {logging_mixin.py:150} INFO - [2024-06-24T15:56:00.745+0000] {dag.py:3504} INFO - Setting next_dagrun for example_python_operator to None, run_after=None
[2024-06-24T15:56:00.793+0000] {processor.py:179} INFO - Processing /usr/local/python/3.10.13/lib/python3.10/site-packages/airflow/example_dags/example_python_operator.py took 0.091 seconds
[2024-06-24T16:01:58.319+0000] {processor.py:157} INFO - Started process (PID=16758) to work on /usr/local/python/3.10.13/lib/python3.10/site-packages/airflow/example_dags/example_python_operator.py
[2024-06-24T16:01:58.320+0000] {processor.py:826} INFO - Processing file /usr/local/python/3.10.13/lib/python3.10/site-packages/airflow/example_dags/example_python_operator.py for tasks to queue
[2024-06-24T16:01:58.320+0000] {logging_mixin.py:150} INFO - [2024-06-24T16:01:58.320+0000] {dagbag.py:541} INFO - Filling up the DagBag from /usr/local/python/3.10.13/lib/python3.10/site-packages/airflow/example_dags/example_python_operator.py
[2024-06-24T16:01:58.329+0000] {processor.py:836} INFO - DAG(s) dict_keys(['example_python_operator']) retrieved from /usr/local/python/3.10.13/lib/python3.10/site-packages/airflow/example_dags/example_python_operator.py
[2024-06-24T16:01:58.414+0000] {logging_mixin.py:150} INFO - [2024-06-24T16:01:58.413+0000] {dag.py:2742} INFO - Sync 1 DAGs
[2024-06-24T16:01:58.427+0000] {logging_mixin.py:150} INFO - [2024-06-24T16:01:58.427+0000] {dag.py:3504} INFO - Setting next_dagrun for example_python_operator to None, run_after=None
[2024-06-24T16:01:58.466+0000] {processor.py:179} INFO - Processing /usr/local/python/3.10.13/lib/python3.10/site-packages/airflow/example_dags/example_python_operator.py took 0.149 seconds
[2024-06-24T16:02:45.103+0000] {processor.py:157} INFO - Started process (PID=17131) to work on /usr/local/python/3.10.13/lib/python3.10/site-packages/airflow/example_dags/example_python_operator.py
[2024-06-24T16:02:45.104+0000] {processor.py:826} INFO - Processing file /usr/local/python/3.10.13/lib/python3.10/site-packages/airflow/example_dags/example_python_operator.py for tasks to queue
[2024-06-24T16:02:45.105+0000] {logging_mixin.py:150} INFO - [2024-06-24T16:02:45.104+0000] {dagbag.py:541} INFO - Filling up the DagBag from /usr/local/python/3.10.13/lib/python3.10/site-packages/airflow/example_dags/example_python_operator.py
[2024-06-24T16:02:45.114+0000] {processor.py:836} INFO - DAG(s) dict_keys(['example_python_operator']) retrieved from /usr/local/python/3.10.13/lib/python3.10/site-packages/airflow/example_dags/example_python_operator.py
[2024-06-24T16:02:45.128+0000] {logging_mixin.py:150} INFO - [2024-06-24T16:02:45.128+0000] {dag.py:2742} INFO - Sync 1 DAGs
[2024-06-24T16:02:45.155+0000] {logging_mixin.py:150} INFO - [2024-06-24T16:02:45.155+0000] {dag.py:3504} INFO - Setting next_dagrun for example_python_operator to None, run_after=None
[2024-06-24T16:02:45.218+0000] {processor.py:179} INFO - Processing /usr/local/python/3.10.13/lib/python3.10/site-packages/airflow/example_dags/example_python_operator.py took 0.117 seconds
[2024-06-24T16:03:34.909+0000] {processor.py:157} INFO - Started process (PID=17516) to work on /usr/local/python/3.10.13/lib/python3.10/site-packages/airflow/example_dags/example_python_operator.py
[2024-06-24T16:03:34.910+0000] {processor.py:826} INFO - Processing file /usr/local/python/3.10.13/lib/python3.10/site-packages/airflow/example_dags/example_python_operator.py for tasks to queue
[2024-06-24T16:03:34.910+0000] {logging_mixin.py:150} INFO - [2024-06-24T16:03:34.910+0000] {dagbag.py:541} INFO - Filling up the DagBag from /usr/local/python/3.10.13/lib/python3.10/site-packages/airflow/example_dags/example_python_operator.py
[2024-06-24T16:03:34.918+0000] {processor.py:836} INFO - DAG(s) dict_keys(['example_python_operator']) retrieved from /usr/local/python/3.10.13/lib/python3.10/site-packages/airflow/example_dags/example_python_operator.py
[2024-06-24T16:03:34.933+0000] {logging_mixin.py:150} INFO - [2024-06-24T16:03:34.932+0000] {dag.py:2742} INFO - Sync 1 DAGs
[2024-06-24T16:03:34.947+0000] {logging_mixin.py:150} INFO - [2024-06-24T16:03:34.947+0000] {dag.py:3504} INFO - Setting next_dagrun for example_python_operator to None, run_after=None
[2024-06-24T16:03:34.985+0000] {processor.py:179} INFO - Processing /usr/local/python/3.10.13/lib/python3.10/site-packages/airflow/example_dags/example_python_operator.py took 0.079 seconds
[2024-06-24T16:04:21.184+0000] {processor.py:157} INFO - Started process (PID=17863) to work on /usr/local/python/3.10.13/lib/python3.10/site-packages/airflow/example_dags/example_python_operator.py
[2024-06-24T16:04:21.185+0000] {processor.py:826} INFO - Processing file /usr/local/python/3.10.13/lib/python3.10/site-packages/airflow/example_dags/example_python_operator.py for tasks to queue
[2024-06-24T16:04:21.186+0000] {logging_mixin.py:150} INFO - [2024-06-24T16:04:21.185+0000] {dagbag.py:541} INFO - Filling up the DagBag from /usr/local/python/3.10.13/lib/python3.10/site-packages/airflow/example_dags/example_python_operator.py
[2024-06-24T16:04:21.194+0000] {processor.py:836} INFO - DAG(s) dict_keys(['example_python_operator']) retrieved from /usr/local/python/3.10.13/lib/python3.10/site-packages/airflow/example_dags/example_python_operator.py
[2024-06-24T16:04:21.208+0000] {logging_mixin.py:150} INFO - [2024-06-24T16:04:21.208+0000] {dag.py:2742} INFO - Sync 1 DAGs
[2024-06-24T16:04:21.223+0000] {logging_mixin.py:150} INFO - [2024-06-24T16:04:21.223+0000] {dag.py:3504} INFO - Setting next_dagrun for example_python_operator to None, run_after=None
[2024-06-24T16:04:21.265+0000] {processor.py:179} INFO - Processing /usr/local/python/3.10.13/lib/python3.10/site-packages/airflow/example_dags/example_python_operator.py took 0.083 seconds
[2024-06-24T16:05:10.092+0000] {processor.py:157} INFO - Started process (PID=18244) to work on /usr/local/python/3.10.13/lib/python3.10/site-packages/airflow/example_dags/example_python_operator.py
[2024-06-24T16:05:10.092+0000] {processor.py:826} INFO - Processing file /usr/local/python/3.10.13/lib/python3.10/site-packages/airflow/example_dags/example_python_operator.py for tasks to queue
[2024-06-24T16:05:10.093+0000] {logging_mixin.py:150} INFO - [2024-06-24T16:05:10.093+0000] {dagbag.py:541} INFO - Filling up the DagBag from /usr/local/python/3.10.13/lib/python3.10/site-packages/airflow/example_dags/example_python_operator.py
[2024-06-24T16:05:10.101+0000] {processor.py:836} INFO - DAG(s) dict_keys(['example_python_operator']) retrieved from /usr/local/python/3.10.13/lib/python3.10/site-packages/airflow/example_dags/example_python_operator.py
[2024-06-24T16:05:10.115+0000] {logging_mixin.py:150} INFO - [2024-06-24T16:05:10.115+0000] {dag.py:2742} INFO - Sync 1 DAGs
[2024-06-24T16:05:10.129+0000] {logging_mixin.py:150} INFO - [2024-06-24T16:05:10.129+0000] {dag.py:3504} INFO - Setting next_dagrun for example_python_operator to None, run_after=None
[2024-06-24T16:05:10.168+0000] {processor.py:179} INFO - Processing /usr/local/python/3.10.13/lib/python3.10/site-packages/airflow/example_dags/example_python_operator.py took 0.078 seconds
[2024-06-24T16:05:54.741+0000] {processor.py:157} INFO - Started process (PID=18591) to work on /usr/local/python/3.10.13/lib/python3.10/site-packages/airflow/example_dags/example_python_operator.py
[2024-06-24T16:05:54.742+0000] {processor.py:826} INFO - Processing file /usr/local/python/3.10.13/lib/python3.10/site-packages/airflow/example_dags/example_python_operator.py for tasks to queue
[2024-06-24T16:05:54.742+0000] {logging_mixin.py:150} INFO - [2024-06-24T16:05:54.742+0000] {dagbag.py:541} INFO - Filling up the DagBag from /usr/local/python/3.10.13/lib/python3.10/site-packages/airflow/example_dags/example_python_operator.py
[2024-06-24T16:05:54.751+0000] {processor.py:836} INFO - DAG(s) dict_keys(['example_python_operator']) retrieved from /usr/local/python/3.10.13/lib/python3.10/site-packages/airflow/example_dags/example_python_operator.py
[2024-06-24T16:05:54.765+0000] {logging_mixin.py:150} INFO - [2024-06-24T16:05:54.765+0000] {dag.py:2742} INFO - Sync 1 DAGs
[2024-06-24T16:05:54.780+0000] {logging_mixin.py:150} INFO - [2024-06-24T16:05:54.780+0000] {dag.py:3504} INFO - Setting next_dagrun for example_python_operator to None, run_after=None
[2024-06-24T16:05:54.826+0000] {processor.py:179} INFO - Processing /usr/local/python/3.10.13/lib/python3.10/site-packages/airflow/example_dags/example_python_operator.py took 0.087 seconds
[2024-06-24T16:06:43.625+0000] {processor.py:157} INFO - Started process (PID=18975) to work on /usr/local/python/3.10.13/lib/python3.10/site-packages/airflow/example_dags/example_python_operator.py
[2024-06-24T16:06:43.626+0000] {processor.py:826} INFO - Processing file /usr/local/python/3.10.13/lib/python3.10/site-packages/airflow/example_dags/example_python_operator.py for tasks to queue
[2024-06-24T16:06:43.627+0000] {logging_mixin.py:150} INFO - [2024-06-24T16:06:43.627+0000] {dagbag.py:541} INFO - Filling up the DagBag from /usr/local/python/3.10.13/lib/python3.10/site-packages/airflow/example_dags/example_python_operator.py
[2024-06-24T16:06:43.635+0000] {processor.py:836} INFO - DAG(s) dict_keys(['example_python_operator']) retrieved from /usr/local/python/3.10.13/lib/python3.10/site-packages/airflow/example_dags/example_python_operator.py
[2024-06-24T16:06:43.650+0000] {logging_mixin.py:150} INFO - [2024-06-24T16:06:43.650+0000] {dag.py:2742} INFO - Sync 1 DAGs
[2024-06-24T16:06:43.666+0000] {logging_mixin.py:150} INFO - [2024-06-24T16:06:43.665+0000] {dag.py:3504} INFO - Setting next_dagrun for example_python_operator to None, run_after=None
[2024-06-24T16:06:43.707+0000] {processor.py:179} INFO - Processing /usr/local/python/3.10.13/lib/python3.10/site-packages/airflow/example_dags/example_python_operator.py took 0.084 seconds
[2024-06-24T16:07:31.512+0000] {processor.py:157} INFO - Started process (PID=19339) to work on /usr/local/python/3.10.13/lib/python3.10/site-packages/airflow/example_dags/example_python_operator.py
[2024-06-24T16:07:31.512+0000] {processor.py:826} INFO - Processing file /usr/local/python/3.10.13/lib/python3.10/site-packages/airflow/example_dags/example_python_operator.py for tasks to queue
[2024-06-24T16:07:31.513+0000] {logging_mixin.py:150} INFO - [2024-06-24T16:07:31.513+0000] {dagbag.py:541} INFO - Filling up the DagBag from /usr/local/python/3.10.13/lib/python3.10/site-packages/airflow/example_dags/example_python_operator.py
[2024-06-24T16:07:31.521+0000] {processor.py:836} INFO - DAG(s) dict_keys(['example_python_operator']) retrieved from /usr/local/python/3.10.13/lib/python3.10/site-packages/airflow/example_dags/example_python_operator.py
[2024-06-24T16:07:31.536+0000] {logging_mixin.py:150} INFO - [2024-06-24T16:07:31.536+0000] {dag.py:2742} INFO - Sync 1 DAGs
[2024-06-24T16:07:31.552+0000] {logging_mixin.py:150} INFO - [2024-06-24T16:07:31.552+0000] {dag.py:3504} INFO - Setting next_dagrun for example_python_operator to None, run_after=None
[2024-06-24T16:07:31.594+0000] {processor.py:179} INFO - Processing /usr/local/python/3.10.13/lib/python3.10/site-packages/airflow/example_dags/example_python_operator.py took 0.084 seconds
[2024-06-24T16:08:18.487+0000] {processor.py:157} INFO - Started process (PID=19695) to work on /usr/local/python/3.10.13/lib/python3.10/site-packages/airflow/example_dags/example_python_operator.py
[2024-06-24T16:08:18.488+0000] {processor.py:826} INFO - Processing file /usr/local/python/3.10.13/lib/python3.10/site-packages/airflow/example_dags/example_python_operator.py for tasks to queue
[2024-06-24T16:08:18.489+0000] {logging_mixin.py:150} INFO - [2024-06-24T16:08:18.488+0000] {dagbag.py:541} INFO - Filling up the DagBag from /usr/local/python/3.10.13/lib/python3.10/site-packages/airflow/example_dags/example_python_operator.py
[2024-06-24T16:08:18.497+0000] {processor.py:836} INFO - DAG(s) dict_keys(['example_python_operator']) retrieved from /usr/local/python/3.10.13/lib/python3.10/site-packages/airflow/example_dags/example_python_operator.py
[2024-06-24T16:08:18.512+0000] {logging_mixin.py:150} INFO - [2024-06-24T16:08:18.511+0000] {dag.py:2742} INFO - Sync 1 DAGs
[2024-06-24T16:08:18.527+0000] {logging_mixin.py:150} INFO - [2024-06-24T16:08:18.527+0000] {dag.py:3504} INFO - Setting next_dagrun for example_python_operator to None, run_after=None
[2024-06-24T16:08:18.567+0000] {processor.py:179} INFO - Processing /usr/local/python/3.10.13/lib/python3.10/site-packages/airflow/example_dags/example_python_operator.py took 0.082 seconds
[2024-06-24T16:09:06.387+0000] {processor.py:157} INFO - Started process (PID=20057) to work on /usr/local/python/3.10.13/lib/python3.10/site-packages/airflow/example_dags/example_python_operator.py
[2024-06-24T16:09:06.388+0000] {processor.py:826} INFO - Processing file /usr/local/python/3.10.13/lib/python3.10/site-packages/airflow/example_dags/example_python_operator.py for tasks to queue
[2024-06-24T16:09:06.388+0000] {logging_mixin.py:150} INFO - [2024-06-24T16:09:06.388+0000] {dagbag.py:541} INFO - Filling up the DagBag from /usr/local/python/3.10.13/lib/python3.10/site-packages/airflow/example_dags/example_python_operator.py
[2024-06-24T16:09:06.397+0000] {processor.py:836} INFO - DAG(s) dict_keys(['example_python_operator']) retrieved from /usr/local/python/3.10.13/lib/python3.10/site-packages/airflow/example_dags/example_python_operator.py
[2024-06-24T16:09:06.412+0000] {logging_mixin.py:150} INFO - [2024-06-24T16:09:06.411+0000] {dag.py:2742} INFO - Sync 1 DAGs
[2024-06-24T16:09:06.429+0000] {logging_mixin.py:150} INFO - [2024-06-24T16:09:06.429+0000] {dag.py:3504} INFO - Setting next_dagrun for example_python_operator to None, run_after=None
[2024-06-24T16:09:06.467+0000] {processor.py:179} INFO - Processing /usr/local/python/3.10.13/lib/python3.10/site-packages/airflow/example_dags/example_python_operator.py took 0.082 seconds
[2024-06-24T16:09:53.681+0000] {processor.py:157} INFO - Started process (PID=20402) to work on /usr/local/python/3.10.13/lib/python3.10/site-packages/airflow/example_dags/example_python_operator.py
[2024-06-24T16:09:53.681+0000] {processor.py:826} INFO - Processing file /usr/local/python/3.10.13/lib/python3.10/site-packages/airflow/example_dags/example_python_operator.py for tasks to queue
[2024-06-24T16:09:53.682+0000] {logging_mixin.py:150} INFO - [2024-06-24T16:09:53.682+0000] {dagbag.py:541} INFO - Filling up the DagBag from /usr/local/python/3.10.13/lib/python3.10/site-packages/airflow/example_dags/example_python_operator.py
[2024-06-24T16:09:53.690+0000] {processor.py:836} INFO - DAG(s) dict_keys(['example_python_operator']) retrieved from /usr/local/python/3.10.13/lib/python3.10/site-packages/airflow/example_dags/example_python_operator.py
[2024-06-24T16:09:53.705+0000] {logging_mixin.py:150} INFO - [2024-06-24T16:09:53.705+0000] {dag.py:2742} INFO - Sync 1 DAGs
[2024-06-24T16:09:53.720+0000] {logging_mixin.py:150} INFO - [2024-06-24T16:09:53.720+0000] {dag.py:3504} INFO - Setting next_dagrun for example_python_operator to None, run_after=None
[2024-06-24T16:09:53.761+0000] {processor.py:179} INFO - Processing /usr/local/python/3.10.13/lib/python3.10/site-packages/airflow/example_dags/example_python_operator.py took 0.083 seconds
[2024-06-24T16:10:41.802+0000] {processor.py:157} INFO - Started process (PID=20737) to work on /usr/local/python/3.10.13/lib/python3.10/site-packages/airflow/example_dags/example_python_operator.py
[2024-06-24T16:10:41.802+0000] {processor.py:826} INFO - Processing file /usr/local/python/3.10.13/lib/python3.10/site-packages/airflow/example_dags/example_python_operator.py for tasks to queue
[2024-06-24T16:10:41.803+0000] {logging_mixin.py:150} INFO - [2024-06-24T16:10:41.803+0000] {dagbag.py:541} INFO - Filling up the DagBag from /usr/local/python/3.10.13/lib/python3.10/site-packages/airflow/example_dags/example_python_operator.py
[2024-06-24T16:10:41.811+0000] {processor.py:836} INFO - DAG(s) dict_keys(['example_python_operator']) retrieved from /usr/local/python/3.10.13/lib/python3.10/site-packages/airflow/example_dags/example_python_operator.py
[2024-06-24T16:10:41.826+0000] {logging_mixin.py:150} INFO - [2024-06-24T16:10:41.826+0000] {dag.py:2742} INFO - Sync 1 DAGs
[2024-06-24T16:10:41.842+0000] {logging_mixin.py:150} INFO - [2024-06-24T16:10:41.842+0000] {dag.py:3504} INFO - Setting next_dagrun for example_python_operator to None, run_after=None
[2024-06-24T16:10:41.883+0000] {processor.py:179} INFO - Processing /usr/local/python/3.10.13/lib/python3.10/site-packages/airflow/example_dags/example_python_operator.py took 0.084 seconds
[2024-06-24T16:11:29.381+0000] {processor.py:157} INFO - Started process (PID=21055) to work on /usr/local/python/3.10.13/lib/python3.10/site-packages/airflow/example_dags/example_python_operator.py
[2024-06-24T16:11:29.381+0000] {processor.py:826} INFO - Processing file /usr/local/python/3.10.13/lib/python3.10/site-packages/airflow/example_dags/example_python_operator.py for tasks to queue
[2024-06-24T16:11:29.382+0000] {logging_mixin.py:150} INFO - [2024-06-24T16:11:29.382+0000] {dagbag.py:541} INFO - Filling up the DagBag from /usr/local/python/3.10.13/lib/python3.10/site-packages/airflow/example_dags/example_python_operator.py
[2024-06-24T16:11:29.390+0000] {processor.py:836} INFO - DAG(s) dict_keys(['example_python_operator']) retrieved from /usr/local/python/3.10.13/lib/python3.10/site-packages/airflow/example_dags/example_python_operator.py
[2024-06-24T16:11:29.404+0000] {logging_mixin.py:150} INFO - [2024-06-24T16:11:29.404+0000] {dag.py:2742} INFO - Sync 1 DAGs
[2024-06-24T16:11:29.425+0000] {logging_mixin.py:150} INFO - [2024-06-24T16:11:29.424+0000] {dag.py:3504} INFO - Setting next_dagrun for example_python_operator to None, run_after=None
[2024-06-24T16:11:29.469+0000] {processor.py:179} INFO - Processing /usr/local/python/3.10.13/lib/python3.10/site-packages/airflow/example_dags/example_python_operator.py took 0.091 seconds
[2024-06-24T16:12:17.953+0000] {processor.py:157} INFO - Started process (PID=21389) to work on /usr/local/python/3.10.13/lib/python3.10/site-packages/airflow/example_dags/example_python_operator.py
[2024-06-24T16:12:17.954+0000] {processor.py:826} INFO - Processing file /usr/local/python/3.10.13/lib/python3.10/site-packages/airflow/example_dags/example_python_operator.py for tasks to queue
[2024-06-24T16:12:17.955+0000] {logging_mixin.py:150} INFO - [2024-06-24T16:12:17.954+0000] {dagbag.py:541} INFO - Filling up the DagBag from /usr/local/python/3.10.13/lib/python3.10/site-packages/airflow/example_dags/example_python_operator.py
[2024-06-24T16:12:17.963+0000] {processor.py:836} INFO - DAG(s) dict_keys(['example_python_operator']) retrieved from /usr/local/python/3.10.13/lib/python3.10/site-packages/airflow/example_dags/example_python_operator.py
[2024-06-24T16:12:17.977+0000] {logging_mixin.py:150} INFO - [2024-06-24T16:12:17.977+0000] {dag.py:2742} INFO - Sync 1 DAGs
[2024-06-24T16:12:17.993+0000] {logging_mixin.py:150} INFO - [2024-06-24T16:12:17.993+0000] {dag.py:3504} INFO - Setting next_dagrun for example_python_operator to None, run_after=None
[2024-06-24T16:12:18.035+0000] {processor.py:179} INFO - Processing /usr/local/python/3.10.13/lib/python3.10/site-packages/airflow/example_dags/example_python_operator.py took 0.084 seconds
[2024-06-24T16:13:06.672+0000] {processor.py:157} INFO - Started process (PID=21731) to work on /usr/local/python/3.10.13/lib/python3.10/site-packages/airflow/example_dags/example_python_operator.py
[2024-06-24T16:13:06.672+0000] {processor.py:826} INFO - Processing file /usr/local/python/3.10.13/lib/python3.10/site-packages/airflow/example_dags/example_python_operator.py for tasks to queue
[2024-06-24T16:13:06.673+0000] {logging_mixin.py:150} INFO - [2024-06-24T16:13:06.673+0000] {dagbag.py:541} INFO - Filling up the DagBag from /usr/local/python/3.10.13/lib/python3.10/site-packages/airflow/example_dags/example_python_operator.py
[2024-06-24T16:13:06.681+0000] {processor.py:836} INFO - DAG(s) dict_keys(['example_python_operator']) retrieved from /usr/local/python/3.10.13/lib/python3.10/site-packages/airflow/example_dags/example_python_operator.py
[2024-06-24T16:13:06.695+0000] {logging_mixin.py:150} INFO - [2024-06-24T16:13:06.695+0000] {dag.py:2742} INFO - Sync 1 DAGs
[2024-06-24T16:13:06.709+0000] {logging_mixin.py:150} INFO - [2024-06-24T16:13:06.709+0000] {dag.py:3504} INFO - Setting next_dagrun for example_python_operator to None, run_after=None
[2024-06-24T16:13:06.749+0000] {processor.py:179} INFO - Processing /usr/local/python/3.10.13/lib/python3.10/site-packages/airflow/example_dags/example_python_operator.py took 0.079 seconds
[2024-06-24T16:13:54.375+0000] {processor.py:157} INFO - Started process (PID=22054) to work on /usr/local/python/3.10.13/lib/python3.10/site-packages/airflow/example_dags/example_python_operator.py
[2024-06-24T16:13:54.375+0000] {processor.py:826} INFO - Processing file /usr/local/python/3.10.13/lib/python3.10/site-packages/airflow/example_dags/example_python_operator.py for tasks to queue
[2024-06-24T16:13:54.376+0000] {logging_mixin.py:150} INFO - [2024-06-24T16:13:54.376+0000] {dagbag.py:541} INFO - Filling up the DagBag from /usr/local/python/3.10.13/lib/python3.10/site-packages/airflow/example_dags/example_python_operator.py
[2024-06-24T16:13:54.384+0000] {processor.py:836} INFO - DAG(s) dict_keys(['example_python_operator']) retrieved from /usr/local/python/3.10.13/lib/python3.10/site-packages/airflow/example_dags/example_python_operator.py
[2024-06-24T16:13:54.399+0000] {logging_mixin.py:150} INFO - [2024-06-24T16:13:54.398+0000] {dag.py:2742} INFO - Sync 1 DAGs
[2024-06-24T16:13:54.413+0000] {logging_mixin.py:150} INFO - [2024-06-24T16:13:54.413+0000] {dag.py:3504} INFO - Setting next_dagrun for example_python_operator to None, run_after=None
[2024-06-24T16:13:54.452+0000] {processor.py:179} INFO - Processing /usr/local/python/3.10.13/lib/python3.10/site-packages/airflow/example_dags/example_python_operator.py took 0.079 seconds
[2024-06-24T16:14:41.120+0000] {processor.py:157} INFO - Started process (PID=22388) to work on /usr/local/python/3.10.13/lib/python3.10/site-packages/airflow/example_dags/example_python_operator.py
[2024-06-24T16:14:41.121+0000] {processor.py:826} INFO - Processing file /usr/local/python/3.10.13/lib/python3.10/site-packages/airflow/example_dags/example_python_operator.py for tasks to queue
[2024-06-24T16:14:41.122+0000] {logging_mixin.py:150} INFO - [2024-06-24T16:14:41.121+0000] {dagbag.py:541} INFO - Filling up the DagBag from /usr/local/python/3.10.13/lib/python3.10/site-packages/airflow/example_dags/example_python_operator.py
[2024-06-24T16:14:41.130+0000] {processor.py:836} INFO - DAG(s) dict_keys(['example_python_operator']) retrieved from /usr/local/python/3.10.13/lib/python3.10/site-packages/airflow/example_dags/example_python_operator.py
[2024-06-24T16:14:41.144+0000] {logging_mixin.py:150} INFO - [2024-06-24T16:14:41.144+0000] {dag.py:2742} INFO - Sync 1 DAGs
[2024-06-24T16:14:41.159+0000] {logging_mixin.py:150} INFO - [2024-06-24T16:14:41.159+0000] {dag.py:3504} INFO - Setting next_dagrun for example_python_operator to None, run_after=None
[2024-06-24T16:14:41.198+0000] {processor.py:179} INFO - Processing /usr/local/python/3.10.13/lib/python3.10/site-packages/airflow/example_dags/example_python_operator.py took 0.080 seconds
[2024-06-24T16:15:25.997+0000] {processor.py:157} INFO - Started process (PID=22689) to work on /usr/local/python/3.10.13/lib/python3.10/site-packages/airflow/example_dags/example_python_operator.py
[2024-06-24T16:15:25.998+0000] {processor.py:826} INFO - Processing file /usr/local/python/3.10.13/lib/python3.10/site-packages/airflow/example_dags/example_python_operator.py for tasks to queue
[2024-06-24T16:15:25.999+0000] {logging_mixin.py:150} INFO - [2024-06-24T16:15:25.998+0000] {dagbag.py:541} INFO - Filling up the DagBag from /usr/local/python/3.10.13/lib/python3.10/site-packages/airflow/example_dags/example_python_operator.py
[2024-06-24T16:15:26.010+0000] {processor.py:836} INFO - DAG(s) dict_keys(['example_python_operator']) retrieved from /usr/local/python/3.10.13/lib/python3.10/site-packages/airflow/example_dags/example_python_operator.py
[2024-06-24T16:15:26.031+0000] {logging_mixin.py:150} INFO - [2024-06-24T16:15:26.030+0000] {dag.py:2742} INFO - Sync 1 DAGs
[2024-06-24T16:15:26.050+0000] {logging_mixin.py:150} INFO - [2024-06-24T16:15:26.050+0000] {dag.py:3504} INFO - Setting next_dagrun for example_python_operator to None, run_after=None
[2024-06-24T16:15:26.099+0000] {processor.py:179} INFO - Processing /usr/local/python/3.10.13/lib/python3.10/site-packages/airflow/example_dags/example_python_operator.py took 0.104 seconds
[2024-06-24T16:16:09.008+0000] {processor.py:157} INFO - Started process (PID=23003) to work on /usr/local/python/3.10.13/lib/python3.10/site-packages/airflow/example_dags/example_python_operator.py
[2024-06-24T16:16:09.009+0000] {processor.py:826} INFO - Processing file /usr/local/python/3.10.13/lib/python3.10/site-packages/airflow/example_dags/example_python_operator.py for tasks to queue
[2024-06-24T16:16:09.009+0000] {logging_mixin.py:150} INFO - [2024-06-24T16:16:09.009+0000] {dagbag.py:541} INFO - Filling up the DagBag from /usr/local/python/3.10.13/lib/python3.10/site-packages/airflow/example_dags/example_python_operator.py
[2024-06-24T16:16:09.018+0000] {processor.py:836} INFO - DAG(s) dict_keys(['example_python_operator']) retrieved from /usr/local/python/3.10.13/lib/python3.10/site-packages/airflow/example_dags/example_python_operator.py
[2024-06-24T16:16:09.033+0000] {logging_mixin.py:150} INFO - [2024-06-24T16:16:09.033+0000] {dag.py:2742} INFO - Sync 1 DAGs
[2024-06-24T16:16:09.050+0000] {logging_mixin.py:150} INFO - [2024-06-24T16:16:09.050+0000] {dag.py:3504} INFO - Setting next_dagrun for example_python_operator to None, run_after=None
[2024-06-24T16:16:09.092+0000] {processor.py:179} INFO - Processing /usr/local/python/3.10.13/lib/python3.10/site-packages/airflow/example_dags/example_python_operator.py took 0.086 seconds
[2024-06-24T16:16:54.338+0000] {processor.py:157} INFO - Started process (PID=23313) to work on /usr/local/python/3.10.13/lib/python3.10/site-packages/airflow/example_dags/example_python_operator.py
[2024-06-24T16:16:54.338+0000] {processor.py:826} INFO - Processing file /usr/local/python/3.10.13/lib/python3.10/site-packages/airflow/example_dags/example_python_operator.py for tasks to queue
[2024-06-24T16:16:54.339+0000] {logging_mixin.py:150} INFO - [2024-06-24T16:16:54.339+0000] {dagbag.py:541} INFO - Filling up the DagBag from /usr/local/python/3.10.13/lib/python3.10/site-packages/airflow/example_dags/example_python_operator.py
[2024-06-24T16:16:54.348+0000] {processor.py:836} INFO - DAG(s) dict_keys(['example_python_operator']) retrieved from /usr/local/python/3.10.13/lib/python3.10/site-packages/airflow/example_dags/example_python_operator.py
[2024-06-24T16:16:54.363+0000] {logging_mixin.py:150} INFO - [2024-06-24T16:16:54.363+0000] {dag.py:2742} INFO - Sync 1 DAGs
[2024-06-24T16:16:54.378+0000] {logging_mixin.py:150} INFO - [2024-06-24T16:16:54.378+0000] {dag.py:3504} INFO - Setting next_dagrun for example_python_operator to None, run_after=None
[2024-06-24T16:16:54.417+0000] {processor.py:179} INFO - Processing /usr/local/python/3.10.13/lib/python3.10/site-packages/airflow/example_dags/example_python_operator.py took 0.082 seconds
[2024-06-24T16:17:40.870+0000] {processor.py:157} INFO - Started process (PID=23639) to work on /usr/local/python/3.10.13/lib/python3.10/site-packages/airflow/example_dags/example_python_operator.py
[2024-06-24T16:17:40.871+0000] {processor.py:826} INFO - Processing file /usr/local/python/3.10.13/lib/python3.10/site-packages/airflow/example_dags/example_python_operator.py for tasks to queue
[2024-06-24T16:17:40.871+0000] {logging_mixin.py:150} INFO - [2024-06-24T16:17:40.871+0000] {dagbag.py:541} INFO - Filling up the DagBag from /usr/local/python/3.10.13/lib/python3.10/site-packages/airflow/example_dags/example_python_operator.py
[2024-06-24T16:17:40.880+0000] {processor.py:836} INFO - DAG(s) dict_keys(['example_python_operator']) retrieved from /usr/local/python/3.10.13/lib/python3.10/site-packages/airflow/example_dags/example_python_operator.py
[2024-06-24T16:17:40.896+0000] {logging_mixin.py:150} INFO - [2024-06-24T16:17:40.896+0000] {dag.py:2742} INFO - Sync 1 DAGs
[2024-06-24T16:17:40.912+0000] {logging_mixin.py:150} INFO - [2024-06-24T16:17:40.912+0000] {dag.py:3504} INFO - Setting next_dagrun for example_python_operator to None, run_after=None
[2024-06-24T16:17:40.955+0000] {processor.py:179} INFO - Processing /usr/local/python/3.10.13/lib/python3.10/site-packages/airflow/example_dags/example_python_operator.py took 0.087 seconds
[2024-06-24T16:18:27.327+0000] {processor.py:157} INFO - Started process (PID=23948) to work on /usr/local/python/3.10.13/lib/python3.10/site-packages/airflow/example_dags/example_python_operator.py
[2024-06-24T16:18:27.327+0000] {processor.py:826} INFO - Processing file /usr/local/python/3.10.13/lib/python3.10/site-packages/airflow/example_dags/example_python_operator.py for tasks to queue
[2024-06-24T16:18:27.328+0000] {logging_mixin.py:150} INFO - [2024-06-24T16:18:27.328+0000] {dagbag.py:541} INFO - Filling up the DagBag from /usr/local/python/3.10.13/lib/python3.10/site-packages/airflow/example_dags/example_python_operator.py
[2024-06-24T16:18:27.336+0000] {processor.py:836} INFO - DAG(s) dict_keys(['example_python_operator']) retrieved from /usr/local/python/3.10.13/lib/python3.10/site-packages/airflow/example_dags/example_python_operator.py
[2024-06-24T16:18:27.351+0000] {logging_mixin.py:150} INFO - [2024-06-24T16:18:27.351+0000] {dag.py:2742} INFO - Sync 1 DAGs
[2024-06-24T16:18:27.366+0000] {logging_mixin.py:150} INFO - [2024-06-24T16:18:27.365+0000] {dag.py:3504} INFO - Setting next_dagrun for example_python_operator to None, run_after=None
[2024-06-24T16:18:27.415+0000] {processor.py:179} INFO - Processing /usr/local/python/3.10.13/lib/python3.10/site-packages/airflow/example_dags/example_python_operator.py took 0.091 seconds
[2024-06-24T16:19:12.374+0000] {processor.py:157} INFO - Started process (PID=24271) to work on /usr/local/python/3.10.13/lib/python3.10/site-packages/airflow/example_dags/example_python_operator.py
[2024-06-24T16:19:12.375+0000] {processor.py:826} INFO - Processing file /usr/local/python/3.10.13/lib/python3.10/site-packages/airflow/example_dags/example_python_operator.py for tasks to queue
[2024-06-24T16:19:12.376+0000] {logging_mixin.py:150} INFO - [2024-06-24T16:19:12.376+0000] {dagbag.py:541} INFO - Filling up the DagBag from /usr/local/python/3.10.13/lib/python3.10/site-packages/airflow/example_dags/example_python_operator.py
[2024-06-24T16:19:12.388+0000] {processor.py:836} INFO - DAG(s) dict_keys(['example_python_operator']) retrieved from /usr/local/python/3.10.13/lib/python3.10/site-packages/airflow/example_dags/example_python_operator.py
[2024-06-24T16:19:12.405+0000] {logging_mixin.py:150} INFO - [2024-06-24T16:19:12.405+0000] {dag.py:2742} INFO - Sync 1 DAGs
[2024-06-24T16:19:12.422+0000] {logging_mixin.py:150} INFO - [2024-06-24T16:19:12.421+0000] {dag.py:3504} INFO - Setting next_dagrun for example_python_operator to None, run_after=None
[2024-06-24T16:19:12.463+0000] {processor.py:179} INFO - Processing /usr/local/python/3.10.13/lib/python3.10/site-packages/airflow/example_dags/example_python_operator.py took 0.092 seconds
[2024-06-24T16:20:00.394+0000] {processor.py:157} INFO - Started process (PID=24591) to work on /usr/local/python/3.10.13/lib/python3.10/site-packages/airflow/example_dags/example_python_operator.py
[2024-06-24T16:20:00.395+0000] {processor.py:826} INFO - Processing file /usr/local/python/3.10.13/lib/python3.10/site-packages/airflow/example_dags/example_python_operator.py for tasks to queue
[2024-06-24T16:20:00.395+0000] {logging_mixin.py:150} INFO - [2024-06-24T16:20:00.395+0000] {dagbag.py:541} INFO - Filling up the DagBag from /usr/local/python/3.10.13/lib/python3.10/site-packages/airflow/example_dags/example_python_operator.py
[2024-06-24T16:20:00.404+0000] {processor.py:836} INFO - DAG(s) dict_keys(['example_python_operator']) retrieved from /usr/local/python/3.10.13/lib/python3.10/site-packages/airflow/example_dags/example_python_operator.py
[2024-06-24T16:20:00.418+0000] {logging_mixin.py:150} INFO - [2024-06-24T16:20:00.418+0000] {dag.py:2742} INFO - Sync 1 DAGs
[2024-06-24T16:20:00.434+0000] {logging_mixin.py:150} INFO - [2024-06-24T16:20:00.433+0000] {dag.py:3504} INFO - Setting next_dagrun for example_python_operator to None, run_after=None
[2024-06-24T16:20:00.476+0000] {processor.py:179} INFO - Processing /usr/local/python/3.10.13/lib/python3.10/site-packages/airflow/example_dags/example_python_operator.py took 0.084 seconds
[2024-06-24T16:20:45.484+0000] {processor.py:157} INFO - Started process (PID=24911) to work on /usr/local/python/3.10.13/lib/python3.10/site-packages/airflow/example_dags/example_python_operator.py
[2024-06-24T16:20:45.485+0000] {processor.py:826} INFO - Processing file /usr/local/python/3.10.13/lib/python3.10/site-packages/airflow/example_dags/example_python_operator.py for tasks to queue
[2024-06-24T16:20:45.486+0000] {logging_mixin.py:150} INFO - [2024-06-24T16:20:45.485+0000] {dagbag.py:541} INFO - Filling up the DagBag from /usr/local/python/3.10.13/lib/python3.10/site-packages/airflow/example_dags/example_python_operator.py
[2024-06-24T16:20:45.494+0000] {processor.py:836} INFO - DAG(s) dict_keys(['example_python_operator']) retrieved from /usr/local/python/3.10.13/lib/python3.10/site-packages/airflow/example_dags/example_python_operator.py
[2024-06-24T16:20:45.508+0000] {logging_mixin.py:150} INFO - [2024-06-24T16:20:45.508+0000] {dag.py:2742} INFO - Sync 1 DAGs
[2024-06-24T16:20:45.522+0000] {logging_mixin.py:150} INFO - [2024-06-24T16:20:45.522+0000] {dag.py:3504} INFO - Setting next_dagrun for example_python_operator to None, run_after=None
[2024-06-24T16:20:45.561+0000] {processor.py:179} INFO - Processing /usr/local/python/3.10.13/lib/python3.10/site-packages/airflow/example_dags/example_python_operator.py took 0.079 seconds
[2024-06-24T16:21:33.337+0000] {processor.py:157} INFO - Started process (PID=25250) to work on /usr/local/python/3.10.13/lib/python3.10/site-packages/airflow/example_dags/example_python_operator.py
[2024-06-24T16:21:33.338+0000] {processor.py:826} INFO - Processing file /usr/local/python/3.10.13/lib/python3.10/site-packages/airflow/example_dags/example_python_operator.py for tasks to queue
[2024-06-24T16:21:33.339+0000] {logging_mixin.py:150} INFO - [2024-06-24T16:21:33.339+0000] {dagbag.py:541} INFO - Filling up the DagBag from /usr/local/python/3.10.13/lib/python3.10/site-packages/airflow/example_dags/example_python_operator.py
[2024-06-24T16:21:33.353+0000] {processor.py:836} INFO - DAG(s) dict_keys(['example_python_operator']) retrieved from /usr/local/python/3.10.13/lib/python3.10/site-packages/airflow/example_dags/example_python_operator.py
[2024-06-24T16:21:33.376+0000] {logging_mixin.py:150} INFO - [2024-06-24T16:21:33.376+0000] {dag.py:2742} INFO - Sync 1 DAGs
[2024-06-24T16:21:33.397+0000] {logging_mixin.py:150} INFO - [2024-06-24T16:21:33.397+0000] {dag.py:3504} INFO - Setting next_dagrun for example_python_operator to None, run_after=None
[2024-06-24T16:21:33.456+0000] {processor.py:179} INFO - Processing /usr/local/python/3.10.13/lib/python3.10/site-packages/airflow/example_dags/example_python_operator.py took 0.124 seconds
[2024-06-24T16:22:23.406+0000] {processor.py:157} INFO - Started process (PID=25580) to work on /usr/local/python/3.10.13/lib/python3.10/site-packages/airflow/example_dags/example_python_operator.py
[2024-06-24T16:22:23.407+0000] {processor.py:826} INFO - Processing file /usr/local/python/3.10.13/lib/python3.10/site-packages/airflow/example_dags/example_python_operator.py for tasks to queue
[2024-06-24T16:22:23.407+0000] {logging_mixin.py:150} INFO - [2024-06-24T16:22:23.407+0000] {dagbag.py:541} INFO - Filling up the DagBag from /usr/local/python/3.10.13/lib/python3.10/site-packages/airflow/example_dags/example_python_operator.py
[2024-06-24T16:22:23.415+0000] {processor.py:836} INFO - DAG(s) dict_keys(['example_python_operator']) retrieved from /usr/local/python/3.10.13/lib/python3.10/site-packages/airflow/example_dags/example_python_operator.py
[2024-06-24T16:22:23.429+0000] {logging_mixin.py:150} INFO - [2024-06-24T16:22:23.429+0000] {dag.py:2742} INFO - Sync 1 DAGs
[2024-06-24T16:22:23.444+0000] {logging_mixin.py:150} INFO - [2024-06-24T16:22:23.444+0000] {dag.py:3504} INFO - Setting next_dagrun for example_python_operator to None, run_after=None
[2024-06-24T16:22:23.485+0000] {processor.py:179} INFO - Processing /usr/local/python/3.10.13/lib/python3.10/site-packages/airflow/example_dags/example_python_operator.py took 0.082 seconds
[2024-06-24T16:23:09.083+0000] {processor.py:157} INFO - Started process (PID=25908) to work on /usr/local/python/3.10.13/lib/python3.10/site-packages/airflow/example_dags/example_python_operator.py
[2024-06-24T16:23:09.084+0000] {processor.py:826} INFO - Processing file /usr/local/python/3.10.13/lib/python3.10/site-packages/airflow/example_dags/example_python_operator.py for tasks to queue
[2024-06-24T16:23:09.085+0000] {logging_mixin.py:150} INFO - [2024-06-24T16:23:09.084+0000] {dagbag.py:541} INFO - Filling up the DagBag from /usr/local/python/3.10.13/lib/python3.10/site-packages/airflow/example_dags/example_python_operator.py
[2024-06-24T16:23:09.093+0000] {processor.py:836} INFO - DAG(s) dict_keys(['example_python_operator']) retrieved from /usr/local/python/3.10.13/lib/python3.10/site-packages/airflow/example_dags/example_python_operator.py
[2024-06-24T16:23:09.106+0000] {logging_mixin.py:150} INFO - [2024-06-24T16:23:09.106+0000] {dag.py:2742} INFO - Sync 1 DAGs
[2024-06-24T16:23:09.121+0000] {logging_mixin.py:150} INFO - [2024-06-24T16:23:09.121+0000] {dag.py:3504} INFO - Setting next_dagrun for example_python_operator to None, run_after=None
[2024-06-24T16:23:09.170+0000] {processor.py:179} INFO - Processing /usr/local/python/3.10.13/lib/python3.10/site-packages/airflow/example_dags/example_python_operator.py took 0.089 seconds
[2024-06-24T16:23:52.771+0000] {processor.py:157} INFO - Started process (PID=26209) to work on /usr/local/python/3.10.13/lib/python3.10/site-packages/airflow/example_dags/example_python_operator.py
[2024-06-24T16:23:52.772+0000] {processor.py:826} INFO - Processing file /usr/local/python/3.10.13/lib/python3.10/site-packages/airflow/example_dags/example_python_operator.py for tasks to queue
[2024-06-24T16:23:52.773+0000] {logging_mixin.py:150} INFO - [2024-06-24T16:23:52.773+0000] {dagbag.py:541} INFO - Filling up the DagBag from /usr/local/python/3.10.13/lib/python3.10/site-packages/airflow/example_dags/example_python_operator.py
[2024-06-24T16:23:52.781+0000] {processor.py:836} INFO - DAG(s) dict_keys(['example_python_operator']) retrieved from /usr/local/python/3.10.13/lib/python3.10/site-packages/airflow/example_dags/example_python_operator.py
[2024-06-24T16:23:52.795+0000] {logging_mixin.py:150} INFO - [2024-06-24T16:23:52.795+0000] {dag.py:2742} INFO - Sync 1 DAGs
[2024-06-24T16:23:52.810+0000] {logging_mixin.py:150} INFO - [2024-06-24T16:23:52.810+0000] {dag.py:3504} INFO - Setting next_dagrun for example_python_operator to None, run_after=None
[2024-06-24T16:23:52.853+0000] {processor.py:179} INFO - Processing /usr/local/python/3.10.13/lib/python3.10/site-packages/airflow/example_dags/example_python_operator.py took 0.083 seconds
[2024-06-24T16:24:37.119+0000] {processor.py:157} INFO - Started process (PID=26528) to work on /usr/local/python/3.10.13/lib/python3.10/site-packages/airflow/example_dags/example_python_operator.py
[2024-06-24T16:24:37.120+0000] {processor.py:826} INFO - Processing file /usr/local/python/3.10.13/lib/python3.10/site-packages/airflow/example_dags/example_python_operator.py for tasks to queue
[2024-06-24T16:24:37.121+0000] {logging_mixin.py:150} INFO - [2024-06-24T16:24:37.121+0000] {dagbag.py:541} INFO - Filling up the DagBag from /usr/local/python/3.10.13/lib/python3.10/site-packages/airflow/example_dags/example_python_operator.py
[2024-06-24T16:24:37.135+0000] {processor.py:836} INFO - DAG(s) dict_keys(['example_python_operator']) retrieved from /usr/local/python/3.10.13/lib/python3.10/site-packages/airflow/example_dags/example_python_operator.py
[2024-06-24T16:24:37.157+0000] {logging_mixin.py:150} INFO - [2024-06-24T16:24:37.157+0000] {dag.py:2742} INFO - Sync 1 DAGs
[2024-06-24T16:24:37.173+0000] {logging_mixin.py:150} INFO - [2024-06-24T16:24:37.173+0000] {dag.py:3504} INFO - Setting next_dagrun for example_python_operator to None, run_after=None
[2024-06-24T16:24:37.211+0000] {processor.py:179} INFO - Processing /usr/local/python/3.10.13/lib/python3.10/site-packages/airflow/example_dags/example_python_operator.py took 0.095 seconds
[2024-06-24T16:25:28.716+0000] {processor.py:157} INFO - Started process (PID=26888) to work on /usr/local/python/3.10.13/lib/python3.10/site-packages/airflow/example_dags/example_python_operator.py
[2024-06-24T16:25:28.717+0000] {processor.py:826} INFO - Processing file /usr/local/python/3.10.13/lib/python3.10/site-packages/airflow/example_dags/example_python_operator.py for tasks to queue
[2024-06-24T16:25:28.717+0000] {logging_mixin.py:150} INFO - [2024-06-24T16:25:28.717+0000] {dagbag.py:541} INFO - Filling up the DagBag from /usr/local/python/3.10.13/lib/python3.10/site-packages/airflow/example_dags/example_python_operator.py
[2024-06-24T16:25:28.725+0000] {processor.py:836} INFO - DAG(s) dict_keys(['example_python_operator']) retrieved from /usr/local/python/3.10.13/lib/python3.10/site-packages/airflow/example_dags/example_python_operator.py
[2024-06-24T16:25:28.740+0000] {logging_mixin.py:150} INFO - [2024-06-24T16:25:28.740+0000] {dag.py:2742} INFO - Sync 1 DAGs
[2024-06-24T16:25:28.756+0000] {logging_mixin.py:150} INFO - [2024-06-24T16:25:28.756+0000] {dag.py:3504} INFO - Setting next_dagrun for example_python_operator to None, run_after=None
[2024-06-24T16:25:28.792+0000] {processor.py:179} INFO - Processing /usr/local/python/3.10.13/lib/python3.10/site-packages/airflow/example_dags/example_python_operator.py took 0.079 seconds
[2024-06-24T16:26:15.288+0000] {processor.py:157} INFO - Started process (PID=27195) to work on /usr/local/python/3.10.13/lib/python3.10/site-packages/airflow/example_dags/example_python_operator.py
[2024-06-24T16:26:15.289+0000] {processor.py:826} INFO - Processing file /usr/local/python/3.10.13/lib/python3.10/site-packages/airflow/example_dags/example_python_operator.py for tasks to queue
[2024-06-24T16:26:15.289+0000] {logging_mixin.py:150} INFO - [2024-06-24T16:26:15.289+0000] {dagbag.py:541} INFO - Filling up the DagBag from /usr/local/python/3.10.13/lib/python3.10/site-packages/airflow/example_dags/example_python_operator.py
[2024-06-24T16:26:15.298+0000] {processor.py:836} INFO - DAG(s) dict_keys(['example_python_operator']) retrieved from /usr/local/python/3.10.13/lib/python3.10/site-packages/airflow/example_dags/example_python_operator.py
[2024-06-24T16:26:15.313+0000] {logging_mixin.py:150} INFO - [2024-06-24T16:26:15.312+0000] {dag.py:2742} INFO - Sync 1 DAGs
[2024-06-24T16:26:15.328+0000] {logging_mixin.py:150} INFO - [2024-06-24T16:26:15.328+0000] {dag.py:3504} INFO - Setting next_dagrun for example_python_operator to None, run_after=None
[2024-06-24T16:26:15.368+0000] {processor.py:179} INFO - Processing /usr/local/python/3.10.13/lib/python3.10/site-packages/airflow/example_dags/example_python_operator.py took 0.082 seconds
[2024-06-24T16:27:00.124+0000] {processor.py:157} INFO - Started process (PID=27517) to work on /usr/local/python/3.10.13/lib/python3.10/site-packages/airflow/example_dags/example_python_operator.py
[2024-06-24T16:27:00.125+0000] {processor.py:826} INFO - Processing file /usr/local/python/3.10.13/lib/python3.10/site-packages/airflow/example_dags/example_python_operator.py for tasks to queue
[2024-06-24T16:27:00.126+0000] {logging_mixin.py:150} INFO - [2024-06-24T16:27:00.125+0000] {dagbag.py:541} INFO - Filling up the DagBag from /usr/local/python/3.10.13/lib/python3.10/site-packages/airflow/example_dags/example_python_operator.py
[2024-06-24T16:27:00.134+0000] {processor.py:836} INFO - DAG(s) dict_keys(['example_python_operator']) retrieved from /usr/local/python/3.10.13/lib/python3.10/site-packages/airflow/example_dags/example_python_operator.py
[2024-06-24T16:27:00.150+0000] {logging_mixin.py:150} INFO - [2024-06-24T16:27:00.150+0000] {dag.py:2742} INFO - Sync 1 DAGs
[2024-06-24T16:27:00.165+0000] {logging_mixin.py:150} INFO - [2024-06-24T16:27:00.165+0000] {dag.py:3504} INFO - Setting next_dagrun for example_python_operator to None, run_after=None
[2024-06-24T16:27:00.204+0000] {processor.py:179} INFO - Processing /usr/local/python/3.10.13/lib/python3.10/site-packages/airflow/example_dags/example_python_operator.py took 0.082 seconds
[2024-06-24T16:27:46.079+0000] {processor.py:157} INFO - Started process (PID=27828) to work on /usr/local/python/3.10.13/lib/python3.10/site-packages/airflow/example_dags/example_python_operator.py
[2024-06-24T16:27:46.080+0000] {processor.py:826} INFO - Processing file /usr/local/python/3.10.13/lib/python3.10/site-packages/airflow/example_dags/example_python_operator.py for tasks to queue
[2024-06-24T16:27:46.080+0000] {logging_mixin.py:150} INFO - [2024-06-24T16:27:46.080+0000] {dagbag.py:541} INFO - Filling up the DagBag from /usr/local/python/3.10.13/lib/python3.10/site-packages/airflow/example_dags/example_python_operator.py
[2024-06-24T16:27:46.089+0000] {processor.py:836} INFO - DAG(s) dict_keys(['example_python_operator']) retrieved from /usr/local/python/3.10.13/lib/python3.10/site-packages/airflow/example_dags/example_python_operator.py
[2024-06-24T16:27:46.103+0000] {logging_mixin.py:150} INFO - [2024-06-24T16:27:46.103+0000] {dag.py:2742} INFO - Sync 1 DAGs
[2024-06-24T16:27:46.119+0000] {logging_mixin.py:150} INFO - [2024-06-24T16:27:46.119+0000] {dag.py:3504} INFO - Setting next_dagrun for example_python_operator to None, run_after=None
[2024-06-24T16:27:46.171+0000] {processor.py:179} INFO - Processing /usr/local/python/3.10.13/lib/python3.10/site-packages/airflow/example_dags/example_python_operator.py took 0.094 seconds
[2024-06-24T16:28:29.438+0000] {processor.py:157} INFO - Started process (PID=28123) to work on /usr/local/python/3.10.13/lib/python3.10/site-packages/airflow/example_dags/example_python_operator.py
[2024-06-24T16:28:29.439+0000] {processor.py:826} INFO - Processing file /usr/local/python/3.10.13/lib/python3.10/site-packages/airflow/example_dags/example_python_operator.py for tasks to queue
[2024-06-24T16:28:29.439+0000] {logging_mixin.py:150} INFO - [2024-06-24T16:28:29.439+0000] {dagbag.py:541} INFO - Filling up the DagBag from /usr/local/python/3.10.13/lib/python3.10/site-packages/airflow/example_dags/example_python_operator.py
[2024-06-24T16:28:29.448+0000] {processor.py:836} INFO - DAG(s) dict_keys(['example_python_operator']) retrieved from /usr/local/python/3.10.13/lib/python3.10/site-packages/airflow/example_dags/example_python_operator.py
[2024-06-24T16:28:29.463+0000] {logging_mixin.py:150} INFO - [2024-06-24T16:28:29.462+0000] {dag.py:2742} INFO - Sync 1 DAGs
[2024-06-24T16:28:29.477+0000] {logging_mixin.py:150} INFO - [2024-06-24T16:28:29.477+0000] {dag.py:3504} INFO - Setting next_dagrun for example_python_operator to None, run_after=None
[2024-06-24T16:28:29.516+0000] {processor.py:179} INFO - Processing /usr/local/python/3.10.13/lib/python3.10/site-packages/airflow/example_dags/example_python_operator.py took 0.080 seconds
[2024-06-24T16:29:18.067+0000] {processor.py:157} INFO - Started process (PID=28466) to work on /usr/local/python/3.10.13/lib/python3.10/site-packages/airflow/example_dags/example_python_operator.py
[2024-06-24T16:29:18.067+0000] {processor.py:826} INFO - Processing file /usr/local/python/3.10.13/lib/python3.10/site-packages/airflow/example_dags/example_python_operator.py for tasks to queue
[2024-06-24T16:29:18.068+0000] {logging_mixin.py:150} INFO - [2024-06-24T16:29:18.068+0000] {dagbag.py:541} INFO - Filling up the DagBag from /usr/local/python/3.10.13/lib/python3.10/site-packages/airflow/example_dags/example_python_operator.py
[2024-06-24T16:29:18.076+0000] {processor.py:836} INFO - DAG(s) dict_keys(['example_python_operator']) retrieved from /usr/local/python/3.10.13/lib/python3.10/site-packages/airflow/example_dags/example_python_operator.py
[2024-06-24T16:29:18.091+0000] {logging_mixin.py:150} INFO - [2024-06-24T16:29:18.091+0000] {dag.py:2742} INFO - Sync 1 DAGs
[2024-06-24T16:29:18.106+0000] {logging_mixin.py:150} INFO - [2024-06-24T16:29:18.106+0000] {dag.py:3504} INFO - Setting next_dagrun for example_python_operator to None, run_after=None
[2024-06-24T16:29:18.146+0000] {processor.py:179} INFO - Processing /usr/local/python/3.10.13/lib/python3.10/site-packages/airflow/example_dags/example_python_operator.py took 0.081 seconds
[2024-06-24T16:30:04.639+0000] {processor.py:157} INFO - Started process (PID=28800) to work on /usr/local/python/3.10.13/lib/python3.10/site-packages/airflow/example_dags/example_python_operator.py
[2024-06-24T16:30:04.640+0000] {processor.py:826} INFO - Processing file /usr/local/python/3.10.13/lib/python3.10/site-packages/airflow/example_dags/example_python_operator.py for tasks to queue
[2024-06-24T16:30:04.640+0000] {logging_mixin.py:150} INFO - [2024-06-24T16:30:04.640+0000] {dagbag.py:541} INFO - Filling up the DagBag from /usr/local/python/3.10.13/lib/python3.10/site-packages/airflow/example_dags/example_python_operator.py
[2024-06-24T16:30:04.649+0000] {processor.py:836} INFO - DAG(s) dict_keys(['example_python_operator']) retrieved from /usr/local/python/3.10.13/lib/python3.10/site-packages/airflow/example_dags/example_python_operator.py
[2024-06-24T16:30:04.664+0000] {logging_mixin.py:150} INFO - [2024-06-24T16:30:04.664+0000] {dag.py:2742} INFO - Sync 1 DAGs
[2024-06-24T16:30:04.679+0000] {logging_mixin.py:150} INFO - [2024-06-24T16:30:04.679+0000] {dag.py:3504} INFO - Setting next_dagrun for example_python_operator to None, run_after=None
[2024-06-24T16:30:04.719+0000] {processor.py:179} INFO - Processing /usr/local/python/3.10.13/lib/python3.10/site-packages/airflow/example_dags/example_python_operator.py took 0.082 seconds
[2024-06-24T16:30:54.079+0000] {processor.py:157} INFO - Started process (PID=29145) to work on /usr/local/python/3.10.13/lib/python3.10/site-packages/airflow/example_dags/example_python_operator.py
[2024-06-24T16:30:54.080+0000] {processor.py:826} INFO - Processing file /usr/local/python/3.10.13/lib/python3.10/site-packages/airflow/example_dags/example_python_operator.py for tasks to queue
[2024-06-24T16:30:54.081+0000] {logging_mixin.py:150} INFO - [2024-06-24T16:30:54.081+0000] {dagbag.py:541} INFO - Filling up the DagBag from /usr/local/python/3.10.13/lib/python3.10/site-packages/airflow/example_dags/example_python_operator.py
[2024-06-24T16:30:54.089+0000] {processor.py:836} INFO - DAG(s) dict_keys(['example_python_operator']) retrieved from /usr/local/python/3.10.13/lib/python3.10/site-packages/airflow/example_dags/example_python_operator.py
[2024-06-24T16:30:54.103+0000] {logging_mixin.py:150} INFO - [2024-06-24T16:30:54.103+0000] {dag.py:2742} INFO - Sync 1 DAGs
[2024-06-24T16:30:54.119+0000] {logging_mixin.py:150} INFO - [2024-06-24T16:30:54.119+0000] {dag.py:3504} INFO - Setting next_dagrun for example_python_operator to None, run_after=None
[2024-06-24T16:30:54.159+0000] {processor.py:179} INFO - Processing /usr/local/python/3.10.13/lib/python3.10/site-packages/airflow/example_dags/example_python_operator.py took 0.082 seconds
[2024-06-24T17:08:11.903+0000] {processor.py:157} INFO - Started process (PID=9556) to work on /usr/local/python/3.10.13/lib/python3.10/site-packages/airflow/example_dags/example_python_operator.py
[2024-06-24T17:08:11.907+0000] {processor.py:826} INFO - Processing file /usr/local/python/3.10.13/lib/python3.10/site-packages/airflow/example_dags/example_python_operator.py for tasks to queue
[2024-06-24T17:08:11.907+0000] {logging_mixin.py:150} INFO - [2024-06-24T17:08:11.907+0000] {dagbag.py:541} INFO - Filling up the DagBag from /usr/local/python/3.10.13/lib/python3.10/site-packages/airflow/example_dags/example_python_operator.py
[2024-06-24T17:08:11.917+0000] {processor.py:836} INFO - DAG(s) dict_keys(['example_python_operator']) retrieved from /usr/local/python/3.10.13/lib/python3.10/site-packages/airflow/example_dags/example_python_operator.py
[2024-06-24T17:08:12.042+0000] {logging_mixin.py:150} INFO - [2024-06-24T17:08:12.042+0000] {dag.py:2742} INFO - Sync 1 DAGs
[2024-06-24T17:08:12.057+0000] {logging_mixin.py:150} INFO - [2024-06-24T17:08:12.056+0000] {dag.py:3504} INFO - Setting next_dagrun for example_python_operator to None, run_after=None
[2024-06-24T17:08:12.099+0000] {processor.py:179} INFO - Processing /usr/local/python/3.10.13/lib/python3.10/site-packages/airflow/example_dags/example_python_operator.py took 0.198 seconds
[2024-06-24T17:08:59.957+0000] {processor.py:157} INFO - Started process (PID=9882) to work on /usr/local/python/3.10.13/lib/python3.10/site-packages/airflow/example_dags/example_python_operator.py
[2024-06-24T17:08:59.958+0000] {processor.py:826} INFO - Processing file /usr/local/python/3.10.13/lib/python3.10/site-packages/airflow/example_dags/example_python_operator.py for tasks to queue
[2024-06-24T17:08:59.959+0000] {logging_mixin.py:150} INFO - [2024-06-24T17:08:59.958+0000] {dagbag.py:541} INFO - Filling up the DagBag from /usr/local/python/3.10.13/lib/python3.10/site-packages/airflow/example_dags/example_python_operator.py
[2024-06-24T17:08:59.967+0000] {processor.py:836} INFO - DAG(s) dict_keys(['example_python_operator']) retrieved from /usr/local/python/3.10.13/lib/python3.10/site-packages/airflow/example_dags/example_python_operator.py
[2024-06-24T17:08:59.982+0000] {logging_mixin.py:150} INFO - [2024-06-24T17:08:59.982+0000] {dag.py:2742} INFO - Sync 1 DAGs
[2024-06-24T17:08:59.996+0000] {logging_mixin.py:150} INFO - [2024-06-24T17:08:59.996+0000] {dag.py:3504} INFO - Setting next_dagrun for example_python_operator to None, run_after=None
[2024-06-24T17:09:00.043+0000] {processor.py:179} INFO - Processing /usr/local/python/3.10.13/lib/python3.10/site-packages/airflow/example_dags/example_python_operator.py took 0.088 seconds
[2024-06-24T17:09:51.921+0000] {processor.py:157} INFO - Started process (PID=10244) to work on /usr/local/python/3.10.13/lib/python3.10/site-packages/airflow/example_dags/example_python_operator.py
[2024-06-24T17:09:51.922+0000] {processor.py:826} INFO - Processing file /usr/local/python/3.10.13/lib/python3.10/site-packages/airflow/example_dags/example_python_operator.py for tasks to queue
[2024-06-24T17:09:51.923+0000] {logging_mixin.py:150} INFO - [2024-06-24T17:09:51.922+0000] {dagbag.py:541} INFO - Filling up the DagBag from /usr/local/python/3.10.13/lib/python3.10/site-packages/airflow/example_dags/example_python_operator.py
[2024-06-24T17:09:51.931+0000] {processor.py:836} INFO - DAG(s) dict_keys(['example_python_operator']) retrieved from /usr/local/python/3.10.13/lib/python3.10/site-packages/airflow/example_dags/example_python_operator.py
[2024-06-24T17:09:51.945+0000] {logging_mixin.py:150} INFO - [2024-06-24T17:09:51.945+0000] {dag.py:2742} INFO - Sync 1 DAGs
[2024-06-24T17:09:51.959+0000] {logging_mixin.py:150} INFO - [2024-06-24T17:09:51.959+0000] {dag.py:3504} INFO - Setting next_dagrun for example_python_operator to None, run_after=None
[2024-06-24T17:09:51.999+0000] {processor.py:179} INFO - Processing /usr/local/python/3.10.13/lib/python3.10/site-packages/airflow/example_dags/example_python_operator.py took 0.080 seconds
[2024-06-24T17:10:47.360+0000] {processor.py:157} INFO - Started process (PID=10650) to work on /usr/local/python/3.10.13/lib/python3.10/site-packages/airflow/example_dags/example_python_operator.py
[2024-06-24T17:10:47.361+0000] {processor.py:826} INFO - Processing file /usr/local/python/3.10.13/lib/python3.10/site-packages/airflow/example_dags/example_python_operator.py for tasks to queue
[2024-06-24T17:10:47.362+0000] {logging_mixin.py:150} INFO - [2024-06-24T17:10:47.361+0000] {dagbag.py:541} INFO - Filling up the DagBag from /usr/local/python/3.10.13/lib/python3.10/site-packages/airflow/example_dags/example_python_operator.py
[2024-06-24T17:10:47.371+0000] {processor.py:836} INFO - DAG(s) dict_keys(['example_python_operator']) retrieved from /usr/local/python/3.10.13/lib/python3.10/site-packages/airflow/example_dags/example_python_operator.py
[2024-06-24T17:10:47.386+0000] {logging_mixin.py:150} INFO - [2024-06-24T17:10:47.386+0000] {dag.py:2742} INFO - Sync 1 DAGs
[2024-06-24T17:10:47.402+0000] {logging_mixin.py:150} INFO - [2024-06-24T17:10:47.401+0000] {dag.py:3504} INFO - Setting next_dagrun for example_python_operator to None, run_after=None
[2024-06-24T17:10:47.441+0000] {processor.py:179} INFO - Processing /usr/local/python/3.10.13/lib/python3.10/site-packages/airflow/example_dags/example_python_operator.py took 0.084 seconds
[2024-06-24T17:11:39.528+0000] {processor.py:157} INFO - Started process (PID=11050) to work on /usr/local/python/3.10.13/lib/python3.10/site-packages/airflow/example_dags/example_python_operator.py
[2024-06-24T17:11:39.529+0000] {processor.py:826} INFO - Processing file /usr/local/python/3.10.13/lib/python3.10/site-packages/airflow/example_dags/example_python_operator.py for tasks to queue
[2024-06-24T17:11:39.529+0000] {logging_mixin.py:150} INFO - [2024-06-24T17:11:39.529+0000] {dagbag.py:541} INFO - Filling up the DagBag from /usr/local/python/3.10.13/lib/python3.10/site-packages/airflow/example_dags/example_python_operator.py
[2024-06-24T17:11:39.537+0000] {processor.py:836} INFO - DAG(s) dict_keys(['example_python_operator']) retrieved from /usr/local/python/3.10.13/lib/python3.10/site-packages/airflow/example_dags/example_python_operator.py
[2024-06-24T17:11:39.552+0000] {logging_mixin.py:150} INFO - [2024-06-24T17:11:39.551+0000] {dag.py:2742} INFO - Sync 1 DAGs
[2024-06-24T17:11:39.566+0000] {logging_mixin.py:150} INFO - [2024-06-24T17:11:39.566+0000] {dag.py:3504} INFO - Setting next_dagrun for example_python_operator to None, run_after=None
[2024-06-24T17:11:39.607+0000] {processor.py:179} INFO - Processing /usr/local/python/3.10.13/lib/python3.10/site-packages/airflow/example_dags/example_python_operator.py took 0.081 seconds
[2024-06-24T17:12:28.917+0000] {processor.py:157} INFO - Started process (PID=11428) to work on /usr/local/python/3.10.13/lib/python3.10/site-packages/airflow/example_dags/example_python_operator.py
[2024-06-24T17:12:28.918+0000] {processor.py:826} INFO - Processing file /usr/local/python/3.10.13/lib/python3.10/site-packages/airflow/example_dags/example_python_operator.py for tasks to queue
[2024-06-24T17:12:28.919+0000] {logging_mixin.py:150} INFO - [2024-06-24T17:12:28.918+0000] {dagbag.py:541} INFO - Filling up the DagBag from /usr/local/python/3.10.13/lib/python3.10/site-packages/airflow/example_dags/example_python_operator.py
[2024-06-24T17:12:28.927+0000] {processor.py:836} INFO - DAG(s) dict_keys(['example_python_operator']) retrieved from /usr/local/python/3.10.13/lib/python3.10/site-packages/airflow/example_dags/example_python_operator.py
[2024-06-24T17:12:28.942+0000] {logging_mixin.py:150} INFO - [2024-06-24T17:12:28.942+0000] {dag.py:2742} INFO - Sync 1 DAGs
[2024-06-24T17:12:28.958+0000] {logging_mixin.py:150} INFO - [2024-06-24T17:12:28.957+0000] {dag.py:3504} INFO - Setting next_dagrun for example_python_operator to None, run_after=None
[2024-06-24T17:12:29.003+0000] {processor.py:179} INFO - Processing /usr/local/python/3.10.13/lib/python3.10/site-packages/airflow/example_dags/example_python_operator.py took 0.088 seconds
[2024-06-24T17:13:16.746+0000] {processor.py:157} INFO - Started process (PID=11787) to work on /usr/local/python/3.10.13/lib/python3.10/site-packages/airflow/example_dags/example_python_operator.py
[2024-06-24T17:13:16.747+0000] {processor.py:826} INFO - Processing file /usr/local/python/3.10.13/lib/python3.10/site-packages/airflow/example_dags/example_python_operator.py for tasks to queue
[2024-06-24T17:13:16.748+0000] {logging_mixin.py:150} INFO - [2024-06-24T17:13:16.747+0000] {dagbag.py:541} INFO - Filling up the DagBag from /usr/local/python/3.10.13/lib/python3.10/site-packages/airflow/example_dags/example_python_operator.py
[2024-06-24T17:13:16.758+0000] {processor.py:836} INFO - DAG(s) dict_keys(['example_python_operator']) retrieved from /usr/local/python/3.10.13/lib/python3.10/site-packages/airflow/example_dags/example_python_operator.py
[2024-06-24T17:13:16.772+0000] {logging_mixin.py:150} INFO - [2024-06-24T17:13:16.772+0000] {dag.py:2742} INFO - Sync 1 DAGs
[2024-06-24T17:13:16.787+0000] {logging_mixin.py:150} INFO - [2024-06-24T17:13:16.787+0000] {dag.py:3504} INFO - Setting next_dagrun for example_python_operator to None, run_after=None
[2024-06-24T17:13:16.838+0000] {processor.py:179} INFO - Processing /usr/local/python/3.10.13/lib/python3.10/site-packages/airflow/example_dags/example_python_operator.py took 0.095 seconds
[2024-06-24T17:14:00.816+0000] {processor.py:157} INFO - Started process (PID=12147) to work on /usr/local/python/3.10.13/lib/python3.10/site-packages/airflow/example_dags/example_python_operator.py
[2024-06-24T17:14:00.816+0000] {processor.py:826} INFO - Processing file /usr/local/python/3.10.13/lib/python3.10/site-packages/airflow/example_dags/example_python_operator.py for tasks to queue
[2024-06-24T17:14:00.817+0000] {logging_mixin.py:150} INFO - [2024-06-24T17:14:00.817+0000] {dagbag.py:541} INFO - Filling up the DagBag from /usr/local/python/3.10.13/lib/python3.10/site-packages/airflow/example_dags/example_python_operator.py
[2024-06-24T17:14:00.825+0000] {processor.py:836} INFO - DAG(s) dict_keys(['example_python_operator']) retrieved from /usr/local/python/3.10.13/lib/python3.10/site-packages/airflow/example_dags/example_python_operator.py
[2024-06-24T17:14:00.840+0000] {logging_mixin.py:150} INFO - [2024-06-24T17:14:00.840+0000] {dag.py:2742} INFO - Sync 1 DAGs
[2024-06-24T17:14:00.855+0000] {logging_mixin.py:150} INFO - [2024-06-24T17:14:00.855+0000] {dag.py:3504} INFO - Setting next_dagrun for example_python_operator to None, run_after=None
[2024-06-24T17:14:00.909+0000] {processor.py:179} INFO - Processing /usr/local/python/3.10.13/lib/python3.10/site-packages/airflow/example_dags/example_python_operator.py took 0.095 seconds
[2024-06-24T17:14:46.214+0000] {processor.py:157} INFO - Started process (PID=12488) to work on /usr/local/python/3.10.13/lib/python3.10/site-packages/airflow/example_dags/example_python_operator.py
[2024-06-24T17:14:46.214+0000] {processor.py:826} INFO - Processing file /usr/local/python/3.10.13/lib/python3.10/site-packages/airflow/example_dags/example_python_operator.py for tasks to queue
[2024-06-24T17:14:46.215+0000] {logging_mixin.py:150} INFO - [2024-06-24T17:14:46.215+0000] {dagbag.py:541} INFO - Filling up the DagBag from /usr/local/python/3.10.13/lib/python3.10/site-packages/airflow/example_dags/example_python_operator.py
[2024-06-24T17:14:46.223+0000] {processor.py:836} INFO - DAG(s) dict_keys(['example_python_operator']) retrieved from /usr/local/python/3.10.13/lib/python3.10/site-packages/airflow/example_dags/example_python_operator.py
[2024-06-24T17:14:46.238+0000] {logging_mixin.py:150} INFO - [2024-06-24T17:14:46.238+0000] {dag.py:2742} INFO - Sync 1 DAGs
[2024-06-24T17:14:46.253+0000] {logging_mixin.py:150} INFO - [2024-06-24T17:14:46.253+0000] {dag.py:3504} INFO - Setting next_dagrun for example_python_operator to None, run_after=None
[2024-06-24T17:14:46.299+0000] {processor.py:179} INFO - Processing /usr/local/python/3.10.13/lib/python3.10/site-packages/airflow/example_dags/example_python_operator.py took 0.088 seconds
[2024-06-24T17:15:36.521+0000] {processor.py:157} INFO - Started process (PID=12869) to work on /usr/local/python/3.10.13/lib/python3.10/site-packages/airflow/example_dags/example_python_operator.py
[2024-06-24T17:15:36.521+0000] {processor.py:826} INFO - Processing file /usr/local/python/3.10.13/lib/python3.10/site-packages/airflow/example_dags/example_python_operator.py for tasks to queue
[2024-06-24T17:15:36.522+0000] {logging_mixin.py:150} INFO - [2024-06-24T17:15:36.522+0000] {dagbag.py:541} INFO - Filling up the DagBag from /usr/local/python/3.10.13/lib/python3.10/site-packages/airflow/example_dags/example_python_operator.py
[2024-06-24T17:15:36.531+0000] {processor.py:836} INFO - DAG(s) dict_keys(['example_python_operator']) retrieved from /usr/local/python/3.10.13/lib/python3.10/site-packages/airflow/example_dags/example_python_operator.py
[2024-06-24T17:15:36.546+0000] {logging_mixin.py:150} INFO - [2024-06-24T17:15:36.546+0000] {dag.py:2742} INFO - Sync 1 DAGs
[2024-06-24T17:15:36.560+0000] {logging_mixin.py:150} INFO - [2024-06-24T17:15:36.560+0000] {dag.py:3504} INFO - Setting next_dagrun for example_python_operator to None, run_after=None
[2024-06-24T17:15:36.598+0000] {processor.py:179} INFO - Processing /usr/local/python/3.10.13/lib/python3.10/site-packages/airflow/example_dags/example_python_operator.py took 0.080 seconds
[2024-06-24T17:16:24.666+0000] {processor.py:157} INFO - Started process (PID=13232) to work on /usr/local/python/3.10.13/lib/python3.10/site-packages/airflow/example_dags/example_python_operator.py
[2024-06-24T17:16:24.667+0000] {processor.py:826} INFO - Processing file /usr/local/python/3.10.13/lib/python3.10/site-packages/airflow/example_dags/example_python_operator.py for tasks to queue
[2024-06-24T17:16:24.667+0000] {logging_mixin.py:150} INFO - [2024-06-24T17:16:24.667+0000] {dagbag.py:541} INFO - Filling up the DagBag from /usr/local/python/3.10.13/lib/python3.10/site-packages/airflow/example_dags/example_python_operator.py
[2024-06-24T17:16:24.676+0000] {processor.py:836} INFO - DAG(s) dict_keys(['example_python_operator']) retrieved from /usr/local/python/3.10.13/lib/python3.10/site-packages/airflow/example_dags/example_python_operator.py
[2024-06-24T17:16:24.690+0000] {logging_mixin.py:150} INFO - [2024-06-24T17:16:24.689+0000] {dag.py:2742} INFO - Sync 1 DAGs
[2024-06-24T17:16:24.704+0000] {logging_mixin.py:150} INFO - [2024-06-24T17:16:24.704+0000] {dag.py:3504} INFO - Setting next_dagrun for example_python_operator to None, run_after=None
[2024-06-24T17:16:24.746+0000] {processor.py:179} INFO - Processing /usr/local/python/3.10.13/lib/python3.10/site-packages/airflow/example_dags/example_python_operator.py took 0.082 seconds
[2024-06-24T17:17:14.680+0000] {processor.py:157} INFO - Started process (PID=13619) to work on /usr/local/python/3.10.13/lib/python3.10/site-packages/airflow/example_dags/example_python_operator.py
[2024-06-24T17:17:14.680+0000] {processor.py:826} INFO - Processing file /usr/local/python/3.10.13/lib/python3.10/site-packages/airflow/example_dags/example_python_operator.py for tasks to queue
[2024-06-24T17:17:14.681+0000] {logging_mixin.py:150} INFO - [2024-06-24T17:17:14.681+0000] {dagbag.py:541} INFO - Filling up the DagBag from /usr/local/python/3.10.13/lib/python3.10/site-packages/airflow/example_dags/example_python_operator.py
[2024-06-24T17:17:14.689+0000] {processor.py:836} INFO - DAG(s) dict_keys(['example_python_operator']) retrieved from /usr/local/python/3.10.13/lib/python3.10/site-packages/airflow/example_dags/example_python_operator.py
[2024-06-24T17:17:14.703+0000] {logging_mixin.py:150} INFO - [2024-06-24T17:17:14.703+0000] {dag.py:2742} INFO - Sync 1 DAGs
[2024-06-24T17:17:14.719+0000] {logging_mixin.py:150} INFO - [2024-06-24T17:17:14.719+0000] {dag.py:3504} INFO - Setting next_dagrun for example_python_operator to None, run_after=None
[2024-06-24T17:17:14.757+0000] {processor.py:179} INFO - Processing /usr/local/python/3.10.13/lib/python3.10/site-packages/airflow/example_dags/example_python_operator.py took 0.080 seconds
[2024-06-24T17:18:19.651+0000] {processor.py:157} INFO - Started process (PID=14059) to work on /usr/local/python/3.10.13/lib/python3.10/site-packages/airflow/example_dags/example_python_operator.py
[2024-06-24T17:18:19.651+0000] {processor.py:826} INFO - Processing file /usr/local/python/3.10.13/lib/python3.10/site-packages/airflow/example_dags/example_python_operator.py for tasks to queue
[2024-06-24T17:18:19.652+0000] {logging_mixin.py:150} INFO - [2024-06-24T17:18:19.652+0000] {dagbag.py:541} INFO - Filling up the DagBag from /usr/local/python/3.10.13/lib/python3.10/site-packages/airflow/example_dags/example_python_operator.py
[2024-06-24T17:18:19.660+0000] {processor.py:836} INFO - DAG(s) dict_keys(['example_python_operator']) retrieved from /usr/local/python/3.10.13/lib/python3.10/site-packages/airflow/example_dags/example_python_operator.py
[2024-06-24T17:18:19.675+0000] {logging_mixin.py:150} INFO - [2024-06-24T17:18:19.675+0000] {dag.py:2742} INFO - Sync 1 DAGs
[2024-06-24T17:18:19.689+0000] {logging_mixin.py:150} INFO - [2024-06-24T17:18:19.689+0000] {dag.py:3504} INFO - Setting next_dagrun for example_python_operator to None, run_after=None
[2024-06-24T17:18:19.729+0000] {processor.py:179} INFO - Processing /usr/local/python/3.10.13/lib/python3.10/site-packages/airflow/example_dags/example_python_operator.py took 0.081 seconds
[2024-06-24T17:19:03.574+0000] {processor.py:157} INFO - Started process (PID=14381) to work on /usr/local/python/3.10.13/lib/python3.10/site-packages/airflow/example_dags/example_python_operator.py
[2024-06-24T17:19:03.574+0000] {processor.py:826} INFO - Processing file /usr/local/python/3.10.13/lib/python3.10/site-packages/airflow/example_dags/example_python_operator.py for tasks to queue
[2024-06-24T17:19:03.575+0000] {logging_mixin.py:150} INFO - [2024-06-24T17:19:03.575+0000] {dagbag.py:541} INFO - Filling up the DagBag from /usr/local/python/3.10.13/lib/python3.10/site-packages/airflow/example_dags/example_python_operator.py
[2024-06-24T17:19:03.584+0000] {processor.py:836} INFO - DAG(s) dict_keys(['example_python_operator']) retrieved from /usr/local/python/3.10.13/lib/python3.10/site-packages/airflow/example_dags/example_python_operator.py
[2024-06-24T17:19:03.604+0000] {logging_mixin.py:150} INFO - [2024-06-24T17:19:03.604+0000] {dag.py:2742} INFO - Sync 1 DAGs
[2024-06-24T17:19:03.634+0000] {logging_mixin.py:150} INFO - [2024-06-24T17:19:03.634+0000] {dag.py:3504} INFO - Setting next_dagrun for example_python_operator to None, run_after=None
[2024-06-24T17:19:03.688+0000] {processor.py:179} INFO - Processing /usr/local/python/3.10.13/lib/python3.10/site-packages/airflow/example_dags/example_python_operator.py took 0.117 seconds
[2024-06-24T17:19:59.248+0000] {processor.py:157} INFO - Started process (PID=14817) to work on /usr/local/python/3.10.13/lib/python3.10/site-packages/airflow/example_dags/example_python_operator.py
[2024-06-24T17:19:59.249+0000] {processor.py:826} INFO - Processing file /usr/local/python/3.10.13/lib/python3.10/site-packages/airflow/example_dags/example_python_operator.py for tasks to queue
[2024-06-24T17:19:59.250+0000] {logging_mixin.py:150} INFO - [2024-06-24T17:19:59.249+0000] {dagbag.py:541} INFO - Filling up the DagBag from /usr/local/python/3.10.13/lib/python3.10/site-packages/airflow/example_dags/example_python_operator.py
[2024-06-24T17:19:59.258+0000] {processor.py:836} INFO - DAG(s) dict_keys(['example_python_operator']) retrieved from /usr/local/python/3.10.13/lib/python3.10/site-packages/airflow/example_dags/example_python_operator.py
[2024-06-24T17:19:59.272+0000] {logging_mixin.py:150} INFO - [2024-06-24T17:19:59.272+0000] {dag.py:2742} INFO - Sync 1 DAGs
[2024-06-24T17:19:59.287+0000] {logging_mixin.py:150} INFO - [2024-06-24T17:19:59.287+0000] {dag.py:3504} INFO - Setting next_dagrun for example_python_operator to None, run_after=None
[2024-06-24T17:19:59.327+0000] {processor.py:179} INFO - Processing /usr/local/python/3.10.13/lib/python3.10/site-packages/airflow/example_dags/example_python_operator.py took 0.081 seconds
[2024-06-24T17:20:59.798+0000] {processor.py:157} INFO - Started process (PID=15235) to work on /usr/local/python/3.10.13/lib/python3.10/site-packages/airflow/example_dags/example_python_operator.py
[2024-06-24T17:20:59.799+0000] {processor.py:826} INFO - Processing file /usr/local/python/3.10.13/lib/python3.10/site-packages/airflow/example_dags/example_python_operator.py for tasks to queue
[2024-06-24T17:20:59.800+0000] {logging_mixin.py:150} INFO - [2024-06-24T17:20:59.800+0000] {dagbag.py:541} INFO - Filling up the DagBag from /usr/local/python/3.10.13/lib/python3.10/site-packages/airflow/example_dags/example_python_operator.py
[2024-06-24T17:20:59.808+0000] {processor.py:836} INFO - DAG(s) dict_keys(['example_python_operator']) retrieved from /usr/local/python/3.10.13/lib/python3.10/site-packages/airflow/example_dags/example_python_operator.py
[2024-06-24T17:20:59.823+0000] {logging_mixin.py:150} INFO - [2024-06-24T17:20:59.823+0000] {dag.py:2742} INFO - Sync 1 DAGs
[2024-06-24T17:20:59.838+0000] {logging_mixin.py:150} INFO - [2024-06-24T17:20:59.838+0000] {dag.py:3504} INFO - Setting next_dagrun for example_python_operator to None, run_after=None
[2024-06-24T17:20:59.883+0000] {processor.py:179} INFO - Processing /usr/local/python/3.10.13/lib/python3.10/site-packages/airflow/example_dags/example_python_operator.py took 0.087 seconds
[2024-06-24T17:21:52.889+0000] {processor.py:157} INFO - Started process (PID=15603) to work on /usr/local/python/3.10.13/lib/python3.10/site-packages/airflow/example_dags/example_python_operator.py
[2024-06-24T17:21:52.890+0000] {processor.py:826} INFO - Processing file /usr/local/python/3.10.13/lib/python3.10/site-packages/airflow/example_dags/example_python_operator.py for tasks to queue
[2024-06-24T17:21:52.890+0000] {logging_mixin.py:150} INFO - [2024-06-24T17:21:52.890+0000] {dagbag.py:541} INFO - Filling up the DagBag from /usr/local/python/3.10.13/lib/python3.10/site-packages/airflow/example_dags/example_python_operator.py
[2024-06-24T17:21:52.898+0000] {processor.py:836} INFO - DAG(s) dict_keys(['example_python_operator']) retrieved from /usr/local/python/3.10.13/lib/python3.10/site-packages/airflow/example_dags/example_python_operator.py
[2024-06-24T17:21:52.913+0000] {logging_mixin.py:150} INFO - [2024-06-24T17:21:52.912+0000] {dag.py:2742} INFO - Sync 1 DAGs
[2024-06-24T17:21:52.927+0000] {logging_mixin.py:150} INFO - [2024-06-24T17:21:52.927+0000] {dag.py:3504} INFO - Setting next_dagrun for example_python_operator to None, run_after=None
[2024-06-24T17:21:52.976+0000] {processor.py:179} INFO - Processing /usr/local/python/3.10.13/lib/python3.10/site-packages/airflow/example_dags/example_python_operator.py took 0.090 seconds
[2024-06-24T17:22:41.895+0000] {processor.py:157} INFO - Started process (PID=15950) to work on /usr/local/python/3.10.13/lib/python3.10/site-packages/airflow/example_dags/example_python_operator.py
[2024-06-24T17:22:41.896+0000] {processor.py:826} INFO - Processing file /usr/local/python/3.10.13/lib/python3.10/site-packages/airflow/example_dags/example_python_operator.py for tasks to queue
[2024-06-24T17:22:41.897+0000] {logging_mixin.py:150} INFO - [2024-06-24T17:22:41.897+0000] {dagbag.py:541} INFO - Filling up the DagBag from /usr/local/python/3.10.13/lib/python3.10/site-packages/airflow/example_dags/example_python_operator.py
[2024-06-24T17:22:41.909+0000] {processor.py:836} INFO - DAG(s) dict_keys(['example_python_operator']) retrieved from /usr/local/python/3.10.13/lib/python3.10/site-packages/airflow/example_dags/example_python_operator.py
[2024-06-24T17:22:41.926+0000] {logging_mixin.py:150} INFO - [2024-06-24T17:22:41.926+0000] {dag.py:2742} INFO - Sync 1 DAGs
[2024-06-24T17:22:41.949+0000] {logging_mixin.py:150} INFO - [2024-06-24T17:22:41.948+0000] {dag.py:3504} INFO - Setting next_dagrun for example_python_operator to None, run_after=None
[2024-06-24T17:22:41.989+0000] {processor.py:179} INFO - Processing /usr/local/python/3.10.13/lib/python3.10/site-packages/airflow/example_dags/example_python_operator.py took 0.097 seconds
[2024-06-24T17:23:36.843+0000] {processor.py:157} INFO - Started process (PID=16323) to work on /usr/local/python/3.10.13/lib/python3.10/site-packages/airflow/example_dags/example_python_operator.py
[2024-06-24T17:23:36.843+0000] {processor.py:826} INFO - Processing file /usr/local/python/3.10.13/lib/python3.10/site-packages/airflow/example_dags/example_python_operator.py for tasks to queue
[2024-06-24T17:23:36.844+0000] {logging_mixin.py:150} INFO - [2024-06-24T17:23:36.844+0000] {dagbag.py:541} INFO - Filling up the DagBag from /usr/local/python/3.10.13/lib/python3.10/site-packages/airflow/example_dags/example_python_operator.py
[2024-06-24T17:23:36.852+0000] {processor.py:836} INFO - DAG(s) dict_keys(['example_python_operator']) retrieved from /usr/local/python/3.10.13/lib/python3.10/site-packages/airflow/example_dags/example_python_operator.py
[2024-06-24T17:23:36.867+0000] {logging_mixin.py:150} INFO - [2024-06-24T17:23:36.866+0000] {dag.py:2742} INFO - Sync 1 DAGs
[2024-06-24T17:23:36.881+0000] {logging_mixin.py:150} INFO - [2024-06-24T17:23:36.881+0000] {dag.py:3504} INFO - Setting next_dagrun for example_python_operator to None, run_after=None
[2024-06-24T17:23:36.921+0000] {processor.py:179} INFO - Processing /usr/local/python/3.10.13/lib/python3.10/site-packages/airflow/example_dags/example_python_operator.py took 0.081 seconds
[2024-06-24T17:24:26.312+0000] {processor.py:157} INFO - Started process (PID=16676) to work on /usr/local/python/3.10.13/lib/python3.10/site-packages/airflow/example_dags/example_python_operator.py
[2024-06-24T17:24:26.312+0000] {processor.py:826} INFO - Processing file /usr/local/python/3.10.13/lib/python3.10/site-packages/airflow/example_dags/example_python_operator.py for tasks to queue
[2024-06-24T17:24:26.313+0000] {logging_mixin.py:150} INFO - [2024-06-24T17:24:26.313+0000] {dagbag.py:541} INFO - Filling up the DagBag from /usr/local/python/3.10.13/lib/python3.10/site-packages/airflow/example_dags/example_python_operator.py
[2024-06-24T17:24:26.321+0000] {processor.py:836} INFO - DAG(s) dict_keys(['example_python_operator']) retrieved from /usr/local/python/3.10.13/lib/python3.10/site-packages/airflow/example_dags/example_python_operator.py
[2024-06-24T17:24:26.335+0000] {logging_mixin.py:150} INFO - [2024-06-24T17:24:26.335+0000] {dag.py:2742} INFO - Sync 1 DAGs
[2024-06-24T17:24:26.350+0000] {logging_mixin.py:150} INFO - [2024-06-24T17:24:26.350+0000] {dag.py:3504} INFO - Setting next_dagrun for example_python_operator to None, run_after=None
[2024-06-24T17:24:26.396+0000] {processor.py:179} INFO - Processing /usr/local/python/3.10.13/lib/python3.10/site-packages/airflow/example_dags/example_python_operator.py took 0.087 seconds
[2024-06-24T17:25:22.231+0000] {processor.py:157} INFO - Started process (PID=17070) to work on /usr/local/python/3.10.13/lib/python3.10/site-packages/airflow/example_dags/example_python_operator.py
[2024-06-24T17:25:22.232+0000] {processor.py:826} INFO - Processing file /usr/local/python/3.10.13/lib/python3.10/site-packages/airflow/example_dags/example_python_operator.py for tasks to queue
[2024-06-24T17:25:22.233+0000] {logging_mixin.py:150} INFO - [2024-06-24T17:25:22.232+0000] {dagbag.py:541} INFO - Filling up the DagBag from /usr/local/python/3.10.13/lib/python3.10/site-packages/airflow/example_dags/example_python_operator.py
[2024-06-24T17:25:22.241+0000] {processor.py:836} INFO - DAG(s) dict_keys(['example_python_operator']) retrieved from /usr/local/python/3.10.13/lib/python3.10/site-packages/airflow/example_dags/example_python_operator.py
[2024-06-24T17:25:22.255+0000] {logging_mixin.py:150} INFO - [2024-06-24T17:25:22.255+0000] {dag.py:2742} INFO - Sync 1 DAGs
[2024-06-24T17:25:22.274+0000] {logging_mixin.py:150} INFO - [2024-06-24T17:25:22.274+0000] {dag.py:3504} INFO - Setting next_dagrun for example_python_operator to None, run_after=None
[2024-06-24T17:25:22.319+0000] {processor.py:179} INFO - Processing /usr/local/python/3.10.13/lib/python3.10/site-packages/airflow/example_dags/example_python_operator.py took 0.090 seconds
[2024-06-24T17:26:11.724+0000] {processor.py:157} INFO - Started process (PID=17425) to work on /usr/local/python/3.10.13/lib/python3.10/site-packages/airflow/example_dags/example_python_operator.py
[2024-06-24T17:26:11.725+0000] {processor.py:826} INFO - Processing file /usr/local/python/3.10.13/lib/python3.10/site-packages/airflow/example_dags/example_python_operator.py for tasks to queue
[2024-06-24T17:26:11.726+0000] {logging_mixin.py:150} INFO - [2024-06-24T17:26:11.726+0000] {dagbag.py:541} INFO - Filling up the DagBag from /usr/local/python/3.10.13/lib/python3.10/site-packages/airflow/example_dags/example_python_operator.py
[2024-06-24T17:26:11.734+0000] {processor.py:836} INFO - DAG(s) dict_keys(['example_python_operator']) retrieved from /usr/local/python/3.10.13/lib/python3.10/site-packages/airflow/example_dags/example_python_operator.py
[2024-06-24T17:26:11.748+0000] {logging_mixin.py:150} INFO - [2024-06-24T17:26:11.748+0000] {dag.py:2742} INFO - Sync 1 DAGs
[2024-06-24T17:26:11.763+0000] {logging_mixin.py:150} INFO - [2024-06-24T17:26:11.762+0000] {dag.py:3504} INFO - Setting next_dagrun for example_python_operator to None, run_after=None
[2024-06-24T17:26:11.803+0000] {processor.py:179} INFO - Processing /usr/local/python/3.10.13/lib/python3.10/site-packages/airflow/example_dags/example_python_operator.py took 0.081 seconds
[2024-06-24T17:26:59.572+0000] {processor.py:157} INFO - Started process (PID=17745) to work on /usr/local/python/3.10.13/lib/python3.10/site-packages/airflow/example_dags/example_python_operator.py
[2024-06-24T17:26:59.572+0000] {processor.py:826} INFO - Processing file /usr/local/python/3.10.13/lib/python3.10/site-packages/airflow/example_dags/example_python_operator.py for tasks to queue
[2024-06-24T17:26:59.573+0000] {logging_mixin.py:150} INFO - [2024-06-24T17:26:59.573+0000] {dagbag.py:541} INFO - Filling up the DagBag from /usr/local/python/3.10.13/lib/python3.10/site-packages/airflow/example_dags/example_python_operator.py
[2024-06-24T17:26:59.581+0000] {processor.py:836} INFO - DAG(s) dict_keys(['example_python_operator']) retrieved from /usr/local/python/3.10.13/lib/python3.10/site-packages/airflow/example_dags/example_python_operator.py
[2024-06-24T17:26:59.596+0000] {logging_mixin.py:150} INFO - [2024-06-24T17:26:59.596+0000] {dag.py:2742} INFO - Sync 1 DAGs
[2024-06-24T17:26:59.610+0000] {logging_mixin.py:150} INFO - [2024-06-24T17:26:59.610+0000] {dag.py:3504} INFO - Setting next_dagrun for example_python_operator to None, run_after=None
[2024-06-24T17:26:59.654+0000] {processor.py:179} INFO - Processing /usr/local/python/3.10.13/lib/python3.10/site-packages/airflow/example_dags/example_python_operator.py took 0.085 seconds
[2024-06-24T17:27:53.186+0000] {processor.py:157} INFO - Started process (PID=18131) to work on /usr/local/python/3.10.13/lib/python3.10/site-packages/airflow/example_dags/example_python_operator.py
[2024-06-24T17:27:53.187+0000] {processor.py:826} INFO - Processing file /usr/local/python/3.10.13/lib/python3.10/site-packages/airflow/example_dags/example_python_operator.py for tasks to queue
[2024-06-24T17:27:53.188+0000] {logging_mixin.py:150} INFO - [2024-06-24T17:27:53.188+0000] {dagbag.py:541} INFO - Filling up the DagBag from /usr/local/python/3.10.13/lib/python3.10/site-packages/airflow/example_dags/example_python_operator.py
[2024-06-24T17:27:53.196+0000] {processor.py:836} INFO - DAG(s) dict_keys(['example_python_operator']) retrieved from /usr/local/python/3.10.13/lib/python3.10/site-packages/airflow/example_dags/example_python_operator.py
[2024-06-24T17:27:53.210+0000] {logging_mixin.py:150} INFO - [2024-06-24T17:27:53.210+0000] {dag.py:2742} INFO - Sync 1 DAGs
[2024-06-24T17:27:53.225+0000] {logging_mixin.py:150} INFO - [2024-06-24T17:27:53.225+0000] {dag.py:3504} INFO - Setting next_dagrun for example_python_operator to None, run_after=None
[2024-06-24T17:27:53.264+0000] {processor.py:179} INFO - Processing /usr/local/python/3.10.13/lib/python3.10/site-packages/airflow/example_dags/example_python_operator.py took 0.080 seconds
[2024-06-24T17:28:48.080+0000] {processor.py:157} INFO - Started process (PID=18503) to work on /usr/local/python/3.10.13/lib/python3.10/site-packages/airflow/example_dags/example_python_operator.py
[2024-06-24T17:28:48.081+0000] {processor.py:826} INFO - Processing file /usr/local/python/3.10.13/lib/python3.10/site-packages/airflow/example_dags/example_python_operator.py for tasks to queue
[2024-06-24T17:28:48.082+0000] {logging_mixin.py:150} INFO - [2024-06-24T17:28:48.082+0000] {dagbag.py:541} INFO - Filling up the DagBag from /usr/local/python/3.10.13/lib/python3.10/site-packages/airflow/example_dags/example_python_operator.py
[2024-06-24T17:28:48.097+0000] {processor.py:836} INFO - DAG(s) dict_keys(['example_python_operator']) retrieved from /usr/local/python/3.10.13/lib/python3.10/site-packages/airflow/example_dags/example_python_operator.py
[2024-06-24T17:28:48.127+0000] {logging_mixin.py:150} INFO - [2024-06-24T17:28:48.127+0000] {dag.py:2742} INFO - Sync 1 DAGs
[2024-06-24T17:28:48.151+0000] {logging_mixin.py:150} INFO - [2024-06-24T17:28:48.150+0000] {dag.py:3504} INFO - Setting next_dagrun for example_python_operator to None, run_after=None
[2024-06-24T17:28:48.198+0000] {processor.py:179} INFO - Processing /usr/local/python/3.10.13/lib/python3.10/site-packages/airflow/example_dags/example_python_operator.py took 0.123 seconds
[2024-06-24T17:29:40.479+0000] {processor.py:157} INFO - Started process (PID=18866) to work on /usr/local/python/3.10.13/lib/python3.10/site-packages/airflow/example_dags/example_python_operator.py
[2024-06-24T17:29:40.479+0000] {processor.py:826} INFO - Processing file /usr/local/python/3.10.13/lib/python3.10/site-packages/airflow/example_dags/example_python_operator.py for tasks to queue
[2024-06-24T17:29:40.480+0000] {logging_mixin.py:150} INFO - [2024-06-24T17:29:40.480+0000] {dagbag.py:541} INFO - Filling up the DagBag from /usr/local/python/3.10.13/lib/python3.10/site-packages/airflow/example_dags/example_python_operator.py
[2024-06-24T17:29:40.493+0000] {processor.py:836} INFO - DAG(s) dict_keys(['example_python_operator']) retrieved from /usr/local/python/3.10.13/lib/python3.10/site-packages/airflow/example_dags/example_python_operator.py
[2024-06-24T17:29:40.512+0000] {logging_mixin.py:150} INFO - [2024-06-24T17:29:40.512+0000] {dag.py:2742} INFO - Sync 1 DAGs
[2024-06-24T17:29:40.535+0000] {logging_mixin.py:150} INFO - [2024-06-24T17:29:40.535+0000] {dag.py:3504} INFO - Setting next_dagrun for example_python_operator to None, run_after=None
[2024-06-24T17:29:40.574+0000] {processor.py:179} INFO - Processing /usr/local/python/3.10.13/lib/python3.10/site-packages/airflow/example_dags/example_python_operator.py took 0.099 seconds
[2024-06-24T17:30:32.894+0000] {processor.py:157} INFO - Started process (PID=19224) to work on /usr/local/python/3.10.13/lib/python3.10/site-packages/airflow/example_dags/example_python_operator.py
[2024-06-24T17:30:32.895+0000] {processor.py:826} INFO - Processing file /usr/local/python/3.10.13/lib/python3.10/site-packages/airflow/example_dags/example_python_operator.py for tasks to queue
[2024-06-24T17:30:32.896+0000] {logging_mixin.py:150} INFO - [2024-06-24T17:30:32.895+0000] {dagbag.py:541} INFO - Filling up the DagBag from /usr/local/python/3.10.13/lib/python3.10/site-packages/airflow/example_dags/example_python_operator.py
[2024-06-24T17:30:32.904+0000] {processor.py:836} INFO - DAG(s) dict_keys(['example_python_operator']) retrieved from /usr/local/python/3.10.13/lib/python3.10/site-packages/airflow/example_dags/example_python_operator.py
[2024-06-24T17:30:32.918+0000] {logging_mixin.py:150} INFO - [2024-06-24T17:30:32.918+0000] {dag.py:2742} INFO - Sync 1 DAGs
[2024-06-24T17:30:32.932+0000] {logging_mixin.py:150} INFO - [2024-06-24T17:30:32.932+0000] {dag.py:3504} INFO - Setting next_dagrun for example_python_operator to None, run_after=None
[2024-06-24T17:30:32.971+0000] {processor.py:179} INFO - Processing /usr/local/python/3.10.13/lib/python3.10/site-packages/airflow/example_dags/example_python_operator.py took 0.079 seconds
[2024-06-24T17:31:25.814+0000] {processor.py:157} INFO - Started process (PID=19593) to work on /usr/local/python/3.10.13/lib/python3.10/site-packages/airflow/example_dags/example_python_operator.py
[2024-06-24T17:31:25.815+0000] {processor.py:826} INFO - Processing file /usr/local/python/3.10.13/lib/python3.10/site-packages/airflow/example_dags/example_python_operator.py for tasks to queue
[2024-06-24T17:31:25.816+0000] {logging_mixin.py:150} INFO - [2024-06-24T17:31:25.815+0000] {dagbag.py:541} INFO - Filling up the DagBag from /usr/local/python/3.10.13/lib/python3.10/site-packages/airflow/example_dags/example_python_operator.py
[2024-06-24T17:31:25.825+0000] {processor.py:836} INFO - DAG(s) dict_keys(['example_python_operator']) retrieved from /usr/local/python/3.10.13/lib/python3.10/site-packages/airflow/example_dags/example_python_operator.py
[2024-06-24T17:31:25.839+0000] {logging_mixin.py:150} INFO - [2024-06-24T17:31:25.839+0000] {dag.py:2742} INFO - Sync 1 DAGs
[2024-06-24T17:31:25.860+0000] {logging_mixin.py:150} INFO - [2024-06-24T17:31:25.860+0000] {dag.py:3504} INFO - Setting next_dagrun for example_python_operator to None, run_after=None
[2024-06-24T17:31:25.902+0000] {processor.py:179} INFO - Processing /usr/local/python/3.10.13/lib/python3.10/site-packages/airflow/example_dags/example_python_operator.py took 0.090 seconds
