[2024-06-24T15:55:04.160+0000] {processor.py:157} INFO - Started process (PID=13756) to work on /usr/local/python/3.10.13/lib/python3.10/site-packages/airflow/example_dags/example_sensors.py
[2024-06-24T15:55:04.161+0000] {processor.py:826} INFO - Processing file /usr/local/python/3.10.13/lib/python3.10/site-packages/airflow/example_dags/example_sensors.py for tasks to queue
[2024-06-24T15:55:04.161+0000] {logging_mixin.py:150} INFO - [2024-06-24T15:55:04.161+0000] {dagbag.py:541} INFO - Filling up the DagBag from /usr/local/python/3.10.13/lib/python3.10/site-packages/airflow/example_dags/example_sensors.py
[2024-06-24T15:55:04.169+0000] {processor.py:836} INFO - DAG(s) dict_keys(['example_sensors']) retrieved from /usr/local/python/3.10.13/lib/python3.10/site-packages/airflow/example_dags/example_sensors.py
[2024-06-24T15:55:04.305+0000] {logging_mixin.py:150} INFO - [2024-06-24T15:55:04.304+0000] {manager.py:504} INFO - Created Permission View: can delete on DAG:example_sensors
[2024-06-24T15:55:04.346+0000] {logging_mixin.py:150} INFO - [2024-06-24T15:55:04.346+0000] {manager.py:504} INFO - Created Permission View: can read on DAG:example_sensors
[2024-06-24T15:55:04.378+0000] {logging_mixin.py:150} INFO - [2024-06-24T15:55:04.377+0000] {manager.py:504} INFO - Created Permission View: can edit on DAG:example_sensors
[2024-06-24T15:55:04.387+0000] {logging_mixin.py:150} INFO - [2024-06-24T15:55:04.387+0000] {dag.py:2742} INFO - Sync 1 DAGs
[2024-06-24T15:55:04.396+0000] {logging_mixin.py:150} INFO - [2024-06-24T15:55:04.396+0000] {dag.py:2763} INFO - Creating ORM DAG for example_sensors
[2024-06-24T15:55:04.402+0000] {logging_mixin.py:150} INFO - [2024-06-24T15:55:04.402+0000] {dag.py:3504} INFO - Setting next_dagrun for example_sensors to None, run_after=None
[2024-06-24T15:55:04.445+0000] {processor.py:179} INFO - Processing /usr/local/python/3.10.13/lib/python3.10/site-packages/airflow/example_dags/example_sensors.py took 0.287 seconds
[2024-06-24T15:55:54.258+0000] {processor.py:157} INFO - Started process (PID=14112) to work on /usr/local/python/3.10.13/lib/python3.10/site-packages/airflow/example_dags/example_sensors.py
[2024-06-24T15:55:54.259+0000] {processor.py:826} INFO - Processing file /usr/local/python/3.10.13/lib/python3.10/site-packages/airflow/example_dags/example_sensors.py for tasks to queue
[2024-06-24T15:55:54.259+0000] {logging_mixin.py:150} INFO - [2024-06-24T15:55:54.259+0000] {dagbag.py:541} INFO - Filling up the DagBag from /usr/local/python/3.10.13/lib/python3.10/site-packages/airflow/example_dags/example_sensors.py
[2024-06-24T15:55:54.267+0000] {processor.py:836} INFO - DAG(s) dict_keys(['example_sensors']) retrieved from /usr/local/python/3.10.13/lib/python3.10/site-packages/airflow/example_dags/example_sensors.py
[2024-06-24T15:55:54.282+0000] {logging_mixin.py:150} INFO - [2024-06-24T15:55:54.282+0000] {dag.py:2742} INFO - Sync 1 DAGs
[2024-06-24T15:55:54.297+0000] {logging_mixin.py:150} INFO - [2024-06-24T15:55:54.297+0000] {dag.py:3504} INFO - Setting next_dagrun for example_sensors to None, run_after=None
[2024-06-24T15:55:54.342+0000] {processor.py:179} INFO - Processing /usr/local/python/3.10.13/lib/python3.10/site-packages/airflow/example_dags/example_sensors.py took 0.086 seconds
[2024-06-24T15:56:40.485+0000] {processor.py:157} INFO - Started process (PID=14475) to work on /usr/local/python/3.10.13/lib/python3.10/site-packages/airflow/example_dags/example_sensors.py
[2024-06-24T15:56:40.485+0000] {processor.py:826} INFO - Processing file /usr/local/python/3.10.13/lib/python3.10/site-packages/airflow/example_dags/example_sensors.py for tasks to queue
[2024-06-24T15:56:40.486+0000] {logging_mixin.py:150} INFO - [2024-06-24T15:56:40.486+0000] {dagbag.py:541} INFO - Filling up the DagBag from /usr/local/python/3.10.13/lib/python3.10/site-packages/airflow/example_dags/example_sensors.py
[2024-06-24T15:56:40.493+0000] {processor.py:836} INFO - DAG(s) dict_keys(['example_sensors']) retrieved from /usr/local/python/3.10.13/lib/python3.10/site-packages/airflow/example_dags/example_sensors.py
[2024-06-24T15:56:40.508+0000] {logging_mixin.py:150} INFO - [2024-06-24T15:56:40.508+0000] {dag.py:2742} INFO - Sync 1 DAGs
[2024-06-24T15:56:40.523+0000] {logging_mixin.py:150} INFO - [2024-06-24T15:56:40.523+0000] {dag.py:3504} INFO - Setting next_dagrun for example_sensors to None, run_after=None
[2024-06-24T15:56:40.564+0000] {processor.py:179} INFO - Processing /usr/local/python/3.10.13/lib/python3.10/site-packages/airflow/example_dags/example_sensors.py took 0.081 seconds
[2024-06-24T16:01:51.815+0000] {processor.py:157} INFO - Started process (PID=16706) to work on /usr/local/python/3.10.13/lib/python3.10/site-packages/airflow/example_dags/example_sensors.py
[2024-06-24T16:01:51.815+0000] {processor.py:826} INFO - Processing file /usr/local/python/3.10.13/lib/python3.10/site-packages/airflow/example_dags/example_sensors.py for tasks to queue
[2024-06-24T16:01:51.816+0000] {logging_mixin.py:150} INFO - [2024-06-24T16:01:51.816+0000] {dagbag.py:541} INFO - Filling up the DagBag from /usr/local/python/3.10.13/lib/python3.10/site-packages/airflow/example_dags/example_sensors.py
[2024-06-24T16:01:51.823+0000] {processor.py:836} INFO - DAG(s) dict_keys(['example_sensors']) retrieved from /usr/local/python/3.10.13/lib/python3.10/site-packages/airflow/example_dags/example_sensors.py
[2024-06-24T16:01:51.839+0000] {logging_mixin.py:150} INFO - [2024-06-24T16:01:51.839+0000] {dag.py:2742} INFO - Sync 1 DAGs
[2024-06-24T16:01:51.856+0000] {logging_mixin.py:150} INFO - [2024-06-24T16:01:51.855+0000] {dag.py:3504} INFO - Setting next_dagrun for example_sensors to None, run_after=None
[2024-06-24T16:01:51.903+0000] {processor.py:179} INFO - Processing /usr/local/python/3.10.13/lib/python3.10/site-packages/airflow/example_dags/example_sensors.py took 0.090 seconds
[2024-06-24T16:02:38.942+0000] {processor.py:157} INFO - Started process (PID=17072) to work on /usr/local/python/3.10.13/lib/python3.10/site-packages/airflow/example_dags/example_sensors.py
[2024-06-24T16:02:38.943+0000] {processor.py:826} INFO - Processing file /usr/local/python/3.10.13/lib/python3.10/site-packages/airflow/example_dags/example_sensors.py for tasks to queue
[2024-06-24T16:02:38.943+0000] {logging_mixin.py:150} INFO - [2024-06-24T16:02:38.943+0000] {dagbag.py:541} INFO - Filling up the DagBag from /usr/local/python/3.10.13/lib/python3.10/site-packages/airflow/example_dags/example_sensors.py
[2024-06-24T16:02:38.951+0000] {processor.py:836} INFO - DAG(s) dict_keys(['example_sensors']) retrieved from /usr/local/python/3.10.13/lib/python3.10/site-packages/airflow/example_dags/example_sensors.py
[2024-06-24T16:02:38.967+0000] {logging_mixin.py:150} INFO - [2024-06-24T16:02:38.967+0000] {dag.py:2742} INFO - Sync 1 DAGs
[2024-06-24T16:02:38.982+0000] {logging_mixin.py:150} INFO - [2024-06-24T16:02:38.981+0000] {dag.py:3504} INFO - Setting next_dagrun for example_sensors to None, run_after=None
[2024-06-24T16:02:39.025+0000] {processor.py:179} INFO - Processing /usr/local/python/3.10.13/lib/python3.10/site-packages/airflow/example_dags/example_sensors.py took 0.085 seconds
[2024-06-24T16:03:25.619+0000] {processor.py:157} INFO - Started process (PID=17445) to work on /usr/local/python/3.10.13/lib/python3.10/site-packages/airflow/example_dags/example_sensors.py
[2024-06-24T16:03:25.620+0000] {processor.py:826} INFO - Processing file /usr/local/python/3.10.13/lib/python3.10/site-packages/airflow/example_dags/example_sensors.py for tasks to queue
[2024-06-24T16:03:25.621+0000] {logging_mixin.py:150} INFO - [2024-06-24T16:03:25.621+0000] {dagbag.py:541} INFO - Filling up the DagBag from /usr/local/python/3.10.13/lib/python3.10/site-packages/airflow/example_dags/example_sensors.py
[2024-06-24T16:03:25.629+0000] {processor.py:836} INFO - DAG(s) dict_keys(['example_sensors']) retrieved from /usr/local/python/3.10.13/lib/python3.10/site-packages/airflow/example_dags/example_sensors.py
[2024-06-24T16:03:25.647+0000] {logging_mixin.py:150} INFO - [2024-06-24T16:03:25.647+0000] {dag.py:2742} INFO - Sync 1 DAGs
[2024-06-24T16:03:25.665+0000] {logging_mixin.py:150} INFO - [2024-06-24T16:03:25.665+0000] {dag.py:3504} INFO - Setting next_dagrun for example_sensors to None, run_after=None
[2024-06-24T16:03:25.706+0000] {processor.py:179} INFO - Processing /usr/local/python/3.10.13/lib/python3.10/site-packages/airflow/example_dags/example_sensors.py took 0.090 seconds
[2024-06-24T16:04:11.137+0000] {processor.py:157} INFO - Started process (PID=17786) to work on /usr/local/python/3.10.13/lib/python3.10/site-packages/airflow/example_dags/example_sensors.py
[2024-06-24T16:04:11.137+0000] {processor.py:826} INFO - Processing file /usr/local/python/3.10.13/lib/python3.10/site-packages/airflow/example_dags/example_sensors.py for tasks to queue
[2024-06-24T16:04:11.138+0000] {logging_mixin.py:150} INFO - [2024-06-24T16:04:11.138+0000] {dagbag.py:541} INFO - Filling up the DagBag from /usr/local/python/3.10.13/lib/python3.10/site-packages/airflow/example_dags/example_sensors.py
[2024-06-24T16:04:11.145+0000] {processor.py:836} INFO - DAG(s) dict_keys(['example_sensors']) retrieved from /usr/local/python/3.10.13/lib/python3.10/site-packages/airflow/example_dags/example_sensors.py
[2024-06-24T16:04:11.160+0000] {logging_mixin.py:150} INFO - [2024-06-24T16:04:11.160+0000] {dag.py:2742} INFO - Sync 1 DAGs
[2024-06-24T16:04:11.175+0000] {logging_mixin.py:150} INFO - [2024-06-24T16:04:11.175+0000] {dag.py:3504} INFO - Setting next_dagrun for example_sensors to None, run_after=None
[2024-06-24T16:04:11.213+0000] {processor.py:179} INFO - Processing /usr/local/python/3.10.13/lib/python3.10/site-packages/airflow/example_dags/example_sensors.py took 0.079 seconds
[2024-06-24T16:04:59.765+0000] {processor.py:157} INFO - Started process (PID=18165) to work on /usr/local/python/3.10.13/lib/python3.10/site-packages/airflow/example_dags/example_sensors.py
[2024-06-24T16:04:59.765+0000] {processor.py:826} INFO - Processing file /usr/local/python/3.10.13/lib/python3.10/site-packages/airflow/example_dags/example_sensors.py for tasks to queue
[2024-06-24T16:04:59.766+0000] {logging_mixin.py:150} INFO - [2024-06-24T16:04:59.766+0000] {dagbag.py:541} INFO - Filling up the DagBag from /usr/local/python/3.10.13/lib/python3.10/site-packages/airflow/example_dags/example_sensors.py
[2024-06-24T16:04:59.773+0000] {processor.py:836} INFO - DAG(s) dict_keys(['example_sensors']) retrieved from /usr/local/python/3.10.13/lib/python3.10/site-packages/airflow/example_dags/example_sensors.py
[2024-06-24T16:04:59.788+0000] {logging_mixin.py:150} INFO - [2024-06-24T16:04:59.788+0000] {dag.py:2742} INFO - Sync 1 DAGs
[2024-06-24T16:04:59.802+0000] {logging_mixin.py:150} INFO - [2024-06-24T16:04:59.802+0000] {dag.py:3504} INFO - Setting next_dagrun for example_sensors to None, run_after=None
[2024-06-24T16:04:59.842+0000] {processor.py:179} INFO - Processing /usr/local/python/3.10.13/lib/python3.10/site-packages/airflow/example_dags/example_sensors.py took 0.079 seconds
[2024-06-24T16:05:46.575+0000] {processor.py:157} INFO - Started process (PID=18543) to work on /usr/local/python/3.10.13/lib/python3.10/site-packages/airflow/example_dags/example_sensors.py
[2024-06-24T16:05:46.576+0000] {processor.py:826} INFO - Processing file /usr/local/python/3.10.13/lib/python3.10/site-packages/airflow/example_dags/example_sensors.py for tasks to queue
[2024-06-24T16:05:46.577+0000] {logging_mixin.py:150} INFO - [2024-06-24T16:05:46.576+0000] {dagbag.py:541} INFO - Filling up the DagBag from /usr/local/python/3.10.13/lib/python3.10/site-packages/airflow/example_dags/example_sensors.py
[2024-06-24T16:05:46.584+0000] {processor.py:836} INFO - DAG(s) dict_keys(['example_sensors']) retrieved from /usr/local/python/3.10.13/lib/python3.10/site-packages/airflow/example_dags/example_sensors.py
[2024-06-24T16:05:46.600+0000] {logging_mixin.py:150} INFO - [2024-06-24T16:05:46.600+0000] {dag.py:2742} INFO - Sync 1 DAGs
[2024-06-24T16:05:46.615+0000] {logging_mixin.py:150} INFO - [2024-06-24T16:05:46.615+0000] {dag.py:3504} INFO - Setting next_dagrun for example_sensors to None, run_after=None
[2024-06-24T16:05:46.654+0000] {processor.py:179} INFO - Processing /usr/local/python/3.10.13/lib/python3.10/site-packages/airflow/example_dags/example_sensors.py took 0.081 seconds
[2024-06-24T16:06:34.461+0000] {processor.py:157} INFO - Started process (PID=18896) to work on /usr/local/python/3.10.13/lib/python3.10/site-packages/airflow/example_dags/example_sensors.py
[2024-06-24T16:06:34.462+0000] {processor.py:826} INFO - Processing file /usr/local/python/3.10.13/lib/python3.10/site-packages/airflow/example_dags/example_sensors.py for tasks to queue
[2024-06-24T16:06:34.462+0000] {logging_mixin.py:150} INFO - [2024-06-24T16:06:34.462+0000] {dagbag.py:541} INFO - Filling up the DagBag from /usr/local/python/3.10.13/lib/python3.10/site-packages/airflow/example_dags/example_sensors.py
[2024-06-24T16:06:34.470+0000] {processor.py:836} INFO - DAG(s) dict_keys(['example_sensors']) retrieved from /usr/local/python/3.10.13/lib/python3.10/site-packages/airflow/example_dags/example_sensors.py
[2024-06-24T16:06:34.486+0000] {logging_mixin.py:150} INFO - [2024-06-24T16:06:34.486+0000] {dag.py:2742} INFO - Sync 1 DAGs
[2024-06-24T16:06:34.504+0000] {logging_mixin.py:150} INFO - [2024-06-24T16:06:34.504+0000] {dag.py:3504} INFO - Setting next_dagrun for example_sensors to None, run_after=None
[2024-06-24T16:06:34.545+0000] {processor.py:179} INFO - Processing /usr/local/python/3.10.13/lib/python3.10/site-packages/airflow/example_dags/example_sensors.py took 0.086 seconds
[2024-06-24T16:07:22.223+0000] {processor.py:157} INFO - Started process (PID=19275) to work on /usr/local/python/3.10.13/lib/python3.10/site-packages/airflow/example_dags/example_sensors.py
[2024-06-24T16:07:22.224+0000] {processor.py:826} INFO - Processing file /usr/local/python/3.10.13/lib/python3.10/site-packages/airflow/example_dags/example_sensors.py for tasks to queue
[2024-06-24T16:07:22.225+0000] {logging_mixin.py:150} INFO - [2024-06-24T16:07:22.225+0000] {dagbag.py:541} INFO - Filling up the DagBag from /usr/local/python/3.10.13/lib/python3.10/site-packages/airflow/example_dags/example_sensors.py
[2024-06-24T16:07:22.232+0000] {processor.py:836} INFO - DAG(s) dict_keys(['example_sensors']) retrieved from /usr/local/python/3.10.13/lib/python3.10/site-packages/airflow/example_dags/example_sensors.py
[2024-06-24T16:07:22.249+0000] {logging_mixin.py:150} INFO - [2024-06-24T16:07:22.249+0000] {dag.py:2742} INFO - Sync 1 DAGs
[2024-06-24T16:07:22.265+0000] {logging_mixin.py:150} INFO - [2024-06-24T16:07:22.264+0000] {dag.py:3504} INFO - Setting next_dagrun for example_sensors to None, run_after=None
[2024-06-24T16:07:22.304+0000] {processor.py:179} INFO - Processing /usr/local/python/3.10.13/lib/python3.10/site-packages/airflow/example_dags/example_sensors.py took 0.083 seconds
[2024-06-24T16:08:07.672+0000] {processor.py:157} INFO - Started process (PID=19615) to work on /usr/local/python/3.10.13/lib/python3.10/site-packages/airflow/example_dags/example_sensors.py
[2024-06-24T16:08:07.673+0000] {processor.py:826} INFO - Processing file /usr/local/python/3.10.13/lib/python3.10/site-packages/airflow/example_dags/example_sensors.py for tasks to queue
[2024-06-24T16:08:07.674+0000] {logging_mixin.py:150} INFO - [2024-06-24T16:08:07.673+0000] {dagbag.py:541} INFO - Filling up the DagBag from /usr/local/python/3.10.13/lib/python3.10/site-packages/airflow/example_dags/example_sensors.py
[2024-06-24T16:08:07.681+0000] {processor.py:836} INFO - DAG(s) dict_keys(['example_sensors']) retrieved from /usr/local/python/3.10.13/lib/python3.10/site-packages/airflow/example_dags/example_sensors.py
[2024-06-24T16:08:07.696+0000] {logging_mixin.py:150} INFO - [2024-06-24T16:08:07.696+0000] {dag.py:2742} INFO - Sync 1 DAGs
[2024-06-24T16:08:07.711+0000] {logging_mixin.py:150} INFO - [2024-06-24T16:08:07.711+0000] {dag.py:3504} INFO - Setting next_dagrun for example_sensors to None, run_after=None
[2024-06-24T16:08:07.753+0000] {processor.py:179} INFO - Processing /usr/local/python/3.10.13/lib/python3.10/site-packages/airflow/example_dags/example_sensors.py took 0.083 seconds
[2024-06-24T16:08:57.277+0000] {processor.py:157} INFO - Started process (PID=19992) to work on /usr/local/python/3.10.13/lib/python3.10/site-packages/airflow/example_dags/example_sensors.py
[2024-06-24T16:08:57.277+0000] {processor.py:826} INFO - Processing file /usr/local/python/3.10.13/lib/python3.10/site-packages/airflow/example_dags/example_sensors.py for tasks to queue
[2024-06-24T16:08:57.278+0000] {logging_mixin.py:150} INFO - [2024-06-24T16:08:57.278+0000] {dagbag.py:541} INFO - Filling up the DagBag from /usr/local/python/3.10.13/lib/python3.10/site-packages/airflow/example_dags/example_sensors.py
[2024-06-24T16:08:57.285+0000] {processor.py:836} INFO - DAG(s) dict_keys(['example_sensors']) retrieved from /usr/local/python/3.10.13/lib/python3.10/site-packages/airflow/example_dags/example_sensors.py
[2024-06-24T16:08:57.300+0000] {logging_mixin.py:150} INFO - [2024-06-24T16:08:57.300+0000] {dag.py:2742} INFO - Sync 1 DAGs
[2024-06-24T16:08:57.314+0000] {logging_mixin.py:150} INFO - [2024-06-24T16:08:57.314+0000] {dag.py:3504} INFO - Setting next_dagrun for example_sensors to None, run_after=None
[2024-06-24T16:08:57.353+0000] {processor.py:179} INFO - Processing /usr/local/python/3.10.13/lib/python3.10/site-packages/airflow/example_dags/example_sensors.py took 0.078 seconds
[2024-06-24T16:09:44.384+0000] {processor.py:157} INFO - Started process (PID=20330) to work on /usr/local/python/3.10.13/lib/python3.10/site-packages/airflow/example_dags/example_sensors.py
[2024-06-24T16:09:44.385+0000] {processor.py:826} INFO - Processing file /usr/local/python/3.10.13/lib/python3.10/site-packages/airflow/example_dags/example_sensors.py for tasks to queue
[2024-06-24T16:09:44.386+0000] {logging_mixin.py:150} INFO - [2024-06-24T16:09:44.385+0000] {dagbag.py:541} INFO - Filling up the DagBag from /usr/local/python/3.10.13/lib/python3.10/site-packages/airflow/example_dags/example_sensors.py
[2024-06-24T16:09:44.393+0000] {processor.py:836} INFO - DAG(s) dict_keys(['example_sensors']) retrieved from /usr/local/python/3.10.13/lib/python3.10/site-packages/airflow/example_dags/example_sensors.py
[2024-06-24T16:09:44.408+0000] {logging_mixin.py:150} INFO - [2024-06-24T16:09:44.408+0000] {dag.py:2742} INFO - Sync 1 DAGs
[2024-06-24T16:09:44.423+0000] {logging_mixin.py:150} INFO - [2024-06-24T16:09:44.423+0000] {dag.py:3504} INFO - Setting next_dagrun for example_sensors to None, run_after=None
[2024-06-24T16:09:44.465+0000] {processor.py:179} INFO - Processing /usr/local/python/3.10.13/lib/python3.10/site-packages/airflow/example_dags/example_sensors.py took 0.083 seconds
[2024-06-24T16:10:31.524+0000] {processor.py:157} INFO - Started process (PID=20666) to work on /usr/local/python/3.10.13/lib/python3.10/site-packages/airflow/example_dags/example_sensors.py
[2024-06-24T16:10:31.525+0000] {processor.py:826} INFO - Processing file /usr/local/python/3.10.13/lib/python3.10/site-packages/airflow/example_dags/example_sensors.py for tasks to queue
[2024-06-24T16:10:31.526+0000] {logging_mixin.py:150} INFO - [2024-06-24T16:10:31.525+0000] {dagbag.py:541} INFO - Filling up the DagBag from /usr/local/python/3.10.13/lib/python3.10/site-packages/airflow/example_dags/example_sensors.py
[2024-06-24T16:10:31.533+0000] {processor.py:836} INFO - DAG(s) dict_keys(['example_sensors']) retrieved from /usr/local/python/3.10.13/lib/python3.10/site-packages/airflow/example_dags/example_sensors.py
[2024-06-24T16:10:31.550+0000] {logging_mixin.py:150} INFO - [2024-06-24T16:10:31.549+0000] {dag.py:2742} INFO - Sync 1 DAGs
[2024-06-24T16:10:31.565+0000] {logging_mixin.py:150} INFO - [2024-06-24T16:10:31.565+0000] {dag.py:3504} INFO - Setting next_dagrun for example_sensors to None, run_after=None
[2024-06-24T16:10:31.606+0000] {processor.py:179} INFO - Processing /usr/local/python/3.10.13/lib/python3.10/site-packages/airflow/example_dags/example_sensors.py took 0.084 seconds
[2024-06-24T16:11:18.841+0000] {processor.py:157} INFO - Started process (PID=20983) to work on /usr/local/python/3.10.13/lib/python3.10/site-packages/airflow/example_dags/example_sensors.py
[2024-06-24T16:11:18.842+0000] {processor.py:826} INFO - Processing file /usr/local/python/3.10.13/lib/python3.10/site-packages/airflow/example_dags/example_sensors.py for tasks to queue
[2024-06-24T16:11:18.842+0000] {logging_mixin.py:150} INFO - [2024-06-24T16:11:18.842+0000] {dagbag.py:541} INFO - Filling up the DagBag from /usr/local/python/3.10.13/lib/python3.10/site-packages/airflow/example_dags/example_sensors.py
[2024-06-24T16:11:18.849+0000] {processor.py:836} INFO - DAG(s) dict_keys(['example_sensors']) retrieved from /usr/local/python/3.10.13/lib/python3.10/site-packages/airflow/example_dags/example_sensors.py
[2024-06-24T16:11:18.866+0000] {logging_mixin.py:150} INFO - [2024-06-24T16:11:18.866+0000] {dag.py:2742} INFO - Sync 1 DAGs
[2024-06-24T16:11:18.889+0000] {logging_mixin.py:150} INFO - [2024-06-24T16:11:18.889+0000] {dag.py:3504} INFO - Setting next_dagrun for example_sensors to None, run_after=None
[2024-06-24T16:11:18.931+0000] {processor.py:179} INFO - Processing /usr/local/python/3.10.13/lib/python3.10/site-packages/airflow/example_dags/example_sensors.py took 0.092 seconds
[2024-06-24T16:12:06.574+0000] {processor.py:157} INFO - Started process (PID=21317) to work on /usr/local/python/3.10.13/lib/python3.10/site-packages/airflow/example_dags/example_sensors.py
[2024-06-24T16:12:06.575+0000] {processor.py:826} INFO - Processing file /usr/local/python/3.10.13/lib/python3.10/site-packages/airflow/example_dags/example_sensors.py for tasks to queue
[2024-06-24T16:12:06.575+0000] {logging_mixin.py:150} INFO - [2024-06-24T16:12:06.575+0000] {dagbag.py:541} INFO - Filling up the DagBag from /usr/local/python/3.10.13/lib/python3.10/site-packages/airflow/example_dags/example_sensors.py
[2024-06-24T16:12:06.582+0000] {processor.py:836} INFO - DAG(s) dict_keys(['example_sensors']) retrieved from /usr/local/python/3.10.13/lib/python3.10/site-packages/airflow/example_dags/example_sensors.py
[2024-06-24T16:12:06.598+0000] {logging_mixin.py:150} INFO - [2024-06-24T16:12:06.598+0000] {dag.py:2742} INFO - Sync 1 DAGs
[2024-06-24T16:12:06.614+0000] {logging_mixin.py:150} INFO - [2024-06-24T16:12:06.614+0000] {dag.py:3504} INFO - Setting next_dagrun for example_sensors to None, run_after=None
[2024-06-24T16:12:06.656+0000] {processor.py:179} INFO - Processing /usr/local/python/3.10.13/lib/python3.10/site-packages/airflow/example_dags/example_sensors.py took 0.085 seconds
[2024-06-24T16:12:56.231+0000] {processor.py:157} INFO - Started process (PID=21666) to work on /usr/local/python/3.10.13/lib/python3.10/site-packages/airflow/example_dags/example_sensors.py
[2024-06-24T16:12:56.232+0000] {processor.py:826} INFO - Processing file /usr/local/python/3.10.13/lib/python3.10/site-packages/airflow/example_dags/example_sensors.py for tasks to queue
[2024-06-24T16:12:56.233+0000] {logging_mixin.py:150} INFO - [2024-06-24T16:12:56.232+0000] {dagbag.py:541} INFO - Filling up the DagBag from /usr/local/python/3.10.13/lib/python3.10/site-packages/airflow/example_dags/example_sensors.py
[2024-06-24T16:12:56.241+0000] {processor.py:836} INFO - DAG(s) dict_keys(['example_sensors']) retrieved from /usr/local/python/3.10.13/lib/python3.10/site-packages/airflow/example_dags/example_sensors.py
[2024-06-24T16:12:56.258+0000] {logging_mixin.py:150} INFO - [2024-06-24T16:12:56.258+0000] {dag.py:2742} INFO - Sync 1 DAGs
[2024-06-24T16:12:56.274+0000] {logging_mixin.py:150} INFO - [2024-06-24T16:12:56.274+0000] {dag.py:3504} INFO - Setting next_dagrun for example_sensors to None, run_after=None
[2024-06-24T16:12:56.315+0000] {processor.py:179} INFO - Processing /usr/local/python/3.10.13/lib/python3.10/site-packages/airflow/example_dags/example_sensors.py took 0.086 seconds
[2024-06-24T16:13:45.076+0000] {processor.py:157} INFO - Started process (PID=22008) to work on /usr/local/python/3.10.13/lib/python3.10/site-packages/airflow/example_dags/example_sensors.py
[2024-06-24T16:13:45.076+0000] {processor.py:826} INFO - Processing file /usr/local/python/3.10.13/lib/python3.10/site-packages/airflow/example_dags/example_sensors.py for tasks to queue
[2024-06-24T16:13:45.077+0000] {logging_mixin.py:150} INFO - [2024-06-24T16:13:45.077+0000] {dagbag.py:541} INFO - Filling up the DagBag from /usr/local/python/3.10.13/lib/python3.10/site-packages/airflow/example_dags/example_sensors.py
[2024-06-24T16:13:45.088+0000] {processor.py:836} INFO - DAG(s) dict_keys(['example_sensors']) retrieved from /usr/local/python/3.10.13/lib/python3.10/site-packages/airflow/example_dags/example_sensors.py
[2024-06-24T16:13:45.113+0000] {logging_mixin.py:150} INFO - [2024-06-24T16:13:45.113+0000] {dag.py:2742} INFO - Sync 1 DAGs
[2024-06-24T16:13:45.137+0000] {logging_mixin.py:150} INFO - [2024-06-24T16:13:45.137+0000] {dag.py:3504} INFO - Setting next_dagrun for example_sensors to None, run_after=None
[2024-06-24T16:13:45.181+0000] {processor.py:179} INFO - Processing /usr/local/python/3.10.13/lib/python3.10/site-packages/airflow/example_dags/example_sensors.py took 0.108 seconds
[2024-06-24T16:14:30.918+0000] {processor.py:157} INFO - Started process (PID=22316) to work on /usr/local/python/3.10.13/lib/python3.10/site-packages/airflow/example_dags/example_sensors.py
[2024-06-24T16:14:30.919+0000] {processor.py:826} INFO - Processing file /usr/local/python/3.10.13/lib/python3.10/site-packages/airflow/example_dags/example_sensors.py for tasks to queue
[2024-06-24T16:14:30.919+0000] {logging_mixin.py:150} INFO - [2024-06-24T16:14:30.919+0000] {dagbag.py:541} INFO - Filling up the DagBag from /usr/local/python/3.10.13/lib/python3.10/site-packages/airflow/example_dags/example_sensors.py
[2024-06-24T16:14:30.927+0000] {processor.py:836} INFO - DAG(s) dict_keys(['example_sensors']) retrieved from /usr/local/python/3.10.13/lib/python3.10/site-packages/airflow/example_dags/example_sensors.py
[2024-06-24T16:14:30.941+0000] {logging_mixin.py:150} INFO - [2024-06-24T16:14:30.941+0000] {dag.py:2742} INFO - Sync 1 DAGs
[2024-06-24T16:14:30.956+0000] {logging_mixin.py:150} INFO - [2024-06-24T16:14:30.956+0000] {dag.py:3504} INFO - Setting next_dagrun for example_sensors to None, run_after=None
[2024-06-24T16:14:30.995+0000] {processor.py:179} INFO - Processing /usr/local/python/3.10.13/lib/python3.10/site-packages/airflow/example_dags/example_sensors.py took 0.079 seconds
[2024-06-24T16:15:17.218+0000] {processor.py:157} INFO - Started process (PID=22644) to work on /usr/local/python/3.10.13/lib/python3.10/site-packages/airflow/example_dags/example_sensors.py
[2024-06-24T16:15:17.218+0000] {processor.py:826} INFO - Processing file /usr/local/python/3.10.13/lib/python3.10/site-packages/airflow/example_dags/example_sensors.py for tasks to queue
[2024-06-24T16:15:17.219+0000] {logging_mixin.py:150} INFO - [2024-06-24T16:15:17.219+0000] {dagbag.py:541} INFO - Filling up the DagBag from /usr/local/python/3.10.13/lib/python3.10/site-packages/airflow/example_dags/example_sensors.py
[2024-06-24T16:15:17.226+0000] {processor.py:836} INFO - DAG(s) dict_keys(['example_sensors']) retrieved from /usr/local/python/3.10.13/lib/python3.10/site-packages/airflow/example_dags/example_sensors.py
[2024-06-24T16:15:17.241+0000] {logging_mixin.py:150} INFO - [2024-06-24T16:15:17.241+0000] {dag.py:2742} INFO - Sync 1 DAGs
[2024-06-24T16:15:17.256+0000] {logging_mixin.py:150} INFO - [2024-06-24T16:15:17.256+0000] {dag.py:3504} INFO - Setting next_dagrun for example_sensors to None, run_after=None
[2024-06-24T16:15:17.295+0000] {processor.py:179} INFO - Processing /usr/local/python/3.10.13/lib/python3.10/site-packages/airflow/example_dags/example_sensors.py took 0.080 seconds
[2024-06-24T16:16:03.745+0000] {processor.py:157} INFO - Started process (PID=22955) to work on /usr/local/python/3.10.13/lib/python3.10/site-packages/airflow/example_dags/example_sensors.py
[2024-06-24T16:16:03.745+0000] {processor.py:826} INFO - Processing file /usr/local/python/3.10.13/lib/python3.10/site-packages/airflow/example_dags/example_sensors.py for tasks to queue
[2024-06-24T16:16:03.746+0000] {logging_mixin.py:150} INFO - [2024-06-24T16:16:03.746+0000] {dagbag.py:541} INFO - Filling up the DagBag from /usr/local/python/3.10.13/lib/python3.10/site-packages/airflow/example_dags/example_sensors.py
[2024-06-24T16:16:03.753+0000] {processor.py:836} INFO - DAG(s) dict_keys(['example_sensors']) retrieved from /usr/local/python/3.10.13/lib/python3.10/site-packages/airflow/example_dags/example_sensors.py
[2024-06-24T16:16:03.768+0000] {logging_mixin.py:150} INFO - [2024-06-24T16:16:03.768+0000] {dag.py:2742} INFO - Sync 1 DAGs
[2024-06-24T16:16:03.783+0000] {logging_mixin.py:150} INFO - [2024-06-24T16:16:03.783+0000] {dag.py:3504} INFO - Setting next_dagrun for example_sensors to None, run_after=None
[2024-06-24T16:16:03.822+0000] {processor.py:179} INFO - Processing /usr/local/python/3.10.13/lib/python3.10/site-packages/airflow/example_dags/example_sensors.py took 0.080 seconds
[2024-06-24T16:16:49.171+0000] {processor.py:157} INFO - Started process (PID=23281) to work on /usr/local/python/3.10.13/lib/python3.10/site-packages/airflow/example_dags/example_sensors.py
[2024-06-24T16:16:49.171+0000] {processor.py:826} INFO - Processing file /usr/local/python/3.10.13/lib/python3.10/site-packages/airflow/example_dags/example_sensors.py for tasks to queue
[2024-06-24T16:16:49.172+0000] {logging_mixin.py:150} INFO - [2024-06-24T16:16:49.172+0000] {dagbag.py:541} INFO - Filling up the DagBag from /usr/local/python/3.10.13/lib/python3.10/site-packages/airflow/example_dags/example_sensors.py
[2024-06-24T16:16:49.182+0000] {processor.py:836} INFO - DAG(s) dict_keys(['example_sensors']) retrieved from /usr/local/python/3.10.13/lib/python3.10/site-packages/airflow/example_dags/example_sensors.py
[2024-06-24T16:16:49.198+0000] {logging_mixin.py:150} INFO - [2024-06-24T16:16:49.198+0000] {dag.py:2742} INFO - Sync 1 DAGs
[2024-06-24T16:16:49.213+0000] {logging_mixin.py:150} INFO - [2024-06-24T16:16:49.213+0000] {dag.py:3504} INFO - Setting next_dagrun for example_sensors to None, run_after=None
[2024-06-24T16:16:49.256+0000] {processor.py:179} INFO - Processing /usr/local/python/3.10.13/lib/python3.10/site-packages/airflow/example_dags/example_sensors.py took 0.087 seconds
[2024-06-24T16:17:34.699+0000] {processor.py:157} INFO - Started process (PID=23591) to work on /usr/local/python/3.10.13/lib/python3.10/site-packages/airflow/example_dags/example_sensors.py
[2024-06-24T16:17:34.700+0000] {processor.py:826} INFO - Processing file /usr/local/python/3.10.13/lib/python3.10/site-packages/airflow/example_dags/example_sensors.py for tasks to queue
[2024-06-24T16:17:34.701+0000] {logging_mixin.py:150} INFO - [2024-06-24T16:17:34.700+0000] {dagbag.py:541} INFO - Filling up the DagBag from /usr/local/python/3.10.13/lib/python3.10/site-packages/airflow/example_dags/example_sensors.py
[2024-06-24T16:17:34.708+0000] {processor.py:836} INFO - DAG(s) dict_keys(['example_sensors']) retrieved from /usr/local/python/3.10.13/lib/python3.10/site-packages/airflow/example_dags/example_sensors.py
[2024-06-24T16:17:34.722+0000] {logging_mixin.py:150} INFO - [2024-06-24T16:17:34.722+0000] {dag.py:2742} INFO - Sync 1 DAGs
[2024-06-24T16:17:34.737+0000] {logging_mixin.py:150} INFO - [2024-06-24T16:17:34.737+0000] {dag.py:3504} INFO - Setting next_dagrun for example_sensors to None, run_after=None
[2024-06-24T16:17:34.778+0000] {processor.py:179} INFO - Processing /usr/local/python/3.10.13/lib/python3.10/site-packages/airflow/example_dags/example_sensors.py took 0.080 seconds
[2024-06-24T16:18:21.995+0000] {processor.py:157} INFO - Started process (PID=23924) to work on /usr/local/python/3.10.13/lib/python3.10/site-packages/airflow/example_dags/example_sensors.py
[2024-06-24T16:18:21.996+0000] {processor.py:826} INFO - Processing file /usr/local/python/3.10.13/lib/python3.10/site-packages/airflow/example_dags/example_sensors.py for tasks to queue
[2024-06-24T16:18:21.996+0000] {logging_mixin.py:150} INFO - [2024-06-24T16:18:21.996+0000] {dagbag.py:541} INFO - Filling up the DagBag from /usr/local/python/3.10.13/lib/python3.10/site-packages/airflow/example_dags/example_sensors.py
[2024-06-24T16:18:22.004+0000] {processor.py:836} INFO - DAG(s) dict_keys(['example_sensors']) retrieved from /usr/local/python/3.10.13/lib/python3.10/site-packages/airflow/example_dags/example_sensors.py
[2024-06-24T16:18:22.019+0000] {logging_mixin.py:150} INFO - [2024-06-24T16:18:22.019+0000] {dag.py:2742} INFO - Sync 1 DAGs
[2024-06-24T16:18:22.034+0000] {logging_mixin.py:150} INFO - [2024-06-24T16:18:22.034+0000] {dag.py:3504} INFO - Setting next_dagrun for example_sensors to None, run_after=None
[2024-06-24T16:18:22.077+0000] {processor.py:179} INFO - Processing /usr/local/python/3.10.13/lib/python3.10/site-packages/airflow/example_dags/example_sensors.py took 0.084 seconds
[2024-06-24T16:19:05.893+0000] {processor.py:157} INFO - Started process (PID=24220) to work on /usr/local/python/3.10.13/lib/python3.10/site-packages/airflow/example_dags/example_sensors.py
[2024-06-24T16:19:05.894+0000] {processor.py:826} INFO - Processing file /usr/local/python/3.10.13/lib/python3.10/site-packages/airflow/example_dags/example_sensors.py for tasks to queue
[2024-06-24T16:19:05.895+0000] {logging_mixin.py:150} INFO - [2024-06-24T16:19:05.894+0000] {dagbag.py:541} INFO - Filling up the DagBag from /usr/local/python/3.10.13/lib/python3.10/site-packages/airflow/example_dags/example_sensors.py
[2024-06-24T16:19:05.902+0000] {processor.py:836} INFO - DAG(s) dict_keys(['example_sensors']) retrieved from /usr/local/python/3.10.13/lib/python3.10/site-packages/airflow/example_dags/example_sensors.py
[2024-06-24T16:19:05.917+0000] {logging_mixin.py:150} INFO - [2024-06-24T16:19:05.917+0000] {dag.py:2742} INFO - Sync 1 DAGs
[2024-06-24T16:19:05.932+0000] {logging_mixin.py:150} INFO - [2024-06-24T16:19:05.932+0000] {dag.py:3504} INFO - Setting next_dagrun for example_sensors to None, run_after=None
[2024-06-24T16:19:05.976+0000] {processor.py:179} INFO - Processing /usr/local/python/3.10.13/lib/python3.10/site-packages/airflow/example_dags/example_sensors.py took 0.085 seconds
[2024-06-24T16:19:54.471+0000] {processor.py:157} INFO - Started process (PID=24561) to work on /usr/local/python/3.10.13/lib/python3.10/site-packages/airflow/example_dags/example_sensors.py
[2024-06-24T16:19:54.472+0000] {processor.py:826} INFO - Processing file /usr/local/python/3.10.13/lib/python3.10/site-packages/airflow/example_dags/example_sensors.py for tasks to queue
[2024-06-24T16:19:54.472+0000] {logging_mixin.py:150} INFO - [2024-06-24T16:19:54.472+0000] {dagbag.py:541} INFO - Filling up the DagBag from /usr/local/python/3.10.13/lib/python3.10/site-packages/airflow/example_dags/example_sensors.py
[2024-06-24T16:19:54.480+0000] {processor.py:836} INFO - DAG(s) dict_keys(['example_sensors']) retrieved from /usr/local/python/3.10.13/lib/python3.10/site-packages/airflow/example_dags/example_sensors.py
[2024-06-24T16:19:54.496+0000] {logging_mixin.py:150} INFO - [2024-06-24T16:19:54.496+0000] {dag.py:2742} INFO - Sync 1 DAGs
[2024-06-24T16:19:54.512+0000] {logging_mixin.py:150} INFO - [2024-06-24T16:19:54.512+0000] {dag.py:3504} INFO - Setting next_dagrun for example_sensors to None, run_after=None
[2024-06-24T16:19:54.555+0000] {processor.py:179} INFO - Processing /usr/local/python/3.10.13/lib/python3.10/site-packages/airflow/example_dags/example_sensors.py took 0.086 seconds
[2024-06-24T16:20:38.480+0000] {processor.py:157} INFO - Started process (PID=24861) to work on /usr/local/python/3.10.13/lib/python3.10/site-packages/airflow/example_dags/example_sensors.py
[2024-06-24T16:20:38.480+0000] {processor.py:826} INFO - Processing file /usr/local/python/3.10.13/lib/python3.10/site-packages/airflow/example_dags/example_sensors.py for tasks to queue
[2024-06-24T16:20:38.481+0000] {logging_mixin.py:150} INFO - [2024-06-24T16:20:38.481+0000] {dagbag.py:541} INFO - Filling up the DagBag from /usr/local/python/3.10.13/lib/python3.10/site-packages/airflow/example_dags/example_sensors.py
[2024-06-24T16:20:38.488+0000] {processor.py:836} INFO - DAG(s) dict_keys(['example_sensors']) retrieved from /usr/local/python/3.10.13/lib/python3.10/site-packages/airflow/example_dags/example_sensors.py
[2024-06-24T16:20:38.504+0000] {logging_mixin.py:150} INFO - [2024-06-24T16:20:38.504+0000] {dag.py:2742} INFO - Sync 1 DAGs
[2024-06-24T16:20:38.520+0000] {logging_mixin.py:150} INFO - [2024-06-24T16:20:38.520+0000] {dag.py:3504} INFO - Setting next_dagrun for example_sensors to None, run_after=None
[2024-06-24T16:20:38.559+0000] {processor.py:179} INFO - Processing /usr/local/python/3.10.13/lib/python3.10/site-packages/airflow/example_dags/example_sensors.py took 0.082 seconds
[2024-06-24T16:21:28.404+0000] {processor.py:157} INFO - Started process (PID=25204) to work on /usr/local/python/3.10.13/lib/python3.10/site-packages/airflow/example_dags/example_sensors.py
[2024-06-24T16:21:28.405+0000] {processor.py:826} INFO - Processing file /usr/local/python/3.10.13/lib/python3.10/site-packages/airflow/example_dags/example_sensors.py for tasks to queue
[2024-06-24T16:21:28.405+0000] {logging_mixin.py:150} INFO - [2024-06-24T16:21:28.405+0000] {dagbag.py:541} INFO - Filling up the DagBag from /usr/local/python/3.10.13/lib/python3.10/site-packages/airflow/example_dags/example_sensors.py
[2024-06-24T16:21:28.413+0000] {processor.py:836} INFO - DAG(s) dict_keys(['example_sensors']) retrieved from /usr/local/python/3.10.13/lib/python3.10/site-packages/airflow/example_dags/example_sensors.py
[2024-06-24T16:21:28.428+0000] {logging_mixin.py:150} INFO - [2024-06-24T16:21:28.428+0000] {dag.py:2742} INFO - Sync 1 DAGs
[2024-06-24T16:21:28.443+0000] {logging_mixin.py:150} INFO - [2024-06-24T16:21:28.442+0000] {dag.py:3504} INFO - Setting next_dagrun for example_sensors to None, run_after=None
[2024-06-24T16:21:28.485+0000] {processor.py:179} INFO - Processing /usr/local/python/3.10.13/lib/python3.10/site-packages/airflow/example_dags/example_sensors.py took 0.083 seconds
[2024-06-24T16:22:16.815+0000] {processor.py:157} INFO - Started process (PID=25549) to work on /usr/local/python/3.10.13/lib/python3.10/site-packages/airflow/example_dags/example_sensors.py
[2024-06-24T16:22:16.815+0000] {processor.py:826} INFO - Processing file /usr/local/python/3.10.13/lib/python3.10/site-packages/airflow/example_dags/example_sensors.py for tasks to queue
[2024-06-24T16:22:16.816+0000] {logging_mixin.py:150} INFO - [2024-06-24T16:22:16.816+0000] {dagbag.py:541} INFO - Filling up the DagBag from /usr/local/python/3.10.13/lib/python3.10/site-packages/airflow/example_dags/example_sensors.py
[2024-06-24T16:22:16.823+0000] {processor.py:836} INFO - DAG(s) dict_keys(['example_sensors']) retrieved from /usr/local/python/3.10.13/lib/python3.10/site-packages/airflow/example_dags/example_sensors.py
[2024-06-24T16:22:16.838+0000] {logging_mixin.py:150} INFO - [2024-06-24T16:22:16.838+0000] {dag.py:2742} INFO - Sync 1 DAGs
[2024-06-24T16:22:16.853+0000] {logging_mixin.py:150} INFO - [2024-06-24T16:22:16.853+0000] {dag.py:3504} INFO - Setting next_dagrun for example_sensors to None, run_after=None
[2024-06-24T16:22:16.903+0000] {processor.py:179} INFO - Processing /usr/local/python/3.10.13/lib/python3.10/site-packages/airflow/example_dags/example_sensors.py took 0.091 seconds
[2024-06-24T16:23:03.817+0000] {processor.py:157} INFO - Started process (PID=25866) to work on /usr/local/python/3.10.13/lib/python3.10/site-packages/airflow/example_dags/example_sensors.py
[2024-06-24T16:23:03.817+0000] {processor.py:826} INFO - Processing file /usr/local/python/3.10.13/lib/python3.10/site-packages/airflow/example_dags/example_sensors.py for tasks to queue
[2024-06-24T16:23:03.818+0000] {logging_mixin.py:150} INFO - [2024-06-24T16:23:03.818+0000] {dagbag.py:541} INFO - Filling up the DagBag from /usr/local/python/3.10.13/lib/python3.10/site-packages/airflow/example_dags/example_sensors.py
[2024-06-24T16:23:03.825+0000] {processor.py:836} INFO - DAG(s) dict_keys(['example_sensors']) retrieved from /usr/local/python/3.10.13/lib/python3.10/site-packages/airflow/example_dags/example_sensors.py
[2024-06-24T16:23:03.840+0000] {logging_mixin.py:150} INFO - [2024-06-24T16:23:03.839+0000] {dag.py:2742} INFO - Sync 1 DAGs
[2024-06-24T16:23:03.854+0000] {logging_mixin.py:150} INFO - [2024-06-24T16:23:03.854+0000] {dag.py:3504} INFO - Setting next_dagrun for example_sensors to None, run_after=None
[2024-06-24T16:23:03.893+0000] {processor.py:179} INFO - Processing /usr/local/python/3.10.13/lib/python3.10/site-packages/airflow/example_dags/example_sensors.py took 0.079 seconds
[2024-06-24T16:23:46.377+0000] {processor.py:157} INFO - Started process (PID=26179) to work on /usr/local/python/3.10.13/lib/python3.10/site-packages/airflow/example_dags/example_sensors.py
[2024-06-24T16:23:46.377+0000] {processor.py:826} INFO - Processing file /usr/local/python/3.10.13/lib/python3.10/site-packages/airflow/example_dags/example_sensors.py for tasks to queue
[2024-06-24T16:23:46.378+0000] {logging_mixin.py:150} INFO - [2024-06-24T16:23:46.378+0000] {dagbag.py:541} INFO - Filling up the DagBag from /usr/local/python/3.10.13/lib/python3.10/site-packages/airflow/example_dags/example_sensors.py
[2024-06-24T16:23:46.385+0000] {processor.py:836} INFO - DAG(s) dict_keys(['example_sensors']) retrieved from /usr/local/python/3.10.13/lib/python3.10/site-packages/airflow/example_dags/example_sensors.py
[2024-06-24T16:23:46.401+0000] {logging_mixin.py:150} INFO - [2024-06-24T16:23:46.401+0000] {dag.py:2742} INFO - Sync 1 DAGs
[2024-06-24T16:23:46.416+0000] {logging_mixin.py:150} INFO - [2024-06-24T16:23:46.416+0000] {dag.py:3504} INFO - Setting next_dagrun for example_sensors to None, run_after=None
[2024-06-24T16:23:46.454+0000] {processor.py:179} INFO - Processing /usr/local/python/3.10.13/lib/python3.10/site-packages/airflow/example_dags/example_sensors.py took 0.080 seconds
[2024-06-24T16:24:30.706+0000] {processor.py:157} INFO - Started process (PID=26476) to work on /usr/local/python/3.10.13/lib/python3.10/site-packages/airflow/example_dags/example_sensors.py
[2024-06-24T16:24:30.707+0000] {processor.py:826} INFO - Processing file /usr/local/python/3.10.13/lib/python3.10/site-packages/airflow/example_dags/example_sensors.py for tasks to queue
[2024-06-24T16:24:30.708+0000] {logging_mixin.py:150} INFO - [2024-06-24T16:24:30.708+0000] {dagbag.py:541} INFO - Filling up the DagBag from /usr/local/python/3.10.13/lib/python3.10/site-packages/airflow/example_dags/example_sensors.py
[2024-06-24T16:24:30.715+0000] {processor.py:836} INFO - DAG(s) dict_keys(['example_sensors']) retrieved from /usr/local/python/3.10.13/lib/python3.10/site-packages/airflow/example_dags/example_sensors.py
[2024-06-24T16:24:30.737+0000] {logging_mixin.py:150} INFO - [2024-06-24T16:24:30.737+0000] {dag.py:2742} INFO - Sync 1 DAGs
[2024-06-24T16:24:30.753+0000] {logging_mixin.py:150} INFO - [2024-06-24T16:24:30.752+0000] {dag.py:3504} INFO - Setting next_dagrun for example_sensors to None, run_after=None
[2024-06-24T16:24:30.793+0000] {processor.py:179} INFO - Processing /usr/local/python/3.10.13/lib/python3.10/site-packages/airflow/example_dags/example_sensors.py took 0.089 seconds
[2024-06-24T16:25:23.453+0000] {processor.py:157} INFO - Started process (PID=26839) to work on /usr/local/python/3.10.13/lib/python3.10/site-packages/airflow/example_dags/example_sensors.py
[2024-06-24T16:25:23.454+0000] {processor.py:826} INFO - Processing file /usr/local/python/3.10.13/lib/python3.10/site-packages/airflow/example_dags/example_sensors.py for tasks to queue
[2024-06-24T16:25:23.455+0000] {logging_mixin.py:150} INFO - [2024-06-24T16:25:23.454+0000] {dagbag.py:541} INFO - Filling up the DagBag from /usr/local/python/3.10.13/lib/python3.10/site-packages/airflow/example_dags/example_sensors.py
[2024-06-24T16:25:23.463+0000] {processor.py:836} INFO - DAG(s) dict_keys(['example_sensors']) retrieved from /usr/local/python/3.10.13/lib/python3.10/site-packages/airflow/example_dags/example_sensors.py
[2024-06-24T16:25:23.478+0000] {logging_mixin.py:150} INFO - [2024-06-24T16:25:23.478+0000] {dag.py:2742} INFO - Sync 1 DAGs
[2024-06-24T16:25:23.492+0000] {logging_mixin.py:150} INFO - [2024-06-24T16:25:23.492+0000] {dag.py:3504} INFO - Setting next_dagrun for example_sensors to None, run_after=None
[2024-06-24T16:25:23.537+0000] {processor.py:179} INFO - Processing /usr/local/python/3.10.13/lib/python3.10/site-packages/airflow/example_dags/example_sensors.py took 0.085 seconds
[2024-06-24T16:26:09.556+0000] {processor.py:157} INFO - Started process (PID=27165) to work on /usr/local/python/3.10.13/lib/python3.10/site-packages/airflow/example_dags/example_sensors.py
[2024-06-24T16:26:09.557+0000] {processor.py:826} INFO - Processing file /usr/local/python/3.10.13/lib/python3.10/site-packages/airflow/example_dags/example_sensors.py for tasks to queue
[2024-06-24T16:26:09.557+0000] {logging_mixin.py:150} INFO - [2024-06-24T16:26:09.557+0000] {dagbag.py:541} INFO - Filling up the DagBag from /usr/local/python/3.10.13/lib/python3.10/site-packages/airflow/example_dags/example_sensors.py
[2024-06-24T16:26:09.564+0000] {processor.py:836} INFO - DAG(s) dict_keys(['example_sensors']) retrieved from /usr/local/python/3.10.13/lib/python3.10/site-packages/airflow/example_dags/example_sensors.py
[2024-06-24T16:26:09.581+0000] {logging_mixin.py:150} INFO - [2024-06-24T16:26:09.581+0000] {dag.py:2742} INFO - Sync 1 DAGs
[2024-06-24T16:26:09.596+0000] {logging_mixin.py:150} INFO - [2024-06-24T16:26:09.596+0000] {dag.py:3504} INFO - Setting next_dagrun for example_sensors to None, run_after=None
[2024-06-24T16:26:09.637+0000] {processor.py:179} INFO - Processing /usr/local/python/3.10.13/lib/python3.10/site-packages/airflow/example_dags/example_sensors.py took 0.083 seconds
[2024-06-24T16:26:54.495+0000] {processor.py:157} INFO - Started process (PID=27467) to work on /usr/local/python/3.10.13/lib/python3.10/site-packages/airflow/example_dags/example_sensors.py
[2024-06-24T16:26:54.495+0000] {processor.py:826} INFO - Processing file /usr/local/python/3.10.13/lib/python3.10/site-packages/airflow/example_dags/example_sensors.py for tasks to queue
[2024-06-24T16:26:54.496+0000] {logging_mixin.py:150} INFO - [2024-06-24T16:26:54.496+0000] {dagbag.py:541} INFO - Filling up the DagBag from /usr/local/python/3.10.13/lib/python3.10/site-packages/airflow/example_dags/example_sensors.py
[2024-06-24T16:26:54.503+0000] {processor.py:836} INFO - DAG(s) dict_keys(['example_sensors']) retrieved from /usr/local/python/3.10.13/lib/python3.10/site-packages/airflow/example_dags/example_sensors.py
[2024-06-24T16:26:54.519+0000] {logging_mixin.py:150} INFO - [2024-06-24T16:26:54.519+0000] {dag.py:2742} INFO - Sync 1 DAGs
[2024-06-24T16:26:54.535+0000] {logging_mixin.py:150} INFO - [2024-06-24T16:26:54.534+0000] {dag.py:3504} INFO - Setting next_dagrun for example_sensors to None, run_after=None
[2024-06-24T16:26:54.572+0000] {processor.py:179} INFO - Processing /usr/local/python/3.10.13/lib/python3.10/site-packages/airflow/example_dags/example_sensors.py took 0.079 seconds
[2024-06-24T16:27:40.558+0000] {processor.py:157} INFO - Started process (PID=27797) to work on /usr/local/python/3.10.13/lib/python3.10/site-packages/airflow/example_dags/example_sensors.py
[2024-06-24T16:27:40.558+0000] {processor.py:826} INFO - Processing file /usr/local/python/3.10.13/lib/python3.10/site-packages/airflow/example_dags/example_sensors.py for tasks to queue
[2024-06-24T16:27:40.559+0000] {logging_mixin.py:150} INFO - [2024-06-24T16:27:40.559+0000] {dagbag.py:541} INFO - Filling up the DagBag from /usr/local/python/3.10.13/lib/python3.10/site-packages/airflow/example_dags/example_sensors.py
[2024-06-24T16:27:40.566+0000] {processor.py:836} INFO - DAG(s) dict_keys(['example_sensors']) retrieved from /usr/local/python/3.10.13/lib/python3.10/site-packages/airflow/example_dags/example_sensors.py
[2024-06-24T16:27:40.582+0000] {logging_mixin.py:150} INFO - [2024-06-24T16:27:40.582+0000] {dag.py:2742} INFO - Sync 1 DAGs
[2024-06-24T16:27:40.597+0000] {logging_mixin.py:150} INFO - [2024-06-24T16:27:40.596+0000] {dag.py:3504} INFO - Setting next_dagrun for example_sensors to None, run_after=None
[2024-06-24T16:27:40.636+0000] {processor.py:179} INFO - Processing /usr/local/python/3.10.13/lib/python3.10/site-packages/airflow/example_dags/example_sensors.py took 0.081 seconds
[2024-06-24T16:28:23.692+0000] {processor.py:157} INFO - Started process (PID=28098) to work on /usr/local/python/3.10.13/lib/python3.10/site-packages/airflow/example_dags/example_sensors.py
[2024-06-24T16:28:23.692+0000] {processor.py:826} INFO - Processing file /usr/local/python/3.10.13/lib/python3.10/site-packages/airflow/example_dags/example_sensors.py for tasks to queue
[2024-06-24T16:28:23.693+0000] {logging_mixin.py:150} INFO - [2024-06-24T16:28:23.693+0000] {dagbag.py:541} INFO - Filling up the DagBag from /usr/local/python/3.10.13/lib/python3.10/site-packages/airflow/example_dags/example_sensors.py
[2024-06-24T16:28:23.702+0000] {processor.py:836} INFO - DAG(s) dict_keys(['example_sensors']) retrieved from /usr/local/python/3.10.13/lib/python3.10/site-packages/airflow/example_dags/example_sensors.py
[2024-06-24T16:28:23.717+0000] {logging_mixin.py:150} INFO - [2024-06-24T16:28:23.717+0000] {dag.py:2742} INFO - Sync 1 DAGs
[2024-06-24T16:28:23.733+0000] {logging_mixin.py:150} INFO - [2024-06-24T16:28:23.733+0000] {dag.py:3504} INFO - Setting next_dagrun for example_sensors to None, run_after=None
[2024-06-24T16:28:23.779+0000] {processor.py:179} INFO - Processing /usr/local/python/3.10.13/lib/python3.10/site-packages/airflow/example_dags/example_sensors.py took 0.089 seconds
[2024-06-24T16:29:11.663+0000] {processor.py:157} INFO - Started process (PID=28436) to work on /usr/local/python/3.10.13/lib/python3.10/site-packages/airflow/example_dags/example_sensors.py
[2024-06-24T16:29:11.664+0000] {processor.py:826} INFO - Processing file /usr/local/python/3.10.13/lib/python3.10/site-packages/airflow/example_dags/example_sensors.py for tasks to queue
[2024-06-24T16:29:11.665+0000] {logging_mixin.py:150} INFO - [2024-06-24T16:29:11.664+0000] {dagbag.py:541} INFO - Filling up the DagBag from /usr/local/python/3.10.13/lib/python3.10/site-packages/airflow/example_dags/example_sensors.py
[2024-06-24T16:29:11.672+0000] {processor.py:836} INFO - DAG(s) dict_keys(['example_sensors']) retrieved from /usr/local/python/3.10.13/lib/python3.10/site-packages/airflow/example_dags/example_sensors.py
[2024-06-24T16:29:11.687+0000] {logging_mixin.py:150} INFO - [2024-06-24T16:29:11.687+0000] {dag.py:2742} INFO - Sync 1 DAGs
[2024-06-24T16:29:11.702+0000] {logging_mixin.py:150} INFO - [2024-06-24T16:29:11.701+0000] {dag.py:3504} INFO - Setting next_dagrun for example_sensors to None, run_after=None
[2024-06-24T16:29:11.743+0000] {processor.py:179} INFO - Processing /usr/local/python/3.10.13/lib/python3.10/site-packages/airflow/example_dags/example_sensors.py took 0.082 seconds
[2024-06-24T16:29:58.239+0000] {processor.py:157} INFO - Started process (PID=28745) to work on /usr/local/python/3.10.13/lib/python3.10/site-packages/airflow/example_dags/example_sensors.py
[2024-06-24T16:29:58.239+0000] {processor.py:826} INFO - Processing file /usr/local/python/3.10.13/lib/python3.10/site-packages/airflow/example_dags/example_sensors.py for tasks to queue
[2024-06-24T16:29:58.240+0000] {logging_mixin.py:150} INFO - [2024-06-24T16:29:58.240+0000] {dagbag.py:541} INFO - Filling up the DagBag from /usr/local/python/3.10.13/lib/python3.10/site-packages/airflow/example_dags/example_sensors.py
[2024-06-24T16:29:58.247+0000] {processor.py:836} INFO - DAG(s) dict_keys(['example_sensors']) retrieved from /usr/local/python/3.10.13/lib/python3.10/site-packages/airflow/example_dags/example_sensors.py
[2024-06-24T16:29:58.262+0000] {logging_mixin.py:150} INFO - [2024-06-24T16:29:58.262+0000] {dag.py:2742} INFO - Sync 1 DAGs
[2024-06-24T16:29:58.284+0000] {logging_mixin.py:150} INFO - [2024-06-24T16:29:58.284+0000] {dag.py:3504} INFO - Setting next_dagrun for example_sensors to None, run_after=None
[2024-06-24T16:29:58.326+0000] {processor.py:179} INFO - Processing /usr/local/python/3.10.13/lib/python3.10/site-packages/airflow/example_dags/example_sensors.py took 0.090 seconds
[2024-06-24T16:30:42.808+0000] {processor.py:157} INFO - Started process (PID=29074) to work on /usr/local/python/3.10.13/lib/python3.10/site-packages/airflow/example_dags/example_sensors.py
[2024-06-24T16:30:42.809+0000] {processor.py:826} INFO - Processing file /usr/local/python/3.10.13/lib/python3.10/site-packages/airflow/example_dags/example_sensors.py for tasks to queue
[2024-06-24T16:30:42.809+0000] {logging_mixin.py:150} INFO - [2024-06-24T16:30:42.809+0000] {dagbag.py:541} INFO - Filling up the DagBag from /usr/local/python/3.10.13/lib/python3.10/site-packages/airflow/example_dags/example_sensors.py
[2024-06-24T16:30:42.817+0000] {processor.py:836} INFO - DAG(s) dict_keys(['example_sensors']) retrieved from /usr/local/python/3.10.13/lib/python3.10/site-packages/airflow/example_dags/example_sensors.py
[2024-06-24T16:30:42.832+0000] {logging_mixin.py:150} INFO - [2024-06-24T16:30:42.832+0000] {dag.py:2742} INFO - Sync 1 DAGs
[2024-06-24T16:30:42.847+0000] {logging_mixin.py:150} INFO - [2024-06-24T16:30:42.847+0000] {dag.py:3504} INFO - Setting next_dagrun for example_sensors to None, run_after=None
[2024-06-24T16:30:42.885+0000] {processor.py:179} INFO - Processing /usr/local/python/3.10.13/lib/python3.10/site-packages/airflow/example_dags/example_sensors.py took 0.079 seconds
[2024-06-24T17:08:06.326+0000] {processor.py:157} INFO - Started process (PID=9504) to work on /usr/local/python/3.10.13/lib/python3.10/site-packages/airflow/example_dags/example_sensors.py
[2024-06-24T17:08:06.330+0000] {processor.py:826} INFO - Processing file /usr/local/python/3.10.13/lib/python3.10/site-packages/airflow/example_dags/example_sensors.py for tasks to queue
[2024-06-24T17:08:06.331+0000] {logging_mixin.py:150} INFO - [2024-06-24T17:08:06.330+0000] {dagbag.py:541} INFO - Filling up the DagBag from /usr/local/python/3.10.13/lib/python3.10/site-packages/airflow/example_dags/example_sensors.py
[2024-06-24T17:08:06.360+0000] {processor.py:836} INFO - DAG(s) dict_keys(['example_sensors']) retrieved from /usr/local/python/3.10.13/lib/python3.10/site-packages/airflow/example_dags/example_sensors.py
[2024-06-24T17:08:06.389+0000] {logging_mixin.py:150} INFO - [2024-06-24T17:08:06.388+0000] {dag.py:2742} INFO - Sync 1 DAGs
[2024-06-24T17:08:06.420+0000] {logging_mixin.py:150} INFO - [2024-06-24T17:08:06.420+0000] {dag.py:3504} INFO - Setting next_dagrun for example_sensors to None, run_after=None
[2024-06-24T17:08:06.465+0000] {processor.py:179} INFO - Processing /usr/local/python/3.10.13/lib/python3.10/site-packages/airflow/example_dags/example_sensors.py took 0.142 seconds
[2024-06-24T17:08:53.529+0000] {processor.py:157} INFO - Started process (PID=9852) to work on /usr/local/python/3.10.13/lib/python3.10/site-packages/airflow/example_dags/example_sensors.py
[2024-06-24T17:08:53.530+0000] {processor.py:826} INFO - Processing file /usr/local/python/3.10.13/lib/python3.10/site-packages/airflow/example_dags/example_sensors.py for tasks to queue
[2024-06-24T17:08:53.531+0000] {logging_mixin.py:150} INFO - [2024-06-24T17:08:53.530+0000] {dagbag.py:541} INFO - Filling up the DagBag from /usr/local/python/3.10.13/lib/python3.10/site-packages/airflow/example_dags/example_sensors.py
[2024-06-24T17:08:53.538+0000] {processor.py:836} INFO - DAG(s) dict_keys(['example_sensors']) retrieved from /usr/local/python/3.10.13/lib/python3.10/site-packages/airflow/example_dags/example_sensors.py
[2024-06-24T17:08:53.554+0000] {logging_mixin.py:150} INFO - [2024-06-24T17:08:53.554+0000] {dag.py:2742} INFO - Sync 1 DAGs
[2024-06-24T17:08:53.568+0000] {logging_mixin.py:150} INFO - [2024-06-24T17:08:53.568+0000] {dag.py:3504} INFO - Setting next_dagrun for example_sensors to None, run_after=None
[2024-06-24T17:08:53.612+0000] {processor.py:179} INFO - Processing /usr/local/python/3.10.13/lib/python3.10/site-packages/airflow/example_dags/example_sensors.py took 0.085 seconds
[2024-06-24T17:09:40.319+0000] {processor.py:157} INFO - Started process (PID=10164) to work on /usr/local/python/3.10.13/lib/python3.10/site-packages/airflow/example_dags/example_sensors.py
[2024-06-24T17:09:40.320+0000] {processor.py:826} INFO - Processing file /usr/local/python/3.10.13/lib/python3.10/site-packages/airflow/example_dags/example_sensors.py for tasks to queue
[2024-06-24T17:09:40.320+0000] {logging_mixin.py:150} INFO - [2024-06-24T17:09:40.320+0000] {dagbag.py:541} INFO - Filling up the DagBag from /usr/local/python/3.10.13/lib/python3.10/site-packages/airflow/example_dags/example_sensors.py
[2024-06-24T17:09:40.328+0000] {processor.py:836} INFO - DAG(s) dict_keys(['example_sensors']) retrieved from /usr/local/python/3.10.13/lib/python3.10/site-packages/airflow/example_dags/example_sensors.py
[2024-06-24T17:09:40.343+0000] {logging_mixin.py:150} INFO - [2024-06-24T17:09:40.343+0000] {dag.py:2742} INFO - Sync 1 DAGs
[2024-06-24T17:09:40.358+0000] {logging_mixin.py:150} INFO - [2024-06-24T17:09:40.358+0000] {dag.py:3504} INFO - Setting next_dagrun for example_sensors to None, run_after=None
[2024-06-24T17:09:40.405+0000] {processor.py:179} INFO - Processing /usr/local/python/3.10.13/lib/python3.10/site-packages/airflow/example_dags/example_sensors.py took 0.088 seconds
[2024-06-24T17:10:36.934+0000] {processor.py:157} INFO - Started process (PID=10566) to work on /usr/local/python/3.10.13/lib/python3.10/site-packages/airflow/example_dags/example_sensors.py
[2024-06-24T17:10:36.935+0000] {processor.py:826} INFO - Processing file /usr/local/python/3.10.13/lib/python3.10/site-packages/airflow/example_dags/example_sensors.py for tasks to queue
[2024-06-24T17:10:36.935+0000] {logging_mixin.py:150} INFO - [2024-06-24T17:10:36.935+0000] {dagbag.py:541} INFO - Filling up the DagBag from /usr/local/python/3.10.13/lib/python3.10/site-packages/airflow/example_dags/example_sensors.py
[2024-06-24T17:10:36.943+0000] {processor.py:836} INFO - DAG(s) dict_keys(['example_sensors']) retrieved from /usr/local/python/3.10.13/lib/python3.10/site-packages/airflow/example_dags/example_sensors.py
[2024-06-24T17:10:36.958+0000] {logging_mixin.py:150} INFO - [2024-06-24T17:10:36.958+0000] {dag.py:2742} INFO - Sync 1 DAGs
[2024-06-24T17:10:36.972+0000] {logging_mixin.py:150} INFO - [2024-06-24T17:10:36.972+0000] {dag.py:3504} INFO - Setting next_dagrun for example_sensors to None, run_after=None
[2024-06-24T17:10:37.014+0000] {processor.py:179} INFO - Processing /usr/local/python/3.10.13/lib/python3.10/site-packages/airflow/example_dags/example_sensors.py took 0.083 seconds
[2024-06-24T17:11:28.447+0000] {processor.py:157} INFO - Started process (PID=10974) to work on /usr/local/python/3.10.13/lib/python3.10/site-packages/airflow/example_dags/example_sensors.py
[2024-06-24T17:11:28.448+0000] {processor.py:826} INFO - Processing file /usr/local/python/3.10.13/lib/python3.10/site-packages/airflow/example_dags/example_sensors.py for tasks to queue
[2024-06-24T17:11:28.448+0000] {logging_mixin.py:150} INFO - [2024-06-24T17:11:28.448+0000] {dagbag.py:541} INFO - Filling up the DagBag from /usr/local/python/3.10.13/lib/python3.10/site-packages/airflow/example_dags/example_sensors.py
[2024-06-24T17:11:28.456+0000] {processor.py:836} INFO - DAG(s) dict_keys(['example_sensors']) retrieved from /usr/local/python/3.10.13/lib/python3.10/site-packages/airflow/example_dags/example_sensors.py
[2024-06-24T17:11:28.471+0000] {logging_mixin.py:150} INFO - [2024-06-24T17:11:28.470+0000] {dag.py:2742} INFO - Sync 1 DAGs
[2024-06-24T17:11:28.485+0000] {logging_mixin.py:150} INFO - [2024-06-24T17:11:28.485+0000] {dag.py:3504} INFO - Setting next_dagrun for example_sensors to None, run_after=None
[2024-06-24T17:11:28.529+0000] {processor.py:179} INFO - Processing /usr/local/python/3.10.13/lib/python3.10/site-packages/airflow/example_dags/example_sensors.py took 0.084 seconds
[2024-06-24T17:12:22.780+0000] {processor.py:157} INFO - Started process (PID=11375) to work on /usr/local/python/3.10.13/lib/python3.10/site-packages/airflow/example_dags/example_sensors.py
[2024-06-24T17:12:22.781+0000] {processor.py:826} INFO - Processing file /usr/local/python/3.10.13/lib/python3.10/site-packages/airflow/example_dags/example_sensors.py for tasks to queue
[2024-06-24T17:12:22.782+0000] {logging_mixin.py:150} INFO - [2024-06-24T17:12:22.781+0000] {dagbag.py:541} INFO - Filling up the DagBag from /usr/local/python/3.10.13/lib/python3.10/site-packages/airflow/example_dags/example_sensors.py
[2024-06-24T17:12:22.789+0000] {processor.py:836} INFO - DAG(s) dict_keys(['example_sensors']) retrieved from /usr/local/python/3.10.13/lib/python3.10/site-packages/airflow/example_dags/example_sensors.py
[2024-06-24T17:12:22.804+0000] {logging_mixin.py:150} INFO - [2024-06-24T17:12:22.804+0000] {dag.py:2742} INFO - Sync 1 DAGs
[2024-06-24T17:12:22.820+0000] {logging_mixin.py:150} INFO - [2024-06-24T17:12:22.820+0000] {dag.py:3504} INFO - Setting next_dagrun for example_sensors to None, run_after=None
[2024-06-24T17:12:22.859+0000] {processor.py:179} INFO - Processing /usr/local/python/3.10.13/lib/python3.10/site-packages/airflow/example_dags/example_sensors.py took 0.081 seconds
[2024-06-24T17:13:10.452+0000] {processor.py:157} INFO - Started process (PID=11753) to work on /usr/local/python/3.10.13/lib/python3.10/site-packages/airflow/example_dags/example_sensors.py
[2024-06-24T17:13:10.453+0000] {processor.py:826} INFO - Processing file /usr/local/python/3.10.13/lib/python3.10/site-packages/airflow/example_dags/example_sensors.py for tasks to queue
[2024-06-24T17:13:10.454+0000] {logging_mixin.py:150} INFO - [2024-06-24T17:13:10.454+0000] {dagbag.py:541} INFO - Filling up the DagBag from /usr/local/python/3.10.13/lib/python3.10/site-packages/airflow/example_dags/example_sensors.py
[2024-06-24T17:13:10.461+0000] {processor.py:836} INFO - DAG(s) dict_keys(['example_sensors']) retrieved from /usr/local/python/3.10.13/lib/python3.10/site-packages/airflow/example_dags/example_sensors.py
[2024-06-24T17:13:10.476+0000] {logging_mixin.py:150} INFO - [2024-06-24T17:13:10.476+0000] {dag.py:2742} INFO - Sync 1 DAGs
[2024-06-24T17:13:10.491+0000] {logging_mixin.py:150} INFO - [2024-06-24T17:13:10.491+0000] {dag.py:3504} INFO - Setting next_dagrun for example_sensors to None, run_after=None
[2024-06-24T17:13:10.528+0000] {processor.py:179} INFO - Processing /usr/local/python/3.10.13/lib/python3.10/site-packages/airflow/example_dags/example_sensors.py took 0.078 seconds
[2024-06-24T17:13:54.388+0000] {processor.py:157} INFO - Started process (PID=12090) to work on /usr/local/python/3.10.13/lib/python3.10/site-packages/airflow/example_dags/example_sensors.py
[2024-06-24T17:13:54.389+0000] {processor.py:826} INFO - Processing file /usr/local/python/3.10.13/lib/python3.10/site-packages/airflow/example_dags/example_sensors.py for tasks to queue
[2024-06-24T17:13:54.389+0000] {logging_mixin.py:150} INFO - [2024-06-24T17:13:54.389+0000] {dagbag.py:541} INFO - Filling up the DagBag from /usr/local/python/3.10.13/lib/python3.10/site-packages/airflow/example_dags/example_sensors.py
[2024-06-24T17:13:54.397+0000] {processor.py:836} INFO - DAG(s) dict_keys(['example_sensors']) retrieved from /usr/local/python/3.10.13/lib/python3.10/site-packages/airflow/example_dags/example_sensors.py
[2024-06-24T17:13:54.412+0000] {logging_mixin.py:150} INFO - [2024-06-24T17:13:54.412+0000] {dag.py:2742} INFO - Sync 1 DAGs
[2024-06-24T17:13:54.427+0000] {logging_mixin.py:150} INFO - [2024-06-24T17:13:54.427+0000] {dag.py:3504} INFO - Setting next_dagrun for example_sensors to None, run_after=None
[2024-06-24T17:13:54.469+0000] {processor.py:179} INFO - Processing /usr/local/python/3.10.13/lib/python3.10/site-packages/airflow/example_dags/example_sensors.py took 0.084 seconds
[2024-06-24T17:14:40.627+0000] {processor.py:157} INFO - Started process (PID=12456) to work on /usr/local/python/3.10.13/lib/python3.10/site-packages/airflow/example_dags/example_sensors.py
[2024-06-24T17:14:40.628+0000] {processor.py:826} INFO - Processing file /usr/local/python/3.10.13/lib/python3.10/site-packages/airflow/example_dags/example_sensors.py for tasks to queue
[2024-06-24T17:14:40.629+0000] {logging_mixin.py:150} INFO - [2024-06-24T17:14:40.629+0000] {dagbag.py:541} INFO - Filling up the DagBag from /usr/local/python/3.10.13/lib/python3.10/site-packages/airflow/example_dags/example_sensors.py
[2024-06-24T17:14:40.636+0000] {processor.py:836} INFO - DAG(s) dict_keys(['example_sensors']) retrieved from /usr/local/python/3.10.13/lib/python3.10/site-packages/airflow/example_dags/example_sensors.py
[2024-06-24T17:14:40.656+0000] {logging_mixin.py:150} INFO - [2024-06-24T17:14:40.656+0000] {dag.py:2742} INFO - Sync 1 DAGs
[2024-06-24T17:14:40.671+0000] {logging_mixin.py:150} INFO - [2024-06-24T17:14:40.671+0000] {dag.py:3504} INFO - Setting next_dagrun for example_sensors to None, run_after=None
[2024-06-24T17:14:40.712+0000] {processor.py:179} INFO - Processing /usr/local/python/3.10.13/lib/python3.10/site-packages/airflow/example_dags/example_sensors.py took 0.088 seconds
[2024-06-24T17:15:29.602+0000] {processor.py:157} INFO - Started process (PID=12807) to work on /usr/local/python/3.10.13/lib/python3.10/site-packages/airflow/example_dags/example_sensors.py
[2024-06-24T17:15:29.602+0000] {processor.py:826} INFO - Processing file /usr/local/python/3.10.13/lib/python3.10/site-packages/airflow/example_dags/example_sensors.py for tasks to queue
[2024-06-24T17:15:29.603+0000] {logging_mixin.py:150} INFO - [2024-06-24T17:15:29.603+0000] {dagbag.py:541} INFO - Filling up the DagBag from /usr/local/python/3.10.13/lib/python3.10/site-packages/airflow/example_dags/example_sensors.py
[2024-06-24T17:15:29.610+0000] {processor.py:836} INFO - DAG(s) dict_keys(['example_sensors']) retrieved from /usr/local/python/3.10.13/lib/python3.10/site-packages/airflow/example_dags/example_sensors.py
[2024-06-24T17:15:29.628+0000] {logging_mixin.py:150} INFO - [2024-06-24T17:15:29.628+0000] {dag.py:2742} INFO - Sync 1 DAGs
[2024-06-24T17:15:29.659+0000] {logging_mixin.py:150} INFO - [2024-06-24T17:15:29.659+0000] {dag.py:3504} INFO - Setting next_dagrun for example_sensors to None, run_after=None
[2024-06-24T17:15:29.714+0000] {processor.py:179} INFO - Processing /usr/local/python/3.10.13/lib/python3.10/site-packages/airflow/example_dags/example_sensors.py took 0.115 seconds
[2024-06-24T17:16:18.730+0000] {processor.py:157} INFO - Started process (PID=13170) to work on /usr/local/python/3.10.13/lib/python3.10/site-packages/airflow/example_dags/example_sensors.py
[2024-06-24T17:16:18.731+0000] {processor.py:826} INFO - Processing file /usr/local/python/3.10.13/lib/python3.10/site-packages/airflow/example_dags/example_sensors.py for tasks to queue
[2024-06-24T17:16:18.732+0000] {logging_mixin.py:150} INFO - [2024-06-24T17:16:18.731+0000] {dagbag.py:541} INFO - Filling up the DagBag from /usr/local/python/3.10.13/lib/python3.10/site-packages/airflow/example_dags/example_sensors.py
[2024-06-24T17:16:18.739+0000] {processor.py:836} INFO - DAG(s) dict_keys(['example_sensors']) retrieved from /usr/local/python/3.10.13/lib/python3.10/site-packages/airflow/example_dags/example_sensors.py
[2024-06-24T17:16:18.754+0000] {logging_mixin.py:150} INFO - [2024-06-24T17:16:18.754+0000] {dag.py:2742} INFO - Sync 1 DAGs
[2024-06-24T17:16:18.769+0000] {logging_mixin.py:150} INFO - [2024-06-24T17:16:18.768+0000] {dag.py:3504} INFO - Setting next_dagrun for example_sensors to None, run_after=None
[2024-06-24T17:16:18.814+0000] {processor.py:179} INFO - Processing /usr/local/python/3.10.13/lib/python3.10/site-packages/airflow/example_dags/example_sensors.py took 0.086 seconds
[2024-06-24T17:17:08.280+0000] {processor.py:157} INFO - Started process (PID=13568) to work on /usr/local/python/3.10.13/lib/python3.10/site-packages/airflow/example_dags/example_sensors.py
[2024-06-24T17:17:08.281+0000] {processor.py:826} INFO - Processing file /usr/local/python/3.10.13/lib/python3.10/site-packages/airflow/example_dags/example_sensors.py for tasks to queue
[2024-06-24T17:17:08.281+0000] {logging_mixin.py:150} INFO - [2024-06-24T17:17:08.281+0000] {dagbag.py:541} INFO - Filling up the DagBag from /usr/local/python/3.10.13/lib/python3.10/site-packages/airflow/example_dags/example_sensors.py
[2024-06-24T17:17:08.288+0000] {processor.py:836} INFO - DAG(s) dict_keys(['example_sensors']) retrieved from /usr/local/python/3.10.13/lib/python3.10/site-packages/airflow/example_dags/example_sensors.py
[2024-06-24T17:17:08.306+0000] {logging_mixin.py:150} INFO - [2024-06-24T17:17:08.306+0000] {dag.py:2742} INFO - Sync 1 DAGs
[2024-06-24T17:17:08.321+0000] {logging_mixin.py:150} INFO - [2024-06-24T17:17:08.320+0000] {dag.py:3504} INFO - Setting next_dagrun for example_sensors to None, run_after=None
[2024-06-24T17:17:08.359+0000] {processor.py:179} INFO - Processing /usr/local/python/3.10.13/lib/python3.10/site-packages/airflow/example_dags/example_sensors.py took 0.081 seconds
[2024-06-24T17:17:49.130+0000] {processor.py:157} INFO - Started process (PID=13848) to work on /usr/local/python/3.10.13/lib/python3.10/site-packages/airflow/example_dags/example_sensors.py
[2024-06-24T17:17:49.130+0000] {processor.py:826} INFO - Processing file /usr/local/python/3.10.13/lib/python3.10/site-packages/airflow/example_dags/example_sensors.py for tasks to queue
[2024-06-24T17:17:49.131+0000] {logging_mixin.py:150} INFO - [2024-06-24T17:17:49.131+0000] {dagbag.py:541} INFO - Filling up the DagBag from /usr/local/python/3.10.13/lib/python3.10/site-packages/airflow/example_dags/example_sensors.py
[2024-06-24T17:17:49.138+0000] {processor.py:836} INFO - DAG(s) dict_keys(['example_sensors']) retrieved from /usr/local/python/3.10.13/lib/python3.10/site-packages/airflow/example_dags/example_sensors.py
[2024-06-24T17:17:49.154+0000] {logging_mixin.py:150} INFO - [2024-06-24T17:17:49.153+0000] {dag.py:2742} INFO - Sync 1 DAGs
[2024-06-24T17:17:49.169+0000] {logging_mixin.py:150} INFO - [2024-06-24T17:17:49.169+0000] {dag.py:3504} INFO - Setting next_dagrun for example_sensors to None, run_after=None
[2024-06-24T17:17:49.227+0000] {processor.py:179} INFO - Processing /usr/local/python/3.10.13/lib/python3.10/site-packages/airflow/example_dags/example_sensors.py took 0.099 seconds
[2024-06-24T17:18:41.482+0000] {processor.py:157} INFO - Started process (PID=14217) to work on /usr/local/python/3.10.13/lib/python3.10/site-packages/airflow/example_dags/example_sensors.py
[2024-06-24T17:18:41.482+0000] {processor.py:826} INFO - Processing file /usr/local/python/3.10.13/lib/python3.10/site-packages/airflow/example_dags/example_sensors.py for tasks to queue
[2024-06-24T17:18:41.483+0000] {logging_mixin.py:150} INFO - [2024-06-24T17:18:41.483+0000] {dagbag.py:541} INFO - Filling up the DagBag from /usr/local/python/3.10.13/lib/python3.10/site-packages/airflow/example_dags/example_sensors.py
[2024-06-24T17:18:41.490+0000] {processor.py:836} INFO - DAG(s) dict_keys(['example_sensors']) retrieved from /usr/local/python/3.10.13/lib/python3.10/site-packages/airflow/example_dags/example_sensors.py
[2024-06-24T17:18:41.506+0000] {logging_mixin.py:150} INFO - [2024-06-24T17:18:41.506+0000] {dag.py:2742} INFO - Sync 1 DAGs
[2024-06-24T17:18:41.520+0000] {logging_mixin.py:150} INFO - [2024-06-24T17:18:41.520+0000] {dag.py:3504} INFO - Setting next_dagrun for example_sensors to None, run_after=None
[2024-06-24T17:18:41.563+0000] {processor.py:179} INFO - Processing /usr/local/python/3.10.13/lib/python3.10/site-packages/airflow/example_dags/example_sensors.py took 0.084 seconds
[2024-06-24T17:19:34.306+0000] {processor.py:157} INFO - Started process (PID=14643) to work on /usr/local/python/3.10.13/lib/python3.10/site-packages/airflow/example_dags/example_sensors.py
[2024-06-24T17:19:34.307+0000] {processor.py:826} INFO - Processing file /usr/local/python/3.10.13/lib/python3.10/site-packages/airflow/example_dags/example_sensors.py for tasks to queue
[2024-06-24T17:19:34.307+0000] {logging_mixin.py:150} INFO - [2024-06-24T17:19:34.307+0000] {dagbag.py:541} INFO - Filling up the DagBag from /usr/local/python/3.10.13/lib/python3.10/site-packages/airflow/example_dags/example_sensors.py
[2024-06-24T17:19:34.315+0000] {processor.py:836} INFO - DAG(s) dict_keys(['example_sensors']) retrieved from /usr/local/python/3.10.13/lib/python3.10/site-packages/airflow/example_dags/example_sensors.py
[2024-06-24T17:19:34.330+0000] {logging_mixin.py:150} INFO - [2024-06-24T17:19:34.330+0000] {dag.py:2742} INFO - Sync 1 DAGs
[2024-06-24T17:19:34.345+0000] {logging_mixin.py:150} INFO - [2024-06-24T17:19:34.345+0000] {dag.py:3504} INFO - Setting next_dagrun for example_sensors to None, run_after=None
[2024-06-24T17:19:34.400+0000] {processor.py:179} INFO - Processing /usr/local/python/3.10.13/lib/python3.10/site-packages/airflow/example_dags/example_sensors.py took 0.096 seconds
[2024-06-24T17:20:34.866+0000] {processor.py:157} INFO - Started process (PID=15056) to work on /usr/local/python/3.10.13/lib/python3.10/site-packages/airflow/example_dags/example_sensors.py
[2024-06-24T17:20:34.867+0000] {processor.py:826} INFO - Processing file /usr/local/python/3.10.13/lib/python3.10/site-packages/airflow/example_dags/example_sensors.py for tasks to queue
[2024-06-24T17:20:34.868+0000] {logging_mixin.py:150} INFO - [2024-06-24T17:20:34.868+0000] {dagbag.py:541} INFO - Filling up the DagBag from /usr/local/python/3.10.13/lib/python3.10/site-packages/airflow/example_dags/example_sensors.py
[2024-06-24T17:20:34.875+0000] {processor.py:836} INFO - DAG(s) dict_keys(['example_sensors']) retrieved from /usr/local/python/3.10.13/lib/python3.10/site-packages/airflow/example_dags/example_sensors.py
[2024-06-24T17:20:34.890+0000] {logging_mixin.py:150} INFO - [2024-06-24T17:20:34.890+0000] {dag.py:2742} INFO - Sync 1 DAGs
[2024-06-24T17:20:34.906+0000] {logging_mixin.py:150} INFO - [2024-06-24T17:20:34.906+0000] {dag.py:3504} INFO - Setting next_dagrun for example_sensors to None, run_after=None
[2024-06-24T17:20:34.955+0000] {processor.py:179} INFO - Processing /usr/local/python/3.10.13/lib/python3.10/site-packages/airflow/example_dags/example_sensors.py took 0.091 seconds
[2024-06-24T17:21:18.834+0000] {processor.py:157} INFO - Started process (PID=15370) to work on /usr/local/python/3.10.13/lib/python3.10/site-packages/airflow/example_dags/example_sensors.py
[2024-06-24T17:21:18.835+0000] {processor.py:826} INFO - Processing file /usr/local/python/3.10.13/lib/python3.10/site-packages/airflow/example_dags/example_sensors.py for tasks to queue
[2024-06-24T17:21:18.835+0000] {logging_mixin.py:150} INFO - [2024-06-24T17:21:18.835+0000] {dagbag.py:541} INFO - Filling up the DagBag from /usr/local/python/3.10.13/lib/python3.10/site-packages/airflow/example_dags/example_sensors.py
[2024-06-24T17:21:18.843+0000] {processor.py:836} INFO - DAG(s) dict_keys(['example_sensors']) retrieved from /usr/local/python/3.10.13/lib/python3.10/site-packages/airflow/example_dags/example_sensors.py
[2024-06-24T17:21:18.858+0000] {logging_mixin.py:150} INFO - [2024-06-24T17:21:18.858+0000] {dag.py:2742} INFO - Sync 1 DAGs
[2024-06-24T17:21:18.873+0000] {logging_mixin.py:150} INFO - [2024-06-24T17:21:18.873+0000] {dag.py:3504} INFO - Setting next_dagrun for example_sensors to None, run_after=None
[2024-06-24T17:21:18.911+0000] {processor.py:179} INFO - Processing /usr/local/python/3.10.13/lib/python3.10/site-packages/airflow/example_dags/example_sensors.py took 0.079 seconds
[2024-06-24T17:22:09.544+0000] {processor.py:157} INFO - Started process (PID=15727) to work on /usr/local/python/3.10.13/lib/python3.10/site-packages/airflow/example_dags/example_sensors.py
[2024-06-24T17:22:09.545+0000] {processor.py:826} INFO - Processing file /usr/local/python/3.10.13/lib/python3.10/site-packages/airflow/example_dags/example_sensors.py for tasks to queue
[2024-06-24T17:22:09.545+0000] {logging_mixin.py:150} INFO - [2024-06-24T17:22:09.545+0000] {dagbag.py:541} INFO - Filling up the DagBag from /usr/local/python/3.10.13/lib/python3.10/site-packages/airflow/example_dags/example_sensors.py
[2024-06-24T17:22:09.553+0000] {processor.py:836} INFO - DAG(s) dict_keys(['example_sensors']) retrieved from /usr/local/python/3.10.13/lib/python3.10/site-packages/airflow/example_dags/example_sensors.py
[2024-06-24T17:22:09.568+0000] {logging_mixin.py:150} INFO - [2024-06-24T17:22:09.568+0000] {dag.py:2742} INFO - Sync 1 DAGs
[2024-06-24T17:22:09.582+0000] {logging_mixin.py:150} INFO - [2024-06-24T17:22:09.582+0000] {dag.py:3504} INFO - Setting next_dagrun for example_sensors to None, run_after=None
[2024-06-24T17:22:09.619+0000] {processor.py:179} INFO - Processing /usr/local/python/3.10.13/lib/python3.10/site-packages/airflow/example_dags/example_sensors.py took 0.078 seconds
[2024-06-24T17:22:59.064+0000] {processor.py:157} INFO - Started process (PID=16073) to work on /usr/local/python/3.10.13/lib/python3.10/site-packages/airflow/example_dags/example_sensors.py
[2024-06-24T17:22:59.065+0000] {processor.py:826} INFO - Processing file /usr/local/python/3.10.13/lib/python3.10/site-packages/airflow/example_dags/example_sensors.py for tasks to queue
[2024-06-24T17:22:59.065+0000] {logging_mixin.py:150} INFO - [2024-06-24T17:22:59.065+0000] {dagbag.py:541} INFO - Filling up the DagBag from /usr/local/python/3.10.13/lib/python3.10/site-packages/airflow/example_dags/example_sensors.py
[2024-06-24T17:22:59.073+0000] {processor.py:836} INFO - DAG(s) dict_keys(['example_sensors']) retrieved from /usr/local/python/3.10.13/lib/python3.10/site-packages/airflow/example_dags/example_sensors.py
[2024-06-24T17:22:59.088+0000] {logging_mixin.py:150} INFO - [2024-06-24T17:22:59.088+0000] {dag.py:2742} INFO - Sync 1 DAGs
[2024-06-24T17:22:59.104+0000] {logging_mixin.py:150} INFO - [2024-06-24T17:22:59.104+0000] {dag.py:3504} INFO - Setting next_dagrun for example_sensors to None, run_after=None
[2024-06-24T17:22:59.142+0000] {processor.py:179} INFO - Processing /usr/local/python/3.10.13/lib/python3.10/site-packages/airflow/example_dags/example_sensors.py took 0.081 seconds
[2024-06-24T17:23:51.976+0000] {processor.py:157} INFO - Started process (PID=16440) to work on /usr/local/python/3.10.13/lib/python3.10/site-packages/airflow/example_dags/example_sensors.py
[2024-06-24T17:23:51.977+0000] {processor.py:826} INFO - Processing file /usr/local/python/3.10.13/lib/python3.10/site-packages/airflow/example_dags/example_sensors.py for tasks to queue
[2024-06-24T17:23:51.978+0000] {logging_mixin.py:150} INFO - [2024-06-24T17:23:51.978+0000] {dagbag.py:541} INFO - Filling up the DagBag from /usr/local/python/3.10.13/lib/python3.10/site-packages/airflow/example_dags/example_sensors.py
[2024-06-24T17:23:51.985+0000] {processor.py:836} INFO - DAG(s) dict_keys(['example_sensors']) retrieved from /usr/local/python/3.10.13/lib/python3.10/site-packages/airflow/example_dags/example_sensors.py
[2024-06-24T17:23:52.000+0000] {logging_mixin.py:150} INFO - [2024-06-24T17:23:52.000+0000] {dag.py:2742} INFO - Sync 1 DAGs
[2024-06-24T17:23:52.015+0000] {logging_mixin.py:150} INFO - [2024-06-24T17:23:52.015+0000] {dag.py:3504} INFO - Setting next_dagrun for example_sensors to None, run_after=None
[2024-06-24T17:23:52.068+0000] {processor.py:179} INFO - Processing /usr/local/python/3.10.13/lib/python3.10/site-packages/airflow/example_dags/example_sensors.py took 0.094 seconds
[2024-06-24T17:24:45.825+0000] {processor.py:157} INFO - Started process (PID=16812) to work on /usr/local/python/3.10.13/lib/python3.10/site-packages/airflow/example_dags/example_sensors.py
[2024-06-24T17:24:45.825+0000] {processor.py:826} INFO - Processing file /usr/local/python/3.10.13/lib/python3.10/site-packages/airflow/example_dags/example_sensors.py for tasks to queue
[2024-06-24T17:24:45.826+0000] {logging_mixin.py:150} INFO - [2024-06-24T17:24:45.826+0000] {dagbag.py:541} INFO - Filling up the DagBag from /usr/local/python/3.10.13/lib/python3.10/site-packages/airflow/example_dags/example_sensors.py
[2024-06-24T17:24:45.838+0000] {processor.py:836} INFO - DAG(s) dict_keys(['example_sensors']) retrieved from /usr/local/python/3.10.13/lib/python3.10/site-packages/airflow/example_dags/example_sensors.py
[2024-06-24T17:24:45.854+0000] {logging_mixin.py:150} INFO - [2024-06-24T17:24:45.854+0000] {dag.py:2742} INFO - Sync 1 DAGs
[2024-06-24T17:24:45.869+0000] {logging_mixin.py:150} INFO - [2024-06-24T17:24:45.869+0000] {dag.py:3504} INFO - Setting next_dagrun for example_sensors to None, run_after=None
[2024-06-24T17:24:45.907+0000] {processor.py:179} INFO - Processing /usr/local/python/3.10.13/lib/python3.10/site-packages/airflow/example_dags/example_sensors.py took 0.084 seconds
[2024-06-24T17:25:39.393+0000] {processor.py:157} INFO - Started process (PID=17180) to work on /usr/local/python/3.10.13/lib/python3.10/site-packages/airflow/example_dags/example_sensors.py
[2024-06-24T17:25:39.394+0000] {processor.py:826} INFO - Processing file /usr/local/python/3.10.13/lib/python3.10/site-packages/airflow/example_dags/example_sensors.py for tasks to queue
[2024-06-24T17:25:39.395+0000] {logging_mixin.py:150} INFO - [2024-06-24T17:25:39.395+0000] {dagbag.py:541} INFO - Filling up the DagBag from /usr/local/python/3.10.13/lib/python3.10/site-packages/airflow/example_dags/example_sensors.py
[2024-06-24T17:25:39.402+0000] {processor.py:836} INFO - DAG(s) dict_keys(['example_sensors']) retrieved from /usr/local/python/3.10.13/lib/python3.10/site-packages/airflow/example_dags/example_sensors.py
[2024-06-24T17:25:39.417+0000] {logging_mixin.py:150} INFO - [2024-06-24T17:25:39.417+0000] {dag.py:2742} INFO - Sync 1 DAGs
[2024-06-24T17:25:39.433+0000] {logging_mixin.py:150} INFO - [2024-06-24T17:25:39.433+0000] {dag.py:3504} INFO - Setting next_dagrun for example_sensors to None, run_after=None
[2024-06-24T17:25:39.475+0000] {processor.py:179} INFO - Processing /usr/local/python/3.10.13/lib/python3.10/site-packages/airflow/example_dags/example_sensors.py took 0.084 seconds
[2024-06-24T17:26:29.521+0000] {processor.py:157} INFO - Started process (PID=17529) to work on /usr/local/python/3.10.13/lib/python3.10/site-packages/airflow/example_dags/example_sensors.py
[2024-06-24T17:26:29.522+0000] {processor.py:826} INFO - Processing file /usr/local/python/3.10.13/lib/python3.10/site-packages/airflow/example_dags/example_sensors.py for tasks to queue
[2024-06-24T17:26:29.523+0000] {logging_mixin.py:150} INFO - [2024-06-24T17:26:29.522+0000] {dagbag.py:541} INFO - Filling up the DagBag from /usr/local/python/3.10.13/lib/python3.10/site-packages/airflow/example_dags/example_sensors.py
[2024-06-24T17:26:29.530+0000] {processor.py:836} INFO - DAG(s) dict_keys(['example_sensors']) retrieved from /usr/local/python/3.10.13/lib/python3.10/site-packages/airflow/example_dags/example_sensors.py
[2024-06-24T17:26:29.545+0000] {logging_mixin.py:150} INFO - [2024-06-24T17:26:29.545+0000] {dag.py:2742} INFO - Sync 1 DAGs
[2024-06-24T17:26:29.560+0000] {logging_mixin.py:150} INFO - [2024-06-24T17:26:29.560+0000] {dag.py:3504} INFO - Setting next_dagrun for example_sensors to None, run_after=None
[2024-06-24T17:26:29.600+0000] {processor.py:179} INFO - Processing /usr/local/python/3.10.13/lib/python3.10/site-packages/airflow/example_dags/example_sensors.py took 0.081 seconds
[2024-06-24T17:27:17.329+0000] {processor.py:157} INFO - Started process (PID=17874) to work on /usr/local/python/3.10.13/lib/python3.10/site-packages/airflow/example_dags/example_sensors.py
[2024-06-24T17:27:17.329+0000] {processor.py:826} INFO - Processing file /usr/local/python/3.10.13/lib/python3.10/site-packages/airflow/example_dags/example_sensors.py for tasks to queue
[2024-06-24T17:27:17.330+0000] {logging_mixin.py:150} INFO - [2024-06-24T17:27:17.330+0000] {dagbag.py:541} INFO - Filling up the DagBag from /usr/local/python/3.10.13/lib/python3.10/site-packages/airflow/example_dags/example_sensors.py
[2024-06-24T17:27:17.337+0000] {processor.py:836} INFO - DAG(s) dict_keys(['example_sensors']) retrieved from /usr/local/python/3.10.13/lib/python3.10/site-packages/airflow/example_dags/example_sensors.py
[2024-06-24T17:27:17.352+0000] {logging_mixin.py:150} INFO - [2024-06-24T17:27:17.352+0000] {dag.py:2742} INFO - Sync 1 DAGs
[2024-06-24T17:27:17.367+0000] {logging_mixin.py:150} INFO - [2024-06-24T17:27:17.367+0000] {dag.py:3504} INFO - Setting next_dagrun for example_sensors to None, run_after=None
[2024-06-24T17:27:17.406+0000] {processor.py:179} INFO - Processing /usr/local/python/3.10.13/lib/python3.10/site-packages/airflow/example_dags/example_sensors.py took 0.080 seconds
[2024-06-24T17:28:10.697+0000] {processor.py:157} INFO - Started process (PID=18241) to work on /usr/local/python/3.10.13/lib/python3.10/site-packages/airflow/example_dags/example_sensors.py
[2024-06-24T17:28:10.698+0000] {processor.py:826} INFO - Processing file /usr/local/python/3.10.13/lib/python3.10/site-packages/airflow/example_dags/example_sensors.py for tasks to queue
[2024-06-24T17:28:10.698+0000] {logging_mixin.py:150} INFO - [2024-06-24T17:28:10.698+0000] {dagbag.py:541} INFO - Filling up the DagBag from /usr/local/python/3.10.13/lib/python3.10/site-packages/airflow/example_dags/example_sensors.py
[2024-06-24T17:28:10.706+0000] {processor.py:836} INFO - DAG(s) dict_keys(['example_sensors']) retrieved from /usr/local/python/3.10.13/lib/python3.10/site-packages/airflow/example_dags/example_sensors.py
[2024-06-24T17:28:10.722+0000] {logging_mixin.py:150} INFO - [2024-06-24T17:28:10.722+0000] {dag.py:2742} INFO - Sync 1 DAGs
[2024-06-24T17:28:10.737+0000] {logging_mixin.py:150} INFO - [2024-06-24T17:28:10.737+0000] {dag.py:3504} INFO - Setting next_dagrun for example_sensors to None, run_after=None
[2024-06-24T17:28:10.774+0000] {processor.py:179} INFO - Processing /usr/local/python/3.10.13/lib/python3.10/site-packages/airflow/example_dags/example_sensors.py took 0.079 seconds
[2024-06-24T17:29:05.264+0000] {processor.py:157} INFO - Started process (PID=18630) to work on /usr/local/python/3.10.13/lib/python3.10/site-packages/airflow/example_dags/example_sensors.py
[2024-06-24T17:29:05.265+0000] {processor.py:826} INFO - Processing file /usr/local/python/3.10.13/lib/python3.10/site-packages/airflow/example_dags/example_sensors.py for tasks to queue
[2024-06-24T17:29:05.266+0000] {logging_mixin.py:150} INFO - [2024-06-24T17:29:05.266+0000] {dagbag.py:541} INFO - Filling up the DagBag from /usr/local/python/3.10.13/lib/python3.10/site-packages/airflow/example_dags/example_sensors.py
[2024-06-24T17:29:05.273+0000] {processor.py:836} INFO - DAG(s) dict_keys(['example_sensors']) retrieved from /usr/local/python/3.10.13/lib/python3.10/site-packages/airflow/example_dags/example_sensors.py
[2024-06-24T17:29:05.289+0000] {logging_mixin.py:150} INFO - [2024-06-24T17:29:05.289+0000] {dag.py:2742} INFO - Sync 1 DAGs
[2024-06-24T17:29:05.304+0000] {logging_mixin.py:150} INFO - [2024-06-24T17:29:05.304+0000] {dag.py:3504} INFO - Setting next_dagrun for example_sensors to None, run_after=None
[2024-06-24T17:29:05.345+0000] {processor.py:179} INFO - Processing /usr/local/python/3.10.13/lib/python3.10/site-packages/airflow/example_dags/example_sensors.py took 0.083 seconds
[2024-06-24T17:29:57.980+0000] {processor.py:157} INFO - Started process (PID=18989) to work on /usr/local/python/3.10.13/lib/python3.10/site-packages/airflow/example_dags/example_sensors.py
[2024-06-24T17:29:57.981+0000] {processor.py:826} INFO - Processing file /usr/local/python/3.10.13/lib/python3.10/site-packages/airflow/example_dags/example_sensors.py for tasks to queue
[2024-06-24T17:29:57.982+0000] {logging_mixin.py:150} INFO - [2024-06-24T17:29:57.981+0000] {dagbag.py:541} INFO - Filling up the DagBag from /usr/local/python/3.10.13/lib/python3.10/site-packages/airflow/example_dags/example_sensors.py
[2024-06-24T17:29:57.992+0000] {processor.py:836} INFO - DAG(s) dict_keys(['example_sensors']) retrieved from /usr/local/python/3.10.13/lib/python3.10/site-packages/airflow/example_dags/example_sensors.py
[2024-06-24T17:29:58.018+0000] {logging_mixin.py:150} INFO - [2024-06-24T17:29:58.017+0000] {dag.py:2742} INFO - Sync 1 DAGs
[2024-06-24T17:29:58.040+0000] {logging_mixin.py:150} INFO - [2024-06-24T17:29:58.039+0000] {dag.py:3504} INFO - Setting next_dagrun for example_sensors to None, run_after=None
[2024-06-24T17:29:58.079+0000] {processor.py:179} INFO - Processing /usr/local/python/3.10.13/lib/python3.10/site-packages/airflow/example_dags/example_sensors.py took 0.100 seconds
[2024-06-24T17:30:51.040+0000] {processor.py:157} INFO - Started process (PID=19353) to work on /usr/local/python/3.10.13/lib/python3.10/site-packages/airflow/example_dags/example_sensors.py
[2024-06-24T17:30:51.041+0000] {processor.py:826} INFO - Processing file /usr/local/python/3.10.13/lib/python3.10/site-packages/airflow/example_dags/example_sensors.py for tasks to queue
[2024-06-24T17:30:51.041+0000] {logging_mixin.py:150} INFO - [2024-06-24T17:30:51.041+0000] {dagbag.py:541} INFO - Filling up the DagBag from /usr/local/python/3.10.13/lib/python3.10/site-packages/airflow/example_dags/example_sensors.py
[2024-06-24T17:30:51.054+0000] {processor.py:836} INFO - DAG(s) dict_keys(['example_sensors']) retrieved from /usr/local/python/3.10.13/lib/python3.10/site-packages/airflow/example_dags/example_sensors.py
[2024-06-24T17:30:51.083+0000] {logging_mixin.py:150} INFO - [2024-06-24T17:30:51.083+0000] {dag.py:2742} INFO - Sync 1 DAGs
[2024-06-24T17:30:51.114+0000] {logging_mixin.py:150} INFO - [2024-06-24T17:30:51.114+0000] {dag.py:3504} INFO - Setting next_dagrun for example_sensors to None, run_after=None
[2024-06-24T17:30:51.159+0000] {processor.py:179} INFO - Processing /usr/local/python/3.10.13/lib/python3.10/site-packages/airflow/example_dags/example_sensors.py took 0.121 seconds
