[2024-06-24T15:55:18.626+0000] {processor.py:157} INFO - Started process (PID=13866) to work on /usr/local/python/3.10.13/lib/python3.10/site-packages/airflow/example_dags/example_short_circuit_decorator.py
[2024-06-24T15:55:18.626+0000] {processor.py:826} INFO - Processing file /usr/local/python/3.10.13/lib/python3.10/site-packages/airflow/example_dags/example_short_circuit_decorator.py for tasks to queue
[2024-06-24T15:55:18.627+0000] {logging_mixin.py:150} INFO - [2024-06-24T15:55:18.626+0000] {dagbag.py:541} INFO - Filling up the DagBag from /usr/local/python/3.10.13/lib/python3.10/site-packages/airflow/example_dags/example_short_circuit_decorator.py
[2024-06-24T15:55:18.634+0000] {processor.py:836} INFO - DAG(s) dict_keys(['example_short_circuit_decorator']) retrieved from /usr/local/python/3.10.13/lib/python3.10/site-packages/airflow/example_dags/example_short_circuit_decorator.py
[2024-06-24T15:55:18.769+0000] {logging_mixin.py:150} INFO - [2024-06-24T15:55:18.768+0000] {manager.py:504} INFO - Created Permission View: can delete on DAG:example_short_circuit_decorator
[2024-06-24T15:55:18.804+0000] {logging_mixin.py:150} INFO - [2024-06-24T15:55:18.803+0000] {manager.py:504} INFO - Created Permission View: can read on DAG:example_short_circuit_decorator
[2024-06-24T15:55:18.839+0000] {logging_mixin.py:150} INFO - [2024-06-24T15:55:18.839+0000] {manager.py:504} INFO - Created Permission View: can edit on DAG:example_short_circuit_decorator
[2024-06-24T15:55:18.849+0000] {logging_mixin.py:150} INFO - [2024-06-24T15:55:18.849+0000] {dag.py:2742} INFO - Sync 1 DAGs
[2024-06-24T15:55:18.857+0000] {logging_mixin.py:150} INFO - [2024-06-24T15:55:18.857+0000] {dag.py:2763} INFO - Creating ORM DAG for example_short_circuit_decorator
[2024-06-24T15:55:18.864+0000] {logging_mixin.py:150} INFO - [2024-06-24T15:55:18.864+0000] {dag.py:3504} INFO - Setting next_dagrun for example_short_circuit_decorator to 2024-06-23T15:55:18.864138+00:00, run_after=2024-06-24T15:55:18.864138+00:00
[2024-06-24T15:55:18.909+0000] {processor.py:179} INFO - Processing /usr/local/python/3.10.13/lib/python3.10/site-packages/airflow/example_dags/example_short_circuit_decorator.py took 0.286 seconds
[2024-06-24T15:56:07.020+0000] {processor.py:157} INFO - Started process (PID=14210) to work on /usr/local/python/3.10.13/lib/python3.10/site-packages/airflow/example_dags/example_short_circuit_decorator.py
[2024-06-24T15:56:07.021+0000] {processor.py:826} INFO - Processing file /usr/local/python/3.10.13/lib/python3.10/site-packages/airflow/example_dags/example_short_circuit_decorator.py for tasks to queue
[2024-06-24T15:56:07.022+0000] {logging_mixin.py:150} INFO - [2024-06-24T15:56:07.022+0000] {dagbag.py:541} INFO - Filling up the DagBag from /usr/local/python/3.10.13/lib/python3.10/site-packages/airflow/example_dags/example_short_circuit_decorator.py
[2024-06-24T15:56:07.029+0000] {processor.py:836} INFO - DAG(s) dict_keys(['example_short_circuit_decorator']) retrieved from /usr/local/python/3.10.13/lib/python3.10/site-packages/airflow/example_dags/example_short_circuit_decorator.py
[2024-06-24T15:56:07.043+0000] {logging_mixin.py:150} INFO - [2024-06-24T15:56:07.043+0000] {dag.py:2742} INFO - Sync 1 DAGs
[2024-06-24T15:56:07.058+0000] {logging_mixin.py:150} INFO - [2024-06-24T15:56:07.058+0000] {dag.py:3504} INFO - Setting next_dagrun for example_short_circuit_decorator to 2024-06-23T15:56:07.058514+00:00, run_after=2024-06-24T15:56:07.058514+00:00
[2024-06-24T15:56:07.106+0000] {processor.py:179} INFO - Processing /usr/local/python/3.10.13/lib/python3.10/site-packages/airflow/example_dags/example_short_circuit_decorator.py took 0.088 seconds
[2024-06-24T16:02:03.976+0000] {processor.py:157} INFO - Started process (PID=16812) to work on /usr/local/python/3.10.13/lib/python3.10/site-packages/airflow/example_dags/example_short_circuit_decorator.py
[2024-06-24T16:02:03.977+0000] {processor.py:826} INFO - Processing file /usr/local/python/3.10.13/lib/python3.10/site-packages/airflow/example_dags/example_short_circuit_decorator.py for tasks to queue
[2024-06-24T16:02:03.977+0000] {logging_mixin.py:150} INFO - [2024-06-24T16:02:03.977+0000] {dagbag.py:541} INFO - Filling up the DagBag from /usr/local/python/3.10.13/lib/python3.10/site-packages/airflow/example_dags/example_short_circuit_decorator.py
[2024-06-24T16:02:03.984+0000] {processor.py:836} INFO - DAG(s) dict_keys(['example_short_circuit_decorator']) retrieved from /usr/local/python/3.10.13/lib/python3.10/site-packages/airflow/example_dags/example_short_circuit_decorator.py
[2024-06-24T16:02:03.998+0000] {logging_mixin.py:150} INFO - [2024-06-24T16:02:03.998+0000] {dag.py:2742} INFO - Sync 1 DAGs
[2024-06-24T16:02:04.013+0000] {logging_mixin.py:150} INFO - [2024-06-24T16:02:04.013+0000] {dag.py:3504} INFO - Setting next_dagrun for example_short_circuit_decorator to 2024-06-23T16:02:04.013052+00:00, run_after=2024-06-24T16:02:04.013052+00:00
[2024-06-24T16:02:04.058+0000] {processor.py:179} INFO - Processing /usr/local/python/3.10.13/lib/python3.10/site-packages/airflow/example_dags/example_short_circuit_decorator.py took 0.084 seconds
[2024-06-24T16:02:50.859+0000] {processor.py:157} INFO - Started process (PID=17169) to work on /usr/local/python/3.10.13/lib/python3.10/site-packages/airflow/example_dags/example_short_circuit_decorator.py
[2024-06-24T16:02:50.860+0000] {processor.py:826} INFO - Processing file /usr/local/python/3.10.13/lib/python3.10/site-packages/airflow/example_dags/example_short_circuit_decorator.py for tasks to queue
[2024-06-24T16:02:50.861+0000] {logging_mixin.py:150} INFO - [2024-06-24T16:02:50.861+0000] {dagbag.py:541} INFO - Filling up the DagBag from /usr/local/python/3.10.13/lib/python3.10/site-packages/airflow/example_dags/example_short_circuit_decorator.py
[2024-06-24T16:02:50.869+0000] {processor.py:836} INFO - DAG(s) dict_keys(['example_short_circuit_decorator']) retrieved from /usr/local/python/3.10.13/lib/python3.10/site-packages/airflow/example_dags/example_short_circuit_decorator.py
[2024-06-24T16:02:50.885+0000] {logging_mixin.py:150} INFO - [2024-06-24T16:02:50.884+0000] {dag.py:2742} INFO - Sync 1 DAGs
[2024-06-24T16:02:50.902+0000] {logging_mixin.py:150} INFO - [2024-06-24T16:02:50.902+0000] {dag.py:3504} INFO - Setting next_dagrun for example_short_circuit_decorator to 2024-06-23T16:02:50.902094+00:00, run_after=2024-06-24T16:02:50.902094+00:00
[2024-06-24T16:02:50.944+0000] {processor.py:179} INFO - Processing /usr/local/python/3.10.13/lib/python3.10/site-packages/airflow/example_dags/example_short_circuit_decorator.py took 0.087 seconds
[2024-06-24T16:03:40.724+0000] {processor.py:157} INFO - Started process (PID=17555) to work on /usr/local/python/3.10.13/lib/python3.10/site-packages/airflow/example_dags/example_short_circuit_decorator.py
[2024-06-24T16:03:40.725+0000] {processor.py:826} INFO - Processing file /usr/local/python/3.10.13/lib/python3.10/site-packages/airflow/example_dags/example_short_circuit_decorator.py for tasks to queue
[2024-06-24T16:03:40.726+0000] {logging_mixin.py:150} INFO - [2024-06-24T16:03:40.725+0000] {dagbag.py:541} INFO - Filling up the DagBag from /usr/local/python/3.10.13/lib/python3.10/site-packages/airflow/example_dags/example_short_circuit_decorator.py
[2024-06-24T16:03:40.733+0000] {processor.py:836} INFO - DAG(s) dict_keys(['example_short_circuit_decorator']) retrieved from /usr/local/python/3.10.13/lib/python3.10/site-packages/airflow/example_dags/example_short_circuit_decorator.py
[2024-06-24T16:03:40.747+0000] {logging_mixin.py:150} INFO - [2024-06-24T16:03:40.747+0000] {dag.py:2742} INFO - Sync 1 DAGs
[2024-06-24T16:03:40.762+0000] {logging_mixin.py:150} INFO - [2024-06-24T16:03:40.762+0000] {dag.py:3504} INFO - Setting next_dagrun for example_short_circuit_decorator to 2024-06-23T16:03:40.761903+00:00, run_after=2024-06-24T16:03:40.761903+00:00
[2024-06-24T16:03:40.803+0000] {processor.py:179} INFO - Processing /usr/local/python/3.10.13/lib/python3.10/site-packages/airflow/example_dags/example_short_circuit_decorator.py took 0.081 seconds
[2024-06-24T16:04:27.382+0000] {processor.py:157} INFO - Started process (PID=17915) to work on /usr/local/python/3.10.13/lib/python3.10/site-packages/airflow/example_dags/example_short_circuit_decorator.py
[2024-06-24T16:04:27.383+0000] {processor.py:826} INFO - Processing file /usr/local/python/3.10.13/lib/python3.10/site-packages/airflow/example_dags/example_short_circuit_decorator.py for tasks to queue
[2024-06-24T16:04:27.383+0000] {logging_mixin.py:150} INFO - [2024-06-24T16:04:27.383+0000] {dagbag.py:541} INFO - Filling up the DagBag from /usr/local/python/3.10.13/lib/python3.10/site-packages/airflow/example_dags/example_short_circuit_decorator.py
[2024-06-24T16:04:27.390+0000] {processor.py:836} INFO - DAG(s) dict_keys(['example_short_circuit_decorator']) retrieved from /usr/local/python/3.10.13/lib/python3.10/site-packages/airflow/example_dags/example_short_circuit_decorator.py
[2024-06-24T16:04:27.404+0000] {logging_mixin.py:150} INFO - [2024-06-24T16:04:27.404+0000] {dag.py:2742} INFO - Sync 1 DAGs
[2024-06-24T16:04:27.420+0000] {logging_mixin.py:150} INFO - [2024-06-24T16:04:27.420+0000] {dag.py:3504} INFO - Setting next_dagrun for example_short_circuit_decorator to 2024-06-23T16:04:27.419936+00:00, run_after=2024-06-24T16:04:27.419936+00:00
[2024-06-24T16:04:27.458+0000] {processor.py:179} INFO - Processing /usr/local/python/3.10.13/lib/python3.10/site-packages/airflow/example_dags/example_short_circuit_decorator.py took 0.079 seconds
[2024-06-24T16:05:15.859+0000] {processor.py:157} INFO - Started process (PID=18285) to work on /usr/local/python/3.10.13/lib/python3.10/site-packages/airflow/example_dags/example_short_circuit_decorator.py
[2024-06-24T16:05:15.860+0000] {processor.py:826} INFO - Processing file /usr/local/python/3.10.13/lib/python3.10/site-packages/airflow/example_dags/example_short_circuit_decorator.py for tasks to queue
[2024-06-24T16:05:15.861+0000] {logging_mixin.py:150} INFO - [2024-06-24T16:05:15.861+0000] {dagbag.py:541} INFO - Filling up the DagBag from /usr/local/python/3.10.13/lib/python3.10/site-packages/airflow/example_dags/example_short_circuit_decorator.py
[2024-06-24T16:05:15.873+0000] {processor.py:836} INFO - DAG(s) dict_keys(['example_short_circuit_decorator']) retrieved from /usr/local/python/3.10.13/lib/python3.10/site-packages/airflow/example_dags/example_short_circuit_decorator.py
[2024-06-24T16:05:15.896+0000] {logging_mixin.py:150} INFO - [2024-06-24T16:05:15.896+0000] {dag.py:2742} INFO - Sync 1 DAGs
[2024-06-24T16:05:15.924+0000] {logging_mixin.py:150} INFO - [2024-06-24T16:05:15.923+0000] {dag.py:3504} INFO - Setting next_dagrun for example_short_circuit_decorator to 2024-06-23T16:05:15.923637+00:00, run_after=2024-06-24T16:05:15.923637+00:00
[2024-06-24T16:05:15.968+0000] {processor.py:179} INFO - Processing /usr/local/python/3.10.13/lib/python3.10/site-packages/airflow/example_dags/example_short_circuit_decorator.py took 0.111 seconds
[2024-06-24T16:06:00.574+0000] {processor.py:157} INFO - Started process (PID=18644) to work on /usr/local/python/3.10.13/lib/python3.10/site-packages/airflow/example_dags/example_short_circuit_decorator.py
[2024-06-24T16:06:00.575+0000] {processor.py:826} INFO - Processing file /usr/local/python/3.10.13/lib/python3.10/site-packages/airflow/example_dags/example_short_circuit_decorator.py for tasks to queue
[2024-06-24T16:06:00.576+0000] {logging_mixin.py:150} INFO - [2024-06-24T16:06:00.575+0000] {dagbag.py:541} INFO - Filling up the DagBag from /usr/local/python/3.10.13/lib/python3.10/site-packages/airflow/example_dags/example_short_circuit_decorator.py
[2024-06-24T16:06:00.583+0000] {processor.py:836} INFO - DAG(s) dict_keys(['example_short_circuit_decorator']) retrieved from /usr/local/python/3.10.13/lib/python3.10/site-packages/airflow/example_dags/example_short_circuit_decorator.py
[2024-06-24T16:06:00.597+0000] {logging_mixin.py:150} INFO - [2024-06-24T16:06:00.597+0000] {dag.py:2742} INFO - Sync 1 DAGs
[2024-06-24T16:06:00.612+0000] {logging_mixin.py:150} INFO - [2024-06-24T16:06:00.612+0000] {dag.py:3504} INFO - Setting next_dagrun for example_short_circuit_decorator to 2024-06-23T16:06:00.611987+00:00, run_after=2024-06-24T16:06:00.611987+00:00
[2024-06-24T16:06:00.671+0000] {processor.py:179} INFO - Processing /usr/local/python/3.10.13/lib/python3.10/site-packages/airflow/example_dags/example_short_circuit_decorator.py took 0.099 seconds
[2024-06-24T16:06:49.875+0000] {processor.py:157} INFO - Started process (PID=19028) to work on /usr/local/python/3.10.13/lib/python3.10/site-packages/airflow/example_dags/example_short_circuit_decorator.py
[2024-06-24T16:06:49.875+0000] {processor.py:826} INFO - Processing file /usr/local/python/3.10.13/lib/python3.10/site-packages/airflow/example_dags/example_short_circuit_decorator.py for tasks to queue
[2024-06-24T16:06:49.876+0000] {logging_mixin.py:150} INFO - [2024-06-24T16:06:49.876+0000] {dagbag.py:541} INFO - Filling up the DagBag from /usr/local/python/3.10.13/lib/python3.10/site-packages/airflow/example_dags/example_short_circuit_decorator.py
[2024-06-24T16:06:49.883+0000] {processor.py:836} INFO - DAG(s) dict_keys(['example_short_circuit_decorator']) retrieved from /usr/local/python/3.10.13/lib/python3.10/site-packages/airflow/example_dags/example_short_circuit_decorator.py
[2024-06-24T16:06:49.896+0000] {logging_mixin.py:150} INFO - [2024-06-24T16:06:49.896+0000] {dag.py:2742} INFO - Sync 1 DAGs
[2024-06-24T16:06:49.912+0000] {logging_mixin.py:150} INFO - [2024-06-24T16:06:49.912+0000] {dag.py:3504} INFO - Setting next_dagrun for example_short_circuit_decorator to 2024-06-23T16:06:49.911863+00:00, run_after=2024-06-24T16:06:49.911863+00:00
[2024-06-24T16:06:49.952+0000] {processor.py:179} INFO - Processing /usr/local/python/3.10.13/lib/python3.10/site-packages/airflow/example_dags/example_short_circuit_decorator.py took 0.080 seconds
[2024-06-24T16:07:36.672+0000] {processor.py:157} INFO - Started process (PID=19373) to work on /usr/local/python/3.10.13/lib/python3.10/site-packages/airflow/example_dags/example_short_circuit_decorator.py
[2024-06-24T16:07:36.673+0000] {processor.py:826} INFO - Processing file /usr/local/python/3.10.13/lib/python3.10/site-packages/airflow/example_dags/example_short_circuit_decorator.py for tasks to queue
[2024-06-24T16:07:36.673+0000] {logging_mixin.py:150} INFO - [2024-06-24T16:07:36.673+0000] {dagbag.py:541} INFO - Filling up the DagBag from /usr/local/python/3.10.13/lib/python3.10/site-packages/airflow/example_dags/example_short_circuit_decorator.py
[2024-06-24T16:07:36.680+0000] {processor.py:836} INFO - DAG(s) dict_keys(['example_short_circuit_decorator']) retrieved from /usr/local/python/3.10.13/lib/python3.10/site-packages/airflow/example_dags/example_short_circuit_decorator.py
[2024-06-24T16:07:36.694+0000] {logging_mixin.py:150} INFO - [2024-06-24T16:07:36.694+0000] {dag.py:2742} INFO - Sync 1 DAGs
[2024-06-24T16:07:36.710+0000] {logging_mixin.py:150} INFO - [2024-06-24T16:07:36.710+0000] {dag.py:3504} INFO - Setting next_dagrun for example_short_circuit_decorator to 2024-06-23T16:07:36.709989+00:00, run_after=2024-06-24T16:07:36.709989+00:00
[2024-06-24T16:07:36.750+0000] {processor.py:179} INFO - Processing /usr/local/python/3.10.13/lib/python3.10/site-packages/airflow/example_dags/example_short_circuit_decorator.py took 0.080 seconds
[2024-06-24T16:08:24.714+0000] {processor.py:157} INFO - Started process (PID=19750) to work on /usr/local/python/3.10.13/lib/python3.10/site-packages/airflow/example_dags/example_short_circuit_decorator.py
[2024-06-24T16:08:24.715+0000] {processor.py:826} INFO - Processing file /usr/local/python/3.10.13/lib/python3.10/site-packages/airflow/example_dags/example_short_circuit_decorator.py for tasks to queue
[2024-06-24T16:08:24.715+0000] {logging_mixin.py:150} INFO - [2024-06-24T16:08:24.715+0000] {dagbag.py:541} INFO - Filling up the DagBag from /usr/local/python/3.10.13/lib/python3.10/site-packages/airflow/example_dags/example_short_circuit_decorator.py
[2024-06-24T16:08:24.724+0000] {processor.py:836} INFO - DAG(s) dict_keys(['example_short_circuit_decorator']) retrieved from /usr/local/python/3.10.13/lib/python3.10/site-packages/airflow/example_dags/example_short_circuit_decorator.py
[2024-06-24T16:08:24.738+0000] {logging_mixin.py:150} INFO - [2024-06-24T16:08:24.738+0000] {dag.py:2742} INFO - Sync 1 DAGs
[2024-06-24T16:08:24.753+0000] {logging_mixin.py:150} INFO - [2024-06-24T16:08:24.753+0000] {dag.py:3504} INFO - Setting next_dagrun for example_short_circuit_decorator to 2024-06-23T16:08:24.753536+00:00, run_after=2024-06-24T16:08:24.753536+00:00
[2024-06-24T16:08:24.795+0000] {processor.py:179} INFO - Processing /usr/local/python/3.10.13/lib/python3.10/site-packages/airflow/example_dags/example_short_circuit_decorator.py took 0.084 seconds
[2024-06-24T16:09:13.332+0000] {processor.py:157} INFO - Started process (PID=20111) to work on /usr/local/python/3.10.13/lib/python3.10/site-packages/airflow/example_dags/example_short_circuit_decorator.py
[2024-06-24T16:09:13.333+0000] {processor.py:826} INFO - Processing file /usr/local/python/3.10.13/lib/python3.10/site-packages/airflow/example_dags/example_short_circuit_decorator.py for tasks to queue
[2024-06-24T16:09:13.334+0000] {logging_mixin.py:150} INFO - [2024-06-24T16:09:13.333+0000] {dagbag.py:541} INFO - Filling up the DagBag from /usr/local/python/3.10.13/lib/python3.10/site-packages/airflow/example_dags/example_short_circuit_decorator.py
[2024-06-24T16:09:13.341+0000] {processor.py:836} INFO - DAG(s) dict_keys(['example_short_circuit_decorator']) retrieved from /usr/local/python/3.10.13/lib/python3.10/site-packages/airflow/example_dags/example_short_circuit_decorator.py
[2024-06-24T16:09:13.354+0000] {logging_mixin.py:150} INFO - [2024-06-24T16:09:13.354+0000] {dag.py:2742} INFO - Sync 1 DAGs
[2024-06-24T16:09:13.369+0000] {logging_mixin.py:150} INFO - [2024-06-24T16:09:13.369+0000] {dag.py:3504} INFO - Setting next_dagrun for example_short_circuit_decorator to 2024-06-23T16:09:13.369448+00:00, run_after=2024-06-24T16:09:13.369448+00:00
[2024-06-24T16:09:13.411+0000] {processor.py:179} INFO - Processing /usr/local/python/3.10.13/lib/python3.10/site-packages/airflow/example_dags/example_short_circuit_decorator.py took 0.081 seconds
[2024-06-24T16:09:59.871+0000] {processor.py:157} INFO - Started process (PID=20432) to work on /usr/local/python/3.10.13/lib/python3.10/site-packages/airflow/example_dags/example_short_circuit_decorator.py
[2024-06-24T16:09:59.872+0000] {processor.py:826} INFO - Processing file /usr/local/python/3.10.13/lib/python3.10/site-packages/airflow/example_dags/example_short_circuit_decorator.py for tasks to queue
[2024-06-24T16:09:59.872+0000] {logging_mixin.py:150} INFO - [2024-06-24T16:09:59.872+0000] {dagbag.py:541} INFO - Filling up the DagBag from /usr/local/python/3.10.13/lib/python3.10/site-packages/airflow/example_dags/example_short_circuit_decorator.py
[2024-06-24T16:09:59.879+0000] {processor.py:836} INFO - DAG(s) dict_keys(['example_short_circuit_decorator']) retrieved from /usr/local/python/3.10.13/lib/python3.10/site-packages/airflow/example_dags/example_short_circuit_decorator.py
[2024-06-24T16:09:59.893+0000] {logging_mixin.py:150} INFO - [2024-06-24T16:09:59.893+0000] {dag.py:2742} INFO - Sync 1 DAGs
[2024-06-24T16:09:59.908+0000] {logging_mixin.py:150} INFO - [2024-06-24T16:09:59.908+0000] {dag.py:3504} INFO - Setting next_dagrun for example_short_circuit_decorator to 2024-06-23T16:09:59.908157+00:00, run_after=2024-06-24T16:09:59.908157+00:00
[2024-06-24T16:09:59.950+0000] {processor.py:179} INFO - Processing /usr/local/python/3.10.13/lib/python3.10/site-packages/airflow/example_dags/example_short_circuit_decorator.py took 0.081 seconds
[2024-06-24T16:10:46.973+0000] {processor.py:157} INFO - Started process (PID=20767) to work on /usr/local/python/3.10.13/lib/python3.10/site-packages/airflow/example_dags/example_short_circuit_decorator.py
[2024-06-24T16:10:46.974+0000] {processor.py:826} INFO - Processing file /usr/local/python/3.10.13/lib/python3.10/site-packages/airflow/example_dags/example_short_circuit_decorator.py for tasks to queue
[2024-06-24T16:10:46.974+0000] {logging_mixin.py:150} INFO - [2024-06-24T16:10:46.974+0000] {dagbag.py:541} INFO - Filling up the DagBag from /usr/local/python/3.10.13/lib/python3.10/site-packages/airflow/example_dags/example_short_circuit_decorator.py
[2024-06-24T16:10:46.982+0000] {processor.py:836} INFO - DAG(s) dict_keys(['example_short_circuit_decorator']) retrieved from /usr/local/python/3.10.13/lib/python3.10/site-packages/airflow/example_dags/example_short_circuit_decorator.py
[2024-06-24T16:10:46.999+0000] {logging_mixin.py:150} INFO - [2024-06-24T16:10:46.998+0000] {dag.py:2742} INFO - Sync 1 DAGs
[2024-06-24T16:10:47.014+0000] {logging_mixin.py:150} INFO - [2024-06-24T16:10:47.014+0000] {dag.py:3504} INFO - Setting next_dagrun for example_short_circuit_decorator to 2024-06-23T16:10:47.014241+00:00, run_after=2024-06-24T16:10:47.014241+00:00
[2024-06-24T16:10:47.054+0000] {processor.py:179} INFO - Processing /usr/local/python/3.10.13/lib/python3.10/site-packages/airflow/example_dags/example_short_circuit_decorator.py took 0.083 seconds
[2024-06-24T16:11:35.126+0000] {processor.py:157} INFO - Started process (PID=21103) to work on /usr/local/python/3.10.13/lib/python3.10/site-packages/airflow/example_dags/example_short_circuit_decorator.py
[2024-06-24T16:11:35.127+0000] {processor.py:826} INFO - Processing file /usr/local/python/3.10.13/lib/python3.10/site-packages/airflow/example_dags/example_short_circuit_decorator.py for tasks to queue
[2024-06-24T16:11:35.128+0000] {logging_mixin.py:150} INFO - [2024-06-24T16:11:35.128+0000] {dagbag.py:541} INFO - Filling up the DagBag from /usr/local/python/3.10.13/lib/python3.10/site-packages/airflow/example_dags/example_short_circuit_decorator.py
[2024-06-24T16:11:35.139+0000] {processor.py:836} INFO - DAG(s) dict_keys(['example_short_circuit_decorator']) retrieved from /usr/local/python/3.10.13/lib/python3.10/site-packages/airflow/example_dags/example_short_circuit_decorator.py
[2024-06-24T16:11:35.153+0000] {logging_mixin.py:150} INFO - [2024-06-24T16:11:35.153+0000] {dag.py:2742} INFO - Sync 1 DAGs
[2024-06-24T16:11:35.168+0000] {logging_mixin.py:150} INFO - [2024-06-24T16:11:35.168+0000] {dag.py:3504} INFO - Setting next_dagrun for example_short_circuit_decorator to 2024-06-23T16:11:35.168073+00:00, run_after=2024-06-24T16:11:35.168073+00:00
[2024-06-24T16:11:35.206+0000] {processor.py:179} INFO - Processing /usr/local/python/3.10.13/lib/python3.10/site-packages/airflow/example_dags/example_short_circuit_decorator.py took 0.083 seconds
[2024-06-24T16:12:24.653+0000] {processor.py:157} INFO - Started process (PID=21450) to work on /usr/local/python/3.10.13/lib/python3.10/site-packages/airflow/example_dags/example_short_circuit_decorator.py
[2024-06-24T16:12:24.653+0000] {processor.py:826} INFO - Processing file /usr/local/python/3.10.13/lib/python3.10/site-packages/airflow/example_dags/example_short_circuit_decorator.py for tasks to queue
[2024-06-24T16:12:24.654+0000] {logging_mixin.py:150} INFO - [2024-06-24T16:12:24.654+0000] {dagbag.py:541} INFO - Filling up the DagBag from /usr/local/python/3.10.13/lib/python3.10/site-packages/airflow/example_dags/example_short_circuit_decorator.py
[2024-06-24T16:12:24.661+0000] {processor.py:836} INFO - DAG(s) dict_keys(['example_short_circuit_decorator']) retrieved from /usr/local/python/3.10.13/lib/python3.10/site-packages/airflow/example_dags/example_short_circuit_decorator.py
[2024-06-24T16:12:24.675+0000] {logging_mixin.py:150} INFO - [2024-06-24T16:12:24.675+0000] {dag.py:2742} INFO - Sync 1 DAGs
[2024-06-24T16:12:24.690+0000] {logging_mixin.py:150} INFO - [2024-06-24T16:12:24.690+0000] {dag.py:3504} INFO - Setting next_dagrun for example_short_circuit_decorator to 2024-06-23T16:12:24.690231+00:00, run_after=2024-06-24T16:12:24.690231+00:00
[2024-06-24T16:12:24.733+0000] {processor.py:179} INFO - Processing /usr/local/python/3.10.13/lib/python3.10/site-packages/airflow/example_dags/example_short_circuit_decorator.py took 0.083 seconds
[2024-06-24T16:13:12.996+0000] {processor.py:157} INFO - Started process (PID=21768) to work on /usr/local/python/3.10.13/lib/python3.10/site-packages/airflow/example_dags/example_short_circuit_decorator.py
[2024-06-24T16:13:12.996+0000] {processor.py:826} INFO - Processing file /usr/local/python/3.10.13/lib/python3.10/site-packages/airflow/example_dags/example_short_circuit_decorator.py for tasks to queue
[2024-06-24T16:13:12.997+0000] {logging_mixin.py:150} INFO - [2024-06-24T16:13:12.997+0000] {dagbag.py:541} INFO - Filling up the DagBag from /usr/local/python/3.10.13/lib/python3.10/site-packages/airflow/example_dags/example_short_circuit_decorator.py
[2024-06-24T16:13:13.004+0000] {processor.py:836} INFO - DAG(s) dict_keys(['example_short_circuit_decorator']) retrieved from /usr/local/python/3.10.13/lib/python3.10/site-packages/airflow/example_dags/example_short_circuit_decorator.py
[2024-06-24T16:13:13.018+0000] {logging_mixin.py:150} INFO - [2024-06-24T16:13:13.018+0000] {dag.py:2742} INFO - Sync 1 DAGs
[2024-06-24T16:13:13.032+0000] {logging_mixin.py:150} INFO - [2024-06-24T16:13:13.032+0000] {dag.py:3504} INFO - Setting next_dagrun for example_short_circuit_decorator to 2024-06-23T16:13:13.032594+00:00, run_after=2024-06-24T16:13:13.032594+00:00
[2024-06-24T16:13:13.076+0000] {processor.py:179} INFO - Processing /usr/local/python/3.10.13/lib/python3.10/site-packages/airflow/example_dags/example_short_circuit_decorator.py took 0.082 seconds
[2024-06-24T16:14:00.604+0000] {processor.py:157} INFO - Started process (PID=22102) to work on /usr/local/python/3.10.13/lib/python3.10/site-packages/airflow/example_dags/example_short_circuit_decorator.py
[2024-06-24T16:14:00.604+0000] {processor.py:826} INFO - Processing file /usr/local/python/3.10.13/lib/python3.10/site-packages/airflow/example_dags/example_short_circuit_decorator.py for tasks to queue
[2024-06-24T16:14:00.605+0000] {logging_mixin.py:150} INFO - [2024-06-24T16:14:00.605+0000] {dagbag.py:541} INFO - Filling up the DagBag from /usr/local/python/3.10.13/lib/python3.10/site-packages/airflow/example_dags/example_short_circuit_decorator.py
[2024-06-24T16:14:00.612+0000] {processor.py:836} INFO - DAG(s) dict_keys(['example_short_circuit_decorator']) retrieved from /usr/local/python/3.10.13/lib/python3.10/site-packages/airflow/example_dags/example_short_circuit_decorator.py
[2024-06-24T16:14:00.626+0000] {logging_mixin.py:150} INFO - [2024-06-24T16:14:00.625+0000] {dag.py:2742} INFO - Sync 1 DAGs
[2024-06-24T16:14:00.641+0000] {logging_mixin.py:150} INFO - [2024-06-24T16:14:00.640+0000] {dag.py:3504} INFO - Setting next_dagrun for example_short_circuit_decorator to 2024-06-23T16:14:00.640784+00:00, run_after=2024-06-24T16:14:00.640784+00:00
[2024-06-24T16:14:00.681+0000] {processor.py:179} INFO - Processing /usr/local/python/3.10.13/lib/python3.10/site-packages/airflow/example_dags/example_short_circuit_decorator.py took 0.079 seconds
[2024-06-24T16:14:47.415+0000] {processor.py:157} INFO - Started process (PID=22437) to work on /usr/local/python/3.10.13/lib/python3.10/site-packages/airflow/example_dags/example_short_circuit_decorator.py
[2024-06-24T16:14:47.416+0000] {processor.py:826} INFO - Processing file /usr/local/python/3.10.13/lib/python3.10/site-packages/airflow/example_dags/example_short_circuit_decorator.py for tasks to queue
[2024-06-24T16:14:47.417+0000] {logging_mixin.py:150} INFO - [2024-06-24T16:14:47.416+0000] {dagbag.py:541} INFO - Filling up the DagBag from /usr/local/python/3.10.13/lib/python3.10/site-packages/airflow/example_dags/example_short_circuit_decorator.py
[2024-06-24T16:14:47.424+0000] {processor.py:836} INFO - DAG(s) dict_keys(['example_short_circuit_decorator']) retrieved from /usr/local/python/3.10.13/lib/python3.10/site-packages/airflow/example_dags/example_short_circuit_decorator.py
[2024-06-24T16:14:47.438+0000] {logging_mixin.py:150} INFO - [2024-06-24T16:14:47.438+0000] {dag.py:2742} INFO - Sync 1 DAGs
[2024-06-24T16:14:47.453+0000] {logging_mixin.py:150} INFO - [2024-06-24T16:14:47.453+0000] {dag.py:3504} INFO - Setting next_dagrun for example_short_circuit_decorator to 2024-06-23T16:14:47.453209+00:00, run_after=2024-06-24T16:14:47.453209+00:00
[2024-06-24T16:14:47.494+0000] {processor.py:179} INFO - Processing /usr/local/python/3.10.13/lib/python3.10/site-packages/airflow/example_dags/example_short_circuit_decorator.py took 0.081 seconds
[2024-06-24T16:15:29.921+0000] {processor.py:157} INFO - Started process (PID=22726) to work on /usr/local/python/3.10.13/lib/python3.10/site-packages/airflow/example_dags/example_short_circuit_decorator.py
[2024-06-24T16:15:29.922+0000] {processor.py:826} INFO - Processing file /usr/local/python/3.10.13/lib/python3.10/site-packages/airflow/example_dags/example_short_circuit_decorator.py for tasks to queue
[2024-06-24T16:15:29.923+0000] {logging_mixin.py:150} INFO - [2024-06-24T16:15:29.923+0000] {dagbag.py:541} INFO - Filling up the DagBag from /usr/local/python/3.10.13/lib/python3.10/site-packages/airflow/example_dags/example_short_circuit_decorator.py
[2024-06-24T16:15:29.934+0000] {processor.py:836} INFO - DAG(s) dict_keys(['example_short_circuit_decorator']) retrieved from /usr/local/python/3.10.13/lib/python3.10/site-packages/airflow/example_dags/example_short_circuit_decorator.py
[2024-06-24T16:15:29.954+0000] {logging_mixin.py:150} INFO - [2024-06-24T16:15:29.954+0000] {dag.py:2742} INFO - Sync 1 DAGs
[2024-06-24T16:15:29.974+0000] {logging_mixin.py:150} INFO - [2024-06-24T16:15:29.974+0000] {dag.py:3504} INFO - Setting next_dagrun for example_short_circuit_decorator to 2024-06-23T16:15:29.974309+00:00, run_after=2024-06-24T16:15:29.974309+00:00
[2024-06-24T16:15:30.027+0000] {processor.py:179} INFO - Processing /usr/local/python/3.10.13/lib/python3.10/site-packages/airflow/example_dags/example_short_circuit_decorator.py took 0.109 seconds
[2024-06-24T16:16:15.306+0000] {processor.py:157} INFO - Started process (PID=23033) to work on /usr/local/python/3.10.13/lib/python3.10/site-packages/airflow/example_dags/example_short_circuit_decorator.py
[2024-06-24T16:16:15.307+0000] {processor.py:826} INFO - Processing file /usr/local/python/3.10.13/lib/python3.10/site-packages/airflow/example_dags/example_short_circuit_decorator.py for tasks to queue
[2024-06-24T16:16:15.307+0000] {logging_mixin.py:150} INFO - [2024-06-24T16:16:15.307+0000] {dagbag.py:541} INFO - Filling up the DagBag from /usr/local/python/3.10.13/lib/python3.10/site-packages/airflow/example_dags/example_short_circuit_decorator.py
[2024-06-24T16:16:15.316+0000] {processor.py:836} INFO - DAG(s) dict_keys(['example_short_circuit_decorator']) retrieved from /usr/local/python/3.10.13/lib/python3.10/site-packages/airflow/example_dags/example_short_circuit_decorator.py
[2024-06-24T16:16:15.337+0000] {logging_mixin.py:150} INFO - [2024-06-24T16:16:15.337+0000] {dag.py:2742} INFO - Sync 1 DAGs
[2024-06-24T16:16:15.363+0000] {logging_mixin.py:150} INFO - [2024-06-24T16:16:15.363+0000] {dag.py:3504} INFO - Setting next_dagrun for example_short_circuit_decorator to 2024-06-23T16:16:15.362813+00:00, run_after=2024-06-24T16:16:15.362813+00:00
[2024-06-24T16:16:15.408+0000] {processor.py:179} INFO - Processing /usr/local/python/3.10.13/lib/python3.10/site-packages/airflow/example_dags/example_short_circuit_decorator.py took 0.104 seconds
[2024-06-24T16:17:00.675+0000] {processor.py:157} INFO - Started process (PID=23362) to work on /usr/local/python/3.10.13/lib/python3.10/site-packages/airflow/example_dags/example_short_circuit_decorator.py
[2024-06-24T16:17:00.675+0000] {processor.py:826} INFO - Processing file /usr/local/python/3.10.13/lib/python3.10/site-packages/airflow/example_dags/example_short_circuit_decorator.py for tasks to queue
[2024-06-24T16:17:00.676+0000] {logging_mixin.py:150} INFO - [2024-06-24T16:17:00.676+0000] {dagbag.py:541} INFO - Filling up the DagBag from /usr/local/python/3.10.13/lib/python3.10/site-packages/airflow/example_dags/example_short_circuit_decorator.py
[2024-06-24T16:17:00.683+0000] {processor.py:836} INFO - DAG(s) dict_keys(['example_short_circuit_decorator']) retrieved from /usr/local/python/3.10.13/lib/python3.10/site-packages/airflow/example_dags/example_short_circuit_decorator.py
[2024-06-24T16:17:00.699+0000] {logging_mixin.py:150} INFO - [2024-06-24T16:17:00.699+0000] {dag.py:2742} INFO - Sync 1 DAGs
[2024-06-24T16:17:00.714+0000] {logging_mixin.py:150} INFO - [2024-06-24T16:17:00.714+0000] {dag.py:3504} INFO - Setting next_dagrun for example_short_circuit_decorator to 2024-06-23T16:17:00.714152+00:00, run_after=2024-06-24T16:17:00.714152+00:00
[2024-06-24T16:17:00.756+0000] {processor.py:179} INFO - Processing /usr/local/python/3.10.13/lib/python3.10/site-packages/airflow/example_dags/example_short_circuit_decorator.py took 0.083 seconds
[2024-06-24T16:17:47.211+0000] {processor.py:157} INFO - Started process (PID=23669) to work on /usr/local/python/3.10.13/lib/python3.10/site-packages/airflow/example_dags/example_short_circuit_decorator.py
[2024-06-24T16:17:47.212+0000] {processor.py:826} INFO - Processing file /usr/local/python/3.10.13/lib/python3.10/site-packages/airflow/example_dags/example_short_circuit_decorator.py for tasks to queue
[2024-06-24T16:17:47.213+0000] {logging_mixin.py:150} INFO - [2024-06-24T16:17:47.212+0000] {dagbag.py:541} INFO - Filling up the DagBag from /usr/local/python/3.10.13/lib/python3.10/site-packages/airflow/example_dags/example_short_circuit_decorator.py
[2024-06-24T16:17:47.220+0000] {processor.py:836} INFO - DAG(s) dict_keys(['example_short_circuit_decorator']) retrieved from /usr/local/python/3.10.13/lib/python3.10/site-packages/airflow/example_dags/example_short_circuit_decorator.py
[2024-06-24T16:17:47.233+0000] {logging_mixin.py:150} INFO - [2024-06-24T16:17:47.233+0000] {dag.py:2742} INFO - Sync 1 DAGs
[2024-06-24T16:17:47.248+0000] {logging_mixin.py:150} INFO - [2024-06-24T16:17:47.248+0000] {dag.py:3504} INFO - Setting next_dagrun for example_short_circuit_decorator to 2024-06-23T16:17:47.248405+00:00, run_after=2024-06-24T16:17:47.248405+00:00
[2024-06-24T16:17:47.295+0000] {processor.py:179} INFO - Processing /usr/local/python/3.10.13/lib/python3.10/site-packages/airflow/example_dags/example_short_circuit_decorator.py took 0.086 seconds
[2024-06-24T16:18:32.497+0000] {processor.py:157} INFO - Started process (PID=23998) to work on /usr/local/python/3.10.13/lib/python3.10/site-packages/airflow/example_dags/example_short_circuit_decorator.py
[2024-06-24T16:18:32.498+0000] {processor.py:826} INFO - Processing file /usr/local/python/3.10.13/lib/python3.10/site-packages/airflow/example_dags/example_short_circuit_decorator.py for tasks to queue
[2024-06-24T16:18:32.499+0000] {logging_mixin.py:150} INFO - [2024-06-24T16:18:32.498+0000] {dagbag.py:541} INFO - Filling up the DagBag from /usr/local/python/3.10.13/lib/python3.10/site-packages/airflow/example_dags/example_short_circuit_decorator.py
[2024-06-24T16:18:32.506+0000] {processor.py:836} INFO - DAG(s) dict_keys(['example_short_circuit_decorator']) retrieved from /usr/local/python/3.10.13/lib/python3.10/site-packages/airflow/example_dags/example_short_circuit_decorator.py
[2024-06-24T16:18:32.520+0000] {logging_mixin.py:150} INFO - [2024-06-24T16:18:32.520+0000] {dag.py:2742} INFO - Sync 1 DAGs
[2024-06-24T16:18:32.535+0000] {logging_mixin.py:150} INFO - [2024-06-24T16:18:32.535+0000] {dag.py:3504} INFO - Setting next_dagrun for example_short_circuit_decorator to 2024-06-23T16:18:32.535501+00:00, run_after=2024-06-24T16:18:32.535501+00:00
[2024-06-24T16:18:32.575+0000] {processor.py:179} INFO - Processing /usr/local/python/3.10.13/lib/python3.10/site-packages/airflow/example_dags/example_short_circuit_decorator.py took 0.080 seconds
[2024-06-24T16:19:24.301+0000] {processor.py:157} INFO - Started process (PID=24349) to work on /usr/local/python/3.10.13/lib/python3.10/site-packages/airflow/example_dags/example_short_circuit_decorator.py
[2024-06-24T16:19:24.302+0000] {processor.py:826} INFO - Processing file /usr/local/python/3.10.13/lib/python3.10/site-packages/airflow/example_dags/example_short_circuit_decorator.py for tasks to queue
[2024-06-24T16:19:24.303+0000] {logging_mixin.py:150} INFO - [2024-06-24T16:19:24.303+0000] {dagbag.py:541} INFO - Filling up the DagBag from /usr/local/python/3.10.13/lib/python3.10/site-packages/airflow/example_dags/example_short_circuit_decorator.py
[2024-06-24T16:19:24.311+0000] {processor.py:836} INFO - DAG(s) dict_keys(['example_short_circuit_decorator']) retrieved from /usr/local/python/3.10.13/lib/python3.10/site-packages/airflow/example_dags/example_short_circuit_decorator.py
[2024-06-24T16:19:24.326+0000] {logging_mixin.py:150} INFO - [2024-06-24T16:19:24.326+0000] {dag.py:2742} INFO - Sync 1 DAGs
[2024-06-24T16:19:24.343+0000] {logging_mixin.py:150} INFO - [2024-06-24T16:19:24.343+0000] {dag.py:3504} INFO - Setting next_dagrun for example_short_circuit_decorator to 2024-06-23T16:19:24.343018+00:00, run_after=2024-06-24T16:19:24.343018+00:00
[2024-06-24T16:19:24.389+0000] {processor.py:179} INFO - Processing /usr/local/python/3.10.13/lib/python3.10/site-packages/airflow/example_dags/example_short_circuit_decorator.py took 0.090 seconds
[2024-06-24T16:20:11.895+0000] {processor.py:157} INFO - Started process (PID=24687) to work on /usr/local/python/3.10.13/lib/python3.10/site-packages/airflow/example_dags/example_short_circuit_decorator.py
[2024-06-24T16:20:11.895+0000] {processor.py:826} INFO - Processing file /usr/local/python/3.10.13/lib/python3.10/site-packages/airflow/example_dags/example_short_circuit_decorator.py for tasks to queue
[2024-06-24T16:20:11.896+0000] {logging_mixin.py:150} INFO - [2024-06-24T16:20:11.896+0000] {dagbag.py:541} INFO - Filling up the DagBag from /usr/local/python/3.10.13/lib/python3.10/site-packages/airflow/example_dags/example_short_circuit_decorator.py
[2024-06-24T16:20:11.903+0000] {processor.py:836} INFO - DAG(s) dict_keys(['example_short_circuit_decorator']) retrieved from /usr/local/python/3.10.13/lib/python3.10/site-packages/airflow/example_dags/example_short_circuit_decorator.py
[2024-06-24T16:20:11.917+0000] {logging_mixin.py:150} INFO - [2024-06-24T16:20:11.917+0000] {dag.py:2742} INFO - Sync 1 DAGs
[2024-06-24T16:20:11.932+0000] {logging_mixin.py:150} INFO - [2024-06-24T16:20:11.932+0000] {dag.py:3504} INFO - Setting next_dagrun for example_short_circuit_decorator to 2024-06-23T16:20:11.932215+00:00, run_after=2024-06-24T16:20:11.932215+00:00
[2024-06-24T16:20:11.976+0000] {processor.py:179} INFO - Processing /usr/local/python/3.10.13/lib/python3.10/site-packages/airflow/example_dags/example_short_circuit_decorator.py took 0.083 seconds
[2024-06-24T16:20:56.852+0000] {processor.py:157} INFO - Started process (PID=24989) to work on /usr/local/python/3.10.13/lib/python3.10/site-packages/airflow/example_dags/example_short_circuit_decorator.py
[2024-06-24T16:20:56.853+0000] {processor.py:826} INFO - Processing file /usr/local/python/3.10.13/lib/python3.10/site-packages/airflow/example_dags/example_short_circuit_decorator.py for tasks to queue
[2024-06-24T16:20:56.853+0000] {logging_mixin.py:150} INFO - [2024-06-24T16:20:56.853+0000] {dagbag.py:541} INFO - Filling up the DagBag from /usr/local/python/3.10.13/lib/python3.10/site-packages/airflow/example_dags/example_short_circuit_decorator.py
[2024-06-24T16:20:56.861+0000] {processor.py:836} INFO - DAG(s) dict_keys(['example_short_circuit_decorator']) retrieved from /usr/local/python/3.10.13/lib/python3.10/site-packages/airflow/example_dags/example_short_circuit_decorator.py
[2024-06-24T16:20:56.874+0000] {logging_mixin.py:150} INFO - [2024-06-24T16:20:56.874+0000] {dag.py:2742} INFO - Sync 1 DAGs
[2024-06-24T16:20:56.890+0000] {logging_mixin.py:150} INFO - [2024-06-24T16:20:56.890+0000] {dag.py:3504} INFO - Setting next_dagrun for example_short_circuit_decorator to 2024-06-23T16:20:56.889988+00:00, run_after=2024-06-24T16:20:56.889988+00:00
[2024-06-24T16:20:56.933+0000] {processor.py:179} INFO - Processing /usr/local/python/3.10.13/lib/python3.10/site-packages/airflow/example_dags/example_short_circuit_decorator.py took 0.083 seconds
[2024-06-24T16:21:46.409+0000] {processor.py:157} INFO - Started process (PID=25341) to work on /usr/local/python/3.10.13/lib/python3.10/site-packages/airflow/example_dags/example_short_circuit_decorator.py
[2024-06-24T16:21:46.409+0000] {processor.py:826} INFO - Processing file /usr/local/python/3.10.13/lib/python3.10/site-packages/airflow/example_dags/example_short_circuit_decorator.py for tasks to queue
[2024-06-24T16:21:46.410+0000] {logging_mixin.py:150} INFO - [2024-06-24T16:21:46.410+0000] {dagbag.py:541} INFO - Filling up the DagBag from /usr/local/python/3.10.13/lib/python3.10/site-packages/airflow/example_dags/example_short_circuit_decorator.py
[2024-06-24T16:21:46.417+0000] {processor.py:836} INFO - DAG(s) dict_keys(['example_short_circuit_decorator']) retrieved from /usr/local/python/3.10.13/lib/python3.10/site-packages/airflow/example_dags/example_short_circuit_decorator.py
[2024-06-24T16:21:46.430+0000] {logging_mixin.py:150} INFO - [2024-06-24T16:21:46.430+0000] {dag.py:2742} INFO - Sync 1 DAGs
[2024-06-24T16:21:46.445+0000] {logging_mixin.py:150} INFO - [2024-06-24T16:21:46.445+0000] {dag.py:3504} INFO - Setting next_dagrun for example_short_circuit_decorator to 2024-06-23T16:21:46.445313+00:00, run_after=2024-06-24T16:21:46.445313+00:00
[2024-06-24T16:21:46.485+0000] {processor.py:179} INFO - Processing /usr/local/python/3.10.13/lib/python3.10/site-packages/airflow/example_dags/example_short_circuit_decorator.py took 0.079 seconds
[2024-06-24T16:22:37.086+0000] {processor.py:157} INFO - Started process (PID=25691) to work on /usr/local/python/3.10.13/lib/python3.10/site-packages/airflow/example_dags/example_short_circuit_decorator.py
[2024-06-24T16:22:37.086+0000] {processor.py:826} INFO - Processing file /usr/local/python/3.10.13/lib/python3.10/site-packages/airflow/example_dags/example_short_circuit_decorator.py for tasks to queue
[2024-06-24T16:22:37.087+0000] {logging_mixin.py:150} INFO - [2024-06-24T16:22:37.087+0000] {dagbag.py:541} INFO - Filling up the DagBag from /usr/local/python/3.10.13/lib/python3.10/site-packages/airflow/example_dags/example_short_circuit_decorator.py
[2024-06-24T16:22:37.094+0000] {processor.py:836} INFO - DAG(s) dict_keys(['example_short_circuit_decorator']) retrieved from /usr/local/python/3.10.13/lib/python3.10/site-packages/airflow/example_dags/example_short_circuit_decorator.py
[2024-06-24T16:22:37.108+0000] {logging_mixin.py:150} INFO - [2024-06-24T16:22:37.108+0000] {dag.py:2742} INFO - Sync 1 DAGs
[2024-06-24T16:22:37.122+0000] {logging_mixin.py:150} INFO - [2024-06-24T16:22:37.122+0000] {dag.py:3504} INFO - Setting next_dagrun for example_short_circuit_decorator to 2024-06-23T16:22:37.122490+00:00, run_after=2024-06-24T16:22:37.122490+00:00
[2024-06-24T16:22:37.162+0000] {processor.py:179} INFO - Processing /usr/local/python/3.10.13/lib/python3.10/site-packages/airflow/example_dags/example_short_circuit_decorator.py took 0.078 seconds
[2024-06-24T16:23:21.588+0000] {processor.py:157} INFO - Started process (PID=25991) to work on /usr/local/python/3.10.13/lib/python3.10/site-packages/airflow/example_dags/example_short_circuit_decorator.py
[2024-06-24T16:23:21.589+0000] {processor.py:826} INFO - Processing file /usr/local/python/3.10.13/lib/python3.10/site-packages/airflow/example_dags/example_short_circuit_decorator.py for tasks to queue
[2024-06-24T16:23:21.590+0000] {logging_mixin.py:150} INFO - [2024-06-24T16:23:21.589+0000] {dagbag.py:541} INFO - Filling up the DagBag from /usr/local/python/3.10.13/lib/python3.10/site-packages/airflow/example_dags/example_short_circuit_decorator.py
[2024-06-24T16:23:21.598+0000] {processor.py:836} INFO - DAG(s) dict_keys(['example_short_circuit_decorator']) retrieved from /usr/local/python/3.10.13/lib/python3.10/site-packages/airflow/example_dags/example_short_circuit_decorator.py
[2024-06-24T16:23:21.612+0000] {logging_mixin.py:150} INFO - [2024-06-24T16:23:21.612+0000] {dag.py:2742} INFO - Sync 1 DAGs
[2024-06-24T16:23:21.628+0000] {logging_mixin.py:150} INFO - [2024-06-24T16:23:21.627+0000] {dag.py:3504} INFO - Setting next_dagrun for example_short_circuit_decorator to 2024-06-23T16:23:21.627768+00:00, run_after=2024-06-24T16:23:21.627768+00:00
[2024-06-24T16:23:21.669+0000] {processor.py:179} INFO - Processing /usr/local/python/3.10.13/lib/python3.10/site-packages/airflow/example_dags/example_short_circuit_decorator.py took 0.084 seconds
[2024-06-24T16:24:04.869+0000] {processor.py:157} INFO - Started process (PID=26289) to work on /usr/local/python/3.10.13/lib/python3.10/site-packages/airflow/example_dags/example_short_circuit_decorator.py
[2024-06-24T16:24:04.870+0000] {processor.py:826} INFO - Processing file /usr/local/python/3.10.13/lib/python3.10/site-packages/airflow/example_dags/example_short_circuit_decorator.py for tasks to queue
[2024-06-24T16:24:04.871+0000] {logging_mixin.py:150} INFO - [2024-06-24T16:24:04.870+0000] {dagbag.py:541} INFO - Filling up the DagBag from /usr/local/python/3.10.13/lib/python3.10/site-packages/airflow/example_dags/example_short_circuit_decorator.py
[2024-06-24T16:24:04.880+0000] {processor.py:836} INFO - DAG(s) dict_keys(['example_short_circuit_decorator']) retrieved from /usr/local/python/3.10.13/lib/python3.10/site-packages/airflow/example_dags/example_short_circuit_decorator.py
[2024-06-24T16:24:04.895+0000] {logging_mixin.py:150} INFO - [2024-06-24T16:24:04.895+0000] {dag.py:2742} INFO - Sync 1 DAGs
[2024-06-24T16:24:04.911+0000] {logging_mixin.py:150} INFO - [2024-06-24T16:24:04.911+0000] {dag.py:3504} INFO - Setting next_dagrun for example_short_circuit_decorator to 2024-06-23T16:24:04.911329+00:00, run_after=2024-06-24T16:24:04.911329+00:00
[2024-06-24T16:24:04.954+0000] {processor.py:179} INFO - Processing /usr/local/python/3.10.13/lib/python3.10/site-packages/airflow/example_dags/example_short_circuit_decorator.py took 0.087 seconds
[2024-06-24T16:24:51.389+0000] {processor.py:157} INFO - Started process (PID=26618) to work on /usr/local/python/3.10.13/lib/python3.10/site-packages/airflow/example_dags/example_short_circuit_decorator.py
[2024-06-24T16:24:51.389+0000] {processor.py:826} INFO - Processing file /usr/local/python/3.10.13/lib/python3.10/site-packages/airflow/example_dags/example_short_circuit_decorator.py for tasks to queue
[2024-06-24T16:24:51.390+0000] {logging_mixin.py:150} INFO - [2024-06-24T16:24:51.390+0000] {dagbag.py:541} INFO - Filling up the DagBag from /usr/local/python/3.10.13/lib/python3.10/site-packages/airflow/example_dags/example_short_circuit_decorator.py
[2024-06-24T16:24:51.401+0000] {processor.py:836} INFO - DAG(s) dict_keys(['example_short_circuit_decorator']) retrieved from /usr/local/python/3.10.13/lib/python3.10/site-packages/airflow/example_dags/example_short_circuit_decorator.py
[2024-06-24T16:24:51.423+0000] {logging_mixin.py:150} INFO - [2024-06-24T16:24:51.423+0000] {dag.py:2742} INFO - Sync 1 DAGs
[2024-06-24T16:24:51.446+0000] {logging_mixin.py:150} INFO - [2024-06-24T16:24:51.446+0000] {dag.py:3504} INFO - Setting next_dagrun for example_short_circuit_decorator to 2024-06-23T16:24:51.445831+00:00, run_after=2024-06-24T16:24:51.445831+00:00
[2024-06-24T16:24:51.487+0000] {processor.py:179} INFO - Processing /usr/local/python/3.10.13/lib/python3.10/site-packages/airflow/example_dags/example_short_circuit_decorator.py took 0.100 seconds
[2024-06-24T16:25:41.119+0000] {processor.py:157} INFO - Started process (PID=26966) to work on /usr/local/python/3.10.13/lib/python3.10/site-packages/airflow/example_dags/example_short_circuit_decorator.py
[2024-06-24T16:25:41.120+0000] {processor.py:826} INFO - Processing file /usr/local/python/3.10.13/lib/python3.10/site-packages/airflow/example_dags/example_short_circuit_decorator.py for tasks to queue
[2024-06-24T16:25:41.120+0000] {logging_mixin.py:150} INFO - [2024-06-24T16:25:41.120+0000] {dagbag.py:541} INFO - Filling up the DagBag from /usr/local/python/3.10.13/lib/python3.10/site-packages/airflow/example_dags/example_short_circuit_decorator.py
[2024-06-24T16:25:41.128+0000] {processor.py:836} INFO - DAG(s) dict_keys(['example_short_circuit_decorator']) retrieved from /usr/local/python/3.10.13/lib/python3.10/site-packages/airflow/example_dags/example_short_circuit_decorator.py
[2024-06-24T16:25:41.143+0000] {logging_mixin.py:150} INFO - [2024-06-24T16:25:41.143+0000] {dag.py:2742} INFO - Sync 1 DAGs
[2024-06-24T16:25:41.159+0000] {logging_mixin.py:150} INFO - [2024-06-24T16:25:41.158+0000] {dag.py:3504} INFO - Setting next_dagrun for example_short_circuit_decorator to 2024-06-23T16:25:41.158615+00:00, run_after=2024-06-24T16:25:41.158615+00:00
[2024-06-24T16:25:41.200+0000] {processor.py:179} INFO - Processing /usr/local/python/3.10.13/lib/python3.10/site-packages/airflow/example_dags/example_short_circuit_decorator.py took 0.083 seconds
[2024-06-24T16:26:27.240+0000] {processor.py:157} INFO - Started process (PID=27268) to work on /usr/local/python/3.10.13/lib/python3.10/site-packages/airflow/example_dags/example_short_circuit_decorator.py
[2024-06-24T16:26:27.240+0000] {processor.py:826} INFO - Processing file /usr/local/python/3.10.13/lib/python3.10/site-packages/airflow/example_dags/example_short_circuit_decorator.py for tasks to queue
[2024-06-24T16:26:27.241+0000] {logging_mixin.py:150} INFO - [2024-06-24T16:26:27.241+0000] {dagbag.py:541} INFO - Filling up the DagBag from /usr/local/python/3.10.13/lib/python3.10/site-packages/airflow/example_dags/example_short_circuit_decorator.py
[2024-06-24T16:26:27.248+0000] {processor.py:836} INFO - DAG(s) dict_keys(['example_short_circuit_decorator']) retrieved from /usr/local/python/3.10.13/lib/python3.10/site-packages/airflow/example_dags/example_short_circuit_decorator.py
[2024-06-24T16:26:27.263+0000] {logging_mixin.py:150} INFO - [2024-06-24T16:26:27.263+0000] {dag.py:2742} INFO - Sync 1 DAGs
[2024-06-24T16:26:27.280+0000] {logging_mixin.py:150} INFO - [2024-06-24T16:26:27.279+0000] {dag.py:3504} INFO - Setting next_dagrun for example_short_circuit_decorator to 2024-06-23T16:26:27.279770+00:00, run_after=2024-06-24T16:26:27.279770+00:00
[2024-06-24T16:26:27.321+0000] {processor.py:179} INFO - Processing /usr/local/python/3.10.13/lib/python3.10/site-packages/airflow/example_dags/example_short_circuit_decorator.py took 0.084 seconds
[2024-06-24T16:27:14.807+0000] {processor.py:157} INFO - Started process (PID=27610) to work on /usr/local/python/3.10.13/lib/python3.10/site-packages/airflow/example_dags/example_short_circuit_decorator.py
[2024-06-24T16:27:14.808+0000] {processor.py:826} INFO - Processing file /usr/local/python/3.10.13/lib/python3.10/site-packages/airflow/example_dags/example_short_circuit_decorator.py for tasks to queue
[2024-06-24T16:27:14.809+0000] {logging_mixin.py:150} INFO - [2024-06-24T16:27:14.808+0000] {dagbag.py:541} INFO - Filling up the DagBag from /usr/local/python/3.10.13/lib/python3.10/site-packages/airflow/example_dags/example_short_circuit_decorator.py
[2024-06-24T16:27:14.816+0000] {processor.py:836} INFO - DAG(s) dict_keys(['example_short_circuit_decorator']) retrieved from /usr/local/python/3.10.13/lib/python3.10/site-packages/airflow/example_dags/example_short_circuit_decorator.py
[2024-06-24T16:27:14.829+0000] {logging_mixin.py:150} INFO - [2024-06-24T16:27:14.829+0000] {dag.py:2742} INFO - Sync 1 DAGs
[2024-06-24T16:27:14.845+0000] {logging_mixin.py:150} INFO - [2024-06-24T16:27:14.845+0000] {dag.py:3504} INFO - Setting next_dagrun for example_short_circuit_decorator to 2024-06-23T16:27:14.845617+00:00, run_after=2024-06-24T16:27:14.845617+00:00
[2024-06-24T16:27:14.885+0000] {processor.py:179} INFO - Processing /usr/local/python/3.10.13/lib/python3.10/site-packages/airflow/example_dags/example_short_circuit_decorator.py took 0.080 seconds
[2024-06-24T16:27:58.052+0000] {processor.py:157} INFO - Started process (PID=27907) to work on /usr/local/python/3.10.13/lib/python3.10/site-packages/airflow/example_dags/example_short_circuit_decorator.py
[2024-06-24T16:27:58.052+0000] {processor.py:826} INFO - Processing file /usr/local/python/3.10.13/lib/python3.10/site-packages/airflow/example_dags/example_short_circuit_decorator.py for tasks to queue
[2024-06-24T16:27:58.053+0000] {logging_mixin.py:150} INFO - [2024-06-24T16:27:58.053+0000] {dagbag.py:541} INFO - Filling up the DagBag from /usr/local/python/3.10.13/lib/python3.10/site-packages/airflow/example_dags/example_short_circuit_decorator.py
[2024-06-24T16:27:58.060+0000] {processor.py:836} INFO - DAG(s) dict_keys(['example_short_circuit_decorator']) retrieved from /usr/local/python/3.10.13/lib/python3.10/site-packages/airflow/example_dags/example_short_circuit_decorator.py
[2024-06-24T16:27:58.074+0000] {logging_mixin.py:150} INFO - [2024-06-24T16:27:58.074+0000] {dag.py:2742} INFO - Sync 1 DAGs
[2024-06-24T16:27:58.090+0000] {logging_mixin.py:150} INFO - [2024-06-24T16:27:58.090+0000] {dag.py:3504} INFO - Setting next_dagrun for example_short_circuit_decorator to 2024-06-23T16:27:58.089949+00:00, run_after=2024-06-24T16:27:58.089949+00:00
[2024-06-24T16:27:58.128+0000] {processor.py:179} INFO - Processing /usr/local/python/3.10.13/lib/python3.10/site-packages/airflow/example_dags/example_short_circuit_decorator.py took 0.079 seconds
[2024-06-24T16:28:45.701+0000] {processor.py:157} INFO - Started process (PID=28244) to work on /usr/local/python/3.10.13/lib/python3.10/site-packages/airflow/example_dags/example_short_circuit_decorator.py
[2024-06-24T16:28:45.702+0000] {processor.py:826} INFO - Processing file /usr/local/python/3.10.13/lib/python3.10/site-packages/airflow/example_dags/example_short_circuit_decorator.py for tasks to queue
[2024-06-24T16:28:45.703+0000] {logging_mixin.py:150} INFO - [2024-06-24T16:28:45.703+0000] {dagbag.py:541} INFO - Filling up the DagBag from /usr/local/python/3.10.13/lib/python3.10/site-packages/airflow/example_dags/example_short_circuit_decorator.py
[2024-06-24T16:28:45.710+0000] {processor.py:836} INFO - DAG(s) dict_keys(['example_short_circuit_decorator']) retrieved from /usr/local/python/3.10.13/lib/python3.10/site-packages/airflow/example_dags/example_short_circuit_decorator.py
[2024-06-24T16:28:45.723+0000] {logging_mixin.py:150} INFO - [2024-06-24T16:28:45.723+0000] {dag.py:2742} INFO - Sync 1 DAGs
[2024-06-24T16:28:45.738+0000] {logging_mixin.py:150} INFO - [2024-06-24T16:28:45.738+0000] {dag.py:3504} INFO - Setting next_dagrun for example_short_circuit_decorator to 2024-06-23T16:28:45.738386+00:00, run_after=2024-06-24T16:28:45.738386+00:00
[2024-06-24T16:28:45.779+0000] {processor.py:179} INFO - Processing /usr/local/python/3.10.13/lib/python3.10/site-packages/airflow/example_dags/example_short_circuit_decorator.py took 0.080 seconds
[2024-06-24T16:29:33.077+0000] {processor.py:157} INFO - Started process (PID=28585) to work on /usr/local/python/3.10.13/lib/python3.10/site-packages/airflow/example_dags/example_short_circuit_decorator.py
[2024-06-24T16:29:33.077+0000] {processor.py:826} INFO - Processing file /usr/local/python/3.10.13/lib/python3.10/site-packages/airflow/example_dags/example_short_circuit_decorator.py for tasks to queue
[2024-06-24T16:29:33.078+0000] {logging_mixin.py:150} INFO - [2024-06-24T16:29:33.078+0000] {dagbag.py:541} INFO - Filling up the DagBag from /usr/local/python/3.10.13/lib/python3.10/site-packages/airflow/example_dags/example_short_circuit_decorator.py
[2024-06-24T16:29:33.085+0000] {processor.py:836} INFO - DAG(s) dict_keys(['example_short_circuit_decorator']) retrieved from /usr/local/python/3.10.13/lib/python3.10/site-packages/airflow/example_dags/example_short_circuit_decorator.py
[2024-06-24T16:29:33.099+0000] {logging_mixin.py:150} INFO - [2024-06-24T16:29:33.099+0000] {dag.py:2742} INFO - Sync 1 DAGs
[2024-06-24T16:29:33.115+0000] {logging_mixin.py:150} INFO - [2024-06-24T16:29:33.114+0000] {dag.py:3504} INFO - Setting next_dagrun for example_short_circuit_decorator to 2024-06-23T16:29:33.114786+00:00, run_after=2024-06-24T16:29:33.114786+00:00
[2024-06-24T16:29:33.152+0000] {processor.py:179} INFO - Processing /usr/local/python/3.10.13/lib/python3.10/site-packages/airflow/example_dags/example_short_circuit_decorator.py took 0.078 seconds
[2024-06-24T16:30:21.760+0000] {processor.py:157} INFO - Started process (PID=28903) to work on /usr/local/python/3.10.13/lib/python3.10/site-packages/airflow/example_dags/example_short_circuit_decorator.py
[2024-06-24T16:30:21.760+0000] {processor.py:826} INFO - Processing file /usr/local/python/3.10.13/lib/python3.10/site-packages/airflow/example_dags/example_short_circuit_decorator.py for tasks to queue
[2024-06-24T16:30:21.761+0000] {logging_mixin.py:150} INFO - [2024-06-24T16:30:21.761+0000] {dagbag.py:541} INFO - Filling up the DagBag from /usr/local/python/3.10.13/lib/python3.10/site-packages/airflow/example_dags/example_short_circuit_decorator.py
[2024-06-24T16:30:21.768+0000] {processor.py:836} INFO - DAG(s) dict_keys(['example_short_circuit_decorator']) retrieved from /usr/local/python/3.10.13/lib/python3.10/site-packages/airflow/example_dags/example_short_circuit_decorator.py
[2024-06-24T16:30:21.782+0000] {logging_mixin.py:150} INFO - [2024-06-24T16:30:21.782+0000] {dag.py:2742} INFO - Sync 1 DAGs
[2024-06-24T16:30:21.796+0000] {logging_mixin.py:150} INFO - [2024-06-24T16:30:21.796+0000] {dag.py:3504} INFO - Setting next_dagrun for example_short_circuit_decorator to 2024-06-23T16:30:21.796624+00:00, run_after=2024-06-24T16:30:21.796624+00:00
[2024-06-24T16:30:21.839+0000] {processor.py:179} INFO - Processing /usr/local/python/3.10.13/lib/python3.10/site-packages/airflow/example_dags/example_short_circuit_decorator.py took 0.081 seconds
[2024-06-24T16:31:09.567+0000] {processor.py:157} INFO - Started process (PID=29246) to work on /usr/local/python/3.10.13/lib/python3.10/site-packages/airflow/example_dags/example_short_circuit_decorator.py
[2024-06-24T16:31:09.567+0000] {processor.py:826} INFO - Processing file /usr/local/python/3.10.13/lib/python3.10/site-packages/airflow/example_dags/example_short_circuit_decorator.py for tasks to queue
[2024-06-24T16:31:09.568+0000] {logging_mixin.py:150} INFO - [2024-06-24T16:31:09.568+0000] {dagbag.py:541} INFO - Filling up the DagBag from /usr/local/python/3.10.13/lib/python3.10/site-packages/airflow/example_dags/example_short_circuit_decorator.py
[2024-06-24T16:31:09.575+0000] {processor.py:836} INFO - DAG(s) dict_keys(['example_short_circuit_decorator']) retrieved from /usr/local/python/3.10.13/lib/python3.10/site-packages/airflow/example_dags/example_short_circuit_decorator.py
[2024-06-24T16:31:09.589+0000] {logging_mixin.py:150} INFO - [2024-06-24T16:31:09.589+0000] {dag.py:2742} INFO - Sync 1 DAGs
[2024-06-24T16:31:09.605+0000] {logging_mixin.py:150} INFO - [2024-06-24T16:31:09.604+0000] {dag.py:3504} INFO - Setting next_dagrun for example_short_circuit_decorator to 2024-06-23T16:31:09.604618+00:00, run_after=2024-06-24T16:31:09.604618+00:00
[2024-06-24T16:31:09.643+0000] {processor.py:179} INFO - Processing /usr/local/python/3.10.13/lib/python3.10/site-packages/airflow/example_dags/example_short_circuit_decorator.py took 0.079 seconds
[2024-06-24T17:08:18.439+0000] {processor.py:157} INFO - Started process (PID=9592) to work on /usr/local/python/3.10.13/lib/python3.10/site-packages/airflow/example_dags/example_short_circuit_decorator.py
[2024-06-24T17:08:18.444+0000] {processor.py:826} INFO - Processing file /usr/local/python/3.10.13/lib/python3.10/site-packages/airflow/example_dags/example_short_circuit_decorator.py for tasks to queue
[2024-06-24T17:08:18.445+0000] {logging_mixin.py:150} INFO - [2024-06-24T17:08:18.445+0000] {dagbag.py:541} INFO - Filling up the DagBag from /usr/local/python/3.10.13/lib/python3.10/site-packages/airflow/example_dags/example_short_circuit_decorator.py
[2024-06-24T17:08:18.452+0000] {processor.py:836} INFO - DAG(s) dict_keys(['example_short_circuit_decorator']) retrieved from /usr/local/python/3.10.13/lib/python3.10/site-packages/airflow/example_dags/example_short_circuit_decorator.py
[2024-06-24T17:08:18.466+0000] {logging_mixin.py:150} INFO - [2024-06-24T17:08:18.466+0000] {dag.py:2742} INFO - Sync 1 DAGs
[2024-06-24T17:08:18.481+0000] {logging_mixin.py:150} INFO - [2024-06-24T17:08:18.481+0000] {dag.py:3504} INFO - Setting next_dagrun for example_short_circuit_decorator to 2024-06-23T17:08:18.481294+00:00, run_after=2024-06-24T17:08:18.481294+00:00
[2024-06-24T17:08:18.522+0000] {processor.py:179} INFO - Processing /usr/local/python/3.10.13/lib/python3.10/site-packages/airflow/example_dags/example_short_circuit_decorator.py took 0.084 seconds
[2024-06-24T17:09:06.261+0000] {processor.py:157} INFO - Started process (PID=9936) to work on /usr/local/python/3.10.13/lib/python3.10/site-packages/airflow/example_dags/example_short_circuit_decorator.py
[2024-06-24T17:09:06.265+0000] {processor.py:826} INFO - Processing file /usr/local/python/3.10.13/lib/python3.10/site-packages/airflow/example_dags/example_short_circuit_decorator.py for tasks to queue
[2024-06-24T17:09:06.266+0000] {logging_mixin.py:150} INFO - [2024-06-24T17:09:06.266+0000] {dagbag.py:541} INFO - Filling up the DagBag from /usr/local/python/3.10.13/lib/python3.10/site-packages/airflow/example_dags/example_short_circuit_decorator.py
[2024-06-24T17:09:06.277+0000] {processor.py:836} INFO - DAG(s) dict_keys(['example_short_circuit_decorator']) retrieved from /usr/local/python/3.10.13/lib/python3.10/site-packages/airflow/example_dags/example_short_circuit_decorator.py
[2024-06-24T17:09:06.294+0000] {logging_mixin.py:150} INFO - [2024-06-24T17:09:06.294+0000] {dag.py:2742} INFO - Sync 1 DAGs
[2024-06-24T17:09:06.310+0000] {logging_mixin.py:150} INFO - [2024-06-24T17:09:06.310+0000] {dag.py:3504} INFO - Setting next_dagrun for example_short_circuit_decorator to 2024-06-23T17:09:06.310086+00:00, run_after=2024-06-24T17:09:06.310086+00:00
[2024-06-24T17:09:06.359+0000] {processor.py:179} INFO - Processing /usr/local/python/3.10.13/lib/python3.10/site-packages/airflow/example_dags/example_short_circuit_decorator.py took 0.100 seconds
[2024-06-24T17:09:57.500+0000] {processor.py:157} INFO - Started process (PID=10292) to work on /usr/local/python/3.10.13/lib/python3.10/site-packages/airflow/example_dags/example_short_circuit_decorator.py
[2024-06-24T17:09:57.500+0000] {processor.py:826} INFO - Processing file /usr/local/python/3.10.13/lib/python3.10/site-packages/airflow/example_dags/example_short_circuit_decorator.py for tasks to queue
[2024-06-24T17:09:57.501+0000] {logging_mixin.py:150} INFO - [2024-06-24T17:09:57.501+0000] {dagbag.py:541} INFO - Filling up the DagBag from /usr/local/python/3.10.13/lib/python3.10/site-packages/airflow/example_dags/example_short_circuit_decorator.py
[2024-06-24T17:09:57.509+0000] {processor.py:836} INFO - DAG(s) dict_keys(['example_short_circuit_decorator']) retrieved from /usr/local/python/3.10.13/lib/python3.10/site-packages/airflow/example_dags/example_short_circuit_decorator.py
[2024-06-24T17:09:57.522+0000] {logging_mixin.py:150} INFO - [2024-06-24T17:09:57.522+0000] {dag.py:2742} INFO - Sync 1 DAGs
[2024-06-24T17:09:57.537+0000] {logging_mixin.py:150} INFO - [2024-06-24T17:09:57.537+0000] {dag.py:3504} INFO - Setting next_dagrun for example_short_circuit_decorator to 2024-06-23T17:09:57.537204+00:00, run_after=2024-06-24T17:09:57.537204+00:00
[2024-06-24T17:09:57.575+0000] {processor.py:179} INFO - Processing /usr/local/python/3.10.13/lib/python3.10/site-packages/airflow/example_dags/example_short_circuit_decorator.py took 0.078 seconds
[2024-06-24T17:10:53.564+0000] {processor.py:157} INFO - Started process (PID=10686) to work on /usr/local/python/3.10.13/lib/python3.10/site-packages/airflow/example_dags/example_short_circuit_decorator.py
[2024-06-24T17:10:53.565+0000] {processor.py:826} INFO - Processing file /usr/local/python/3.10.13/lib/python3.10/site-packages/airflow/example_dags/example_short_circuit_decorator.py for tasks to queue
[2024-06-24T17:10:53.566+0000] {logging_mixin.py:150} INFO - [2024-06-24T17:10:53.565+0000] {dagbag.py:541} INFO - Filling up the DagBag from /usr/local/python/3.10.13/lib/python3.10/site-packages/airflow/example_dags/example_short_circuit_decorator.py
[2024-06-24T17:10:53.573+0000] {processor.py:836} INFO - DAG(s) dict_keys(['example_short_circuit_decorator']) retrieved from /usr/local/python/3.10.13/lib/python3.10/site-packages/airflow/example_dags/example_short_circuit_decorator.py
[2024-06-24T17:10:53.587+0000] {logging_mixin.py:150} INFO - [2024-06-24T17:10:53.586+0000] {dag.py:2742} INFO - Sync 1 DAGs
[2024-06-24T17:10:53.602+0000] {logging_mixin.py:150} INFO - [2024-06-24T17:10:53.602+0000] {dag.py:3504} INFO - Setting next_dagrun for example_short_circuit_decorator to 2024-06-23T17:10:53.601968+00:00, run_after=2024-06-24T17:10:53.601968+00:00
[2024-06-24T17:10:53.638+0000] {processor.py:179} INFO - Processing /usr/local/python/3.10.13/lib/python3.10/site-packages/airflow/example_dags/example_short_circuit_decorator.py took 0.076 seconds
[2024-06-24T17:11:44.596+0000] {processor.py:157} INFO - Started process (PID=11074) to work on /usr/local/python/3.10.13/lib/python3.10/site-packages/airflow/example_dags/example_short_circuit_decorator.py
[2024-06-24T17:11:44.597+0000] {processor.py:826} INFO - Processing file /usr/local/python/3.10.13/lib/python3.10/site-packages/airflow/example_dags/example_short_circuit_decorator.py for tasks to queue
[2024-06-24T17:11:44.598+0000] {logging_mixin.py:150} INFO - [2024-06-24T17:11:44.598+0000] {dagbag.py:541} INFO - Filling up the DagBag from /usr/local/python/3.10.13/lib/python3.10/site-packages/airflow/example_dags/example_short_circuit_decorator.py
[2024-06-24T17:11:44.605+0000] {processor.py:836} INFO - DAG(s) dict_keys(['example_short_circuit_decorator']) retrieved from /usr/local/python/3.10.13/lib/python3.10/site-packages/airflow/example_dags/example_short_circuit_decorator.py
[2024-06-24T17:11:44.619+0000] {logging_mixin.py:150} INFO - [2024-06-24T17:11:44.619+0000] {dag.py:2742} INFO - Sync 1 DAGs
[2024-06-24T17:11:44.633+0000] {logging_mixin.py:150} INFO - [2024-06-24T17:11:44.633+0000] {dag.py:3504} INFO - Setting next_dagrun for example_short_circuit_decorator to 2024-06-23T17:11:44.633434+00:00, run_after=2024-06-24T17:11:44.633434+00:00
[2024-06-24T17:11:44.676+0000] {processor.py:179} INFO - Processing /usr/local/python/3.10.13/lib/python3.10/site-packages/airflow/example_dags/example_short_circuit_decorator.py took 0.082 seconds
[2024-06-24T17:12:42.916+0000] {processor.py:157} INFO - Started process (PID=11537) to work on /usr/local/python/3.10.13/lib/python3.10/site-packages/airflow/example_dags/example_short_circuit_decorator.py
[2024-06-24T17:12:42.917+0000] {processor.py:826} INFO - Processing file /usr/local/python/3.10.13/lib/python3.10/site-packages/airflow/example_dags/example_short_circuit_decorator.py for tasks to queue
[2024-06-24T17:12:42.918+0000] {logging_mixin.py:150} INFO - [2024-06-24T17:12:42.917+0000] {dagbag.py:541} INFO - Filling up the DagBag from /usr/local/python/3.10.13/lib/python3.10/site-packages/airflow/example_dags/example_short_circuit_decorator.py
[2024-06-24T17:12:42.925+0000] {processor.py:836} INFO - DAG(s) dict_keys(['example_short_circuit_decorator']) retrieved from /usr/local/python/3.10.13/lib/python3.10/site-packages/airflow/example_dags/example_short_circuit_decorator.py
[2024-06-24T17:12:42.939+0000] {logging_mixin.py:150} INFO - [2024-06-24T17:12:42.939+0000] {dag.py:2742} INFO - Sync 1 DAGs
[2024-06-24T17:12:42.954+0000] {logging_mixin.py:150} INFO - [2024-06-24T17:12:42.954+0000] {dag.py:3504} INFO - Setting next_dagrun for example_short_circuit_decorator to 2024-06-23T17:12:42.954374+00:00, run_after=2024-06-24T17:12:42.954374+00:00
[2024-06-24T17:12:42.993+0000] {processor.py:179} INFO - Processing /usr/local/python/3.10.13/lib/python3.10/site-packages/airflow/example_dags/example_short_circuit_decorator.py took 0.079 seconds
[2024-06-24T17:13:30.834+0000] {processor.py:157} INFO - Started process (PID=11907) to work on /usr/local/python/3.10.13/lib/python3.10/site-packages/airflow/example_dags/example_short_circuit_decorator.py
[2024-06-24T17:13:30.834+0000] {processor.py:826} INFO - Processing file /usr/local/python/3.10.13/lib/python3.10/site-packages/airflow/example_dags/example_short_circuit_decorator.py for tasks to queue
[2024-06-24T17:13:30.835+0000] {logging_mixin.py:150} INFO - [2024-06-24T17:13:30.835+0000] {dagbag.py:541} INFO - Filling up the DagBag from /usr/local/python/3.10.13/lib/python3.10/site-packages/airflow/example_dags/example_short_circuit_decorator.py
[2024-06-24T17:13:30.842+0000] {processor.py:836} INFO - DAG(s) dict_keys(['example_short_circuit_decorator']) retrieved from /usr/local/python/3.10.13/lib/python3.10/site-packages/airflow/example_dags/example_short_circuit_decorator.py
[2024-06-24T17:13:30.856+0000] {logging_mixin.py:150} INFO - [2024-06-24T17:13:30.856+0000] {dag.py:2742} INFO - Sync 1 DAGs
[2024-06-24T17:13:30.871+0000] {logging_mixin.py:150} INFO - [2024-06-24T17:13:30.871+0000] {dag.py:3504} INFO - Setting next_dagrun for example_short_circuit_decorator to 2024-06-23T17:13:30.871035+00:00, run_after=2024-06-24T17:13:30.871035+00:00
[2024-06-24T17:13:30.912+0000] {processor.py:179} INFO - Processing /usr/local/python/3.10.13/lib/python3.10/site-packages/airflow/example_dags/example_short_circuit_decorator.py took 0.081 seconds
[2024-06-24T17:14:15.267+0000] {processor.py:157} INFO - Started process (PID=12250) to work on /usr/local/python/3.10.13/lib/python3.10/site-packages/airflow/example_dags/example_short_circuit_decorator.py
[2024-06-24T17:14:15.268+0000] {processor.py:826} INFO - Processing file /usr/local/python/3.10.13/lib/python3.10/site-packages/airflow/example_dags/example_short_circuit_decorator.py for tasks to queue
[2024-06-24T17:14:15.268+0000] {logging_mixin.py:150} INFO - [2024-06-24T17:14:15.268+0000] {dagbag.py:541} INFO - Filling up the DagBag from /usr/local/python/3.10.13/lib/python3.10/site-packages/airflow/example_dags/example_short_circuit_decorator.py
[2024-06-24T17:14:15.276+0000] {processor.py:836} INFO - DAG(s) dict_keys(['example_short_circuit_decorator']) retrieved from /usr/local/python/3.10.13/lib/python3.10/site-packages/airflow/example_dags/example_short_circuit_decorator.py
[2024-06-24T17:14:15.290+0000] {logging_mixin.py:150} INFO - [2024-06-24T17:14:15.290+0000] {dag.py:2742} INFO - Sync 1 DAGs
[2024-06-24T17:14:15.304+0000] {logging_mixin.py:150} INFO - [2024-06-24T17:14:15.304+0000] {dag.py:3504} INFO - Setting next_dagrun for example_short_circuit_decorator to 2024-06-23T17:14:15.304505+00:00, run_after=2024-06-24T17:14:15.304505+00:00
[2024-06-24T17:14:15.344+0000] {processor.py:179} INFO - Processing /usr/local/python/3.10.13/lib/python3.10/site-packages/airflow/example_dags/example_short_circuit_decorator.py took 0.079 seconds
[2024-06-24T17:15:02.901+0000] {processor.py:157} INFO - Started process (PID=12621) to work on /usr/local/python/3.10.13/lib/python3.10/site-packages/airflow/example_dags/example_short_circuit_decorator.py
[2024-06-24T17:15:02.902+0000] {processor.py:826} INFO - Processing file /usr/local/python/3.10.13/lib/python3.10/site-packages/airflow/example_dags/example_short_circuit_decorator.py for tasks to queue
[2024-06-24T17:15:02.903+0000] {logging_mixin.py:150} INFO - [2024-06-24T17:15:02.902+0000] {dagbag.py:541} INFO - Filling up the DagBag from /usr/local/python/3.10.13/lib/python3.10/site-packages/airflow/example_dags/example_short_circuit_decorator.py
[2024-06-24T17:15:02.910+0000] {processor.py:836} INFO - DAG(s) dict_keys(['example_short_circuit_decorator']) retrieved from /usr/local/python/3.10.13/lib/python3.10/site-packages/airflow/example_dags/example_short_circuit_decorator.py
[2024-06-24T17:15:02.923+0000] {logging_mixin.py:150} INFO - [2024-06-24T17:15:02.923+0000] {dag.py:2742} INFO - Sync 1 DAGs
[2024-06-24T17:15:02.939+0000] {logging_mixin.py:150} INFO - [2024-06-24T17:15:02.939+0000] {dag.py:3504} INFO - Setting next_dagrun for example_short_circuit_decorator to 2024-06-23T17:15:02.939536+00:00, run_after=2024-06-24T17:15:02.939536+00:00
[2024-06-24T17:15:02.999+0000] {processor.py:179} INFO - Processing /usr/local/python/3.10.13/lib/python3.10/site-packages/airflow/example_dags/example_short_circuit_decorator.py took 0.100 seconds
[2024-06-24T17:15:53.649+0000] {processor.py:157} INFO - Started process (PID=12998) to work on /usr/local/python/3.10.13/lib/python3.10/site-packages/airflow/example_dags/example_short_circuit_decorator.py
[2024-06-24T17:15:53.649+0000] {processor.py:826} INFO - Processing file /usr/local/python/3.10.13/lib/python3.10/site-packages/airflow/example_dags/example_short_circuit_decorator.py for tasks to queue
[2024-06-24T17:15:53.650+0000] {logging_mixin.py:150} INFO - [2024-06-24T17:15:53.650+0000] {dagbag.py:541} INFO - Filling up the DagBag from /usr/local/python/3.10.13/lib/python3.10/site-packages/airflow/example_dags/example_short_circuit_decorator.py
[2024-06-24T17:15:53.657+0000] {processor.py:836} INFO - DAG(s) dict_keys(['example_short_circuit_decorator']) retrieved from /usr/local/python/3.10.13/lib/python3.10/site-packages/airflow/example_dags/example_short_circuit_decorator.py
[2024-06-24T17:15:53.671+0000] {logging_mixin.py:150} INFO - [2024-06-24T17:15:53.671+0000] {dag.py:2742} INFO - Sync 1 DAGs
[2024-06-24T17:15:53.691+0000] {logging_mixin.py:150} INFO - [2024-06-24T17:15:53.691+0000] {dag.py:3504} INFO - Setting next_dagrun for example_short_circuit_decorator to 2024-06-23T17:15:53.691156+00:00, run_after=2024-06-24T17:15:53.691156+00:00
[2024-06-24T17:15:53.730+0000] {processor.py:179} INFO - Processing /usr/local/python/3.10.13/lib/python3.10/site-packages/airflow/example_dags/example_short_circuit_decorator.py took 0.083 seconds
[2024-06-24T17:16:43.623+0000] {processor.py:157} INFO - Started process (PID=13380) to work on /usr/local/python/3.10.13/lib/python3.10/site-packages/airflow/example_dags/example_short_circuit_decorator.py
[2024-06-24T17:16:43.624+0000] {processor.py:826} INFO - Processing file /usr/local/python/3.10.13/lib/python3.10/site-packages/airflow/example_dags/example_short_circuit_decorator.py for tasks to queue
[2024-06-24T17:16:43.624+0000] {logging_mixin.py:150} INFO - [2024-06-24T17:16:43.624+0000] {dagbag.py:541} INFO - Filling up the DagBag from /usr/local/python/3.10.13/lib/python3.10/site-packages/airflow/example_dags/example_short_circuit_decorator.py
[2024-06-24T17:16:43.631+0000] {processor.py:836} INFO - DAG(s) dict_keys(['example_short_circuit_decorator']) retrieved from /usr/local/python/3.10.13/lib/python3.10/site-packages/airflow/example_dags/example_short_circuit_decorator.py
[2024-06-24T17:16:43.645+0000] {logging_mixin.py:150} INFO - [2024-06-24T17:16:43.645+0000] {dag.py:2742} INFO - Sync 1 DAGs
[2024-06-24T17:16:43.660+0000] {logging_mixin.py:150} INFO - [2024-06-24T17:16:43.660+0000] {dag.py:3504} INFO - Setting next_dagrun for example_short_circuit_decorator to 2024-06-23T17:16:43.660200+00:00, run_after=2024-06-24T17:16:43.660200+00:00
[2024-06-24T17:16:43.709+0000] {processor.py:179} INFO - Processing /usr/local/python/3.10.13/lib/python3.10/site-packages/airflow/example_dags/example_short_circuit_decorator.py took 0.088 seconds
[2024-06-24T17:17:35.910+0000] {processor.py:157} INFO - Started process (PID=13759) to work on /usr/local/python/3.10.13/lib/python3.10/site-packages/airflow/example_dags/example_short_circuit_decorator.py
[2024-06-24T17:17:35.911+0000] {processor.py:826} INFO - Processing file /usr/local/python/3.10.13/lib/python3.10/site-packages/airflow/example_dags/example_short_circuit_decorator.py for tasks to queue
[2024-06-24T17:17:35.912+0000] {logging_mixin.py:150} INFO - [2024-06-24T17:17:35.912+0000] {dagbag.py:541} INFO - Filling up the DagBag from /usr/local/python/3.10.13/lib/python3.10/site-packages/airflow/example_dags/example_short_circuit_decorator.py
[2024-06-24T17:17:35.920+0000] {processor.py:836} INFO - DAG(s) dict_keys(['example_short_circuit_decorator']) retrieved from /usr/local/python/3.10.13/lib/python3.10/site-packages/airflow/example_dags/example_short_circuit_decorator.py
[2024-06-24T17:17:35.936+0000] {logging_mixin.py:150} INFO - [2024-06-24T17:17:35.936+0000] {dag.py:2742} INFO - Sync 1 DAGs
[2024-06-24T17:17:35.951+0000] {logging_mixin.py:150} INFO - [2024-06-24T17:17:35.951+0000] {dag.py:3504} INFO - Setting next_dagrun for example_short_circuit_decorator to 2024-06-23T17:17:35.951507+00:00, run_after=2024-06-24T17:17:35.951507+00:00
[2024-06-24T17:17:35.991+0000] {processor.py:179} INFO - Processing /usr/local/python/3.10.13/lib/python3.10/site-packages/airflow/example_dags/example_short_circuit_decorator.py took 0.084 seconds
[2024-06-24T17:18:43.898+0000] {processor.py:157} INFO - Started process (PID=14244) to work on /usr/local/python/3.10.13/lib/python3.10/site-packages/airflow/example_dags/example_short_circuit_decorator.py
[2024-06-24T17:18:43.898+0000] {processor.py:826} INFO - Processing file /usr/local/python/3.10.13/lib/python3.10/site-packages/airflow/example_dags/example_short_circuit_decorator.py for tasks to queue
[2024-06-24T17:18:43.899+0000] {logging_mixin.py:150} INFO - [2024-06-24T17:18:43.899+0000] {dagbag.py:541} INFO - Filling up the DagBag from /usr/local/python/3.10.13/lib/python3.10/site-packages/airflow/example_dags/example_short_circuit_decorator.py
[2024-06-24T17:18:43.906+0000] {processor.py:836} INFO - DAG(s) dict_keys(['example_short_circuit_decorator']) retrieved from /usr/local/python/3.10.13/lib/python3.10/site-packages/airflow/example_dags/example_short_circuit_decorator.py
[2024-06-24T17:18:43.921+0000] {logging_mixin.py:150} INFO - [2024-06-24T17:18:43.920+0000] {dag.py:2742} INFO - Sync 1 DAGs
[2024-06-24T17:18:43.936+0000] {logging_mixin.py:150} INFO - [2024-06-24T17:18:43.936+0000] {dag.py:3504} INFO - Setting next_dagrun for example_short_circuit_decorator to 2024-06-23T17:18:43.935990+00:00, run_after=2024-06-24T17:18:43.935990+00:00
[2024-06-24T17:18:43.978+0000] {processor.py:179} INFO - Processing /usr/local/python/3.10.13/lib/python3.10/site-packages/airflow/example_dags/example_short_circuit_decorator.py took 0.083 seconds
[2024-06-24T17:19:37.537+0000] {processor.py:157} INFO - Started process (PID=14662) to work on /usr/local/python/3.10.13/lib/python3.10/site-packages/airflow/example_dags/example_short_circuit_decorator.py
[2024-06-24T17:19:37.537+0000] {processor.py:826} INFO - Processing file /usr/local/python/3.10.13/lib/python3.10/site-packages/airflow/example_dags/example_short_circuit_decorator.py for tasks to queue
[2024-06-24T17:19:37.538+0000] {logging_mixin.py:150} INFO - [2024-06-24T17:19:37.538+0000] {dagbag.py:541} INFO - Filling up the DagBag from /usr/local/python/3.10.13/lib/python3.10/site-packages/airflow/example_dags/example_short_circuit_decorator.py
[2024-06-24T17:19:37.546+0000] {processor.py:836} INFO - DAG(s) dict_keys(['example_short_circuit_decorator']) retrieved from /usr/local/python/3.10.13/lib/python3.10/site-packages/airflow/example_dags/example_short_circuit_decorator.py
[2024-06-24T17:19:37.559+0000] {logging_mixin.py:150} INFO - [2024-06-24T17:19:37.559+0000] {dag.py:2742} INFO - Sync 1 DAGs
[2024-06-24T17:19:37.574+0000] {logging_mixin.py:150} INFO - [2024-06-24T17:19:37.574+0000] {dag.py:3504} INFO - Setting next_dagrun for example_short_circuit_decorator to 2024-06-23T17:19:37.574555+00:00, run_after=2024-06-24T17:19:37.574555+00:00
[2024-06-24T17:19:37.613+0000] {processor.py:179} INFO - Processing /usr/local/python/3.10.13/lib/python3.10/site-packages/airflow/example_dags/example_short_circuit_decorator.py took 0.079 seconds
[2024-06-24T17:20:37.136+0000] {processor.py:157} INFO - Started process (PID=15083) to work on /usr/local/python/3.10.13/lib/python3.10/site-packages/airflow/example_dags/example_short_circuit_decorator.py
[2024-06-24T17:20:37.136+0000] {processor.py:826} INFO - Processing file /usr/local/python/3.10.13/lib/python3.10/site-packages/airflow/example_dags/example_short_circuit_decorator.py for tasks to queue
[2024-06-24T17:20:37.137+0000] {logging_mixin.py:150} INFO - [2024-06-24T17:20:37.137+0000] {dagbag.py:541} INFO - Filling up the DagBag from /usr/local/python/3.10.13/lib/python3.10/site-packages/airflow/example_dags/example_short_circuit_decorator.py
[2024-06-24T17:20:37.148+0000] {processor.py:836} INFO - DAG(s) dict_keys(['example_short_circuit_decorator']) retrieved from /usr/local/python/3.10.13/lib/python3.10/site-packages/airflow/example_dags/example_short_circuit_decorator.py
[2024-06-24T17:20:37.163+0000] {logging_mixin.py:150} INFO - [2024-06-24T17:20:37.163+0000] {dag.py:2742} INFO - Sync 1 DAGs
[2024-06-24T17:20:37.178+0000] {logging_mixin.py:150} INFO - [2024-06-24T17:20:37.178+0000] {dag.py:3504} INFO - Setting next_dagrun for example_short_circuit_decorator to 2024-06-23T17:20:37.177913+00:00, run_after=2024-06-24T17:20:37.177913+00:00
[2024-06-24T17:20:37.219+0000] {processor.py:179} INFO - Processing /usr/local/python/3.10.13/lib/python3.10/site-packages/airflow/example_dags/example_short_circuit_decorator.py took 0.087 seconds
[2024-06-24T17:21:33.401+0000] {processor.py:157} INFO - Started process (PID=15465) to work on /usr/local/python/3.10.13/lib/python3.10/site-packages/airflow/example_dags/example_short_circuit_decorator.py
[2024-06-24T17:21:33.401+0000] {processor.py:826} INFO - Processing file /usr/local/python/3.10.13/lib/python3.10/site-packages/airflow/example_dags/example_short_circuit_decorator.py for tasks to queue
[2024-06-24T17:21:33.402+0000] {logging_mixin.py:150} INFO - [2024-06-24T17:21:33.402+0000] {dagbag.py:541} INFO - Filling up the DagBag from /usr/local/python/3.10.13/lib/python3.10/site-packages/airflow/example_dags/example_short_circuit_decorator.py
[2024-06-24T17:21:33.409+0000] {processor.py:836} INFO - DAG(s) dict_keys(['example_short_circuit_decorator']) retrieved from /usr/local/python/3.10.13/lib/python3.10/site-packages/airflow/example_dags/example_short_circuit_decorator.py
[2024-06-24T17:21:33.424+0000] {logging_mixin.py:150} INFO - [2024-06-24T17:21:33.424+0000] {dag.py:2742} INFO - Sync 1 DAGs
[2024-06-24T17:21:33.440+0000] {logging_mixin.py:150} INFO - [2024-06-24T17:21:33.439+0000] {dag.py:3504} INFO - Setting next_dagrun for example_short_circuit_decorator to 2024-06-23T17:21:33.439657+00:00, run_after=2024-06-24T17:21:33.439657+00:00
[2024-06-24T17:21:33.482+0000] {processor.py:179} INFO - Processing /usr/local/python/3.10.13/lib/python3.10/site-packages/airflow/example_dags/example_short_circuit_decorator.py took 0.084 seconds
[2024-06-24T17:22:22.240+0000] {processor.py:157} INFO - Started process (PID=15813) to work on /usr/local/python/3.10.13/lib/python3.10/site-packages/airflow/example_dags/example_short_circuit_decorator.py
[2024-06-24T17:22:22.241+0000] {processor.py:826} INFO - Processing file /usr/local/python/3.10.13/lib/python3.10/site-packages/airflow/example_dags/example_short_circuit_decorator.py for tasks to queue
[2024-06-24T17:22:22.241+0000] {logging_mixin.py:150} INFO - [2024-06-24T17:22:22.241+0000] {dagbag.py:541} INFO - Filling up the DagBag from /usr/local/python/3.10.13/lib/python3.10/site-packages/airflow/example_dags/example_short_circuit_decorator.py
[2024-06-24T17:22:22.252+0000] {processor.py:836} INFO - DAG(s) dict_keys(['example_short_circuit_decorator']) retrieved from /usr/local/python/3.10.13/lib/python3.10/site-packages/airflow/example_dags/example_short_circuit_decorator.py
[2024-06-24T17:22:22.268+0000] {logging_mixin.py:150} INFO - [2024-06-24T17:22:22.268+0000] {dag.py:2742} INFO - Sync 1 DAGs
[2024-06-24T17:22:22.283+0000] {logging_mixin.py:150} INFO - [2024-06-24T17:22:22.282+0000] {dag.py:3504} INFO - Setting next_dagrun for example_short_circuit_decorator to 2024-06-23T17:22:22.282745+00:00, run_after=2024-06-24T17:22:22.282745+00:00
[2024-06-24T17:22:22.321+0000] {processor.py:179} INFO - Processing /usr/local/python/3.10.13/lib/python3.10/site-packages/airflow/example_dags/example_short_circuit_decorator.py took 0.084 seconds
[2024-06-24T17:23:15.509+0000] {processor.py:157} INFO - Started process (PID=16174) to work on /usr/local/python/3.10.13/lib/python3.10/site-packages/airflow/example_dags/example_short_circuit_decorator.py
[2024-06-24T17:23:15.510+0000] {processor.py:826} INFO - Processing file /usr/local/python/3.10.13/lib/python3.10/site-packages/airflow/example_dags/example_short_circuit_decorator.py for tasks to queue
[2024-06-24T17:23:15.511+0000] {logging_mixin.py:150} INFO - [2024-06-24T17:23:15.511+0000] {dagbag.py:541} INFO - Filling up the DagBag from /usr/local/python/3.10.13/lib/python3.10/site-packages/airflow/example_dags/example_short_circuit_decorator.py
[2024-06-24T17:23:15.518+0000] {processor.py:836} INFO - DAG(s) dict_keys(['example_short_circuit_decorator']) retrieved from /usr/local/python/3.10.13/lib/python3.10/site-packages/airflow/example_dags/example_short_circuit_decorator.py
[2024-06-24T17:23:15.532+0000] {logging_mixin.py:150} INFO - [2024-06-24T17:23:15.532+0000] {dag.py:2742} INFO - Sync 1 DAGs
[2024-06-24T17:23:15.547+0000] {logging_mixin.py:150} INFO - [2024-06-24T17:23:15.547+0000] {dag.py:3504} INFO - Setting next_dagrun for example_short_circuit_decorator to 2024-06-23T17:23:15.547468+00:00, run_after=2024-06-24T17:23:15.547468+00:00
[2024-06-24T17:23:15.584+0000] {processor.py:179} INFO - Processing /usr/local/python/3.10.13/lib/python3.10/site-packages/airflow/example_dags/example_short_circuit_decorator.py took 0.077 seconds
[2024-06-24T17:24:05.534+0000] {processor.py:157} INFO - Started process (PID=16532) to work on /usr/local/python/3.10.13/lib/python3.10/site-packages/airflow/example_dags/example_short_circuit_decorator.py
[2024-06-24T17:24:05.534+0000] {processor.py:826} INFO - Processing file /usr/local/python/3.10.13/lib/python3.10/site-packages/airflow/example_dags/example_short_circuit_decorator.py for tasks to queue
[2024-06-24T17:24:05.535+0000] {logging_mixin.py:150} INFO - [2024-06-24T17:24:05.535+0000] {dagbag.py:541} INFO - Filling up the DagBag from /usr/local/python/3.10.13/lib/python3.10/site-packages/airflow/example_dags/example_short_circuit_decorator.py
[2024-06-24T17:24:05.542+0000] {processor.py:836} INFO - DAG(s) dict_keys(['example_short_circuit_decorator']) retrieved from /usr/local/python/3.10.13/lib/python3.10/site-packages/airflow/example_dags/example_short_circuit_decorator.py
[2024-06-24T17:24:05.556+0000] {logging_mixin.py:150} INFO - [2024-06-24T17:24:05.556+0000] {dag.py:2742} INFO - Sync 1 DAGs
[2024-06-24T17:24:05.571+0000] {logging_mixin.py:150} INFO - [2024-06-24T17:24:05.571+0000] {dag.py:3504} INFO - Setting next_dagrun for example_short_circuit_decorator to 2024-06-23T17:24:05.570928+00:00, run_after=2024-06-24T17:24:05.570928+00:00
[2024-06-24T17:24:05.610+0000] {processor.py:179} INFO - Processing /usr/local/python/3.10.13/lib/python3.10/site-packages/airflow/example_dags/example_short_circuit_decorator.py took 0.078 seconds
[2024-06-24T17:25:01.978+0000] {processor.py:157} INFO - Started process (PID=16925) to work on /usr/local/python/3.10.13/lib/python3.10/site-packages/airflow/example_dags/example_short_circuit_decorator.py
[2024-06-24T17:25:01.979+0000] {processor.py:826} INFO - Processing file /usr/local/python/3.10.13/lib/python3.10/site-packages/airflow/example_dags/example_short_circuit_decorator.py for tasks to queue
[2024-06-24T17:25:01.979+0000] {logging_mixin.py:150} INFO - [2024-06-24T17:25:01.979+0000] {dagbag.py:541} INFO - Filling up the DagBag from /usr/local/python/3.10.13/lib/python3.10/site-packages/airflow/example_dags/example_short_circuit_decorator.py
[2024-06-24T17:25:01.986+0000] {processor.py:836} INFO - DAG(s) dict_keys(['example_short_circuit_decorator']) retrieved from /usr/local/python/3.10.13/lib/python3.10/site-packages/airflow/example_dags/example_short_circuit_decorator.py
[2024-06-24T17:25:02.001+0000] {logging_mixin.py:150} INFO - [2024-06-24T17:25:02.001+0000] {dag.py:2742} INFO - Sync 1 DAGs
[2024-06-24T17:25:02.016+0000] {logging_mixin.py:150} INFO - [2024-06-24T17:25:02.016+0000] {dag.py:3504} INFO - Setting next_dagrun for example_short_circuit_decorator to 2024-06-23T17:25:02.015945+00:00, run_after=2024-06-24T17:25:02.015945+00:00
[2024-06-24T17:25:02.060+0000] {processor.py:179} INFO - Processing /usr/local/python/3.10.13/lib/python3.10/site-packages/airflow/example_dags/example_short_circuit_decorator.py took 0.084 seconds
[2024-06-24T17:25:51.494+0000] {processor.py:157} INFO - Started process (PID=17281) to work on /usr/local/python/3.10.13/lib/python3.10/site-packages/airflow/example_dags/example_short_circuit_decorator.py
[2024-06-24T17:25:51.495+0000] {processor.py:826} INFO - Processing file /usr/local/python/3.10.13/lib/python3.10/site-packages/airflow/example_dags/example_short_circuit_decorator.py for tasks to queue
[2024-06-24T17:25:51.496+0000] {logging_mixin.py:150} INFO - [2024-06-24T17:25:51.495+0000] {dagbag.py:541} INFO - Filling up the DagBag from /usr/local/python/3.10.13/lib/python3.10/site-packages/airflow/example_dags/example_short_circuit_decorator.py
[2024-06-24T17:25:51.503+0000] {processor.py:836} INFO - DAG(s) dict_keys(['example_short_circuit_decorator']) retrieved from /usr/local/python/3.10.13/lib/python3.10/site-packages/airflow/example_dags/example_short_circuit_decorator.py
[2024-06-24T17:25:51.517+0000] {logging_mixin.py:150} INFO - [2024-06-24T17:25:51.517+0000] {dag.py:2742} INFO - Sync 1 DAGs
[2024-06-24T17:25:51.532+0000] {logging_mixin.py:150} INFO - [2024-06-24T17:25:51.532+0000] {dag.py:3504} INFO - Setting next_dagrun for example_short_circuit_decorator to 2024-06-23T17:25:51.532463+00:00, run_after=2024-06-24T17:25:51.532463+00:00
[2024-06-24T17:25:51.578+0000] {processor.py:179} INFO - Processing /usr/local/python/3.10.13/lib/python3.10/site-packages/airflow/example_dags/example_short_circuit_decorator.py took 0.086 seconds
[2024-06-24T17:26:42.173+0000] {processor.py:157} INFO - Started process (PID=17641) to work on /usr/local/python/3.10.13/lib/python3.10/site-packages/airflow/example_dags/example_short_circuit_decorator.py
[2024-06-24T17:26:42.174+0000] {processor.py:826} INFO - Processing file /usr/local/python/3.10.13/lib/python3.10/site-packages/airflow/example_dags/example_short_circuit_decorator.py for tasks to queue
[2024-06-24T17:26:42.175+0000] {logging_mixin.py:150} INFO - [2024-06-24T17:26:42.175+0000] {dagbag.py:541} INFO - Filling up the DagBag from /usr/local/python/3.10.13/lib/python3.10/site-packages/airflow/example_dags/example_short_circuit_decorator.py
[2024-06-24T17:26:42.182+0000] {processor.py:836} INFO - DAG(s) dict_keys(['example_short_circuit_decorator']) retrieved from /usr/local/python/3.10.13/lib/python3.10/site-packages/airflow/example_dags/example_short_circuit_decorator.py
[2024-06-24T17:26:42.196+0000] {logging_mixin.py:150} INFO - [2024-06-24T17:26:42.196+0000] {dag.py:2742} INFO - Sync 1 DAGs
[2024-06-24T17:26:42.211+0000] {logging_mixin.py:150} INFO - [2024-06-24T17:26:42.211+0000] {dag.py:3504} INFO - Setting next_dagrun for example_short_circuit_decorator to 2024-06-23T17:26:42.211311+00:00, run_after=2024-06-24T17:26:42.211311+00:00
[2024-06-24T17:26:42.251+0000] {processor.py:179} INFO - Processing /usr/local/python/3.10.13/lib/python3.10/site-packages/airflow/example_dags/example_short_circuit_decorator.py took 0.081 seconds
[2024-06-24T17:27:33.037+0000] {processor.py:157} INFO - Started process (PID=17990) to work on /usr/local/python/3.10.13/lib/python3.10/site-packages/airflow/example_dags/example_short_circuit_decorator.py
[2024-06-24T17:27:33.038+0000] {processor.py:826} INFO - Processing file /usr/local/python/3.10.13/lib/python3.10/site-packages/airflow/example_dags/example_short_circuit_decorator.py for tasks to queue
[2024-06-24T17:27:33.039+0000] {logging_mixin.py:150} INFO - [2024-06-24T17:27:33.038+0000] {dagbag.py:541} INFO - Filling up the DagBag from /usr/local/python/3.10.13/lib/python3.10/site-packages/airflow/example_dags/example_short_circuit_decorator.py
[2024-06-24T17:27:33.046+0000] {processor.py:836} INFO - DAG(s) dict_keys(['example_short_circuit_decorator']) retrieved from /usr/local/python/3.10.13/lib/python3.10/site-packages/airflow/example_dags/example_short_circuit_decorator.py
[2024-06-24T17:27:33.060+0000] {logging_mixin.py:150} INFO - [2024-06-24T17:27:33.060+0000] {dag.py:2742} INFO - Sync 1 DAGs
[2024-06-24T17:27:33.076+0000] {logging_mixin.py:150} INFO - [2024-06-24T17:27:33.076+0000] {dag.py:3504} INFO - Setting next_dagrun for example_short_circuit_decorator to 2024-06-23T17:27:33.076257+00:00, run_after=2024-06-24T17:27:33.076257+00:00
[2024-06-24T17:27:33.116+0000] {processor.py:179} INFO - Processing /usr/local/python/3.10.13/lib/python3.10/site-packages/airflow/example_dags/example_short_circuit_decorator.py took 0.081 seconds
[2024-06-24T17:28:26.158+0000] {processor.py:157} INFO - Started process (PID=18355) to work on /usr/local/python/3.10.13/lib/python3.10/site-packages/airflow/example_dags/example_short_circuit_decorator.py
[2024-06-24T17:28:26.159+0000] {processor.py:826} INFO - Processing file /usr/local/python/3.10.13/lib/python3.10/site-packages/airflow/example_dags/example_short_circuit_decorator.py for tasks to queue
[2024-06-24T17:28:26.160+0000] {logging_mixin.py:150} INFO - [2024-06-24T17:28:26.160+0000] {dagbag.py:541} INFO - Filling up the DagBag from /usr/local/python/3.10.13/lib/python3.10/site-packages/airflow/example_dags/example_short_circuit_decorator.py
[2024-06-24T17:28:26.172+0000] {processor.py:836} INFO - DAG(s) dict_keys(['example_short_circuit_decorator']) retrieved from /usr/local/python/3.10.13/lib/python3.10/site-packages/airflow/example_dags/example_short_circuit_decorator.py
[2024-06-24T17:28:26.193+0000] {logging_mixin.py:150} INFO - [2024-06-24T17:28:26.193+0000] {dag.py:2742} INFO - Sync 1 DAGs
[2024-06-24T17:28:26.213+0000] {logging_mixin.py:150} INFO - [2024-06-24T17:28:26.212+0000] {dag.py:3504} INFO - Setting next_dagrun for example_short_circuit_decorator to 2024-06-23T17:28:26.212709+00:00, run_after=2024-06-24T17:28:26.212709+00:00
[2024-06-24T17:28:26.248+0000] {processor.py:179} INFO - Processing /usr/local/python/3.10.13/lib/python3.10/site-packages/airflow/example_dags/example_short_circuit_decorator.py took 0.093 seconds
[2024-06-24T17:29:19.037+0000] {processor.py:157} INFO - Started process (PID=18719) to work on /usr/local/python/3.10.13/lib/python3.10/site-packages/airflow/example_dags/example_short_circuit_decorator.py
[2024-06-24T17:29:19.037+0000] {processor.py:826} INFO - Processing file /usr/local/python/3.10.13/lib/python3.10/site-packages/airflow/example_dags/example_short_circuit_decorator.py for tasks to queue
[2024-06-24T17:29:19.038+0000] {logging_mixin.py:150} INFO - [2024-06-24T17:29:19.038+0000] {dagbag.py:541} INFO - Filling up the DagBag from /usr/local/python/3.10.13/lib/python3.10/site-packages/airflow/example_dags/example_short_circuit_decorator.py
[2024-06-24T17:29:19.045+0000] {processor.py:836} INFO - DAG(s) dict_keys(['example_short_circuit_decorator']) retrieved from /usr/local/python/3.10.13/lib/python3.10/site-packages/airflow/example_dags/example_short_circuit_decorator.py
[2024-06-24T17:29:19.059+0000] {logging_mixin.py:150} INFO - [2024-06-24T17:29:19.059+0000] {dag.py:2742} INFO - Sync 1 DAGs
[2024-06-24T17:29:19.074+0000] {logging_mixin.py:150} INFO - [2024-06-24T17:29:19.074+0000] {dag.py:3504} INFO - Setting next_dagrun for example_short_circuit_decorator to 2024-06-23T17:29:19.074469+00:00, run_after=2024-06-24T17:29:19.074469+00:00
[2024-06-24T17:29:19.115+0000] {processor.py:179} INFO - Processing /usr/local/python/3.10.13/lib/python3.10/site-packages/airflow/example_dags/example_short_circuit_decorator.py took 0.080 seconds
[2024-06-24T17:30:11.981+0000] {processor.py:157} INFO - Started process (PID=19077) to work on /usr/local/python/3.10.13/lib/python3.10/site-packages/airflow/example_dags/example_short_circuit_decorator.py
[2024-06-24T17:30:11.981+0000] {processor.py:826} INFO - Processing file /usr/local/python/3.10.13/lib/python3.10/site-packages/airflow/example_dags/example_short_circuit_decorator.py for tasks to queue
[2024-06-24T17:30:11.982+0000] {logging_mixin.py:150} INFO - [2024-06-24T17:30:11.982+0000] {dagbag.py:541} INFO - Filling up the DagBag from /usr/local/python/3.10.13/lib/python3.10/site-packages/airflow/example_dags/example_short_circuit_decorator.py
[2024-06-24T17:30:11.989+0000] {processor.py:836} INFO - DAG(s) dict_keys(['example_short_circuit_decorator']) retrieved from /usr/local/python/3.10.13/lib/python3.10/site-packages/airflow/example_dags/example_short_circuit_decorator.py
[2024-06-24T17:30:12.003+0000] {logging_mixin.py:150} INFO - [2024-06-24T17:30:12.002+0000] {dag.py:2742} INFO - Sync 1 DAGs
[2024-06-24T17:30:12.017+0000] {logging_mixin.py:150} INFO - [2024-06-24T17:30:12.017+0000] {dag.py:3504} INFO - Setting next_dagrun for example_short_circuit_decorator to 2024-06-23T17:30:12.017580+00:00, run_after=2024-06-24T17:30:12.017580+00:00
[2024-06-24T17:30:12.063+0000] {processor.py:179} INFO - Processing /usr/local/python/3.10.13/lib/python3.10/site-packages/airflow/example_dags/example_short_circuit_decorator.py took 0.085 seconds
[2024-06-24T17:31:05.979+0000] {processor.py:157} INFO - Started process (PID=19447) to work on /usr/local/python/3.10.13/lib/python3.10/site-packages/airflow/example_dags/example_short_circuit_decorator.py
[2024-06-24T17:31:05.979+0000] {processor.py:826} INFO - Processing file /usr/local/python/3.10.13/lib/python3.10/site-packages/airflow/example_dags/example_short_circuit_decorator.py for tasks to queue
[2024-06-24T17:31:05.980+0000] {logging_mixin.py:150} INFO - [2024-06-24T17:31:05.980+0000] {dagbag.py:541} INFO - Filling up the DagBag from /usr/local/python/3.10.13/lib/python3.10/site-packages/airflow/example_dags/example_short_circuit_decorator.py
[2024-06-24T17:31:05.987+0000] {processor.py:836} INFO - DAG(s) dict_keys(['example_short_circuit_decorator']) retrieved from /usr/local/python/3.10.13/lib/python3.10/site-packages/airflow/example_dags/example_short_circuit_decorator.py
[2024-06-24T17:31:06.006+0000] {logging_mixin.py:150} INFO - [2024-06-24T17:31:06.006+0000] {dag.py:2742} INFO - Sync 1 DAGs
[2024-06-24T17:31:06.032+0000] {logging_mixin.py:150} INFO - [2024-06-24T17:31:06.032+0000] {dag.py:3504} INFO - Setting next_dagrun for example_short_circuit_decorator to 2024-06-23T17:31:06.031915+00:00, run_after=2024-06-24T17:31:06.031915+00:00
[2024-06-24T17:31:06.081+0000] {processor.py:179} INFO - Processing /usr/local/python/3.10.13/lib/python3.10/site-packages/airflow/example_dags/example_short_circuit_decorator.py took 0.105 seconds
