[2024-06-24T15:55:29.662+0000] {processor.py:157} INFO - Started process (PID=13937) to work on /usr/local/python/3.10.13/lib/python3.10/site-packages/airflow/example_dags/example_dag_decorator.py
[2024-06-24T15:55:29.663+0000] {processor.py:826} INFO - Processing file /usr/local/python/3.10.13/lib/python3.10/site-packages/airflow/example_dags/example_dag_decorator.py for tasks to queue
[2024-06-24T15:55:29.663+0000] {logging_mixin.py:150} INFO - [2024-06-24T15:55:29.663+0000] {dagbag.py:541} INFO - Filling up the DagBag from /usr/local/python/3.10.13/lib/python3.10/site-packages/airflow/example_dags/example_dag_decorator.py
[2024-06-24T15:55:29.673+0000] {processor.py:836} INFO - DAG(s) dict_keys(['example_dag_decorator']) retrieved from /usr/local/python/3.10.13/lib/python3.10/site-packages/airflow/example_dags/example_dag_decorator.py
[2024-06-24T15:55:29.836+0000] {logging_mixin.py:150} INFO - [2024-06-24T15:55:29.835+0000] {manager.py:504} INFO - Created Permission View: can delete on DAG:example_dag_decorator
[2024-06-24T15:55:29.875+0000] {logging_mixin.py:150} INFO - [2024-06-24T15:55:29.875+0000] {manager.py:504} INFO - Created Permission View: can read on DAG:example_dag_decorator
[2024-06-24T15:55:29.912+0000] {logging_mixin.py:150} INFO - [2024-06-24T15:55:29.912+0000] {manager.py:504} INFO - Created Permission View: can edit on DAG:example_dag_decorator
[2024-06-24T15:55:29.921+0000] {logging_mixin.py:150} INFO - [2024-06-24T15:55:29.921+0000] {dag.py:2742} INFO - Sync 1 DAGs
[2024-06-24T15:55:29.928+0000] {logging_mixin.py:150} INFO - [2024-06-24T15:55:29.928+0000] {dag.py:2763} INFO - Creating ORM DAG for example_dag_decorator
[2024-06-24T15:55:29.935+0000] {logging_mixin.py:150} INFO - [2024-06-24T15:55:29.935+0000] {dag.py:3504} INFO - Setting next_dagrun for example_dag_decorator to None, run_after=None
[2024-06-24T15:55:29.979+0000] {processor.py:179} INFO - Processing /usr/local/python/3.10.13/lib/python3.10/site-packages/airflow/example_dags/example_dag_decorator.py took 0.319 seconds
[2024-06-24T15:56:26.549+0000] {processor.py:157} INFO - Started process (PID=14341) to work on /usr/local/python/3.10.13/lib/python3.10/site-packages/airflow/example_dags/example_dag_decorator.py
[2024-06-24T15:56:26.550+0000] {processor.py:826} INFO - Processing file /usr/local/python/3.10.13/lib/python3.10/site-packages/airflow/example_dags/example_dag_decorator.py for tasks to queue
[2024-06-24T15:56:26.550+0000] {logging_mixin.py:150} INFO - [2024-06-24T15:56:26.550+0000] {dagbag.py:541} INFO - Filling up the DagBag from /usr/local/python/3.10.13/lib/python3.10/site-packages/airflow/example_dags/example_dag_decorator.py
[2024-06-24T15:56:26.559+0000] {processor.py:836} INFO - DAG(s) dict_keys(['example_dag_decorator']) retrieved from /usr/local/python/3.10.13/lib/python3.10/site-packages/airflow/example_dags/example_dag_decorator.py
[2024-06-24T15:56:26.640+0000] {logging_mixin.py:150} INFO - [2024-06-24T15:56:26.640+0000] {dag.py:2742} INFO - Sync 1 DAGs
[2024-06-24T15:56:26.667+0000] {logging_mixin.py:150} INFO - [2024-06-24T15:56:26.667+0000] {dag.py:3504} INFO - Setting next_dagrun for example_dag_decorator to None, run_after=None
[2024-06-24T15:56:26.708+0000] {processor.py:179} INFO - Processing /usr/local/python/3.10.13/lib/python3.10/site-packages/airflow/example_dags/example_dag_decorator.py took 0.161 seconds
[2024-06-24T16:02:13.562+0000] {processor.py:157} INFO - Started process (PID=16884) to work on /usr/local/python/3.10.13/lib/python3.10/site-packages/airflow/example_dags/example_dag_decorator.py
[2024-06-24T16:02:13.563+0000] {processor.py:826} INFO - Processing file /usr/local/python/3.10.13/lib/python3.10/site-packages/airflow/example_dags/example_dag_decorator.py for tasks to queue
[2024-06-24T16:02:13.563+0000] {logging_mixin.py:150} INFO - [2024-06-24T16:02:13.563+0000] {dagbag.py:541} INFO - Filling up the DagBag from /usr/local/python/3.10.13/lib/python3.10/site-packages/airflow/example_dags/example_dag_decorator.py
[2024-06-24T16:02:13.573+0000] {processor.py:836} INFO - DAG(s) dict_keys(['example_dag_decorator']) retrieved from /usr/local/python/3.10.13/lib/python3.10/site-packages/airflow/example_dags/example_dag_decorator.py
[2024-06-24T16:02:13.655+0000] {logging_mixin.py:150} INFO - [2024-06-24T16:02:13.655+0000] {dag.py:2742} INFO - Sync 1 DAGs
[2024-06-24T16:02:13.669+0000] {logging_mixin.py:150} INFO - [2024-06-24T16:02:13.669+0000] {dag.py:3504} INFO - Setting next_dagrun for example_dag_decorator to None, run_after=None
[2024-06-24T16:02:13.712+0000] {processor.py:179} INFO - Processing /usr/local/python/3.10.13/lib/python3.10/site-packages/airflow/example_dags/example_dag_decorator.py took 0.152 seconds
[2024-06-24T16:03:06.468+0000] {processor.py:157} INFO - Started process (PID=17286) to work on /usr/local/python/3.10.13/lib/python3.10/site-packages/airflow/example_dags/example_dag_decorator.py
[2024-06-24T16:03:06.469+0000] {processor.py:826} INFO - Processing file /usr/local/python/3.10.13/lib/python3.10/site-packages/airflow/example_dags/example_dag_decorator.py for tasks to queue
[2024-06-24T16:03:06.470+0000] {logging_mixin.py:150} INFO - [2024-06-24T16:03:06.469+0000] {dagbag.py:541} INFO - Filling up the DagBag from /usr/local/python/3.10.13/lib/python3.10/site-packages/airflow/example_dags/example_dag_decorator.py
[2024-06-24T16:03:06.479+0000] {processor.py:836} INFO - DAG(s) dict_keys(['example_dag_decorator']) retrieved from /usr/local/python/3.10.13/lib/python3.10/site-packages/airflow/example_dags/example_dag_decorator.py
[2024-06-24T16:03:06.563+0000] {logging_mixin.py:150} INFO - [2024-06-24T16:03:06.563+0000] {dag.py:2742} INFO - Sync 1 DAGs
[2024-06-24T16:03:06.576+0000] {logging_mixin.py:150} INFO - [2024-06-24T16:03:06.576+0000] {dag.py:3504} INFO - Setting next_dagrun for example_dag_decorator to None, run_after=None
[2024-06-24T16:03:06.620+0000] {processor.py:179} INFO - Processing /usr/local/python/3.10.13/lib/python3.10/site-packages/airflow/example_dags/example_dag_decorator.py took 0.154 seconds
[2024-06-24T16:03:54.261+0000] {processor.py:157} INFO - Started process (PID=17649) to work on /usr/local/python/3.10.13/lib/python3.10/site-packages/airflow/example_dags/example_dag_decorator.py
[2024-06-24T16:03:54.261+0000] {processor.py:826} INFO - Processing file /usr/local/python/3.10.13/lib/python3.10/site-packages/airflow/example_dags/example_dag_decorator.py for tasks to queue
[2024-06-24T16:03:54.262+0000] {logging_mixin.py:150} INFO - [2024-06-24T16:03:54.262+0000] {dagbag.py:541} INFO - Filling up the DagBag from /usr/local/python/3.10.13/lib/python3.10/site-packages/airflow/example_dags/example_dag_decorator.py
[2024-06-24T16:03:54.271+0000] {processor.py:836} INFO - DAG(s) dict_keys(['example_dag_decorator']) retrieved from /usr/local/python/3.10.13/lib/python3.10/site-packages/airflow/example_dags/example_dag_decorator.py
[2024-06-24T16:03:54.352+0000] {logging_mixin.py:150} INFO - [2024-06-24T16:03:54.352+0000] {dag.py:2742} INFO - Sync 1 DAGs
[2024-06-24T16:03:54.366+0000] {logging_mixin.py:150} INFO - [2024-06-24T16:03:54.366+0000] {dag.py:3504} INFO - Setting next_dagrun for example_dag_decorator to None, run_after=None
[2024-06-24T16:03:54.411+0000] {processor.py:179} INFO - Processing /usr/local/python/3.10.13/lib/python3.10/site-packages/airflow/example_dags/example_dag_decorator.py took 0.152 seconds
[2024-06-24T16:04:40.318+0000] {processor.py:157} INFO - Started process (PID=18011) to work on /usr/local/python/3.10.13/lib/python3.10/site-packages/airflow/example_dags/example_dag_decorator.py
[2024-06-24T16:04:40.319+0000] {processor.py:826} INFO - Processing file /usr/local/python/3.10.13/lib/python3.10/site-packages/airflow/example_dags/example_dag_decorator.py for tasks to queue
[2024-06-24T16:04:40.319+0000] {logging_mixin.py:150} INFO - [2024-06-24T16:04:40.319+0000] {dagbag.py:541} INFO - Filling up the DagBag from /usr/local/python/3.10.13/lib/python3.10/site-packages/airflow/example_dags/example_dag_decorator.py
[2024-06-24T16:04:40.328+0000] {processor.py:836} INFO - DAG(s) dict_keys(['example_dag_decorator']) retrieved from /usr/local/python/3.10.13/lib/python3.10/site-packages/airflow/example_dags/example_dag_decorator.py
[2024-06-24T16:04:40.410+0000] {logging_mixin.py:150} INFO - [2024-06-24T16:04:40.410+0000] {dag.py:2742} INFO - Sync 1 DAGs
[2024-06-24T16:04:40.424+0000] {logging_mixin.py:150} INFO - [2024-06-24T16:04:40.424+0000] {dag.py:3504} INFO - Setting next_dagrun for example_dag_decorator to None, run_after=None
[2024-06-24T16:04:40.464+0000] {processor.py:179} INFO - Processing /usr/local/python/3.10.13/lib/python3.10/site-packages/airflow/example_dags/example_dag_decorator.py took 0.148 seconds
[2024-06-24T16:05:29.710+0000] {processor.py:157} INFO - Started process (PID=18398) to work on /usr/local/python/3.10.13/lib/python3.10/site-packages/airflow/example_dags/example_dag_decorator.py
[2024-06-24T16:05:29.710+0000] {processor.py:826} INFO - Processing file /usr/local/python/3.10.13/lib/python3.10/site-packages/airflow/example_dags/example_dag_decorator.py for tasks to queue
[2024-06-24T16:05:29.711+0000] {logging_mixin.py:150} INFO - [2024-06-24T16:05:29.711+0000] {dagbag.py:541} INFO - Filling up the DagBag from /usr/local/python/3.10.13/lib/python3.10/site-packages/airflow/example_dags/example_dag_decorator.py
[2024-06-24T16:05:29.720+0000] {processor.py:836} INFO - DAG(s) dict_keys(['example_dag_decorator']) retrieved from /usr/local/python/3.10.13/lib/python3.10/site-packages/airflow/example_dags/example_dag_decorator.py
[2024-06-24T16:05:29.822+0000] {logging_mixin.py:150} INFO - [2024-06-24T16:05:29.821+0000] {dag.py:2742} INFO - Sync 1 DAGs
[2024-06-24T16:05:29.848+0000] {logging_mixin.py:150} INFO - [2024-06-24T16:05:29.847+0000] {dag.py:3504} INFO - Setting next_dagrun for example_dag_decorator to None, run_after=None
[2024-06-24T16:05:29.908+0000] {processor.py:179} INFO - Processing /usr/local/python/3.10.13/lib/python3.10/site-packages/airflow/example_dags/example_dag_decorator.py took 0.200 seconds
[2024-06-24T16:06:15.817+0000] {processor.py:157} INFO - Started process (PID=18744) to work on /usr/local/python/3.10.13/lib/python3.10/site-packages/airflow/example_dags/example_dag_decorator.py
[2024-06-24T16:06:15.818+0000] {processor.py:826} INFO - Processing file /usr/local/python/3.10.13/lib/python3.10/site-packages/airflow/example_dags/example_dag_decorator.py for tasks to queue
[2024-06-24T16:06:15.819+0000] {logging_mixin.py:150} INFO - [2024-06-24T16:06:15.818+0000] {dagbag.py:541} INFO - Filling up the DagBag from /usr/local/python/3.10.13/lib/python3.10/site-packages/airflow/example_dags/example_dag_decorator.py
[2024-06-24T16:06:15.827+0000] {processor.py:836} INFO - DAG(s) dict_keys(['example_dag_decorator']) retrieved from /usr/local/python/3.10.13/lib/python3.10/site-packages/airflow/example_dags/example_dag_decorator.py
[2024-06-24T16:06:15.908+0000] {logging_mixin.py:150} INFO - [2024-06-24T16:06:15.908+0000] {dag.py:2742} INFO - Sync 1 DAGs
[2024-06-24T16:06:15.922+0000] {logging_mixin.py:150} INFO - [2024-06-24T16:06:15.922+0000] {dag.py:3504} INFO - Setting next_dagrun for example_dag_decorator to None, run_after=None
[2024-06-24T16:06:15.966+0000] {processor.py:179} INFO - Processing /usr/local/python/3.10.13/lib/python3.10/site-packages/airflow/example_dags/example_dag_decorator.py took 0.151 seconds
[2024-06-24T16:07:03.411+0000] {processor.py:157} INFO - Started process (PID=19119) to work on /usr/local/python/3.10.13/lib/python3.10/site-packages/airflow/example_dags/example_dag_decorator.py
[2024-06-24T16:07:03.412+0000] {processor.py:826} INFO - Processing file /usr/local/python/3.10.13/lib/python3.10/site-packages/airflow/example_dags/example_dag_decorator.py for tasks to queue
[2024-06-24T16:07:03.412+0000] {logging_mixin.py:150} INFO - [2024-06-24T16:07:03.412+0000] {dagbag.py:541} INFO - Filling up the DagBag from /usr/local/python/3.10.13/lib/python3.10/site-packages/airflow/example_dags/example_dag_decorator.py
[2024-06-24T16:07:03.421+0000] {processor.py:836} INFO - DAG(s) dict_keys(['example_dag_decorator']) retrieved from /usr/local/python/3.10.13/lib/python3.10/site-packages/airflow/example_dags/example_dag_decorator.py
[2024-06-24T16:07:03.501+0000] {logging_mixin.py:150} INFO - [2024-06-24T16:07:03.501+0000] {dag.py:2742} INFO - Sync 1 DAGs
[2024-06-24T16:07:03.515+0000] {logging_mixin.py:150} INFO - [2024-06-24T16:07:03.515+0000] {dag.py:3504} INFO - Setting next_dagrun for example_dag_decorator to None, run_after=None
[2024-06-24T16:07:03.555+0000] {processor.py:179} INFO - Processing /usr/local/python/3.10.13/lib/python3.10/site-packages/airflow/example_dags/example_dag_decorator.py took 0.146 seconds
[2024-06-24T16:07:50.573+0000] {processor.py:157} INFO - Started process (PID=19490) to work on /usr/local/python/3.10.13/lib/python3.10/site-packages/airflow/example_dags/example_dag_decorator.py
[2024-06-24T16:07:50.574+0000] {processor.py:826} INFO - Processing file /usr/local/python/3.10.13/lib/python3.10/site-packages/airflow/example_dags/example_dag_decorator.py for tasks to queue
[2024-06-24T16:07:50.575+0000] {logging_mixin.py:150} INFO - [2024-06-24T16:07:50.575+0000] {dagbag.py:541} INFO - Filling up the DagBag from /usr/local/python/3.10.13/lib/python3.10/site-packages/airflow/example_dags/example_dag_decorator.py
[2024-06-24T16:07:50.584+0000] {processor.py:836} INFO - DAG(s) dict_keys(['example_dag_decorator']) retrieved from /usr/local/python/3.10.13/lib/python3.10/site-packages/airflow/example_dags/example_dag_decorator.py
[2024-06-24T16:07:50.670+0000] {logging_mixin.py:150} INFO - [2024-06-24T16:07:50.670+0000] {dag.py:2742} INFO - Sync 1 DAGs
[2024-06-24T16:07:50.684+0000] {logging_mixin.py:150} INFO - [2024-06-24T16:07:50.684+0000] {dag.py:3504} INFO - Setting next_dagrun for example_dag_decorator to None, run_after=None
[2024-06-24T16:07:50.736+0000] {processor.py:179} INFO - Processing /usr/local/python/3.10.13/lib/python3.10/site-packages/airflow/example_dags/example_dag_decorator.py took 0.164 seconds
[2024-06-24T16:08:40.005+0000] {processor.py:157} INFO - Started process (PID=19880) to work on /usr/local/python/3.10.13/lib/python3.10/site-packages/airflow/example_dags/example_dag_decorator.py
[2024-06-24T16:08:40.006+0000] {processor.py:826} INFO - Processing file /usr/local/python/3.10.13/lib/python3.10/site-packages/airflow/example_dags/example_dag_decorator.py for tasks to queue
[2024-06-24T16:08:40.007+0000] {logging_mixin.py:150} INFO - [2024-06-24T16:08:40.006+0000] {dagbag.py:541} INFO - Filling up the DagBag from /usr/local/python/3.10.13/lib/python3.10/site-packages/airflow/example_dags/example_dag_decorator.py
[2024-06-24T16:08:40.016+0000] {processor.py:836} INFO - DAG(s) dict_keys(['example_dag_decorator']) retrieved from /usr/local/python/3.10.13/lib/python3.10/site-packages/airflow/example_dags/example_dag_decorator.py
[2024-06-24T16:08:40.095+0000] {logging_mixin.py:150} INFO - [2024-06-24T16:08:40.095+0000] {dag.py:2742} INFO - Sync 1 DAGs
[2024-06-24T16:08:40.109+0000] {logging_mixin.py:150} INFO - [2024-06-24T16:08:40.108+0000] {dag.py:3504} INFO - Setting next_dagrun for example_dag_decorator to None, run_after=None
[2024-06-24T16:08:40.150+0000] {processor.py:179} INFO - Processing /usr/local/python/3.10.13/lib/python3.10/site-packages/airflow/example_dags/example_dag_decorator.py took 0.147 seconds
[2024-06-24T16:09:26.687+0000] {processor.py:157} INFO - Started process (PID=20198) to work on /usr/local/python/3.10.13/lib/python3.10/site-packages/airflow/example_dags/example_dag_decorator.py
[2024-06-24T16:09:26.687+0000] {processor.py:826} INFO - Processing file /usr/local/python/3.10.13/lib/python3.10/site-packages/airflow/example_dags/example_dag_decorator.py for tasks to queue
[2024-06-24T16:09:26.688+0000] {logging_mixin.py:150} INFO - [2024-06-24T16:09:26.688+0000] {dagbag.py:541} INFO - Filling up the DagBag from /usr/local/python/3.10.13/lib/python3.10/site-packages/airflow/example_dags/example_dag_decorator.py
[2024-06-24T16:09:26.696+0000] {processor.py:836} INFO - DAG(s) dict_keys(['example_dag_decorator']) retrieved from /usr/local/python/3.10.13/lib/python3.10/site-packages/airflow/example_dags/example_dag_decorator.py
[2024-06-24T16:09:26.776+0000] {logging_mixin.py:150} INFO - [2024-06-24T16:09:26.776+0000] {dag.py:2742} INFO - Sync 1 DAGs
[2024-06-24T16:09:26.791+0000] {logging_mixin.py:150} INFO - [2024-06-24T16:09:26.791+0000] {dag.py:3504} INFO - Setting next_dagrun for example_dag_decorator to None, run_after=None
[2024-06-24T16:09:26.837+0000] {processor.py:179} INFO - Processing /usr/local/python/3.10.13/lib/python3.10/site-packages/airflow/example_dags/example_dag_decorator.py took 0.152 seconds
[2024-06-24T16:10:13.417+0000] {processor.py:157} INFO - Started process (PID=20531) to work on /usr/local/python/3.10.13/lib/python3.10/site-packages/airflow/example_dags/example_dag_decorator.py
[2024-06-24T16:10:13.418+0000] {processor.py:826} INFO - Processing file /usr/local/python/3.10.13/lib/python3.10/site-packages/airflow/example_dags/example_dag_decorator.py for tasks to queue
[2024-06-24T16:10:13.419+0000] {logging_mixin.py:150} INFO - [2024-06-24T16:10:13.418+0000] {dagbag.py:541} INFO - Filling up the DagBag from /usr/local/python/3.10.13/lib/python3.10/site-packages/airflow/example_dags/example_dag_decorator.py
[2024-06-24T16:10:13.427+0000] {processor.py:836} INFO - DAG(s) dict_keys(['example_dag_decorator']) retrieved from /usr/local/python/3.10.13/lib/python3.10/site-packages/airflow/example_dags/example_dag_decorator.py
[2024-06-24T16:10:13.508+0000] {logging_mixin.py:150} INFO - [2024-06-24T16:10:13.508+0000] {dag.py:2742} INFO - Sync 1 DAGs
[2024-06-24T16:10:13.522+0000] {logging_mixin.py:150} INFO - [2024-06-24T16:10:13.521+0000] {dag.py:3504} INFO - Setting next_dagrun for example_dag_decorator to None, run_after=None
[2024-06-24T16:10:13.564+0000] {processor.py:179} INFO - Processing /usr/local/python/3.10.13/lib/python3.10/site-packages/airflow/example_dags/example_dag_decorator.py took 0.148 seconds
[2024-06-24T16:11:00.896+0000] {processor.py:157} INFO - Started process (PID=20855) to work on /usr/local/python/3.10.13/lib/python3.10/site-packages/airflow/example_dags/example_dag_decorator.py
[2024-06-24T16:11:00.896+0000] {processor.py:826} INFO - Processing file /usr/local/python/3.10.13/lib/python3.10/site-packages/airflow/example_dags/example_dag_decorator.py for tasks to queue
[2024-06-24T16:11:00.897+0000] {logging_mixin.py:150} INFO - [2024-06-24T16:11:00.897+0000] {dagbag.py:541} INFO - Filling up the DagBag from /usr/local/python/3.10.13/lib/python3.10/site-packages/airflow/example_dags/example_dag_decorator.py
[2024-06-24T16:11:00.905+0000] {processor.py:836} INFO - DAG(s) dict_keys(['example_dag_decorator']) retrieved from /usr/local/python/3.10.13/lib/python3.10/site-packages/airflow/example_dags/example_dag_decorator.py
[2024-06-24T16:11:00.985+0000] {logging_mixin.py:150} INFO - [2024-06-24T16:11:00.985+0000] {dag.py:2742} INFO - Sync 1 DAGs
[2024-06-24T16:11:00.999+0000] {logging_mixin.py:150} INFO - [2024-06-24T16:11:00.999+0000] {dag.py:3504} INFO - Setting next_dagrun for example_dag_decorator to None, run_after=None
[2024-06-24T16:11:01.039+0000] {processor.py:179} INFO - Processing /usr/local/python/3.10.13/lib/python3.10/site-packages/airflow/example_dags/example_dag_decorator.py took 0.145 seconds
[2024-06-24T16:11:48.860+0000] {processor.py:157} INFO - Started process (PID=21188) to work on /usr/local/python/3.10.13/lib/python3.10/site-packages/airflow/example_dags/example_dag_decorator.py
[2024-06-24T16:11:48.861+0000] {processor.py:826} INFO - Processing file /usr/local/python/3.10.13/lib/python3.10/site-packages/airflow/example_dags/example_dag_decorator.py for tasks to queue
[2024-06-24T16:11:48.862+0000] {logging_mixin.py:150} INFO - [2024-06-24T16:11:48.861+0000] {dagbag.py:541} INFO - Filling up the DagBag from /usr/local/python/3.10.13/lib/python3.10/site-packages/airflow/example_dags/example_dag_decorator.py
[2024-06-24T16:11:48.871+0000] {processor.py:836} INFO - DAG(s) dict_keys(['example_dag_decorator']) retrieved from /usr/local/python/3.10.13/lib/python3.10/site-packages/airflow/example_dags/example_dag_decorator.py
[2024-06-24T16:11:48.958+0000] {logging_mixin.py:150} INFO - [2024-06-24T16:11:48.957+0000] {dag.py:2742} INFO - Sync 1 DAGs
[2024-06-24T16:11:48.972+0000] {logging_mixin.py:150} INFO - [2024-06-24T16:11:48.972+0000] {dag.py:3504} INFO - Setting next_dagrun for example_dag_decorator to None, run_after=None
[2024-06-24T16:11:49.018+0000] {processor.py:179} INFO - Processing /usr/local/python/3.10.13/lib/python3.10/site-packages/airflow/example_dags/example_dag_decorator.py took 0.160 seconds
[2024-06-24T16:12:38.316+0000] {processor.py:157} INFO - Started process (PID=21532) to work on /usr/local/python/3.10.13/lib/python3.10/site-packages/airflow/example_dags/example_dag_decorator.py
[2024-06-24T16:12:38.317+0000] {processor.py:826} INFO - Processing file /usr/local/python/3.10.13/lib/python3.10/site-packages/airflow/example_dags/example_dag_decorator.py for tasks to queue
[2024-06-24T16:12:38.318+0000] {logging_mixin.py:150} INFO - [2024-06-24T16:12:38.317+0000] {dagbag.py:541} INFO - Filling up the DagBag from /usr/local/python/3.10.13/lib/python3.10/site-packages/airflow/example_dags/example_dag_decorator.py
[2024-06-24T16:12:38.326+0000] {processor.py:836} INFO - DAG(s) dict_keys(['example_dag_decorator']) retrieved from /usr/local/python/3.10.13/lib/python3.10/site-packages/airflow/example_dags/example_dag_decorator.py
[2024-06-24T16:12:38.406+0000] {logging_mixin.py:150} INFO - [2024-06-24T16:12:38.406+0000] {dag.py:2742} INFO - Sync 1 DAGs
[2024-06-24T16:12:38.422+0000] {logging_mixin.py:150} INFO - [2024-06-24T16:12:38.422+0000] {dag.py:3504} INFO - Setting next_dagrun for example_dag_decorator to None, run_after=None
[2024-06-24T16:12:38.468+0000] {processor.py:179} INFO - Processing /usr/local/python/3.10.13/lib/python3.10/site-packages/airflow/example_dags/example_dag_decorator.py took 0.154 seconds
[2024-06-24T16:13:27.184+0000] {processor.py:157} INFO - Started process (PID=21873) to work on /usr/local/python/3.10.13/lib/python3.10/site-packages/airflow/example_dags/example_dag_decorator.py
[2024-06-24T16:13:27.185+0000] {processor.py:826} INFO - Processing file /usr/local/python/3.10.13/lib/python3.10/site-packages/airflow/example_dags/example_dag_decorator.py for tasks to queue
[2024-06-24T16:13:27.185+0000] {logging_mixin.py:150} INFO - [2024-06-24T16:13:27.185+0000] {dagbag.py:541} INFO - Filling up the DagBag from /usr/local/python/3.10.13/lib/python3.10/site-packages/airflow/example_dags/example_dag_decorator.py
[2024-06-24T16:13:27.194+0000] {processor.py:836} INFO - DAG(s) dict_keys(['example_dag_decorator']) retrieved from /usr/local/python/3.10.13/lib/python3.10/site-packages/airflow/example_dags/example_dag_decorator.py
[2024-06-24T16:13:27.278+0000] {logging_mixin.py:150} INFO - [2024-06-24T16:13:27.278+0000] {dag.py:2742} INFO - Sync 1 DAGs
[2024-06-24T16:13:27.291+0000] {logging_mixin.py:150} INFO - [2024-06-24T16:13:27.291+0000] {dag.py:3504} INFO - Setting next_dagrun for example_dag_decorator to None, run_after=None
[2024-06-24T16:13:27.331+0000] {processor.py:179} INFO - Processing /usr/local/python/3.10.13/lib/python3.10/site-packages/airflow/example_dags/example_dag_decorator.py took 0.150 seconds
[2024-06-24T16:14:13.920+0000] {processor.py:157} INFO - Started process (PID=22190) to work on /usr/local/python/3.10.13/lib/python3.10/site-packages/airflow/example_dags/example_dag_decorator.py
[2024-06-24T16:14:13.920+0000] {processor.py:826} INFO - Processing file /usr/local/python/3.10.13/lib/python3.10/site-packages/airflow/example_dags/example_dag_decorator.py for tasks to queue
[2024-06-24T16:14:13.921+0000] {logging_mixin.py:150} INFO - [2024-06-24T16:14:13.921+0000] {dagbag.py:541} INFO - Filling up the DagBag from /usr/local/python/3.10.13/lib/python3.10/site-packages/airflow/example_dags/example_dag_decorator.py
[2024-06-24T16:14:13.930+0000] {processor.py:836} INFO - DAG(s) dict_keys(['example_dag_decorator']) retrieved from /usr/local/python/3.10.13/lib/python3.10/site-packages/airflow/example_dags/example_dag_decorator.py
[2024-06-24T16:14:14.011+0000] {logging_mixin.py:150} INFO - [2024-06-24T16:14:14.010+0000] {dag.py:2742} INFO - Sync 1 DAGs
[2024-06-24T16:14:14.024+0000] {logging_mixin.py:150} INFO - [2024-06-24T16:14:14.023+0000] {dag.py:3504} INFO - Setting next_dagrun for example_dag_decorator to None, run_after=None
[2024-06-24T16:14:14.073+0000] {processor.py:179} INFO - Processing /usr/local/python/3.10.13/lib/python3.10/site-packages/airflow/example_dags/example_dag_decorator.py took 0.155 seconds
[2024-06-24T16:15:00.207+0000] {processor.py:157} INFO - Started process (PID=22517) to work on /usr/local/python/3.10.13/lib/python3.10/site-packages/airflow/example_dags/example_dag_decorator.py
[2024-06-24T16:15:00.208+0000] {processor.py:826} INFO - Processing file /usr/local/python/3.10.13/lib/python3.10/site-packages/airflow/example_dags/example_dag_decorator.py for tasks to queue
[2024-06-24T16:15:00.208+0000] {logging_mixin.py:150} INFO - [2024-06-24T16:15:00.208+0000] {dagbag.py:541} INFO - Filling up the DagBag from /usr/local/python/3.10.13/lib/python3.10/site-packages/airflow/example_dags/example_dag_decorator.py
[2024-06-24T16:15:00.217+0000] {processor.py:836} INFO - DAG(s) dict_keys(['example_dag_decorator']) retrieved from /usr/local/python/3.10.13/lib/python3.10/site-packages/airflow/example_dags/example_dag_decorator.py
[2024-06-24T16:15:00.301+0000] {logging_mixin.py:150} INFO - [2024-06-24T16:15:00.301+0000] {dag.py:2742} INFO - Sync 1 DAGs
[2024-06-24T16:15:00.316+0000] {logging_mixin.py:150} INFO - [2024-06-24T16:15:00.316+0000] {dag.py:3504} INFO - Setting next_dagrun for example_dag_decorator to None, run_after=None
[2024-06-24T16:15:00.358+0000] {processor.py:179} INFO - Processing /usr/local/python/3.10.13/lib/python3.10/site-packages/airflow/example_dags/example_dag_decorator.py took 0.153 seconds
[2024-06-24T16:15:44.226+0000] {processor.py:157} INFO - Started process (PID=22819) to work on /usr/local/python/3.10.13/lib/python3.10/site-packages/airflow/example_dags/example_dag_decorator.py
[2024-06-24T16:15:44.227+0000] {processor.py:826} INFO - Processing file /usr/local/python/3.10.13/lib/python3.10/site-packages/airflow/example_dags/example_dag_decorator.py for tasks to queue
[2024-06-24T16:15:44.227+0000] {logging_mixin.py:150} INFO - [2024-06-24T16:15:44.227+0000] {dagbag.py:541} INFO - Filling up the DagBag from /usr/local/python/3.10.13/lib/python3.10/site-packages/airflow/example_dags/example_dag_decorator.py
[2024-06-24T16:15:44.236+0000] {processor.py:836} INFO - DAG(s) dict_keys(['example_dag_decorator']) retrieved from /usr/local/python/3.10.13/lib/python3.10/site-packages/airflow/example_dags/example_dag_decorator.py
[2024-06-24T16:15:44.336+0000] {logging_mixin.py:150} INFO - [2024-06-24T16:15:44.336+0000] {dag.py:2742} INFO - Sync 1 DAGs
[2024-06-24T16:15:44.350+0000] {logging_mixin.py:150} INFO - [2024-06-24T16:15:44.350+0000] {dag.py:3504} INFO - Setting next_dagrun for example_dag_decorator to None, run_after=None
[2024-06-24T16:15:44.394+0000] {processor.py:179} INFO - Processing /usr/local/python/3.10.13/lib/python3.10/site-packages/airflow/example_dags/example_dag_decorator.py took 0.170 seconds
[2024-06-24T16:16:29.675+0000] {processor.py:157} INFO - Started process (PID=23144) to work on /usr/local/python/3.10.13/lib/python3.10/site-packages/airflow/example_dags/example_dag_decorator.py
[2024-06-24T16:16:29.676+0000] {processor.py:826} INFO - Processing file /usr/local/python/3.10.13/lib/python3.10/site-packages/airflow/example_dags/example_dag_decorator.py for tasks to queue
[2024-06-24T16:16:29.677+0000] {logging_mixin.py:150} INFO - [2024-06-24T16:16:29.676+0000] {dagbag.py:541} INFO - Filling up the DagBag from /usr/local/python/3.10.13/lib/python3.10/site-packages/airflow/example_dags/example_dag_decorator.py
[2024-06-24T16:16:29.686+0000] {processor.py:836} INFO - DAG(s) dict_keys(['example_dag_decorator']) retrieved from /usr/local/python/3.10.13/lib/python3.10/site-packages/airflow/example_dags/example_dag_decorator.py
[2024-06-24T16:16:29.766+0000] {logging_mixin.py:150} INFO - [2024-06-24T16:16:29.766+0000] {dag.py:2742} INFO - Sync 1 DAGs
[2024-06-24T16:16:29.780+0000] {logging_mixin.py:150} INFO - [2024-06-24T16:16:29.780+0000] {dag.py:3504} INFO - Setting next_dagrun for example_dag_decorator to None, run_after=None
[2024-06-24T16:16:29.821+0000] {processor.py:179} INFO - Processing /usr/local/python/3.10.13/lib/python3.10/site-packages/airflow/example_dags/example_dag_decorator.py took 0.148 seconds
[2024-06-24T16:17:15.016+0000] {processor.py:157} INFO - Started process (PID=23449) to work on /usr/local/python/3.10.13/lib/python3.10/site-packages/airflow/example_dags/example_dag_decorator.py
[2024-06-24T16:17:15.017+0000] {processor.py:826} INFO - Processing file /usr/local/python/3.10.13/lib/python3.10/site-packages/airflow/example_dags/example_dag_decorator.py for tasks to queue
[2024-06-24T16:17:15.017+0000] {logging_mixin.py:150} INFO - [2024-06-24T16:17:15.017+0000] {dagbag.py:541} INFO - Filling up the DagBag from /usr/local/python/3.10.13/lib/python3.10/site-packages/airflow/example_dags/example_dag_decorator.py
[2024-06-24T16:17:15.026+0000] {processor.py:836} INFO - DAG(s) dict_keys(['example_dag_decorator']) retrieved from /usr/local/python/3.10.13/lib/python3.10/site-packages/airflow/example_dags/example_dag_decorator.py
[2024-06-24T16:17:15.112+0000] {logging_mixin.py:150} INFO - [2024-06-24T16:17:15.112+0000] {dag.py:2742} INFO - Sync 1 DAGs
[2024-06-24T16:17:15.126+0000] {logging_mixin.py:150} INFO - [2024-06-24T16:17:15.125+0000] {dag.py:3504} INFO - Setting next_dagrun for example_dag_decorator to None, run_after=None
[2024-06-24T16:17:15.171+0000] {processor.py:179} INFO - Processing /usr/local/python/3.10.13/lib/python3.10/site-packages/airflow/example_dags/example_dag_decorator.py took 0.157 seconds
[2024-06-24T16:18:01.557+0000] {processor.py:157} INFO - Started process (PID=23780) to work on /usr/local/python/3.10.13/lib/python3.10/site-packages/airflow/example_dags/example_dag_decorator.py
[2024-06-24T16:18:01.558+0000] {processor.py:826} INFO - Processing file /usr/local/python/3.10.13/lib/python3.10/site-packages/airflow/example_dags/example_dag_decorator.py for tasks to queue
[2024-06-24T16:18:01.558+0000] {logging_mixin.py:150} INFO - [2024-06-24T16:18:01.558+0000] {dagbag.py:541} INFO - Filling up the DagBag from /usr/local/python/3.10.13/lib/python3.10/site-packages/airflow/example_dags/example_dag_decorator.py
[2024-06-24T16:18:01.572+0000] {processor.py:836} INFO - DAG(s) dict_keys(['example_dag_decorator']) retrieved from /usr/local/python/3.10.13/lib/python3.10/site-packages/airflow/example_dags/example_dag_decorator.py
[2024-06-24T16:18:01.653+0000] {logging_mixin.py:150} INFO - [2024-06-24T16:18:01.653+0000] {dag.py:2742} INFO - Sync 1 DAGs
[2024-06-24T16:18:01.668+0000] {logging_mixin.py:150} INFO - [2024-06-24T16:18:01.668+0000] {dag.py:3504} INFO - Setting next_dagrun for example_dag_decorator to None, run_after=None
[2024-06-24T16:18:01.709+0000] {processor.py:179} INFO - Processing /usr/local/python/3.10.13/lib/python3.10/site-packages/airflow/example_dags/example_dag_decorator.py took 0.154 seconds
[2024-06-24T16:18:45.221+0000] {processor.py:157} INFO - Started process (PID=24078) to work on /usr/local/python/3.10.13/lib/python3.10/site-packages/airflow/example_dags/example_dag_decorator.py
[2024-06-24T16:18:45.221+0000] {processor.py:826} INFO - Processing file /usr/local/python/3.10.13/lib/python3.10/site-packages/airflow/example_dags/example_dag_decorator.py for tasks to queue
[2024-06-24T16:18:45.222+0000] {logging_mixin.py:150} INFO - [2024-06-24T16:18:45.222+0000] {dagbag.py:541} INFO - Filling up the DagBag from /usr/local/python/3.10.13/lib/python3.10/site-packages/airflow/example_dags/example_dag_decorator.py
[2024-06-24T16:18:45.230+0000] {processor.py:836} INFO - DAG(s) dict_keys(['example_dag_decorator']) retrieved from /usr/local/python/3.10.13/lib/python3.10/site-packages/airflow/example_dags/example_dag_decorator.py
[2024-06-24T16:18:45.310+0000] {logging_mixin.py:150} INFO - [2024-06-24T16:18:45.310+0000] {dag.py:2742} INFO - Sync 1 DAGs
[2024-06-24T16:18:45.324+0000] {logging_mixin.py:150} INFO - [2024-06-24T16:18:45.324+0000] {dag.py:3504} INFO - Setting next_dagrun for example_dag_decorator to None, run_after=None
[2024-06-24T16:18:45.367+0000] {processor.py:179} INFO - Processing /usr/local/python/3.10.13/lib/python3.10/site-packages/airflow/example_dags/example_dag_decorator.py took 0.148 seconds
[2024-06-24T16:19:34.195+0000] {processor.py:157} INFO - Started process (PID=24418) to work on /usr/local/python/3.10.13/lib/python3.10/site-packages/airflow/example_dags/example_dag_decorator.py
[2024-06-24T16:19:34.196+0000] {processor.py:826} INFO - Processing file /usr/local/python/3.10.13/lib/python3.10/site-packages/airflow/example_dags/example_dag_decorator.py for tasks to queue
[2024-06-24T16:19:34.196+0000] {logging_mixin.py:150} INFO - [2024-06-24T16:19:34.196+0000] {dagbag.py:541} INFO - Filling up the DagBag from /usr/local/python/3.10.13/lib/python3.10/site-packages/airflow/example_dags/example_dag_decorator.py
[2024-06-24T16:19:34.205+0000] {processor.py:836} INFO - DAG(s) dict_keys(['example_dag_decorator']) retrieved from /usr/local/python/3.10.13/lib/python3.10/site-packages/airflow/example_dags/example_dag_decorator.py
[2024-06-24T16:19:34.291+0000] {logging_mixin.py:150} INFO - [2024-06-24T16:19:34.291+0000] {dag.py:2742} INFO - Sync 1 DAGs
[2024-06-24T16:19:34.305+0000] {logging_mixin.py:150} INFO - [2024-06-24T16:19:34.305+0000] {dag.py:3504} INFO - Setting next_dagrun for example_dag_decorator to None, run_after=None
[2024-06-24T16:19:34.355+0000] {processor.py:179} INFO - Processing /usr/local/python/3.10.13/lib/python3.10/site-packages/airflow/example_dags/example_dag_decorator.py took 0.162 seconds
[2024-06-24T16:20:21.060+0000] {processor.py:157} INFO - Started process (PID=24732) to work on /usr/local/python/3.10.13/lib/python3.10/site-packages/airflow/example_dags/example_dag_decorator.py
[2024-06-24T16:20:21.061+0000] {processor.py:826} INFO - Processing file /usr/local/python/3.10.13/lib/python3.10/site-packages/airflow/example_dags/example_dag_decorator.py for tasks to queue
[2024-06-24T16:20:21.061+0000] {logging_mixin.py:150} INFO - [2024-06-24T16:20:21.061+0000] {dagbag.py:541} INFO - Filling up the DagBag from /usr/local/python/3.10.13/lib/python3.10/site-packages/airflow/example_dags/example_dag_decorator.py
[2024-06-24T16:20:21.070+0000] {processor.py:836} INFO - DAG(s) dict_keys(['example_dag_decorator']) retrieved from /usr/local/python/3.10.13/lib/python3.10/site-packages/airflow/example_dags/example_dag_decorator.py
[2024-06-24T16:20:21.160+0000] {logging_mixin.py:150} INFO - [2024-06-24T16:20:21.160+0000] {dag.py:2742} INFO - Sync 1 DAGs
[2024-06-24T16:20:21.174+0000] {logging_mixin.py:150} INFO - [2024-06-24T16:20:21.174+0000] {dag.py:3504} INFO - Setting next_dagrun for example_dag_decorator to None, run_after=None
[2024-06-24T16:20:21.230+0000] {processor.py:179} INFO - Processing /usr/local/python/3.10.13/lib/python3.10/site-packages/airflow/example_dags/example_dag_decorator.py took 0.172 seconds
[2024-06-24T16:21:05.854+0000] {processor.py:157} INFO - Started process (PID=25053) to work on /usr/local/python/3.10.13/lib/python3.10/site-packages/airflow/example_dags/example_dag_decorator.py
[2024-06-24T16:21:05.854+0000] {processor.py:826} INFO - Processing file /usr/local/python/3.10.13/lib/python3.10/site-packages/airflow/example_dags/example_dag_decorator.py for tasks to queue
[2024-06-24T16:21:05.855+0000] {logging_mixin.py:150} INFO - [2024-06-24T16:21:05.855+0000] {dagbag.py:541} INFO - Filling up the DagBag from /usr/local/python/3.10.13/lib/python3.10/site-packages/airflow/example_dags/example_dag_decorator.py
[2024-06-24T16:21:05.863+0000] {processor.py:836} INFO - DAG(s) dict_keys(['example_dag_decorator']) retrieved from /usr/local/python/3.10.13/lib/python3.10/site-packages/airflow/example_dags/example_dag_decorator.py
[2024-06-24T16:21:05.946+0000] {logging_mixin.py:150} INFO - [2024-06-24T16:21:05.945+0000] {dag.py:2742} INFO - Sync 1 DAGs
[2024-06-24T16:21:05.959+0000] {logging_mixin.py:150} INFO - [2024-06-24T16:21:05.959+0000] {dag.py:3504} INFO - Setting next_dagrun for example_dag_decorator to None, run_after=None
[2024-06-24T16:21:06.001+0000] {processor.py:179} INFO - Processing /usr/local/python/3.10.13/lib/python3.10/site-packages/airflow/example_dags/example_dag_decorator.py took 0.149 seconds
[2024-06-24T16:21:55.407+0000] {processor.py:157} INFO - Started process (PID=25401) to work on /usr/local/python/3.10.13/lib/python3.10/site-packages/airflow/example_dags/example_dag_decorator.py
[2024-06-24T16:21:55.407+0000] {processor.py:826} INFO - Processing file /usr/local/python/3.10.13/lib/python3.10/site-packages/airflow/example_dags/example_dag_decorator.py for tasks to queue
[2024-06-24T16:21:55.408+0000] {logging_mixin.py:150} INFO - [2024-06-24T16:21:55.408+0000] {dagbag.py:541} INFO - Filling up the DagBag from /usr/local/python/3.10.13/lib/python3.10/site-packages/airflow/example_dags/example_dag_decorator.py
[2024-06-24T16:21:55.417+0000] {processor.py:836} INFO - DAG(s) dict_keys(['example_dag_decorator']) retrieved from /usr/local/python/3.10.13/lib/python3.10/site-packages/airflow/example_dags/example_dag_decorator.py
[2024-06-24T16:21:55.498+0000] {logging_mixin.py:150} INFO - [2024-06-24T16:21:55.498+0000] {dag.py:2742} INFO - Sync 1 DAGs
[2024-06-24T16:21:55.513+0000] {logging_mixin.py:150} INFO - [2024-06-24T16:21:55.513+0000] {dag.py:3504} INFO - Setting next_dagrun for example_dag_decorator to None, run_after=None
[2024-06-24T16:21:55.551+0000] {processor.py:179} INFO - Processing /usr/local/python/3.10.13/lib/python3.10/site-packages/airflow/example_dags/example_dag_decorator.py took 0.146 seconds
[2024-06-24T16:22:45.710+0000] {processor.py:157} INFO - Started process (PID=25749) to work on /usr/local/python/3.10.13/lib/python3.10/site-packages/airflow/example_dags/example_dag_decorator.py
[2024-06-24T16:22:45.710+0000] {processor.py:826} INFO - Processing file /usr/local/python/3.10.13/lib/python3.10/site-packages/airflow/example_dags/example_dag_decorator.py for tasks to queue
[2024-06-24T16:22:45.711+0000] {logging_mixin.py:150} INFO - [2024-06-24T16:22:45.711+0000] {dagbag.py:541} INFO - Filling up the DagBag from /usr/local/python/3.10.13/lib/python3.10/site-packages/airflow/example_dags/example_dag_decorator.py
[2024-06-24T16:22:45.719+0000] {processor.py:836} INFO - DAG(s) dict_keys(['example_dag_decorator']) retrieved from /usr/local/python/3.10.13/lib/python3.10/site-packages/airflow/example_dags/example_dag_decorator.py
[2024-06-24T16:22:45.799+0000] {logging_mixin.py:150} INFO - [2024-06-24T16:22:45.799+0000] {dag.py:2742} INFO - Sync 1 DAGs
[2024-06-24T16:22:45.813+0000] {logging_mixin.py:150} INFO - [2024-06-24T16:22:45.813+0000] {dag.py:3504} INFO - Setting next_dagrun for example_dag_decorator to None, run_after=None
[2024-06-24T16:22:45.862+0000] {processor.py:179} INFO - Processing /usr/local/python/3.10.13/lib/python3.10/site-packages/airflow/example_dags/example_dag_decorator.py took 0.155 seconds
[2024-06-24T16:23:29.690+0000] {processor.py:157} INFO - Started process (PID=26051) to work on /usr/local/python/3.10.13/lib/python3.10/site-packages/airflow/example_dags/example_dag_decorator.py
[2024-06-24T16:23:29.691+0000] {processor.py:826} INFO - Processing file /usr/local/python/3.10.13/lib/python3.10/site-packages/airflow/example_dags/example_dag_decorator.py for tasks to queue
[2024-06-24T16:23:29.691+0000] {logging_mixin.py:150} INFO - [2024-06-24T16:23:29.691+0000] {dagbag.py:541} INFO - Filling up the DagBag from /usr/local/python/3.10.13/lib/python3.10/site-packages/airflow/example_dags/example_dag_decorator.py
[2024-06-24T16:23:29.700+0000] {processor.py:836} INFO - DAG(s) dict_keys(['example_dag_decorator']) retrieved from /usr/local/python/3.10.13/lib/python3.10/site-packages/airflow/example_dags/example_dag_decorator.py
[2024-06-24T16:23:29.801+0000] {logging_mixin.py:150} INFO - [2024-06-24T16:23:29.801+0000] {dag.py:2742} INFO - Sync 1 DAGs
[2024-06-24T16:23:29.815+0000] {logging_mixin.py:150} INFO - [2024-06-24T16:23:29.815+0000] {dag.py:3504} INFO - Setting next_dagrun for example_dag_decorator to None, run_after=None
[2024-06-24T16:23:29.860+0000] {processor.py:179} INFO - Processing /usr/local/python/3.10.13/lib/python3.10/site-packages/airflow/example_dags/example_dag_decorator.py took 0.172 seconds
[2024-06-24T16:24:27.064+0000] {processor.py:157} INFO - Started process (PID=26460) to work on /usr/local/python/3.10.13/lib/python3.10/site-packages/airflow/example_dags/example_dag_decorator.py
[2024-06-24T16:24:27.064+0000] {processor.py:826} INFO - Processing file /usr/local/python/3.10.13/lib/python3.10/site-packages/airflow/example_dags/example_dag_decorator.py for tasks to queue
[2024-06-24T16:24:27.065+0000] {logging_mixin.py:150} INFO - [2024-06-24T16:24:27.065+0000] {dagbag.py:541} INFO - Filling up the DagBag from /usr/local/python/3.10.13/lib/python3.10/site-packages/airflow/example_dags/example_dag_decorator.py
[2024-06-24T16:24:27.074+0000] {processor.py:836} INFO - DAG(s) dict_keys(['example_dag_decorator']) retrieved from /usr/local/python/3.10.13/lib/python3.10/site-packages/airflow/example_dags/example_dag_decorator.py
[2024-06-24T16:24:27.160+0000] {logging_mixin.py:150} INFO - [2024-06-24T16:24:27.160+0000] {dag.py:2742} INFO - Sync 1 DAGs
[2024-06-24T16:24:27.173+0000] {logging_mixin.py:150} INFO - [2024-06-24T16:24:27.173+0000] {dag.py:3504} INFO - Setting next_dagrun for example_dag_decorator to None, run_after=None
[2024-06-24T16:24:27.215+0000] {processor.py:179} INFO - Processing /usr/local/python/3.10.13/lib/python3.10/site-packages/airflow/example_dags/example_dag_decorator.py took 0.154 seconds
[2024-06-24T16:25:17.151+0000] {processor.py:157} INFO - Started process (PID=26802) to work on /usr/local/python/3.10.13/lib/python3.10/site-packages/airflow/example_dags/example_dag_decorator.py
[2024-06-24T16:25:17.152+0000] {processor.py:826} INFO - Processing file /usr/local/python/3.10.13/lib/python3.10/site-packages/airflow/example_dags/example_dag_decorator.py for tasks to queue
[2024-06-24T16:25:17.152+0000] {logging_mixin.py:150} INFO - [2024-06-24T16:25:17.152+0000] {dagbag.py:541} INFO - Filling up the DagBag from /usr/local/python/3.10.13/lib/python3.10/site-packages/airflow/example_dags/example_dag_decorator.py
[2024-06-24T16:25:17.161+0000] {processor.py:836} INFO - DAG(s) dict_keys(['example_dag_decorator']) retrieved from /usr/local/python/3.10.13/lib/python3.10/site-packages/airflow/example_dags/example_dag_decorator.py
[2024-06-24T16:25:17.248+0000] {logging_mixin.py:150} INFO - [2024-06-24T16:25:17.247+0000] {dag.py:2742} INFO - Sync 1 DAGs
[2024-06-24T16:25:17.262+0000] {logging_mixin.py:150} INFO - [2024-06-24T16:25:17.262+0000] {dag.py:3504} INFO - Setting next_dagrun for example_dag_decorator to None, run_after=None
[2024-06-24T16:25:17.300+0000] {processor.py:179} INFO - Processing /usr/local/python/3.10.13/lib/python3.10/site-packages/airflow/example_dags/example_dag_decorator.py took 0.151 seconds
[2024-06-24T16:26:04.763+0000] {processor.py:157} INFO - Started process (PID=27117) to work on /usr/local/python/3.10.13/lib/python3.10/site-packages/airflow/example_dags/example_dag_decorator.py
[2024-06-24T16:26:04.764+0000] {processor.py:826} INFO - Processing file /usr/local/python/3.10.13/lib/python3.10/site-packages/airflow/example_dags/example_dag_decorator.py for tasks to queue
[2024-06-24T16:26:04.764+0000] {logging_mixin.py:150} INFO - [2024-06-24T16:26:04.764+0000] {dagbag.py:541} INFO - Filling up the DagBag from /usr/local/python/3.10.13/lib/python3.10/site-packages/airflow/example_dags/example_dag_decorator.py
[2024-06-24T16:26:04.773+0000] {processor.py:836} INFO - DAG(s) dict_keys(['example_dag_decorator']) retrieved from /usr/local/python/3.10.13/lib/python3.10/site-packages/airflow/example_dags/example_dag_decorator.py
[2024-06-24T16:26:04.855+0000] {logging_mixin.py:150} INFO - [2024-06-24T16:26:04.855+0000] {dag.py:2742} INFO - Sync 1 DAGs
[2024-06-24T16:26:04.869+0000] {logging_mixin.py:150} INFO - [2024-06-24T16:26:04.869+0000] {dag.py:3504} INFO - Setting next_dagrun for example_dag_decorator to None, run_after=None
[2024-06-24T16:26:04.918+0000] {processor.py:179} INFO - Processing /usr/local/python/3.10.13/lib/python3.10/site-packages/airflow/example_dags/example_dag_decorator.py took 0.157 seconds
[2024-06-24T16:26:49.222+0000] {processor.py:157} INFO - Started process (PID=27438) to work on /usr/local/python/3.10.13/lib/python3.10/site-packages/airflow/example_dags/example_dag_decorator.py
[2024-06-24T16:26:49.223+0000] {processor.py:826} INFO - Processing file /usr/local/python/3.10.13/lib/python3.10/site-packages/airflow/example_dags/example_dag_decorator.py for tasks to queue
[2024-06-24T16:26:49.224+0000] {logging_mixin.py:150} INFO - [2024-06-24T16:26:49.223+0000] {dagbag.py:541} INFO - Filling up the DagBag from /usr/local/python/3.10.13/lib/python3.10/site-packages/airflow/example_dags/example_dag_decorator.py
[2024-06-24T16:26:49.233+0000] {processor.py:836} INFO - DAG(s) dict_keys(['example_dag_decorator']) retrieved from /usr/local/python/3.10.13/lib/python3.10/site-packages/airflow/example_dags/example_dag_decorator.py
[2024-06-24T16:26:49.320+0000] {logging_mixin.py:150} INFO - [2024-06-24T16:26:49.319+0000] {dag.py:2742} INFO - Sync 1 DAGs
[2024-06-24T16:26:49.334+0000] {logging_mixin.py:150} INFO - [2024-06-24T16:26:49.334+0000] {dag.py:3504} INFO - Setting next_dagrun for example_dag_decorator to None, run_after=None
[2024-06-24T16:26:49.370+0000] {processor.py:179} INFO - Processing /usr/local/python/3.10.13/lib/python3.10/site-packages/airflow/example_dags/example_dag_decorator.py took 0.150 seconds
[2024-06-24T16:27:38.048+0000] {processor.py:157} INFO - Started process (PID=27763) to work on /usr/local/python/3.10.13/lib/python3.10/site-packages/airflow/example_dags/example_dag_decorator.py
[2024-06-24T16:27:38.049+0000] {processor.py:826} INFO - Processing file /usr/local/python/3.10.13/lib/python3.10/site-packages/airflow/example_dags/example_dag_decorator.py for tasks to queue
[2024-06-24T16:27:38.050+0000] {logging_mixin.py:150} INFO - [2024-06-24T16:27:38.049+0000] {dagbag.py:541} INFO - Filling up the DagBag from /usr/local/python/3.10.13/lib/python3.10/site-packages/airflow/example_dags/example_dag_decorator.py
[2024-06-24T16:27:38.059+0000] {processor.py:836} INFO - DAG(s) dict_keys(['example_dag_decorator']) retrieved from /usr/local/python/3.10.13/lib/python3.10/site-packages/airflow/example_dags/example_dag_decorator.py
[2024-06-24T16:27:38.145+0000] {logging_mixin.py:150} INFO - [2024-06-24T16:27:38.145+0000] {dag.py:2742} INFO - Sync 1 DAGs
[2024-06-24T16:27:38.159+0000] {logging_mixin.py:150} INFO - [2024-06-24T16:27:38.159+0000] {dag.py:3504} INFO - Setting next_dagrun for example_dag_decorator to None, run_after=None
[2024-06-24T16:27:38.198+0000] {processor.py:179} INFO - Processing /usr/local/python/3.10.13/lib/python3.10/site-packages/airflow/example_dags/example_dag_decorator.py took 0.152 seconds
[2024-06-24T16:28:35.151+0000] {processor.py:157} INFO - Started process (PID=28173) to work on /usr/local/python/3.10.13/lib/python3.10/site-packages/airflow/example_dags/example_dag_decorator.py
[2024-06-24T16:28:35.152+0000] {processor.py:826} INFO - Processing file /usr/local/python/3.10.13/lib/python3.10/site-packages/airflow/example_dags/example_dag_decorator.py for tasks to queue
[2024-06-24T16:28:35.152+0000] {logging_mixin.py:150} INFO - [2024-06-24T16:28:35.152+0000] {dagbag.py:541} INFO - Filling up the DagBag from /usr/local/python/3.10.13/lib/python3.10/site-packages/airflow/example_dags/example_dag_decorator.py
[2024-06-24T16:28:35.161+0000] {processor.py:836} INFO - DAG(s) dict_keys(['example_dag_decorator']) retrieved from /usr/local/python/3.10.13/lib/python3.10/site-packages/airflow/example_dags/example_dag_decorator.py
[2024-06-24T16:28:35.244+0000] {logging_mixin.py:150} INFO - [2024-06-24T16:28:35.244+0000] {dag.py:2742} INFO - Sync 1 DAGs
[2024-06-24T16:28:35.258+0000] {logging_mixin.py:150} INFO - [2024-06-24T16:28:35.258+0000] {dag.py:3504} INFO - Setting next_dagrun for example_dag_decorator to None, run_after=None
[2024-06-24T16:28:35.296+0000] {processor.py:179} INFO - Processing /usr/local/python/3.10.13/lib/python3.10/site-packages/airflow/example_dags/example_dag_decorator.py took 0.147 seconds
[2024-06-24T16:29:24.066+0000] {processor.py:157} INFO - Started process (PID=28514) to work on /usr/local/python/3.10.13/lib/python3.10/site-packages/airflow/example_dags/example_dag_decorator.py
[2024-06-24T16:29:24.066+0000] {processor.py:826} INFO - Processing file /usr/local/python/3.10.13/lib/python3.10/site-packages/airflow/example_dags/example_dag_decorator.py for tasks to queue
[2024-06-24T16:29:24.067+0000] {logging_mixin.py:150} INFO - [2024-06-24T16:29:24.067+0000] {dagbag.py:541} INFO - Filling up the DagBag from /usr/local/python/3.10.13/lib/python3.10/site-packages/airflow/example_dags/example_dag_decorator.py
[2024-06-24T16:29:24.076+0000] {processor.py:836} INFO - DAG(s) dict_keys(['example_dag_decorator']) retrieved from /usr/local/python/3.10.13/lib/python3.10/site-packages/airflow/example_dags/example_dag_decorator.py
[2024-06-24T16:29:24.158+0000] {logging_mixin.py:150} INFO - [2024-06-24T16:29:24.158+0000] {dag.py:2742} INFO - Sync 1 DAGs
[2024-06-24T16:29:24.172+0000] {logging_mixin.py:150} INFO - [2024-06-24T16:29:24.172+0000] {dag.py:3504} INFO - Setting next_dagrun for example_dag_decorator to None, run_after=None
[2024-06-24T16:29:24.223+0000] {processor.py:179} INFO - Processing /usr/local/python/3.10.13/lib/python3.10/site-packages/airflow/example_dags/example_dag_decorator.py took 0.160 seconds
[2024-06-24T16:30:10.847+0000] {processor.py:157} INFO - Started process (PID=28831) to work on /usr/local/python/3.10.13/lib/python3.10/site-packages/airflow/example_dags/example_dag_decorator.py
[2024-06-24T16:30:10.847+0000] {processor.py:826} INFO - Processing file /usr/local/python/3.10.13/lib/python3.10/site-packages/airflow/example_dags/example_dag_decorator.py for tasks to queue
[2024-06-24T16:30:10.848+0000] {logging_mixin.py:150} INFO - [2024-06-24T16:30:10.848+0000] {dagbag.py:541} INFO - Filling up the DagBag from /usr/local/python/3.10.13/lib/python3.10/site-packages/airflow/example_dags/example_dag_decorator.py
[2024-06-24T16:30:10.857+0000] {processor.py:836} INFO - DAG(s) dict_keys(['example_dag_decorator']) retrieved from /usr/local/python/3.10.13/lib/python3.10/site-packages/airflow/example_dags/example_dag_decorator.py
[2024-06-24T16:30:10.938+0000] {logging_mixin.py:150} INFO - [2024-06-24T16:30:10.938+0000] {dag.py:2742} INFO - Sync 1 DAGs
[2024-06-24T16:30:10.952+0000] {logging_mixin.py:150} INFO - [2024-06-24T16:30:10.951+0000] {dag.py:3504} INFO - Setting next_dagrun for example_dag_decorator to None, run_after=None
[2024-06-24T16:30:10.990+0000] {processor.py:179} INFO - Processing /usr/local/python/3.10.13/lib/python3.10/site-packages/airflow/example_dags/example_dag_decorator.py took 0.146 seconds
[2024-06-24T16:30:59.777+0000] {processor.py:157} INFO - Started process (PID=29175) to work on /usr/local/python/3.10.13/lib/python3.10/site-packages/airflow/example_dags/example_dag_decorator.py
[2024-06-24T16:30:59.778+0000] {processor.py:826} INFO - Processing file /usr/local/python/3.10.13/lib/python3.10/site-packages/airflow/example_dags/example_dag_decorator.py for tasks to queue
[2024-06-24T16:30:59.778+0000] {logging_mixin.py:150} INFO - [2024-06-24T16:30:59.778+0000] {dagbag.py:541} INFO - Filling up the DagBag from /usr/local/python/3.10.13/lib/python3.10/site-packages/airflow/example_dags/example_dag_decorator.py
[2024-06-24T16:30:59.787+0000] {processor.py:836} INFO - DAG(s) dict_keys(['example_dag_decorator']) retrieved from /usr/local/python/3.10.13/lib/python3.10/site-packages/airflow/example_dags/example_dag_decorator.py
[2024-06-24T16:30:59.866+0000] {logging_mixin.py:150} INFO - [2024-06-24T16:30:59.866+0000] {dag.py:2742} INFO - Sync 1 DAGs
[2024-06-24T16:30:59.880+0000] {logging_mixin.py:150} INFO - [2024-06-24T16:30:59.880+0000] {dag.py:3504} INFO - Setting next_dagrun for example_dag_decorator to None, run_after=None
[2024-06-24T16:30:59.920+0000] {processor.py:179} INFO - Processing /usr/local/python/3.10.13/lib/python3.10/site-packages/airflow/example_dags/example_dag_decorator.py took 0.146 seconds
[2024-06-24T17:08:27.607+0000] {processor.py:157} INFO - Started process (PID=9657) to work on /usr/local/python/3.10.13/lib/python3.10/site-packages/airflow/example_dags/example_dag_decorator.py
[2024-06-24T17:08:27.607+0000] {processor.py:826} INFO - Processing file /usr/local/python/3.10.13/lib/python3.10/site-packages/airflow/example_dags/example_dag_decorator.py for tasks to queue
[2024-06-24T17:08:27.608+0000] {logging_mixin.py:150} INFO - [2024-06-24T17:08:27.608+0000] {dagbag.py:541} INFO - Filling up the DagBag from /usr/local/python/3.10.13/lib/python3.10/site-packages/airflow/example_dags/example_dag_decorator.py
[2024-06-24T17:08:27.617+0000] {processor.py:836} INFO - DAG(s) dict_keys(['example_dag_decorator']) retrieved from /usr/local/python/3.10.13/lib/python3.10/site-packages/airflow/example_dags/example_dag_decorator.py
[2024-06-24T17:08:27.698+0000] {logging_mixin.py:150} INFO - [2024-06-24T17:08:27.697+0000] {dag.py:2742} INFO - Sync 1 DAGs
[2024-06-24T17:08:27.711+0000] {logging_mixin.py:150} INFO - [2024-06-24T17:08:27.711+0000] {dag.py:3504} INFO - Setting next_dagrun for example_dag_decorator to None, run_after=None
[2024-06-24T17:08:27.751+0000] {processor.py:179} INFO - Processing /usr/local/python/3.10.13/lib/python3.10/site-packages/airflow/example_dags/example_dag_decorator.py took 0.146 seconds
[2024-06-24T17:09:21.864+0000] {processor.py:157} INFO - Started process (PID=10025) to work on /usr/local/python/3.10.13/lib/python3.10/site-packages/airflow/example_dags/example_dag_decorator.py
[2024-06-24T17:09:21.865+0000] {processor.py:826} INFO - Processing file /usr/local/python/3.10.13/lib/python3.10/site-packages/airflow/example_dags/example_dag_decorator.py for tasks to queue
[2024-06-24T17:09:21.865+0000] {logging_mixin.py:150} INFO - [2024-06-24T17:09:21.865+0000] {dagbag.py:541} INFO - Filling up the DagBag from /usr/local/python/3.10.13/lib/python3.10/site-packages/airflow/example_dags/example_dag_decorator.py
[2024-06-24T17:09:21.874+0000] {processor.py:836} INFO - DAG(s) dict_keys(['example_dag_decorator']) retrieved from /usr/local/python/3.10.13/lib/python3.10/site-packages/airflow/example_dags/example_dag_decorator.py
[2024-06-24T17:09:21.958+0000] {logging_mixin.py:150} INFO - [2024-06-24T17:09:21.958+0000] {dag.py:2742} INFO - Sync 1 DAGs
[2024-06-24T17:09:21.981+0000] {logging_mixin.py:150} INFO - [2024-06-24T17:09:21.981+0000] {dag.py:3504} INFO - Setting next_dagrun for example_dag_decorator to None, run_after=None
[2024-06-24T17:09:22.028+0000] {processor.py:179} INFO - Processing /usr/local/python/3.10.13/lib/python3.10/site-packages/airflow/example_dags/example_dag_decorator.py took 0.166 seconds
[2024-06-24T17:10:14.133+0000] {processor.py:157} INFO - Started process (PID=10399) to work on /usr/local/python/3.10.13/lib/python3.10/site-packages/airflow/example_dags/example_dag_decorator.py
[2024-06-24T17:10:14.134+0000] {processor.py:826} INFO - Processing file /usr/local/python/3.10.13/lib/python3.10/site-packages/airflow/example_dags/example_dag_decorator.py for tasks to queue
[2024-06-24T17:10:14.135+0000] {logging_mixin.py:150} INFO - [2024-06-24T17:10:14.135+0000] {dagbag.py:541} INFO - Filling up the DagBag from /usr/local/python/3.10.13/lib/python3.10/site-packages/airflow/example_dags/example_dag_decorator.py
[2024-06-24T17:10:14.149+0000] {processor.py:836} INFO - DAG(s) dict_keys(['example_dag_decorator']) retrieved from /usr/local/python/3.10.13/lib/python3.10/site-packages/airflow/example_dags/example_dag_decorator.py
[2024-06-24T17:10:14.269+0000] {logging_mixin.py:150} INFO - [2024-06-24T17:10:14.269+0000] {dag.py:2742} INFO - Sync 1 DAGs
[2024-06-24T17:10:14.283+0000] {logging_mixin.py:150} INFO - [2024-06-24T17:10:14.283+0000] {dag.py:3504} INFO - Setting next_dagrun for example_dag_decorator to None, run_after=None
[2024-06-24T17:10:14.325+0000] {processor.py:179} INFO - Processing /usr/local/python/3.10.13/lib/python3.10/site-packages/airflow/example_dags/example_dag_decorator.py took 0.198 seconds
[2024-06-24T17:11:11.977+0000] {processor.py:157} INFO - Started process (PID=10840) to work on /usr/local/python/3.10.13/lib/python3.10/site-packages/airflow/example_dags/example_dag_decorator.py
[2024-06-24T17:11:11.978+0000] {processor.py:826} INFO - Processing file /usr/local/python/3.10.13/lib/python3.10/site-packages/airflow/example_dags/example_dag_decorator.py for tasks to queue
[2024-06-24T17:11:11.980+0000] {logging_mixin.py:150} INFO - [2024-06-24T17:11:11.979+0000] {dagbag.py:541} INFO - Filling up the DagBag from /usr/local/python/3.10.13/lib/python3.10/site-packages/airflow/example_dags/example_dag_decorator.py
[2024-06-24T17:11:11.994+0000] {processor.py:836} INFO - DAG(s) dict_keys(['example_dag_decorator']) retrieved from /usr/local/python/3.10.13/lib/python3.10/site-packages/airflow/example_dags/example_dag_decorator.py
[2024-06-24T17:11:12.123+0000] {logging_mixin.py:150} INFO - [2024-06-24T17:11:12.122+0000] {dag.py:2742} INFO - Sync 1 DAGs
[2024-06-24T17:11:12.137+0000] {logging_mixin.py:150} INFO - [2024-06-24T17:11:12.137+0000] {dag.py:3504} INFO - Setting next_dagrun for example_dag_decorator to None, run_after=None
[2024-06-24T17:11:12.186+0000] {processor.py:179} INFO - Processing /usr/local/python/3.10.13/lib/python3.10/site-packages/airflow/example_dags/example_dag_decorator.py took 0.214 seconds
[2024-06-24T17:12:09.645+0000] {processor.py:157} INFO - Started process (PID=11279) to work on /usr/local/python/3.10.13/lib/python3.10/site-packages/airflow/example_dags/example_dag_decorator.py
[2024-06-24T17:12:09.646+0000] {processor.py:826} INFO - Processing file /usr/local/python/3.10.13/lib/python3.10/site-packages/airflow/example_dags/example_dag_decorator.py for tasks to queue
[2024-06-24T17:12:09.646+0000] {logging_mixin.py:150} INFO - [2024-06-24T17:12:09.646+0000] {dagbag.py:541} INFO - Filling up the DagBag from /usr/local/python/3.10.13/lib/python3.10/site-packages/airflow/example_dags/example_dag_decorator.py
[2024-06-24T17:12:09.655+0000] {processor.py:836} INFO - DAG(s) dict_keys(['example_dag_decorator']) retrieved from /usr/local/python/3.10.13/lib/python3.10/site-packages/airflow/example_dags/example_dag_decorator.py
[2024-06-24T17:12:09.739+0000] {logging_mixin.py:150} INFO - [2024-06-24T17:12:09.738+0000] {dag.py:2742} INFO - Sync 1 DAGs
[2024-06-24T17:12:09.754+0000] {logging_mixin.py:150} INFO - [2024-06-24T17:12:09.754+0000] {dag.py:3504} INFO - Setting next_dagrun for example_dag_decorator to None, run_after=None
[2024-06-24T17:12:09.798+0000] {processor.py:179} INFO - Processing /usr/local/python/3.10.13/lib/python3.10/site-packages/airflow/example_dags/example_dag_decorator.py took 0.155 seconds
[2024-06-24T17:13:02.888+0000] {processor.py:157} INFO - Started process (PID=11689) to work on /usr/local/python/3.10.13/lib/python3.10/site-packages/airflow/example_dags/example_dag_decorator.py
[2024-06-24T17:13:02.889+0000] {processor.py:826} INFO - Processing file /usr/local/python/3.10.13/lib/python3.10/site-packages/airflow/example_dags/example_dag_decorator.py for tasks to queue
[2024-06-24T17:13:02.890+0000] {logging_mixin.py:150} INFO - [2024-06-24T17:13:02.889+0000] {dagbag.py:541} INFO - Filling up the DagBag from /usr/local/python/3.10.13/lib/python3.10/site-packages/airflow/example_dags/example_dag_decorator.py
[2024-06-24T17:13:02.899+0000] {processor.py:836} INFO - DAG(s) dict_keys(['example_dag_decorator']) retrieved from /usr/local/python/3.10.13/lib/python3.10/site-packages/airflow/example_dags/example_dag_decorator.py
[2024-06-24T17:13:02.992+0000] {logging_mixin.py:150} INFO - [2024-06-24T17:13:02.992+0000] {dag.py:2742} INFO - Sync 1 DAGs
[2024-06-24T17:13:03.015+0000] {logging_mixin.py:150} INFO - [2024-06-24T17:13:03.015+0000] {dag.py:3504} INFO - Setting next_dagrun for example_dag_decorator to None, run_after=None
[2024-06-24T17:13:03.066+0000] {processor.py:179} INFO - Processing /usr/local/python/3.10.13/lib/python3.10/site-packages/airflow/example_dags/example_dag_decorator.py took 0.180 seconds
[2024-06-24T17:13:48.705+0000] {processor.py:157} INFO - Started process (PID=12056) to work on /usr/local/python/3.10.13/lib/python3.10/site-packages/airflow/example_dags/example_dag_decorator.py
[2024-06-24T17:13:48.706+0000] {processor.py:826} INFO - Processing file /usr/local/python/3.10.13/lib/python3.10/site-packages/airflow/example_dags/example_dag_decorator.py for tasks to queue
[2024-06-24T17:13:48.707+0000] {logging_mixin.py:150} INFO - [2024-06-24T17:13:48.706+0000] {dagbag.py:541} INFO - Filling up the DagBag from /usr/local/python/3.10.13/lib/python3.10/site-packages/airflow/example_dags/example_dag_decorator.py
[2024-06-24T17:13:48.716+0000] {processor.py:836} INFO - DAG(s) dict_keys(['example_dag_decorator']) retrieved from /usr/local/python/3.10.13/lib/python3.10/site-packages/airflow/example_dags/example_dag_decorator.py
[2024-06-24T17:13:48.798+0000] {logging_mixin.py:150} INFO - [2024-06-24T17:13:48.798+0000] {dag.py:2742} INFO - Sync 1 DAGs
[2024-06-24T17:13:48.813+0000] {logging_mixin.py:150} INFO - [2024-06-24T17:13:48.813+0000] {dag.py:3504} INFO - Setting next_dagrun for example_dag_decorator to None, run_after=None
[2024-06-24T17:13:48.852+0000] {processor.py:179} INFO - Processing /usr/local/python/3.10.13/lib/python3.10/site-packages/airflow/example_dags/example_dag_decorator.py took 0.149 seconds
[2024-06-24T17:14:35.390+0000] {processor.py:157} INFO - Started process (PID=12403) to work on /usr/local/python/3.10.13/lib/python3.10/site-packages/airflow/example_dags/example_dag_decorator.py
[2024-06-24T17:14:35.391+0000] {processor.py:826} INFO - Processing file /usr/local/python/3.10.13/lib/python3.10/site-packages/airflow/example_dags/example_dag_decorator.py for tasks to queue
[2024-06-24T17:14:35.392+0000] {logging_mixin.py:150} INFO - [2024-06-24T17:14:35.391+0000] {dagbag.py:541} INFO - Filling up the DagBag from /usr/local/python/3.10.13/lib/python3.10/site-packages/airflow/example_dags/example_dag_decorator.py
[2024-06-24T17:14:35.400+0000] {processor.py:836} INFO - DAG(s) dict_keys(['example_dag_decorator']) retrieved from /usr/local/python/3.10.13/lib/python3.10/site-packages/airflow/example_dags/example_dag_decorator.py
[2024-06-24T17:14:35.483+0000] {logging_mixin.py:150} INFO - [2024-06-24T17:14:35.482+0000] {dag.py:2742} INFO - Sync 1 DAGs
[2024-06-24T17:14:35.496+0000] {logging_mixin.py:150} INFO - [2024-06-24T17:14:35.496+0000] {dag.py:3504} INFO - Setting next_dagrun for example_dag_decorator to None, run_after=None
[2024-06-24T17:14:35.556+0000] {processor.py:179} INFO - Processing /usr/local/python/3.10.13/lib/python3.10/site-packages/airflow/example_dags/example_dag_decorator.py took 0.168 seconds
[2024-06-24T17:15:22.392+0000] {processor.py:157} INFO - Started process (PID=12776) to work on /usr/local/python/3.10.13/lib/python3.10/site-packages/airflow/example_dags/example_dag_decorator.py
[2024-06-24T17:15:22.393+0000] {processor.py:826} INFO - Processing file /usr/local/python/3.10.13/lib/python3.10/site-packages/airflow/example_dags/example_dag_decorator.py for tasks to queue
[2024-06-24T17:15:22.393+0000] {logging_mixin.py:150} INFO - [2024-06-24T17:15:22.393+0000] {dagbag.py:541} INFO - Filling up the DagBag from /usr/local/python/3.10.13/lib/python3.10/site-packages/airflow/example_dags/example_dag_decorator.py
[2024-06-24T17:15:22.402+0000] {processor.py:836} INFO - DAG(s) dict_keys(['example_dag_decorator']) retrieved from /usr/local/python/3.10.13/lib/python3.10/site-packages/airflow/example_dags/example_dag_decorator.py
[2024-06-24T17:15:22.483+0000] {logging_mixin.py:150} INFO - [2024-06-24T17:15:22.483+0000] {dag.py:2742} INFO - Sync 1 DAGs
[2024-06-24T17:15:22.497+0000] {logging_mixin.py:150} INFO - [2024-06-24T17:15:22.496+0000] {dag.py:3504} INFO - Setting next_dagrun for example_dag_decorator to None, run_after=None
[2024-06-24T17:15:22.540+0000] {processor.py:179} INFO - Processing /usr/local/python/3.10.13/lib/python3.10/site-packages/airflow/example_dags/example_dag_decorator.py took 0.151 seconds
[2024-06-24T17:16:11.995+0000] {processor.py:157} INFO - Started process (PID=13136) to work on /usr/local/python/3.10.13/lib/python3.10/site-packages/airflow/example_dags/example_dag_decorator.py
[2024-06-24T17:16:11.996+0000] {processor.py:826} INFO - Processing file /usr/local/python/3.10.13/lib/python3.10/site-packages/airflow/example_dags/example_dag_decorator.py for tasks to queue
[2024-06-24T17:16:11.996+0000] {logging_mixin.py:150} INFO - [2024-06-24T17:16:11.996+0000] {dagbag.py:541} INFO - Filling up the DagBag from /usr/local/python/3.10.13/lib/python3.10/site-packages/airflow/example_dags/example_dag_decorator.py
[2024-06-24T17:16:12.005+0000] {processor.py:836} INFO - DAG(s) dict_keys(['example_dag_decorator']) retrieved from /usr/local/python/3.10.13/lib/python3.10/site-packages/airflow/example_dags/example_dag_decorator.py
[2024-06-24T17:16:12.086+0000] {logging_mixin.py:150} INFO - [2024-06-24T17:16:12.086+0000] {dag.py:2742} INFO - Sync 1 DAGs
[2024-06-24T17:16:12.099+0000] {logging_mixin.py:150} INFO - [2024-06-24T17:16:12.099+0000] {dag.py:3504} INFO - Setting next_dagrun for example_dag_decorator to None, run_after=None
[2024-06-24T17:16:12.140+0000] {processor.py:179} INFO - Processing /usr/local/python/3.10.13/lib/python3.10/site-packages/airflow/example_dags/example_dag_decorator.py took 0.148 seconds
[2024-06-24T17:17:01.973+0000] {processor.py:157} INFO - Started process (PID=13527) to work on /usr/local/python/3.10.13/lib/python3.10/site-packages/airflow/example_dags/example_dag_decorator.py
[2024-06-24T17:17:01.973+0000] {processor.py:826} INFO - Processing file /usr/local/python/3.10.13/lib/python3.10/site-packages/airflow/example_dags/example_dag_decorator.py for tasks to queue
[2024-06-24T17:17:01.974+0000] {logging_mixin.py:150} INFO - [2024-06-24T17:17:01.974+0000] {dagbag.py:541} INFO - Filling up the DagBag from /usr/local/python/3.10.13/lib/python3.10/site-packages/airflow/example_dags/example_dag_decorator.py
[2024-06-24T17:17:01.983+0000] {processor.py:836} INFO - DAG(s) dict_keys(['example_dag_decorator']) retrieved from /usr/local/python/3.10.13/lib/python3.10/site-packages/airflow/example_dags/example_dag_decorator.py
[2024-06-24T17:17:02.065+0000] {logging_mixin.py:150} INFO - [2024-06-24T17:17:02.065+0000] {dag.py:2742} INFO - Sync 1 DAGs
[2024-06-24T17:17:02.081+0000] {logging_mixin.py:150} INFO - [2024-06-24T17:17:02.081+0000] {dag.py:3504} INFO - Setting next_dagrun for example_dag_decorator to None, run_after=None
[2024-06-24T17:17:02.180+0000] {processor.py:179} INFO - Processing /usr/local/python/3.10.13/lib/python3.10/site-packages/airflow/example_dags/example_dag_decorator.py took 0.209 seconds
[2024-06-24T17:17:56.791+0000] {processor.py:157} INFO - Started process (PID=13904) to work on /usr/local/python/3.10.13/lib/python3.10/site-packages/airflow/example_dags/example_dag_decorator.py
[2024-06-24T17:17:56.792+0000] {processor.py:826} INFO - Processing file /usr/local/python/3.10.13/lib/python3.10/site-packages/airflow/example_dags/example_dag_decorator.py for tasks to queue
[2024-06-24T17:17:56.793+0000] {logging_mixin.py:150} INFO - [2024-06-24T17:17:56.793+0000] {dagbag.py:541} INFO - Filling up the DagBag from /usr/local/python/3.10.13/lib/python3.10/site-packages/airflow/example_dags/example_dag_decorator.py
[2024-06-24T17:17:56.803+0000] {processor.py:836} INFO - DAG(s) dict_keys(['example_dag_decorator']) retrieved from /usr/local/python/3.10.13/lib/python3.10/site-packages/airflow/example_dags/example_dag_decorator.py
[2024-06-24T17:17:57.569+0000] {logging_mixin.py:150} INFO - [2024-06-24T17:17:57.569+0000] {dag.py:2742} INFO - Sync 1 DAGs
[2024-06-24T17:17:57.623+0000] {logging_mixin.py:150} INFO - [2024-06-24T17:17:57.623+0000] {dag.py:3504} INFO - Setting next_dagrun for example_dag_decorator to None, run_after=None
[2024-06-24T17:17:57.662+0000] {processor.py:179} INFO - Processing /usr/local/python/3.10.13/lib/python3.10/site-packages/airflow/example_dags/example_dag_decorator.py took 0.874 seconds
[2024-06-24T17:19:06.321+0000] {processor.py:157} INFO - Started process (PID=14414) to work on /usr/local/python/3.10.13/lib/python3.10/site-packages/airflow/example_dags/example_dag_decorator.py
[2024-06-24T17:19:06.322+0000] {processor.py:826} INFO - Processing file /usr/local/python/3.10.13/lib/python3.10/site-packages/airflow/example_dags/example_dag_decorator.py for tasks to queue
[2024-06-24T17:19:06.323+0000] {logging_mixin.py:150} INFO - [2024-06-24T17:19:06.323+0000] {dagbag.py:541} INFO - Filling up the DagBag from /usr/local/python/3.10.13/lib/python3.10/site-packages/airflow/example_dags/example_dag_decorator.py
[2024-06-24T17:19:06.331+0000] {processor.py:836} INFO - DAG(s) dict_keys(['example_dag_decorator']) retrieved from /usr/local/python/3.10.13/lib/python3.10/site-packages/airflow/example_dags/example_dag_decorator.py
[2024-06-24T17:19:06.411+0000] {logging_mixin.py:150} INFO - [2024-06-24T17:19:06.411+0000] {dag.py:2742} INFO - Sync 1 DAGs
[2024-06-24T17:19:06.426+0000] {logging_mixin.py:150} INFO - [2024-06-24T17:19:06.426+0000] {dag.py:3504} INFO - Setting next_dagrun for example_dag_decorator to None, run_after=None
[2024-06-24T17:19:06.468+0000] {processor.py:179} INFO - Processing /usr/local/python/3.10.13/lib/python3.10/site-packages/airflow/example_dags/example_dag_decorator.py took 0.149 seconds
[2024-06-24T17:20:02.752+0000] {processor.py:157} INFO - Started process (PID=14839) to work on /usr/local/python/3.10.13/lib/python3.10/site-packages/airflow/example_dags/example_dag_decorator.py
[2024-06-24T17:20:02.752+0000] {processor.py:826} INFO - Processing file /usr/local/python/3.10.13/lib/python3.10/site-packages/airflow/example_dags/example_dag_decorator.py for tasks to queue
[2024-06-24T17:20:02.753+0000] {logging_mixin.py:150} INFO - [2024-06-24T17:20:02.753+0000] {dagbag.py:541} INFO - Filling up the DagBag from /usr/local/python/3.10.13/lib/python3.10/site-packages/airflow/example_dags/example_dag_decorator.py
[2024-06-24T17:20:02.762+0000] {processor.py:836} INFO - DAG(s) dict_keys(['example_dag_decorator']) retrieved from /usr/local/python/3.10.13/lib/python3.10/site-packages/airflow/example_dags/example_dag_decorator.py
[2024-06-24T17:20:02.847+0000] {logging_mixin.py:150} INFO - [2024-06-24T17:20:02.847+0000] {dag.py:2742} INFO - Sync 1 DAGs
[2024-06-24T17:20:02.861+0000] {logging_mixin.py:150} INFO - [2024-06-24T17:20:02.861+0000] {dag.py:3504} INFO - Setting next_dagrun for example_dag_decorator to None, run_after=None
[2024-06-24T17:20:02.906+0000] {processor.py:179} INFO - Processing /usr/local/python/3.10.13/lib/python3.10/site-packages/airflow/example_dags/example_dag_decorator.py took 0.157 seconds
[2024-06-24T17:21:03.333+0000] {processor.py:157} INFO - Started process (PID=15256) to work on /usr/local/python/3.10.13/lib/python3.10/site-packages/airflow/example_dags/example_dag_decorator.py
[2024-06-24T17:21:03.334+0000] {processor.py:826} INFO - Processing file /usr/local/python/3.10.13/lib/python3.10/site-packages/airflow/example_dags/example_dag_decorator.py for tasks to queue
[2024-06-24T17:21:03.334+0000] {logging_mixin.py:150} INFO - [2024-06-24T17:21:03.334+0000] {dagbag.py:541} INFO - Filling up the DagBag from /usr/local/python/3.10.13/lib/python3.10/site-packages/airflow/example_dags/example_dag_decorator.py
[2024-06-24T17:21:03.343+0000] {processor.py:836} INFO - DAG(s) dict_keys(['example_dag_decorator']) retrieved from /usr/local/python/3.10.13/lib/python3.10/site-packages/airflow/example_dags/example_dag_decorator.py
[2024-06-24T17:21:03.422+0000] {logging_mixin.py:150} INFO - [2024-06-24T17:21:03.422+0000] {dag.py:2742} INFO - Sync 1 DAGs
[2024-06-24T17:21:03.440+0000] {logging_mixin.py:150} INFO - [2024-06-24T17:21:03.440+0000] {dag.py:3504} INFO - Setting next_dagrun for example_dag_decorator to None, run_after=None
[2024-06-24T17:21:03.483+0000] {processor.py:179} INFO - Processing /usr/local/python/3.10.13/lib/python3.10/site-packages/airflow/example_dags/example_dag_decorator.py took 0.152 seconds
[2024-06-24T17:21:56.432+0000] {processor.py:157} INFO - Started process (PID=15624) to work on /usr/local/python/3.10.13/lib/python3.10/site-packages/airflow/example_dags/example_dag_decorator.py
[2024-06-24T17:21:56.433+0000] {processor.py:826} INFO - Processing file /usr/local/python/3.10.13/lib/python3.10/site-packages/airflow/example_dags/example_dag_decorator.py for tasks to queue
[2024-06-24T17:21:56.433+0000] {logging_mixin.py:150} INFO - [2024-06-24T17:21:56.433+0000] {dagbag.py:541} INFO - Filling up the DagBag from /usr/local/python/3.10.13/lib/python3.10/site-packages/airflow/example_dags/example_dag_decorator.py
[2024-06-24T17:21:56.442+0000] {processor.py:836} INFO - DAG(s) dict_keys(['example_dag_decorator']) retrieved from /usr/local/python/3.10.13/lib/python3.10/site-packages/airflow/example_dags/example_dag_decorator.py
[2024-06-24T17:21:56.533+0000] {logging_mixin.py:150} INFO - [2024-06-24T17:21:56.533+0000] {dag.py:2742} INFO - Sync 1 DAGs
[2024-06-24T17:21:56.555+0000] {logging_mixin.py:150} INFO - [2024-06-24T17:21:56.555+0000] {dag.py:3504} INFO - Setting next_dagrun for example_dag_decorator to None, run_after=None
[2024-06-24T17:21:56.605+0000] {processor.py:179} INFO - Processing /usr/local/python/3.10.13/lib/python3.10/site-packages/airflow/example_dags/example_dag_decorator.py took 0.175 seconds
[2024-06-24T17:22:44.631+0000] {processor.py:157} INFO - Started process (PID=15965) to work on /usr/local/python/3.10.13/lib/python3.10/site-packages/airflow/example_dags/example_dag_decorator.py
[2024-06-24T17:22:44.632+0000] {processor.py:826} INFO - Processing file /usr/local/python/3.10.13/lib/python3.10/site-packages/airflow/example_dags/example_dag_decorator.py for tasks to queue
[2024-06-24T17:22:44.633+0000] {logging_mixin.py:150} INFO - [2024-06-24T17:22:44.632+0000] {dagbag.py:541} INFO - Filling up the DagBag from /usr/local/python/3.10.13/lib/python3.10/site-packages/airflow/example_dags/example_dag_decorator.py
[2024-06-24T17:22:44.641+0000] {processor.py:836} INFO - DAG(s) dict_keys(['example_dag_decorator']) retrieved from /usr/local/python/3.10.13/lib/python3.10/site-packages/airflow/example_dags/example_dag_decorator.py
[2024-06-24T17:22:44.720+0000] {logging_mixin.py:150} INFO - [2024-06-24T17:22:44.720+0000] {dag.py:2742} INFO - Sync 1 DAGs
[2024-06-24T17:22:44.734+0000] {logging_mixin.py:150} INFO - [2024-06-24T17:22:44.734+0000] {dag.py:3504} INFO - Setting next_dagrun for example_dag_decorator to None, run_after=None
[2024-06-24T17:22:44.774+0000] {processor.py:179} INFO - Processing /usr/local/python/3.10.13/lib/python3.10/site-packages/airflow/example_dags/example_dag_decorator.py took 0.145 seconds
[2024-06-24T17:23:39.523+0000] {processor.py:157} INFO - Started process (PID=16357) to work on /usr/local/python/3.10.13/lib/python3.10/site-packages/airflow/example_dags/example_dag_decorator.py
[2024-06-24T17:23:39.524+0000] {processor.py:826} INFO - Processing file /usr/local/python/3.10.13/lib/python3.10/site-packages/airflow/example_dags/example_dag_decorator.py for tasks to queue
[2024-06-24T17:23:39.525+0000] {logging_mixin.py:150} INFO - [2024-06-24T17:23:39.525+0000] {dagbag.py:541} INFO - Filling up the DagBag from /usr/local/python/3.10.13/lib/python3.10/site-packages/airflow/example_dags/example_dag_decorator.py
[2024-06-24T17:23:39.534+0000] {processor.py:836} INFO - DAG(s) dict_keys(['example_dag_decorator']) retrieved from /usr/local/python/3.10.13/lib/python3.10/site-packages/airflow/example_dags/example_dag_decorator.py
[2024-06-24T17:23:39.614+0000] {logging_mixin.py:150} INFO - [2024-06-24T17:23:39.613+0000] {dag.py:2742} INFO - Sync 1 DAGs
[2024-06-24T17:23:39.627+0000] {logging_mixin.py:150} INFO - [2024-06-24T17:23:39.627+0000] {dag.py:3504} INFO - Setting next_dagrun for example_dag_decorator to None, run_after=None
[2024-06-24T17:23:39.668+0000] {processor.py:179} INFO - Processing /usr/local/python/3.10.13/lib/python3.10/site-packages/airflow/example_dags/example_dag_decorator.py took 0.146 seconds
[2024-06-24T17:24:29.206+0000] {processor.py:157} INFO - Started process (PID=16691) to work on /usr/local/python/3.10.13/lib/python3.10/site-packages/airflow/example_dags/example_dag_decorator.py
[2024-06-24T17:24:29.207+0000] {processor.py:826} INFO - Processing file /usr/local/python/3.10.13/lib/python3.10/site-packages/airflow/example_dags/example_dag_decorator.py for tasks to queue
[2024-06-24T17:24:29.208+0000] {logging_mixin.py:150} INFO - [2024-06-24T17:24:29.208+0000] {dagbag.py:541} INFO - Filling up the DagBag from /usr/local/python/3.10.13/lib/python3.10/site-packages/airflow/example_dags/example_dag_decorator.py
[2024-06-24T17:24:29.222+0000] {processor.py:836} INFO - DAG(s) dict_keys(['example_dag_decorator']) retrieved from /usr/local/python/3.10.13/lib/python3.10/site-packages/airflow/example_dags/example_dag_decorator.py
[2024-06-24T17:24:29.369+0000] {logging_mixin.py:150} INFO - [2024-06-24T17:24:29.368+0000] {dag.py:2742} INFO - Sync 1 DAGs
[2024-06-24T17:24:29.391+0000] {logging_mixin.py:150} INFO - [2024-06-24T17:24:29.390+0000] {dag.py:3504} INFO - Setting next_dagrun for example_dag_decorator to None, run_after=None
[2024-06-24T17:24:29.435+0000] {processor.py:179} INFO - Processing /usr/local/python/3.10.13/lib/python3.10/site-packages/airflow/example_dags/example_dag_decorator.py took 0.233 seconds
[2024-06-24T17:25:24.995+0000] {processor.py:157} INFO - Started process (PID=17085) to work on /usr/local/python/3.10.13/lib/python3.10/site-packages/airflow/example_dags/example_dag_decorator.py
[2024-06-24T17:25:24.996+0000] {processor.py:826} INFO - Processing file /usr/local/python/3.10.13/lib/python3.10/site-packages/airflow/example_dags/example_dag_decorator.py for tasks to queue
[2024-06-24T17:25:24.997+0000] {logging_mixin.py:150} INFO - [2024-06-24T17:25:24.996+0000] {dagbag.py:541} INFO - Filling up the DagBag from /usr/local/python/3.10.13/lib/python3.10/site-packages/airflow/example_dags/example_dag_decorator.py
[2024-06-24T17:25:25.005+0000] {processor.py:836} INFO - DAG(s) dict_keys(['example_dag_decorator']) retrieved from /usr/local/python/3.10.13/lib/python3.10/site-packages/airflow/example_dags/example_dag_decorator.py
[2024-06-24T17:25:25.085+0000] {logging_mixin.py:150} INFO - [2024-06-24T17:25:25.085+0000] {dag.py:2742} INFO - Sync 1 DAGs
[2024-06-24T17:25:25.100+0000] {logging_mixin.py:150} INFO - [2024-06-24T17:25:25.100+0000] {dag.py:3504} INFO - Setting next_dagrun for example_dag_decorator to None, run_after=None
[2024-06-24T17:25:25.140+0000] {processor.py:179} INFO - Processing /usr/local/python/3.10.13/lib/python3.10/site-packages/airflow/example_dags/example_dag_decorator.py took 0.147 seconds
[2024-06-24T17:26:15.269+0000] {processor.py:157} INFO - Started process (PID=17440) to work on /usr/local/python/3.10.13/lib/python3.10/site-packages/airflow/example_dags/example_dag_decorator.py
[2024-06-24T17:26:15.270+0000] {processor.py:826} INFO - Processing file /usr/local/python/3.10.13/lib/python3.10/site-packages/airflow/example_dags/example_dag_decorator.py for tasks to queue
[2024-06-24T17:26:15.270+0000] {logging_mixin.py:150} INFO - [2024-06-24T17:26:15.270+0000] {dagbag.py:541} INFO - Filling up the DagBag from /usr/local/python/3.10.13/lib/python3.10/site-packages/airflow/example_dags/example_dag_decorator.py
[2024-06-24T17:26:15.279+0000] {processor.py:836} INFO - DAG(s) dict_keys(['example_dag_decorator']) retrieved from /usr/local/python/3.10.13/lib/python3.10/site-packages/airflow/example_dags/example_dag_decorator.py
[2024-06-24T17:26:15.362+0000] {logging_mixin.py:150} INFO - [2024-06-24T17:26:15.361+0000] {dag.py:2742} INFO - Sync 1 DAGs
[2024-06-24T17:26:15.375+0000] {logging_mixin.py:150} INFO - [2024-06-24T17:26:15.375+0000] {dag.py:3504} INFO - Setting next_dagrun for example_dag_decorator to None, run_after=None
[2024-06-24T17:26:15.414+0000] {processor.py:179} INFO - Processing /usr/local/python/3.10.13/lib/python3.10/site-packages/airflow/example_dags/example_dag_decorator.py took 0.148 seconds
[2024-06-24T17:27:02.439+0000] {processor.py:157} INFO - Started process (PID=17772) to work on /usr/local/python/3.10.13/lib/python3.10/site-packages/airflow/example_dags/example_dag_decorator.py
[2024-06-24T17:27:02.440+0000] {processor.py:826} INFO - Processing file /usr/local/python/3.10.13/lib/python3.10/site-packages/airflow/example_dags/example_dag_decorator.py for tasks to queue
[2024-06-24T17:27:02.440+0000] {logging_mixin.py:150} INFO - [2024-06-24T17:27:02.440+0000] {dagbag.py:541} INFO - Filling up the DagBag from /usr/local/python/3.10.13/lib/python3.10/site-packages/airflow/example_dags/example_dag_decorator.py
[2024-06-24T17:27:02.452+0000] {processor.py:836} INFO - DAG(s) dict_keys(['example_dag_decorator']) retrieved from /usr/local/python/3.10.13/lib/python3.10/site-packages/airflow/example_dags/example_dag_decorator.py
[2024-06-24T17:27:02.552+0000] {logging_mixin.py:150} INFO - [2024-06-24T17:27:02.552+0000] {dag.py:2742} INFO - Sync 1 DAGs
[2024-06-24T17:27:02.566+0000] {logging_mixin.py:150} INFO - [2024-06-24T17:27:02.565+0000] {dag.py:3504} INFO - Setting next_dagrun for example_dag_decorator to None, run_after=None
[2024-06-24T17:27:02.606+0000] {processor.py:179} INFO - Processing /usr/local/python/3.10.13/lib/python3.10/site-packages/airflow/example_dags/example_dag_decorator.py took 0.169 seconds
[2024-06-24T17:27:56.479+0000] {processor.py:157} INFO - Started process (PID=18146) to work on /usr/local/python/3.10.13/lib/python3.10/site-packages/airflow/example_dags/example_dag_decorator.py
[2024-06-24T17:27:56.480+0000] {processor.py:826} INFO - Processing file /usr/local/python/3.10.13/lib/python3.10/site-packages/airflow/example_dags/example_dag_decorator.py for tasks to queue
[2024-06-24T17:27:56.481+0000] {logging_mixin.py:150} INFO - [2024-06-24T17:27:56.480+0000] {dagbag.py:541} INFO - Filling up the DagBag from /usr/local/python/3.10.13/lib/python3.10/site-packages/airflow/example_dags/example_dag_decorator.py
[2024-06-24T17:27:56.489+0000] {processor.py:836} INFO - DAG(s) dict_keys(['example_dag_decorator']) retrieved from /usr/local/python/3.10.13/lib/python3.10/site-packages/airflow/example_dags/example_dag_decorator.py
[2024-06-24T17:27:56.569+0000] {logging_mixin.py:150} INFO - [2024-06-24T17:27:56.569+0000] {dag.py:2742} INFO - Sync 1 DAGs
[2024-06-24T17:27:56.583+0000] {logging_mixin.py:150} INFO - [2024-06-24T17:27:56.582+0000] {dag.py:3504} INFO - Setting next_dagrun for example_dag_decorator to None, run_after=None
[2024-06-24T17:27:56.626+0000] {processor.py:179} INFO - Processing /usr/local/python/3.10.13/lib/python3.10/site-packages/airflow/example_dags/example_dag_decorator.py took 0.149 seconds
[2024-06-24T17:28:51.693+0000] {processor.py:157} INFO - Started process (PID=18524) to work on /usr/local/python/3.10.13/lib/python3.10/site-packages/airflow/example_dags/example_dag_decorator.py
[2024-06-24T17:28:51.693+0000] {processor.py:826} INFO - Processing file /usr/local/python/3.10.13/lib/python3.10/site-packages/airflow/example_dags/example_dag_decorator.py for tasks to queue
[2024-06-24T17:28:51.694+0000] {logging_mixin.py:150} INFO - [2024-06-24T17:28:51.694+0000] {dagbag.py:541} INFO - Filling up the DagBag from /usr/local/python/3.10.13/lib/python3.10/site-packages/airflow/example_dags/example_dag_decorator.py
[2024-06-24T17:28:51.702+0000] {processor.py:836} INFO - DAG(s) dict_keys(['example_dag_decorator']) retrieved from /usr/local/python/3.10.13/lib/python3.10/site-packages/airflow/example_dags/example_dag_decorator.py
[2024-06-24T17:28:51.782+0000] {logging_mixin.py:150} INFO - [2024-06-24T17:28:51.782+0000] {dag.py:2742} INFO - Sync 1 DAGs
[2024-06-24T17:28:51.796+0000] {logging_mixin.py:150} INFO - [2024-06-24T17:28:51.796+0000] {dag.py:3504} INFO - Setting next_dagrun for example_dag_decorator to None, run_after=None
[2024-06-24T17:28:51.834+0000] {processor.py:179} INFO - Processing /usr/local/python/3.10.13/lib/python3.10/site-packages/airflow/example_dags/example_dag_decorator.py took 0.144 seconds
[2024-06-24T17:29:43.316+0000] {processor.py:157} INFO - Started process (PID=18875) to work on /usr/local/python/3.10.13/lib/python3.10/site-packages/airflow/example_dags/example_dag_decorator.py
[2024-06-24T17:29:43.317+0000] {processor.py:826} INFO - Processing file /usr/local/python/3.10.13/lib/python3.10/site-packages/airflow/example_dags/example_dag_decorator.py for tasks to queue
[2024-06-24T17:29:43.317+0000] {logging_mixin.py:150} INFO - [2024-06-24T17:29:43.317+0000] {dagbag.py:541} INFO - Filling up the DagBag from /usr/local/python/3.10.13/lib/python3.10/site-packages/airflow/example_dags/example_dag_decorator.py
[2024-06-24T17:29:43.326+0000] {processor.py:836} INFO - DAG(s) dict_keys(['example_dag_decorator']) retrieved from /usr/local/python/3.10.13/lib/python3.10/site-packages/airflow/example_dags/example_dag_decorator.py
[2024-06-24T17:29:43.407+0000] {logging_mixin.py:150} INFO - [2024-06-24T17:29:43.407+0000] {dag.py:2742} INFO - Sync 1 DAGs
[2024-06-24T17:29:43.421+0000] {logging_mixin.py:150} INFO - [2024-06-24T17:29:43.420+0000] {dag.py:3504} INFO - Setting next_dagrun for example_dag_decorator to None, run_after=None
[2024-06-24T17:29:43.459+0000] {processor.py:179} INFO - Processing /usr/local/python/3.10.13/lib/python3.10/site-packages/airflow/example_dags/example_dag_decorator.py took 0.145 seconds
[2024-06-24T17:30:35.503+0000] {processor.py:157} INFO - Started process (PID=19248) to work on /usr/local/python/3.10.13/lib/python3.10/site-packages/airflow/example_dags/example_dag_decorator.py
[2024-06-24T17:30:35.504+0000] {processor.py:826} INFO - Processing file /usr/local/python/3.10.13/lib/python3.10/site-packages/airflow/example_dags/example_dag_decorator.py for tasks to queue
[2024-06-24T17:30:35.505+0000] {logging_mixin.py:150} INFO - [2024-06-24T17:30:35.505+0000] {dagbag.py:541} INFO - Filling up the DagBag from /usr/local/python/3.10.13/lib/python3.10/site-packages/airflow/example_dags/example_dag_decorator.py
[2024-06-24T17:30:35.515+0000] {processor.py:836} INFO - DAG(s) dict_keys(['example_dag_decorator']) retrieved from /usr/local/python/3.10.13/lib/python3.10/site-packages/airflow/example_dags/example_dag_decorator.py
[2024-06-24T17:30:35.638+0000] {logging_mixin.py:150} INFO - [2024-06-24T17:30:35.638+0000] {dag.py:2742} INFO - Sync 1 DAGs
[2024-06-24T17:30:35.653+0000] {logging_mixin.py:150} INFO - [2024-06-24T17:30:35.653+0000] {dag.py:3504} INFO - Setting next_dagrun for example_dag_decorator to None, run_after=None
[2024-06-24T17:30:35.694+0000] {processor.py:179} INFO - Processing /usr/local/python/3.10.13/lib/python3.10/site-packages/airflow/example_dags/example_dag_decorator.py took 0.194 seconds
[2024-06-24T17:31:28.626+0000] {processor.py:157} INFO - Started process (PID=19637) to work on /usr/local/python/3.10.13/lib/python3.10/site-packages/airflow/example_dags/example_dag_decorator.py
[2024-06-24T17:31:28.627+0000] {processor.py:826} INFO - Processing file /usr/local/python/3.10.13/lib/python3.10/site-packages/airflow/example_dags/example_dag_decorator.py for tasks to queue
[2024-06-24T17:31:28.627+0000] {logging_mixin.py:150} INFO - [2024-06-24T17:31:28.627+0000] {dagbag.py:541} INFO - Filling up the DagBag from /usr/local/python/3.10.13/lib/python3.10/site-packages/airflow/example_dags/example_dag_decorator.py
[2024-06-24T17:31:28.636+0000] {processor.py:836} INFO - DAG(s) dict_keys(['example_dag_decorator']) retrieved from /usr/local/python/3.10.13/lib/python3.10/site-packages/airflow/example_dags/example_dag_decorator.py
[2024-06-24T17:31:28.716+0000] {logging_mixin.py:150} INFO - [2024-06-24T17:31:28.716+0000] {dag.py:2742} INFO - Sync 1 DAGs
[2024-06-24T17:31:28.729+0000] {logging_mixin.py:150} INFO - [2024-06-24T17:31:28.729+0000] {dag.py:3504} INFO - Setting next_dagrun for example_dag_decorator to None, run_after=None
[2024-06-24T17:31:28.774+0000] {processor.py:179} INFO - Processing /usr/local/python/3.10.13/lib/python3.10/site-packages/airflow/example_dags/example_dag_decorator.py took 0.150 seconds
