[2024-06-24T15:54:57.347+0000] {processor.py:157} INFO - Started process (PID=13726) to work on /usr/local/python/3.10.13/lib/python3.10/site-packages/airflow/example_dags/plugins/listener_plugin.py
[2024-06-24T15:54:57.347+0000] {processor.py:826} INFO - Processing file /usr/local/python/3.10.13/lib/python3.10/site-packages/airflow/example_dags/plugins/listener_plugin.py for tasks to queue
[2024-06-24T15:54:57.348+0000] {logging_mixin.py:150} INFO - [2024-06-24T15:54:57.348+0000] {dagbag.py:541} INFO - Filling up the DagBag from /usr/local/python/3.10.13/lib/python3.10/site-packages/airflow/example_dags/plugins/listener_plugin.py
[2024-06-24T15:54:57.350+0000] {processor.py:838} WARNING - No viable dags retrieved from /usr/local/python/3.10.13/lib/python3.10/site-packages/airflow/example_dags/plugins/listener_plugin.py
[2024-06-24T15:54:57.357+0000] {processor.py:179} INFO - Processing /usr/local/python/3.10.13/lib/python3.10/site-packages/airflow/example_dags/plugins/listener_plugin.py took 0.013 seconds
[2024-06-24T15:55:49.175+0000] {processor.py:157} INFO - Started process (PID=14081) to work on /usr/local/python/3.10.13/lib/python3.10/site-packages/airflow/example_dags/plugins/listener_plugin.py
[2024-06-24T15:55:49.176+0000] {processor.py:826} INFO - Processing file /usr/local/python/3.10.13/lib/python3.10/site-packages/airflow/example_dags/plugins/listener_plugin.py for tasks to queue
[2024-06-24T15:55:49.177+0000] {logging_mixin.py:150} INFO - [2024-06-24T15:55:49.176+0000] {dagbag.py:541} INFO - Filling up the DagBag from /usr/local/python/3.10.13/lib/python3.10/site-packages/airflow/example_dags/plugins/listener_plugin.py
[2024-06-24T15:55:49.179+0000] {processor.py:838} WARNING - No viable dags retrieved from /usr/local/python/3.10.13/lib/python3.10/site-packages/airflow/example_dags/plugins/listener_plugin.py
[2024-06-24T15:55:49.185+0000] {processor.py:179} INFO - Processing /usr/local/python/3.10.13/lib/python3.10/site-packages/airflow/example_dags/plugins/listener_plugin.py took 0.012 seconds
[2024-06-24T15:56:35.717+0000] {processor.py:157} INFO - Started process (PID=14425) to work on /usr/local/python/3.10.13/lib/python3.10/site-packages/airflow/example_dags/plugins/listener_plugin.py
[2024-06-24T15:56:35.718+0000] {processor.py:826} INFO - Processing file /usr/local/python/3.10.13/lib/python3.10/site-packages/airflow/example_dags/plugins/listener_plugin.py for tasks to queue
[2024-06-24T15:56:35.718+0000] {logging_mixin.py:150} INFO - [2024-06-24T15:56:35.718+0000] {dagbag.py:541} INFO - Filling up the DagBag from /usr/local/python/3.10.13/lib/python3.10/site-packages/airflow/example_dags/plugins/listener_plugin.py
[2024-06-24T15:56:35.720+0000] {processor.py:838} WARNING - No viable dags retrieved from /usr/local/python/3.10.13/lib/python3.10/site-packages/airflow/example_dags/plugins/listener_plugin.py
[2024-06-24T15:56:35.727+0000] {processor.py:179} INFO - Processing /usr/local/python/3.10.13/lib/python3.10/site-packages/airflow/example_dags/plugins/listener_plugin.py took 0.012 seconds
[2024-06-24T16:01:45.509+0000] {processor.py:157} INFO - Started process (PID=16671) to work on /usr/local/python/3.10.13/lib/python3.10/site-packages/airflow/example_dags/plugins/listener_plugin.py
[2024-06-24T16:01:45.510+0000] {processor.py:826} INFO - Processing file /usr/local/python/3.10.13/lib/python3.10/site-packages/airflow/example_dags/plugins/listener_plugin.py for tasks to queue
[2024-06-24T16:01:45.511+0000] {logging_mixin.py:150} INFO - [2024-06-24T16:01:45.510+0000] {dagbag.py:541} INFO - Filling up the DagBag from /usr/local/python/3.10.13/lib/python3.10/site-packages/airflow/example_dags/plugins/listener_plugin.py
[2024-06-24T16:01:45.514+0000] {processor.py:838} WARNING - No viable dags retrieved from /usr/local/python/3.10.13/lib/python3.10/site-packages/airflow/example_dags/plugins/listener_plugin.py
[2024-06-24T16:01:45.521+0000] {processor.py:179} INFO - Processing /usr/local/python/3.10.13/lib/python3.10/site-packages/airflow/example_dags/plugins/listener_plugin.py took 0.015 seconds
[2024-06-24T16:02:34.369+0000] {processor.py:157} INFO - Started process (PID=17050) to work on /usr/local/python/3.10.13/lib/python3.10/site-packages/airflow/example_dags/plugins/listener_plugin.py
[2024-06-24T16:02:34.369+0000] {processor.py:826} INFO - Processing file /usr/local/python/3.10.13/lib/python3.10/site-packages/airflow/example_dags/plugins/listener_plugin.py for tasks to queue
[2024-06-24T16:02:34.370+0000] {logging_mixin.py:150} INFO - [2024-06-24T16:02:34.370+0000] {dagbag.py:541} INFO - Filling up the DagBag from /usr/local/python/3.10.13/lib/python3.10/site-packages/airflow/example_dags/plugins/listener_plugin.py
[2024-06-24T16:02:34.372+0000] {processor.py:838} WARNING - No viable dags retrieved from /usr/local/python/3.10.13/lib/python3.10/site-packages/airflow/example_dags/plugins/listener_plugin.py
[2024-06-24T16:02:34.378+0000] {processor.py:179} INFO - Processing /usr/local/python/3.10.13/lib/python3.10/site-packages/airflow/example_dags/plugins/listener_plugin.py took 0.012 seconds
[2024-06-24T16:03:20.456+0000] {processor.py:157} INFO - Started process (PID=17393) to work on /usr/local/python/3.10.13/lib/python3.10/site-packages/airflow/example_dags/plugins/listener_plugin.py
[2024-06-24T16:03:20.457+0000] {processor.py:826} INFO - Processing file /usr/local/python/3.10.13/lib/python3.10/site-packages/airflow/example_dags/plugins/listener_plugin.py for tasks to queue
[2024-06-24T16:03:20.458+0000] {logging_mixin.py:150} INFO - [2024-06-24T16:03:20.457+0000] {dagbag.py:541} INFO - Filling up the DagBag from /usr/local/python/3.10.13/lib/python3.10/site-packages/airflow/example_dags/plugins/listener_plugin.py
[2024-06-24T16:03:20.460+0000] {processor.py:838} WARNING - No viable dags retrieved from /usr/local/python/3.10.13/lib/python3.10/site-packages/airflow/example_dags/plugins/listener_plugin.py
[2024-06-24T16:03:20.466+0000] {processor.py:179} INFO - Processing /usr/local/python/3.10.13/lib/python3.10/site-packages/airflow/example_dags/plugins/listener_plugin.py took 0.012 seconds
[2024-06-24T16:04:06.825+0000] {processor.py:157} INFO - Started process (PID=17764) to work on /usr/local/python/3.10.13/lib/python3.10/site-packages/airflow/example_dags/plugins/listener_plugin.py
[2024-06-24T16:04:06.826+0000] {processor.py:826} INFO - Processing file /usr/local/python/3.10.13/lib/python3.10/site-packages/airflow/example_dags/plugins/listener_plugin.py for tasks to queue
[2024-06-24T16:04:06.826+0000] {logging_mixin.py:150} INFO - [2024-06-24T16:04:06.826+0000] {dagbag.py:541} INFO - Filling up the DagBag from /usr/local/python/3.10.13/lib/python3.10/site-packages/airflow/example_dags/plugins/listener_plugin.py
[2024-06-24T16:04:06.828+0000] {processor.py:838} WARNING - No viable dags retrieved from /usr/local/python/3.10.13/lib/python3.10/site-packages/airflow/example_dags/plugins/listener_plugin.py
[2024-06-24T16:04:06.836+0000] {processor.py:179} INFO - Processing /usr/local/python/3.10.13/lib/python3.10/site-packages/airflow/example_dags/plugins/listener_plugin.py took 0.013 seconds
[2024-06-24T16:04:53.958+0000] {processor.py:157} INFO - Started process (PID=18112) to work on /usr/local/python/3.10.13/lib/python3.10/site-packages/airflow/example_dags/plugins/listener_plugin.py
[2024-06-24T16:04:53.959+0000] {processor.py:826} INFO - Processing file /usr/local/python/3.10.13/lib/python3.10/site-packages/airflow/example_dags/plugins/listener_plugin.py for tasks to queue
[2024-06-24T16:04:53.960+0000] {logging_mixin.py:150} INFO - [2024-06-24T16:04:53.959+0000] {dagbag.py:541} INFO - Filling up the DagBag from /usr/local/python/3.10.13/lib/python3.10/site-packages/airflow/example_dags/plugins/listener_plugin.py
[2024-06-24T16:04:53.962+0000] {processor.py:838} WARNING - No viable dags retrieved from /usr/local/python/3.10.13/lib/python3.10/site-packages/airflow/example_dags/plugins/listener_plugin.py
[2024-06-24T16:04:53.968+0000] {processor.py:179} INFO - Processing /usr/local/python/3.10.13/lib/python3.10/site-packages/airflow/example_dags/plugins/listener_plugin.py took 0.012 seconds
[2024-06-24T16:05:41.124+0000] {processor.py:157} INFO - Started process (PID=18486) to work on /usr/local/python/3.10.13/lib/python3.10/site-packages/airflow/example_dags/plugins/listener_plugin.py
[2024-06-24T16:05:41.124+0000] {processor.py:826} INFO - Processing file /usr/local/python/3.10.13/lib/python3.10/site-packages/airflow/example_dags/plugins/listener_plugin.py for tasks to queue
[2024-06-24T16:05:41.125+0000] {logging_mixin.py:150} INFO - [2024-06-24T16:05:41.125+0000] {dagbag.py:541} INFO - Filling up the DagBag from /usr/local/python/3.10.13/lib/python3.10/site-packages/airflow/example_dags/plugins/listener_plugin.py
[2024-06-24T16:05:41.127+0000] {processor.py:838} WARNING - No viable dags retrieved from /usr/local/python/3.10.13/lib/python3.10/site-packages/airflow/example_dags/plugins/listener_plugin.py
[2024-06-24T16:05:41.133+0000] {processor.py:179} INFO - Processing /usr/local/python/3.10.13/lib/python3.10/site-packages/airflow/example_dags/plugins/listener_plugin.py took 0.012 seconds
[2024-06-24T16:06:29.843+0000] {processor.py:157} INFO - Started process (PID=18867) to work on /usr/local/python/3.10.13/lib/python3.10/site-packages/airflow/example_dags/plugins/listener_plugin.py
[2024-06-24T16:06:29.844+0000] {processor.py:826} INFO - Processing file /usr/local/python/3.10.13/lib/python3.10/site-packages/airflow/example_dags/plugins/listener_plugin.py for tasks to queue
[2024-06-24T16:06:29.845+0000] {logging_mixin.py:150} INFO - [2024-06-24T16:06:29.844+0000] {dagbag.py:541} INFO - Filling up the DagBag from /usr/local/python/3.10.13/lib/python3.10/site-packages/airflow/example_dags/plugins/listener_plugin.py
[2024-06-24T16:06:29.847+0000] {processor.py:838} WARNING - No viable dags retrieved from /usr/local/python/3.10.13/lib/python3.10/site-packages/airflow/example_dags/plugins/listener_plugin.py
[2024-06-24T16:06:29.853+0000] {processor.py:179} INFO - Processing /usr/local/python/3.10.13/lib/python3.10/site-packages/airflow/example_dags/plugins/listener_plugin.py took 0.012 seconds
[2024-06-24T16:07:16.588+0000] {processor.py:157} INFO - Started process (PID=19219) to work on /usr/local/python/3.10.13/lib/python3.10/site-packages/airflow/example_dags/plugins/listener_plugin.py
[2024-06-24T16:07:16.589+0000] {processor.py:826} INFO - Processing file /usr/local/python/3.10.13/lib/python3.10/site-packages/airflow/example_dags/plugins/listener_plugin.py for tasks to queue
[2024-06-24T16:07:16.590+0000] {logging_mixin.py:150} INFO - [2024-06-24T16:07:16.589+0000] {dagbag.py:541} INFO - Filling up the DagBag from /usr/local/python/3.10.13/lib/python3.10/site-packages/airflow/example_dags/plugins/listener_plugin.py
[2024-06-24T16:07:16.592+0000] {processor.py:838} WARNING - No viable dags retrieved from /usr/local/python/3.10.13/lib/python3.10/site-packages/airflow/example_dags/plugins/listener_plugin.py
[2024-06-24T16:07:16.598+0000] {processor.py:179} INFO - Processing /usr/local/python/3.10.13/lib/python3.10/site-packages/airflow/example_dags/plugins/listener_plugin.py took 0.012 seconds
[2024-06-24T16:08:02.103+0000] {processor.py:157} INFO - Started process (PID=19576) to work on /usr/local/python/3.10.13/lib/python3.10/site-packages/airflow/example_dags/plugins/listener_plugin.py
[2024-06-24T16:08:02.104+0000] {processor.py:826} INFO - Processing file /usr/local/python/3.10.13/lib/python3.10/site-packages/airflow/example_dags/plugins/listener_plugin.py for tasks to queue
[2024-06-24T16:08:02.104+0000] {logging_mixin.py:150} INFO - [2024-06-24T16:08:02.104+0000] {dagbag.py:541} INFO - Filling up the DagBag from /usr/local/python/3.10.13/lib/python3.10/site-packages/airflow/example_dags/plugins/listener_plugin.py
[2024-06-24T16:08:02.106+0000] {processor.py:838} WARNING - No viable dags retrieved from /usr/local/python/3.10.13/lib/python3.10/site-packages/airflow/example_dags/plugins/listener_plugin.py
[2024-06-24T16:08:02.113+0000] {processor.py:179} INFO - Processing /usr/local/python/3.10.13/lib/python3.10/site-packages/airflow/example_dags/plugins/listener_plugin.py took 0.012 seconds
[2024-06-24T16:08:52.713+0000] {processor.py:157} INFO - Started process (PID=19974) to work on /usr/local/python/3.10.13/lib/python3.10/site-packages/airflow/example_dags/plugins/listener_plugin.py
[2024-06-24T16:08:52.714+0000] {processor.py:826} INFO - Processing file /usr/local/python/3.10.13/lib/python3.10/site-packages/airflow/example_dags/plugins/listener_plugin.py for tasks to queue
[2024-06-24T16:08:52.714+0000] {logging_mixin.py:150} INFO - [2024-06-24T16:08:52.714+0000] {dagbag.py:541} INFO - Filling up the DagBag from /usr/local/python/3.10.13/lib/python3.10/site-packages/airflow/example_dags/plugins/listener_plugin.py
[2024-06-24T16:08:52.717+0000] {processor.py:838} WARNING - No viable dags retrieved from /usr/local/python/3.10.13/lib/python3.10/site-packages/airflow/example_dags/plugins/listener_plugin.py
[2024-06-24T16:08:52.728+0000] {processor.py:179} INFO - Processing /usr/local/python/3.10.13/lib/python3.10/site-packages/airflow/example_dags/plugins/listener_plugin.py took 0.018 seconds
[2024-06-24T16:09:39.121+0000] {processor.py:157} INFO - Started process (PID=20281) to work on /usr/local/python/3.10.13/lib/python3.10/site-packages/airflow/example_dags/plugins/listener_plugin.py
[2024-06-24T16:09:39.122+0000] {processor.py:826} INFO - Processing file /usr/local/python/3.10.13/lib/python3.10/site-packages/airflow/example_dags/plugins/listener_plugin.py for tasks to queue
[2024-06-24T16:09:39.123+0000] {logging_mixin.py:150} INFO - [2024-06-24T16:09:39.122+0000] {dagbag.py:541} INFO - Filling up the DagBag from /usr/local/python/3.10.13/lib/python3.10/site-packages/airflow/example_dags/plugins/listener_plugin.py
[2024-06-24T16:09:39.125+0000] {processor.py:838} WARNING - No viable dags retrieved from /usr/local/python/3.10.13/lib/python3.10/site-packages/airflow/example_dags/plugins/listener_plugin.py
[2024-06-24T16:09:39.142+0000] {processor.py:179} INFO - Processing /usr/local/python/3.10.13/lib/python3.10/site-packages/airflow/example_dags/plugins/listener_plugin.py took 0.024 seconds
[2024-06-24T16:10:26.390+0000] {processor.py:157} INFO - Started process (PID=20622) to work on /usr/local/python/3.10.13/lib/python3.10/site-packages/airflow/example_dags/plugins/listener_plugin.py
[2024-06-24T16:10:26.391+0000] {processor.py:826} INFO - Processing file /usr/local/python/3.10.13/lib/python3.10/site-packages/airflow/example_dags/plugins/listener_plugin.py for tasks to queue
[2024-06-24T16:10:26.391+0000] {logging_mixin.py:150} INFO - [2024-06-24T16:10:26.391+0000] {dagbag.py:541} INFO - Filling up the DagBag from /usr/local/python/3.10.13/lib/python3.10/site-packages/airflow/example_dags/plugins/listener_plugin.py
[2024-06-24T16:10:26.393+0000] {processor.py:838} WARNING - No viable dags retrieved from /usr/local/python/3.10.13/lib/python3.10/site-packages/airflow/example_dags/plugins/listener_plugin.py
[2024-06-24T16:10:26.400+0000] {processor.py:179} INFO - Processing /usr/local/python/3.10.13/lib/python3.10/site-packages/airflow/example_dags/plugins/listener_plugin.py took 0.012 seconds
[2024-06-24T16:11:14.032+0000] {processor.py:157} INFO - Started process (PID=20959) to work on /usr/local/python/3.10.13/lib/python3.10/site-packages/airflow/example_dags/plugins/listener_plugin.py
[2024-06-24T16:11:14.032+0000] {processor.py:826} INFO - Processing file /usr/local/python/3.10.13/lib/python3.10/site-packages/airflow/example_dags/plugins/listener_plugin.py for tasks to queue
[2024-06-24T16:11:14.033+0000] {logging_mixin.py:150} INFO - [2024-06-24T16:11:14.033+0000] {dagbag.py:541} INFO - Filling up the DagBag from /usr/local/python/3.10.13/lib/python3.10/site-packages/airflow/example_dags/plugins/listener_plugin.py
[2024-06-24T16:11:14.035+0000] {processor.py:838} WARNING - No viable dags retrieved from /usr/local/python/3.10.13/lib/python3.10/site-packages/airflow/example_dags/plugins/listener_plugin.py
[2024-06-24T16:11:14.042+0000] {processor.py:179} INFO - Processing /usr/local/python/3.10.13/lib/python3.10/site-packages/airflow/example_dags/plugins/listener_plugin.py took 0.012 seconds
[2024-06-24T16:12:01.600+0000] {processor.py:157} INFO - Started process (PID=21269) to work on /usr/local/python/3.10.13/lib/python3.10/site-packages/airflow/example_dags/plugins/listener_plugin.py
[2024-06-24T16:12:01.600+0000] {processor.py:826} INFO - Processing file /usr/local/python/3.10.13/lib/python3.10/site-packages/airflow/example_dags/plugins/listener_plugin.py for tasks to queue
[2024-06-24T16:12:01.601+0000] {logging_mixin.py:150} INFO - [2024-06-24T16:12:01.601+0000] {dagbag.py:541} INFO - Filling up the DagBag from /usr/local/python/3.10.13/lib/python3.10/site-packages/airflow/example_dags/plugins/listener_plugin.py
[2024-06-24T16:12:01.603+0000] {processor.py:838} WARNING - No viable dags retrieved from /usr/local/python/3.10.13/lib/python3.10/site-packages/airflow/example_dags/plugins/listener_plugin.py
[2024-06-24T16:12:01.610+0000] {processor.py:179} INFO - Processing /usr/local/python/3.10.13/lib/python3.10/site-packages/airflow/example_dags/plugins/listener_plugin.py took 0.012 seconds
[2024-06-24T16:12:51.064+0000] {processor.py:157} INFO - Started process (PID=21623) to work on /usr/local/python/3.10.13/lib/python3.10/site-packages/airflow/example_dags/plugins/listener_plugin.py
[2024-06-24T16:12:51.065+0000] {processor.py:826} INFO - Processing file /usr/local/python/3.10.13/lib/python3.10/site-packages/airflow/example_dags/plugins/listener_plugin.py for tasks to queue
[2024-06-24T16:12:51.065+0000] {logging_mixin.py:150} INFO - [2024-06-24T16:12:51.065+0000] {dagbag.py:541} INFO - Filling up the DagBag from /usr/local/python/3.10.13/lib/python3.10/site-packages/airflow/example_dags/plugins/listener_plugin.py
[2024-06-24T16:12:51.067+0000] {processor.py:838} WARNING - No viable dags retrieved from /usr/local/python/3.10.13/lib/python3.10/site-packages/airflow/example_dags/plugins/listener_plugin.py
[2024-06-24T16:12:51.074+0000] {processor.py:179} INFO - Processing /usr/local/python/3.10.13/lib/python3.10/site-packages/airflow/example_dags/plugins/listener_plugin.py took 0.012 seconds
[2024-06-24T16:13:39.171+0000] {processor.py:157} INFO - Started process (PID=21953) to work on /usr/local/python/3.10.13/lib/python3.10/site-packages/airflow/example_dags/plugins/listener_plugin.py
[2024-06-24T16:13:39.171+0000] {processor.py:826} INFO - Processing file /usr/local/python/3.10.13/lib/python3.10/site-packages/airflow/example_dags/plugins/listener_plugin.py for tasks to queue
[2024-06-24T16:13:39.172+0000] {logging_mixin.py:150} INFO - [2024-06-24T16:13:39.172+0000] {dagbag.py:541} INFO - Filling up the DagBag from /usr/local/python/3.10.13/lib/python3.10/site-packages/airflow/example_dags/plugins/listener_plugin.py
[2024-06-24T16:13:39.174+0000] {processor.py:838} WARNING - No viable dags retrieved from /usr/local/python/3.10.13/lib/python3.10/site-packages/airflow/example_dags/plugins/listener_plugin.py
[2024-06-24T16:13:39.181+0000] {processor.py:179} INFO - Processing /usr/local/python/3.10.13/lib/python3.10/site-packages/airflow/example_dags/plugins/listener_plugin.py took 0.012 seconds
[2024-06-24T16:14:26.661+0000] {processor.py:157} INFO - Started process (PID=22286) to work on /usr/local/python/3.10.13/lib/python3.10/site-packages/airflow/example_dags/plugins/listener_plugin.py
[2024-06-24T16:14:26.661+0000] {processor.py:826} INFO - Processing file /usr/local/python/3.10.13/lib/python3.10/site-packages/airflow/example_dags/plugins/listener_plugin.py for tasks to queue
[2024-06-24T16:14:26.662+0000] {logging_mixin.py:150} INFO - [2024-06-24T16:14:26.662+0000] {dagbag.py:541} INFO - Filling up the DagBag from /usr/local/python/3.10.13/lib/python3.10/site-packages/airflow/example_dags/plugins/listener_plugin.py
[2024-06-24T16:14:26.664+0000] {processor.py:838} WARNING - No viable dags retrieved from /usr/local/python/3.10.13/lib/python3.10/site-packages/airflow/example_dags/plugins/listener_plugin.py
[2024-06-24T16:14:26.670+0000] {processor.py:179} INFO - Processing /usr/local/python/3.10.13/lib/python3.10/site-packages/airflow/example_dags/plugins/listener_plugin.py took 0.012 seconds
[2024-06-24T16:15:12.049+0000] {processor.py:157} INFO - Started process (PID=22602) to work on /usr/local/python/3.10.13/lib/python3.10/site-packages/airflow/example_dags/plugins/listener_plugin.py
[2024-06-24T16:15:12.050+0000] {processor.py:826} INFO - Processing file /usr/local/python/3.10.13/lib/python3.10/site-packages/airflow/example_dags/plugins/listener_plugin.py for tasks to queue
[2024-06-24T16:15:12.050+0000] {logging_mixin.py:150} INFO - [2024-06-24T16:15:12.050+0000] {dagbag.py:541} INFO - Filling up the DagBag from /usr/local/python/3.10.13/lib/python3.10/site-packages/airflow/example_dags/plugins/listener_plugin.py
[2024-06-24T16:15:12.052+0000] {processor.py:838} WARNING - No viable dags retrieved from /usr/local/python/3.10.13/lib/python3.10/site-packages/airflow/example_dags/plugins/listener_plugin.py
[2024-06-24T16:15:12.059+0000] {processor.py:179} INFO - Processing /usr/local/python/3.10.13/lib/python3.10/site-packages/airflow/example_dags/plugins/listener_plugin.py took 0.012 seconds
[2024-06-24T16:15:54.547+0000] {processor.py:157} INFO - Started process (PID=22891) to work on /usr/local/python/3.10.13/lib/python3.10/site-packages/airflow/example_dags/plugins/listener_plugin.py
[2024-06-24T16:15:54.548+0000] {processor.py:826} INFO - Processing file /usr/local/python/3.10.13/lib/python3.10/site-packages/airflow/example_dags/plugins/listener_plugin.py for tasks to queue
[2024-06-24T16:15:54.549+0000] {logging_mixin.py:150} INFO - [2024-06-24T16:15:54.548+0000] {dagbag.py:541} INFO - Filling up the DagBag from /usr/local/python/3.10.13/lib/python3.10/site-packages/airflow/example_dags/plugins/listener_plugin.py
[2024-06-24T16:15:54.551+0000] {processor.py:838} WARNING - No viable dags retrieved from /usr/local/python/3.10.13/lib/python3.10/site-packages/airflow/example_dags/plugins/listener_plugin.py
[2024-06-24T16:15:54.557+0000] {processor.py:179} INFO - Processing /usr/local/python/3.10.13/lib/python3.10/site-packages/airflow/example_dags/plugins/listener_plugin.py took 0.013 seconds
[2024-06-24T16:16:40.003+0000] {processor.py:157} INFO - Started process (PID=23217) to work on /usr/local/python/3.10.13/lib/python3.10/site-packages/airflow/example_dags/plugins/listener_plugin.py
[2024-06-24T16:16:40.003+0000] {processor.py:826} INFO - Processing file /usr/local/python/3.10.13/lib/python3.10/site-packages/airflow/example_dags/plugins/listener_plugin.py for tasks to queue
[2024-06-24T16:16:40.004+0000] {logging_mixin.py:150} INFO - [2024-06-24T16:16:40.004+0000] {dagbag.py:541} INFO - Filling up the DagBag from /usr/local/python/3.10.13/lib/python3.10/site-packages/airflow/example_dags/plugins/listener_plugin.py
[2024-06-24T16:16:40.006+0000] {processor.py:838} WARNING - No viable dags retrieved from /usr/local/python/3.10.13/lib/python3.10/site-packages/airflow/example_dags/plugins/listener_plugin.py
[2024-06-24T16:16:40.012+0000] {processor.py:179} INFO - Processing /usr/local/python/3.10.13/lib/python3.10/site-packages/airflow/example_dags/plugins/listener_plugin.py took 0.012 seconds
[2024-06-24T16:17:26.544+0000] {processor.py:157} INFO - Started process (PID=23526) to work on /usr/local/python/3.10.13/lib/python3.10/site-packages/airflow/example_dags/plugins/listener_plugin.py
[2024-06-24T16:17:26.544+0000] {processor.py:826} INFO - Processing file /usr/local/python/3.10.13/lib/python3.10/site-packages/airflow/example_dags/plugins/listener_plugin.py for tasks to queue
[2024-06-24T16:17:26.545+0000] {logging_mixin.py:150} INFO - [2024-06-24T16:17:26.545+0000] {dagbag.py:541} INFO - Filling up the DagBag from /usr/local/python/3.10.13/lib/python3.10/site-packages/airflow/example_dags/plugins/listener_plugin.py
[2024-06-24T16:17:26.547+0000] {processor.py:838} WARNING - No viable dags retrieved from /usr/local/python/3.10.13/lib/python3.10/site-packages/airflow/example_dags/plugins/listener_plugin.py
[2024-06-24T16:17:26.554+0000] {processor.py:179} INFO - Processing /usr/local/python/3.10.13/lib/python3.10/site-packages/airflow/example_dags/plugins/listener_plugin.py took 0.012 seconds
[2024-06-24T16:18:14.130+0000] {processor.py:157} INFO - Started process (PID=23860) to work on /usr/local/python/3.10.13/lib/python3.10/site-packages/airflow/example_dags/plugins/listener_plugin.py
[2024-06-24T16:18:14.130+0000] {processor.py:826} INFO - Processing file /usr/local/python/3.10.13/lib/python3.10/site-packages/airflow/example_dags/plugins/listener_plugin.py for tasks to queue
[2024-06-24T16:18:14.131+0000] {logging_mixin.py:150} INFO - [2024-06-24T16:18:14.131+0000] {dagbag.py:541} INFO - Filling up the DagBag from /usr/local/python/3.10.13/lib/python3.10/site-packages/airflow/example_dags/plugins/listener_plugin.py
[2024-06-24T16:18:14.133+0000] {processor.py:838} WARNING - No viable dags retrieved from /usr/local/python/3.10.13/lib/python3.10/site-packages/airflow/example_dags/plugins/listener_plugin.py
[2024-06-24T16:18:14.139+0000] {processor.py:179} INFO - Processing /usr/local/python/3.10.13/lib/python3.10/site-packages/airflow/example_dags/plugins/listener_plugin.py took 0.012 seconds
[2024-06-24T16:18:58.422+0000] {processor.py:157} INFO - Started process (PID=24163) to work on /usr/local/python/3.10.13/lib/python3.10/site-packages/airflow/example_dags/plugins/listener_plugin.py
[2024-06-24T16:18:58.422+0000] {processor.py:826} INFO - Processing file /usr/local/python/3.10.13/lib/python3.10/site-packages/airflow/example_dags/plugins/listener_plugin.py for tasks to queue
[2024-06-24T16:18:58.423+0000] {logging_mixin.py:150} INFO - [2024-06-24T16:18:58.423+0000] {dagbag.py:541} INFO - Filling up the DagBag from /usr/local/python/3.10.13/lib/python3.10/site-packages/airflow/example_dags/plugins/listener_plugin.py
[2024-06-24T16:18:58.425+0000] {processor.py:838} WARNING - No viable dags retrieved from /usr/local/python/3.10.13/lib/python3.10/site-packages/airflow/example_dags/plugins/listener_plugin.py
[2024-06-24T16:18:58.431+0000] {processor.py:179} INFO - Processing /usr/local/python/3.10.13/lib/python3.10/site-packages/airflow/example_dags/plugins/listener_plugin.py took 0.012 seconds
[2024-06-24T16:19:47.187+0000] {processor.py:157} INFO - Started process (PID=24503) to work on /usr/local/python/3.10.13/lib/python3.10/site-packages/airflow/example_dags/plugins/listener_plugin.py
[2024-06-24T16:19:47.188+0000] {processor.py:826} INFO - Processing file /usr/local/python/3.10.13/lib/python3.10/site-packages/airflow/example_dags/plugins/listener_plugin.py for tasks to queue
[2024-06-24T16:19:47.189+0000] {logging_mixin.py:150} INFO - [2024-06-24T16:19:47.188+0000] {dagbag.py:541} INFO - Filling up the DagBag from /usr/local/python/3.10.13/lib/python3.10/site-packages/airflow/example_dags/plugins/listener_plugin.py
[2024-06-24T16:19:47.191+0000] {processor.py:838} WARNING - No viable dags retrieved from /usr/local/python/3.10.13/lib/python3.10/site-packages/airflow/example_dags/plugins/listener_plugin.py
[2024-06-24T16:19:47.200+0000] {processor.py:179} INFO - Processing /usr/local/python/3.10.13/lib/python3.10/site-packages/airflow/example_dags/plugins/listener_plugin.py took 0.016 seconds
[2024-06-24T16:20:33.805+0000] {processor.py:157} INFO - Started process (PID=24829) to work on /usr/local/python/3.10.13/lib/python3.10/site-packages/airflow/example_dags/plugins/listener_plugin.py
[2024-06-24T16:20:33.806+0000] {processor.py:826} INFO - Processing file /usr/local/python/3.10.13/lib/python3.10/site-packages/airflow/example_dags/plugins/listener_plugin.py for tasks to queue
[2024-06-24T16:20:33.807+0000] {logging_mixin.py:150} INFO - [2024-06-24T16:20:33.806+0000] {dagbag.py:541} INFO - Filling up the DagBag from /usr/local/python/3.10.13/lib/python3.10/site-packages/airflow/example_dags/plugins/listener_plugin.py
[2024-06-24T16:20:33.809+0000] {processor.py:838} WARNING - No viable dags retrieved from /usr/local/python/3.10.13/lib/python3.10/site-packages/airflow/example_dags/plugins/listener_plugin.py
[2024-06-24T16:20:33.815+0000] {processor.py:179} INFO - Processing /usr/local/python/3.10.13/lib/python3.10/site-packages/airflow/example_dags/plugins/listener_plugin.py took 0.012 seconds
[2024-06-24T16:21:18.129+0000] {processor.py:157} INFO - Started process (PID=25132) to work on /usr/local/python/3.10.13/lib/python3.10/site-packages/airflow/example_dags/plugins/listener_plugin.py
[2024-06-24T16:21:18.129+0000] {processor.py:826} INFO - Processing file /usr/local/python/3.10.13/lib/python3.10/site-packages/airflow/example_dags/plugins/listener_plugin.py for tasks to queue
[2024-06-24T16:21:18.130+0000] {logging_mixin.py:150} INFO - [2024-06-24T16:21:18.130+0000] {dagbag.py:541} INFO - Filling up the DagBag from /usr/local/python/3.10.13/lib/python3.10/site-packages/airflow/example_dags/plugins/listener_plugin.py
[2024-06-24T16:21:18.132+0000] {processor.py:838} WARNING - No viable dags retrieved from /usr/local/python/3.10.13/lib/python3.10/site-packages/airflow/example_dags/plugins/listener_plugin.py
[2024-06-24T16:21:18.139+0000] {processor.py:179} INFO - Processing /usr/local/python/3.10.13/lib/python3.10/site-packages/airflow/example_dags/plugins/listener_plugin.py took 0.012 seconds
[2024-06-24T16:22:06.678+0000] {processor.py:157} INFO - Started process (PID=25479) to work on /usr/local/python/3.10.13/lib/python3.10/site-packages/airflow/example_dags/plugins/listener_plugin.py
[2024-06-24T16:22:06.679+0000] {processor.py:826} INFO - Processing file /usr/local/python/3.10.13/lib/python3.10/site-packages/airflow/example_dags/plugins/listener_plugin.py for tasks to queue
[2024-06-24T16:22:06.679+0000] {logging_mixin.py:150} INFO - [2024-06-24T16:22:06.679+0000] {dagbag.py:541} INFO - Filling up the DagBag from /usr/local/python/3.10.13/lib/python3.10/site-packages/airflow/example_dags/plugins/listener_plugin.py
[2024-06-24T16:22:06.681+0000] {processor.py:838} WARNING - No viable dags retrieved from /usr/local/python/3.10.13/lib/python3.10/site-packages/airflow/example_dags/plugins/listener_plugin.py
[2024-06-24T16:22:06.688+0000] {processor.py:179} INFO - Processing /usr/local/python/3.10.13/lib/python3.10/site-packages/airflow/example_dags/plugins/listener_plugin.py took 0.012 seconds
[2024-06-24T16:22:55.876+0000] {processor.py:157} INFO - Started process (PID=25821) to work on /usr/local/python/3.10.13/lib/python3.10/site-packages/airflow/example_dags/plugins/listener_plugin.py
[2024-06-24T16:22:55.877+0000] {processor.py:826} INFO - Processing file /usr/local/python/3.10.13/lib/python3.10/site-packages/airflow/example_dags/plugins/listener_plugin.py for tasks to queue
[2024-06-24T16:22:55.877+0000] {logging_mixin.py:150} INFO - [2024-06-24T16:22:55.877+0000] {dagbag.py:541} INFO - Filling up the DagBag from /usr/local/python/3.10.13/lib/python3.10/site-packages/airflow/example_dags/plugins/listener_plugin.py
[2024-06-24T16:22:55.879+0000] {processor.py:838} WARNING - No viable dags retrieved from /usr/local/python/3.10.13/lib/python3.10/site-packages/airflow/example_dags/plugins/listener_plugin.py
[2024-06-24T16:22:55.886+0000] {processor.py:179} INFO - Processing /usr/local/python/3.10.13/lib/python3.10/site-packages/airflow/example_dags/plugins/listener_plugin.py took 0.012 seconds
[2024-06-24T16:23:38.944+0000] {processor.py:157} INFO - Started process (PID=26115) to work on /usr/local/python/3.10.13/lib/python3.10/site-packages/airflow/example_dags/plugins/listener_plugin.py
[2024-06-24T16:23:38.944+0000] {processor.py:826} INFO - Processing file /usr/local/python/3.10.13/lib/python3.10/site-packages/airflow/example_dags/plugins/listener_plugin.py for tasks to queue
[2024-06-24T16:23:38.945+0000] {logging_mixin.py:150} INFO - [2024-06-24T16:23:38.945+0000] {dagbag.py:541} INFO - Filling up the DagBag from /usr/local/python/3.10.13/lib/python3.10/site-packages/airflow/example_dags/plugins/listener_plugin.py
[2024-06-24T16:23:38.947+0000] {processor.py:838} WARNING - No viable dags retrieved from /usr/local/python/3.10.13/lib/python3.10/site-packages/airflow/example_dags/plugins/listener_plugin.py
[2024-06-24T16:23:38.953+0000] {processor.py:179} INFO - Processing /usr/local/python/3.10.13/lib/python3.10/site-packages/airflow/example_dags/plugins/listener_plugin.py took 0.012 seconds
[2024-06-24T16:24:22.643+0000] {processor.py:157} INFO - Started process (PID=26410) to work on /usr/local/python/3.10.13/lib/python3.10/site-packages/airflow/example_dags/plugins/listener_plugin.py
[2024-06-24T16:24:22.644+0000] {processor.py:826} INFO - Processing file /usr/local/python/3.10.13/lib/python3.10/site-packages/airflow/example_dags/plugins/listener_plugin.py for tasks to queue
[2024-06-24T16:24:22.644+0000] {logging_mixin.py:150} INFO - [2024-06-24T16:24:22.644+0000] {dagbag.py:541} INFO - Filling up the DagBag from /usr/local/python/3.10.13/lib/python3.10/site-packages/airflow/example_dags/plugins/listener_plugin.py
[2024-06-24T16:24:22.646+0000] {processor.py:838} WARNING - No viable dags retrieved from /usr/local/python/3.10.13/lib/python3.10/site-packages/airflow/example_dags/plugins/listener_plugin.py
[2024-06-24T16:24:22.653+0000] {processor.py:179} INFO - Processing /usr/local/python/3.10.13/lib/python3.10/site-packages/airflow/example_dags/plugins/listener_plugin.py took 0.012 seconds
[2024-06-24T16:25:10.713+0000] {processor.py:157} INFO - Started process (PID=26753) to work on /usr/local/python/3.10.13/lib/python3.10/site-packages/airflow/example_dags/plugins/listener_plugin.py
[2024-06-24T16:25:10.714+0000] {processor.py:826} INFO - Processing file /usr/local/python/3.10.13/lib/python3.10/site-packages/airflow/example_dags/plugins/listener_plugin.py for tasks to queue
[2024-06-24T16:25:10.714+0000] {logging_mixin.py:150} INFO - [2024-06-24T16:25:10.714+0000] {dagbag.py:541} INFO - Filling up the DagBag from /usr/local/python/3.10.13/lib/python3.10/site-packages/airflow/example_dags/plugins/listener_plugin.py
[2024-06-24T16:25:10.716+0000] {processor.py:838} WARNING - No viable dags retrieved from /usr/local/python/3.10.13/lib/python3.10/site-packages/airflow/example_dags/plugins/listener_plugin.py
[2024-06-24T16:25:10.723+0000] {processor.py:179} INFO - Processing /usr/local/python/3.10.13/lib/python3.10/site-packages/airflow/example_dags/plugins/listener_plugin.py took 0.012 seconds
[2024-06-24T16:25:58.464+0000] {processor.py:157} INFO - Started process (PID=27086) to work on /usr/local/python/3.10.13/lib/python3.10/site-packages/airflow/example_dags/plugins/listener_plugin.py
[2024-06-24T16:25:58.465+0000] {processor.py:826} INFO - Processing file /usr/local/python/3.10.13/lib/python3.10/site-packages/airflow/example_dags/plugins/listener_plugin.py for tasks to queue
[2024-06-24T16:25:58.465+0000] {logging_mixin.py:150} INFO - [2024-06-24T16:25:58.465+0000] {dagbag.py:541} INFO - Filling up the DagBag from /usr/local/python/3.10.13/lib/python3.10/site-packages/airflow/example_dags/plugins/listener_plugin.py
[2024-06-24T16:25:58.467+0000] {processor.py:838} WARNING - No viable dags retrieved from /usr/local/python/3.10.13/lib/python3.10/site-packages/airflow/example_dags/plugins/listener_plugin.py
[2024-06-24T16:25:58.475+0000] {processor.py:179} INFO - Processing /usr/local/python/3.10.13/lib/python3.10/site-packages/airflow/example_dags/plugins/listener_plugin.py took 0.013 seconds
[2024-06-24T16:26:43.518+0000] {processor.py:157} INFO - Started process (PID=27388) to work on /usr/local/python/3.10.13/lib/python3.10/site-packages/airflow/example_dags/plugins/listener_plugin.py
[2024-06-24T16:26:43.519+0000] {processor.py:826} INFO - Processing file /usr/local/python/3.10.13/lib/python3.10/site-packages/airflow/example_dags/plugins/listener_plugin.py for tasks to queue
[2024-06-24T16:26:43.519+0000] {logging_mixin.py:150} INFO - [2024-06-24T16:26:43.519+0000] {dagbag.py:541} INFO - Filling up the DagBag from /usr/local/python/3.10.13/lib/python3.10/site-packages/airflow/example_dags/plugins/listener_plugin.py
[2024-06-24T16:26:43.521+0000] {processor.py:838} WARNING - No viable dags retrieved from /usr/local/python/3.10.13/lib/python3.10/site-packages/airflow/example_dags/plugins/listener_plugin.py
[2024-06-24T16:26:43.528+0000] {processor.py:179} INFO - Processing /usr/local/python/3.10.13/lib/python3.10/site-packages/airflow/example_dags/plugins/listener_plugin.py took 0.012 seconds
[2024-06-24T16:27:31.748+0000] {processor.py:157} INFO - Started process (PID=27732) to work on /usr/local/python/3.10.13/lib/python3.10/site-packages/airflow/example_dags/plugins/listener_plugin.py
[2024-06-24T16:27:31.749+0000] {processor.py:826} INFO - Processing file /usr/local/python/3.10.13/lib/python3.10/site-packages/airflow/example_dags/plugins/listener_plugin.py for tasks to queue
[2024-06-24T16:27:31.749+0000] {logging_mixin.py:150} INFO - [2024-06-24T16:27:31.749+0000] {dagbag.py:541} INFO - Filling up the DagBag from /usr/local/python/3.10.13/lib/python3.10/site-packages/airflow/example_dags/plugins/listener_plugin.py
[2024-06-24T16:27:31.751+0000] {processor.py:838} WARNING - No viable dags retrieved from /usr/local/python/3.10.13/lib/python3.10/site-packages/airflow/example_dags/plugins/listener_plugin.py
[2024-06-24T16:27:31.758+0000] {processor.py:179} INFO - Processing /usr/local/python/3.10.13/lib/python3.10/site-packages/airflow/example_dags/plugins/listener_plugin.py took 0.012 seconds
[2024-06-24T16:28:16.467+0000] {processor.py:157} INFO - Started process (PID=28040) to work on /usr/local/python/3.10.13/lib/python3.10/site-packages/airflow/example_dags/plugins/listener_plugin.py
[2024-06-24T16:28:16.468+0000] {processor.py:826} INFO - Processing file /usr/local/python/3.10.13/lib/python3.10/site-packages/airflow/example_dags/plugins/listener_plugin.py for tasks to queue
[2024-06-24T16:28:16.469+0000] {logging_mixin.py:150} INFO - [2024-06-24T16:28:16.468+0000] {dagbag.py:541} INFO - Filling up the DagBag from /usr/local/python/3.10.13/lib/python3.10/site-packages/airflow/example_dags/plugins/listener_plugin.py
[2024-06-24T16:28:16.471+0000] {processor.py:838} WARNING - No viable dags retrieved from /usr/local/python/3.10.13/lib/python3.10/site-packages/airflow/example_dags/plugins/listener_plugin.py
[2024-06-24T16:28:16.478+0000] {processor.py:179} INFO - Processing /usr/local/python/3.10.13/lib/python3.10/site-packages/airflow/example_dags/plugins/listener_plugin.py took 0.013 seconds
[2024-06-24T16:29:02.766+0000] {processor.py:157} INFO - Started process (PID=28372) to work on /usr/local/python/3.10.13/lib/python3.10/site-packages/airflow/example_dags/plugins/listener_plugin.py
[2024-06-24T16:29:02.767+0000] {processor.py:826} INFO - Processing file /usr/local/python/3.10.13/lib/python3.10/site-packages/airflow/example_dags/plugins/listener_plugin.py for tasks to queue
[2024-06-24T16:29:02.768+0000] {logging_mixin.py:150} INFO - [2024-06-24T16:29:02.767+0000] {dagbag.py:541} INFO - Filling up the DagBag from /usr/local/python/3.10.13/lib/python3.10/site-packages/airflow/example_dags/plugins/listener_plugin.py
[2024-06-24T16:29:02.770+0000] {processor.py:838} WARNING - No viable dags retrieved from /usr/local/python/3.10.13/lib/python3.10/site-packages/airflow/example_dags/plugins/listener_plugin.py
[2024-06-24T16:29:02.777+0000] {processor.py:179} INFO - Processing /usr/local/python/3.10.13/lib/python3.10/site-packages/airflow/example_dags/plugins/listener_plugin.py took 0.013 seconds
[2024-06-24T16:29:50.776+0000] {processor.py:157} INFO - Started process (PID=28689) to work on /usr/local/python/3.10.13/lib/python3.10/site-packages/airflow/example_dags/plugins/listener_plugin.py
[2024-06-24T16:29:50.777+0000] {processor.py:826} INFO - Processing file /usr/local/python/3.10.13/lib/python3.10/site-packages/airflow/example_dags/plugins/listener_plugin.py for tasks to queue
[2024-06-24T16:29:50.777+0000] {logging_mixin.py:150} INFO - [2024-06-24T16:29:50.777+0000] {dagbag.py:541} INFO - Filling up the DagBag from /usr/local/python/3.10.13/lib/python3.10/site-packages/airflow/example_dags/plugins/listener_plugin.py
[2024-06-24T16:29:50.779+0000] {processor.py:838} WARNING - No viable dags retrieved from /usr/local/python/3.10.13/lib/python3.10/site-packages/airflow/example_dags/plugins/listener_plugin.py
[2024-06-24T16:29:50.786+0000] {processor.py:179} INFO - Processing /usr/local/python/3.10.13/lib/python3.10/site-packages/airflow/example_dags/plugins/listener_plugin.py took 0.012 seconds
[2024-06-24T16:30:38.378+0000] {processor.py:157} INFO - Started process (PID=29031) to work on /usr/local/python/3.10.13/lib/python3.10/site-packages/airflow/example_dags/plugins/listener_plugin.py
[2024-06-24T16:30:38.379+0000] {processor.py:826} INFO - Processing file /usr/local/python/3.10.13/lib/python3.10/site-packages/airflow/example_dags/plugins/listener_plugin.py for tasks to queue
[2024-06-24T16:30:38.379+0000] {logging_mixin.py:150} INFO - [2024-06-24T16:30:38.379+0000] {dagbag.py:541} INFO - Filling up the DagBag from /usr/local/python/3.10.13/lib/python3.10/site-packages/airflow/example_dags/plugins/listener_plugin.py
[2024-06-24T16:30:38.381+0000] {processor.py:838} WARNING - No viable dags retrieved from /usr/local/python/3.10.13/lib/python3.10/site-packages/airflow/example_dags/plugins/listener_plugin.py
[2024-06-24T16:30:38.388+0000] {processor.py:179} INFO - Processing /usr/local/python/3.10.13/lib/python3.10/site-packages/airflow/example_dags/plugins/listener_plugin.py took 0.012 seconds
[2024-06-24T16:31:23.344+0000] {processor.py:157} INFO - Started process (PID=29352) to work on /usr/local/python/3.10.13/lib/python3.10/site-packages/airflow/example_dags/plugins/listener_plugin.py
[2024-06-24T16:31:23.344+0000] {processor.py:826} INFO - Processing file /usr/local/python/3.10.13/lib/python3.10/site-packages/airflow/example_dags/plugins/listener_plugin.py for tasks to queue
[2024-06-24T16:31:23.345+0000] {logging_mixin.py:150} INFO - [2024-06-24T16:31:23.345+0000] {dagbag.py:541} INFO - Filling up the DagBag from /usr/local/python/3.10.13/lib/python3.10/site-packages/airflow/example_dags/plugins/listener_plugin.py
[2024-06-24T16:31:23.347+0000] {processor.py:838} WARNING - No viable dags retrieved from /usr/local/python/3.10.13/lib/python3.10/site-packages/airflow/example_dags/plugins/listener_plugin.py
[2024-06-24T16:31:23.354+0000] {processor.py:179} INFO - Processing /usr/local/python/3.10.13/lib/python3.10/site-packages/airflow/example_dags/plugins/listener_plugin.py took 0.013 seconds
[2024-06-24T17:07:58.793+0000] {processor.py:157} INFO - Started process (PID=9451) to work on /usr/local/python/3.10.13/lib/python3.10/site-packages/airflow/example_dags/plugins/listener_plugin.py
[2024-06-24T17:07:58.796+0000] {processor.py:826} INFO - Processing file /usr/local/python/3.10.13/lib/python3.10/site-packages/airflow/example_dags/plugins/listener_plugin.py for tasks to queue
[2024-06-24T17:07:58.797+0000] {logging_mixin.py:150} INFO - [2024-06-24T17:07:58.796+0000] {dagbag.py:541} INFO - Filling up the DagBag from /usr/local/python/3.10.13/lib/python3.10/site-packages/airflow/example_dags/plugins/listener_plugin.py
[2024-06-24T17:07:58.799+0000] {processor.py:838} WARNING - No viable dags retrieved from /usr/local/python/3.10.13/lib/python3.10/site-packages/airflow/example_dags/plugins/listener_plugin.py
[2024-06-24T17:07:58.806+0000] {processor.py:179} INFO - Processing /usr/local/python/3.10.13/lib/python3.10/site-packages/airflow/example_dags/plugins/listener_plugin.py took 0.015 seconds
[2024-06-24T17:08:48.365+0000] {processor.py:157} INFO - Started process (PID=9803) to work on /usr/local/python/3.10.13/lib/python3.10/site-packages/airflow/example_dags/plugins/listener_plugin.py
[2024-06-24T17:08:48.365+0000] {processor.py:826} INFO - Processing file /usr/local/python/3.10.13/lib/python3.10/site-packages/airflow/example_dags/plugins/listener_plugin.py for tasks to queue
[2024-06-24T17:08:48.366+0000] {logging_mixin.py:150} INFO - [2024-06-24T17:08:48.366+0000] {dagbag.py:541} INFO - Filling up the DagBag from /usr/local/python/3.10.13/lib/python3.10/site-packages/airflow/example_dags/plugins/listener_plugin.py
[2024-06-24T17:08:48.368+0000] {processor.py:838} WARNING - No viable dags retrieved from /usr/local/python/3.10.13/lib/python3.10/site-packages/airflow/example_dags/plugins/listener_plugin.py
[2024-06-24T17:08:48.375+0000] {processor.py:179} INFO - Processing /usr/local/python/3.10.13/lib/python3.10/site-packages/airflow/example_dags/plugins/listener_plugin.py took 0.012 seconds
[2024-06-24T17:09:36.440+0000] {processor.py:157} INFO - Started process (PID=10145) to work on /usr/local/python/3.10.13/lib/python3.10/site-packages/airflow/example_dags/plugins/listener_plugin.py
[2024-06-24T17:09:36.440+0000] {processor.py:826} INFO - Processing file /usr/local/python/3.10.13/lib/python3.10/site-packages/airflow/example_dags/plugins/listener_plugin.py for tasks to queue
[2024-06-24T17:09:36.441+0000] {logging_mixin.py:150} INFO - [2024-06-24T17:09:36.441+0000] {dagbag.py:541} INFO - Filling up the DagBag from /usr/local/python/3.10.13/lib/python3.10/site-packages/airflow/example_dags/plugins/listener_plugin.py
[2024-06-24T17:09:36.443+0000] {processor.py:838} WARNING - No viable dags retrieved from /usr/local/python/3.10.13/lib/python3.10/site-packages/airflow/example_dags/plugins/listener_plugin.py
[2024-06-24T17:09:36.450+0000] {processor.py:179} INFO - Processing /usr/local/python/3.10.13/lib/python3.10/site-packages/airflow/example_dags/plugins/listener_plugin.py took 0.012 seconds
[2024-06-24T17:10:31.801+0000] {processor.py:157} INFO - Started process (PID=10522) to work on /usr/local/python/3.10.13/lib/python3.10/site-packages/airflow/example_dags/plugins/listener_plugin.py
[2024-06-24T17:10:31.801+0000] {processor.py:826} INFO - Processing file /usr/local/python/3.10.13/lib/python3.10/site-packages/airflow/example_dags/plugins/listener_plugin.py for tasks to queue
[2024-06-24T17:10:31.802+0000] {logging_mixin.py:150} INFO - [2024-06-24T17:10:31.802+0000] {dagbag.py:541} INFO - Filling up the DagBag from /usr/local/python/3.10.13/lib/python3.10/site-packages/airflow/example_dags/plugins/listener_plugin.py
[2024-06-24T17:10:31.804+0000] {processor.py:838} WARNING - No viable dags retrieved from /usr/local/python/3.10.13/lib/python3.10/site-packages/airflow/example_dags/plugins/listener_plugin.py
[2024-06-24T17:10:31.811+0000] {processor.py:179} INFO - Processing /usr/local/python/3.10.13/lib/python3.10/site-packages/airflow/example_dags/plugins/listener_plugin.py took 0.012 seconds
[2024-06-24T17:11:23.696+0000] {processor.py:157} INFO - Started process (PID=10930) to work on /usr/local/python/3.10.13/lib/python3.10/site-packages/airflow/example_dags/plugins/listener_plugin.py
[2024-06-24T17:11:23.697+0000] {processor.py:826} INFO - Processing file /usr/local/python/3.10.13/lib/python3.10/site-packages/airflow/example_dags/plugins/listener_plugin.py for tasks to queue
[2024-06-24T17:11:23.697+0000] {logging_mixin.py:150} INFO - [2024-06-24T17:11:23.697+0000] {dagbag.py:541} INFO - Filling up the DagBag from /usr/local/python/3.10.13/lib/python3.10/site-packages/airflow/example_dags/plugins/listener_plugin.py
[2024-06-24T17:11:23.699+0000] {processor.py:838} WARNING - No viable dags retrieved from /usr/local/python/3.10.13/lib/python3.10/site-packages/airflow/example_dags/plugins/listener_plugin.py
[2024-06-24T17:11:23.709+0000] {processor.py:179} INFO - Processing /usr/local/python/3.10.13/lib/python3.10/site-packages/airflow/example_dags/plugins/listener_plugin.py took 0.015 seconds
[2024-06-24T17:12:17.617+0000] {processor.py:157} INFO - Started process (PID=11341) to work on /usr/local/python/3.10.13/lib/python3.10/site-packages/airflow/example_dags/plugins/listener_plugin.py
[2024-06-24T17:12:17.617+0000] {processor.py:826} INFO - Processing file /usr/local/python/3.10.13/lib/python3.10/site-packages/airflow/example_dags/plugins/listener_plugin.py for tasks to queue
[2024-06-24T17:12:17.618+0000] {logging_mixin.py:150} INFO - [2024-06-24T17:12:17.618+0000] {dagbag.py:541} INFO - Filling up the DagBag from /usr/local/python/3.10.13/lib/python3.10/site-packages/airflow/example_dags/plugins/listener_plugin.py
[2024-06-24T17:12:17.620+0000] {processor.py:838} WARNING - No viable dags retrieved from /usr/local/python/3.10.13/lib/python3.10/site-packages/airflow/example_dags/plugins/listener_plugin.py
[2024-06-24T17:12:17.627+0000] {processor.py:179} INFO - Processing /usr/local/python/3.10.13/lib/python3.10/site-packages/airflow/example_dags/plugins/listener_plugin.py took 0.013 seconds
[2024-06-24T17:12:58.050+0000] {processor.py:157} INFO - Started process (PID=11656) to work on /usr/local/python/3.10.13/lib/python3.10/site-packages/airflow/example_dags/plugins/listener_plugin.py
[2024-06-24T17:12:58.051+0000] {processor.py:826} INFO - Processing file /usr/local/python/3.10.13/lib/python3.10/site-packages/airflow/example_dags/plugins/listener_plugin.py for tasks to queue
[2024-06-24T17:12:58.052+0000] {logging_mixin.py:150} INFO - [2024-06-24T17:12:58.051+0000] {dagbag.py:541} INFO - Filling up the DagBag from /usr/local/python/3.10.13/lib/python3.10/site-packages/airflow/example_dags/plugins/listener_plugin.py
[2024-06-24T17:12:58.054+0000] {processor.py:838} WARNING - No viable dags retrieved from /usr/local/python/3.10.13/lib/python3.10/site-packages/airflow/example_dags/plugins/listener_plugin.py
[2024-06-24T17:12:58.060+0000] {processor.py:179} INFO - Processing /usr/local/python/3.10.13/lib/python3.10/site-packages/airflow/example_dags/plugins/listener_plugin.py took 0.012 seconds
[2024-06-24T17:13:44.045+0000] {processor.py:157} INFO - Started process (PID=12009) to work on /usr/local/python/3.10.13/lib/python3.10/site-packages/airflow/example_dags/plugins/listener_plugin.py
[2024-06-24T17:13:44.046+0000] {processor.py:826} INFO - Processing file /usr/local/python/3.10.13/lib/python3.10/site-packages/airflow/example_dags/plugins/listener_plugin.py for tasks to queue
[2024-06-24T17:13:44.047+0000] {logging_mixin.py:150} INFO - [2024-06-24T17:13:44.046+0000] {dagbag.py:541} INFO - Filling up the DagBag from /usr/local/python/3.10.13/lib/python3.10/site-packages/airflow/example_dags/plugins/listener_plugin.py
[2024-06-24T17:13:44.049+0000] {processor.py:838} WARNING - No viable dags retrieved from /usr/local/python/3.10.13/lib/python3.10/site-packages/airflow/example_dags/plugins/listener_plugin.py
[2024-06-24T17:13:44.056+0000] {processor.py:179} INFO - Processing /usr/local/python/3.10.13/lib/python3.10/site-packages/airflow/example_dags/plugins/listener_plugin.py took 0.013 seconds
[2024-06-24T17:14:28.874+0000] {processor.py:157} INFO - Started process (PID=12368) to work on /usr/local/python/3.10.13/lib/python3.10/site-packages/airflow/example_dags/plugins/listener_plugin.py
[2024-06-24T17:14:28.875+0000] {processor.py:826} INFO - Processing file /usr/local/python/3.10.13/lib/python3.10/site-packages/airflow/example_dags/plugins/listener_plugin.py for tasks to queue
[2024-06-24T17:14:28.876+0000] {logging_mixin.py:150} INFO - [2024-06-24T17:14:28.875+0000] {dagbag.py:541} INFO - Filling up the DagBag from /usr/local/python/3.10.13/lib/python3.10/site-packages/airflow/example_dags/plugins/listener_plugin.py
[2024-06-24T17:14:28.878+0000] {processor.py:838} WARNING - No viable dags retrieved from /usr/local/python/3.10.13/lib/python3.10/site-packages/airflow/example_dags/plugins/listener_plugin.py
[2024-06-24T17:14:28.885+0000] {processor.py:179} INFO - Processing /usr/local/python/3.10.13/lib/python3.10/site-packages/airflow/example_dags/plugins/listener_plugin.py took 0.013 seconds
[2024-06-24T17:15:16.735+0000] {processor.py:157} INFO - Started process (PID=12726) to work on /usr/local/python/3.10.13/lib/python3.10/site-packages/airflow/example_dags/plugins/listener_plugin.py
[2024-06-24T17:15:16.736+0000] {processor.py:826} INFO - Processing file /usr/local/python/3.10.13/lib/python3.10/site-packages/airflow/example_dags/plugins/listener_plugin.py for tasks to queue
[2024-06-24T17:15:16.736+0000] {logging_mixin.py:150} INFO - [2024-06-24T17:15:16.736+0000] {dagbag.py:541} INFO - Filling up the DagBag from /usr/local/python/3.10.13/lib/python3.10/site-packages/airflow/example_dags/plugins/listener_plugin.py
[2024-06-24T17:15:16.739+0000] {processor.py:838} WARNING - No viable dags retrieved from /usr/local/python/3.10.13/lib/python3.10/site-packages/airflow/example_dags/plugins/listener_plugin.py
[2024-06-24T17:15:16.745+0000] {processor.py:179} INFO - Processing /usr/local/python/3.10.13/lib/python3.10/site-packages/airflow/example_dags/plugins/listener_plugin.py took 0.012 seconds
[2024-06-24T17:16:03.995+0000] {processor.py:157} INFO - Started process (PID=13075) to work on /usr/local/python/3.10.13/lib/python3.10/site-packages/airflow/example_dags/plugins/listener_plugin.py
[2024-06-24T17:16:03.996+0000] {processor.py:826} INFO - Processing file /usr/local/python/3.10.13/lib/python3.10/site-packages/airflow/example_dags/plugins/listener_plugin.py for tasks to queue
[2024-06-24T17:16:03.997+0000] {logging_mixin.py:150} INFO - [2024-06-24T17:16:03.997+0000] {dagbag.py:541} INFO - Filling up the DagBag from /usr/local/python/3.10.13/lib/python3.10/site-packages/airflow/example_dags/plugins/listener_plugin.py
[2024-06-24T17:16:03.999+0000] {processor.py:838} WARNING - No viable dags retrieved from /usr/local/python/3.10.13/lib/python3.10/site-packages/airflow/example_dags/plugins/listener_plugin.py
[2024-06-24T17:16:04.006+0000] {processor.py:179} INFO - Processing /usr/local/python/3.10.13/lib/python3.10/site-packages/airflow/example_dags/plugins/listener_plugin.py took 0.013 seconds
[2024-06-24T17:16:53.820+0000] {processor.py:157} INFO - Started process (PID=13464) to work on /usr/local/python/3.10.13/lib/python3.10/site-packages/airflow/example_dags/plugins/listener_plugin.py
[2024-06-24T17:16:53.820+0000] {processor.py:826} INFO - Processing file /usr/local/python/3.10.13/lib/python3.10/site-packages/airflow/example_dags/plugins/listener_plugin.py for tasks to queue
[2024-06-24T17:16:53.821+0000] {logging_mixin.py:150} INFO - [2024-06-24T17:16:53.821+0000] {dagbag.py:541} INFO - Filling up the DagBag from /usr/local/python/3.10.13/lib/python3.10/site-packages/airflow/example_dags/plugins/listener_plugin.py
[2024-06-24T17:16:53.824+0000] {processor.py:838} WARNING - No viable dags retrieved from /usr/local/python/3.10.13/lib/python3.10/site-packages/airflow/example_dags/plugins/listener_plugin.py
[2024-06-24T17:16:53.830+0000] {processor.py:179} INFO - Processing /usr/local/python/3.10.13/lib/python3.10/site-packages/airflow/example_dags/plugins/listener_plugin.py took 0.013 seconds
[2024-06-24T17:17:43.967+0000] {processor.py:157} INFO - Started process (PID=13819) to work on /usr/local/python/3.10.13/lib/python3.10/site-packages/airflow/example_dags/plugins/listener_plugin.py
[2024-06-24T17:17:43.967+0000] {processor.py:826} INFO - Processing file /usr/local/python/3.10.13/lib/python3.10/site-packages/airflow/example_dags/plugins/listener_plugin.py for tasks to queue
[2024-06-24T17:17:43.968+0000] {logging_mixin.py:150} INFO - [2024-06-24T17:17:43.968+0000] {dagbag.py:541} INFO - Filling up the DagBag from /usr/local/python/3.10.13/lib/python3.10/site-packages/airflow/example_dags/plugins/listener_plugin.py
[2024-06-24T17:17:43.970+0000] {processor.py:838} WARNING - No viable dags retrieved from /usr/local/python/3.10.13/lib/python3.10/site-packages/airflow/example_dags/plugins/listener_plugin.py
[2024-06-24T17:17:43.978+0000] {processor.py:179} INFO - Processing /usr/local/python/3.10.13/lib/python3.10/site-packages/airflow/example_dags/plugins/listener_plugin.py took 0.013 seconds
[2024-06-24T17:18:36.319+0000] {processor.py:157} INFO - Started process (PID=14189) to work on /usr/local/python/3.10.13/lib/python3.10/site-packages/airflow/example_dags/plugins/listener_plugin.py
[2024-06-24T17:18:36.320+0000] {processor.py:826} INFO - Processing file /usr/local/python/3.10.13/lib/python3.10/site-packages/airflow/example_dags/plugins/listener_plugin.py for tasks to queue
[2024-06-24T17:18:36.321+0000] {logging_mixin.py:150} INFO - [2024-06-24T17:18:36.321+0000] {dagbag.py:541} INFO - Filling up the DagBag from /usr/local/python/3.10.13/lib/python3.10/site-packages/airflow/example_dags/plugins/listener_plugin.py
[2024-06-24T17:18:36.323+0000] {processor.py:838} WARNING - No viable dags retrieved from /usr/local/python/3.10.13/lib/python3.10/site-packages/airflow/example_dags/plugins/listener_plugin.py
[2024-06-24T17:18:36.330+0000] {processor.py:179} INFO - Processing /usr/local/python/3.10.13/lib/python3.10/site-packages/airflow/example_dags/plugins/listener_plugin.py took 0.012 seconds
[2024-06-24T17:19:20.305+0000] {processor.py:157} INFO - Started process (PID=14520) to work on /usr/local/python/3.10.13/lib/python3.10/site-packages/airflow/example_dags/plugins/listener_plugin.py
[2024-06-24T17:19:20.306+0000] {processor.py:826} INFO - Processing file /usr/local/python/3.10.13/lib/python3.10/site-packages/airflow/example_dags/plugins/listener_plugin.py for tasks to queue
[2024-06-24T17:19:20.307+0000] {logging_mixin.py:150} INFO - [2024-06-24T17:19:20.306+0000] {dagbag.py:541} INFO - Filling up the DagBag from /usr/local/python/3.10.13/lib/python3.10/site-packages/airflow/example_dags/plugins/listener_plugin.py
[2024-06-24T17:19:20.309+0000] {processor.py:838} WARNING - No viable dags retrieved from /usr/local/python/3.10.13/lib/python3.10/site-packages/airflow/example_dags/plugins/listener_plugin.py
[2024-06-24T17:19:20.315+0000] {processor.py:179} INFO - Processing /usr/local/python/3.10.13/lib/python3.10/site-packages/airflow/example_dags/plugins/listener_plugin.py took 0.012 seconds
[2024-06-24T17:20:14.536+0000] {processor.py:157} INFO - Started process (PID=14915) to work on /usr/local/python/3.10.13/lib/python3.10/site-packages/airflow/example_dags/plugins/listener_plugin.py
[2024-06-24T17:20:14.537+0000] {processor.py:826} INFO - Processing file /usr/local/python/3.10.13/lib/python3.10/site-packages/airflow/example_dags/plugins/listener_plugin.py for tasks to queue
[2024-06-24T17:20:14.537+0000] {logging_mixin.py:150} INFO - [2024-06-24T17:20:14.537+0000] {dagbag.py:541} INFO - Filling up the DagBag from /usr/local/python/3.10.13/lib/python3.10/site-packages/airflow/example_dags/plugins/listener_plugin.py
[2024-06-24T17:20:14.540+0000] {processor.py:838} WARNING - No viable dags retrieved from /usr/local/python/3.10.13/lib/python3.10/site-packages/airflow/example_dags/plugins/listener_plugin.py
[2024-06-24T17:20:14.551+0000] {processor.py:179} INFO - Processing /usr/local/python/3.10.13/lib/python3.10/site-packages/airflow/example_dags/plugins/listener_plugin.py took 0.017 seconds
[2024-06-24T17:20:54.270+0000] {processor.py:157} INFO - Started process (PID=15187) to work on /usr/local/python/3.10.13/lib/python3.10/site-packages/airflow/example_dags/plugins/listener_plugin.py
[2024-06-24T17:20:54.270+0000] {processor.py:826} INFO - Processing file /usr/local/python/3.10.13/lib/python3.10/site-packages/airflow/example_dags/plugins/listener_plugin.py for tasks to queue
[2024-06-24T17:20:54.271+0000] {logging_mixin.py:150} INFO - [2024-06-24T17:20:54.271+0000] {dagbag.py:541} INFO - Filling up the DagBag from /usr/local/python/3.10.13/lib/python3.10/site-packages/airflow/example_dags/plugins/listener_plugin.py
[2024-06-24T17:20:54.273+0000] {processor.py:838} WARNING - No viable dags retrieved from /usr/local/python/3.10.13/lib/python3.10/site-packages/airflow/example_dags/plugins/listener_plugin.py
[2024-06-24T17:20:54.280+0000] {processor.py:179} INFO - Processing /usr/local/python/3.10.13/lib/python3.10/site-packages/airflow/example_dags/plugins/listener_plugin.py took 0.012 seconds
[2024-06-24T17:21:48.101+0000] {processor.py:157} INFO - Started process (PID=15580) to work on /usr/local/python/3.10.13/lib/python3.10/site-packages/airflow/example_dags/plugins/listener_plugin.py
[2024-06-24T17:21:48.102+0000] {processor.py:826} INFO - Processing file /usr/local/python/3.10.13/lib/python3.10/site-packages/airflow/example_dags/plugins/listener_plugin.py for tasks to queue
[2024-06-24T17:21:48.103+0000] {logging_mixin.py:150} INFO - [2024-06-24T17:21:48.102+0000] {dagbag.py:541} INFO - Filling up the DagBag from /usr/local/python/3.10.13/lib/python3.10/site-packages/airflow/example_dags/plugins/listener_plugin.py
[2024-06-24T17:21:48.105+0000] {processor.py:838} WARNING - No viable dags retrieved from /usr/local/python/3.10.13/lib/python3.10/site-packages/airflow/example_dags/plugins/listener_plugin.py
[2024-06-24T17:21:48.111+0000] {processor.py:179} INFO - Processing /usr/local/python/3.10.13/lib/python3.10/site-packages/airflow/example_dags/plugins/listener_plugin.py took 0.012 seconds
[2024-06-24T17:22:37.381+0000] {processor.py:157} INFO - Started process (PID=15927) to work on /usr/local/python/3.10.13/lib/python3.10/site-packages/airflow/example_dags/plugins/listener_plugin.py
[2024-06-24T17:22:37.382+0000] {processor.py:826} INFO - Processing file /usr/local/python/3.10.13/lib/python3.10/site-packages/airflow/example_dags/plugins/listener_plugin.py for tasks to queue
[2024-06-24T17:22:37.383+0000] {logging_mixin.py:150} INFO - [2024-06-24T17:22:37.383+0000] {dagbag.py:541} INFO - Filling up the DagBag from /usr/local/python/3.10.13/lib/python3.10/site-packages/airflow/example_dags/plugins/listener_plugin.py
[2024-06-24T17:22:37.385+0000] {processor.py:838} WARNING - No viable dags retrieved from /usr/local/python/3.10.13/lib/python3.10/site-packages/airflow/example_dags/plugins/listener_plugin.py
[2024-06-24T17:22:37.397+0000] {processor.py:179} INFO - Processing /usr/local/python/3.10.13/lib/python3.10/site-packages/airflow/example_dags/plugins/listener_plugin.py took 0.018 seconds
[2024-06-24T17:23:32.191+0000] {processor.py:157} INFO - Started process (PID=16303) to work on /usr/local/python/3.10.13/lib/python3.10/site-packages/airflow/example_dags/plugins/listener_plugin.py
[2024-06-24T17:23:32.194+0000] {processor.py:826} INFO - Processing file /usr/local/python/3.10.13/lib/python3.10/site-packages/airflow/example_dags/plugins/listener_plugin.py for tasks to queue
[2024-06-24T17:23:32.195+0000] {logging_mixin.py:150} INFO - [2024-06-24T17:23:32.195+0000] {dagbag.py:541} INFO - Filling up the DagBag from /usr/local/python/3.10.13/lib/python3.10/site-packages/airflow/example_dags/plugins/listener_plugin.py
[2024-06-24T17:23:32.201+0000] {processor.py:838} WARNING - No viable dags retrieved from /usr/local/python/3.10.13/lib/python3.10/site-packages/airflow/example_dags/plugins/listener_plugin.py
[2024-06-24T17:23:32.212+0000] {processor.py:179} INFO - Processing /usr/local/python/3.10.13/lib/python3.10/site-packages/airflow/example_dags/plugins/listener_plugin.py took 0.030 seconds
[2024-06-24T17:24:21.328+0000] {processor.py:157} INFO - Started process (PID=16652) to work on /usr/local/python/3.10.13/lib/python3.10/site-packages/airflow/example_dags/plugins/listener_plugin.py
[2024-06-24T17:24:21.328+0000] {processor.py:826} INFO - Processing file /usr/local/python/3.10.13/lib/python3.10/site-packages/airflow/example_dags/plugins/listener_plugin.py for tasks to queue
[2024-06-24T17:24:21.329+0000] {logging_mixin.py:150} INFO - [2024-06-24T17:24:21.329+0000] {dagbag.py:541} INFO - Filling up the DagBag from /usr/local/python/3.10.13/lib/python3.10/site-packages/airflow/example_dags/plugins/listener_plugin.py
[2024-06-24T17:24:21.331+0000] {processor.py:838} WARNING - No viable dags retrieved from /usr/local/python/3.10.13/lib/python3.10/site-packages/airflow/example_dags/plugins/listener_plugin.py
[2024-06-24T17:24:21.339+0000] {processor.py:179} INFO - Processing /usr/local/python/3.10.13/lib/python3.10/site-packages/airflow/example_dags/plugins/listener_plugin.py took 0.014 seconds
[2024-06-24T17:25:17.070+0000] {processor.py:157} INFO - Started process (PID=17027) to work on /usr/local/python/3.10.13/lib/python3.10/site-packages/airflow/example_dags/plugins/listener_plugin.py
[2024-06-24T17:25:17.071+0000] {processor.py:826} INFO - Processing file /usr/local/python/3.10.13/lib/python3.10/site-packages/airflow/example_dags/plugins/listener_plugin.py for tasks to queue
[2024-06-24T17:25:17.071+0000] {logging_mixin.py:150} INFO - [2024-06-24T17:25:17.071+0000] {dagbag.py:541} INFO - Filling up the DagBag from /usr/local/python/3.10.13/lib/python3.10/site-packages/airflow/example_dags/plugins/listener_plugin.py
[2024-06-24T17:25:17.073+0000] {processor.py:838} WARNING - No viable dags retrieved from /usr/local/python/3.10.13/lib/python3.10/site-packages/airflow/example_dags/plugins/listener_plugin.py
[2024-06-24T17:25:17.080+0000] {processor.py:179} INFO - Processing /usr/local/python/3.10.13/lib/python3.10/site-packages/airflow/example_dags/plugins/listener_plugin.py took 0.012 seconds
[2024-06-24T17:26:06.722+0000] {processor.py:157} INFO - Started process (PID=17376) to work on /usr/local/python/3.10.13/lib/python3.10/site-packages/airflow/example_dags/plugins/listener_plugin.py
[2024-06-24T17:26:06.722+0000] {processor.py:826} INFO - Processing file /usr/local/python/3.10.13/lib/python3.10/site-packages/airflow/example_dags/plugins/listener_plugin.py for tasks to queue
[2024-06-24T17:26:06.723+0000] {logging_mixin.py:150} INFO - [2024-06-24T17:26:06.723+0000] {dagbag.py:541} INFO - Filling up the DagBag from /usr/local/python/3.10.13/lib/python3.10/site-packages/airflow/example_dags/plugins/listener_plugin.py
[2024-06-24T17:26:06.725+0000] {processor.py:838} WARNING - No viable dags retrieved from /usr/local/python/3.10.13/lib/python3.10/site-packages/airflow/example_dags/plugins/listener_plugin.py
[2024-06-24T17:26:06.732+0000] {processor.py:179} INFO - Processing /usr/local/python/3.10.13/lib/python3.10/site-packages/airflow/example_dags/plugins/listener_plugin.py took 0.012 seconds
[2024-06-24T17:26:54.031+0000] {processor.py:157} INFO - Started process (PID=17716) to work on /usr/local/python/3.10.13/lib/python3.10/site-packages/airflow/example_dags/plugins/listener_plugin.py
[2024-06-24T17:26:54.031+0000] {processor.py:826} INFO - Processing file /usr/local/python/3.10.13/lib/python3.10/site-packages/airflow/example_dags/plugins/listener_plugin.py for tasks to queue
[2024-06-24T17:26:54.032+0000] {logging_mixin.py:150} INFO - [2024-06-24T17:26:54.032+0000] {dagbag.py:541} INFO - Filling up the DagBag from /usr/local/python/3.10.13/lib/python3.10/site-packages/airflow/example_dags/plugins/listener_plugin.py
[2024-06-24T17:26:54.034+0000] {processor.py:838} WARNING - No viable dags retrieved from /usr/local/python/3.10.13/lib/python3.10/site-packages/airflow/example_dags/plugins/listener_plugin.py
[2024-06-24T17:26:54.041+0000] {processor.py:179} INFO - Processing /usr/local/python/3.10.13/lib/python3.10/site-packages/airflow/example_dags/plugins/listener_plugin.py took 0.013 seconds
[2024-06-24T17:27:48.433+0000] {processor.py:157} INFO - Started process (PID=18090) to work on /usr/local/python/3.10.13/lib/python3.10/site-packages/airflow/example_dags/plugins/listener_plugin.py
[2024-06-24T17:27:48.434+0000] {processor.py:826} INFO - Processing file /usr/local/python/3.10.13/lib/python3.10/site-packages/airflow/example_dags/plugins/listener_plugin.py for tasks to queue
[2024-06-24T17:27:48.434+0000] {logging_mixin.py:150} INFO - [2024-06-24T17:27:48.434+0000] {dagbag.py:541} INFO - Filling up the DagBag from /usr/local/python/3.10.13/lib/python3.10/site-packages/airflow/example_dags/plugins/listener_plugin.py
[2024-06-24T17:27:48.436+0000] {processor.py:838} WARNING - No viable dags retrieved from /usr/local/python/3.10.13/lib/python3.10/site-packages/airflow/example_dags/plugins/listener_plugin.py
[2024-06-24T17:27:48.443+0000] {processor.py:179} INFO - Processing /usr/local/python/3.10.13/lib/python3.10/site-packages/airflow/example_dags/plugins/listener_plugin.py took 0.013 seconds
[2024-06-24T17:28:43.182+0000] {processor.py:157} INFO - Started process (PID=18462) to work on /usr/local/python/3.10.13/lib/python3.10/site-packages/airflow/example_dags/plugins/listener_plugin.py
[2024-06-24T17:28:43.183+0000] {processor.py:826} INFO - Processing file /usr/local/python/3.10.13/lib/python3.10/site-packages/airflow/example_dags/plugins/listener_plugin.py for tasks to queue
[2024-06-24T17:28:43.184+0000] {logging_mixin.py:150} INFO - [2024-06-24T17:28:43.184+0000] {dagbag.py:541} INFO - Filling up the DagBag from /usr/local/python/3.10.13/lib/python3.10/site-packages/airflow/example_dags/plugins/listener_plugin.py
[2024-06-24T17:28:43.186+0000] {processor.py:838} WARNING - No viable dags retrieved from /usr/local/python/3.10.13/lib/python3.10/site-packages/airflow/example_dags/plugins/listener_plugin.py
[2024-06-24T17:28:43.193+0000] {processor.py:179} INFO - Processing /usr/local/python/3.10.13/lib/python3.10/site-packages/airflow/example_dags/plugins/listener_plugin.py took 0.013 seconds
[2024-06-24T17:29:35.705+0000] {processor.py:157} INFO - Started process (PID=18843) to work on /usr/local/python/3.10.13/lib/python3.10/site-packages/airflow/example_dags/plugins/listener_plugin.py
[2024-06-24T17:29:35.706+0000] {processor.py:826} INFO - Processing file /usr/local/python/3.10.13/lib/python3.10/site-packages/airflow/example_dags/plugins/listener_plugin.py for tasks to queue
[2024-06-24T17:29:35.707+0000] {logging_mixin.py:150} INFO - [2024-06-24T17:29:35.706+0000] {dagbag.py:541} INFO - Filling up the DagBag from /usr/local/python/3.10.13/lib/python3.10/site-packages/airflow/example_dags/plugins/listener_plugin.py
[2024-06-24T17:29:35.709+0000] {processor.py:838} WARNING - No viable dags retrieved from /usr/local/python/3.10.13/lib/python3.10/site-packages/airflow/example_dags/plugins/listener_plugin.py
[2024-06-24T17:29:35.716+0000] {processor.py:179} INFO - Processing /usr/local/python/3.10.13/lib/python3.10/site-packages/airflow/example_dags/plugins/listener_plugin.py took 0.014 seconds
[2024-06-24T17:30:27.115+0000] {processor.py:157} INFO - Started process (PID=19194) to work on /usr/local/python/3.10.13/lib/python3.10/site-packages/airflow/example_dags/plugins/listener_plugin.py
[2024-06-24T17:30:27.115+0000] {processor.py:826} INFO - Processing file /usr/local/python/3.10.13/lib/python3.10/site-packages/airflow/example_dags/plugins/listener_plugin.py for tasks to queue
[2024-06-24T17:30:27.116+0000] {logging_mixin.py:150} INFO - [2024-06-24T17:30:27.116+0000] {dagbag.py:541} INFO - Filling up the DagBag from /usr/local/python/3.10.13/lib/python3.10/site-packages/airflow/example_dags/plugins/listener_plugin.py
[2024-06-24T17:30:27.118+0000] {processor.py:838} WARNING - No viable dags retrieved from /usr/local/python/3.10.13/lib/python3.10/site-packages/airflow/example_dags/plugins/listener_plugin.py
[2024-06-24T17:30:27.125+0000] {processor.py:179} INFO - Processing /usr/local/python/3.10.13/lib/python3.10/site-packages/airflow/example_dags/plugins/listener_plugin.py took 0.013 seconds
[2024-06-24T17:31:20.549+0000] {processor.py:157} INFO - Started process (PID=19565) to work on /usr/local/python/3.10.13/lib/python3.10/site-packages/airflow/example_dags/plugins/listener_plugin.py
[2024-06-24T17:31:20.549+0000] {processor.py:826} INFO - Processing file /usr/local/python/3.10.13/lib/python3.10/site-packages/airflow/example_dags/plugins/listener_plugin.py for tasks to queue
[2024-06-24T17:31:20.550+0000] {logging_mixin.py:150} INFO - [2024-06-24T17:31:20.550+0000] {dagbag.py:541} INFO - Filling up the DagBag from /usr/local/python/3.10.13/lib/python3.10/site-packages/airflow/example_dags/plugins/listener_plugin.py
[2024-06-24T17:31:20.552+0000] {processor.py:838} WARNING - No viable dags retrieved from /usr/local/python/3.10.13/lib/python3.10/site-packages/airflow/example_dags/plugins/listener_plugin.py
[2024-06-24T17:31:20.559+0000] {processor.py:179} INFO - Processing /usr/local/python/3.10.13/lib/python3.10/site-packages/airflow/example_dags/plugins/listener_plugin.py took 0.013 seconds
